951561332   5903711174953618
3   137288
60   1557932
189   5102516
256   7207220
256   6408744
256   6658680
4   149268
256   7186544
256   6456132
256   7419400
256   7467432
256   7328372
256   7042588
256   6948796
256   6905624
256   6616228
256   6243956
256   7058996
256   6903892
256   6627604
256   6696532
256   7053484
256   6694536
256   7315844
256   7568188
256   7400160
256   7036328
256   6914256
256   6554024
256   6569684
256   7036188
256   7090756
256   7318768
256   6465364
256   6848524
256   6914948
256   7160852
256   6460776
256   6576004
256   7341652
256   6693356
256   7129772
256   6693092
256   6694012
256   7344896
256   7007324
256   7188500
256   7007992
256   6729040
256   6744604
256   7596320
256   7733712
256   9487712
256   9022292
256   9153444
256   9061056
256   9631508
256   9094804
256   9256348
256   8619552
256   9489364
256   9629808
256   8477976
256   9157608
256   9340148
256   9582588
256   9700248
256   9538532
256   8861600
256   9541200
256   9342320
256   9992980
256   9534512
256   9056932
256   9467780
256   9502276
256   9242692
256   9531464
256   9633440
256   8592632
256   9220484
256   8611924
256   9068200
256   9327216
256   9026356
256   8165864
256   9093312
256   9653320
256   9191244
256   9635680
256   9449444
256   10632004
256   9224460
256   8748876
256   9223096
256   9761404
256   9761248
256   9494152
256   8642164
256   9565744
256   9067492
256   9038468
256   9324872
256   9404148
256   9359352
256   9302292
256   9406552
256   8603996
256   9441184
256   9242068
256   9376800
256   9280664
256   9480424
256   9206452
256   9260328
256   9032032
256   9802536
256   9667520
256   8822132
256   9107048
256   9556516
256   9370716
256   9471808
256   9958240
256   9491408
256   9256652
256   9160120
256   9625640
256   8770908
256   9732804
256   9566020
256   9411768
256   9519676
256   8687384
256   8633456
256   9049584
256   9259524
256   9515548
256   9343404
256   10004768
256   9551336
256   9306712
256   9904924
256   9481644
256   9089772
256   9483468
256   9672708
256   9126640
256   8968776
256   9472916
256   8946884
256   9563404
256   9280900
256   9387016
256   8255256
256   8724776
256   9138404
256   9541720
256   8850008
256   9445624
256   9302628
256   9153660
256   9088708
256   9095508
256   9931000
256   9665168
256   9281140
256   9213560
256   9928668
256   9591504
256   8700088
256   8737524
256   9398872
256   8914788
256   9087432
256   9454036
256   8880976
256   8941976
256   9231616
256   9203596
256   9261236
256   9087780
256   8863708
256   9021472
256   9086216
256   9174700
256   9245728
256   8810608
256   9195280
256   9313804
256   9680328
256   9165012
256   9299608
256   9104956
256   9192828
256   9152796
256   8360508
256   8816944
256   8788984
256   9285028
256   10230780
256   9579916
256   8980748
256   9892188
256   9147396
256   8935360
256   9305172
256   8682024
256   8993740
256   8896736
256   9255472
256   9354832
256   8849508
256   9273700
256   9015592
256   8420820
256   9192192
256   8962320
256   8914288
256   9471360
256   8415024
256   9226768
256   9235732
256   9269456
256   9500748
256   9040064
256   8800036
256   8770600
256   9058292
256   9688624
256   8639064
256   8989844
256   9590476
256   9408992
256   9429488
256   9305776
256   8647280
256   9479716
256   8871472
256   9181932
256   9006784
256   8990968
256   9096868
256   9014632
256   9570672
256   9261276
256   9473072
256   8212084
256   10473228
256   8972020
256   9276512
256   9811068
256   9160080
256   9093724
256   9682896
256   9411460
256   8697104
256   8780824
256   9426144
256   9421060
256   8888768
256   9871140
256   9246552
256   8834136
256   9356024
256   9308228
256   9801512
256   8932828
256   8762808
256   9141688
256   9381988
256   8979968
256   9197680
256   9491484
256   8898776
256   8723976
256   8898532
256   9819252
256   9103248
256   9542320
256   8952388
256   8877048
256   8929956
256   9798684
256   9492412
256   9101772
256   9169140
256   8607168
256   9586212
256   9279336
256   9222072
256   9585252
256   10178604
256   9660476
256   9349936
256   9570620
256   9675732
256   8840100
256   8908536
256   9175924
256   9244652
256   9172384
256   9969284
256   9716880
256   9346788
256   8925868
256   8698132
256   8481260
256   9024184
256   8755596
256   9172652
256   9603104
256   9390436
256   9956624
256   9027676
256   9399156
256   9302052
256   9379820
256   9776812
256   9265604
256   8887672
256   8962432
256   8734048
256   9255740
256   9755572
256   9056860
256   9130988
256   9272708
256   9386452
256   9151496
256   9505436
256   9205132
256   8842856
256   9449840
256   9131412
256   9814148
256   8918756
256   9010440
256   9044964
256   8815992
256   8605984
256   8521148
256   9173792
256   9759708
256   8900440
256   8564444
256   8991612
256   9146436
256   8953716
256   9413864
256   9322856
256   9283040
256   8835888
256   8831680
256   8997004
256   9299548
256   8878224
256   9756080
256   9017124
256   9326196
256   9333780
256   8438968
256   9274540
256   9186292
256   9318084
256   9483736
256   9418472
256   9459468
256   9583548
256   9356900
256   9159780
256   9343216
256   9493324
256   9181812
256   9213068
256   9369852
256   9156600
256   9829188
256   8882700
256   8876116
256   8959088
256   9521256
256   9229564
256   8998424
256   8772556
256   9321708
256   9262348
256   9969664
256   8856588
256   9335008
256   9398276
256   9815112
256   9098152
256   8801596
256   9535504
256   9580664
256   9142452
256   9015888
256   9558720
256   9370068
256   9458800
256   8449652
256   9553076
256   8956424
256   9374160
256   8468352
256   8632984
256   10245120
256   8933700
256   9247980
256   9226944
256   9308488
256   9302008
256   9577236
256   9405232
256   9496408
256   9153668
256   9350080
256   9038840
256   9267740
256   8136472
256   9349112
256   9768460
256   9804620
256   9531352
256   9260256
256   9430288
256   9530244
256   9318240
256   9041508
256   9264944
256   9343496
256   9055892
256   9589692
256   9032792
256   8919144
256   9163916
256   9579828
256   9351716
256   9899392
256   8967384
256   9587500
256   9628992
256   9363340
256   9410808
256   9200632
256   9263424
256   9279256
256   8865972
256   9088556
256   9356692
256   9111624
256   8768780
256   9895112
256   8981104
256   9126688
256   9579864
256   8826460
256   9131760
256   9101824
256   8897216
256   9577692
256   9535016
256   8579576
256   9083988
256   9732020
256   9705968
256   9186716
256   9838344
256   9065692
256   8789760
256   9297472
256   9293820
256   9475320
256   9037648
256   9163440
256   8880692
256   9573964
256   9151440
256   9208508
256   9128716
256   8729536
256   9853768
256   8546160
256   8758228
256   9635644
256   8938208
256   8695228
256   9605060
256   10380428
256   9401352
256   8759428
256   9582920
256   8920612
256   9292184
256   9349416
256   8702928
256   9072460
256   9125488
256   9395940
256   9439016
256   9992732
256   8669760
256   9051336
256   8988724
256   9159396
256   8931520
256   9281124
256   9535140
256   9608108
256   8941148
256   8971324
256   8411788
256   9040436
256   8977068
256   8759768
256   9874532
256   8705080
256   9132812
256   9711020
256   8883040
256   9168224
256   9218396
256   9148472
256   9331848
256   9934176
256   9087656
256   9036748
256   9563016
256   9696796
256   8864712
256   9432348
256   8881860
256   8978536
256   8981344
256   8883816
256   9776672
256   9263688
256   9674856
256   9604812
256   9361984
256   9071804
256   8702884
256   9001748
256   9309960
256   9927304
256   8862636
256   8558560
256   9388400
256   9521204
256   8904096
256   9239028
256   9372996
256   8948992
256   9219568
256   9874900
256   9372416
256   9489492
256   9255576
256   9439460
256   9287328
256   9141796
256   8565732
256   9240988
256   9205876
256   8917472
256   9082872
256   9832084
256   9503484
256   8765604
256   9412044
256   9037780
256   9447416
256   8901756
256   8945700
256   9135896
256   9296232
256   8728996
256   8831496
256   9206924
256   8686672
256   8984584
256   10203032
256   9386120
256   8814924
256   9263384
256   9649608
256   9259484
256   9530016
256   9000984
256   9488936
256   9342004
256   9134764
256   9510160
256   9414508
256   8509784
256   9160064
256   8878868
256   9691568
256   8628904
256   9478680
256   9434952
256   8981648
256   9152060
256   9133380
256   9276756
256   9606132
256   9354004
256   9429100
256   9109452
256   9517420
256   9800176
256   9230092
256   9236960
256   9247092
256   9556416
256   9495536
256   9423968
256   9627752
256   8967036
256   9144680
256   8920748
256   9247856
256   9375812
256   9387116
256   9273364
256   9508900
256   9450512
256   9018144
256   9898808
256   9597304
256   9067468
256   9211036
256   9589380
256   9704408
256   9457488
256   9260768
256   9424912
256   8879052
256   9296508
256   9444856
256   9598376
256   9489240
256   9489352
256   9194964
256   9558776
256   9640084
256   8998848
256   9298372
256   9569576
256   9343952
256   9027208
256   9039332
256   9349188
256   8586108
256   9404692
256   8894896
256   9059260
256   8275396
256   9369848
256   9087828
256   10242468
256   9637460
256   8975484
256   9313880
256   8900924
256   9587248
256   9109008
256   9009208
256   8966856
256   9136060
256   9515436
256   8289648
256   8675996
256   9613224
256   8725736
256   9293696
256   9188792
256   9209764
256   9186844
256   9238700
256   9631076
256   9271112
256   8640816
256   9289160
256   9065764
256   9008372
256   9157940
256   9354108
256   8102628
256   9941156
256   10441620
256   9387712
256   9584504
256   8678040
256   9444400
256   9781092
256   9557108
256   9475448
256   8984900
256   9445492
256   8928036
256   9189860
256   8844568
256   9050464
256   8657236
256   9834956
256   8940800
256   9175936
256   9444452
256   8885088
256   9236228
256   9306352
256   8708148
256   9138788
256   9196600
256   8971856
256   8776440
256   8735344
256   8899592
256   8857200
256   9228908
256   8650696
256   9490744
256   9174544
256   8891660
256   9342140
256   9514736
256   9422972
256   8708004
256   9343064
256   9094288
256   9204188
256   9610252
256   9238428
256   8800884
256   9026300
256   9002412
256   9801772
256   9474740
256   9058368
256   9415340
256   8865348
256   9275736
256   9773796
256   8684504
256   9211484
256   9743272
256   9227364
256   8974240
256   9522300
256   9708232
256   9453964
256   9128008
256   9470076
256   8728604
256   9390432
256   9931972
256   8995280
256   8870480
256   9703956
256   8832408
256   9219772
256   9500896
256   9500488
256   9507784
256   9256952
256   9450396
256   8992960
256   9439368
256   9130752
256   9161016
256   9023760
256   8480844
256   8973344
256   9135240
256   9209284
256   9663244
256   8691992
256   9307740
256   9774984
256   9214820
256   8929204
256   8972112
256   9313936
256   9438412
256   9015892
256   8978148
256   9235076
256   9503920
256   9082244
256   8712324
256   9032396
256   9303932
256   9326252
256   8886568
256   8903620
256   9040864
256   9086052
256   9602152
256   9548688
256   9306764
256   8916712
256   9380604
256   8834096
256   9065192
256   8668648
256   9722088
256   9171804
256   9261980
256   8950320
256   9254128
256   9102636
256   9470264
256   9464948
256   9278152
256   9590572
256   9151004
256   9532480
256   9000244
256   9372852
256   9265416
256   8945144
256   9136768
256   9005120
256   9128356
256   9015304
256   8746500
256   9181276
256   9414044
256   8832080
256   8919620
256   8982500
256   8811780
256   9408948
256   9741764
256   9024936
256   8883164
256   9091228
256   8747028
256   9881764
256   9057868
256   8938080
256   9199332
256   8774448
256   8992864
256   8839512
256   9205500
256   9129528
256   9203012
256   9414044
256   9541560
256   9145236
256   8783396
256   9252316
256   8976388
256   9636096
256   9028124
256   9639060
256   9521612
256   9197204
256   9655588
256   9119824
256   8628372
256   9037568
256   9645984
256   8564208
256   9636512
256   9404196
256   9574476
256   9311680
256   8898120
256   9326696
256   8953324
256   9561016
256   8744412
256   9409988
256   9504080
256   9014024
256   8768048
256   9092680
256   9167324
256   9330816
256   9462000
256   8767596
256   9137844
256   9799536
256   9615220
256   9907244
256   8993312
256   9473900
256   9383828
256   8833472
256   8894020
256   8913940
256   9253380
256   9619808
256   9874540
256   9191680
256   9082288
256   8848260
256   8670576
256   9759616
256   8755708
256   9007832
256   8372216
256   9206712
256   9032712
256   9875004
256   9028376
256   9712044
256   8677600
256   8804956
256   9174008
256   9206172
256   8840568
256   9640300
256   8780832
256   9124216
256   9169008
256   10004524
256   9008044
256   8272396
256   9384960
256   9339344
256   9416364
256   8849908
256   9246084
256   9357680
256   9608576
256   8880664
256   8909716
256   9588664
256   9147720
256   9055984
256   8673544
256   9206416
256   9294844
256   8923940
256   8720360
256   8768672
256   9215804
256   9012844
256   9334704
256   9692820
256   8991124
256   9757336
256   9437116
256   8733756
256   9422512
256   9062440
256   9216580
256   9278848
256   10052324
256   9148060
256   8890300
256   9429568
256   8791684
256   8947732
256   9291712
256   9562104
256   8958012
256   8883512
256   9135216
256   9472012
256   8979912
256   9524308
256   9065088
256   9462072
256   8487808
256   9010992
256   9553352
256   9613280
256   9063176
256   9428944
256   9061584
256   9311428
256   8652244
256   9286212
256   8278328
256   9442144
256   9238904
256   8807776
256   9948240
256   9146228
256   8425724
256   9115364
256   9203280
256   9548264
256   10277236
256   9153000
256   8718648
256   9243360
256   9182120
256   9352184
256   9507700
256   9074560
256   9330796
256   9636068
256   9249840
256   9347048
256   9265028
256   9245940
256   9290124
256   9799612
256   9191232
256   9223732
256   9187860
256   9041360
256   8883236
256   9137696
256   9300532
256   8715932
256   8685424
256   9564008
256   9832196
256   9020756
256   9325204
256   8734044
256   9555028
256   8837212
256   9080316
256   9232696
256   9047784
256   8940276
256   9558628
256   9085416
256   9159800
256   9066348
256   8768712
256   9360684
256   9236204
256   9235720
256   9196836
256   9329732
256   9551684
256   9371376
256   9367252
256   9212828
256   9420724
256   8940764
256   8994244
256   9287132
256   9494276
256   8091060
256   9107196
256   9671640
256   8999812
256   9194124
256   9017900
256   8938744
256   8723252
256   8963596
256   8729548
256   9693684
256   9289328
256   9043208
256   9068032
256   9473112
256   8861076
256   9040772
256   9517116
256   9157064
256   9236584
256   9013300
256   8732432
256   9392912
256   9020468
256   9096556
256   9595976
256   8845088
256   9217056
256   8839392
256   9550404
256   9496268
256   8917544
256   9355756
256   9091408
256   9267952
256   8705624
256   9335224
256   9062300
256   9543836
256   8857476
256   8644232
256   9230408
256   9279644
256   9651480
256   9242176
256   9552640
256   8816196
256   9096200
256   9300096
256   9081960
256   9012676
256   9527312
256   8358816
256   8780636
256   9049996
256   9720652
256   8971480
256   9149140
256   8676740
256   9194996
256   9012556
256   9251028
256   9021844
256   9402240
256   9877036
256   9385944
256   8841112
256   9300916
256   9607108
256   9146992
256   8876068
256   8753268
256   9518480
256   9009272
256   9015652
256   8624332
256   8983564
256   8500572
256   9436080
256   9239140
256   8460364
256   9005192
256   9280776
256   8758600
256   8965984
256   9517668
256   8980344
256   9561552
256   8087788
256   9093192
256   8970496
256   9215084
256   9099992
256   9376244
256   9313964
256   9167364
256   8876044
256   9178952
256   8914204
256   9767848
256   9288400
256   8781500
256   9316660
256   9604832
256   8968820
256   8609488
256   9330672
256   9052752
256   8740240
256   8882380
256   9456064
256   9203636
256   9482240
256   8883768
256   9310060
256   9384104
256   9386868
256   9148180
256   8830196
256   8950720
256   8950568
256   10124472
256   9255076
256   9359260
256   8604784
256   9316624
256   8992144
256   8889304
256   9595092
256   9220996
256   9799592
256   8658316
256   9425476
256   8641092
256   9488728
256   8845620
256   9087200
256   9121832
256   8793844
256   9102324
256   9539240
256   9058904
256   8960912
256   8713536
256   8937032
256   9052488
256   8713424
256   9347476
256   8801788
256   9141684
256   8897152
256   9557756
256   9271320
256   8653840
256   9294784
256   10034896
256   9099264
256   9107856
256   9129128
256   8917136
256   8835776
256   9274540
256   9460408
256   9291600
256   9647848
256   9285480
256   9381820
256   9465776
256   9667844
256   9602496
256   9002256
256   9393372
256   8833300
256   9130424
256   9407680
256   8904644
256   9245560
256   8964572
256   9252020
256   9069968
256   9194460
256   9065436
256   9399704
256   9437936
256   9245764
256   9229392
256   9503428
256   9496452
256   9239416
256   8988580
256   9103540
256   9745772
256   9094020
256   9333880
256   8920076
256   9315688
256   8725676
256   9459208
256   9290768
256   9573104
256   9101172
256   9526716
256   8819008
256   9301972
256   8590140
256   9145064
256   9609456
256   9821476
256   9237956
256   9122180
256   9419480
256   9371112
256   9502256
256   9588684
256   9285900
256   9704840
256   9566600
256   9433144
256   9616084
256   9128892
256   9086440
256   9652724
256   9126152
256   9117352
256   9298924
256   9017588
256   9234764
256   9722088
256   9694568
256   9029768
256   9240512
256   9008152
256   9076028
256   9323888
256   9304128
256   8692492
256   8910572
256   9410324
256   9476936
256   8886060
256   9016952
256   9251448
256   8696184
256   9640132
256   9082524
256   9025076
256   9021500
256   9109092
256   9641168
256   9524924
256   8912320
256   8963072
256   9316232
256   9405540
256   8614076
256   9191780
256   8698704
256   9359168
256   8733600
256   9409136
256   9539552
256   9748432
256   9786860
256   9647708
256   9184976
256   8888076
256   8490188
256   9472356
256   9522024
256   9409188
256   9513912
256   8973692
256   8922760
256   9422064
256   8949676
256   9125792
256   9485292
256   9152024
256   9148508
256   8885684
256   9457080
256   8808856
256   8569864
256   9287396
256   9032216
256   10026408
256   9241336
256   8992444
256   8923136
256   9200400
256   9703868
256   8577288
256   8986164
256   9380084
256   8836216
256   9317084
256   8964196
256   9158260
256   9135328
256   8851320
256   9499364
256   9431740
256   9062792
256   9726676
256   9233164
256   8996724
256   9188332
256   8926528
256   9056348
256   8803096
256   9017032
256   9560800
256   8407164
256   9506916
256   9587828
256   9532196
256   8945876
256   9020856
256   10425268
256   9765144
256   8997924
256   9052992
256   9434276
256   9588048
256   9112264
256   8967072
256   9868564
256   9643424
256   9404076
256   9033960
256   9309252
256   9145332
256   9655336
256   8901444
256   9299348
256   9456020
256   9490584
256   9702992
256   9420732
256   8883556
256   9115040
256   8974468
256   9513368
256   9095500
256   9139288
256   9659016
256   8850044
256   9500932
256   9795136
256   9965176
256   8908964
256   9734816
256   9320808
256   9654724
256   8617084
256   9195780
256   9256416
256   8736692
256   8745280
256   9104416
256   9368740
256   9208376
256   8846696
256   9260620
256   9003484
256   9018388
256   8978644
256   9266812
256   8947912
256   9509532
256   9802912
256   9128328
256   8697560
256   8970920
256   9214464
256   9381456
256   9111712
256   8690200
256   9323012
256   8331652
256   9385204
256   9590824
256   9284396
256   9163340
256   8888044
256   8859412
256   9070208
256   9349916
256   9086740
256   9295176
256   8791880
256   8980536
256   9104616
256   9535568
256   9698220
256   9157864
256   9562688
256   9415668
256   8864988
256   9564216
256   9513308
256   9357168
256   9699888
256   9031884
256   8984280
256   9658368
256   9451004
256   9494356
256   9175764
256   8971732
256   9361400
256   8995096
256   9040760
256   9167272
256   9211256
256   9207004
256   9190648
256   9173424
256   9129992
256   9045864
256   9505116
256   8743712
256   9618084
256   9275840
256   8785460
256   9369840
256   9060440
256   9344852
256   9030820
256   8745116
256   9001472
256   9302372
256   9401560
256   9082332
256   9081740
256   9515336
256   9155376
256   9371144
256   9239452
256   9246004
256   9321192
256   9209588
256   9329624
256   8467916
256   8817456
256   9298220
256   8823600
256   9627988
256   9372176
256   9657836
256   8705780
256   9254248
256   9314448
256   8803600
256   8911172
256   9540788
256   9160808
256   9634064
256   8952468
256   9825356
256   9342580
256   9035184
256   9150928
256   9159036
256   9490884
256   8873216
256   9494632
256   9069624
256   9058628
256   8941280
256   8801680
256   9438384
256   8903848
256   9111584
256   8906220
256   8897552
256   9125460
256   9407016
256   9628380
256   9168000
256   9220548
256   9735284
256   9168420
256   8828068
256   9030072
256   8884712
256   9053836
256   9176192
256   9140860
256   8774500
256   9225164
256   9176576
256   9589800
256   9385092
256   8946324
256   9436536
256   9316952
256   9074200
256   9117476
256   8783980
256   9605892
256   9841324
256   9211760
256   8805880
256   9193352
256   9046312
256   9724976
256   8989228
256   9097776
256   9496452
256   9414596
256   9032616
256   9192272
256   8755652
256   9699244
256   8496792
256   9524944
256   9646832
256   8662648
256   8826296
256   8860840
256   9719224
256   8656812
256   9266228
256   9238280
256   9207788
256   8708124
256   8943112
256   8897672
256   8789124
256   9053676
256   9632324
256   9465052
256   8909968
256   9391860
256   9116904
256   8437008
256   9415120
256   8914192
256   9275052
256   8789904
256   8916468
256   9058408
256   9704040
256   9072084
256   9377372
256   9850140
256   9477344
256   9331448
256   9395104
256   9453888
256   9850120
256   7346956
256   9661476
256   9462496
256   9628988
256   9009876
256   9156108
256   9267088
256   9473328
256   9171900
256   8732676
256   8683432
256   8904448
256   8941456
256   8451688
256   9097192
256   9139464
256   8832652
256   9022444
256   9018120
256   9128276
256   8870160
256   8697544
256   9182116
256   8684940
256   9116912
256   9348516
256   9423944
256   9078060
256   8761668
256   8892884
256   9044856
256   9179400
256   9183240
256   8816432
256   9309428
256   9614876
256   9081412
256   9098492
256   9173284
256   9006044
256   9190500
256   8932988
256   9252204
256   9714084
256   9054196
256   9449624
256   9543204
256   9027828
256   9730720
256   9585508
256   8887416
256   8496128
256   9308868
256   8936044
256   8680096
256   9460508
256   8638936
256   8991188
256   8412540
256   9747756
256   9152008
256   9550780
256   8999304
256   9342468
256   9419612
256   8756856
256   9638812
256   8860748
256   8680920
256   9202536
256   9170300
256   8876576
256   9000236
256   8975584
256   8748032
256   9571536
256   9690924
256   9781984
256   9298856
256   8841108
256   9562020
256   9593744
256   8940404
256   8736564
256   8844536
256   9433228
256   9700168
256   9617324
256   8927720
256   9355960
256   9321276
256   9408268
256   9438996
256   9343948
256   9448680
256   8983024
256   9111620
256   9203432
256   9891732
256   9573724
256   9339084
256   8989744
256   9107020
256   9215740
256   8785964
256   8780416
256   9259152
256   8970108
256   9139744
256   9402932
256   9337828
256   9121224
256   9314860
256   9177476
256   8984340
256   8886412
256   9071536
256   8520000
256   9304004
256   9316416
256   9304640
256   9199340
256   9365876
256   8694388
256   9208148
256   8483972
256   8943012
256   8966232
256   9564920
256   9833552
256   8991420
256   9051968
256   9162176
256   8854864
256   9601116
256   9440452
256   9400200
256   9031452
256   9589812
256   9318440
256   8342808
256   8908572
256   9521360
256   9348976
256   9323328
256   9181640
256   9349984
256   8939192
256   9294708
256   8518856
256   9083428
256   9354584
256   9198664
256   9280992
256   8908880
256   8293364
256   8951588
256   9035900
256   9449012
256   9379376
256   9373580
256   9257420
256   8892724
256   9548664
256   9174840
256   9116452
256   9140180
256   9123496
256   8873536
256   9231500
256   9397004
256   9474544
256   9151980
256   8888000
256   9245276
256   8808528
256   9502144
256   9707176
256   9223624
256   9456416
256   8715716
256   9481872
256   9664608
256   9646980
256   9541276
256   9499320
256   9033232
256   9400500
256   9471648
256   9706292
256   9698988
256   8888120
256   8883044
256   8842504
256   9274952
256   9393844
256   8934380
256   9233944
256   9548256
256   9571120
256   8919092
256   9051212
256   9412752
256   9170260
256   9264404
256   8929784
256   9351148
256   9693928
256   9220304
256   9727752
256   9316164
256   9676188
256   9666700
256   9247524
256   9477136
256   9682616
256   9509476
256   8916512
256   9319960
256   9668136
256   9158148
256   9144564
256   9300900
256   9185212
256   9103932
256   9344932
256   9541504
256   8689712
256   8849748
256   9169792
256   9663496
256   8579580
256   9271668
256   9697312
256   9284128
256   8530684
256   9667220
256   9250040
256   9397560
256   8972528
256   8839292
256   9601212
256   8731960
256   9249228
256   8824692
256   8513024
256   9083936
256   9108500
256   9251036
256   9335996
256   9402868
256   9289228
256   8557692
256   8835560
256   9261272
256   8853448
256   9391024
256   8738200
256   9066284
256   9159580
256   9354928
256   9712532
256   9160540
256   9482176
256   9205368
256   9440568
256   9134112
256   9208848
256   9199752
256   8996568
256   9205004
256   8779276
256   9165832
256   8694684
256   8971944
256   9163120
256   9081172
256   9494564
256   9876864
256   9015408
256   8697776
256   9175632
256   9240712
256   9093180
256   9242968
256   9245468
256   8850332
256   9593428
256   9026152
256   8393244
256   9523712
256   9328316
256   9022664
256   9100696
256   9301428
256   9660092
256   8833640
256   8627984
256   9247436
256   9025876
256   9297408
256   9618488
256   8725680
256   8934232
256   9636468
256   9350116
256   9063692
256   8859252
256   9533916
256   9239784
256   9190660
256   9350424
256   8742232
256   9626736
256   8782256
256   9332040
256   9726332
256   8983504
256   8969716
256   9303660
256   9769340
256   9326060
256   9082696
256   8865580
256   8596276
256   9102580
256   9342972
256   9680940
256   9731960
256   8988336
256   9123436
256   9073872
256   9034904
256   9224048
256   9340516
256   9322412
256   9153852
256   8668940
256   9314432
256   9592760
256   9426200
256   9328096
256   9324728
256   9123936
256   9381156
256   9445928
256   9263444
256   8839844
256   9109792
256   9144252
256   9399752
256   8865248
256   8958948
256   9490232
256   9240468
256   8633944
256   9378980
256   9041568
256   9123420
256   8730988
256   9511192
256   9123476
256   9470824
256   9312852
256   9279820
256   9291372
256   9204324
256   9301392
256   9574044
256   9066232
256   8540392
256   8856120
256   9426672
256   8282640
256   9280224
256   9214324
256   9316600
256   9136352
256   9067700
256   9414092
256   9765600
256   9230668
256   9445876
256   8635464
256   9320392
256   9544544
256   9547796
256   9508936
256   8960552
256   8942972
256   8626304
256   9578284
256   9706184
256   8585084
256   9197340
256   9628320
256   9491580
256   9140812
256   7974980
256   8801328
256   9744712
256   8809744
256   9172560
256   8976916
256   9329752
256   8987136
256   9149456
256   9747468
256   8937912
256   9590936
256   8838944
256   9113696
256   9137640
256   9183972
256   8860960
256   9388568
256   9298036
256   8524680
256   8789036
256   9486020
256   9462040
256   8916552
256   9278116
256   9202724
256   8732360
256   8733600
256   8694256
256   8813040
256   8660208
256   9609644
256   8886508
256   9120056
256   8958832
256   8977648
256   9694960
256   9298628
256   9342280
256   9092500
256   9639244
256   9702628
256   9561688
256   8575088
256   9255804
256   8983320
256   8836632
256   8632584
256   9802640
256   9262052
256   9408344
256   8095080
256   9087412
256   9422860
256   9356664
256   9001240
256   9518308
256   9105972
256   9968996
256   9204464
256   9037548
256   8890760
256   9166536
256   9400916
256   9690860
256   9618200
256   8909840
256   9138148
256   8779136
256   8753336
256   9431000
256   9251344
256   8970540
256   8984848
256   9226152
256   9169680
256   9628584
256   9232232
256   9387568
256   9984968
256   8949516
256   9415716
256   8261584
256   9323956
256   9230972
256   9166608
256   9099248
256   8828760
256   9600040
256   9171752
256   8540064
256   8885508
256   9036580
256   9758272
256   9401528
256   9478980
256   9216344
256   9663236
256   9392952
256   9290360
256   8783260
256   9145812
256   8816280
256   8682304
256   9841236
256   9640824
256   9414312
256   9244636
256   9435828
256   9464332
256   8885632
256   9188640
256   9591292
256   9229796
256   9727164
256   9041616
256   9215160
256   9271624
256   9280748
256   9149752
256   9540084
256   9803116
256   8698184
256   9203360
256   9739468
256   9314216
256   9319500
256   8834916
256   9342248
256   8819188
256   9014192
256   9189048
256   9319816
256   9228924
256   9071392
256   9289052
256   8998300
256   8972560
256   9412032
256   9272968
256   9366864
256   9088276
256   9642300
256   9160468
256   9032080
256   8757704
256   9044856
256   9338572
256   9178912
256   8983120
256   9870980
256   9525832
256   9266880
256   9252172
256   8824352
256   9617064
256   9159196
256   8998192
256   9017168
256   8948488
256   9171436
256   8991304
256   9291300
256   9095260
256   9332740
256   9424044
256   9420832
256   9798944
256   8836296
256   8845352
256   9072844
256   8903148
256   9534828
256   9453272
256   8566320
256   8921824
256   9339476
256   8755868
256   8960660
256   9443372
256   9472012
256   8975292
256   9858192
256   8237588
256   8872104
256   8757188
256   9408656
256   9198872
256   9042508
256   8861980
256   9451368
256   9024992
256   9060856
256   9430832
256   8879080
256   9450392
256   8724168
256   8981052
256   9125892
256   9060588
256   9123080
256   8901416
256   8621640
256   9249112
256   9310192
256   8739936
256   8966904
256   9220316
256   9152932
256   9426288
256   9957944
256   9103460
256   8764740
256   9480360
256   8929256
256   9200236
256   9550752
256   9464112
256   9812168
256   8945108
256   9140948
256   9309232
256   8815324
256   9632968
256   9407740
256   9248972
256   8717964
256   9300704
256   8606404
256   9127576
256   9583596
256   9255448
256   9757804
256   8626244
256   8620332
256   9224052
256   9407188
256   8901804
256   8843320
256   9333248
256   9660984
256   8668652
256   9170184
256   9229964
256   9518972
256   8714856
256   9052072
256   8582284
256   9512828
256   8690324
256   9401256
256   9246160
256   9481040
256   8873436
256   9806120
256   9010564
256   9878324
256   9183292
256   8908032
256   8966000
256   9136628
256   9512068
256   9598240
256   8932248
256   9527112
256   9101588
256   9059948
256   9063556
256   9796296
256   9229616
256   9272124
256   8984484
256   9128996
256   9694552
256   8902560
256   9286032
256   9216392
256   9584124
256   9280716
256   9792624
256   9238484
256   9046696
256   9662504
256   9171412
256   9261540
256   9162004
256   9653344
256   9068472
256   9134688
256   9722816
256   9353560
256   8840736
256   9283728
256   8982928
256   9375504
256   8851376
256   9182732
256   9679324
256   8963480
256   9188576
256   9368252
256   9595900
256   8791428
256   9159152
256   9281328
256   8837092
256   9180440
256   9065864
256   8909484
256   8890152
256   8970616
256   8947344
256   9231668
256   9556780
256   9040788
256   8808384
256   9246060
256   9221628
256   9156836
256   9035616
256   9350828
256   9012280
256   9482380
256   9254452
256   9487568
256   8743104
256   8889444
256   9087748
256   9501028
256   9515592
256   9578572
256   9231380
256   8769552
256   9135056
256   9708664
256   8887408
256   9684484
256   9482340
256   9245260
256   9109924
256   9117668
256   9488724
256   9496584
256   9006024
256   8779412
256   8938864
256   9142104
256   9412144
256   9621084
256   9004880
256   9161732
256   8864792
256   8744416
256   9264148
256   9369028
256   9796736
256   9456072
256   9781748
256   8770300
256   8802792
256   9021528
256   9339328
256   9350572
256   9406124
256   8827348
256   9239012
256   9201632
256   9437588
256   8958068
256   9617068
256   9059188
256   8894056
256   9321496
256   9350476
256   9243652
256   9526560
256   8859792
256   8674872
256   9249576
256   9103348
256   9022156
256   9372596
256   9360636
256   8459332
256   9358828
256   8871196
256   8818512
256   9256044
256   9302128
256   8966384
256   9304240
256   8963624
256   9296984
256   9354872
256   8974000
256   9318884
256   8403124
256   9603376
256   9109592
256   9113780
256   8886676
256   9276596
256   9237516
256   9669504
256   9367436
256   9340004
256   9315480
256   9176076
256   9627968
256   8997320
256   9147072
256   9191568
256   9577192
256   8939244
256   9323628
256   9370328
256   9253184
256   8984200
256   10060220
256   8993096
256   9417808
256   9434604
256   9359324
256   9610676
256   9364400
256   9256784
256   9723572
256   9616140
256   9652860
256   9258152
256   9164752
256   8945916
256   9326280
256   9694204
256   9420712
256   9324332
256   9273380
256   9863204
256   9294520
256   9539580
256   9640792
256   9048096
256   9009476
256   9241300
256   9126252
256   9419904
256   9187196
256   8935608
256   9227260
256   8920252
256   9599032
256   9054708
256   9036716
256   8969240
256   9180064
256   8664076
256   9080824
256   9320036
256   9395632
256   8861700
256   9631684
256   9540316
256   9447580
256   8757028
256   9041408
256   9199156
256   9296988
256   9135388
256   9035044
256   9672296
256   8555084
256   9437840
256   9201736
256   8882472
256   9049860
256   9843336
256   9460672
256   9341600
256   9135332
256   9436756
256   9484668
256   9319968
256   9344804
256   8993588
256   9153732
256   9511996
256   9068876
256   8955464
256   8970156
256   9008688
256   8866000
256   9161976
256   9588916
256   9033096
256   9749884
256   9503324
256   9304568
256   9070108
256   9743384
256   8663268
256   9391164
256   9376252
256   9029044
256   8924228
256   8723640
256   9368616
256   8731800
256   9170260
256   9671932
256   9335640
256   9568312
256   9790072
256   9068136
256   8714056
256   9204924
256   8616532
256   9547564
256   8966156
256   9383608
256   8892132
256   8599560
256   9227172
256   8783988
256   9060760
256   8740040
256   9101792
256   10721092
256   9445280
256   9572676
256   9407228
256   8550848
256   9034656
256   9306880
256   8942868
256   9593196
256   9279452
256   9295800
256   9183476
256   9546484
256   10047340
256   9173104
256   8787160
256   9273564
256   9296828
256   8808608
256   9344640
256   9424556
256   8522340
256   9674692
256   9753792
256   8414724
256   9400824
256   9302260
256   8969880
256   9427948
256   8823588
256   9127656
256   9356704
256   9029260
256   9204492
256   9312792
256   8903916
256   9559676
256   9375532
256   8836300
256   9748140
256   9310284
256   9049320
256   8829404
256   9040488
256   9150592
256   8685276
256   9352564
256   9275552
256   9052432
256   9659780
256   9628628
256   9184280
256   8380708
256   9064512
256   9111644
256   9202596
256   9388788
256   9116128
256   9784168
256   8763400
256   9547176
256   9232636
256   9625752
256   10131748
256   9055940
256   9329388
256   9513472
256   8884740
256   9300436
256   9242640
256   8831408
256   9642536
256   9533676
256   9152080
256   9263332
256   9079632
256   9284020
256   9256980
256   9037092
256   9536016
256   8556096
256   9688896
256   8913912
256   8947756
256   9429768
256   8674252
256   9073264
256   9433076
256   8737984
256   10130572
256   9055536
256   8821168
256   9449508
256   8731292
256   9123360
256   9116152
256   9705228
256   9189424
256   9437304
256   9339740
256   9353424
256   8734076
256   8739948
256   9175524
256   8992584
256   9101252
256   9309012
256   9326356
256   8496256
256   9344768
256   9355048
256   9206724
256   9503896
256   9204712
256   8863616
256   9418388
256   9466576
256   9096208
256   8496212
256   9791920
256   9258996
256   8924996
256   9122536
256   9146364
256   9124744
256   9225200
256   8915332
256   9152208
256   9458416
256   9071360
256   9342792
256   9175892
256   9261248
256   9261640
256   9125832
256   9065548
256   9146684
256   9029652
256   10001436
256   9512784
256   9626552
256   9507636
256   9071816
256   9210020
256   9469992
256   9246060
256   9342284
256   9368060
256   8417116
256   8829616
256   8950384
256   9318352
256   9360168
256   9009308
256   9259060
256   9667784
256   8731092
256   9401880
256   8814324
256   9723760
256   9071972
256   9181516
256   8875568
256   9429320
256   9048792
256   9196664
256   9371780
256   9391200
256   9389268
256   9052444
256   9391436
256   9303964
256   8836864
256   9706316
256   9744032
256   9191884
256   8893704
256   9365932
256   9212092
256   9474248
256   9738040
256   9283352
256   9720628
256   9238496
256   8853304
256   9292508
256   9469972
256   8847024
256   9480552
256   9056544
256   9229832
256   9475720
256   9682636
256   9145280
256   9154552
256   8999496
256   8989548
256   9109216
256   8940500
256   9826280
256   9376936
256   8997400
256   9226228
256   8525380
256   9555504
256   9490532
256   9235320
256   9058560
256   9299908
256   9344208
256   8882092
256   9150860
256   9127880
256   8920576
256   8806804
256   8754068
256   9149296
256   9924152
256   9659624
256   9674924
256   9354608
256   8785540
256   9348968
256   9087804
256   8955916
256   8921680
256   8534900
256   9924288
256   8936364
256   9160316
256   8959664
256   9050852
256   9056596
256   9222636
256   9602588
256   8945524
256   8517560
256   9376296
256   8833308
256   9053192
256   8586588
256   8738684
256   9474664
256   8956600
256   9001848
256   9075644
256   8837152
256   9184460
256   9343760
256   8889056
256   9102276
256   9717008
256   9307140
256   9140436
256   9202360
256   9428928
256   9103476
256   9765584
256   8409984
256   9514364
256   8872808
256   9256064
256   8931880
256   9046184
256   8832108
256   9311464
256   8665924
256   9666028
256   9194116
256   9745344
256   9367428
256   9242632
256   9502696
256   9893696
256   9217208
256   8772784
256   9562632
256   9586240
256   9164328
256   8883108
256   9097648
256   9318424
256   9088788
256   9667884
256   8813364
256   9117732
256   9031644
256   8830096
256   9196820
256   9280956
256   9307908
256   9812212
256   9054348
256   9806084
256   8813380
256   9305660
256   8785760
256   9278508
256   9368252
256   9280932
256   9235108
256   8650000
256   9790660
256   9116576
256   9445028
256   8717856
256   8568752
256   9331572
256   8736972
256   9196388
256   9667400
256   9405500
256   9460848
256   9470440
256   9205984
256   9641420
256   9357196
256   8824624
256   9579512
256   9378180
256   9376872
256   9348908
256   9545240
256   9260184
256   9214460
256   9342452
256   8642604
256   8214396
256   8312772
256   9219404
256   9126464
256   9289448
256   9085980
256   9457608
256   9464100
256   8920916
256   8963148
256   9605560
256   8713760
256   8934588
256   8970364
256   8542992
256   9357140
256   9046740
256   9276924
256   9022532
256   8723692
256   8828968
256   9527352
256   9257464
256   9361936
256   9149464
256   9230732
256   9400424
256   8960256
256   8767644
256   9338616
256   9108072
256   9089252
256   9379172
256   9376488
256   9018112
256   9252568
256   8897360
256   8712840
256   8999392
256   8729100
256   8895600
256   9119220
256   9617000
256   8944928
256   9608148
256   9514328
256   8879620
256   8999208
256   8958352
256   8644704
256   8906572
256   9398840
256   9098420
256   9376960
256   9040868
256   9565648
256   9606900
256   9518292
256   8475488
256   9108704
256   9190184
256   9101336
256   9305468
256   8887008
256   8571004
256   9649380
256   8703404
256   9501896
256   9166336
256   9419528
256   9085252
256   8645600
256   9421724
256   9955888
256   8875520
256   9797828
256   9892116
256   9465904
256   8925328
256   8820216
256   8736000
256   9285968
256   9321124
256   9629372
256   9071712
256   8996480
256   9718496
256   9648560
256   9448440
256   8545892
256   9242752
256   8308244
256   9271448
256   9466972
256   8711160
256   8806564
256   8877260
256   9630360
256   8999380
256   8749336
256   8735696
256   9019084
256   9334656
256   9169116
256   9475864
256   9130824
256   9384596
256   9401636
256   9285960
256   8990224
256   9526816
256   8888996
256   9201172
256   9056868
256   8993160
256   9366912
256   9225124
256   8674992
256   9028840
256   9134956
256   9825684
256   9332104
256   9422656
256   8487436
256   9009744
256   9305052
256   9648488
256   8954092
256   9185940
256   9702308
256   8784484
256   8665976
256   9401612
256   9653648
256   8874440
256   8936364
256   8934188
256   8829132
256   9126620
256   9472404
256   9111296
256   9315952
256   9308068
256   9011880
256   9434592
256   9397084
256   9441412
256   9070116
256   9430588
256   8762728
256   8926808
256   8914396
256   9031492
256   9848068
256   9576588
256   8719916
256   8833244
256   8504696
256   8821160
256   9488000
256   9350796
256   9389392
256   8898308
256   8493668
256   9239740
256   9129476
256   9391864
256   9208200
256   9249392
256   8884584
256   9098456
256   9216280
256   9254928
256   8980292
256   9772712
256   9286980
256   9312388
256   9134248
256   9088196
256   8796508
256   8939388
256   9113672
256   9317148
256   8929544
256   9330024
256   9282128
256   8774816
256   9712324
256   8817788
256   9540676
256   9519564
256   9597064
256   8649032
256   9533812
256   9493880
256   9022572
256   9087056
256   9612560
256   9306120
256   8951012
256   8892728
256   9154872
256   9537256
256   9238436
256   9293640
256   9083704
256   9596576
256   9500024
256   9309752
256   9187308
256   9134724
256   9559664
256   9240152
256   9418396
256   9455752
256   9106168
256   9393432
256   9669756
256   8828428
256   9458960
256   8909308
256   8618420
256   9213168
256   8788252
256   9110296
256   9922260
256   9244048
256   9168192
256   9055336
256   9319448
256   9308348
256   9332124
256   9251680
256   9406848
256   8881368
256   9373188
256   9553892
256   9087772
256   9314328
256   8975744
256   9462536
256   8826460
256   9313104
256   8846780
256   9272592
256   9023856
256   9328348
256   9226956
256   9175628
256   9281704
256   9470980
256   9279636
256   9101296
256   9161176
256   8964980
256   9676512
256   9596408
256   8847180
256   8679412
256   9603044
256   9039692
256   8598664
256   9208968
256   9271980
256   9304520
256   9267104
256   9240532
256   9109100
256   9279100
256   8597684
256   8785052
256   8985512
256   9307396
256   9202356
256   9606996
256   9206880
256   9513444
256   9305148
256   8910696
256   8981296
256   8996052
256   9538152
256   9739280
256   9366732
256   8980740
256   9423572
256   9070164
256   9007960
256   9127540
256   9478820
256   9190472
256   9746664
256   9149100
256   8857848
256   8793372
256   9501308
256   8881484
256   9460912
256   9294712
256   9363940
256   8764432
256   9400172
256   9692676
256   9104864
256   9189764
256   9076708
256   9314928
256   8934048
256   8938244
256   9066940
256   9571944
256   9499544
256   9226700
256   9027464
256   9198368
256   9211420
256   8998696
256   9078224
256   9063224
256   9581384
256   9552168
256   9657636
256   8744368
256   8857848
256   9280900
256   9305884
256   9393396
256   8784024
256   9281500
256   9674320
256   9264836
256   9118256
256   8936264
256   8899872
256   9563428
256   8627144
256   9619884
256   9562624
256   9351020
256   9520404
256   8987788
256   9066996
256   8768716
256   9589248
256   8854328
256   9627844
256   9778100
256   9299432
256   9825508
256   8382860
256   9443064
256   8439332
256   9449196
256   9027744
256   9413484
256   9425104
256   8871332
256   9759336
256   8902872
256   9451868
256   9168412
256   9441424
256   9077912
256   9461676
256   9781844
256   9765824
256   9303740
256   8247324
256   9782276
256   8643156
256   9276448
256   9306996
256   9278824
256   9257748
256   9166252
256   8852736
256   9242220
256   9576500
256   8956220
256   9424868
256   9187044
256   9580064
256   8950464
256   8941640
256   8976536
256   9040712
256   8373360
256   8418744
256   9429620
256   9562836
256   8791416
256   9483396
256   9442752
256   9352384
256   9586164
256   8836868
256   9396448
256   9057172
256   8566192
256   9291428
256   9123472
256   8965424
256   9329792
256   9412452
256   9219544
256   9244104
256   9030248
256   8924720
256   9129664
256   9549704
256   8755460
256   9055256
256   9844312
256   9395148
256   9351036
256   8770512
256   8937724
256   9302372
256   9731316
256   9772448
256   9248884
256   9378480
256   8863936
256   9167808
256   9033420
256   9747532
256   9662624
256   8431024
256   9062428
256   8848624
256   9950968
256   9334820
256   9351740
256   8574528
256   9185240
256   9562640
256   9307408
256   9240188
256   8766912
256   9168348
256   9905320
256   9268792
256   8801864
256   8848528
256   9547112
256   9908472
256   9166884
256   9615956
256   9279848
256   9167596
256   8981452
256   9233416
256   9581232
256   9298668
256   9161944
256   9376308
256   9365028
256   8783824
256   9366508
256   9288492
256   9540296
256   9204836
256   9490432
256   9553216
256   9120632
256   8532692
256   9109164
256   9010000
256   9291012
256   9037500
256   9484772
256   8985392
256   8854728
256   9306472
256   9168184
256   8956244
256   9414504
256   8697732
256   9480204
256   8745376
256   8911032
256   9309340
256   9420616
256   9763616
256   8988780
256   8999448
256   9549408
256   9239560
256   9112340
256   8864464
256   8741864
256   9058088
256   9580304
256   9551640
256   8703180
256   9174052
256   9403660
256   9203408
256   8868420
256   8945500
256   9143828
256   9435724
256   9595752
256   9575412
256   9174448
256   9070744
256   9045096
256   9239216
256   9121532
256   9654968
256   9220628
256   8799992
256   9215368
256   9448468
256   9089168
256   9375456
256   9657048
256   8904532
256   9291000
256   9551796
256   9256368
256   9741028
256   8770676
256   9378900
256   8838064
256   9243544
256   9503024
256   8874936
256   9360720
256   9019816
256   9465848
256   9154592
256   9205700
256   8902016
256   9299792
256   9293236
256   9266104
256   9034488
256   9587292
256   8965796
256   9211844
256   8804412
256   8817112
256   9450604
256   9366236
256   9075656
256   8982204
256   8678536
256   8872040
256   9228428
256   9169984
256   9125192
256   8921572
256   9878176
256   8921468
256   9321188
256   8866304
256   9341828
256   8391560
256   9504256
256   9333968
256   9528900
256   9181512
256   8998848
256   9331716
256   8535480
256   9183424
256   9562316
256   8923708
256   8344592
256   9285084
256   9321832
256   9216792
256   9839104
256   9236380
256   9008792
256   9824912
256   9439864
256   9205112
256   9109596
256   8732992
256   9018768
256   9419820
256   9370804
256   8851232
256   9257344
256   8412864
256   8991336
256   8779788
256   9295932
256   9775564
256   9236340
256   9373856
256   9002204
256   8874236
256   8130996
256   8903372
256   9877520
256   9337316
256   9111720
256   8713188
256   9508216
256   8847204
256   9227684
256   9109512
256   9623136
256   9794092
256   8999752
256   9006644
256   9488396
256   9553788
256   9658164
256   9158980
256   9173056
256   8863628
256   9732232
256   9081180
256   9228704
256   9384208
256   8692304
256   9694404
256   8567532
256   9400148
256   9226312
256   8764940
256   9665304
256   8984716
256   9246716
256   9366344
256   9088972
256   9340200
256   9249208
256   8944984
256   8439104
256   9652076
256   9092712
256   9869688
256   9753036
256   9674528
256   9651856
256   9051028
256   9277184
256   9018748
256   8454344
256   9401528
256   9066856
256   9391420
256   9730576
256   9138940
256   8962224
256   9209292
256   9048460
256   8918804
256   9420548
256   8771208
256   9023076
256   8909324
256   9253744
256   8891860
256   9238940
256   8796400
256   9088028
256   9356472
256   8932868
256   8600128
256   9610580
256   9084224
256   9428504
256   9461648
256   9483804
256   9206640
256   9359456
256   9518672
256   9184772
256   9851852
256   9293032
256   8496848
256   9946584
256   9196684
256   9102876
256   8684740
256   8852224
256   9668208
256   9511688
256   8846424
256   8911456
256   9222840
256   9188616
256   9509996
256   8736540
256   9553620
256   9769496
256   9092868
256   10026804
256   9399828
256   9565388
256   9337928
256   9155172
256   9613500
256   9753088
256   9255192
256   9677452
256   9418724
256   9384684
256   8599724
256   9460444
256   9111584
256   8544500
256   9215012
256   8980928
256   9018808
256   9186428
256   9452100
256   9439292
256   9622632
256   9308600
256   8684460
256   9434932
256   9416276
256   9617352
256   9285708
256   9373412
256   9795176
256   9464268
256   9503688
256   9343780
256   9594628
256   8490888
256   8678820
256   9104732
256   8743940
256   8856584
256   9196944
256   9803360
256   8887080
256   8883588
256   9146748
256   9138464
256   8999124
256   9544820
256   9299444
256   8759540
256   9080012
256   8792556
256   9512240
256   9222352
256   9102856
256   9176440
256   9551304
256   9487812
256   9159136
256   9197276
256   9389212
256   10197356
256   8620524
256   9345224
256   9207292
256   8871540
256   9417216
256   9020128
256   8814856
256   9391276
256   9679992
256   8879580
256   9611476
256   8782744
256   9553976
256   9453424
256   9179512
256   9306400
256   8899436
256   8969100
256   9606820
256   9312288
256   9639288
256   9079268
256   9384164
256   9272184
256   9346844
256   9028872
256   9217584
256   9036660
256   9153080
256   9030288
256   9615008
256   9359652
256   9187976
256   8491356
256   9080156
256   9001072
256   9061272
256   8995196
256   8906036
256   9434332
256   9024044
256   9123284
256   8468864
256   9503664
256   9265284
256   9255892
256   9404108
256   9515456
256   9099920
256   9138908
256   9024488
256   9513976
256   9173808
256   9351548
256   9267308
256   9544268
256   9198144
256   9378960
256   9702564
256   9676568
256   8997936
256   9194748
256   9471376
256   8783276
256   9165032
256   9847116
256   9396100
256   9002576
256   8735968
256   9152160
256   9508344
256   9433796
256   9103484
256   9521128
256   8942032
256   9742868
256   8793996
256   9552084
256   8799548
256   9406912
256   9352676
256   8952384
256   9171092
256   9324508
256   8639804
256   8371868
256   9332192
256   9270144
256   9312940
256   9031292
256   9593740
256   9179240
256   9160300
256   9245624
256   9501744
256   9453976
256   9419940
256   9031144
256   9180376
256   8882308
256   9106456
256   9525948
256   9663196
256   9332216
256   9056320
256   9656700
256   8801480
256   9517792
256   8916608
256   8859000
256   9415340
256   8951916
256   9166584
256   9198232
256   8574732
256   9667684
256   9703664
256   9092956
256   9130028
256   9428024
256   8881044
256   9308324
256   9679860
256   8885084
256   9365924
256   8993284
256   9768924
256   8931804
256   9360736
256   10025116
256   9235296
256   9465420
256   9188204
256   9436580
256   9223852
256   9335408
256   9673268
256   9109880
256   9427252
256   9360740
256   9235268
256   8803156
256   9181336
256   9264976
256   8564180
256   8943232
256   9376452
256   9072676
256   9432484
256   9243444
256   8832436
256   9329084
256   9553768
256   9640764
256   9630468
256   10094872
256   9303068
256   8700252
256   9644132
256   8982784
256   8974864
256   9246984
256   9126352
256   8899120
256   8848312
256   9299496
256   9600636
256   9572272
256   9506344
256   9466864
256   9301092
256   9218352
256   9367080
256   10008644
256   9036528
256   8911168
256   9652092
256   9056856
256   9624408
256   9314180
256   9766780
256   9451932
256   9287728
256   9027992
256   8980128
256   9334604
256   8943636
256   9001140
256   9390988
256   9667520
256   9044404
256   8909232
256   9099432
256   9001068
256   8703732
256   9035480
256   9317288
256   9082256
256   8552324
256   9712936
256   9628872
256   9126484
256   9395740
256   9349456
256   9596452
256   9432812
256   9479064
256   8832128
256   9060212
256   9257992
256   8864916
256   9545520
256   9450588
256   9413784
256   9609396
256   8928616
256   8734068
256   9340640
256   8941268
256   9233532
256   9285768
256   9302776
256   9329756
256   9506960
256   9253252
256   8909116
256   9309816
256   9493556
256   8696008
256   9371172
256   9172140
256   8211928
256   9316932
256   9550468
256   8899812
256   9291400
256   9006612
256   9497544
256   9274548
256   9878368
256   9468928
256   9443520
256   9121504
256   9021516
256   9141400
256   9079696
256   9283992
256   8998984
256   9742432
256   9411608
256   9368696
256   8835092
256   8701472
256   9391652
256   9480652
256   9269444
256   8775920
256   8921720
256   9593828
256   9356928
256   9588420
256   9584396
256   9403436
256   9300964
256   8720340
256   8701628
256   9312344
256   9491444
256   9072112
256   9489676
256   9442468
256   9180104
256   8747928
256   9239932
256   9134264
256   9416744
256   9147916
256   9012516
256   8674924
256   9590416
256   9192772
256   8872092
256   9214080
256   9320792
256   9311308
256   9582484
256   9031888
256   9207540
256   8950792
256   9262148
256   9466560
256   9161096
256   9577152
256   9697992
256   9167632
256   8981016
256   9461256
256   8811004
256   8559212
256   9373544
256   9240472
256   8867428
256   9114688
256   8671572
256   9573272
256   9072256
256   9073912
256   9568576
256   9156788
256   9330616
256   9157096
256   9132988
256   9235004
256   9442112
256   9318856
256   9653588
256   8782632
256   9169864
256   9592828
256   9354348
256   9620420
256   9304924
256   9899928
256   9147500
256   8919872
256   9077136
256   9368128
256   9319872
256   8975868
256   9312096
256   8936384
256   9060032
256   9390908
256   9030664
256   8959780
256   9651068
256   8853956
256   8881280
256   9158480
256   9518536
256   9072648
256   8861356
256   9630472
256   9525704
256   9106864
256   8893536
256   9436576
256   8875292
256   8817624
256   9487288
256   9532868
256   9521660
256   9257956
256   9277052
256   9402672
256   9356156
256   9309988
256   9549584
256   8851348
256   9098500
256   8799932
256   9286396
256   8950372
256   9806780
256   9205548
256   9793536
256   9463040
256   9207288
256   8497968
256   8616884
256   9236876
256   9274216
256   8597796
256   9285688
256   8861996
256   9211916
256   9411840
256   8893660
256   9959068
256   9263176
256   9277652
256   9174464
256   9395984
256   8505904
256   8787004
256   8947220
256   8419040
256   8943012
256   9312912
256   8739032
256   9133552
256   9665280
256   9091008
256   8612508
256   8304868
256   8974480
256   8858580
256   9759348
256   9560416
256   9506592
256   9787932
256   9188476
256   9099352
256   9374340
256   9703108
256   9097944
256   9538576
256   9114784
256   9193036
256   8782232
256   8735024
256   8701452
256   9274052
256   8946984
256   9236892
256   9078472
256   9232444
256   9438096
256   8780908
256   9359636
256   9337564
256   9632044
256   9715864
256   8955932
256   8990696
256   9141748
256   9600028
256   10002076
256   9450932
256   9424944
256   8548936
256   8559908
256   9155036
256   9475692
256   8626776
256   9359720
256   9074348
256   9243620
256   8749768
256   8951876
256   9336552
256   9237308
256   9787908
256   9396292
256   9298528
256   9530580
256   9214508
256   8643656
256   9275696
256   9969056
256   8949848
256   8899528
256   8584720
256   8872080
256   9489796
256   9519480
256   9120948
256   8913228
256   9025652
256   9234708
256   8972064
256   9648868
256   9177516
256   9522504
256   8878928
256   9403556
256   9400568
256   9271200
256   8942312
256   9171812
256   9008768
256   9275492
256   9441152
256   8927600
256   8925076
256   8711220
256   9590204
256   9310132
256   9170372
256   9546120
256   8805516
256   9646552
256   9817092
256   9538144
256   9005044
256   8804212
256   8702736
256   8770204
256   9760736
256   8617136
256   9693992
256   9265756
256   8618780
256   8929732
256   9387300
256   9108732
256   9205408
256   8734576
256   9925628
256   8774628
256   8953544
256   8989908
256   9548568
256   9824152
256   9154500
256   9190648
256   9648084
256   9017288
256   9100008
256   8992604
256   9404488
256   9279320
256   10041932
256   9382336
256   8809584
256   9014764
256   9124160
256   9017356
256   9448376
256   8835232
256   9032032
256   8977476
256   9409136
256   9236272
256   9378432
256   8856648
256   9229728
256   9078424
256   8698428
256   9802048
256   9041068
256   9493072
256   9237416
256   8693668
256   8875364
256   9665516
256   9408960
256   9706544
256   9358256
256   9597508
256   9151656
256   9868008
256   8808216
256   8947372
256   8775716
256   8911424
256   9701716
256   8925580
256   8474272
256   8991564
256   8534640
256   9554536
256   9418452
256   9541788
256   9566132
256   8956148
256   8960632
256   8877732
256   9314468
256   9786620
256   9790712
256   9103420
256   9372076
256   9282768
256   9365932
256   9404528
256   9034860
256   8934404
256   9798268
256   9724664
256   9299392
256   9577392
256   9417844
256   9205496
256   9893892
256   8590540
256   8931156
256   8766140
256   9356496
256   8873044
256   8962480
256   9513404
256   9092352
256   8921428
256   8972304
256   9062104
256   9522376
256   9199796
256   9074244
256   8956740
256   8826120
256   9010940
256   9328296
256   8901492
256   9102636
256   8973660
256   8835364
256   9219436
256   8825484
256   9091776
256   8718060
256   10103728
256   8864848
256   8686884
256   9428796
256   9238480
256   8830072
256   8899188
256   9482764
256   8691008
256   9641836
256   9165684
256   9153796
256   9140148
256   9000232
256   8614340
256   9043708
256   9219796
256   9756648
256   9651324
256   8990312
256   9197860
256   9007976
256   8370876
256   8911804
256   9055660
256   9065144
256   10396372
256   10291360
256   11338156
256   10634720
256   10542036
256   12225556
256   11008676
256   10900320
256   11041864
256   10593232
256   10316392
256   11479036
256   10553752
256   10697948
256   11459856
256   10751824
256   11738748

