8   272668
55   1433164
189   5312332
256   6796288
256   6916784
256   7226380
4   97220
256   6755528
256   7213596
256   6581808
256   7121116
256   6833724
256   6901372
256   6852424
256   6789556
256   7429528
256   7014184
256   7289060
256   6495620
256   7159748
256   6684912
256   6911252
256   6996832
256   6848516
256   6988172
256   6855580
256   6831692
256   7032960
256   6859936
256   7089224
256   6671088
256   7092332
256   6708528
256   7072284
256   7298384
256   6535252
256   6584740
256   6991328
256   7035044
256   6269360
256   6796116
256   6816924
256   6823288
256   7058068
256   6749424
256   6788760
256   7766580
256   7792820
256   7760828
256   8899456
256   9310180
256   9336560
256   9602320
256   8928044
256   9092192
256   9415040
256   9246248
256   9214492
256   8878840
256   9169536
256   9009960
256   9404516
256   9519968
256   8672336
256   9208200
256   8983784
256   9583044
256   9865400
256   9989588
256   9368392
256   9205120
256   9008764
256   9289632
256   8661000
256   9628300
256   8679200
256   9570680
256   9409556
256   9458776
256   9726952
256   8274712
256   9289840
256   8676556
256   9454120
256   9337132
256   9200960
256   10241072
256   8770004
256   9649404
256   9889300
256   9319308
256   9412028
256   8298508
256   9707860
256   8770748
256   9094524
256   9354240
256   9056948
256   9231824
256   8579468
256   9030580
256   9264296
256   9467740
256   9128428
256   9086172
256   9332300
256   9307636
256   9216508
256   9114640
256   9129328
256   9059712
256   9435960
256   8956172
256   8807332
256   9678564
256   9409256
256   9139080
256   9252244
256   8887808
256   8933912
256   9600780
256   9646376
256   9285476
256   9098156
256   9233468
256   9553284
256   9301292
256   9256948
256   9510044
256   9193660
256   9296212
256   10194908
256   9087080
256   9368500
256   8706736
256   8815616
256   9078832
256   9339856
256   9284124
256   9504036
256   9574540
256   9686756
256   8874176
256   9273036
256   9041512
256   8810656
256   9850032
256   9620212
256   9228132
256   8616656
256   9317236
256   8962416
256   8979372
256   8843568
256   9729312
256   9763824
256   9489804
256   8522808
256   9609116
256   8809516
256   9255868
256   8912016
256   8977148
256   9086076
256   9299492
256   9632812
256   9158956
256   9061636
256   9287960
256   9149916
256   8705416
256   9614308
256   9721552
256   9303840
256   8932924
256   9281724
256   9165484
256   9731416
256   9352816
256   9009864
256   9167768
256   9239832
256   9167692
256   8998140
256   8725508
256   9326808
256   9580260
256   9535044
256   8954172
256   8583236
256   9529744
256   8659952
256   9343656
256   9627584
256   9331144
256   9111664
256   9126024
256   9098696
256   9515064
256   9091812
256   9900768
256   9380536
256   9610256
256   9084140
256   9027912
256   9013384
256   8662012
256   8483556
256   8725760
256   9347496
256   9608240
256   10011596
256   8956860
256   8908584
256   9367220
256   9643732
256   9065576
256   9142684
256   8989632
256   8641996
256   9369836
256   9201740
256   8333464
256   9602600
256   9107860
256   9155724
256   9175976
256   9301656
256   9989928
256   9522864
256   9482676
256   8803040
256   9724364
256   9286188
256   8670216
256   9183580
256   9354868
256   8666836
256   9051024
256   8880104
256   9003120
256   9410428
256   9554596
256   9356328
256   9510468
256   9125756
256   9079276
256   9367880
256   9577768
256   9543996
256   9130972
256   9373948
256   9281132
256   8834040
256   10050940
256   9263464
256   9677912
256   9612596
256   9260148
256   9250532
256   8787272
256   8895120
256   9343280
256   9259716
256   9137720
256   9160624
256   9199652
256   8871236
256   9263876
256   8947508
256   9586340
256   9303880
256   9756716
256   8370076
256   9545864
256   8816796
256   9382696
256   9043748
256   9489448
256   8781840
256   9473556
256   9402096
256   9401940
256   9392536
256   9529192
256   9682036
256   9167624
256   9181720
256   9258020
256   9518348
256   9004288
256   9397996
256   9753916
256   9059188
256   8648868
256   9104072
256   9314396
256   9486104
256   10084092
256   9164120
256   8840700
256   9519104
256   9290540
256   9483108
256   8857944
256   9054252
256   9244380
256   9469008
256   9104140
256   9206336
256   9113300
256   9159588
256   9025848
256   9273092
256   9186820
256   8987108
256   9681868
256   9590396
256   8767928
256   9047884
256   9400992
256   9518376
256   8475256
256   8270108
256   9126048
256   8975804
256   9250160
256   9224776
256   9214164
256   9324536
256   8959520
256   8704448
256   8859008
256   9230464
256   9359436
256   9004080
256   8838120
256   8813716
256   9320488
256   8872200
256   9262940
256   8975728
256   9250408
256   9000488
256   8988516
256   8734876
256   8823824
256   9616728
256   9776996
256   8748048
256   9423060
256   9051368
256   9055708
256   9188432
256   9609828
256   8811588
256   9255464
256   8953472
256   8881504
256   9056112
256   9220600
256   8806376
256   9228028
256   9350124
256   9413284
256   8929924
256   9263332
256   9051776
256   9346604
256   9162508
256   8827780
256   9410836
256   9487260
256   9639272
256   9049720
256   8881904
256   9036900
256   9353664
256   8924272
256   8882972
256   9190876
256   9690760
256   9046984
256   9281548
256   9369096
256   9329800
256   8809684
256   9745212
256   9723196
256   9390568
256   9485408
256   9398596
256   9864844
256   9119532
256   8912076
256   9687968
256   8901880
256   8602548
256   9189132
256   9545164
256   8902640
256   8996688
256   8798132
256   9026196
256   9474952
256   9634844
256   8529928
256   8940716
256   9016072
256   9328336
256   9324908
256   9210360
256   9284256
256   9383092
256   8968556
256   8925456
256   9250808
256   9046620
256   8538084
256   9341192
256   9543524
256   8998148
256   9160092
256   9135888
256   9164728
256   9446972
256   8786588
256   8940948
256   9026548
256   9598876
256   9196176
256   9531120
256   8961028
256   9407324
256   9537068
256   9292400
256   8454044
256   9252712
256   9300520
256   8405000
256   9599328
256   8918152
256   8847240
256   9187568
256   9228760
256   9403940
256   9757388
256   9254372
256   8765340
256   8968356
256   9676764
256   9331088
256   8839436
256   9095356
256   9148876
256   9333788
256   9826412
256   9462004
256   9087716
256   9072244
256   8886376
256   9014212
256   9040308
256   9091288
256   9396136
256   8815416
256   9553392
256   9332944
256   9162076
256   9572900
256   8562800
256   9805536
256   9356424
256   8688944
256   9546376
256   9185156
256   9453620
256   9565420
256   9469456
256   8807804
256   9121620
256   9025656
256   9607524
256   9665948
256   8909704
256   9217204
256   9494736
256   9105192
256   9197956
256   8865848
256   9559348
256   8934672
256   9215748
256   9109660
256   9363820
256   9333116
256   9463716
256   9159408
256   8928592
256   8709340
256   8820368
256   9150580
256   9586580
256   9247748
256   9014564
256   8473044
256   9113612
256   9073584
256   9089216
256   9572396
256   10111704
256   8616820
256   8982984
256   8708032
256   9152796
256   8527772
256   8909920
256   10268408
256   9571896
256   9039416
256   8988780
256   9281436
256   9356508
256   9247084
256   8713300
256   9534576
256   9582128
256   9144352
256   9396068
256   9011632
256   8881800
256   9293608
256   8787788
256   9310528
256   9069860
256   9456440
256   9842276
256   8784316
256   9581184
256   9397332
256   8854276
256   9007276
256   9040168
256   9757616
256   8507940
256   9284088
256   9179808
256   8629044
256   9132988
256   8865432
256   8935504
256   9611808
256   9320812
256   9437816
256   8888008
256   9229408
256   9109368
256   9134048
256   8776304
256   9283424
256   9395016
256   9833544
256   9508156
256   8838032
256   9131296
256   9788068
256   9139332
256   9109932
256   9307364
256   9449668
256   9025116
256   9200820
256   8920132
256   9047752
256   9455952
256   10159072
256   9006212
256   9215720
256   8372608
256   9103752
256   9351012
256   8997464
256   9679252
256   9297064
256   9034064
256   9202252
256   9475148
256   9502288
256   9670064
256   9413832
256   8823696
256   9071372
256   8895800
256   9319320
256   9730256
256   9451540
256   8955844
256   8909136
256   9451656
256   9715532
256   9224348
256   9050940
256   9326280
256   8356092
256   9128888
256   9444840
256   8915088
256   9127348
256   9309444
256   9725056
256   9097512
256   9424268
256   9738812
256   9119716
256   9421932
256   9211860
256   9382128
256   9442724
256   8847928
256   9066188
256   8719340
256   9572924
256   8765116
256   9059516
256   9116408
256   8718296
256   9199332
256   9759600
256   9419044
256   9855660
256   8920308
256   9482812
256   8564552
256   9237476
256   9089620
256   9123932
256   8859348
256   9316268
256   9085276
256   8870644
256   8998100
256   8638512
256   8762408
256   9200632
256   9007496
256   9980676
256   9675428
256   8890020
256   9201780
256   9444784
256   9023740
256   8442928
256   9596792
256   9332688
256   9167672
256   8987424
256   9461120
256   9083176
256   9289368
256   9428164
256   9177756
256   8927872
256   9565220
256   9337888
256   9574436
256   9216332
256   9465076
256   8488404
256   9376756
256   9320236
256   9012004
256   9736500
256   8866376
256   9363364
256   9269196
256   9055416
256   9126372
256   9274864
256   9517416
256   9662320
256   9174428
256   8685332
256   8910888
256   9594096
256   9231960
256   8822672
256   9262884
256   9156372
256   9522076
256   9508664
256   9107880
256   8983496
256   9167620
256   8770000
256   9137000
256   9796160
256   9396756
256   9440708
256   9166604
256   9399452
256   8278796
256   9833872
256   9780832
256   9530576
256   9667660
256   9854432
256   9376892
256   9547388
256   8849888
256   8259180
256   9358452
256   9327252
256   9602560
256   9411080
256   8954372
256   8958608
256   9170408
256   9513472
256   9668508
256   9019036
256   8587556
256   9343224
256   9184148
256   9666392
256   9146224
256   9270252
256   9366672
256   8981644
256   8918856
256   9302060
256   8849188
256   9287428
256   9394724
256   9624916
256   9409176
256   9303992
256   9928944
256   9527564
256   9035332
256   9097712
256   9297056
256   8900744
256   9016544
256   9608152
256   8973768
256   9315080
256   9396504
256   9279028
256   8362748
256   9519116
256   9005104
256   8952216
256   9358928
256   9572412
256   9014796
256   8709024
256   9282116
256   9080992
256   9167204
256   9357836
256   9123280
256   9198356
256   8590448
256   9476448
256   10033796
256   9684596
256   9351236
256   9379452
256   9097496
256   9056872
256   9645484
256   9032952
256   10015696
256   8963452
256   9183812
256   9853076
256   9169844
256   8980684
256   9392244
256   9015180
256   9133012
256   9529388
256   9610272
256   9543092
256   9822172
256   9797448
256   8726800
256   8934984
256   9575972
256   9572196
256   9456804
256   9224672
256   8648828
256   9782864
256   8929232
256   9122920
256   9038292
256   9059656
256   9608640
256   8906204
256   8912332
256   9007288
256   9224460
256   9486692
256   9331932
256   9180576
256   9311312
256   8795412
256   9136308
256   8856932
256   8799580
256   8871572
256   8927844
256   9111972
256   8947908
256   9349436
256   9739340
256   9120728
256   9000976
256   9269564
256   8861216
256   9348932
256   9059064
256   9666768
256   8600120
256   9453988
256   9197780
256   9092976
256   9235432
256   9291940
256   9123480
256   10066468
256   9096428
256   9103836
256   8711192
256   9210532
256   8880724
256   9105636
256   9063912
256   9007056
256   9359172
256   9430384
256   9197612
256   9614604
256   8860836
256   9271580
256   9486888
256   9331524
256   9339564
256   9250864
256   9073496
256   9360200
256   8882500
256   9215996
256   9085332
256   8864312
256   9403548
256   9475432
256   9211948
256   9025560
256   9387628
256   9711880
256   9073044
256   9177688
256   8232884
256   9032832
256   9407084
256   9675352
256   9593892
256   7954296
256   8322992
256   8913852
256   9089708
256   8990424
256   9323140
256   9311148
256   9399252
256   8961972
256   9739628
256   9366052
256   9303624
256   8989468
256   9352640
256   9658412
256   8406636
256   8600668
256   8689872
256   9022976
256   9722256
256   8960740
256   9281640
256   8858304
256   9293032
256   9638196
256   9169608
256   9185772
256   8797992
256   9664060
256   9294648
256   9626716
256   9482028
256   9095716
256   8927460
256   9775280
256   8876824
256   8862932
256   8985568
256   9320172
256   9250028
256   9923364
256   9654944
256   9311564
256   8944940
256   9290444
256   9249288
256   9228100
256   9056264
256   9306708
256   9033424
256   9035348
256   9276244
256   9451768
256   9128596
256   9566096
256   8931340
256   9159520
256   9153676
256   8428660
256   9463596
256   8887968
256   8927344
256   9283536
256   9533944
256   8904996
256   9391912
256   8755416
256   9553224
256   9711192
256   9529648
256   9267472
256   9225880
256   9115780
256   9234212
256   8465164
256   8818576
256   8881828
256   8769328
256   10053328
256   8667352
256   9188616
256   9575208
256   8970792
256   9124960
256   9317896
256   9534528
256   8729020
256   9337520
256   9228416
256   8965668
256   9419188
256   8978944
256   9262496
256   9441624
256   9306536
256   9598352
256   9696820
256   9454932
256   9496040
256   9324080
256   9111936
256   9500932
256   9727128
256   9714956
256   9136904
256   9268960
256   9517560
256   9540452
256   8473080
256   8686896
256   9261228
256   8951024
256   9230064
256   8645404
256   8989920
256   9134252
256   9291908
256   9264700
256   9325692
256   9217368
256   9396836
256   8976824
256   9576396
256   9133620
256   9199008
256   9259492
256   9137760
256   8735508
256   9426832
256   8885684
256   8572440
256   9417032
256   8822764
256   9459940
256   9016928
256   9655360
256   9347832
256   8741520
256   8634572
256   9006772
256   9860448
256   9281464
256   9551296
256   9333364
256   8613800
256   9220156
256   9025536
256   9145664
256   9637676
256   9297208
256   8893120
256   9512228
256   9009796
256   9166956
256   9202180
256   9295800
256   8479296
256   9240736
256   9310448
256   9121828
256   8612996
256   9273328
256   9042012
256   9146564
256   8701280
256   9041560
256   9660048
256   9671808
256   9210908
256   9057308
256   9011496
256   9349844
256   9463332
256   9666704
256   8963252
256   9052556
256   9658700
256   9306868
256   9330608
256   9711068
256   9246536
256   8702984
256   9322592
256   9169396
256   9018528
256   9445284
256   9067988
256   9348360
256   9419900
256   9668340
256   10004436
256   9263180
256   9412816
256   9753132
256   9265776
256   8887216
256   9353372
256   8981260
256   9011036
256   8261000
256   9175664
256   9537880
256   9002208
256   9151136
256   9312304
256   8853596
256   9269404
256   8800084
256   9334824
256   9269872
256   9226868
256   9260984
256   9843892
256   8889360
256   8604032
256   9237804
256   9418984
256   9247384
256   8945416
256   9234956
256   9682268
256   9323940
256   9663316
256   9460988
256   9200412
256   9197784
256   9505272
256   9025552
256   9313440
256   9086544
256   9166692
256   8414920
256   9292984
256   9738356
256   9132832
256   9813608
256   9176440
256   8821712
256   9354184
256   9711660
256   9259332
256   9474048
256   9973080
256   8740292
256   9098296
256   9140472
256   8974008
256   9795948
256   9169364
256   8810740
256   9193224
256   9480488
256   8841312
256   9318620
256   10435876
256   9685920
256   8605668
256   9253284
256   9014876
256   9333996
256   8840212
256   8998580
256   9468108
256   9180220
256   8987788
256   9044232
256   9183144
256   8917704
256   9517044
256   9363180
256   9266392
256   8779844
256   9317648
256   8858356
256   8873680
256   8746648
256   9133600
256   9651692
256   9193028
256   9453884
256   8997560
256   9368440
256   9087252
256   9546528
256   9138604
256   9014916
256   9108660
256   8616664
256   9943248
256   9342944
256   9321600
256   8758012
256   9920016
256   9786840
256   9190724
256   9192188
256   9806136
256   9145920
256   9100700
256   9139572
256   9038120
256   9122040
256   9120456
256   9073172
256   9204908
256   9109032
256   9671684
256   8664220
256   9275716
256   8905584
256   8801344
256   9486260
256   9268420
256   9504668
256   9873804
256   8979004
256   9212444
256   9049080
256   9125156
256   8887144
256   9277396
256   9793724
256   9939412
256   8806072
256   9081448
256   9571260
256   9297144
256   9203004
256   9022396
256   8832784
256   9437092
256   9464096
256   9422672
256   9189968
256   9290004
256   9338600
256   9064936
256   9653192
256   9159228
256   8889628
256   8913124
256   9138588
256   9338136
256   8652120
256   9448924
256   8689852
256   9147848
256   9108076
256   8795432
256   9164944
256   9499160
256   8700696
256   9418044
256   9218776
256   10105856
256   9341964
256   9457332
256   9434988
256   9160964
256   9092544
256   9712984
256   9529628
256   9108080
256   9609748
256   8829016
256   9113096
256   9117992
256   9438296
256   8942128
256   7915516
256   9129136
256   9366344
256   9428964
256   9561608
256   9714436
256   9199416
256   9426720
256   9467148
256   9227588
256   9252944
256   9207404
256   9198124
256   8815304
256   9759532
256   9291020
256   9579592
256   9004084
256   9239576
256   9788924
256   9414184
256   9481144
256   10049092
256   10157940
256   9227336
256   9110600
256   9746948
256   9253552
256   9054996
256   9235436
256   9009996
256   9261152
256   9158496
256   9668696
256   9856940
256   9464752
256   9025004
256   9554848
256   9636032
256   9097392
256   8726408
256   9545636
256   9597244
256   9522932
256   9265372
256   9233300
256   8897688
256   8557728
256   9328424
256   9520620
256   8937128
256   9719208
256   8791728
256   9233496
256   8972972
256   9354196
256   9431344
256   9204700
256   9441664
256   8731120
256   9427488
256   8506560
256   9042060
256   8865212
256   9256928
256   8995252
256   8710300
256   9672128
256   9431380
256   9653496
256   9244024
256   9506324
256   9406140
256   9174620
256   8700864
256   9280440
256   9584488
256   8856104
256   9090472
256   9452152
256   9771152
256   9170540
256   9276340
256   9330132
256   9306244
256   9055324
256   9216040
256   9724136
256   9192608
256   9978116
256   9150188
256   9510260
256   9790952
256   9030376
256   8832184
256   10213616
256   9126396
256   8558792
256   8968912
256   9636700
256   9324780
256   9865556
256   8533128
256   8937904
256   8764328
256   9119620
256   9077944
256   9461000
256   9241824
256   9256424
256   9654072
256   10039208
256   9522612
256   9511540
256   9299248
256   9239356
256   8589712
256   9277608
256   9092288
256   9373920
256   9272568
256   9579568
256   9346504
256   8847508
256   9824856
256   9294004
256   8878096
256   9153072
256   9179412
256   9309120
256   9696040
256   9254872
256   9159008
256   9751212
256   9234596
256   9333984
256   9044592
256   8892856
256   9110696
256   9075992
256   9585892
256   9169888
256   9164744
256   9093320
256   9556552
256   9012376
256   9130268
256   9439192
256   9501344
256   9380908
256   9223428
256   9497096
256   9233568
256   8582916
256   9516752
256   8935536
256   9443624
256   9283048
256   9113000
256   9249156
256   9301900
256   8995696
256   9148848
256   9217012
256   9223136
256   9904208
256   9084496
256   9294720
256   8447216
256   9225116
256   8939824
256   8831348
256   9443228
256   9457564
256   8613944
256   9143764
256   9173424
256   9180152
256   9124740
256   9554068
256   10163276
256   8830424
256   9209356
256   8882388
256   8461736
256   9053832
256   9304200
256   8983528
256   9422620
256   9196424
256   9002708
256   9241156
256   9497912
256   8633556
256   9304960
256   9601340
256   9154676
256   9219680
256   8903740
256   8672932
256   9113440
256   9699956
256   8535808
256   9162800
256   9702516
256   8900516
256   9460040
256   8855424
256   9057576
256   9579160
256   9215688
256   9046356
256   8682180
256   9514332
256   9063072
256   9153136
256   9623936
256   9191548
256   9329376
256   9183940
256   9042668
256   9195792
256   9195044
256   9500344
256   9058328
256   9174288
256   9289772
256   9690560
256   9306896
256   8512444
256   9497300
256   9200284
256   8868276
256   9244292
256   10024780
256   9298160
256   9530332
256   9503280
256   9510316
256   9736556
256   9281400
256   8996064
256   8904772
256   8937296
256   9523208
256   9178996
256   9201012
256   9448396
256   9628100
256   9009960
256   8989096
256   9516512
256   9338216
256   9213448
256   9121416
256   9122384
256   9146504
256   9386376
256   9567916
256   9458564
256   8844108
256   8924524
256   9217332
256   9224228
256   9153360
256   9484972
256   9262496
256   8871164
256   9529764
256   9259768
256   9368468
256   9341248
256   9604944
256   8777736
256   9361908
256   8925336
256   9652032
256   8597776
256   9332028
256   9340540
256   9067336
256   8929072
256   9372644
256   9307148
256   9145232
256   9524896
256   9818228
256   9426004
256   9115804
256   9007312
256   8837640
256   9525384
256   8726888
256   9384924
256   9354388
256   9458524
256   9998768
256   9474188
256   9294320
256   9199244
256   9199284
256   9829936
256   9539716
256   9343148
256   8809128
256   9396704
256   8540932
256   9481248
256   8763016
256   9562476
256   9118428
256   9609632
256   9475208
256   8890012
256   9353624
256   9615412
256   9279296
256   8992684
256   9422380
256   9546656
256   9904288
256   9119360
256   9297196
256   9330744
256   8935848
256   8769336
256   8829808
256   8693464
256   9152640
256   9357292
256   8669320
256   9187520
256   9981372
256   9304340
256   9255116
256   8898328
256   9077884
256   9203028
256   8864652
256   9819884
256   9278780
256   9138840
256   9064176
256   8817276
256   8890524
256   8838200
256   9099088
256   9347296
256   9488180
256   9750760
256   9660244
256   9177372
256   8867856
256   8759692
256   9452428
256   9476824
256   9273380
256   8707148
256   9341628
256   9472580
256   9147044
256   8590108
256   9307152
256   9386368
256   9475404
256   9241200
256   9215220
256   8806512
256   8633976
256   8661624
256   9264012
256   9247700
256   8942012
256   9780968
256   8692996
256   9320664
256   9234528
256   9603860
256   9532960
256   9378364
256   9494836
256   8717560
256   8754528
256   8519788
256   9062860
256   9062900
256   9005376
256   9235672
256   9737668
256   9689224
256   8777656
256   9454052
256   8958868
256   9609976
256   9648604
256   9798348
256   9134356
256   9884628
256   9106464
256   9153048
256   9567340
256   9205104
256   9217744
256   9168984
256   9468724
256   9324356
256   9678832
256   9877432
256   9268792
256   9348992
256   9263132
256   9108160
256   9638824
256   9743768
256   9012124
256   9556668
256   9132364
256   9328612
256   9218140
256   9073888
256   9399208
256   8658772
256   8776784
256   10092772
256   9098244
256   8396108
256   9006588
256   9118300
256   9226452
256   8665940
256   9299908
256   9069000
256   10220328
256   9395248
256   8914812
256   9235216
256   9542392
256   9039912
256   9133388
256   9765656
256   9788156
256   8890308
256   9163284
256   9138040
256   9148068
256   9364888
256   9242920
256   9252304
256   9765020
256   8794712
256   8977044
256   9262200
256   8795448
256   9606840
256   9114124
256   9594364
256   8786132
256   9247124
256   8902436
256   9123032
256   9723636
256   9686924
256   9239804
256   9700472
256   9429976
256   9063068
256   9289932
256   9204712
256   9180904
256   9614712
256   8406660
256   9381656
256   9286936
256   8627252
256   9530416
256   9283908
256   9657456
256   9510412
256   9363524
256   9022924
256   9433212
256   9011080
256   9757456
256   9329760
256   9440292
256   9272992
256   9558612
256   8930132
256   10052164
256   9654428
256   9178456
256   9071748
256   8834016
256   9521912
256   9425148
256   9648144
256   9362676
256   9217908
256   9831488
256   8900296
256   9355104
256   9274416
256   9376764
256   8382780
256   9109140
256   9191120
256   8966236
256   9459396
256   8927468
256   9445348
256   8917728
256   8815296
256   9808592
256   9089456
256   9034760
256   9054576
256   8910768
256   9911016
256   8059272
256   9165232
256   9080152
256   9041660
256   9528412
256   9460192
256   9091504
256   10087508
256   8920340
256   9305304
256   8767400
256   9202908
256   9093540
256   9761596
256   10164380
256   8965956
256   9150712
256   8806608
256   9300436
256   9471196
256   10133012
256   8671280
256   9157576
256   9656668
256   9419284
256   9104856
256   9099992
256   9593764
256   9320732
256   9149192
256   9203936
256   9571272
256   9510200
256   8072448
256   9461824
256   8255312
256   9085908
256   9568552
256   9461708
256   9473332
256   9257580
256   8930160
256   9061420
256   9315276
256   9088396
256   9365348
256   9288692
256   9399584
256   9329404
256   9299732
256   9089712
256   9714108
256   9233964
256   9005180
256   8880788
256   9180684
256   9045280
256   9010916
256   9415136
256   9629504
256   9321288
256   8627524
256   8625296
256   9176660
256   9487540
256   9046112
256   8981412
256   9724932
256   9449720
256   9265632
256   8981320
256   9750972
256   9154956
256   9441424
256   9182068
256   9800012
256   8793504
256   9804280
256   9452640
256   8782956
256   8190476
256   9158896
256   9396484
256   9368996
256   9357880
256   9126632
256   9149552
256   8984620
256   8827364
256   8883404
256   9156104
256   9753704
256   8332720
256   9275896
256   9122904
256   9006372
256   8830200
256   8684888
256   9260164
256   9296964
256   9474548
256   9625368
256   9452320
256   9200188
256   9312296
256   9173016
256   9841744
256   9878100
256   9407632
256   10058680
256   8612356
256   9068228
256   8440488
256   8601220
256   9186692
256   8765208
256   9129876
256   8836788
256   9012056
256   9408212
256   9298028
256   8679916
256   9402460
256   9556312
256   9387872
256   8726116
256   8949248
256   9194584
256   8801480
256   9649668
256   9312200
256   9354360
256   8878344
256   9141316
256   9492564
256   8927568
256   9051644
256   8930160
256   9265360
256   9235156
256   8661428
256   8932204
256   9074072
256   9440856
256   9811032
256   8986448
256   9637936
256   8973976
256   9123600
256   9154328
256   9340084
256   8916408
256   9042304
256   8903556
256   8349240
256   8642132
256   8703588
256   9111360
256   9073976
256   8991264
256   9221552
256   9375284
256   9516352
256   8502072
256   9097248
256   8856172
256   9101728
256   9185696
256   9019524
256   9157452
256   9206024
256   9239964
256   9231960
256   9357604
256   9204584
256   9368020
256   8943092
256   9661088
256   8696500
256   9458136
256   9527756
256   9245320
256   9034136
256   9060812
256   9603460
256   9590124
256   9197644
256   9630252
256   9052848
256   8818128
256   9899716
256   9697868
256   9551068
256   8968492
256   9647756
256   8844296
256   8871360
256   9097964
256   9473408
256   9444528
256   9275516
256   9501476
256   9569824
256   8716140
256   9283444
256   9422384
256   9729768
256   8791100
256   9349468
256   8914580
256   8811000
256   9201400
256   9169952
256   9084268
256   9244836
256   10003720
256   9124152
256   8908136
256   9208180
256   9500400
256   9187128
256   9769792
256   8776664
256   9415656
256   9355524
256   9818660
256   9015488
256   9030824
256   9245440
256   9826584
256   9252620
256   8972296
256   9206368
256   7931680
256   9556952
256   9675364
256   9139728
256   8958616
256   9636932
256   8959624
256   9862240
256   9424884
256   9530788
256   9309532
256   9758520
256   8916084
256   9107404
256   9661404
256   9205248
256   9672048
256   9405396
256   8671000
256   9013676
256   9679820
256   9441452
256   9540808
256   9281052
256   9077944
256   8757164
256   9489212
256   9372384
256   9670064
256   9413748
256   9392568
256   9279580
256   8741276
256   9120352
256   9114060
256   9092752
256   9215724
256   9014092
256   9342336
256   9390472
256   9649648
256   9499516
256   9278400
256   8575588
256   9050696
256   9926848
256   9223024
256   9256608
256   9522860
256   9450144
256   9161868
256   9183396
256   9637256
256   8885240
256   9468628
256   9364984
256   9075944
256   9306768
256   9282108
256   9276688
256   9436208
256   9326056
256   8919632
256   9463452
256   9032796
256   9247072
256   9469392
256   8993628
256   9541032
256   9312356
256   9419532
256   9140364
256   9879876
256   9542952
256   9373300
256   9215544
256   9310824
256   8751300
256   8849352
256   9410584
256   8938252
256   9667032
256   9120396
256   8869472
256   9214260
256   9271552
256   9166008
256   9268468
256   9678732
256   9556612
256   9202460
256   9886936
256   9211604
256   8647988
256   8743520
256   8497300
256   9169072
256   9872772
256   9049776
256   9798256
256   9861824
256   9642572
256   9501784
256   8986992
256   9491528
256   9241900
256   9154204
256   8987760
256   9255384
256   8904360
256   8605548
256   9264840
256   9172436
256   8957364
256   9453116
256   9591792
256   9176784
256   9614292
256   8957956
256   9682344
256   8757496
256   9224876
256   9178708
256   9082688
256   8976132
256   8697948
256   9086664
256   8659052
256   9526440
256   8988536
256   8856416
256   8947160
256   9153208
256   9207456
256   9165876
256   9629040
256   8429404
256   9443096
256   9503552
256   9102660
256   8942724
256   8760544
256   9113004
256   9422884
256   9070572
256   9237292
256   9421180
256   9051704
256   9822452
256   9364752
256   9363600
256   9089172
256   9501320
256   9085388
256   9154276
256   9459568
256   9481344
256   9371656
256   9000080
256   9105184
256   9402240
256   9343048
256   9562020
256   9530452
256   9668912
256   8669940
256   8735180
256   9240216
256   8890924
256   9389284
256   9421452
256   8400568
256   9102600
256   9342080
256   9962608
256   9098908
256   9094340
256   8891668
256   9540076
256   9573752
256   9349256
256   9190704
256   9118676
256   9316376
256   9306996
256   8575116
256   9052204
256   8243236
256   9675280
256   9263668
256   9277088
256   9322704
256   9077716
256   9347708
256   9189472
256   8855836
256   8974556
256   9147624
256   9566760
256   9720596
256   9197888
256   9238868
256   8579188
256   9598096
256   8612172
256   9250732
256   9050532
256   9379648
256   9245276
256   9326136
256   9657240
256   10214764
256   9292548
256   9025156
256   9787120
256   9289456
256   8935064
256   8899664
256   9496412
256   9296104
256   9243624
256   9320392
256   9238944
256   9585360
256   9526852
256   9588372
256   8839360
256   9334276
256   9553608
256   9590196
256   9112088
256   9111548
256   8643336
256   9454996
256   8454692
256   9469256
256   9438652
256   8974776
256   9398596
256   9194904
256   8801168
256   9327752
256   9064568
256   8836724
256   9243444
256   9017604
256   9836112
256   9128096
256   9410392
256   9565992
256   9417640
256   9349048
256   9699064
256   9263052
256   8980632
256   8430788
256   9355472
256   9749088
256   9416112
256   9464892
256   9138632
256   8855916
256   9209912
256   9437352
256   7888984
256   8818612
256   9283260
256   9449884
256   9742628
256   9770576
256   9061260
256   9781284
256   9177100
256   9821384
256   9046252
256   9150488
256   9178644
256   8643300
256   9585596
256   9552808
256   8469912
256   9348384
256   9077528
256   8919360
256   9149036
256   9321380
256   9701572
256   9036184
256   9248228
256   9022752
256   9114304
256   9270776
256   8961524
256   9220428
256   9244344
256   8969688
256   9207100
256   9201556
256   9501076
256   9488044
256   9009632
256   9701752
256   9211356
256   9342240
256   9105100
256   9670800
256   9276192
256   8776560
256   9266032
256   9118056
256   8306924
256   8967808
256   9700456
256   8985840
256   9096556
256   9222704
256   9459760
256   9179800
256   9247124
256   9489976
256   9610600
256   9314516
256   9150104
256   9242112
256   9100144
256   8819328
256   8846516
256   9739560
256   9359872
256   9204028
256   9370052
256   9255896
256   8515672
256   8935356
256   9233464
256   8898752
256   9576344
256   9586572
256   8887144
256   9191328
256   9289104
256   9292668
256   8719356
256   8963824
256   9241904
256   8807836
256   9078028
256   9198444
256   9390500
256   9287556
256   9443568
256   8934136
256   9269320
256   9131476
256   8495004
256   9418872
256   8839760
256   8943920
256   9708692
256   8834084
256   9097156
256   9651472
256   8960604
256   9173544
256   9442816
256   9362636
256   9178628
256   9117936
256   9749624
256   9248680
256   8819488
256   9171564
256   9379376
256   9367304
256   8923600
256   9492432
256   8779832
256   9172956
256   9295528
256   9438260
256   9503416
256   8992000
256   9061760
256   9251096
256   9342720
256   9309200
256   9842312
256   9358364
256   9501580
256   9106620
256   8805028
256   9138044
256   9790008
256   8607508
256   9263724
256   9696536
256   9052080
256   9268272
256   9054512
256   9160308
256   9474276
256   9258024
256   9660668
256   8692848
256   9389936
256   9280716
256   8913016
256   9303908
256   9123592
256   9415476
256   9399068
256   8856408
256   9404884
256   9494888
256   9052908
256   9219636
256   9307576
256   8837400
256   9277404
256   10182712
256   9221708
256   9585312
256   9043256
256   9202544
256   9070408
256   9327236
256   9028968
256   9252764
256   9605820
256   8843172
256   9173096
256   9006732
256   8898536
256   9136408
256   8929880
256   8995988
256   8906432
256   9326592
256   9060716
256   9385016
256   9287756
256   9213556
256   9481796
256   8720944
256   8763952
256   8985468
256   8826608
256   9080352
256   9309892
256   8204848
256   9852068
256   9676388
256   9627900
256   8609900
256   9194068
256   9269372
256   9564052
256   9487428
256   9078336
256   8364032
256   8839552
256   9215208
256   9075476
256   9064300
256   8697748
256   8259736
256   9627224
256   9218948
256   9552660
256   9206852
256   9173372
256   9263028
256   9239856
256   9006320
256   9225176
256   9234376
256   9220520
256   9538808
256   9185412
256   9468096
256   9159216
256   9193488
256   9189916
256   9295340
256   9466452
256   9274700
256   9570064
256   8679352
256   9219908
256   9027788
256   9233316
256   8663916
256   8607020
256   9184176
256   9431440
256   8454688
256   9051036
256   9236548
256   8800756
256   9667392
256   9299372
256   9264672
256   9144496
256   9890100
256   10016308
256   9196712
256   9149500
256   9208536
256   9151668
256   9087672
256   9632932
256   9205400
256   9445264
256   9137480
256   9246212
256   9499844
256   9762008
256   9712440
256   9154732
256   9660672
256   9450632
256   9550156
256   8922996
256   8983724
256   9442584
256   9601960
256   8727168
256   8792224
256   9270112
256   9481000
256   9788032
256   9317208
256   9401036
256   9102828
256   9350488
256   9120852
256   9242876
256   9160372
256   9003444
256   8767532
256   8735304
256   9042792
256   8880988
256   9392936
256   8962056
256   8776304
256   9200040
256   8860948
256   9578264
256   9039016
256   9158828
256   9041692
256   8860288
256   9105656
256   8988256
256   9493384
256   9468820
256   8743712
256   9015088
256   8877800
256   9377548
256   9406284
256   9160124
256   9409912
256   9288348
256   9246712
256   9047236
256   9489004
256   9295116
256   9091252
256   9395156
256   9885516
256   8423356
256   9475820
256   9405816
256   9201376
256   9143644
256   9264584
256   8812484
256   9166296
256   9672348
256   9241708
256   9151864
256   9726956
256   9248136
256   9404452
256   9139860
256   8721540
256   8835204
256   9362588
256   9214348
256   9275540
256   8956652
256   9503784
256   9707368
256   9301948
256   9150380
256   9193220
256   9330960
256   9389580
256   9693868
256   9210004
256   8719784
256   8699620
256   9136892
256   8710472
256   9073140
256   8893212
256   9332452
256   9544444
256   8495904
256   9058004
256   9440972
256   9969088
256   9769340
256   9001020
256   8908120
256   9314400
256   8886264
256   9365656
256   8572628
256   9468064
256   9134788
256   9958052
256   9350664
256   9060236
256   8865052
256   8974808
256   9013748
256   9054984
256   9405328
256   8779752
256   9297132
256   8131020
256   9189188
256   8802800
256   9196824
256   8732008
256   9157884
256   9799060
256   9942464
256   8961680
256   9038468
256   9138924
256   9667020
256   8978524
256   9425964
256   9614628
256   8970056
256   9143824
256   9275420
256   9429772
256   9294932
256   9146008
256   9426528
256   9515084
256   8878376
256   9496880
256   9077056
256   9402068
256   9323140
256   9309584
256   9036960
256   9106876
256   9552500
256   8988324
256   8763524
256   9083048
256   9580020
256   8759284
256   9077220
256   9054100
256   9724200
256   9007572
256   8875412
256   8902500
256   9599568
256   9195968
256   9299752
256   9304080
256   9398228
256   9564168
256   9017404
256   9019036
256   9444532
256   9514412
256   9157220
256   9236052
256   8791592
256   9101872
256   8937180
256   9424860
256   9326924
256   9391600
256   9212228
256   9090372
256   9546096
256   9410292
256   8806288
256   9514452
256   9162792
256   10126212
256   9576468
256   9209324
256   9128924
256   9288948
256   9550956
256   9397900
256   9531992
256   8717844
256   8631212
256   9400484
256   8405668
256   9284276
256   9650388
256   9819116
256   8930072
256   9700276
256   8939368
256   9127432
256   9497872
256   8764884
256   9335632
256   9550768
256   8720116
256   8915216
256   8857884
256   9083356
256   8754296
256   9279552
256   9335604
256   9272108
256   8926884
256   9262348
256   8723980
256   8986528
256   9716068
256   8719120
256   9275196
256   9653080
256   8677036
256   9096828
256   8692952
256   8866020
256   9292940
256   9211604
256   9252528
256   9521324
256   9591416
256   9249596
256   8995844
256   9813972
256   9420424
256   8550972
256   9759476
256   8857852
256   9377916
256   9602256
256   9990304
256   9509192
256   9280912
256   8999840
256   8938360
256   9946444
256   9403408
256   8987388
256   8889468
256   8790488
256   9344508
256   9120556
256   8836312
256   9567564
256   9419532
256   9593932
256   9447036
256   9159144
256   9191956
256   9887620
256   9227504
256   8865496
256   9593300
256   9086164
256   9669128
256   9186576
256   8638932
256   9089652
256   9682444
256   10223200
256   9078592
256   8547092
256   8632500
256   9353692
256   9321864
256   9217348
256   9395068
256   9866032
256   9344752
256   9804972
256   9381252
256   8914788
256   9374984
256   9411196
256   8835832
256   9453516
256   8942376
256   8797656
256   9361036
256   9015248
256   9228900
256   9548516
256   8939116
256   9433164
256   9358448
256   9223376
256   9659656
256   9211500
256   8631836
256   8710020
256   9216288
256   8577724
256   9345580
256   9299468
256   9259748
256   9107632
256   9351848
256   9359144
256   8773628
256   9718136
256   8945744
256   9760616
256   9286924
256   9054084
256   9195024
256   9400180
256   9325944
256   8464556
256   9111108
256   9023848
256   9103904
256   9501488
256   9650816
256   8831000
256   9322772
256   9610704
256   9590556
256   9470704
256   9177504
256   8777496
256   9177844
256   8705104
256   9178992
256   9359380
256   9460912
256   8768164
256   9427088
256   9690432
256   9208932
256   9246212
256   8602708
256   9432004
256   8888536
256   9282424
256   9570764
256   9218844
256   9147764
256   9183560
256   9651508
256   9008452
256   9127944
256   9257396
256   9465540
256   10362872
256   9404208
256   9309036
256   9250180
256   9420216
256   9587436
256   9038352
256   9153036
256   9499780
256   8731100
256   9480856
256   9093836
256   8801564
256   8809436
256   9323984
256   9666312
256   9402632
256   9368184
256   9257952
256   9502096
256   9016372
256   8727052
256   9551456
256   9179508
256   8967244
256   9543864
256   8599112
256   9341336
256   9465308
256   9212148
256   9445036
256   9829160
256   8974900
256   9526484
256   9005904
256   9009988
256   9296120
256   9162388
256   9099560
256   8683920
256   9413456
256   9140724
256   9538240
256   9366064
256   9662556
256   8517608
256   9138432
256   9492792
256   9632884
256   9410028
256   8984352
256   9467904
256   8978104
256   9608376
256   8872352
256   9627712
256   8498088
256   9126484
256   9511176
256   9374416
256   9157744
256   9246688
256   9311788
256   9099536
256   9406996
256   8795196
256   9074852
256   10135432
256   8840436
256   8936832
256   9291808
256   9143408
256   8790192
256   9298752
256   9052520
256   9303648
256   9121880
256   9586552
256   9195072
256   9519372
256   9716732
256   9100124
256   8985236
256   9192628
256   9045588
256   9606916
256   9126680
256   9054592
256   9156064
256   9531900
256   9417188
256   8801216
256   9523664
256   9186172
256   8884772
256   9037136
256   9198476
256   8874020
256   9247432
256   9513988
256   9083768
256   9625436
256   9105956
256   9621496
256   8639972
256   9596200
256   9823256
256   9169572
256   9228564
256   9469668
256   9582352
256   9518524
256   9030496
256   9334056
256   9169344
256   9567624
256   9566876
256   9051136
256   8676600
256   8960276
256   9590216
256   9778560
256   9142356
256   9737684
256   9021744
256   9286716
256   9387160
256   9569524
256   10086332
256   8175972
256   10102504
256   8948168
256   9712196
256   8847120
256   9493104
256   9324660
256   9092632
256   9053396
256   9252088
256   9121412
256   8978112
256   9210540
256   8906996
256   9428136
256   9120412
256   9082184
256   9062036
256   8936244
256   9657844
256   9111408
256   9291420
256   9221024
256   9693088
256   9485820
256   9162772
256   8846444
256   9146836
256   9140692
256   9216224
256   9252380
256   9515968
256   9492960
256   9480356
256   9340220
256   8854104
256   8458788
256   9947268
256   9007256
256   9358036
256   9351596
256   9530500
256   9594320
256   9784056
256   9362876
256   9204696
256   9018756
256   8279212
256   9407212
256   10131368
256   8454084
256   8897132
256   9108948
256   9092928
256   9401636
256   9369416
256   9423384
256   9819024
256   9412580
256   9441380
256   9633460
256   9351828
256   8764672
256   9599120
256   9377776
256   9468460
256   9379856
256   9426464
256   9516388
256   10059244
256   9615696
256   9150892
256   9335168
256   9281164
256   8942636
256   9260936
256   9571316
256   9032108
256   8851328
256   9374888
256   9282276
256   8874388
256   9252104
256   9453292
256   9606332
256   9633508
256   9209048
256   9561316
256   9558000
256   9381624
256   9113572
256   9184032
256   9699836
256   9438860
256   9092524
256   9590464
256   8225512
256   9086548
256   9137748
256   9202988
256   9116056
256   9588160
256   9688720
256   9597864
256   9419668
256   9502328
256   9028496
256   9554000
256   8933860
256   9151668
256   9194292
256   9628888
256   8884284
256   9271352
256   9241616
256   9402584
256   9271228
256   8736124
256   9562480
256   9370960
256   9524576
256   9174880
256   9089880
256   9538632
256   8665284
256   9184880
256   8859316
256   8844488
256   9942820
256   9085664
256   9140976
256   9405716
256   9008972
256   8918524
256   9269728
256   9279612
256   9276780
256   9717596
256   9277684
256   8995060
256   9507980
256   9145680
256   8492644
256   8844196
256   9122516
256   8918460
256   9652948
256   8815348
256   9259828
256   9081688
256   9290444
256   9332500
256   8455264
256   9204696
256   9466588
256   9642772
256   9564828
256   8656328
256   9808608
256   9089688
256   8860100
256   9130536
256   8989784
256   9142488
256   9246836
256   9245668
256   8800180
256   8366424
256   8859544
256   8935184
256   8762608
256   9519808
256   9100640
256   9319852
256   9424312
256   9137472
256   9307700
256   9309500
256   9466100
256   9542264
256   9416984
256   9570000
256   9139880
256   8860584
256   9171392
256   8554636
256   9560036
256   9387192
256   9208444
256   8966032
256   9829976
256   9109984
256   8507688
256   9349680
256   9194916
256   9151472
256   9377804
256   9247092
256   9346164
256   9631580
256   9498176
256   9517012
256   8648280
256   9456896
256   9682824
256   8521988
256   9332820
256   8986560
256   9536296
256   9531180
256   8739760
256   9221268
256   9341616
256   9509636
256   9567048
256   9351160
256   8753364
256   9002748
256   9692404
256   8418540
256   9253424
256   9163780
256   8758984
256   9260132
256   9645076
256   9026048
256   9304376
256   9307380
256   9576236
256   8535760
256   9020412
256   9112672
256   8842380
256   9122456
256   9053120
256   8870968
256   9113596
256   9275064
256   9410512
256   9065668
256   9092880
256   9256320
256   8909892
256   9516132
256   9102972
256   9435720
256   9337012
256   8952932
256   9113720
256   8588204
256   9085176
256   9159340
256   9032272
256   9217264
256   9412820
256   9100760
256   9450768
256   9239576
256   9110304
256   8997776
256   9330548
256   9109940
256   9332964
256   9994272
256   9204112
256   9403172
256   9549628
256   8930600
256   9291692
256   9117124
256   8620240
256   9496972
256   9364280
256   9125076
256   9244472
256   9811672
256   9352964
256   9538776
256   9630520
256   9586524
256   9300532
256   8974760
256   8920472
256   9255388
256   9267368
256   9648516
256   9098196
256   9337072
256   9150464
256   9145228
256   9627032
256   9688368
256   9054692
256   9234380
256   9223984
256   9499496
256   9350168
256   9542324
256   9397612
256   9086804
256   9451316
256   9772328
256   9323764
256   9547000
256   9385272
256   9447276
256   8912364
256   9301724
256   9330808
256   8505880
256   9239740
256   8699576
256   9614616
256   9712756
256   8818124
256   8855788
256   9893444
256   9271904
256   9240088
256   9336380
256   9391668
256   9054024
256   8967540
256   9351336
256   8525520
256   8688768
256   9084836
256   9065736
256   9556384
256   9022916
256   9373240
256   9415460
256   9144500
256   9006404
256   9279904
256   9509632
256   9370980
256   9539160
256   9660860
256   9701700
256   9354072
256   9373604
256   9375052
256   9488200
256   9277004
256   8966832
256   8971088
256   9497912
256   9342996
256   9522800
256   9199060
256   10034112
256   9055388
256   9597604
256   9892500
256   9569252
256   9128412
256   9102376
256   9141092
256   8937348
256   9256312
256   9582004
256   9257320
256   9159096
256   9075332
256   8736828
256   9049900
256   9312912
256   9571412
256   9085900
256   9488908
256   9255544
256   9624884
256   8941752
256   9002916
256   9685380
256   9084408
256   9340296
256   9424212
256   8656140
256   9091096
256   9038332
256   9124988
256   9023772
256   9119216
256   9006532
256   8384604
256   9612888
256   8966188
256   9276220
256   9495656
256   9576188
256   9127436
256   9417016
256   8937852
256   8776336
256   9698544
256   8927436
256   9195576
256   9423960
256   9237904
256   8562912
256   9185912
256   9520764
256   8445184
256   8799348
256   8934368
256   9891120
256   9333688
256   9419548
256   9463792
256   9566172
256   8934152
256   9870068
256   9458264
256   8543940
256   9023940
256   9227612
256   9546032
256   9360092
256   8985864
256   9557360
256   9576488
256   9309660
256   8812328
256   9409304
256   8615744
256   8736216
256   10255412
256   9210704
256   8830124
256   9661020
256   9226332
256   9209460
256   9792196
256   8686868
256   8978044
256   8963856
256   9059704
256   9313060
256   8939876
256   9850300
256   9351696
256   10059592
256   9370912
256   9851636
256   8709424
256   9224280
256   8943064
256   9169636
256   9306664
256   9200772
256   9603648
256   9095652
256   9349788
256   8810492
256   9265412
256   9122104
256   9321668
256   9191536
256   8933520
256   9026632
256   9643980
256   9056860
256   8782228
256   9191920
256   8770776
256   8834736
256   9704984
256   8728928
256   9002392
256   9818292
256   9026968
256   9011432
256   9418580
256   9123480
256   8704044
256   8900604
256   8992464
256   8970184
256   9596440
256   9367788
256   9536968
256   9359640
256   9171396
256   8847596
256   9690156
256   9283056
256   9132856
256   9291016
256   9777888
256   9337100
256   8821300
256   8893508
256   9363484
256   8861024
256   9240788
256   9414680
256   9300004
256   9797848
256   9615028
256   9615160
256   9630592
256   9560552
256   9473156
256   8534640
256   9116220
256   9330124
256   9212700
256   9361936
256   9560352
256   8949476
256   9216016
256   9153088
256   9561936
256   9156160
256   9402620
256   9582560
256   9098372
256   9145228
256   9299500
256   9307200
256   9228560
256   8812012
256   9180052
256   9722780
256   8854540
256   9395728
256   9242808
256   9028160
256   9141084
256   9195228
256   9051112
256   9045608
256   9402320
256   9127728
256   9236508
256   9531124
256   9345252
256   9174912
256   8819628
256   9197356
256   9136868
256   8878388
256   9254360
256   9269212
256   8778312
256   8878596
256   9187524
256   9438028
256   8770860
256   9529960
256   9238448
256   9338228
256   9090468
256   9291740
256   9935288
256   9220736
256   9540748
256   8753632
256   9738108
256   9398248
256   9160172
256   9625884
256   9974676
256   9390536
256   8977748
256   8870608
256   8945552
256   9119552
256   9169084
256   8921264
256   9284388
256   8628400
256   9405068
256   9344244
256   9420556
256   8964628
256   9184284
256   9613460
256   9150544
256   9383312
256   9350204
256   9859632
256   9588024
256   9068860
256   9741312
256   9365000
256   9456080
256   9019620
256   9138264
256   9542004
256   9231948
256   9220996
256   9115248
256   9150168
256   9346392
256   9159056
256   9522588
256   9535400
256   9053560
256   9364460
256   9117812
256   9108720
256   8853456
256   9407360
256   9005260
256   9274712
256   8860724
256   8890352
256   9084728
256   9264508
256   8896788
256   9012872
256   9746832
256   9105876
256   9521372
256   8913060
256   8707648
256   9545304
256   9292472
256   9228784
256   9123792
256   9211880
256   9183156
256   9353436
256   9058580
256   9370420
256   9028544
256   8852040
256   9065920
256   9093796
256   8875720
256   8518072
256   9424572
256   9237040
256   8859280
256   9465036
256   8777416
256   9098388
256   9553684
256   9301864
256   8874028
256   9767188
256   8763616
256   9408628
256   9440148
256   8314808
256   8624556
256   9393208
256   9257680
256   9522896
256   9401508
256   9341796
256   8940808
256   9389860
256   9423000
256   8975336
256   9030232
256   9353220
256   9041220
256   8963000
256   9234072
256   8937488
256   9119748
256   9453724
256   9524228
256   9292104
256   9459024
256   9039752
256   9110852
256   9199180
256   9151976
256   9001260
256   9640616
256   9385520
256   9560500
256   9240016
256   8974432
256   9630448
256   9427580
256   9038012
256   8769452
256   8978800
256   9431120
256   9797160
256   9063012
256   9580832
256   9191740
256   9253076
256   9225592
256   9148540
256   9736884
256   9529268
256   9252552
256   9067628
256   8507600
256   9277408
256   9395524
256   9574636
256   9274332
256   9283784
256   8868856
256   9279696
256   9463844
256   9172732
256   9098632
256   9255596
256   9134600
256   9282688
256   9620892
256   9525304
256   9392684
256   9089756
256   9540676
256   9074852
256   9503148
256   9129024
256   9516228
256   9004892
256   9320768
256   9271540
256   8861180
256   9541700
256   9832664
256   9100188
256   8886132
256   9383936
256   8761164
256   9670236
256   9407232
256   9078448
256   9420148
256   9183932
256   9115576
256   8992740
256   9246352
256   9516016
256   8993532
256   9107484
256   9171472
256   9434216
256   9681924
256   8307332
256   9638128
256   9375436
256   8911208
256   8773648
256   9629584
256   9137948
256   9679420
256   9135260
256   8905828
256   8998032
256   8999756
256   9026008
256   8830504
256   9098024
256   9669412
256   9484652
256   9269228
256   9266740
256   8866052
256   8696000
256   9231164
256   9089892
256   9246060
256   9621504
256   9351588
256   9522708
256   9541352
256   8768044
256   9302176
256   8859104
256   9050248
256   9722664
256   9336148
256   8887860
256   9592604
256   9017060
256   9093312
256   8809232
256   8882888
256   9276928
256   8961264
256   9220656
256   9424200
256   9178400
256   9801600
256   8866076
256   9674424
256   9261376
256   8876048
256   9436036
256   8940640
256   9011524
256   9598912
256   9106084
256   9694296
256   9028548
256   9463580
256   8804784
256   8908904
256   8492972
256   8784584
256   9234464
256   9085656
256   9083640
256   9265164
256   9124512
256   9888380
256   9132844
256   9265696
256   9029636
256   9784992
256   9627860
256   9336304
256   9118632
256   9246192
256   8831656
256   9287112
256   8945852
256   9122724
256   9570612
256   9613976
256   9151976
256   8606860
256   8774788
256   9010096
256   9316124
256   9368516
256   9349692
256   8999592
256   8981588
256   9101276
256   8797808
256   9349968
256   9400264
256   9503208
256   9006396
256   8982228
256   9071084
256   9310820
256   9301532
256   9669696
256   9218512
256   9553208
256   9311332
256   9077096
256   8712232
256   9308692
256   9055912
256   8857904
256   9027000
256   9532292
256   9874428
256   8992852
256   8419716
256   8944652
256   9532340
256   9184488
256   8993400
256   9712364
256   9377680
256   9448680
256   9368144
256   9064972
256   8963352
256   9267396
256   9184808
256   9608672
256   9319632
256   9567676
256   9457572
256   9080212
256   8878196
256   8464908
256   9227576
256   9334468
256   7821080
256   9568184
256   8828380
256   9167636
256   9212248
256   9124632
256   9685752
256   9112100
256   9183688
256   9516604
256   9129896
256   9218416
256   10107552
256   9284596
256   9325764
256   9821484
256   9030988
256   9112772
256   9126056
256   8954452
256   9653752
256   9213496
256   9801608
256   9543620
256   9028792
256   9064748
256   9330496
256   9359808
256   9049396
256   9088448
256   9123720
256   9203704
256   9095012
256   9021380
256   8921240
256   8706524
256   9397568
256   9408760
256   9022316
256   9466520
256   9237028
256   9314424
256   9128008
256   9389096
256   9066216
256   9421228
256   9535128
256   9228788
256   9116032
256   9262924
256   9732264
256   9393112
256   8778368
256   9329636
256   9654800
256   9695788
256   9331448
256   9798092
256   8876348
256   8703688
256   9070756
256   8419684
256   8940664
256   9213380
256   9592548
256   9415224
256   9115304
256   8820032
256   9307884
256   9308088
256   9243340
256   9571408
256   8898516
256   9080668
256   9211160
256   9239316
256   8974168
256   9857560
256   9354744
256   9620272
256   8556508
256   9604740
256   9226924
256   9747220
256   9195900
256   9645780
256   9121772
256   8990592
256   9435860
256   9228792
256   8620800
256   9055980
256   9147400
256   9695484
256   9074372
256   9394488
256   9324788
256   8782520
256   9021148
256   9430340
256   9766084
256   9307976
256   9221516
256   9354504
256   9705876
256   9278800
256   9317480
256   7982580
256   8855764
256   9373916
256   8947464
256   8861460
256   8973632
256   9194492
256   8709332
256   8958504
256   9031416
256   9215984
256   9618204
256   9803800
256   9197204
256   9353764
256   9133604
256   9055756
256   9346652
256   8864936
256   8905828
256   9973556
256   9027256
256   9214140
256   9725736
256   9006312
256   9391092
256   8849696
256   8700908
256   9600840
256   9130744
256   9965748
256   8860076
256   9105908
256   9426808
256   9356028
256   9064432
256   8242136
256   8749992
256   9333256
256   8981348
256   9246992
256   9832936
256   9581664
256   9537216
256   9292876
256   9094580
256   9420616
256   9194104
256   9229308
256   9046792
256   8843900
256   9368828
256   9328716
256   9466812
256   9154468
256   9683992
256   9401136
256   8293184
256   9468708
256   9422048
256   9686192
256   9012840
256   8692800
256   9025700
256   9166136
256   9095756
256   9576716
256   9178900
256   8780840
256   9523784
256   9973796
256   9707648
256   9199936
256   9101484
256   9514768
256   9177260
256   9575792
256   9405696
256   8712896
256   9047028
256   8929536
256   9469204
256   8982968
256   9031084
256   9528952
256   9352116
256   8894940
256   9093828
256   9086340
256   9170220
256   9564588
256   8832272
256   9200748
256   9774968
256   9428136
256   9211852
256   9275460
256   9028628
256   10400360
256   9131620
256   9331576
256   9275724
256   8744128
256   9561604
256   9618376
256   9223768
256   9508924
256   9537472
256   9334156
256   9016096
256   8624528
256   9057864
256   10454088
256   8990648
256   9053916
256   9154760
256   9316808
256   8623840
256   9119608
256   9201508
256   9803248
256   8677452
256   9593580
256   9274080
256   9325528
256   9007804
256   9704052
256   9173220
256   8619684
256   9497236
256   9259536
256   9262128
256   9325588
256   9066512
256   9661580
256   9058508
256   8809320
256   9119120
256   9487624
256   8982960
256   8711800
256   9309484
256   8380476
256   8549520
256   8777796
256   9353120
256   9697668
256   9716640
256   9624680
256   9338184
256   9642076
256   9444956
256   9351956
256   9110404
256   9234624
256   9030828
256   9304676
256   9028420
256   8540220
256   9140048
256   10058836
256   8854388
256   8682256
256   8949060
256   8806532
256   9424272
256   8935836
256   8846996
256   9307456
256   9282960
256   9082152
256   8749684
256   8999724
256   8905168
256   9654340
256   9158148
256   9666588
256   9516856
256   9002400
256   8910972
256   8985224
256   9110096
256   9457872
256   9044488
256   9222912
256   9159468
256   8676356
256   9072536
256   9745972
256   9022540
256   9213528
256   9390532
256   9367936
256   9093580
256   8533964
256   9505876
256   9076728
256   9156144
256   9123524
256   9281584
256   9304388
256   9148196
256   8993744
256   8873880
256   9401132
256   9352196
256   9343692
256   8971908
256   9021952
256   8995464
256   9661744
256   9196876
256   9457872
256   9410888
256   9172860
256   9094896
256   9390184
256   9513988
256   9074532
256   9140824
256   8453180
256   8768780
256   9252764
256   8857208
256   8934184
256   9143908
256   9860604
256   8331524
256   9200532
256   9363944
256   9136508
256   9025668
256   8770600
256   9097328
256   9196636
256   8392744
256   8965844
256   8923048
256   9242156
256   9226108
256   9170832
256   9464672
256   8972128
256   10799572
256   10727500
256   10789336
256   10487076
256   10724724
256   11173540
256   10634384
256   10862416
256   10842972
256   10883480
256   11590120
256   11108088
256   10415868
256   11473712

