6   370308
57   1707636
126   3245400
256   6455856
256   6556144
256   6935172
67   2001832
256   7056960
256   7439316
256   7033160
256   6524164
256   7328140
256   7529728
256   7737504
256   6720868
256   7304728
256   7002300
256   6749432
256   6780312
256   6270536
256   7343704
256   7050876
256   7439868
256   7050020
256   6483812
256   7301524
256   7552532
256   7670116
256   6806708
256   7235824
256   6415164
256   7527164
256   7721748
256   7199100
256   6882056
256   7245140
256   7193692
256   7341432
256   6464732
256   7327364
256   7323232
256   7161752
256   7513856
256   6499320
256   7162192
256   8174996
256   8456056
256   7350128
256   8697892
256   9392092
256   9619888
256   9828108
256   9541432
256   9776284
256   9524736
256   9445840
256   9962016
256   8837092
256   9427592
256   9179132
256   9466108
256   9075448
256   9475400
256   9576788
256   9053744
256   8573452
256   9802476
256   9590820
256   9070728
256   9636424
256   9770912
256   9187280
256   9095132
256   9632892
256   9753092
256   9760268
256   10089920
256   9604188
256   8989756
256   8876312
256   9739600
256   9474392
256   9398120
256   9346032
256   9681628
256   9132644
256   9517860
256   9457756
256   9976496
256   9520284
256   9243392
256   9277040
256   9377776
256   9710688
256   9749208
256   9451452
256   9695956
256   9329640
256   8987648
256   9591924
256   9334992
256   9442796
256   9470880
256   9494792
256   9139912
256   9463376
256   9329416
256   9922468
256   9725580
256   9576920
256   9227976
256   9477536
256   9711580
256   9515552
256   9628372
256   9181176
256   9488100
256   9517052
256   9113528
256   9244176
256   9656096
256   9493568
256   9333520
256   9750572
256   9325872
256   9315128
256   9329820
256   8574340
256   8826244
256   9643252
256   9697512
256   9124580
256   9950880
256   9250004
256   9393536
256   9580088
256   8913376
256   8855068
256   10010948
256   9475788
256   8965100
256   9481608
256   9353304
256   8570852
256   9516872
256   9162524
256   9392528
256   9965980
256   9529608
256   9852940
256   9148964
256   8883936
256   9295184
256   9577424
256   9272784
256   9123684
256   9506696
256   9951668
256   8699504
256   9787104
256   9461968
256   9193228
256   9832784
256   9173548
256   8926924
256   9489776
256   9235496
256   9627396
256   9142632
256   9726304
256   9356076
256   9307528
256   8572572
256   9364996
256   9779020
256   9721000
256   9538028
256   9380848
256   9398960
256   9275504
256   9365064
256   9194588
256   9773048
256   9217684
256   9270708
256   9419292
256   9048892
256   9065136
256   9305684
256   9567356
256   9362068
256   9267420
256   9272084
256   9092796
256   9744380
256   10020800
256   9570288
256   9489724
256   9111792
256   9108176
256   9782300
256   9427876
256   9542776
256   9680992
256   9326624
256   9385980
256   9442128
256   9817652
256   9466052
256   9124964
256   8842352
256   9104224
256   9233684
256   9129044
256   9898192
256   9350152
256   8925808
256   9604316
256   9359120
256   8598048
256   10049512
256   9260012
256   8771660
256   9611768
256   9251316
256   9071856
256   9332356
256   8832068
256   9060892
256   9532984
256   8822816
256   9288760
256   9722300
256   9005576
256   9639344
256   9371712
256   9407396
256   9095644
256   10046736
256   9642184
256   9525264
256   9483416
256   9742468
256   9288176
256   9459600
256   9874116
256   9396444
256   9959772
256   9622936
256   9298460
256   9142000
256   9232432
256   9513660
256   9352912
256   9762740
256   9175420
256   9820204
256   9599692
256   9787468
256   9580600
256   9799636
256   9409460
256   9453616
256   9697492
256   9724868
256   9570968
256   9509024
256   9402336
256   9292456
256   9757160
256   9318924
256   9912900
256   9534800
256   9547016
256   9573588
256   9839084
256   9364356
256   9537704
256   9838988
256   9065340
256   10181008
256   9381296
256   9929696
256   9650084
256   9037884
256   9357248
256   9372020
256   9407292
256   9289852
256   10043328
256   9461304
256   8987756
256   9871504
256   9738112
256   9295472
256   9331080
256   8828096
256   9344536
256   9185536
256   9827800
256   9648100
256   9782896
256   9185088
256   9563960
256   9362000
256   9637368
256   9172288
256   10038056
256   9159224
256   9768612
256   9310336
256   9199968
256   9479464
256   9182256
256   9302364
256   9061652
256   9605872
256   9504752
256   9186696
256   9536232
256   9550696
256   9357624
256   9538848
256   9695300
256   9333144
256   9503276
256   9403568
256   9838056
256   9342304
256   9727368
256   9054120
256   9150880
256   8955460
256   9213260
256   9689744
256   8923968
256   9464196
256   9346632
256   10093480
256   9737676
256   9089428
256   9381248
256   9338876
256   9572256
256   10058024
256   9696512
256   9094664
256   9506188
256   9923700
256   9677440
256   9778252
256   9103564
256   9160316
256   9578452
256   9276308
256   9107280
256   9708120
256   9604416
256   10004848
256   9601460
256   9425944
256   9509272
256   9712588
256   9191296
256   9867136
256   9789964
256   9834788
256   9329252
256   9626844
256   8942168
256   9264724
256   9833448
256   9211040
256   9904152
256   9885556
256   11218796
256   10111552
256   9946152
256   9258580
256   9153440
256   9381948
256   9083848
256   8939064
256   9530940
256   9612092
256   9078228
256   9548744
256   10199132
256   9350260
256   9251644
256   9485048
256   9488180
256   9779792
256   8593248
256   9950660
256   9546808
256   9894504
256   9756304
256   9322344
256   9095276
256   8557912
256   9162828
256   9438744
256   9546096
256   9824032
256   9617880
256   9409652
256   9843276
256   9945880
256   8905580
256   9559884
256   9088052
256   9441804
256   9848828
256   9833672
256   9640292
256   9966520
256   9077636
256   9695260
256   9631776
256   9556108
256   9804032
256   9081748
256   8836896
256   9876868
256   9302080
256   9376972
256   9114508
256   9086252
256   10131736
256   8504308
256   9199268
256   9849884
256   9331216
256   9278052
256   9372288
256   9172840
256   9327828
256   9232092
256   9559656
256   9359432
256   9337672
256   9500908
256   9274228
256   9535656
256   9824360
256   9012408
256   9246336
256   9372216
256   9850540
256   9735184
256   9495500
256   9003404
256   9284588
256   9556828
256   9872416
256   8784628
256   8890580
256   9740232
256   8867980
256   9697684
256   9308184
256   9505772
256   9708232
256   9225088
256   8793424
256   9006496
256   9184396
256   9335580
256   8944592
256   9176176
256   9122292
256   9555912
256   9291756
256   9309464
256   9773040
256   9446264
256   9116464
256   9800964
256   9276480
256   9102872
256   9871340
256   9280204
256   9510532
256   9150116
256   9711456
256   9586100
256   9245984
256   9737188
256   9320988
256   9137208
256   9158568
256   9073380
256   9223548
256   9505916
256   9811008
256   9338592
256   9550436
256   10481508
256   9531248
256   9952264
256   9562528
256   9704508
256   9545012
256   8894504
256   9330260
256   9427968
256   9519336
256   9143672
256   9392048
256   9349432
256   9849640
256   9268668
256   9684748
256   9254280
256   9784924
256   9419404
256   10125712
256   9788976
256   9162176
256   9561332
256   9264352
256   9179100
256   9608504
256   9454772
256   9898288
256   9109072
256   8964444
256   9210308
256   9427568
256   9603828
256   9509896
256   9259020
256   9579660
256   9353296
256   9301288
256   9748628
256   9405824
256   9119392
256   9793140
256   9336880
256   9441056
256   9312864
256   9685388
256   9230872
256   9457920
256   9060452
256   9673716
256   9221608
256   9115660
256   8478864
256   9894568
256   9289268
256   9114244
256   9624716
256   9696912
256   9282456
256   9247912
256   9476764
256   9806760
256   9554448
256   9102304
256   8938700
256   9138900
256   9753124
256   9116232
256   9723396
256   9487620
256   9055416
256   9912168
256   9642776
256   10044576
256   9769404
256   9446796
256   9431396
256   9837276
256   9287136
256   9503232
256   8964176
256   9118692
256   9271448
256   9227060
256   9690072
256   10139016
256   9633616
256   9470268
256   9051440
256   9585636
256   9494740
256   9227964
256   9687608
256   9406548
256   9342664
256   9858368
256   9608592
256   9401568
256   9327900
256   9608580
256   9624768
256   9422184
256   9106300
256   9679252
256   9181736
256   9558704
256   9735540
256   8782520
256   9365956
256   8943572
256   9521032
256   9494036
256   9779724
256   9510876
256   9739396
256   9425224
256   9251048
256   9597148
256   9393392
256   9487980
256   9025928
256   9280840
256   9576280
256   9765200
256   9373092
256   9604920
256   9174848
256   9883764
256   9415016
256   9382324
256   9197940
256   9232384
256   9667260
256   9545800
256   9671164
256   9683072
256   9261820
256   9120584
256   9644788
256   9774164
256   9474720
256   9103408
256   9837148
256   9258128
256   9602784
256   9289540
256   8522208
256   9003848
256   9284128
256   9274984
256   9669712
256   9274380
256   9013576
256   8973256
256   9604296
256   9122376
256   8994052
256   9146336
256   10241936
256   9871104
256   9285292
256   9007372
256   9464568
256   9769652
256   9355584
256   9214204
256   9945476
256   9473840
256   9221540
256   9636012
256   9253792
256   9418564
256   9462056
256   9350344
256   9096056
256   9406880
256   9350092
256   9429308
256   9740560
256   9923916
256   9674832
256   9260496
256   9298404
256   9372064
256   9256652
256   9536004
256   9290372
256   9709300
256   9582244
256   9109976
256   9767952
256   9566004
256   9515160
256   9310916
256   9418848
256   9095348
256   8901536
256   9173896
256   9640752
256   9548412
256   8965380
256   9574896
256   9478124
256   9409212
256   9546648
256   9290240
256   8706880
256   9759924
256   9442268
256   9256160
256   10265152
256   9829472
256   8600372
256   9802536
256   9490588
256   9898052
256   8967616
256   9450804
256   9378892
256   9289044
256   9558228
256   9403800
256   8943540
256   9000336
256   9018536
256   10008312
256   9265416
256   9140980
256   9809332
256   10002520
256   9285720
256   9616272
256   9443284
256   9393488
256   9719892
256   9362596
256   9391152
256   9331460
256   9618556
256   8741300
256   9689976
256   9463112
256   9918664
256   9291444
256   9569412
256   9429060
256   9197168
256   9443076
256   9268220
256   8974420
256   9771312
256   9276228
256   9191320
256   9093156
256   9297132
256   9004220
256   9516236
256   9115240
256   9629920
256   9236004
256   9939964
256   9476816
256   9269580
256   9591628
256   8727864
256   9577588
256   9190892
256   9404048
256   9874244
256   9754036
256   9564036
256   9422512
256   8723540
256   9328116
256   9494752
256   9367468
256   9541160
256   9297088
256   9367112
256   9105296
256   9504944
256   9231540
256   9230132
256   9526968
256   9154860
256   9901360
256   9639880
256   9409168
256   9195332
256   9206828
256   9084272
256   9310956
256   9166072
256   9260984
256   9688300
256   9338000
256   9345388
256   9863388
256   9538404
256   9156968
256   9682788
256   9222936
256   9117912
256   9437976
256   9873996
256   9835256
256   9129496
256   9692108
256   8659760
256   8992284
256   9814288
256   9791408
256   9346376
256   9572764
256   9721712
256   8801368
256   9636812
256   9342632
256   9407428
256   9347556
256   9585716
256   8934464
256   9677068
256   9440012
256   8870332
256   9477140
256   9377024
256   9287156
256   9625888
256   9829584
256   9469304
256   9746116
256   9667220
256   9490516
256   9734236
256   9316268
256   9591924
256   9216732
256   9287424
256   9052136
256   9055920
256   9654480
256   9536048
256   9988300
256   9822888
256   9850496
256   8808228
256   9535788
256   9894052
256   9683896
256   9637956
256   9408876
256   8867384
256   9438832
256   8876420
256   8959652
256   9042776
256   9216368
256   9544548
256   9430932
256   9478276
256   9618056
256   9341432
256   9297976
256   9715560
256   10054992
256   9367700
256   8999916
256   9551908
256   8738280
256   9717128
256   9126064
256   9478284
256   9111192
256   9581824
256   9202628
256   10025856
256   9227472
256   9273524
256   9711484
256   9294628
256   8775040
256   9368544
256   8867364
256   9654716
256   8391972
256   9450732
256   9628980
256   9262276
256   9251140
256   8940928
256   9134376
256   9030472
256   9697492
256   9105224
256   9548480
256   9490124
256   9313596
256   9313944
256   9330864
256   8977688
256   9592064
256   9424316
256   9604724
256   9211256
256   9163296
256   9401348
256   9157648
256   9482432
256   9483188
256   9874608
256   8976900
256   8822128
256   9655608
256   9447232
256   9088460
256   9428036
256   9264972
256   9132560
256   9537096
256   9769308
256   9579956
256   9564720
256   9576472
256   9171344
256   9601800
256   8920916
256   9071092
256   9110000
256   8979600
256   9712800
256   9492272
256   9078916
256   9592808
256   9820296
256   9677276
256   9411856
256   9258200
256   9376040
256   9198572
256   9677860
256   9366516
256   9651400
256   9859420
256   9322048
256   9732808
256   9264620
256   9063800
256   9716544
256   9385096
256   9582480
256   9213768
256   9278568
256   9437264
256   10135560
256   9783660
256   9422112
256   9606244
256   9238560
256   9045704
256   8970768
256   9969784
256   9464344
256   9322968
256   9689232
256   9250640
256   9622532
256   9557372
256   9311964
256   9393156
256   9338676
256   9697812
256   8809756
256   10222244
256   9499984
256   9139492
256   9187068
256   9146712
256   9070884
256   9301196
256   9461464
256   9255240
256   9604084
256   8812396
256   9695048
256   9694556
256   9191456
256   9186876
256   9950048
256   9598696
256   8955988
256   9451972
256   9396144
256   9214772
256   9337332
256   8516512
256   9657944
256   9574180
256   9133152
256   9861508
256   9336388
256   9142048
256   9361608
256   8625144
256   9112300
256   9088976
256   9756920
256   9375388
256   9237688
256   9616392
256   8823696
256   9119076
256   9477516
256   10211740
256   9574568
256   8836340
256   9382528
256   9294808
256   9142280
256   9303768
256   9535620
256   9005680
256   9576352
256   9158060
256   9527176
256   9511744
256   9192684
256   9457524
256   9054208
256   8598120
256   9314692
256   9164936
256   8788300
256   9429420
256   9489816
256   8755308
256   9376332
256   9099668
256   9598856
256   9503816
256   9632260
256   9023268
256   9926592
256   9330544
256   9561600
256   9685780
256   9617356
256   9061176
256   9674012
256   9517652
256   9053208
256   9509084
256   9609288
256   9520524
256   9387756
256   9078532
256   8941104
256   9134476
256   9691416
256   9971472
256   9585032
256   9467316
256   9100992
256   9610260
256   9632660
256   9652848
256   9401520
256   9332460
256   9544444
256   9861588
256   9547288
256   9665620
256   9428996
256   10012340
256   10879976
256   9988272
256   9704856
256   9403948
256   9804820
256   9452224
256   9633920
256   9854424
256   9861916
256   10154656
256   9183432
256   9387100
256   9475612
256   9627336
256   9337604
256   10872824
256   9514056
256   9261676
256   9509628
256   9828504
256   9329024
256   9113540
256   9458184
256   9314424
256   9568520
256   9571024
256   9713484
256   9360288
256   9378760
256   9292012
256   9574420
256   9668284
256   9923704
256   9712516
256   9443872
256   9713408
256   10108196
256   8929128
256   8920124
256   9702548
256   8832968
256   9180640
256   9440012
256   9249232
256   9586492
256   9686740
256   8923520
256   9768184
256   9474840
256   9480828
256   8969712
256   9539788
256   9774564
256   9290136
256   9370148
256   9203908
256   9499452
256   9130248
256   9559576
256   9261516
256   9376368
256   9414072
256   9215576
256   9929328
256   9140020
256   9638812
256   10030624
256   9267864
256   9166380
256   9508112
256   9085828
256   9667476
256   9559188
256   9456748
256   9060416
256   9272404
256   9623216
256   9230056
256   9737440
256   9834540
256   9491300
256   9571848
256   9134396
256   9063372
256   9364012
256   9562164
256   9010728
256   9274480
256   9895232
256   9246544
256   9657928
256   9478156
256   9783380
256   9713356
256   9670236
256   9352468
256   9435792
256   9097252
256   9145876
256   8680308
256   9450656
256   10166492
256   9204032
256   9502648
256   9382028
256   9480892
256   9341980
256   9148876
256   9425268
256   9406240
256   9414728
256   9537464
256   8982108
256   9107468
256   9695896
256   9833044
256   9272908
256   9736376
256   8905840
256   9267984
256   9207072
256   9554884
256   9612212
256   9789216
256   9431712
256   9369932
256   9767652
256   9228288
256   9237756
256   9492740
256   9584948
256   9004332
256   9839616
256   9318908
256   9700608
256   9634784
256   9475928
256   9516104
256   9682596
256   9156384
256   8892356
256   9870580
256   9090488
256   8850732
256   9560448
256   9312508
256   9188644
256   9280832
256   9624748
256   9252152
256   9420268
256   9352884
256   9348436
256   9535924
256   8489732
256   9515176
256   9270776
256   9148884
256   9614512
256   8999144
256   8931164
256   9129540
256   9554116
256   9935104
256   8968128
256   8983080
256   9386008
256   9676904
256   9620816
256   9515504
256   9350860
256   9662280
256   9636396
256   8543924
256   9472684
256   9285076
256   9257388
256   9325856
256   9155996
256   9606972
256   9400336
256   9233668
256   8745876
256   9401756
256   9111136
256   9017336
256   9674480
256   9000096
256   9524740
256   9537048
256   9766108
256   9831268
256   9507044
256   9300808
256   9540600
256   9661468
256   9200640
256   9611224
256   9685328
256   9501592
256   9592620
256   9741040
256   9824028
256   9698740
256   9533944
256   9852972
256   9398388
256   9717260
256   8824456
256   9977544
256   9195820
256   8995996
256   9162592
256   9508508
256   8977696
256   9712376
256   9459696
256   9111904
256   9311512
256   9970892
256   9298776
256   9496968
256   9305088
256   9433632
256   9451056
256   8796516
256   9868956
256   8910552
256   9175792
256   9338980
256   9722996
256   9498448
256   9331564
256   9088104
256   9223016
256   9629116
256   10078320
256   9764404
256   9525968
256   9399716
256   9054812
256   9426524
256   10010456
256   9637204
256   9292276
256   9464564
256   9321272
256   9764736
256   9318716
256   9146036
256   9298304
256   9453260
256   9101760
256   9380044
256   9200144
256   9434292
256   9430040
256   9743600
256   9942416
256   9193540
256   9815776
256   9467540
256   9089480
256   9616388
256   9578240
256   9505536
256   9190988
256   9715432
256   9206008
256   9457332
256   9138332
256   8752032
256   9765116
256   9689116
256   10030704
256   9259964
256   9658588
256   9466164
256   9791684
256   9046856
256   9587188
256   9787388
256   9497872
256   9508068
256   9443460
256   9542660
256   9552184
256   9346184
256   9421572
256   9519852
256   9237180
256   9623484
256   9799096
256   9046068
256   9665160
256   9642016
256   9362940
256   9113844
256   9020888
256   9252504
256   9547640
256   8849776
256   9264572
256   9738244
256   9356428
256   9683748
256   9784664
256   9124996
256   9206832
256   9073288
256   8962904
256   9680672
256   9934536
256   9505808
256   9991000
256   8916996
256   8842536
256   9146980
256   9003348
256   9417160
256   9614260
256   9637536
256   9203676
256   9604884
256   9522784
256   9293856
256   9307860
256   9412664
256   9409876
256   9423132
256   9331204
256   9418592
256   9478612
256   9548304
256   8992792
256   9868944
256   9180152
256   9329612
256   9237832
256   8871512
256   9169112
256   9382944
256   9151712
256   9057292
256   9399204
256   9051156
256   8925616
256   9206164
256   8966684
256   9941940
256   9017360
256   9564336
256   8948876
256   9585536
256   9263848
256   9141832
256   9426152
256   9196796
256   9609444
256   9464796
256   9445792
256   9216080
256   9305448
256   9983528
256   9040748
256   9013444
256   9916288
256   9195944
256   9489032
256   9110928
256   9838560
256   9760676
256   9695440
256   9294988
256   9731552
256   9632820
256   9547964
256   9557856
256   9868280
256   9520144
256   9181164
256   9002176
256   9656212
256   9411140
256   9249432
256   8480672
256   9172108
256   8995188
256   9577120
256   9096384
256   9495700
256   9144408
256   9158100
256   9670344
256   9547420
256   9573136
256   9790680
256   9826240
256   9467540
256   9316584
256   9524308
256   9389820
256   9439688
256   8891960
256   9215580
256   9606060
256   9465964
256   9928460
256   9132460
256   9544116
256   9557912
256   9315372
256   8943732
256   9899556
256   9409112
256   9401380
256   9783932
256   9557840
256   9035964
256   9565464
256   9043428
256   9601272
256   9148120
256   9624448
256   9823092
256   9555608
256   9696984
256   9140896
256   9436016
256   9845336
256   9528468
256   9773376
256   10017064
256   9291504
256   9654556
256   9435864
256   9565376
256   9309208
256   8887656
256   9329396
256   9416212
256   9197872
256   9203052
256   9343388
256   9201164
256   8892516
256   9727508
256   9489596
256   9181132
256   9784152
256   8774532
256   9439796
256   9824540
256   9715528
256   9254492
256   9395228
256   9351836
256   9474248
256   9907236
256   8622220
256   9148648
256   10146808
256   9188724
256   9327912
256   9246928
256   9158216
256   8978624
256   9451380
256   9814928
256   9513316
256   8966844
256   9260704
256   9766076
256   9567216
256   9662044
256   9358524
256   9222728
256   9720696
256   9163268
256   9846032
256   9126888
256   9837808
256   9405456
256   9465668
256   9851384
256   9416640
256   8586500
256   9738232
256   9249172
256   9384396
256   9027856
256   9405380
256   9464036
256   9266776
256   9884304
256   9956696
256   9538236
256   9590528
256   9335956
256   9909680
256   9593004
256   9262116
256   9287360
256   9579620
256   9434576
256   9848732
256   9642264
256   9618676
256   8873012
256   9369112
256   9577456
256   9467316
256   9479556
256   9585260
256   9483564
256   9533180
256   9709232
256   9460376
256   9701288
256   9378104
256   9342412
256   9264484
256   8990784
256   9064872
256   9312048
256   9470168
256   9735904
256   10084412
256   9388876
256   9681944
256   9794084
256   9431000
256   9700100
256   9661804
256   9760272
256   9395424
256   9128064
256   9682608
256   9335128
256   9583740
256   9445808
256   9740584
256   9357020
256   9582720
256   9339424
256   9192460
256   9443956
256   9205432
256   8326472
256   9142616
256   9754164
256   9538160
256   9250600
256   9096496
256   9083388
256   9735164
256   9761536
256   9733764
256   9636696
256   9681900
256   10345572
256   9273496
256   9768604
256   9531364
256   9123444
256   9009312
256   9455368
256   9384716
256   9643832
256   9269828
256   9179288
256   9352512
256   9399204
256   9556588
256   9661036
256   9763856
256   9342032
256   9302256
256   9617696
256   8875300
256   9394524
256   9303228
256   9519552
256   9330448
256   9773352
256   9289012
256   9825304
256   9131032
256   9445052
256   9529672
256   9169304
256   9353892
256   9865364
256   9357772
256   9817312
256   9745700
256   9466836
256   9433008
256   9427036
256   9042964
256   9508576
256   9336064
256   9394440
256   9631244
256   9366908
256   9385368
256   8985100
256   9189756
256   8984192
256   9802988
256   9215548
256   9066760
256   9360796
256   9432216
256   9441548
256   9900008
256   9378412
256   9463924
256   9244100
256   9794060
256   9378880
256   9533668
256   9274120
256   9204380
256   9684256
256   9520756
256   9140092
256   9775352
256   9852668
256   9683804
256   9818856
256   9503480
256   9303384
256   8827468
256   9398240
256   9068896
256   9136816
256   9792512
256   9358696
256   9012680
256   9311720
256   8969612
256   9159040
256   9772992
256   9398880
256   9369996
256   9111348
256   9561512
256   9558944
256   9782512
256   8855348
256   8967204
256   9073416
256   9563648
256   9808948
256   9679664
256   9153932
256   9881780
256   9579204
256   9221696
256   9350236
256   9434116
256   9283044
256   9379376
256   9426160
256   8960360
256   9466240
256   9559732
256   9376480
256   8784568
256   9182912
256   8866236
256   9158444
256   9333608
256   9111396
256   9309144
256   9614148
256   9113980
256   9494096
256   9226024
256   10070612
256   9266564
256   9357620
256   8656284
256   9206064
256   9789036
256   9521496
256   8511228
256   9463560
256   8828732
256   9153960
256   9363676
256   8953400
256   9456600
256   9860192
256   9616388
256   10997224
256   9390656
256   9665380
256   9227892
256   9083560
256   9066552
256   8795772
256   9371520
256   9142756
256   9294720
256   9538700
256   8959668
256   9369400
256   9162428
256   9255812
256   9849092
256   9638008
256   9449672
256   9777624
256   9987012
256   9384720
256   9556328
256   9219968
256   9579624
256   9858384
256   9596568
256   8636864
256   9534992
256   9625460
256   9608932
256   9408508
256   9898088
256   9606632
256   8931400
256   9821580
256   9618316
256   9531316
256   9954832
256   9709752
256   9245916
256   9130376
256   9188688
256   8980388
256   9700452
256   9097796
256   10285552
256   9133512
256   9775456
256   9234708
256   9547256
256   9932728
256   9080432
256   9540952
256   9445884
256   9130644
256   8754396
256   9227728
256   9028848
256   9494348
256   8850364
256   10269364
256   8853020
256   9627944
256   8996476
256   9379116
256   9426872
256   8570656
256   9741464
256   8862476
256   9097164
256   9330316
256   9687284
256   9201308
256   9222508
256   9616748
256   9193664
256   9636968
256   8946116
256   9259456
256   9300328
256   9935720
256   8871116
256   9184796
256   9220032
256   9179124
256   9682344
256   9696916
256   9484468
256   9706488
256   9975576
256   9631592
256   9326600
256   9260472
256   9256384
256   9528352
256   9513080
256   8815964
256   8513264
256   9463888
256   9596976
256   9576732
256   9329044
256   9241316
256   9788020
256   9646948
256   10238280
256   8925148
256   9058448
256   9013572
256   9723728
256   9291288
256   9518612
256   9387852
256   9953392
256   9427196
256   9377428
256   9712336
256   9769544
256   9373604
256   9558016
256   9748084
256   9416372
256   9216428
256   9425924
256   9349752
256   9258892
256   9178720
256   9522216
256   9210440
256   9411684
256   9347036
256   9191524
256   9707628
256   9625628
256   9089092
256   9937152
256   9575812
256   9504472
256   8972400
256   8851292
256   9280788
256   9668852
256   9359084
256   9497372
256   10106820
256   9422776
256   9734192
256   9016868
256   9417732
256   9602212
256   9690560
256   9492632
256   9778232
256   8738068
256   9710324
256   9757656
256   9375308
256   9732976
256   9491332
256   9754784
256   9554392
256   9496408
256   9166868
256   9611640
256   9610920
256   9832276
256   9784648
256   10097936
256   9117360
256   9023000
256   9771900
256   9326432
256   7936912
256   9926772
256   9069320
256   9523208
256   9560464
256   9734420
256   9283284
256   8982588
256   9646480
256   9614216
256   9358900
256   9284364
256   9728208
256   9161104
256   9547088
256   9160620
256   8766460
256   9640640
256   9524500
256   10240444
256   9189888
256   9383472
256   9829296
256   9225972
256   9452068
256   9453060
256   9699124
256   9190904
256   9445480
256   9413244
256   9012408
256   8986700
256   9660044
256   9434836
256   10171332
256   8750140
256   9861196
256   9400056
256   9747656
256   9355336
256   9294076
256   9096824
256   9526628
256   9056976
256   9458132
256   9264224
256   9998120
256   9381264
256   9208632
256   9154368
256   9707920
256   9951720
256   9454396
256   9125508
256   9407812
256   9384776
256   10139024
256   9474388
256   9284748
256   9136204
256   9304948
256   9417136
256   9630556
256   9620772
256   9002292
256   9692640
256   9716808
256   9459012
256   9576736
256   9796744
256   9673844
256   9495124
256   9724220
256   9507200
256   9454428
256   9305444
256   9447976
256   9002844
256   9778280
256   9429868
256   9605912
256   9192920
256   9130128
256   9364176
256   9461064
256   9452468
256   9312716
256   9675960
256   9796292
256   9531488
256   9753120
256   9536728
256   9124276
256   9446620
256   9139540
256   8951468
256   9136320
256   9876704
256   9685400
256   9175648
256   9406632
256   9225212
256   9276336
256   9356420
256   9768620
256   8948224
256   9508044
256   9380232
256   9245400
256   9308664
256   8952708
256   9185448
256   9076820
256   9066940
256   9679532
256   9220360
256   9525276
256   8974888
256   9581060
256   8826132
256   8786104
256   9689252
256   9199236
256   9074020
256   9448224
256   9597600
256   9258532
256   9641448
256   9718744
256   9591484
256   9391808
256   9625804
256   9536148
256   9889344
256   9418316
256   9156660
256   9851024
256   9756608
256   9841336
256   9542360
256   9631492
256   9216048
256   9468752
256   9212692
256   9642176
256   9132096
256   9559780
256   9466352
256   9805756
256   9249356
256   10572460
256   9481316
256   9502036
256   9739800
256   9256956
256   9462576
256   9604188
256   9317928
256   9352680
256   9291408
256   8464248
256   9692840
256   9176016
256   9709620
256   9950988
256   9208516
256   9286840
256   9704336
256   9281904
256   9571072
256   8920028
256   9433168
256   9689368
256   9979400
256   9231736
256   9634056
256   9396156
256   9189252
256   9367612
256   9337500
256   9525616
256   9288336
256   9861864
256   9418500
256   9104672
256   9842200
256   8941832
256   9377556
256   9233272
256   9127064
256   8851184
256   9475448
256   9085640
256   9172808
256   9489740
256   9532780
256   9686208
256   9657360
256   9632804
256   9821264
256   9811024
256   9710008
256   9599768
256   9500736
256   9855432
256   9667356
256   9927412
256   9511396
256   9692744
256   9367396
256   9788064
256   9406592
256   9061548
256   9178540
256   9311412
256   9177356
256   9118352
256   8746984
256   9677304
256   9401632
256   9516300
256   9733624
256   9657928
256   9629024
256   9687608
256   9421808
256   9414192
256   9728104
256   8977756
256   9483952
256   9515852
256   9270980
256   9568040
256   9125700
256   9761428
256   9416964
256   9870200
256   8687796
256   9789140
256   9514604
256   9451332
256   8837116
256   9720484
256   9431684
256   9552772
256   9547524
256   9510624
256   9724456
256   9814988
256   9657816
256   9768924
256   9577924
256   9558896
256   9414224
256   9858028
256   9486896
256   8961568
256   9047824
256   9918232
256   9090256
256   9930620
256   9509684
256   9853908
256   9090288
256   9202408
256   9470164
256   9254568
256   9638940
256   9846972
256   9491216
256   9320744
256   9625848
256   10125732
256   9632168
256   9368032
256   9983348
256   9607604
256   9533828
256   9955908
256   9740012
256   9685052
256   9237808
256   9521204
256   9079772
256   9832088
256   9745948
256   9840280
256   9364032
256   9604844
256   9255300
256   9372928
256   9592620
256   9095132
256   9627760
256   9329616
256   9329404
256   8616252
256   9738680
256   8970412
256   9366508
256   9418516
256   8726436
256   9463160
256   8952260
256   9703996
256   9337256
256   9881960
256   9355888
256   9259444
256   10000296
256   9976232
256   9063440
256   9588320
256   9471584
256   9831344
256   8639796
256   9447832
256   8910616
256   9362224
256   9756356
256   9794876
256   9614224
256   8865244
256   9203572
256   9827864
256   9229060
256   9226808
256   9543972
256   9741612
256   9023220
256   9355168
256   9533464
256   9817172
256   9165444
256   9533380
256   9548172
256   9564312
256   9028840
256   9121440
256   9705260
256   9369736
256   9276512
256   9205580
256   9447124
256   9489496
256   8787200
256   9577060
256   9770904
256   10021184
256   9699440
256   9986060
256   9546760
256   9254660
256   9368064
256   10059016
256   9461096
256   9541872
256   9581492
256   9708692
256   9378464
256   9639208
256   9751040
256   9883792
256   8831860
256   9994220
256   9738288
256   9890388
256   8889072
256   9540860
256   9208820
256   9318424
256   9393796
256   9292180
256   9921352
256   10145900
256   8830016
256   9397496
256   9166948
256   8983520
256   9884928
256   9153124
256   9847728
256   9235876
256   8938168
256   9308120
256   9545112
256   9174072
256   9175844
256   9104924
256   9342224
256   8777092
256   9360788
256   9478696
256   9205156
256   9477104
256   8970236
256   10039464
256   9709696
256   9560116
256   9366216
256   9375004
256   9636296
256   9494624
256   9629956
256   9092352
256   9554588
256   9511592
256   9115804
256   9093376
256   9968560
256   9237052
256   9087520
256   9763796
256   8935184
256   9656804
256   9200532
256   9686252
256   9658172
256   9799424
256   9551968
256   9334036
256   9294952
256   8998952
256   9190256
256   9566448
256   8819700
256   9385148
256   9749660
256   9646668
256   9695800
256   9741304
256   8791196
256   9292648
256   9316776
256   9339492
256   9630544
256   9595832
256   10109376
256   8897060
256   10104120
256   9480092
256   9264400
256   9536916
256   9623360
256   9337652
256   9267912
256   9005328
256   9428736
256   9312436
256   9120236
256   9747684
256   9144528
256   9799192
256   9535464
256   9299752
256   9378000
256   9332908
256   9466204
256   9813432
256   9407328
256   9319156
256   9187928
256   9628412
256   9470160
256   9638432
256   9370572
256   9346536
256   9918548
256   9484884
256   9024972
256   9393296
256   9619864
256   9316860
256   9547392
256   9117844
256   9058180
256   10108952
256   9304780
256   9332176
256   9357732
256   9622316
256   9018460
256   9437860
256   9571136
256   9307456
256   9476560
256   9443592
256   9545600
256   9655260
256   9192596
256   9367100
256   9664544
256   9640252
256   9632068
256   9382320
256   8852888
256   9684308
256   9427072
256   9942832
256   9540472
256   8969272
256   8953624
256   9467000
256   9715908
256   8957540
256   9494580
256   9567908
256   9145120
256   9621996
256   10079448
256   9482752
256   9313720
256   9011256
256   9436108
256   9318484
256   9589516
256   9581696
256   9210260
256   9488484
256   9506024
256   9854120
256   9402708
256   9264384
256   9864328
256   9093912
256   9326068
256   9410588
256   9145716
256   9154948
256   9336896
256   9668320
256   9542588
256   9788968
256   9369440
256   9078496
256   9248404
256   8728516
256   9571536
256   9278232
256   9671500
256   9447428
256   9541892
256   8889296
256   9344328
256   10079988
256   9413848
256   9180732
256   9581932
256   9742684
256   9454448
256   9621216
256   8903140
256   9586228
256   9052512
256   9433412
256   9498728
256   9639104
256   9233800
256   9869944
256   9260848
256   9451924
256   9809736
256   9454140
256   9355392
256   9768272
256   8989580
256   9618064
256   9328556
256   9901224
256   9159300
256   9765300
256   9858172
256   9205372
256   9482872
256   10037816
256   9363080
256   9511984
256   9089576
256   8981240
256   9212376
256   9584032
256   9932024
256   9814284
256   9514248
256   9226596
256   9550356
256   9700496
256   8749088
256   10004388
256   9318356
256   9356948
256   9362792
256   9387148
256   10003072
256   9204816
256   9358868
256   9042936
256   9729004
256   9545744
256   9792064
256   9316164
256   9283816
256   9425396
256   9362408
256   9752976
256   9020892
256   9144596
256   9732080
256   9859184
256   9357700
256   9578184
256   9544320
256   9638404
256   9782096
256   9291208
256   9856340
256   9312192
256   9544908
256   9443032
256   9220980
256   9461416
256   9857120
256   9726456
256   9475900
256   9925268
256   8931492
256   9073364
256   9721456
256   9541216
256   9822204
256   9430060
256   9519408
256   9369660
256   9537292
256   9263668
256   9696400
256   9408840
256   9622360
256   8989004
256   9175712
256   9092636
256   9355640
256   9619320
256   9265132
256   8978276
256   9688864
256   9127016
256   9056284
256   9581816
256   9241188
256   9633748
256   9815220
256   9229172
256   9388720
256   9176016
256   9297720
256   9723800
256   9394580
256   9040984
256   9351960
256   9568644
256   9386868
256   9399344
256   9493384
256   9569716
256   8956492
256   9534508
256   9314592
256   9445984
256   9233644
256   9514708
256   8642404
256   10162308
256   9204980
256   9532448
256   9455132
256   9506964
256   9159152
256   8984688
256   9508644
256   9272448
256   9596724
256   9179580
256   9218204
256   9146708
256   9540224
256   9271056
256   9093048
256   9321520
256   9235600
256   9734268
256   9597424
256   9574028
256   9301996
256   9217556
256   9650556
256   8860560
256   9034360
256   8809012
256   9767280
256   8879516
256   9536160
256   10181444
256   8870796
256   9528168
256   9449148
256   9338212
256   8841564
256   9499772
256   9732456
256   9442960
256   9124736
256   9455332
256   9523964
256   9515644
256   9748384
256   9217852
256   9624680
256   9848836
256   8639748
256   9614444
256   9244600
256   9737172
256   9983516
256   9345620
256   9072776
256   9581408
256   9709100
256   9551296
256   9156356
256   9810244
256   9366264
256   9785180
256   9208992
256   9377952
256   9562636
256   9397016
256   8766756
256   9198160
256   9867512
256   8821960
256   9815596
256   8904068
256   9022416
256   9352836
256   9354252
256   9386964
256   9272860
256   9604348
256   10952376
256   10090728
256   9548864
256   9106212
256   9291796
256   8937928
256   9460760
256   9350644
256   9077300
256   9364320
256   9242264
256   9081468
256   9787696
256   9740160
256   8822956
256   9534380
256   9702280
256   9837428
256   9226884
256   9655964
256   9433092
256   9584792
256   9702024
256   9553632
256   9314272
256   9647332
256   8883036
256   9009108
256   9215576
256   9907964
256   10120176
256   9430600
256   9677268
256   8989900
256   9185700
256   8969932
256   9941900
256   9185560
256   9689224
256   10089800
256   9533112
256   9379128
256   9892924
256   9543456
256   9004812
256   9570984
256   9496540
256   9544020
256   8991528
256   9709092
256   9070812
256   9628488
256   9565976
256   9622204
256   9596776
256   9520168
256   9931120
256   9640052
256   9728108
256   9533724
256   9589920
256   9599980
256   8301564
256   9845948
256   9655640
256   9353284
256   9628608
256   9123648
256   9343444
256   9549088
256   9885504
256   9029764
256   9333408
256   9612768
256   9782072
256   9783904
256   9308072
256   9735972
256   9749560
256   9699360
256   9190436
256   9550924
256   8909348
256   9559928
256   9421732
256   9543628
256   9105456
256   9346276
256   8874456
256   9034092
256   9566232
256   9281284
256   8930376
256   9701468
256   9757572
256   9039596
256   9569364
256   9188352
256   9095020
256   9660620
256   9308824
256   9911440
256   9156664
256   9092464
256   8963616
256   9615068
256   9759496
256   9491700
256   9222696
256   9335760
256   9194464
256   9894684
256   9560748
256   9682704
256   8600160
256   10222424
256   9518624
256   9155356
256   9383588
256   9262976
256   8940000
256   9410564
256   9468716
256   9500080
256   9814772
256   9517772
256   9558636
256   9294548
256   8991580
256   9656148
256   9036016
256   9177968
256   9524208
256   9469428
256   9588024
256   10181388
256   9429520
256   8993904
256   9483204
256   9502832
256   8920864
256   9173264
256   9609972
256   9525840
256   9346976
256   9433752
256   9901204
256   9415592
256   9179644
256   9248848
256   9215024
256   9657224
256   9859028
256   9250280
256   9628272
256   9703320
256   9792012
256   9988300
256   9475212
256   9294416
256   8881644
256   9227572
256   9391900
256   9274668
256   9649804
256   9142156
256   9076896
256   9172668
256   9342280
256   9723876
256   9646784
256   9289472
256   9313572
256   9698760
256   9269208
256   9239124
256   9468444
256   9341940
256   9769536
256   9233816
256   9583152
256   9883936
256   9491960
256   8990648
256   9114284
256   9587600
256   9751908
256   9484660
256   9203300
256   9625468
256   8965556
256   9610984
256   9735084
256   9038968
256   9293588
256   9389696
256   10175848
256   9930984
256   9838820
256   9561080
256   9803004
256   8795428
256   8922212
256   9360944
256   9605032
256   9259820
256   9421732
256   9048348
256   9181232
256   10096116
256   8966708
256   10012952
256   9844596
256   9732252
256   8874924
256   8719072
256   9549060
256   9231580
256   9243576
256   9893296
256   8944844
256   9822312
256   8828988
256   9838460
256   9427320
256   9695380
256   9211668
256   9106900
256   9025512
256   9822068
256   9048220
256   9538552
256   9127020
256   9420900
256   9035084
256   9201464
256   9769872
256   9333348
256   8849908
256   9322260
256   8916636
256   9151672
256   9208284
256   8965036
256   9913908
256   9502648
256   9551576
256   9705788
256   8827520
256   9501516
256   9494580
256   9440952
256   9084368
256   9214300
256   9113256
256   8946688
256   9467512
256   9246184
256   9555168
256   9490404
256   9582192
256   8798180
256   8923176
256   9304992
256   9412836
256   8651268
256   9269728
256   9635820
256   8718164
256   9412852
256   9669636
256   9306512
256   9260048
256   9463780
256   9660616
256   9029376
256   10056136
256   9218620
256   9658476
256   10152804
256   8982936
256   9927528
256   9902244
256   9887628
256   9507948
256   9401408
256   9423248
256   9025584
256   9812244
256   9394732
256   9570732
256   9512916
256   9244516
256   9835544
256   9615308
256   9825124
256   9462876
256   9188232
256   9783524
256   9706736
256   9266708
256   8813520
256   9594796
256   9369584
256   9354640
256   9056840
256   9169136
256   9630088
256   9173924
256   9660144
256   9709980
256   9586828
256   8854028
256   9894476
256   10054164
256   9091500
256   9520332
256   9516076
256   9418408
256   9849148
256   9450540
256   9029360
256   8716124
256   9104844
256   9522604
256   9904984
256   8995704
256   9514908
256   8678212
256   9858168
256   8812224
256   9874792
256   9861380
256   9301960
256   9949044
256   9126876
256   9200132
256   9468196
256   10002720
256   9086700
256   9447116
256   9487268
256   9740304
256   8681040
256   9472928
256   9015832
256   9681028
256   9084640
256   9166740
256   9680368
256   9355164
256   9284704
256   8676916
256   9953240
256   9750732
256   9737052
256   9684368
256   9837496
256   9198616
256   10153328
256   9327424
256   9536800
256   9518196
256   9479440
256   9180820
256   9544156
256   9488852
256   9714680
256   9035412
256   8830876
256   8932484
256   9322876
256   8951548
256   9522076
256   9867732
256   9385732
256   9329012
256   9095960
256   9019900
256   8562972
256   9571360
256   8951252
256   8683136
256   9369172
256   9578024
256   9529300
256   9358188
256   9205476
256   9539740
256   9863240
256   9505544
256   9080536
256   9430648
256   9268212
256   9209340
256   10123572
256   9130632
256   9438760
256   9486360
256   9836508
256   9233200
256   9588300
256   9263872
256   9496256
256   9719448
256   9413908
256   9635512
256   9606676
256   8838528
256   9582108
256   9651524
256   9858756
256   10030104
256   9272464
256   9423048
256   9215300
256   9201608
256   9715712
256   9424252
256   9013744
256   9542928
256   9628048
256   10155296
256   8758228
256   9329568
256   9826980
256   9445076
256   9418092
256   9605356
256   9838240
256   9671500
256   9701736
256   9407892
256   9456124
256   9484392
256   8859320
256   9517036
256   9809148
256   8996280
256   9577512
256   9358924
256   9856124
256   9350984
256   9332936
256   9757472
256   9052336
256   9554672
256   9827724
256   9217844
256   9420548
256   9333212
256   8906624
256   9792888
256   9732424
256   9230956
256   9347444
256   9283128
256   9094832
256   8787876
256   9697348
256   10007700
256   9794924
256   9279800
256   9713700
256   9535908
256   9249040
256   9658956
256   9576608
256   9397620
256   9148812
256   9293744
256   9149320
256   9028552
256   9525596
256   8776088
256   9714832
256   9236816
256   9411028
256   9520032
256   9164140
256   9360096
256   8729968
256   9631868
256   9675516
256   9637772
256   9555504
256   9599776
256   9299704
256   9388068
256   9249216
256   9592568
256   9552500
256   9045076
256   9450588
256   9599656
256   9564492
256   9625496
256   8956588
256   9415136
256   9872564
256   9281976
256   9612300
256   9586656
256   9154232
256   9401832
256   8762972
256   9531324
256   9212804
256   9191856
256   9090896
256   9505828
256   9238984
256   9378068
256   9565960
256   10191880
256   9585244
256   9141348
256   9033580
256   9641352
256   9092936
256   9673740
256   9178060
256   9074768
256   9305540
256   9222992
256   9650988
256   9521760
256   9643980
256   9508864
256   9647828
256   9515448
256   9453248
256   9333816
256   9720796
256   9742864
256   9867152
256   9500560
256   9626760
256   9698368
256   9038572
256   9271372
256   9679736
256   9676020
256   9253052
256   9424972
256   9218924
256   9270220
256   9680108
256   9393176
256   9431156
256   8723872
256   9177660
256   9564880
256   9391676
256   9124284
256   9673304
256   9346792
256   9337720
256   9422540
256   8921540
256   9604012
256   9315804
256   9893244
256   9466504
256   9112032
256   9122240
256   9252228
256   9629300
256   9251412
256   9154524
256   9227132
256   9318852
256   8844604
256   9641144
256   9760296
256   9287908
256   9731828
256   9126788
256   9407600
256   9614648
256   9416620
256   9997084
256   9243444
256   9460368
256   9211168
256   9890392
256   9213796
256   8838284
256   9100656
256   9407992
256   9924768
256   9608084
256   9523540
256   9767960
256   9480492
256   8972124
256   9120740
256   9626120
256   9506984
256   9447664
256   9437824
256   9887492
256   9636592
256   9453512
256   9497204
256   9202016
256   9533796
256   9101636
256   9537964
256   8572520
256   9573444
256   9797416
256   9493980
256   9913080
256   9670520
256   9450664
256   9878884
256   9120220
256   9474484
256   9482172
256   9225760
256   9731796
256   9308684
256   9320604
256   9069772
256   9524064
256   9820924
256   9350512
256   9460328
256   9158228
256   9518832
256   8872724
256   9463772
256   9541188
256   9283392
256   10097088
256   8945340
256   9843732
256   9580416
256   9836880
256   9228772
256   9531948
256   9557824
256   9858672
256   9701256
256   8988312
256   9911092
256   9041168
256   9584220
256   9348064
256   9429492
256   9635752
256   9927076
256   9432676
256   8812016
256   9916056
256   9554016
256   9176476
256   9707300
256   9513100
256   9551664
256   9241988
256   9419596
256   9610176
256   9749220
256   9627396
256   9318912
256   9166836
256   9557564
256   7955168
256   10024496
256   9329092
256   9556840
256   9558776
256   9311020
256   9492936
256   9354544
256   9295144
256   8499684
256   9520556
256   9499856
256   9336416
256   9184348
256   9214344
256   9483780
256   9683112
256   9118020
256   9656616
256   9411340
256   8934416
256   9407552
256   9637576
256   9162148
256   9356044
256   9455992
256   9235356
256   9029816
256   9585200
256   9274536
256   8445240
256   9405108
256   9226560
256   9380816
256   9580348
256   9662180
256   9062884
256   9412008
256   9310572
256   8715532
256   9236428
256   8769080
256   9579532
256   9548780
256   9899480
256   9314632
256   9491172
256   9183548
256   9307796
256   9461876
256   9275456
256   9317892
256   9921524
256   9264064
256   9391048
256   9462048
256   9751672
256   9581116
256   9570872
256   9293208
256   9548532
256   9460176
256   9292792
256   8741336
256   9622740
256   9233860
256   9922300
256   9169080
256   9618756
256   9544156
256   10086492
256   8728320
256   8855972
256   9719764
256   9663516
256   9964696
256   9613556
256   9480388
256   9294768
256   9649500
256   9454536
256   8964072
256   9089388
256   9010184
256   9140540
256   9637456
256   9843208
256   9176040
256   9275676
256   9220748
256   9665248
256   10036684
256   9716768
256   9220124
256   9839472
256   9790836
256   9230368
256   9298192
256   9945656
256   9894716
256   9337952
256   9084332
256   9167188
256   9504240
256   8965876
256   9211572
256   9537352
256   9539012
256   9181204
256   9262408
256   9527224
256   9002928
256   9229160
256   9192072
256   9444996
256   9650548
256   9238356
256   9010100
256   9314572
256   9346776
256   9317636
256   9638712
256   9035368
256   9267956
256   9721428
256   9487240
256   9399824
256   9599776
256   9653132
256   9727692
256   9533728
256   9604044
256   9584304
256   10192928
256   9651284
256   9155332
256   10032440
256   10064820
256   9018880
256   9416316
256   9916800
256   9292700
256   9309580
256   9323536
256   8808964
256   9736244
256   9421756
256   9626476
256   9622924
256   9670140
256   9102284
256   9347324
256   9529312
256   8981844
256   9537984
256   9508704
256   9744916
256   9702560
256   9356108
256   9593832
256   9672948
256   9635308
256   9100088
256   9116756
256   9034840
256   9189016
256   9046916
256   9243508
256   9365032
256   9263528
256   9437592
256   9035648
256   9119980
256   9300208
256   9702036
256   9795044
256   9113688
256   8843460
256   9721052
256   9502848
256   9089612
256   10259600
256   9531824
256   9756208
256   10156720
256   9736984
256   9461856
256   9892696
256   9890456
256   9289040
256   9100788
256   10027232
256   8929088
256   9474112
256   9154364
256   8779428
256   9183048
256   9296580
256   9125556
256   9277516
256   9437352
256   9341548
256   9592620
256   9672256
256   9344568
256   9756020
256   9451880
256   9903572
256   9421304
256   9372384
256   9228564
256   9449132
256   9327444
256   9982572
256   9745880
256   8844568
256   9783424
256   9582828
256   9141876
256   9490988
256   9550816
256   9232160
256   9608888
256   9208840
256   8975960
256   9669492
256   9114024
256   8871952
256   9388576
256   9338996
256   8873704
256   9502208
256   9609044
256   9390632
256   9132160
256   9716104
256   9544764
256   9950172
256   9244584
256   9322040
256   9811260
256   9493960
256   9072692
256   9472392
256   9067324
256   9262232
256   9520876
256   9488076
256   8892404
256   9555028
256   9544812
256   9552556
256   9883576
256   9936380
256   9248380
256   9223012
256   10230196
256   9534336
256   9355688
256   9727812
256   9879564
256   9402808
256   8921628
256   9088372
256   9415840
256   9729468
256   9454316
256   9524032
256   9394020
256   9781912
256   9052584
256   9622276
256   9499688
256   9496160
256   9014788
256   9578804
256   9744592
256   9325620
256   9270028
256   9531668
256   9358276
256   8927640
256   10040664
256   9200112
256   9730056
256   9264748
256   8944672
256   9196024
256   8839904
256   8856240
256   9236748
256   9434516
256   9503560
256   9592904
256   9162968
256   8710984
256   9486016
256   9764564
256   9368516
256   9549224
256   9539876
256   8911188
256   9687540
256   8917028
256   9184348
256   8994376
256   9617316
256   9605336
256   9161560
256   9719440
256   9484444
256   9691636
256   9013596
256   9147052
256   9427952
256   9457764
256   8894368
256   9021752
256   9167660
256   8872980
256   9476804
256   9811588
256   9110440
256   9183888
256   9442556
256   9827212
256   9429260
256   9409264
256   9067272
256   9220308
256   9231088
256   9221896
256   9627004
256   9345204
256   8906296
256   9488716
256   9543944
256   9578064
256   8800976
256   9855612
256   9128000
256   9415384
256   9166460
256   9265088
256   8995924
256   9538236
256   9486964
256   9868532
256   9366256
256   9311100
256   9440872
256   9472908
256   9085436
256   9606916
256   10215956
256   9748292
256   9465740
256   9602376
256   9444560
256   9385928
256   9242800
256   9489068
256   8442832
256   9746800
256   9398300
256   9200368
256   9013676
256   9194972
256   8978320
256   9651944
256   9060680
256   9742492
256   9958536
256   10029064
256   9891968
256   9734832
256   9365860
256   9154704
256   9752896
256   9738936
256   9433752
256   9367496
256   9249984
256   9002916
256   9617660
256   9522548
256   9591884
256   9800652
256   8935640
256   9472036
256   9214360
256   9364072
256   9519668
256   9514688
256   9434580
256   9625116
256   9135960
256   9245968
256   9068896
256   9907200
256   9342600
256   9771176
256   9219448
256   8938196
256   8868684
256   9136708
256   9216556
256   9136668
256   9149008
256   9613256
256   9634192
256   9527864
256   10108284
256   9466964
256   9512028
256   8997012
256   9713808
256   9857244
256   9328648
256   9258780
256   9591664
256   9527192
256   9643296
256   8926568
256   9635952
256   9486344
256   9271784
256   9180876
256   9360988
256   9365308
256   9330384
256   9461256
256   9573652
256   9098664
256   8902356
256   9440704
256   9778544
256   9889724
256   9444656
256   9138580
256   9060136
256   9160308
256   8772536
256   8840688
256   10193952
256   9460844
256   8841708
256   8945424
256   9555100
256   8969376
256   9759444
256   9118636
256   9171956
256   9691560
256   9461720
256   8829308
256   9823696
256   9970356
256   9399424
256   9425632
256   9346304
256   9757628
256   9769008
256   9554828
256   9768324
256   9579188
256   9497972
256   9003076
256   9817136
256   9284612
256   9218124
256   9117736
256   9094604
256   8919336
256   9425408
256   8989980
256   9161212
256   9464096
256   9764248
256   9294024
256   9874264
256   9477068
256   9436420
256   10090464
256   9544888
256   9522608
256   9612716
256   9119188
256   9371872
256   9782588
256   9112080
256   9128920
256   9698628
256   9868224
256   9433552
256   9589368
256   9845276
256   9766348
256   9310772
256   9725360
256   9074176
256   9359380
256   9841608
256   8915444
256   9531020
256   9087548
256   8793916
256   8863940
256   9162536
256   9263724
256   9294612
256   8804912
256   9497864
256   9464832
256   9346804
256   8866172
256   9546480
256   6842780
256   9198152
256   9445788
256   9505756
256   8715004
256   9605076
256   9487848
256   9449384
256   10021800
256   8830552
256   9908628
256   9060948
256   9578852
256   8876788
256   9386592
256   8865540
256   9355836
256   9564076
256   9367224
256   9270896
256   9699448
256   9861080
256   9248368
256   9598252
256   9484828
256   9554856
256   10091544
256   9435712
256   9219776
256   9533296
256   9429952
256   9512540
256   9892320
256   9799336
256   8706088
256   8963904
256   9930344
256   9906084
256   8902196
256   9328312
256   9067088
256   8951760
256   9499564
256   8992272
256   8530300
256   9678988
256   9427528
256   9273328
256   9514976
256   9504520
256   9023868
256   8971984
256   9233444
256   9472640
256   9700120
256   9307860
256   9801980
256   9691364
256   9367560
256   9451512
256   9007128
256   9573472
256   9928452
256   9868444
256   9385868
256   9566612
256   9768232
256   9349836
256   10103700
256   9227012
256   9207024
256   9955752
256   9397840
256   9736276
256   9539652
256   9264600
256   9169908
256   9363780
256   9301928
256   9607320
256   9545608
256   9236620
256   9739008
256   9695764
256   9484624
256   9011932
256   9624904
256   10100664
256   9636400
256   9712540
256   9789680
256   9372720
256   9425192
256   9669616
256   9324572
256   9746732
256   9344788
256   8933512
256   9325760
256   9682032
256   9372488
256   9799484
256   9752068
256   9406972
256   9172004
256   9130124
256   9564436
256   9250404
256   9082400
256   9624744
256   9175760
256   9370180
256   9906564
256   9234456
256   9087204
256   9382756
256   9834244
256   9299428
256   9775004
256   9579056
256   9375424
256   9030056
256   9328100
256   8785156
256   9502804
256   9873572
256   9045108
256   9266720
256   8987496
256   9751584
256   9597332
256   9619084
256   9690248
256   9132980
256   9420224
256   9179356
256   9080772
256   9526068
256   9818084
256   9109344
256   9546660
256   9690796
256   9548836
256   9574008
256   9048160
256   9264188
256   9272404
256   8949784
256   8909464
256   9583408
256   8926508
256   8905592
256   9880284
256   9205020
256   9215532
256   10091128
256   9801068
256   8731744
256   9787616
256   9241928
256   9012208
256   9373800
256   9569136
256   8942340
256   9615904
256   8496120
256   9393296
256   9190588
256   9718280
256   9559536
256   9754528
256   9262120
256   8749752
256   9785404
256   9457400
256   9661656
256   9451652
256   9671584
256   9145092
256   9737740
256   9821036
256   9396364
256   9856640
256   9251984
256   9470980
256   9186848
256   9467660
256   9585588
256   9333668
256   9231884
256   9543256
256   9812900
256   9141628
256   8754964
256   9309272
256   9631572
256   9194316
256   10082284
256   9689520
256   9207848
256   9740396
256   9827760
256   9523960
256   9482768
256   10035456
256   10014244
256   9864568
256   9570044
256   9389764
256   9453368
256   8865888
256   9506884
256   9118892
256   9631536
256   9555412
256   9149532
256   9131392
256   9931336
256   9359584
256   9431452
256   9238668
256   9352608
256   9577636
256   9121500
256   9240924
256   9390296
256   9160868
256   9446396
256   9759272
256   9764048
256   9290956
256   9688652
256   10064056
256   9465092
256   9849032
256   9327228
256   9290412
256   9253668
256   9903020
256   9542340
256   9457984
256   9410792
256   9654492
256   8882912
256   9304596
256   9637500
256   8982020
256   9812804
256   9651920
256   9458568
256   9310080
256   9418996
256   9875804
256   10048236
256   9538284
256   9233080
256   10315532
256   11158888
256   10715844
256   11106376
256   11479692
256   11820576
256   10762300
256   11363292
256   11337392
256   11162220
256   11038432
256   10407228
256   11118068
256   11308308

