6   257340
57   1611276
252   6821860
256   6585876
256   6597820
197   5248740
256   6803268
256   6892732
256   6390504
256   6985216
256   6619564
256   6192800
256   7075188
256   6706072
256   6763968
256   6787256
256   6870044
256   6634788
256   6610160
256   6686108
256   6938468
256   6745668
256   6652540
256   6496744
256   6783180
256   6235308
256   7331088
256   6334464
256   7284776
256   6800144
256   7080764
256   6436496
256   7001000
256   6618976
256   6504420
256   6366920
256   6829556
256   6584752
256   6860756
256   6464996
256   6572208
256   6951308
256   6991552
256   6726352
256   6635500
256   7057548
256   6742016
256   7681532
256   8985320
256   9294412
256   9412664
256   9083720
256   9123692
256   8879820
256   9154176
256   9598216
256   9098356
256   9414864
256   8504464
256   8927576
256   8674100
256   8857340
256   9058152
256   8603328
256   9024048
256   8231872
256   8831044
256   8918308
256   9067664
256   8924484
256   8428532
256   8764560
256   9340596
256   9072592
256   9192408
256   9313804
256   9171724
256   9113864
256   8815632
256   8646084
256   8886380
256   9245056
256   8845832
256   9231796
256   8860972
256   8706232
256   9129276
256   8895564
256   9127640
256   9070900
256   9340784
256   8890668
256   9014824
256   8712496
256   9438048
256   8889752
256   8613672
256   8777184
256   8853980
256   9054736
256   9434004
256   8960384
256   9018820
256   9040068
256   9190856
256   8744796
256   8641316
256   9170468
256   9015376
256   8869972
256   8363156
256   8810516
256   9171364
256   8365564
256   8792028
256   9028848
256   9261680
256   9070636
256   8768488
256   9459700
256   8732252
256   8996080
256   9242956
256   9448324
256   8993784
256   8970368
256   8527796
256   8928608
256   8865132
256   8697648
256   8677440
256   9079508
256   9149048
256   9089764
256   9074292
256   9331440
256   9251536
256   8877400
256   9179260
256   9012348
256   8776764
256   8805720
256   9219548
256   9160364
256   9408236
256   8859880
256   8353620
256   9062284
256   9363920
256   9416928
256   9067732
256   8516752
256   9572552
256   8591232
256   9024312
256   9442968
256   8598392
256   9347480
256   8766144
256   8782108
256   8492228
256   8102728
256   8735272
256   8884832
256   8767432
256   9822872
256   9122120
256   9129396
256   9757336
256   9162880
256   9302088
256   9161184
256   9084016
256   9087028
256   9304280
256   8912776
256   8890184
256   8660852
256   8943604
256   8732972
256   9135528
256   8870864
256   9037992
256   8883288
256   9354288
256   9365712
256   8631864
256   9558704
256   8966060
256   9052844
256   9242820
256   8790484
256   9538092
256   8484212
256   8928340
256   9015112
256   9134152
256   8442324
256   8865396
256   9701528
256   8975564
256   8962908
256   8998548
256   9209608
256   8962932
256   9389812
256   8221572
256   8769952
256   8633792
256   8674164
256   9032532
256   8992072
256   8903760
256   9146364
256   9317496
256   9637468
256   9517928
256   9311152
256   9032680
256   9252072
256   9086028
256   8487924
256   8740212
256   9137784
256   9125864
256   8689008
256   9326836
256   8492792
256   9713776
256   9222008
256   8925100
256   9703600
256   9354432
256   8884292
256   9135372
256   9121984
256   9105236
256   8662336
256   9037072
256   8731232
256   9046320
256   8906196
256   8896992
256   8922436
256   9033040
256   8679312
256   9753840
256   8824124
256   8930592
256   9429008
256   9706356
256   8855364
256   9016496
256   8958848
256   9091624
256   9337156
256   8522028
256   8626464
256   9109700
256   9425088
256   9295740
256   8867760
256   9357696
256   9066360
256   8652792
256   9445836
256   9259104
256   9103900
256   8832496
256   8626584
256   8432392
256   9015916
256   8082024
256   9030548
256   9016628
256   9383272
256   8403036
256   8656708
256   8661112
256   8972896
256   8800024
256   9306184
256   9057580
256   9376960
256   8728340
256   9126732
256   8898708
256   9123964
256   9138096
256   9106764
256   8943188
256   8701924
256   9411768
256   9788688
256   9091972
256   9113492
256   9613152
256   8869652
256   9040776
256   8809876
256   8640624
256   8783988
256   9037788
256   8161048
256   9479348
256   8057584
256   8360972
256   9395556
256   9590740
256   8990440
256   9108912
256   9941152
256   9276596
256   8697200
256   8432104
256   9053920
256   9303992
256   9278668
256   8682940
256   8963672
256   9345560
256   8831436
256   9192544
256   8384096
256   8924628
256   8591756
256   10082480
256   9319560
256   9359668
256   8957220
256   8911508
256   8869620
256   8672552
256   9271064
256   9115024
256   8519456
256   8922136
256   9144048
256   9249588
256   9215336
256   8577056
256   9028604
256   9594208
256   9105040
256   9375192
256   9225920
256   8506216
256   8825204
256   9541620
256   8678532
256   8632908
256   9071328
256   8740340
256   9061088
256   8802936
256   8689792
256   8827900
256   9680412
256   9165392
256   9154664
256   8700800
256   9342200
256   9294152
256   8751596
256   9558596
256   9246328
256   8793176
256   9235264
256   8528812
256   9096844
256   9172872
256   9300744
256   9295604
256   10090196
256   9460504
256   8672480
256   9708676
256   8585136
256   8834420
256   9656356
256   8851940
256   8883232
256   9366264
256   8879904
256   9381476
256   9307392
256   9579536
256   8702680
256   9014784
256   9053628
256   8922940
256   8940708
256   8882860
256   8718784
256   8870560
256   9383096
256   8673700
256   9464584
256   8669204
256   9332860
256   9080212
256   9144768
256   9266780
256   8984028
256   8839956
256   8901548
256   8854724
256   9061212
256   9177992
256   8783920
256   9018992
256   9377468
256   9087776
256   9314532
256   8801088
256   9011016
256   9275404
256   9238476
256   8442476
256   8739688
256   9357592
256   9760076
256   9080920
256   9029460
256   9153256
256   8900592
256   8982116
256   9120308
256   9105904
256   9122596
256   8444800
256   8855124
256   8734404
256   8843112
256   8924404
256   9011952
256   9410972
256   8927380
256   8962148
256   9037088
256   9118876
256   9102756
256   8706564
256   8729092
256   8665904
256   9595196
256   9376288
256   9025528
256   9509708
256   8731696
256   9070272
256   9372548
256   9281012
256   9106584
256   8690676
256   9093508
256   8844708
256   8899772
256   9474204
256   8962972
256   9293132
256   9700588
256   8819068
256   9151376
256   8873228
256   9044244
256   9065676
256   9506044
256   9307872
256   8501944
256   9414508
256   9077724
256   9272932
256   8697976
256   8988260
256   8784064
256   8751772
256   8435032
256   9144664
256   9011460
256   8800440
256   8928400
256   9696512
256   9156708
256   8766716
256   9144124
256   8815484
256   8858356
256   8854832
256   9406004
256   8869048
256   9685380
256   9424044
256   8942680
256   8960980
256   8978100
256   8832532
256   8345508
256   9157360
256   8962352
256   9024752
256   8957780
256   8918252
256   8976820
256   8747984
256   8628416
256   9056164
256   8778512
256   8145796
256   9007836
256   9088328
256   9502440
256   8544276
256   8905252
256   9711032
256   9018896
256   9428024
256   8904912
256   9196008
256   9145140
256   9143584
256   9021920
256   8863648
256   9418884
256   9352956
256   8480640
256   9063400
256   8972156
256   9068988
256   8909560
256   9367564
256   8607688
256   8841080
256   8931716
256   9249960
256   8401540
256   8944812
256   8948488
256   8748172
256   9110500
256   8877848
256   9078360
256   9075640
256   8989428
256   9302144
256   8955828
256   8891516
256   8713696
256   9140492
256   9077432
256   9134152
256   9416920
256   9094872
256   8961644
256   8859032
256   8984652
256   8925972
256   9135996
256   8563616
256   8727248
256   8617320
256   9017052
256   8593704
256   8998272
256   9740088
256   8814176
256   8831556
256   9271408
256   9218464
256   9156504
256   9149360
256   9518300
256   8958252
256   9019228
256   9146088
256   9242564
256   8732784
256   8878836
256   9001080
256   8393812
256   8927704
256   9186572
256   9361336
256   8963040
256   9104064
256   9137540
256   9195472
256   9350468
256   8622880
256   9089100
256   9299468
256   8814812
256   8890632
256   9068440
256   8564588
256   8932940
256   9188912
256   9057936
256   9070376
256   8842312
256   9047588
256   9281624
256   8899088
256   9107784
256   9611728
256   8747316
256   8902232
256   9196224
256   9462708
256   8958688
256   9204380
256   9509668
256   9173824
256   8598280
256   9169224
256   9219636
256   8741048
256   9350308
256   8706464
256   9198380
256   8803780
256   9280456
256   8806140
256   8349680
256   9031628
256   8862728
256   9312992
256   9262180
256   8807324
256   8965996
256   9147500
256   8755256
256   8557448
256   8802456
256   9086720
256   8786656
256   8941432
256   8832840
256   8879668
256   9116120
256   9659872
256   9095364
256   8872872
256   9408104
256   9304476
256   9427532
256   9267036
256   9029252
256   8980820
256   8865884
256   8990704
256   9189424
256   9274568
256   8871824
256   9070280
256   8714496
256   8775068
256   8880208
256   8994236
256   9261284
256   8735052
256   8654992
256   8955368
256   9242060
256   9035612
256   8828020
256   8301132
256   8778936
256   8777768
256   9106856
256   9208556
256   8985976
256   9189848
256   8828488
256   8861988
256   9360780
256   8878024
256   8875044
256   8504656
256   9277780
256   8857972
256   9402460
256   9131468
256   8883060
256   9001212
256   8817064
256   9447216
256   9301884
256   9307604
256   9534460
256   8766736
256   9040528
256   9253452
256   8293812
256   8708976
256   8689892
256   8704676
256   9093560
256   9043032
256   9674712
256   8763424
256   9029232
256   8840404
256   8477532
256   9355436
256   8769144
256   8983632
256   8595284
256   9029312
256   9497336
256   9293340
256   9328908
256   9082460
256   8905612
256   9064900
256   9396380
256   8764604
256   9270452
256   9354876
256   8913444
256   8612708
256   8780628
256   8692484
256   9100888
256   9060240
256   9473396
256   9040204
256   9465892
256   9412172
256   9305392
256   8988364
256   8675360
256   8980556
256   8745492
256   8612616
256   8723952
256   8668108
256   9162036
256   8767480
256   8980000
256   9487696
256   8673432
256   9035604
256   9182500
256   8830072
256   9002360
256   8713176
256   9402500
256   9244836
256   9116648
256   9955776
256   9138516
256   8668972
256   8957588
256   8636072
256   9324132
256   9189212
256   9016860
256   8930396
256   9198796
256   9034300
256   9259448
256   9076164
256   9170424
256   8451420
256   9416544
256   8895732
256   9128704
256   8913248
256   8766524
256   9247720
256   8155308
256   9580028
256   9490344
256   8880448
256   9130816
256   9086412
256   9302892
256   8892304
256   9250520
256   9158672
256   9080440
256   9019644
256   8815324
256   9101456
256   9102960
256   9079240
256   9488772
256   9306976
256   8849352
256   9471120
256   9001104
256   9019716
256   8746072
256   8661976
256   8570200
256   8997532
256   9577396
256   9089472
256   9146372
256   9119912
256   9226872
256   9386644
256   9537832
256   9141152
256   8857820
256   8728604
256   8755124
256   9308388
256   9256120
256   8757428
256   9292756
256   8955444
256   8894408
256   8711656
256   9117416
256   9083292
256   9153356
256   8870408
256   9464564
256   9370840
256   8899948
256   8980500
256   8997596
256   9167396
256   9397088
256   9163452
256   8677208
256   9510356
256   9668136
256   8738940
256   9173164
256   9249104
256   9110740
256   9419632
256   8995252
256   9412044
256   8877080
256   8473380
256   8930772
256   8839904
256   9093976
256   9272604
256   9260492
256   9145412
256   8917740
256   9142188
256   8823820
256   9762344
256   9111996
256   8805612
256   8631680
256   9540748
256   8997904
256   9034896
256   8972020
256   9300680
256   8901868
256   9059808
256   9792232
256   8870988
256   8994468
256   9231204
256   9052104
256   9150972
256   9473864
256   8729716
256   8649976
256   9051172
256   8672284
256   9222536
256   8867204
256   9568380
256   8959624
256   8986356
256   9130548
256   9073040
256   8836236
256   9484836
256   8580252
256   8675760
256   9527596
256   8685672
256   9256384
256   8967256
256   9079592
256   8891316
256   8653932
256   9428660
256   8495676
256   9033704
256   8674392
256   8934692
256   8617232
256   9337376
256   8775380
256   8923688
256   8856680
256   8960680
256   8662240
256   8903484
256   9416780
256   9409852
256   9210948
256   9333656
256   8781144
256   9312116
256   9343908
256   9296004
256   8995336
256   9038312
256   9212992
256   9140724
256   8949532
256   9285808
256   8704124
256   9178216
256   8626764
256   8957712
256   9000944
256   8452416
256   8988392
256   8892572
256   8554020
256   9484564
256   8806756
256   9015024
256   9177644
256   9059484
256   9175524
256   8712500
256   8662820
256   9314556
256   8908716
256   9144876
256   9170736
256   9223012
256   9104168
256   9098168
256   8963512
256   8815904
256   8962508
256   8989024
256   9049556
256   9336228
256   8769944
256   9062004
256   9370644
256   8524352
256   8707688
256   9029076
256   8867804
256   8971080
256   8864572
256   8997792
256   8875324
256   9235416
256   8929204
256   8903880
256   9253104
256   9073572
256   9174992
256   8866928
256   8378176
256   9406040
256   8901064
256   9070136
256   8928692
256   8796640
256   9221720
256   8632100
256   8686596
256   8920108
256   9086688
256   9009252
256   9221184
256   9133908
256   9047500
256   9184664
256   8748500
256   9245500
256   8297468
256   8670332
256   9298152
256   9037456
256   8499888
256   8703112
256   9204432
256   9125428
256   9465924
256   9450444
256   8705596
256   8779340
256   8780220
256   9474980
256   9103916
256   8859032
256   8965628
256   8842740
256   9044788
256   8692580
256   8599656
256   8704296
256   9437684
256   8835020
256   8816308
256   9467508
256   9137424
256   9051856
256   9030992
256   9476924
256   9285652
256   9120480
256   9368252
256   8903320
256   9255976
256   9226588
256   9021156
256   8974928
256   9185604
256   8480596
256   9019668
256   9041112
256   9120072
256   8929204
256   9129892
256   8616896
256   8964264
256   9028840
256   8896892
256   8767216
256   9155288
256   9580020
256   9178060
256   8710844
256   8954504
256   9052412
256   8940632
256   9145908
256   9331068
256   8905380
256   9217124
256   9118420
256   8740092
256   8467832
256   9617032
256   8863944
256   9208176
256   9028948
256   8973252
256   9132188
256   9670692
256   8665568
256   9396736
256   8788100
256   8599052
256   8984564
256   8802872
256   9084152
256   8630572
256   8848764
256   8949096
256   8455124
256   10037940
256   9021716
256   9179732
256   9096200
256   9023008
256   8499612
256   8908368
256   9494528
256   9169592
256   9017448
256   9132996
256   9548096
256   9362148
256   8769120
256   9296760
256   9076944
256   8880992
256   8946260
256   9112356
256   8701240
256   8978516
256   9430716
256   9261240
256   8961448
256   8978900
256   8642216
256   8741968
256   9262048
256   9260128
256   8995472
256   9020976
256   8718968
256   8818780
256   9421612
256   8964092
256   9169316
256   8824052
256   9096876
256   9219064
256   9333764
256   9506044
256   9003812
256   8821932
256   8358452
256   8744468
256   8787472
256   9178540
256   9551064
256   9387340
256   8739132
256   9264068
256   9472184
256   9155112
256   9099180
256   8913040
256   8802228
256   8835004
256   9064808
256   8811292
256   8976516
256   8835912
256   8833644
256   8875180
256   8584196
256   8810168
256   9169984
256   8624084
256   8570820
256   9296516
256   8819140
256   9139436
256   8843572
256   8928548
256   8809684
256   8811292
256   8696220
256   8778640
256   9061144
256   9198540
256   9255128
256   8697256
256   8929456
256   9090608
256   8836344
256   8534896
256   8764500
256   9413528
256   9251052
256   9262608
256   9067100
256   9404136
256   9389404
256   9208472
256   9195420
256   8605392
256   9540576
256   8829400
256   9196624
256   9113720
256   9050692
256   9113188
256   9041128
256   8804168
256   9181532
256   8742084
256   9147536
256   8678740
256   8983616
256   8976356
256   8922160
256   9176136
256   8844092
256   9053640
256   8848444
256   8912944
256   8944056
256   9013060
256   8750512
256   9061092
256   9160572
256   9017484
256   8432440
256   9034644
256   9123404
256   8719668
256   9099680
256   9185024
256   9342936
256   8884560
256   9438820
256   9241364
256   8820220
256   9536132
256   8747984
256   9208140
256   9438728
256   8838148
256   9175364
256   9039376
256   9053148
256   9013472
256   9735868
256   8688336
256   8748668
256   9199744
256   9237656
256   9550736
256   8945944
256   8970436
256   9602988
256   9108648
256   8510204
256   8971060
256   9225876
256   9126824
256   9030532
256   9244128
256   10603888
256   10464488
256   9244828
256   9314312
256   8752764
256   9098340
256   9146552
256   8532172
256   8882388
256   8904680
256   8756600
256   9274252
256   9155608
256   9315228
256   9095008
256   8694336
256   9238428
256   9326156
256   8998336
256   9047668
256   9057964
256   9131652
256   9137776
256   8685004
256   8862124
256   9088792
256   9245724
256   9002312
256   9068932
256   8489636
256   9487968
256   8806988
256   9206796
256   9254236
256   9481788
256   8516664
256   9120696
256   9116540
256   9082912
256   8822656
256   8958224
256   8798268
256   8394976
256   9445764
256   8915140
256   9210644
256   9305020
256   9249684
256   8741300
256   9315516
256   8970012
256   8822000
256   8915496
256   9061000
256   8815076
256   9075372
256   9573696
256   8363412
256   9461172
256   8988280
256   9086392
256   9374116
256   8977304
256   9035844
256   9014432
256   9039556
256   8737904
256   8782880
256   9180640
256   9226180
256   8835340
256   9079772
256   9466664
256   9187012
256   9279124
256   8898536
256   8975400
256   9420300
256   8838676
256   9308848
256   8824448
256   9089928
256   8813212
256   9080264
256   9196524
256   8899260
256   8729800
256   9317512
256   8805660
256   8984872
256   8824492
256   9150428
256   8925584
256   9111308
256   9052808
256   8742712
256   9352744
256   9212092
256   8727060
256   8996868
256   9017992
256   8916932
256   9174112
256   8765536
256   9100608
256   9256276
256   8964756
256   8900324
256   9234664
256   9395428
256   8557832
256   9002644
256   8740632
256   8981408
256   9412228
256   8976988
256   9094196
256   9231108
256   9335680
256   9032460
256   8994688
256   9287168
256   8951968
256   8898240
256   9229140
256   8593860
256   8901508
256   8649816
256   8680532
256   9008544
256   9124664
256   8545692
256   8968900
256   8917184
256   9073748
256   9307188
256   8986024
256   8878276
256   8838304
256   8841432
256   9070276
256   8949788
256   9211924
256   9315900
256   9539600
256   9290692
256   8618124
256   9231580
256   8635100
256   8686784
256   8792976
256   9214560
256   8777708
256   8776016
256   9085200
256   9195076
256   8855216
256   8695932
256   8674072
256   8796520
256   9094592
256   8886696
256   9032292
256   8952372
256   9025964
256   9179804
256   9190452
256   8614696
256   9023604
256   8713468
256   9004352
256   9007264
256   9240736
256   9278892
256   9336692
256   9052524
256   8938312
256   8928636
256   8952676
256   9255484
256   8745968
256   9242424
256   8931496
256   8947616
256   9040760
256   8506932
256   8678356
256   8987848
256   8501572
256   9029572
256   8603480
256   8877236
256   8480624
256   9178612
256   8758796
256   9268856
256   8868924
256   9167756
256   8825324
256   8945100
256   9276604
256   8994888
256   9329996
256   8845828
256   8681756
256   8917252
256   8984856
256   8857156
256   8364488
256   9085692
256   8966724
256   9374748
256   8929496
256   8498080
256   8896220
256   8874424
256   8807484
256   8889788
256   8712044
256   9132716
256   9296748
256   9105800
256   8987140
256   9102084
256   9034604
256   9088488
256   8812604
256   9166944
256   9170536
256   8881148
256   8930444
256   8361628
256   9052244
256   9001616
256   9004764
256   8641944
256   9322048
256   8909648
256   9307544
256   9326248
256   9021176
256   8635884
256   9208304
256   8819168
256   9096140
256   9066220
256   9233772
256   8859532
256   8952916
256   8976292
256   8625176
256   8871588
256   9202812
256   9341908
256   8864360
256   9471356
256   9013208
256   8912464
256   9084300
256   8692764
256   9287860
256   9015680
256   8595680
256   8987308
256   8645696
256   8533808
256   8581340
256   8591240
256   8817976
256   9555456
256   8775652
256   9209624
256   9035784
256   8902700
256   8990896
256   9294164
256   8991512
256   8297344
256   8786140
256   9155056
256   8612980
256   8929296
256   9036128
256   8779752
256   8860844
256   9143996
256   8979784
256   8892316
256   8629000
256   8590036
256   8564400
256   9388868
256   9367984
256   8922936
256   9094196
256   8522796
256   9443296
256   9153452
256   9438876
256   8892680
256   9024716
256   8868816
256   8844460
256   8892460
256   8989852
256   8941780
256   9293388
256   9740808
256   8873812
256   8929484
256   8617324
256   9032948
256   8524408
256   9316600
256   8809532
256   9300112
256   8533724
256   9285476
256   9332420
256   9152908
256   9135176
256   9097832
256   9110424
256   8966012
256   9205144
256   8952304
256   8608136
256   8628796
256   9304188
256   9362020
256   8735140
256   9210932
256   9156432
256   9276964
256   8958468
256   8955040
256   9012392
256   8498296
256   9089928
256   8885920
256   9127160
256   9416884
256   9307616
256   8768828
256   8958332
256   9096032
256   9012840
256   9207736
256   9121400
256   9423504
256   9036704
256   9389376
256   9012196
256   9434568
256   9377340
256   8877584
256   8861120
256   9332940
256   8767400
256   9066500
256   9016376
256   9329684
256   8890112
256   9248712
256   9284448
256   9535640
256   8845420
256   9138676
256   8811728
256   8602508
256   8893816
256   9133424
256   8914096
256   9397512
256   8956064
256   8856936
256   8876256
256   8826516
256   8633260
256   8886504
256   8919000
256   9007384
256   9155516
256   9071016
256   9179800
256   9145288
256   8811460
256   9008980
256   8984992
256   8774588
256   8993408
256   8854100
256   8692692
256   8857852
256   9259472
256   9039720
256   9197960
256   9040396
256   8789780
256   9065916
256   8704820
256   9023024
256   9422168
256   7356876
256   8994492
256   9527688
256   9136592
256   9209036
256   8709092
256   9634044
256   9842948
256   8798368
256   9062364
256   9087824
256   8527496
256   8907288
256   9206300
256   9151492
256   9093680
256   8840340
256   9171328
256   8604572
256   8940640
256   8962960
256   9029360
256   9104512
256   8615220
256   9429988
256   8920076
256   9154208
256   9022968
256   8545008
256   8506296
256   9118480
256   9017472
256   9054400
256   9013588
256   9223512
256   9634440
256   9344316
256   9007800
256   8955528
256   8448804
256   8765340
256   9118248
256   8783500
256   9114972
256   9043068
256   8967684
256   8592624
256   8968828
256   9591692
256   9351792
256   8756728
256   9051528
256   9232332
256   8954780
256   9227820
256   9043744
256   9244588
256   8236112
256   9235848
256   8872652
256   8724580
256   8865316
256   8466564
256   9125984
256   9233064
256   9178784
256   8987720
256   9088628
256   8857468
256   9133920
256   9630256
256   9166588
256   8997948
256   9094936
256   9137720
256   9061896
256   8974112
256   9744176
256   9186180
256   9091740
256   9022736
256   9570756
256   8776448
256   8964888
256   8653196
256   8522604
256   9147468
256   8601068
256   9223612
256   8919272
256   9131724
256   8536104
256   8953536
256   8522344
256   9415336
256   9608824
256   9012284
256   9303836
256   8909400
256   8622304
256   8895908
256   9220556
256   9531392
256   8911128
256   9019184
256   9200352
256   8941124
256   9408132
256   8751704
256   9174272
256   9044672
256   8848648
256   8577500
256   9070624
256   9345252
256   9123048
256   8554488
256   9076388
256   8489384
256   9385320
256   9425792
256   8970336
256   8990528
256   8509428
256   9123208
256   8996832
256   8716484
256   8826492
256   9099048
256   8794780
256   9249492
256   9051212
256   9197936
256   9100184
256   8911156
256   9165292
256   9154704
256   8832248
256   9214956
256   8862404
256   8959724
256   8921536
256   8689908
256   9302612
256   8715608
256   9257260
256   9177748
256   8830812
256   8747628
256   9276580
256   8805244
256   9085844
256   9359168
256   9087252
256   9404140
256   8834296
256   9222168
256   9073460
256   8862452
256   8815784
256   8977168
256   9295804
256   9061244
256   8670168
256   9191436
256   8698776
256   8909800
256   9246980
256   9135560
256   8606324
256   9319252
256   8673596
256   8544520
256   9265152
256   8891008
256   9000964
256   9158792
256   8972812
256   9022468
256   8752792
256   9383180
256   8718984
256   9498336
256   8777812
256   9133800
256   9726836
256   8961080
256   8978172
256   8910068
256   8851160
256   9032720
256   9106852
256   8926900
256   8496156
256   9103464
256   9194864
256   8671504
256   9356692
256   8984728
256   9162536
256   8634500
256   9056120
256   9043600
256   8841684
256   9058980
256   9332548
256   8920064
256   9198292
256   9211740
256   8364840
256   8711216
256   9190652
256   8975028
256   9251100
256   8680344
256   9099192
256   8619164
256   9391596
256   9085996
256   8721688
256   8917348
256   8888208
256   8748260
256   8740416
256   8756804
256   8804740
256   8908188
256   9295528
256   8910688
256   9241124
256   8983264
256   9160440
256   9289656
256   9251532
256   8914780
256   9026932
256   8926800
256   8667140
256   8958028
256   9136256
256   8763636
256   9296608
256   8546020
256   8520184
256   8741724
256   9071680
256   8860944
256   8599384
256   8825164
256   9087952
256   9152528
256   8991048
256   9476552
256   8730232
256   8813176
256   9284144
256   9374288
256   9037372
256   9008124
256   9242460
256   8982896
256   9043408
256   9126024
256   8870028
256   8766944
256   9043440
256   9134648
256   9288416
256   8792512
256   8821696
256   8713564
256   9225700
256   9045508
256   9092016
256   9558016
256   8560168
256   8864396
256   8628040
256   9263180
256   9391848
256   8918960
256   8914864
256   8603284
256   8823452
256   9314056
256   8962028
256   8619252
256   8587604
256   9516440
256   9118412
256   9124048
256   9108588
256   9082800
256   9187580
256   8579820
256   9240096
256   8785504
256   8964180
256   9515588
256   9038340
256   9347280
256   9234204
256   9012432
256   9380580
256   8624300
256   8438840
256   9065092
256   9253620
256   8954684
256   9165272
256   9165328
256   9175856
256   8861940
256   9204536
256   8657560
256   9117532
256   9316328
256   9089388
256   8999684
256   8665280
256   9190984
256   9080048
256   9223972
256   9106132
256   8815796
256   9450812
256   9194668
256   8950184
256   9409524
256   8959988
256   8791368
256   8853780
256   8831004
256   9163612
256   8877336
256   9292324
256   8618040
256   9289456
256   8465028
256   8707220
256   8888436
256   9178084
256   9229480
256   9131516
256   9535720
256   9062264
256   8812304
256   9023996
256   8683972
256   8981688
256   8558872
256   8979380
256   9468388
256   8846504
256   9138644
256   9415392
256   8899912
256   9350696
256   9357972
256   9034204
256   8980436
256   8923584
256   8980408
256   8594384
256   8927988
256   9033784
256   9415104
256   8722528
256   8759300
256   9192892
256   8871476
256   9381552
256   9563600
256   9515560
256   9032884
256   9055284
256   8537416
256   9353012
256   9713108
256   8408660
256   9346564
256   9232668
256   8586424
256   9580168
256   8873540
256   9545288
256   9026780
256   9037456
256   8975772
256   8645560
256   8518188
256   9141500
256   9332316
256   8855344
256   9408792
256   9230376
256   8934332
256   9034756
256   9041440
256   9186220
256   8966108
256   8449948
256   9251072
256   8967368
256   9103904
256   9352956
256   9494096
256   9187480
256   8858960
256   8822900
256   8996908
256   8666804
256   8914484
256   8581996
256   8711056
256   8727500
256   8718272
256   8866896
256   8665440
256   9605352
256   8966220
256   9272480
256   8704204
256   9182020
256   9024560
256   9010092
256   9192376
256   9082532
256   9185816
256   8879920
256   8932380
256   9267800
256   8903764
256   9420768
256   8965036
256   9026332
256   9268092
256   8978696
256   9267244
256   8415836
256   9298240
256   9063596
256   9225544
256   9205916
256   8909432
256   9420536
256   9046344
256   8899184
256   8886152
256   8465240
256   9290216
256   9049028
256   8872284
256   8683108
256   9561636
256   9158652
256   8778256
256   9049640
256   8970540
256   9230104
256   8996900
256   8993132
256   9306144
256   8963672
256   9169800
256   9095892
256   8988096
256   8984360
256   8934528
256   9635744
256   9353244
256   9174192
256   8966024
256   9352484
256   9254724
256   9087560
256   8789536
256   9022656
256   9690228
256   9033368
256   9337296
256   9433960
256   9213192
256   9108108
256   9012416
256   8841876
256   8721876
256   8987904
256   8443820
256   8953792
256   9148068
256   8921568
256   8971300
256   9162364
256   9193156
256   8724568
256   9153416
256   9234520
256   8964684
256   9014388
256   9035560
256   9195288
256   9436532
256   8751464
256   8982344
256   9220208
256   9879556
256   9501012
256   8969932
256   8887012
256   9111936
256   8587704
256   8978376
256   9159512
256   9367256
256   8986076
256   9020816
256   9217960
256   9399160
256   9065720
256   9621244
256   9321596
256   9218168
256   8472568
256   9307960
256   8744544
256   8795632
256   9357996
256   8893800
256   8913448
256   9331636
256   8978320
256   8964732
256   9030244
256   9646160
256   8574840
256   9018044
256   8894748
256   9224700
256   9468408
256   9199332
256   8928568
256   9030920
256   9234984
256   9119088
256   9030888
256   9276860
256   9206856
256   8885484
256   9587792
256   8998056
256   8858572
256   8653216
256   8682800
256   9258132
256   9011980
256   9038220
256   9008012
256   9185668
256   8690072
256   8830984
256   9092480
256   9506564
256   8847868
256   9186708
256   9412992
256   8495396
256   8873356
256   9148844
256   8840540
256   8963164
256   9548960
256   9299192
256   8925372
256   9231912
256   8823552
256   9105412
256   9019536
256   8722368
256   8296380
256   9076732
256   9604580
256   8908416
256   9163960
256   9556492
256   9037808
256   9003108
256   9352776
256   9395372
256   8698468
256   8946708
256   8602048
256   9107192
256   8768960
256   9108444
256   8890584
256   9158776
256   9224400
256   8950288
256   9220120
256   9151676
256   9057668
256   8895464
256   8897276
256   9044692
256   8616784
256   8926596
256   9118412
256   9298112
256   9278824
256   8889448
256   9339416
256   9114100
256   9005376
256   8835220
256   9614540
256   8940232
256   9022364
256   9256552
256   8806124
256   8426940
256   8990792
256   9099384
256   9193656
256   9227748
256   8962860
256   9399552
256   8953748
256   8837252
256   8531992
256   9485996
256   8509796
256   9118096
256   8388724
256   8522564
256   8897420
256   9026840
256   9175604
256   8855368
256   8793124
256   9019004
256   8941892
256   8818132
256   8965180
256   8916060
256   9121964
256   8636308
256   9255032
256   9018064
256   9163812
256   8517500
256   8751144
256   9336088
256   8925840
256   8691860
256   8998716
256   9408848
256   8895748
256   8829628
256   9131376
256   8745532
256   9194080
256   8625400
256   8751084
256   9106320
256   9422552
256   8816580
256   8909028
256   9154008
256   8739072
256   9158664
256   8492796
256   8878768
256   9520280
256   9024416
256   9264624
256   8819524
256   9130312
256   8963444
256   8936304
256   9066636
256   9055868
256   8876480
256   8903952
256   9070352
256   8889516
256   9268980
256   9075872
256   8909084
256   8832440
256   8976340
256   8880980
256   9087520
256   8202316
256   9183644
256   8889440
256   9217624
256   9564292
256   8634432
256   8907320
256   8795764
256   8854912
256   9159600
256   8649844
256   9095624
256   8968288
256   9282728
256   9385044
256   8700968
256   8832884
256   9559904
256   8808696
256   9118004
256   9092748
256   8920940
256   9595644
256   9188800
256   9209008
256   8747708
256   9174988
256   9197756
256   8997776
256   8886256
256   8953852
256   8911588
256   9207452
256   9075172
256   8519428
256   9429664
256   9344064
256   9047872
256   9032844
256   9013252
256   9381756
256   9064044
256   8456460
256   8873296
256   9125828
256   9138844
256   9202672
256   8904484
256   9436296
256   9122264
256   9165516
256   9377684
256   9147080
256   9103444
256   8692792
256   9249492
256   8380128
256   9372108
256   8862656
256   8978216
256   8475756
256   9141288
256   8965204
256   9092252
256   9446692
256   9122412
256   8877776
256   8617256
256   8799816
256   9081380
256   9557128
256   8879944
256   8861312
256   8761992
256   9148696
256   9109456
256   8732188
256   9061152
256   8758824
256   8953700
256   8667884
256   8739916
256   9048008
256   9194620
256   8835996
256   8763712
256   8988884
256   9188808
256   9023992
256   8771304
256   9240988
256   9014444
256   9185476
256   9352652
256   8642136
256   9506612
256   8972848
256   9217796
256   9015836
256   8719076
256   9423192
256   8692172
256   8961240
256   8919840
256   9558820
256   9107240
256   8935604
256   9002392
256   8800532
256   9150584
256   9179628
256   8849960
256   9221092
256   8873404
256   9147728
256   8716804
256   9005548
256   8994460
256   9192656
256   9558164
256   9123480
256   8938972
256   9260916
256   9191996
256   8926116
256   8846868
256   8819664
256   9227660
256   8690648
256   9054572
256   9104792
256   9483852
256   9296372
256   9157580
256   9193020
256   9036368
256   8798820
256   9195524
256   9016420
256   8982252
256   8546796
256   9195080
256   9046164
256   8795876
256   9181512
256   8761668
256   8789760
256   8904156
256   9497332
256   8970796
256   8516136
256   9055200
256   9124604
256   8390192
256   9257792
256   8925444
256   8954688
256   8834564
256   9022016
256   8963420
256   8508072
256   9246036
256   9173176
256   9018772
256   9215328
256   9067396
256   9069056
256   9375140
256   9349096
256   8771104
256   8821060
256   9100468
256   8531224
256   8800872
256   8642164
256   8945904
256   8783188
256   8895496
256   8967848
256   9195092
256   8965416
256   9162748
256   9080520
256   8980128
256   8502096
256   9534400
256   9363756
256   9196092
256   8978204
256   9166080
256   9272032
256   8927368
256   9298628
256   8759588
256   8799444
256   8763440
256   8513920
256   8741952
256   8840116
256   8640276
256   8930580
256   8910464
256   9192420
256   8943248
256   9083876
256   8971208
256   9360448
256   9025788
256   8858192
256   8879016
256   9468124
256   9153896
256   9270600
256   8786640
256   9698444
256   9032996
256   8975100
256   9238536
256   8907612
256   9299032
256   8519256
256   8765700
256   9068132
256   8972444
256   8827404
256   8781772
256   8483628
256   9177400
256   8902404
256   9130852
256   9101608
256   9041008
256   8930696
256   9280972
256   8564400
256   9112100
256   9078156
256   9239740
256   8790872
256   8999324
256   8928992
256   9109276
256   9229036
256   9039348
256   8663640
256   8847084
256   9261240
256   9019140
256   9031684
256   8486252
256   9374592
256   8927408
256   8719528
256   9098580
256   8786264
256   8562580
256   8902112
256   9449752
256   9122932
256   8721008
256   8881788
256   8614628
256   9422492
256   8589456
256   9216324
256   9264068
256   8650020
256   8771292
256   8877588
256   8960520
256   8922160
256   8815256
256   9050392
256   9258496
256   9430148
256   9465116
256   8882492
256   8855860
256   8612432
256   8808912
256   8871556
256   9044104
256   8633636
256   9079944
256   9454780
256   9233632
256   9397296
256   9531940
256   8971428
256   8391780
256   9102800
256   8969204
256   8836920
256   8852880
256   9331280
256   9099336
256   9184500
256   8507344
256   9133696
256   8932856
256   8894352
256   9029368
256   9014028
256   8925468
256   9093496
256   8901840
256   9073892
256   8712948
256   9152440
256   8514864
256   9294604
256   8869216
256   8704652
256   8762632
256   9147140
256   9492888
256   9135436
256   9078692
256   9612544
256   9064196
256   8988892
256   8837720
256   8757452
256   9147116
256   9157268
256   8897196
256   8939952
256   9391952
256   9171364
256   9014828
256   8587784
256   8598148
256   9091876
256   8797940
256   9067876
256   8772460
256   8927512
256   8965980
256   9118804
256   8720036
256   9401772
256   9158712
256   9203728
256   9006568
256   8952060
256   8765932
256   8694212
256   8967844
256   9068988
256   8649180
256   8979520
256   8803880
256   9246188
256   8865428
256   8858608
256   8870972
256   8498232
256   9416364
256   8701172
256   9146008
256   9289524
256   9294992
256   9044240
256   8953164
256   9436364
256   9089336
256   8755468
256   9148952
256   9070116
256   9132128
256   8758316
256   9814360
256   8841432
256   9245032
256   8868952
256   8975136
256   8717388
256   8617532
256   9004160
256   8794204
256   8704384
256   8863488
256   9141260
256   8884768
256   9346808
256   9444412
256   8618992
256   8847964
256   8858164
256   8807556
256   8670756
256   8885904
256   9157928
256   9082176
256   8866996
256   9115756
256   9273600
256   8623356
256   9086212
256   8956472
256   9223896
256   8696992
256   9535520
256   8967736
256   8770492
256   9386256
256   8853432
256   8967200
256   8918828
256   9009696
256   9238600
256   8824412
256   9040408
256   8707404
256   9329248
256   9293576
256   9401536
256   9045340
256   8840476
256   8755480
256   9079292
256   8820432
256   9072528
256   9622744
256   9062604
256   9468144
256   9324016
256   9325024
256   9147596
256   8408496
256   9152636
256   8901944
256   8979564
256   8752032
256   9233520
256   9309268
256   9111820
256   8776284
256   8762620
256   8927136
256   9749404
256   9212576
256   8424752
256   9330588
256   8840296
256   8983364
256   9222532
256   8580080
256   9013980
256   8625204
256   9719608
256   8690060
256   9130840
256   8904728
256   9025376
256   8913872
256   9373900
256   9137328
256   9070220
256   8945760
256   8920432
256   9069608
256   9179712
256   8766488
256   8913844
256   9404688
256   9082544
256   9163012
256   8996436
256   8815864
256   8974756
256   9409948
256   9193932
256   8804388
256   9263016
256   8577220
256   8633652
256   8608096
256   9269168
256   8878432
256   9340212
256   9591004
256   8610420
256   9243308
256   8992896
256   9031064
256   9420496
256   8417668
256   9124928
256   8769800
256   8760268
256   9344924
256   8733048
256   8622776
256   8913940
256   8936504
256   9602084
256   9447624
256   8785752
256   8977364
256   8834648
256   9270508
256   9281224
256   9364020
256   9009716
256   8610452
256   8842652
256   8985108
256   8867480
256   8765092
256   9238736
256   8548160
256   9280916
256   9028288
256   9295712
256   8756512
256   8919232
256   9150424
256   8943776
256   8864092
256   9716384
256   9086812
256   9324252
256   8924416
256   9209228
256   8558436
256   9329440
256   9318304
256   9511844
256   8968844
256   9025244
256   9323504
256   8866988
256   9175840
256   8699952
256   9061732
256   8919968
256   9281756
256   9187004
256   8946872
256   9232944
256   8931496
256   9067724
256   8775060
256   9175748
256   8314644
256   9308688
256   8702360
256   9161456
256   8971544
256   8858516
256   8487340
256   9078592
256   9311172
256   9003648
256   9205844
256   9320492
256   8981740
256   8968824
256   9344616
256   9145280
256   9380704
256   9516268
256   8909160
256   9595460
256   8960744
256   8974556
256   8974780
256   9177384
256   9121468
256   8763952
256   8779316
256   8966044
256   8989372
256   8853392
256   8834000
256   8563556
256   8962852
256   8774616
256   9012176
256   9279372
256   8376288
256   8785572
256   8901136
256   8998316
256   9171504
256   9084856
256   8918388
256   8797304
256   9008852
256   9310184
256   8648468
256   8622432
256   8987488
256   8964640
256   9130708
256   8986492
256   8693424
256   9210924
256   9049052
256   8895384
256   8847320
256   8977320
256   9172108
256   9538680
256   9036608
256   9151148
256   9135916
256   9128348
256   8806280
256   8675808
256   8925128
256   8822908
256   8731728
256   8846632
256   9520800
256   8636620
256   8634772
256   8709500
256   9468868
256   9012060
256   8605104
256   8620364
256   9042128
256   9019544
256   9014580
256   9400748
256   8495500
256   9126912
256   8630460
256   9055416
256   8896876
256   8588584
256   8905828
256   8751260
256   8857028
256   9218888
256   8860704
256   8935328
256   8973636
256   9607920
256   9187596
256   9227172
256   9033432
256   8988028
256   8865960
256   9140848
256   8708504
256   8866532
256   8950912
256   9211968
256   8774940
256   8970456
256   9035672
256   8500496
256   8678000
256   8906248
256   8954636
256   8973628
256   8610832
256   9667248
256   8859916
256   9164904
256   9082148
256   9137996
256   9370188
256   9216288
256   8811596
256   9282496
256   8753092
256   8774840
256   8859344
256   9114568
256   9592448
256   8630772
256   8553492
256   9511156
256   9119712
256   8934212
256   9267880
256   9427872
256   8794860
256   8740652
256   9000584
256   8854876
256   8950096
256   8818564
256   8842028
256   8762920
256   9259824
256   9293596
256   8821664
256   9208704
256   9114912
256   9227292
256   8689728
256   8935712
256   9040516
256   9174688
256   9178804
256   9326928
256   9298760
256   8968836
256   9122132
256   9052672
256   8859384
256   9292728
256   8781068
256   9287024
256   9047556
256   8646576
256   8567404
256   8932524
256   9330892
256   9195288
256   9049996
256   8951828
256   8616236
256   9057816
256   8817000
256   9041308
256   8922796
256   8924516
256   9328200
256   8862936
256   9199676
256   9103952
256   8473888
256   8750608
256   8839388
256   9374884
256   9030396
256   9224892
256   9243744
256   9105520
256   9363232
256   9051560
256   8626160
256   8184556
256   8729800
256   8922592
256   8940004
256   8716080
256   8857228
256   9155596
256   9255348
256   9024716
256   8645280
256   9468440
256   8571492
256   8946800
256   9262512
256   8449976
256   9299800
256   8639940
256   9333596
256   9105668
256   9309448
256   8872784
256   9189024
256   9208048
256   8948460
256   9218896
256   8501424
256   8976852
256   8738720
256   8859512
256   9441176
256   8832460
256   9397068
256   8888824
256   8559524
256   8594460
256   9272700
256   9277512
256   8994248
256   9000272
256   8724780
256   9392632
256   9265020
256   8511228
256   8894856
256   8778256
256   8813428
256   8808768
256   9469616
256   9060288
256   9091584
256   9239296
256   9154580
256   8623488
256   8957700
256   9168284
256   9192848
256   8994520
256   9230752
256   9098684
256   9244368
256   9150368
256   9217008
256   9055744
256   8933780
256   8994652
256   9037052
256   8916380
256   9036524
256   8841436
256   8777980
256   9337340
256   9393064
256   9355364
256   8649836
256   9716868
256   8814900
256   8591716
256   8814088
256   9015124
256   9474116
256   8558140
256   9127808
256   9191460
256   8726968
256   9043280
256   8980336
256   9155376
256   9065296
256   8896056
256   8580800
256   9072100
256   8927228
256   8822940
256   8917752
256   8432008
256   8829844
256   8830508
256   8987832
256   9461632
256   8826260
256   8663460
256   9011196
256   9282988
256   9040364
256   9206332
256   9235184
256   8907244
256   9248496
256   8968848
256   9269548
256   9226748
256   8930908
256   9006420
256   8949044
256   8559776
256   8780256
256   9429524
256   9580448
256   8966256
256   9155740
256   9158780
256   9074052
256   9271152
256   10043440
256   8913900
256   9049816
256   9263636
256   8907600
256   9178404
256   8814964
256   9084272
256   9246424
256   8695048
256   8863916
256   9101252
256   9093496
256   8823236
256   8877668
256   8839560
256   8739680
256   9088776
256   9104036
256   9565476
256   8908832
256   8933852
256   8908140
256   8840332
256   8794232
256   8617452
256   8850592
256   8820452
256   9018912
256   9116068
256   8647440
256   9073628
256   8768524
256   8594812
256   8281120
256   9168916
256   9546892
256   8703408
256   9527560
256   9280788
256   8581164
256   8968464
256   9229080
256   9232720
256   8815116
256   8962956
256   9021620
256   8733348
256   8951496
256   8583320
256   9291116
256   9711064
256   9068596
256   9218544
256   8738000
256   8903604
256   8918240
256   8944396
256   8639268
256   8757020
256   9330124
256   8921160
256   9955712
256   9195852
256   8581992
256   9050192
256   8773168
256   8737540
256   8943820
256   9235552
256   8585196
256   8766992
256   8975648
256   9400712
256   8725604
256   8688228
256   9230328
256   9039772
256   8728620
256   9060792
256   9339864
256   9504792
256   9114284
256   8638260
256   9364832
256   9027528
256   9304024
256   8878756
256   8921192
256   9473428
256   8816996
256   8920192
256   8957500
256   9076288
256   9285252
256   9457416
256   8824268
256   8715072
256   8962980
256   9148556
256   8927980
256   9298348
256   9083388
256   9290600
256   8928380
256   8853772
256   9823836
256   8818796
256   9155908
256   9627988
256   9372600
256   8751464
256   8771380
256   9444656
256   8575512
256   9193444
256   8787984
256   8801452
256   9097084
256   8996236
256   8711608
256   9038504
256   9054584
256   9110560
256   8933020
256   9025072
256   8890704
256   9376044
256   8915740
256   9234172
256   9309300
256   8396428
256   9353848
256   8825084
256   9241064
256   9216480
256   9364308
256   9274672
256   9136992
256   8905644
256   9264436
256   8646484
256   8983140
256   8930880
256   8852844
256   9270200
256   8896324
256   8664876
256   9184424
256   9068444
256   9451936
256   8743116
256   8847052
256   8803708
256   9034608
256   9055988
256   9169752
256   8782108
256   8594644
256   8980496
256   8666080
256   8959672
256   8834720
256   9311508
256   9377920
256   9116880
256   9461188
256   8393924
256   9292888
256   8831096
256   8624144
256   8666604
256   8846024
256   9437408
256   9416260
256   8813824
256   8918008
256   8382392
256   8781388
256   8981052
256   9250256
256   9612224
256   9575320
256   8865424
256   9225812
256   9004628
256   8785464
256   9181856
256   9271756
256   9197768
256   9389296
256   9341048
256   9023728
256   9454016
256   9196916
256   9070236
256   9122284
256   8816584
256   8834352
256   8511944
256   8966116
256   9532972
256   9137868
256   8848220
256   8722872
256   8746932
256   9419368
256   8590592
256   8869352
256   8967996
256   8909744
256   8770008
256   9036080
256   9965296
256   8777012
256   8943708
256   9316028
256   8596508
256   9075872
256   8916288
256   8717196
256   8974904
256   9309260
256   8950424
256   8726884
256   9083120
256   8435272
256   9448388
256   9207500
256   9205184
256   8586376
256   9288004
256   8767756
256   8475140
256   9040848
256   9095596
256   8968140
256   9405796
256   9015904
256   9421324
256   9303328
256   9372512
256   8811252
256   8888980
256   9407808
256   9091816
256   9366868
256   9336136
256   9027680
256   8446636
256   8849240
256   9082780
256   9250708
256   9215988
256   8931040
256   8617492
256   9022080
256   8757088
256   8860940
256   9290740
256   8935480
256   8522204
256   9085496
256   9553108
256   9219516
256   8989168
256   8518276
256   8991732
256   9294456
256   9586404
256   9949912
256   8979196
256   8941240
256   9013172
256   8698912
256   8764976
256   9098488
256   8936404
256   8774640
256   9357720
256   9194388
256   9281892
256   9146048
256   9140288
256   8626168
256   8814176
256   8700936
256   9047528
256   8459212
256   8547520
256   8952488
256   8833268
256   9406780
256   8971576
256   9034792
256   8823376
256   8995796
256   8777056
256   8642500
256   8844904
256   9001900
256   8726340
256   8978780
256   8773452
256   9164056
256   8829872
256   9057772
256   9465300
256   8681196
256   9332984
256   9421272
256   8863096
256   8836240
256   9102980
256   9222372
256   9104804
256   9106232
256   9181712
256   9252188
256   8591948
256   9005372
256   9142392
256   8837336
256   9360812
256   8823740
256   8720488
256   9984600
256   8643844
256   9237764
256   9353912
256   8990316
256   8610464
256   8928072
256   9349060
256   9227840
256   9328224
256   9200000
256   8630036
256   9146756
256   8797436
256   8987828
256   9420464
256   8957060
256   8957368
256   8839548
256   9223756
256   8618876
256   8771344
256   9393412
256   9074032
256   9334264
256   8831168
256   8649892
256   8780624
256   9025224
256   9256756
256   8694268
256   8916996
256   8971872
256   9346176
256   9196612
256   8637752
256   9389088
256   8973200
256   9304036
256   9451452
256   8899684
256   9295428
256   8816632
256   9110720
256   9273080
256   8635112
256   8713228
256   8714500
256   9268712
256   9355064
256   8927376
256   8663188
256   9173376
256   8964352
256   9369304
256   9533184
256   9895368
256   8879116
256   8806880
256   9649892
256   8847392
256   8443576
256   9306460
256   9295068
256   8646964
256   9118088
256   9103756
256   9029260
256   8998544
256   8926964
256   8850880
256   9257340
256   9031028
256   9214520
256   8957440
256   9221676
256   9182968
256   8800880
256   9025228
256   8926756
256   9017364
256   8769776
256   9707804
256   9108724
256   9013616
256   9159716
256   9128516
256   8532200
256   8811008
256   9242404
256   8906488
256   8867668
256   9025380
256   9110480
256   9134976
256   8841316
256   8924248
256   8577848
256   8887096
256   8755372
256   8833344
256   8914228
256   9019884
256   9188860
256   8558568
256   8579164
256   8832852
256   9026672
256   9093112
256   9397316
256   8967808
256   8818856
256   8957236
256   9249452
256   9019940
256   9010504
256   8526740
256   8746516
256   9277096
256   8933428
256   9178320
256   8714584
256   9417300
256   8416504
256   9566528
256   8871000
256   8602176
256   9205456
256   9329504
256   9278904
256   8758036
256   8764524
256   8873528
256   8805924
256   9764420
256   8648648
256   9092324
256   8601372
256   9025744
256   9093632
256   8837356
256   8670240
256   8636344
256   8938624
256   9296748
256   8991724
256   8972860
256   9081244
256   8729920
256   9184744
256   8846092
256   9023892
256   9227720
256   9147676
256   9213088
256   9688864
256   8600068
256   9394440
256   8864240
256   9362028
256   9355744
256   8773900
256   9012492
256   9150216
256   8534056
256   9143928
256   8814248
256   9194560
256   8839688
256   8845900
256   9251956
256   9259948
256   9256776
256   8909936
256   9229332
256   8796364
256   8773512
256   8907188
256   9283236
256   9140968
256   9138288
256   8811988
256   9096984
256   8753100
256   8793884
256   9104376
256   8550684
256   9182392
256   8776372
256   8969524
256   8939100
256   9065124
256   9139260
256   9277296
256   8403068
256   9227344
256   8913084
256   9078560
256   8759132
256   8512428
256   9285724
256   8790260
256   9206440
256   8868856
256   8818744
256   8825988
256   9028756
256   9120436
256   8890912
256   9499332
256   9122092
256   8831576
256   9045396
256   8909264
256   8969404
256   8634248
256   9074800
256   8898084
256   8874688
256   9530208
256   9307260
256   9331420
256   9058556
256   8952720
256   9464372
256   8844480
256   8893896
256   8957852
256   9304192
256   9058416
256   9085104
256   8780240
256   8541124
256   8574216
256   9223284
256   8599084
256   8624744
256   8722816
256   9079692
256   8682092
256   9065648
256   8905504
256   8561372
256   9042140
256   8733416
256   9412776
256   8761376
256   8921788
256   8935496
256   8841592
256   9124452
256   9230624
256   9158140
256   9026556
256   8773468
256   9009528
256   8792500
256   9083376
256   8866240
256   9171108
256   9040980
256   8738536
256   8797252
256   8446076
256   7894160
256   9361476
256   9291048
256   8817648
256   9033304
256   8923268
256   8770896
256   8563680
256   8629664
256   9544604
256   9042516
256   9259592
256   9451344
256   9253132
256   9249968
256   9086556
256   8835436
256   9204892
256   8960276
256   8990324
256   8888152
256   9179520
256   8961352
256   8895696
256   9437560
256   9555472
256   9102424
256   9188692
256   8585576
256   8727320
256   8708544
256   8789928
256   8890052
256   9519204
256   9026772
256   9113540
256   9153036
256   9203400
256   8863476
256   9166400
256   9105812
256   8716404
256   9150272
256   9058880
256   8699312
256   8578876
256   9527312
256   9021924
256   8879172
256   9186456
256   8831440
256   9130684
256   9111696
256   8913196
256   8990012
256   9202668
256   9016560
256   9083680
256   8660584
256   8507152
256   8953412
256   9241948
256   8927332
256   8652808
256   8994284
256   9155912
256   8958984
256   9248272
256   8496548
256   9001872
256   9336472
256   9172208
256   9463016
256   9178704
256   8994180
256   9178236
256   9161200
256   9322140
256   9268724
256   9027372
256   8796108
256   9299848
256   9067244
256   9306744
256   8984304
256   9110172
256   9112088
256   9281292
256   9137696
256   8770920
256   8837120
256   9491092
256   8444800
256   8742508
256   9004572
256   8595264
256   8943860
256   8640200
256   8847064
256   9348292
256   9245908
256   8926416
256   8823932
256   9218340
256   9171840
256   9111764
256   9423908
256   9065304
256   8902024
256   9360204
256   9047156
256   9377320
256   9553768
256   9126192
256   9062868
256   9078532
256   9247760
256   8862084
256   8956860
256   9404284
256   8747420
256   8850040
256   9481424
256   8367808
256   8868708
256   9266988
256   8877844
256   8989400
256   8856884
256   8614488
256   9573988
256   8978672
256   9171096
256   8921124
256   9027288
256   8967148
256   9081372
256   9081792
256   8902452
256   9091432
256   9308860
256   9363212
256   9266900
256   8774980
256   8589424
256   8650988
256   8960540
256   8978136
256   9170532
256   9124608
256   9435284
256   8763188
256   9351136
256   8690768
256   8893872
256   9076588
256   8645036
256   8965976
256   8678160
256   8332080
256   9132572
256   9121444
256   9209128
256   8699832
256   9168892
256   9194588
256   9167760
256   8989196
256   8395112
256   9050840
256   9135436
256   9235604
256   8994376
256   9486560
256   9261276
256   8897488
256   9092948
256   8909040
256   9389124
256   9250840
256   8973924
256   9073864
256   8995388
256   9111576
256   9184228
256   9175036
256   8920548
256   8844660
256   9301028
256   8901732
256   9600196
256   9121920
256   9049772
256   8786468
256   9451076
256   8791348
256   8807444
256   8476348
256   9148240
256   8942232
256   8718984
256   8952860
256   8603672
256   8940444
256   8886764
256   9257104
256   8519324
256   9068656
256   9372896
256   9236580
256   8781048
256   8893848
256   8884552
256   8856792
256   8575872
256   9249828
256   8814828
256   9093680
256   9177640
256   8919008
256   8866148
256   8902528
256   8915216
256   9005444
256   9285140
256   9113020
256   9081884
256   9271320
256   8916784
256   9042044
256   8742380
256   9240060
256   8745508
256   8878896
256   8779596
256   8742932
256   8621724
256   9155312
256   9651620
256   9189064
256   9481644
256   8896940
256   8985584
256   9379948
256   9281472
256   9327952
256   9416956
256   9418684
256   9233032
256   9260476
256   8835972
256   9394576
256   8955300
256   8592712
256   9081956
256   9160252
256   8726940
256   8742988
256   8985092
256   9282364
256   9240716
256   9130008
256   8551828
256   8808520
256   9105144
256   9404348
256   8763136
256   8555360
256   8156736
256   9300760
256   9001416
256   8917456
256   9413344
256   9091168
256   8740184
256   8982204
256   8835632
256   9365140
256   9125396
256   8314868
256   9042840
256   8951648
256   8726320
256   8901292
256   9415392
256   8411988
256   9037236
256   9359584
256   9042272
256   8397812
256   8909060
256   9509436
256   8713276
256   8597756
256   8883436
256   8422500
256   9112456
256   8993056
256   9218868
256   9364428
256   8685320
256   9042500
256   8948972
256   9325956
256   8871344
256   9216764
256   8481112
256   9218648
256   8654248
256   9112776
256   8992768
256   8860444
256   9095424
256   9026064
256   9281600
256   8977196
256   9153388
256   8986036
256   8818008
256   9320464
256   9508864
256   9053220
256   9244192
256   9016232
256   9047480
256   9041676
256   8923856
256   8674236
256   9064444
256   8961660
256   9163144
256   9376852
256   8739708
256   8490836
256   9155708
256   9534332
256   8792592
256   8705772
256   9609784
256   9203148
256   9199992
256   8889040
256   9088452
256   8925616
256   8810404
256   9008728
256   9459532
256   8671476
256   9393996
256   9139564
256   9178084
256   9329516
256   9265536
256   8981752
256   8895928
256   8762300
256   8882748
256   9406160
256   9008320
256   9053240
256   9661372
256   8981104
256   8579700
256   8859792
256   8986768
256   9130676
256   8821364
256   8994444
256   9059316
256   8963580
256   9040004
256   8810216
256   8760088
256   9658064
256   8955488
256   8893448
256   8971672
256   8840444
256   9192868
256   9469276
256   9464312
256   9126592
256   9171184
256   9484556
256   9057436
256   9375684
256   8693520
256   8515056
256   8616732
256   9406112
256   9180084
256   9174816
256   9269264
256   8564076
256   9431632
256   8895148
256   8776044
256   9259396
256   9045704
256   8727832
256   9090892
256   9023672
256   8865696
256   8870156
256   8977428
256   8820060
256   9064996
256   8939640
256   8965096
256   8875400
256   8944612
256   9385396
256   9066608
256   8589048
256   9252320
256   8652736
256   9302840
256   8739120
256   8857104
256   9332140
256   9354848
256   8749608
256   9277704
256   8533064
256   9133816
256   9443648
256   9078568
256   8904712
256   8674476
256   9612200
256   8831088
256   8869456
256   9058520
256   9045940
256   9207552
256   9071376
256   9498388
256   8971188
256   9239520
256   9110288
256   8412564
256   9643604
256   8412612
256   8822156
256   9199520
256   8868424
256   9271100
256   9191904
256   9578268
256   9242624
256   9205792
256   9175528
256   8889928
256   9073080
256   9037104
256   9126864
256   9218936
256   9235980
256   9152892
256   8879776
256   9259796
256   8704344
256   9271224
256   9510712
256   9159468
256   9080540
256   8873460
256   8207676
256   9154316
256   9274600
256   9302108
256   8848444
256   8691224
256   9058772
256   8589004
256   8718092
256   8360820
256   8821380
256   9261572
256   8850644
256   8731124
256   8566908
256   8978868
256   9124420
256   8635472
256   9070944
256   9150996
256   8894424
256   8800676
256   8674360
256   9148472
256   8741376
256   8821672
256   9660456
256   8787432
256   9687560
256   8793244
256   8526560
256   9040256
256   8763132
256   8893360
256   8733120
256   9215688
256   9408028
256   8782124
256   9326424
256   8840184
256   9123968
256   8780956
256   8970124
256   9482228
256   8972620
256   9293700
256   9211700
256   9075648
256   9213896
256   9001516
256   9515932
256   8945252
256   9110648
256   9440420
256   8983992
256   8268420
256   9452060
256   9447904
256   8746380
256   9379600
256   9767088
256   9090244
256   8845440
256   9224080
256   8954344
256   9057112
256   8908296
256   8638444
256   9455960
256   8720656
256   8870772
256   9197308
256   8967876
256   8709284
256   9090676
256   8850612
256   8971488
256   9114544
256   10508012
256   10190100
256   10849108
256   11489740
256   10470932
256   10543916
256   10804580
256   10174240
256   9495428
256   11463112
256   10286636
256   10403064
256   11649492
256   10259496

