8223038   5458257251
8   240380
55   1427400
189   5251932
256   7170392
256   7305660
256   7015452
4   77584
256   6879164
256   6614744
256   7191416
256   6548136
256   6798532
256   6904020
256   6674892
256   6674924
256   7064052
256   6702484
256   6983016
256   6961156
256   7443976
256   6860584
256   6554060
256   6596520
256   7085304
256   6819828
256   6789004
256   7070104
256   6452528
256   6912484
256   7481672
256   6775452
256   6605000
256   7025500
256   6936528
256   6864892
256   7223304
256   6547916
256   6848856
256   7313804
256   6809920
256   6668384
256   6618232
256   7119872
256   6729528
256   6597776
256   6944044
256   6683336
256   6801964
256   7504236
256   6891536
256   7330588
256   7576520
256   7210192
256   8307356
256   9557256
256   9253220
256   9386388
256   9042812
256   9194640
256   9486168
256   8235700
256   8996252
256   9167632
256   9155164
256   8854052
256   9210064
256   9488488
256   8324892
256   8907144
256   9491604
256   9402420
256   9143628
256   8981132
256   9128884
256   9107972
256   8694540
256   9207824
256   9278644
256   9558316
256   8943168
256   9202076
256   9253388
256   9317748
256   9298384
256   8979692
256   8798128
256   9227556
256   8574528
256   8315760
256   9098700
256   9201392
256   8764592
256   9370424
256   9379816
256   9157488
256   9270656
256   10242980
256   9313840
256   9564892
256   9214504
256   8733172
256   10176976
256   8745924
256   9232352
256   9157496
256   8901352
256   9009724
256   8951748
256   9323020
256   8586160
256   9196840
256   9264660
256   9360040
256   8958196
256   9669924
256   9276304
256   9306232
256   9224540
256   8705944
256   8972384
256   8880036
256   9219000
256   9275220
256   8885536
256   9587500
256   9360760
256   9424216
256   9158552
256   8646228
256   9306048
256   9364880
256   8560696
256   9386868
256   8871840
256   9620216
256   8799516
256   9061056
256   8922076
256   9838616
256   9072076
256   8780868
256   8863476
256   9577412
256   8993352
256   9213232
256   9488720
256   8893956
256   8181408
256   8841772
256   9410792
256   9631720
256   9148664
256   9977796
256   9302880
256   9210788
256   9537368
256   8898024
256   9686880
256   9274840
256   9075280
256   9316136
256   9095732
256   9094088
256   9164512
256   8923388
256   9152144
256   9091748
256   9742772
256   9703912
256   9326368
256   8964520
256   9561812
256   9079540
256   9027772
256   9435800
256   8700620
256   7906384
256   8550264
256   8787252
256   9089360
256   9677404
256   9724912
256   9308184
256   9235168
256   9307692
256   9352396
256   8885648
256   9141596
256   8734576
256   9341356
256   9053788
256   8757380
256   8655792
256   9525852
256   8985192
256   9837636
256   9457460
256   8946188
256   9407980
256   9173200
256   9192696
256   9284692
256   9457212
256   8239268
256   9106416
256   8466612
256   8927320
256   8696968
256   9550216
256   10360652
256   9106956
256   9656356
256   9157704
256   9804000
256   9551912
256   9226144
256   9418316
256   8782940
256   9222008
256   9089308
256   8917080
256   9103256
256   8999432
256   9095132
256   9759280
256   9223076
256   9400864
256   8887096
256   8829892
256   9721208
256   9231640
256   9082420
256   9352632
256   8798548
256   9253604
256   8539296
256   9543256
256   9376524
256   9622552
256   9037756
256   9057368
256   9146936
256   8979952
256   9101540
256   9251744
256   9623436
256   9300404
256   8907216
256   9562824
256   9059220
256   10259808
256   9651800
256   9007804
256   9330572
256   9384544
256   9254232
256   9104200
256   9500544
256   9063964
256   9122048
256   9754260
256   9982896
256   9614652
256   9056224
256   9636768
256   9385548
256   9688916
256   8952276
256   9326028
256   9181524
256   9282144
256   9298352
256   8879384
256   9259164
256   9230468
256   10085528
256   8919464
256   9428384
256   8998400
256   9491160
256   8349904
256   9459128
256   9555240
256   8965884
256   9070428
256   9559304
256   9216948
256   8993892
256   8836296
256   8793520
256   8894880
256   9585656
256   9581360
256   9000088
256   9322576
256   8768844
256   9287656
256   9059840
256   8534712
256   9209420
256   9611612
256   9304736
256   9345720
256   9408468
256   8536512
256   9820000
256   9089984
256   9174492
256   9824068
256   8528680
256   9501224
256   9437888
256   9308084
256   8939776
256   8496448
256   9353704
256   8923556
256   9348484
256   9061832
256   9089160
256   9046440
256   8281048
256   8955768
256   8485464
256   9725164
256   9107328
256   9182104
256   9147644
256   9522516
256   9519628
256   9479972
256   8957108
256   9464928
256   9733856
256   9272064
256   9570764
256   8753604
256   9122272
256   9001788
256   9388368
256   9366964
256   9341312
256   9359884
256   9675404
256   9308408
256   9553360
256   9266552
256   9192972
256   9156956
256   9249324
256   9039488
256   8780356
256   8970124
256   9007444
256   9243668
256   8719672
256   8893052
256   9436576
256   9426964
256   9200400
256   9411184
256   9297176
256   9946864
256   8832100
256   8836812
256   8442412
256   8698128
256   9555624
256   8964016
256   9105996
256   9256300
256   9679896
256   9600608
256   8921000
256   9186012
256   10342388
256   9399920
256   9387968
256   9189676
256   8962832
256   9103976
256   9512476
256   8278636
256   9181700
256   9270632
256   9461932
256   9221932
256   9254600
256   9598816
256   8774584
256   9327656
256   9248932
256   9457324
256   9720436
256   9032024
256   9283976
256   8797120
256   9041864
256   9092752
256   9103408
256   9461932
256   9751760
256   8570032
256   9729456
256   8519676
256   9645800
256   9775136
256   8815656
256   9165660
256   8703092
256   8410660
256   8645428
256   9035664
256   9462660
256   10147864
256   8781940
256   9085972
256   9402052
256   9374400
256   9603268
256   9588344
256   8849504
256   9371616
256   8847452
256   8887160
256   8970328
256   9602396
256   8673524
256   9015720
256   9512216
256   9872568
256   9114728
256   8788760
256   9637948
256   9454756
256   9240628
256   9056736
256   8899396
256   9264784
256   9603164
256   9212876
256   9182228
256   9733904
256   9080120
256   9071260
256   9458640
256   9117528
256   9361500
256   9309964
256   9530248
256   8836748
256   9894656
256   8859528
256   9134196
256   9074136
256   8820752
256   8609964
256   9130356
256   9944896
256   8728076
256   8985104
256   9366356
256   9539936
256   9782036
256   9506648
256   8870200
256   9104364
256   9356596
256   9178124
256   8687684
256   9570816
256   9638548
256   9304776
256   9027820
256   9209512
256   9154736
256   9247648
256   9367796
256   9096304
256   8711892
256   9085320
256   9236276
256   9624432
256   8780168
256   9124556
256   9034888
256   9047324
256   8949752
256   8920672
256   9628892
256   8861216
256   9264124
256   9178520
256   8771452
256   8776868
256   8943180
256   9349560
256   8879272
256   9058360
256   9136832
256   9098388
256   9221496
256   9483296
256   8996472
256   9005556
256   8895740
256   9627428
256   9376696
256   9002424
256   9512052
256   8900692
256   8990176
256   8846160
256   10261176
256   9478044
256   9484952
256   9273400
256   9242488
256   9519452
256   9486820
256   9092044
256   9220536
256   9127588
256   9589352
256   9038848
256   9483532
256   9685044
256   9455228
256   9343080
256   8923892
256   8751128
256   9077820
256   9170704
256   9650844
256   9070980
256   9501912
256   9246092
256   9255676
256   9308948
256   9617780
256   9440312
256   9221284
256   8974556
256   9041512
256   9084216
256   9459592
256   9006100
256   8980156
256   9261656
256   9263276
256   9476412
256   9211364
256   9150524
256   9559676
256   9480636
256   9021568
256   9058676
256   8853384
256   9262336
256   8944032
256   9510520
256   8946216
256   8589988
256   8548672
256   9126424
256   9414636
256   9135292
256   9175532
256   8965464
256   9288844
256   9135300
256   9134044
256   8885304
256   8907052
256   9340888
256   8933916
256   9596268
256   9384960
256   9058472
256   9717552
256   8939016
256   9574676
256   9142372
256   8875972
256   8960952
256   9693000
256   9089568
256   9167664
256   9077812
256   9143960
256   9328340
256   9251200
256   9745360
256   9437728
256   9385656
256   8861248
256   8994100
256   9080032
256   9067564
256   9108688
256   9106664
256   9364092
256   9157680
256   9536820
256   8918956
256   9076524
256   9141676
256   9119324
256   9138052
256   9060020
256   9563024
256   9345316
256   8756096
256   9365936
256   9522112
256   9396168
256   8839468
256   8891476
256   9604824
256   9379632
256   9112596
256   9220764
256   9997104
256   9222564
256   9316064
256   9333328
256   9103464
256   9131444
256   9451052
256   9093688
256   9343772
256   8786916
256   8773708
256   9627404
256   8743156
256   9481732
256   9668628
256   8731532
256   8993316
256   9440676
256   8959464
256   9363872
256   9211008
256   9421128
256   9097184
256   9585256
256   9241180
256   9830720
256   9793972
256   9189044
256   9236772
256   8731316
256   9478632
256   9350016
256   9878864
256   9289396
256   9053312
256   9508824
256   9718280
256   9238620
256   8897768
256   8901676
256   10282144
256   8903676
256   8861248
256   8624048
256   8837832
256   9049844
256   9531372
256   9005068
256   8854788
256   9245324
256   9350136
256   8981032
256   9644960
256   8911372
256   9388692
256   9470788
256   8671560
256   9717684
256   9196796
256   8970688
256   8808564
256   9189520
256   9014384
256   9307516
256   9443628
256   9051784
256   9323816
256   8718676
256   9175748
256   9520728
256   9169424
256   8980212
256   9177728
256   9532448
256   9146284
256   9402088
256   9250032
256   9011932
256   9101180
256   9095604
256   9469036
256   9053328
256   8752368
256   9019964
256   9032028
256   9614464
256   9002328
256   9046716
256   9334680
256   9270048
256   9388280
256   9593764
256   9057600
256   9227284
256   9109524
256   9493244
256   9620996
256   9124932
256   9178828
256   9198424
256   9285436
256   9486592
256   8696700
256   9136948
256   9362840
256   9594376
256   9312980
256   8665424
256   9399008
256   9277812
256   8868392
256   9445632
256   9227092
256   9287136
256   8950712
256   8860100
256   8711884
256   9198280
256   8923528
256   9063668
256   9479976
256   9546000
256   9107348
256   9160448
256   10240772
256   9589248
256   9254928
256   9498008
256   9654584
256   9502388
256   8993420
256   9246456
256   9058912
256   8647456
256   9355524
256   9178064
256   9468796
256   9109276
256   9162736
256   9235460
256   8906332
256   9128032
256   9842056
256   9149324
256   9248196
256   9469540
256   8941832
256   9538532
256   9045516
256   8974108
256   9802592
256   9529260
256   9197396
256   8946540
256   8720916
256   9435744
256   8972180
256   8954056
256   8525348
256   9114264
256   8982988
256   9191460
256   9261756
256   9218424
256   9090860
256   9680484
256   9593696
256   8998364
256   9230164
256   8820836
256   9075056
256   8721948
256   9197540
256   9230444
256   8698508
256   9216340
256   8920148
256   8980880
256   9818632
256   9307704
256   9100068
256   8904796
256   9126912
256   9419660
256   9517800
256   9270388
256   9035276
256   9241180
256   9251644
256   8819328
256   9242952
256   9748836
256   9553088
256   9451676
256   9457136
256   9495624
256   9199412
256   9273200
256   9021140
256   9698808
256   8458144
256   9447224
256   9461268
256   9110484
256   8654300
256   8866468
256   9858544
256   9256136
256   8908028
256   8837956
256   9320568
256   9012548
256   9339484
256   9143392
256   8986912
256   8934120
256   9265860
256   9065544
256   11083848
256   9002084
256   9361948
256   9127356
256   9096100
256   9021212
256   9253884
256   9033000
256   9533852
256   8811264
256   9152280
256   8708364
256   9140104
256   9092644
256   9138404
256   9853152
256   9200740
256   9453556
256   9422396
256   8603892
256   9657964
256   8907564
256   9461200
256   10164664
256   9212740
256   8924624
256   9065752
256   9038348
256   10177924
256   9553072
256   9503860
256   9134436
256   9159944
256   8929188
256   10043848
256   9135044
256   9349216
256   9279076
256   8875052
256   9305596
256   9313776
256   9569088
256   9114856
256   9480756
256   9314740
256   9284340
256   9536576
256   9447968
256   8885048
256   9424860
256   9160248
256   9640232
256   9041308
256   9077600
256   9122784
256   8751148
256   9515012
256   9146216
256   8960836
256   9550264
256   9410872
256   9380608
256   9491768
256   8970652
256   9285232
256   9426788
256   9198472
256   9244592
256   9113672
256   8974152
256   9688348
256   9603816
256   9534420
256   8918828
256   9310912
256   9356612
256   8872500
256   9284060
256   9091104
256   9348968
256   9368968
256   9322464
256   9248212
256   8950228
256   9677568
256   8945856
256   9718916
256   9214420
256   9137116
256   9030796
256   9313448
256   9482036
256   8928548
256   9191916
256   8510980
256   9014596
256   8967876
256   8839020
256   9642380
256   9426208
256   9234704
256   9244768
256   9352940
256   9467512
256   9799272
256   9469348
256   9405412
256   8960272
256   9364596
256   9174704
256   9260888
256   9341220
256   9140032
256   9005460
256   9034124
256   8811848
256   9010500
256   9165024
256   8746004
256   9636044
256   9233072
256   9598648
256   9374460
256   9423476
256   9086508
256   9205188
256   9435256
256   8287540
256   9291964
256   9440136
256   9259624
256   9102664
256   9359584
256   9507144
256   9181588
256   8772028
256   9028900
256   8712932
256   9543972
256   9208708
256   9284532
256   9256144
256   9204756
256   9095384
256   9208292
256   8865916
256   9381616
256   9494964
256   9213412
256   8803732
256   8998128
256   9110232
256   9206424
256   9302372
256   8937264
256   9172240
256   9401044
256   8784548
256   9259712
256   9127948
256   9304932
256   9297860
256   9337408
256   9314216
256   8735324
256   9177736
256   9607148
256   8924580
256   9222628
256   9744484
256   9346624
256   9106088
256   9348040
256   9298696
256   9409900
256   9564312
256   9539432
256   8867072
256   9826172
256   8810840
256   9511408
256   9231428
256   9242144
256   9492180
256   9147032
256   8815408
256   8808100
256   8867924
256   9142984
256   9259184
256   9267536
256   9826280
256   9274912
256   9682656
256   9879656
256   8894852
256   8802800
256   8971300
256   9396668
256   9096416
256   9609680
256   9124480
256   8660512
256   9159504
256   8883964
256   9422752
256   8839860
256   9131392
256   9215196
256   8960240
256   9113832
256   9104124
256   9164904
256   9373396
256   8951052
256   9417500
256   9237840
256   8881784
256   8915192
256   8502168
256   9517924
256   8868116
256   8905660
256   8875396
256   9221284
256   9028864
256   9451784
256   9070312
256   9381984
256   8720972
256   9236784
256   9146636
256   9129108
256   9213032
256   8817136
256   9229996
256   9725884
256   9887072
256   9287084
256   9536364
256   9333836
256   9304144
256   9267348
256   8704800
256   9514460
256   9130048
256   9543380
256   9068420
256   9547868
256   10055692
256   9367904
256   9338504
256   9250832
256   9380432
256   9355260
256   9300832
256   9000272
256   9169044
256   9180740
256   9074716
256   9464844
256   9406184
256   9404440
256   9669960
256   8912200
256   9222376
256   9067828
256   9578932
256   8937152
256   9745988
256   8829860
256   9701132
256   9161200
256   9448168
256   8844868
256   9224216
256   9399284
256   8917808
256   9613096
256   8744296
256   9439948
256   8853800
256   9104756
256   8923100
256   9010048
256   9126968
256   9197652
256   8850352
256   9214352
256   8412668
256   9735296
256   8967356
256   9716004
256   9497712
256   9220624
256   9177296
256   9587888
256   9461928
256   8766812
256   9348916
256   9109820
256   9486348
256   9165788
256   9202744
256   9482424
256   9005168
256   9227712
256   9193456
256   9580524
256   8971812
256   9660220
256   9398548
256   9080236
256   9103980
256   9197000
256   9871304
256   9357284
256   9772516
256   9284176
256   8947132
256   9336900
256   8853072
256   9278204
256   9452804
256   9129800
256   9304396
256   8676108
256   8965488
256   8841004
256   9290604
256   9159320
256   9176248
256   8760464
256   9390480
256   9008776
256   8757296
256   9462352
256   9023968
256   9331288
256   8824000
256   9012120
256   9285360
256   9211692
256   9402236
256   8846104
256   8756284
256   9206252
256   9302148
256   9231652
256   9389756
256   9023188
256   9269492
256   8735296
256   9222648
256   9171136
256   8906396
256   9206968
256   9674968
256   9446336
256   9277496
256   10116360
256   8857444
256   8832156
256   8775696
256   9145932
256   8750312
256   9462352
256   9278128
256   9149540
256   9504448
256   8862040
256   9273124
256   9055224
256   9099588
256   9480368
256   9516148
256   9062888
256   9377148
256   9849448
256   9490564
256   8795104
256   9188804
256   9346572
256   9281160
256   9366180
256   8818452
256   9060872
256   10020356
256   8603964
256   9249208
256   9426888
256   9266756
256   8812760
256   8810752
256   9455196
256   9349008
256   9293432
256   9002520
256   8903564
256   8861088
256   9268880
256   9753624
256   8804492
256   9176904
256   8932536
256   9174644
256   8883724
256   8752468
256   9616720
256   8970168
256   9513732
256   9380368
256   10322456
256   9013988
256   9179588
256   9405600
256   9391416
256   9338988
256   9076176
256   8929988
256   9304704
256   8967548
256   8788504
256   9510764
256   9178040
256   9423168
256   9670748
256   8926004
256   8978164
256   8818068
256   8659304
256   9281168
256   9175240
256   9643340
256   9176228
256   9231828
256   9441952
256   9118092
256   8874160
256   8978244
256   9336096
256   9109948
256   9243872
256   8996448
256   8978500
256   9184760
256   9166692
256   9546992
256   9518152
256   9388476
256   9170456
256   9747892
256   9390892
256   8955724
256   9209336
256   9541384
256   9585792
256   9565260
256   9571444
256   9776384
256   9351500
256   8987812
256   9136756
256   9619928
256   9219904
256   9152180
256   9179620
256   9732492
256   9088692
256   8820052
256   9873512
256   9239288
256   8981120
256   8931444
256   9165512
256   9736452
256   9333680
256   9300076
256   8865340
256   9136792
256   9080360
256   9186180
256   8828300
256   9075992
256   9186508
256   9392912
256   9122972
256   8940752
256   8844360
256   8789776
256   9146704
256   9355508
256   9171892
256   9328892
256   9191496
256   8366084
256   9480092
256   9576976
256   9517468
256   9326292
256   8530328
256   9149564
256   9387968
256   8950316
256   9533692
256   9268888
256   8779712
256   9342940
256   9734684
256   8993372
256   9206320
256   8886696
256   9310432
256   9059980
256   9150296
256   9274428
256   9400952
256   9398812
256   8602456
256   9153328
256   8872504
256   9060612
256   9603796
256   9039684
256   9080256
256   9731380
256   9093308
256   8957860
256   9353704
256   8867296
256   9276004
256   9129612
256   9026920
256   9191472
256   9207632
256   10007604
256   8857400
256   9642928
256   8926216
256   9078984
256   9090688
256   9296680
256   8701004
256   9057260
256   8826580
256   8661380
256   8940132
256   9451916
256   8933968
256   9057904
256   9227432
256   8812784
256   9456732
256   9394700
256   9517508
256   9123300
256   9852276
256   8752536
256   8857008
256   9816056
256   9050772
256   9135640
256   8807880
256   9528460
256   9487300
256   9479948
256   9481084
256   9139732
256   9279088
256   9945924
256   9408420
256   9272700
256   9295908
256   9347528
256   9316844
256   9382480
256   9292256
256   9107348
256   9108596
256   9494204
256   9743968
256   9077124
256   9362100
256   9266588
256   8942488
256   9386672
256   9429460
256   8881688
256   8858124
256   9371296
256   8833424
256   8802216
256   8953624
256   9430768
256   9031376
256   8767984
256   8724372
256   9011204
256   9415208
256   9283776
256   9641872
256   8969876
256   9132992
256   9417012
256   9157492
256   9114884
256   9438592
256   9353856
256   9404964
256   9351424
256   9298296
256   9140988
256   8999304
256   9181656
256   9362948
256   9475384
256   8833256
256   9336340
256   8715676
256   9239916
256   9094452
256   9312880
256   8968240
256   8793972
256   9150692
256   9182204
256   9077304
256   9371128
256   9206916
256   9468024
256   9182008
256   9026128
256   9216076
256   9235892
256   9084588
256   9760524
256   9126828
256   9249512
256   8909408
256   9033164
256   9175816
256   8834448
256   8922452
256   9055768
256   9587948
256   9276748
256   8888192
256   9381560
256   9266764
256   8956524
256   9175428
256   9356200
256   9505376
256   9477136
256   9102696
256   9300876
256   8956192
256   8844944
256   9147320
256   8972008
256   8971392
256   8894784
256   8989332
256   9211444
256   9369872
256   8983996
256   9045608
256   9245264
256   9215472
256   9619096
256   9102832
256   9182620
256   8848388
256   8802876
256   8704656
256   8859376
256   9109616
256   9001200
256   9023992
256   8903756
256   9492360
256   9373188
256   8905024
256   9180816
256   9274856
256   9390148
256   8997996
256   8761940
256   9240592
256   8995560
256   8724456
256   9462760
256   9108944
256   9178588
256   9491900
256   9281140
256   9214736
256   9037820
256   9143472
256   10214408
256   9460708
256   8712588
256   9020304
256   9253584
256   10235416
256   8958108
256   9003528
256   9016220
256   8922548
256   9330120
256   9530836
256   9240268
256   8674560
256   9605980
256   8930248
256   9199844
256   9002324
256   8770740
256   9541456
256   9406256
256   8925372
256   9038280
256   9337448
256   9429740
256   8941012
256   9504588
256   9781448
256   8641512
256   8750316
256   9192936
256   9141164
256   9020668
256   9703480
256   9264096
256   9023976
256   9447340
256   9477932
256   9233880
256   8961384
256   9207644
256   9409588
256   9159584
256   9432224
256   9282392
256   9074560
256   9153964
256   9324200
256   9294352
256   9225504
256   9034456
256   9246392
256   9010812
256   8726220
256   9059836
256   8804376
256   8694528
256   9622240
256   9359172
256   9317212
256   9816124
256   8531688
256   8791216
256   9514828
256   9469404
256   9234316
256   9648492
256   9139356
256   9390124
256   9448864
256   9182428
256   9306708
256   9518288
256   9077324
256   8603824
256   9068096
256   8556628
256   9471872
256   8733524
256   9259160
256   9032668
256   9070184
256   9443800
256   9506748
256   9366612
256   8941160
256   9065636
256   9010940
256   9349612
256   9000476
256   8943160
256   9242820
256   9279612
256   9433264
256   8905768
256   9404992
256   8904620
256   9172320
256   8854516
256   9130552
256   9724632
256   9371300
256   9035872
256   9305748
256   9216424
256   9300820
256   9348004
256   9296240
256   10263656
256   9192520
256   9332564
256   9185452
256   9223784
256   9409304
256   9301396
256   9221424
256   9218656
256   9092092
256   9373760
256   9053296
256   8616704
256   9369124
256   9151596
256   9391608
256   9574768
256   8779964
256   9093608
256   9663908
256   9831176
256   9657756
256   9242628
256   9522380
256   8637304
256   9218572
256   9473068
256   8786736
256   9537288
256   9728148
256   9249592
256   8734236
256   8993544
256   9054344
256   8859948
256   9837120
256   9010832
256   9333976
256   8897772
256   9468684
256   8882312
256   8971916
256   9480544
256   9437072
256   9050528
256   8896284
256   9623552
256   9103668
256   8968296
256   9214916
256   9070416
256   9028720
256   9113328
256   9052376
256   9427548
256   9363136
256   9789732
256   8161960
256   9315872
256   9490128
256   9106520
256   9644552
256   9388256
256   9479236
256   9328988
256   9236780
256   9068000
256   9176800
256   9273676
256   9297696
256   8913420
256   9274024
256   8984340
256   9074348
256   9533916
256   10112672
256   9349060
256   8986640
256   9372336
256   8950712
256   9222912
256   9180172
256   9584452
256   9527676
256   8965724
256   9060024
256   9008416
256   9306940
256   9669984
256   9575576
256   9348236
256   9762024
256   9146996
256   9109620
256   8771416
256   8963176
256   9402996
256   8914100
256   9096388
256   9166272
256   9803280
256   9611728
256   9697084
256   9889180
256   9140180
256   9551460
256   8659188
256   9247092
256   9575900
256   9475412
256   8526436
256   9093216
256   9618584
256   9205120
256   9402452
256   9242168
256   9136196
256   9822936
256   10100416
256   9516380
256   9121584
256   9336324
256   8837808
256   9138044
256   9219760
256   9615520
256   9894600
256   9828988
256   9284036
256   9267080
256   9914076
256   8830476
256   9379324
256   9869716
256   9337480
256   9271048
256   8823272
256   9374672
256   9287032
256   9052716
256   9712192
256   9152260
256   9410212
256   8837960
256   9642408
256   9269604
256   9217244
256   9179312
256   9409712
256   9258040
256   9131056
256   9219272
256   9309072
256   9151948
256   9290664
256   9551664
256   9011432
256   9410660
256   8676152
256   9560776
256   9301756
256   9135080
256   8987592
256   9102864
256   9301472
256   9263000
256   9193304
256   9122652
256   8899404
256   8972736
256   9168284
256   9806620
256   9513700
256   9420624
256   9329736
256   9543804
256   9276860
256   9233104
256   9760160
256   9529056
256   8694872
256   9353212
256   8987504
256   9783832
256   9699308
256   9697840
256   8672600
256   8674484
256   8449968
256   9019324
256   9268412
256   9015548
256   9618560
256   9257944
256   9130036
256   9008372
256   9638908
256   9848644
256   9012240
256   9157576
256   8895200
256   9210760
256   9679492
256   9387048
256   9281944
256   9029512
256   9472584
256   9316952
256   9572824
256   9808536
256   9039568
256   9405184
256   8844668
256   9152316
256   9362256
256   9118100
256   9378144
256   9317024
256   9417696
256   9407976
256   9566040
256   8890484
256   9703868
256   9458464
256   9063360
256   9412756
256   10239620
256   9185492
256   9445692
256   9310404
256   9476892
256   9233496
256   9247952
256   9274628
256   9279184
256   9460776
256   9142148
256   9216736
256   9114948
256   9351324
256   10061516
256   9400120
256   9071056
256   8982004
256   9095184
256   9026264
256   8731672
256   9677084
256   8592496
256   9509456
256   9123184
256   9025104
256   9369844
256   9742596
256   9287440
256   9304212
256   9008028
256   9348848
256   8578320
256   9142252
256   8694072
256   9553644
256   8829456
256   9362396
256   9620908
256   9129312
256   9398156
256   10142844
256   9568292
256   9122128
256   9295516
256   9307620
256   9924196
256   9157148
256   9319392
256   9182668
256   9388872
256   9512524
256   9373164
256   9240156
256   9161644
256   8974124
256   9204084
256   8753516
256   9323136
256   9113916
256   9268616
256   9054960
256   9488812
256   9233416
256   9124708
256   8815492
256   10001868
256   8874128
256   9472628
256   8850384
256   9806600
256   10040640
256   9205896
256   9408116
256   9309128
256   8964348
256   9556604
256   9370508
256   9611052
256   9242476
256   9236228
256   8890264
256   8965304
256   10207352
256   9159564
256   8802724
256   9113584
256   9622608
256   8771108
256   9419712
256   9567660
256   9198032
256   8850800
256   9283952
256   9050264
256   9652400
256   9494152
256   9111156
256   9268336
256   9185204
256   9015224
256   8971248
256   9145200
256   9141340
256   9104824
256   9189272
256   9306840
256   8977272
256   9360960
256   9025832
256   9097904
256   8786060
256   8993300
256   9572540
256   8931300
256   9200900
256   9003716
256   8843328
256   8849648
256   9267032
256   9539388
256   9122792
256   8795024
256   9625036
256   9146980
256   8675464
256   9543852
256   9116600
256   8828320
256   9155444
256   9230340
256   9433660
256   8981272
256   9266736
256   9049700
256   9152708
256   8694772
256   9395400
256   9603552
256   9398564
256   10148440
256   9230508
256   10222412
256   9067868
256   9240540
256   9339896
256   9508248
256   8872192
256   9790228
256   9109604
256   9532936
256   9225896
256   9719296
256   8874720
256   9744128
256   9215940
256   9439988
256   9220924
256   9236872
256   8893476
256   9537624
256   9133920
256   9092976
256   9505936
256   9333956
256   9272272
256   9160300
256   8853848
256   9676168
256   9438816
256   9316232
256   8925892
256   9388352
256   9180768
256   8622476
256   9576696
256   8949180
256   9036324
256   9494264
256   9054928
256   9065516
256   9360392
256   9429640
256   8827956
256   8795804
256   9270408
256   9032160
256   9193136
256   8993648
256   8728444
256   8935124
256   9218660
256   9152768
256   9565152
256   9178032
256   8799368
256   9761000
256   8979348
256   9321320
256   9549168
256   9151164
256   8854828
256   8937464
256   8887080
256   9161956
256   9142980
256   9317588
256   9103028
256   8904272
256   9175592
256   9071444
256   9164044
256   9098512
256   9342428
256   9419200
256   8709744
256   9206152
256   9411652
256   8977240
256   9132500
256   9470884
256   9252984
256   8907320
256   9164396
256   9664756
256   8995484
256   9297632
256   9847612
256   9251372
256   9067728
256   9266124
256   9186296
256   9266116
256   9051020
256   9275508
256   9547640
256   9630964
256   9165444
256   8762320
256   8918536
256   9388692
256   9345296
256   9093072
256   9078360
256   8642360
256   9029872
256   9046752
256   9005404
256   9031556
256   8853864
256   8731052
256   9480368
256   9140760
256   9056444
256   8838304
256   9200860
256   9073216
256   9511436
256   8716224
256   9436452
256   8996812
256   9258144
256   9524056
256   9174644
256   8844924
256   9230724
256   8991508
256   9291520
256   9178048
256   9319520
256   9177288
256   9478392
256   9102944
256   9156168
256   9858104
256   8903720
256   9078444
256   8580960
256   9240132
256   9009436
256   9724828
256   8973944
256   9300116
256   9518012
256   8893444
256   8700872
256   9395108
256   9777944
256   9284084
256   9559388
256   9395812
256   9256356
256   9518172
256   9359248
256   9631384
256   9179696
256   9083116
256   9190736
256   9348660
256   8900432
256   9113116
256   9490000
256   9478380
256   8937552
256   9188128
256   9296400
256   9063192
256   9752016
256   9166888
256   9322416
256   9018392
256   9031728
256   9381496
256   9397564
256   9125652
256   8899844
256   9448172
256   9363724
256   9089136
256   9484292
256   9580432
256   9466656
256   9246500
256   9387392
256   8775156
256   9170092
256   9872508
256   8982212
256   9316040
256   9648240
256   9707760
256   9473768
256   9386584
256   8983684
256   9129852
256   9393560
256   9196624
256   9316604
256   9405720
256   9184124
256   9199340
256   9443768
256   8974240
256   9060500
256   9246804
256   9281144
256   8850860
256   9343492
256   9617960
256   9462388
256   9374600
256   9257992
256   8742428
256   9181496
256   9139796
256   9362776
256   9070052
256   8760052
256   9468428
256   9254688
256   9440196
256   9403032
256   8945212
256   9313320
256   9117848
256   9080712
256   8920564
256   9338652
256   9602172
256   9374304
256   9038212
256   8517396
256   9474576
256   9353224
256   9602468
256   9376036
256   9209140
256   9065032
256   8872992
256   9010512
256   9120168
256   9432192
256   9292836
256   9496332
256   9062832
256   9311268
256   9536420
256   9030648
256   8955420
256   9151988
256   9281660
256   9017780
256   9295988
256   9061816
256   8767632
256   8625756
256   9444092
256   9411848
256   9583440
256   9203704
256   9501712
256   9072540
256   9366352
256   8767816
256   9920864
256   9474868
256   8978020
256   8651604
256   9300768
256   9242576
256   9559392
256   8561864
256   9740956
256   9676960
256   9290548
256   8875240
256   8728856
256   9425172
256   8912396
256   9460064
256   8572940
256   9318608
256   9505840
256   9126540
256   9394892
256   9637284
256   8969700
256   8530236
256   9039864
256   9101932
256   9267300
256   9560496
256   9281808
256   9619064
256   9526588
256   9178988
256   9439776
256   9175592
256   8917452
256   9183076
256   10015792
256   8811960
256   9046856
256   9005596
256   9273232
256   9090024
256   8713344
256   9444980
256   9263828
256   8983272
256   9274380
256   9377572
256   9333268
256   8739188
256   9370464
256   9318940
256   8991904
256   9422012
256   9148760
256   9308152
256   9484036
256   9008076
256   8807596
256   9726600
256   9449176
256   9545960
256   9009008
256   9372044
256   9340332
256   9546048
256   9162484
256   9137424
256   9290252
256   9299828
256   9922688
256   9350768
256   9384256
256   9500864
256   9503032
256   9110376
256   9048464
256   9264436
256   9813712
256   9708136
256   9551584
256   9303072
256   9234560
256   8992960
256   9290292
256   9466376
256   9292652
256   9217872
256   9390248
256   9098816
256   9020780
256   9168260
256   8877944
256   8901524
256   9196532
256   8740332
256   9005376
256   9024280
256   8855244
256   9151024
256   9762436
256   9406980
256   9239792
256   9159100
256   9243168
256   9283056
256   9403540
256   9149052
256   9004984
256   9072764
256   9272472
256   9358488
256   9168612
256   8961860
256   9273188
256   8797776
256   9060284
256   9161624
256   9221580
256   9592736
256   9326456
256   9218188
256   9421544
256   9547284
256   8986164
256   9508292
256   8950900
256   9809260
256   8824396
256   9611844
256   9010136
256   9677596
256   8927604
256   8727496
256   9028676
256   9244356
256   9006468
256   9373224
256   8960028
256   9512648
256   9162312
256   9394612
256   8697132
256   8995660
256   9558480
256   9528544
256   9772496
256   9353952
256   9614316
256   9089668
256   9244076
256   9371144
256   9078400
256   9088824
256   8914708
256   9166124
256   9408596
256   9306044
256   9353008
256   9034004
256   9020232
256   8869484
256   9471424
256   9318852
256   9540664
256   9559372
256   9012124
256   9231564
256   8998160
256   9275288
256   9246980
256   8602716
256   8769316
256   9004768
256   8857608
256   9363044
256   9712724
256   8982900
256   9420324
256   8979892
256   9091776
256   8952048
256   9157748
256   9195224
256   10017192
256   8794216
256   8939840
256   9202632
256   9729596
256   8790804
256   9034804
256   9544004
256   9066996
256   9287340
256   9044524
256   9702984
256   9638460
256   9639772
256   8941104
256   9204140
256   9186032
256   9152376
256   9074772
256   9133468
256   9301808
256   8862280
256   9472196
256   8710240
256   9482516
256   9526916
256   9127060
256   8953800
256   9526776
256   9418188
256   9128364
256   8829948
256   9662632
256   9130136
256   9125424
256   9500040
256   8836876
256   8846768
256   9688580
256   9384748
256   9151312
256   9319864
256   9532012
256   9408332
256   9343064
256   9349536
256   9571632
256   9208332
256   9641212
256   9210948
256   8875288
256   9624004
256   9198576
256   9668552
256   9107464
256   8733392
256   9196392
256   9392684
256   9339428
256   9189480
256   8985588
256   8818784
256   9652044
256   9991100
256   8814048
256   9006268
256   9090132
256   8675464
256   9603680
256   9528104
256   9275844
256   9152708
256   9181912
256   9777580
256   9313944
256   9164840
256   8726220
256   9389972
256   8645252
256   8891920
256   9499568
256   8906572
256   9513148
256   9196684
256   9463684
256   8883860
256   9210828
256   9559296
256   9018692
256   8841624
256   9300732
256   8698688
256   8891840
256   9195768
256   9116616
256   9430700
256   8978588
256   9234408
256   9073508
256   9195556
256   9002312
256   9076016
256   9581324
256   9258696
256   9399704
256   9116232
256   8461160
256   9338028
256   9140156
256   9556916
256   9025028
256   9198492
256   9910472
256   9268436
256   9140944
256   8903584
256   9334460
256   9281232
256   9217752
256   9349956
256   8913100
256   9340492
256   9189376
256   9458164
256   9145012
256   9254552
256   9028548
256   9391660
256   9065888
256   9356372
256   9003288
256   9278612
256   9532744
256   9283092
256   9064708
256   9117032
256   9030796
256   9374888
256   8619352
256   8966536
256   9026052
256   8732244
256   9330416
256   9071108
256   9640608
256   9146044
256   9181396
256   9417004
256   9120500
256   8419316
256   9232300
256   9211924
256   9092344
256   8705056
256   8715248
256   9220160
256   9288120
256   9140836
256   9961332
256   8972240
256   8960012
256   9631052
256   9343236
256   9597756
256   8784416
256   9365440
256   8921508
256   9174872
256   9525476
256   9383476
256   9319308
256   9051148
256   9445516
256   9327156
256   9080924
256   9006968
256   9600800
256   8858176
256   9191588
256   9234984
256   9429852
256   9023068
256   8813984
256   9288064
256   8878600
256   9528500
256   8813180
256   8912632
256   9149652
256   8906084
256   9248224
256   9409264
256   8867784
256   9397160
256   9163644
256   9027448
256   9100600
256   9263336
256   9395540
256   9433824
256   9030708
256   9039160
256   9056996
256   9236548
256   9152120
256   10021300
256   9308532
256   9493948
256   8930052
256   9424372
256   9674996
256   9478208
256   9267928
256   9586080
256   9191668
256   8675760
256   8727536
256   9459112
256   9091064
256   8999544
256   9394636
256   9261628
256   9435608
256   9376736
256   9097276
256   9246260
256   9383300
256   8957532
256   8746268
256   9628104
256   9413528
256   9157496
256   9456292
256   9101300
256   9360752
256   9536024
256   9261188
256   9303080
256   9281148
256   9512344
256   9306220
256   9152484
256   8912640
256   8707040
256   9047424
256   9325136
256   9112632
256   9019464
256   9491672
256   9218084
256   9394780
256   9728824
256   9058200
256   9722212
256   8983296
256   9200252
256   8890328
256   9006852
256   8905012
256   9199908
256   9083200
256   9148016
256   9076764
256   8956240
256   9199728
256   9178464
256   9229764
256   8940768
256   8963240
256   8588808
256   9347476
256   9189708
256   9203504
256   9214140
256   9179684
256   9070116
256   8804948
256   9400756
256   9350928
256   8806232
256   9026544
256   9930268
256   10005616
256   8731676
256   9503852
256   9137036
256   8761228
256   9283048
256   8742736
256   9229360
256   9259568
256   9259708
256   9395268
256   9750328
256   8953556
256   9302652
256   9222316
256   9161296
256   9226228
256   8614456
256   9582068
256   9322904
256   9591980
256   9335840
256   9754040
256   9192100
256   9674324
256   9032496
256   9298924
256   8966548
256   9389448
256   9537264
256   9298500
256   8896356
256   9224732
256   9261400
256   9609080
256   8704728
256   8916124
256   9371008
256   8853844
256   8805208
256   9248424
256   9046076
256   8849692
256   9173532
256   9142572
256   9205192
256   9665128
256   8988928
256   9030372
256   9378312
256   9152536
256   9126240
256   9723632
256   8970264
256   9183108
256   9707120
256   9164948
256   9427432
256   9286088
256   9173284
256   9196968
256   9409016
256   8879324
256   9543352
256   9099380
256   9244296
256   9178164
256   9418020
256   8935072
256   9298980
256   9258092
256   9053692
256   8758400
256   9369644
256   9023552
256   8723904
256   9308000
256   9012680
256   8938936
256   9476756
256   9064656
256   9278060
256   9138384
256   9598932
256   9313280
256   9422352
256   9231480
256   8803420
256   9129076
256   9149580
256   9349828
256   9580060
256   9077736
256   9459840
256   9287140
256   8805636
256   9368664
256   9155576
256   9763156
256   9112388
256   9706324
256   8892120
256   9078304
256   9777012
256   9307392
256   9258152
256   8872584
256   9359568
256   9347272
256   8985256
256   8564920
256   9637852
256   9414472
256   9002636
256   9506740
256   8652700
256   9812792
256   9479384
256   9177636
256   9051204
256   9136472
256   9670584
256   9668796
256   9214940
256   9313352
256   8966264
256   8907224
256   8693648
256   9414276
256   8800188
256   9275572
256   9086840
256   9074792
256   9304800
256   9515112
256   9990448
256   8635584
256   8699996
256   9419536
256   9088628
256   9147128
256   9113560
256   9099452
256   9381332
256   9236420
256   8342284
256   9376888
256   8861184
256   9534376
256   8930456
256   8968064
256   9090148
256   9262528
256   9391752
256   8777652
256   9308628
256   9246304
256   9356348
256   9115152
256   9402160
256   9337108
256   8804496
256   8691080
256   9118768
256   9457012
256   9355304
256   9263312
256   9029768
256   8936212
256   9472640
256   9003376
256   9074940
256   9106876
256   9257092
256   9044748
256   9158508
256   9365132
256   9024420
256   8929492
256   8797808
256   8933392
256   9146116
256   9174472
256   9318452
256   9029612
256   9069288
256   9064884
256   8897552
256   8890728
256   9433840
256   9539324
256   9097368
256   9618800
256   9803600
256   9163000
256   8993596
256   9060820
256   9638808
256   9285040
256   9191280
256   9420552
256   9255608
256   9370144
256   9091964
256   8761140
256   9104984
256   9125848
256   9187800
256   9365120
256   8916712
256   9332540
256   9081040
256   8935736
256   8910416
256   8711832
256   9210636
256   9303900
256   8558124
256   10466724
256   9001040
256   7626004
256   9179876
256   8950720
256   9236476
256   9446548
256   8941524
256   9098860
256   8811860
256   9250096
256   9077236
256   9313840
256   9164876
256   8908080
256   9436720
256   9108876
256   9033336
256   9251120
256   9261848
256   9076168
256   9297256
256   9053640
256   9062368
256   9266952
256   9022964
256   9597208
256   9374520
256   9347876
256   8734836
256   8976748
256   9122304
256   8436900
256   8278760
256   9505172
256   9283700
256   9161528
256   9139144
256   9222172
256   9746820
256   9223872
256   9705040
256   9535908
256   8873832
256   8582384
256   9185012
256   8786080
256   9507168
256   9621800
256   9242604
256   9350300
256   8972520
256   9665284
256   9196172
256   9072016
256   9827160
256   9427668
256   9280388
256   9600192
256   9327616
256   9111860
256   8926552
256   8747412
256   10290188
256   9312332
256   9067292
256   9484976
256   8945712
256   9017960
256   9450532
256   9458692
256   8876712
256   9074652
256   9158996
256   8895972
256   9258676
256   8528328
256   8397448
256   8541480
256   9015884
256   9426120
256   9653716
256   9921896
256   9079960
256   8965400
256   9586112
256   9232932
256   8759932
256   9767364
256   9052828
256   9089160
256   9534360
256   9188808
256   9450544
256   9327680
256   9336140
256   9398972
256   9362920
256   9351392
256   9091604
256   9663064
256   9461992
256   9047928
256   8930620
256   9397660
256   9041928
256   9475996
256   9367912
256   8909028
256   8861732
256   9195608
256   9386740
256   9341492
256   8860552
256   9292472
256   9079120
256   9246716
256   8972060
256   9615484
256   9170212
256   9142112
256   9226616
256   8939988
256   9378440
256   9417604
256   8950524
256   8688124
256   9140372
256   9495816
256   8965036
256   9425324
256   9318436
256   8962000
256   9469828
256   9146588
256   9391792
256   9047880
256   8636484
256   9102092
256   9156360
256   9454540
256   9684672
256   8934508
256   8735544
256   9201768
256   8903572
256   9068340
256   9590736
256   9113152
256   9497896
256   8743912
256   9464900
256   9254728
256   9082440
256   9679132
256   9612256
256   9714576
256   8904872
256   9500460
256   9014604
256   8969192
256   8380280
256   9280348
256   8869212
256   9538752
256   9852504
256   10061356
256   8619136
256   9364044
256   9048836
256   9134748
256   9760716
256   9153760
256   9516016
256   9408896
256   9052284
256   9179192
256   9880624
256   9521692
256   9209752
256   9512196
256   9221716
256   8517240
256   8913100
256   9331812
256   9148088
256   9315588
256   9237200
256   9355212
256   9140796
256   8788300
256   8827720
256   9555768
256   9835112
256   8172228
256   8820864
256   9124440
256   8830608
256   8660140
256   9630388
256   9177000
256   9369532
256   8985156
256   8834416
256   8814464
256   9273808
256   8716456
256   9211824
256   9210220
256   8868480
256   9059908
256   9490376
256   9120224
256   9138960
256   9237636
256   9231256
256   9125776
256   9506100
256   9058084
256   9401124
256   9123588
256   9592228
256   9325216
256   8770552
256   9012092
256   9409512
256   9055332
256   8903956
256   8943808
256   9279784
256   9552256
256   8850876
256   8993252
256   9132204
256   9606388
256   9455180
256   9807480
256   9454116
256   9140052
256   9061528
256   9333672
256   9343288
256   8810912
256   9411012
256   9065204
256   9401168
256   8961156
256   9257764
256   8933092
256   10110196
256   8915208
256   9232864
256   8598296
256   9406732
256   9154280
256   8885532
256   9022704
256   9875028
256   9084360
256   9035748
256   9573628
256   9099316
256   9260732
256   8810664
256   9062308
256   8624356
256   9175912
256   9310400
256   9100072
256   9266652
256   9039616
256   8775048
256   9191376
256   9401772
256   9530068
256   9051520
256   9115744
256   8443620
256   9171784
256   9202256
256   9306696
256   9099088
256   9335444
256   9233380
256   9390524
256   9707904
256   9060596
256   9424988
256   9211124
256   9703688
256   9119920
256   9448248
256   8862796
256   9543032
256   9068912
256   9231500
256   8751896
256   8943908
256   9366372
256   9309628
256   9025212
256   9187360
256   9098168
256   9351316
256   10048328
256   8909212
256   8787940
256   9029908
256   9314788
256   8998912
256   8864456
256   9745252
256   8958000
256   9340732
256   9569016
256   9468808
256   9249464
256   9506292
256   8987340
256   9321016
256   9243736
256   9447728
256   9280920
256   9039688
256   8879932
256   9191960
256   9189980
256   9264416
256   9332692
256   9132980
256   9019388
256   9471416
256   9580984
256   9007104
256   9439968
256   9762556
256   9290700
256   9007672
256   8750500
256   9516984
256   9327940
256   9044684
256   9114780
256   8760352
256   9577712
256   9005424
256   8744136
256   9251204
256   8979612
256   9442544
256   8652392
256   9305900
256   9275272
256   9086004
256   9503092
256   9347780
256   8795176
256   9917940
256   9979400
256   9263368
256   9379116
256   8878756
256   9471272
256   9677500
256   9043268
256   8823584
256   9460772
256   9229884
256   9254364
256   9135688
256   8761420
256   9417136
256   9632956
256   8639744
256   8859188
256   8829184
256   8745976
256   9645476
256   9615768
256   9402480
256   9150688
256   9786652
256   8713648
256   9484180
256   8869692
256   9016256
256   9314544
256   9185508
256   9475416
256   9055332
256   9323852
256   9209944
256   9135088
256   9647984
256   9305988
256   8896936
256   9003216
256   10061856
256   8882796
256   9100680
256   9615484
256   9186888
256   9239344
256   9486460
256   9671392
256   9119236
256   9180976
256   9099912
256   9235252
256   9276076
256   8912020
256   9354756
256   9219100
256   8844644
256   9313308
256   9482644
256   9782952
256   9891516
256   9737868
256   8879740
256   9300500
256   8797560
256   9052636
256   9065208
256   9482020
256   9318756
256   9221068
256   8778892
256   8933736
256   8575888
256   9297968
256   9407928
256   9315144
256   9061896
256   9063756
256   9284756
256   9262788
256   9168636
256   9388876
256   9006068
256   9092804
256   9125848
256   8966704
256   8888936
256   8972704
256   9427540
256   8976036
256   9218624
256   8632904
256   9522516
256   9485600
256   8770276
256   9434704
256   9591900
256   9799968
256   9691956
256   9014708
256   9028752
256   9100908
256   9495860
256   9305508
256   9897384
256   9329680
256   8996280
256   8887032
256   9943488
256   9911740
256   9417052
256   9485524
256   9065140
256   10123992
256   9085412
256   9560320
256   9122308
256   8981452
256   8884780
256   9449352
256   9443212
256   9696900
256   9155164
256   9220472
256   8939476
256   9588976
256   8764920
256   9618416
256   8753408
256   9273592
256   8817544
256   9262640
256   9163548
256   8968048
256   9053240
256   8997380
256   9423896
256   8932884
256   9117136
256   8939840
256   9022472
256   8877128
256   9103556
256   9622936
256   9389748
256   9006304
256   9180968
256   9234484
256   9256264
256   9068300
256   10086148
256   9216288
256   9337328
256   9416732
256   9068484
256   9685204
256   9260552
256   9248236
256   8881560
256   8478904
256   9718796
256   9170932
256   9251844
256   9086144
256   9607016
256   9509044
256   9149548
256   9077336
256   9412316
256   9227188
256   9000920
256   9056824
256   8776296
256   9392452
256   8374180
256   9482248
256   9092256
256   9506120
256   9812240
256   9334636
256   9168184
256   9166156
256   8928112
256   9160048
256   9119012
256   9508104
256   9334532
256   9245308
256   9592120
256   9395020
256   9092168
256   9444636
256   9422836
256   9573336
256   9473784
256   9037324
256   9382408
256   8977384
256   8729292
256   9471696
256   8773276
256   8997540
256   9242980
256   9258256
256   9688144
256   8988128
256   8936536
256   9390324
256   9806028
256   9045600
256   9082328
256   9161712
256   9394756
256   8924128
256   9315444
256   9292408
256   9465480
256   8965352
256   10150800
256   9179312
256   9402840
256   9583836
256   9098052
256   9314060
256   8982760
256   9275924
256   9312820
256   9303768
256   9283564
256   9323016
256   8812420
256   8976064
256   8827372
256   9006972
256   9381252
256   9428508
256   9059308
256   9108580
256   9158344
256   9176444
256   9188364
256   9768972
256   9031676
256   9423332
256   8850232
256   9175316
256   9240860
256   8591732
256   8730020
256   9223648
256   9145196
256   8986544
256   8816176
256   8943840
256   9075844
256   9069952
256   8683136
256   9052192
256   9582848
256   9114108
256   9001556
256   9620524
256   9429848
256   8687968
256   9351640
256   9140608
256   9337396
256   9030576
256   9709436
256   9192816
256   9100804
256   8909736
256   8758720
256   9312216
256   9486392
256   9204180
256   8399576
256   8477708
256   8682324
256   9076360
256   9046908
256   8483380
256   9180324
256   9016612
256   9312244
256   9064912
256   9256228
256   9230876
256   9020232
256   9604120
256   9749732
256   9543248
256   8846100
256   8836240
256   9442228
256   9440864
256   9394868
256   9159204
256   9423444
256   8931132
256   9544448
256   9342944
256   9116316
256   9105108
256   8967832
256   9844412
256   8740548
256   9357120
256   8852104
256   9423288
256   9163008
256   9054176
256   8824168
256   9047936
256   9669928
256   9295592
256   9059608
256   9540532
256   9261120
256   8989896
256   8763932
256   8804552
256   9083516
256   9175596
256   9398460
256   9208816
256   9341456
256   9057264
256   9267620
256   9317464
256   9068768
256   9270928
256   8999304
256   9952584
256   8817856
256   9170308
256   8877748
256   9166180
256   9288628
256   9064888
256   9564284
256   8722492
256   9520896
256   9096668
256   9328744
256   8724664
256   9691292
256   9024484
256   9720676
256   10246320
256   9918080
256   8819120
256   7390056
256   9211160
256   9287856
256   8964992
256   8796644
256   9314416
256   9489140
256   9282036
256   8941936
256   9065144
256   9294744
256   8824636
256   9953760
256   9262700
256   8964200
256   9664812
256   9350640
256   9417016
256   8909708
256   9108364
256   9141540
256   9323940
256   9581032
256   9408764
256   9257412
256   9318764
256   8599964
256   9436152
256   9171940
256   8998524
256   9389348
256   8932896
256   9030300
256   10094792
256   9648980
256   9115052
256   9738372
256   9922896
256   9208276
256   9468360
256   9063188
256   9111472
256   9351508
256   8038688
256   9094836
256   9837632
256   9772344
256   8933996
256   9609452
256   9402352
256   8961552
256   9470396
256   9232436
256   9206192
256   8972220
256   9253040
256   9597792
256   9252580
256   8981752
256   9416204
256   9471460
256   9728684
256   9318908
256   9508924
256   9632724
256   9141828
256   8924012
256   9056052
256   9603792
256   8996048
256   9163220
256   9213816
256   9161800
256   9417092
256   9138768
256   8780324
256   9501940
256   9223740
256   9346148
256   8751676
256   9262900
256   9241580
256   9091160
256   9257308
256   9366732
256   9377876
256   9369920
256   9355176
256   9216736
256   9266800
256   9242504
256   9388360
256   9079264
256   9689772
256   8799516
256   9218832
256   9128004
256   9270732
256   9407528
256   9802588
256   9008432
256   9133932
256   9539492
256   9760348
256   9332268
256   8951100
256   8810072
256   8762348
256   9134656
256   9028972
256   9361972
256   9642664
256   9572300
256   8856176
256   8962676
256   9022616
256   9686412
256   9039476
256   9104156
256   8852508
256   9362080
256   9372592
256   9189120
256   9435820
256   9373664
256   9252416
256   9059248
256   9400812
256   9145912
256   8932164
256   9151836
256   9675924
256   8926416
256   9484180
256   8917276
256   9531596
256   9492344
256   9817504
256   9069484
256   8942164
256   9391300
256   9082568
256   8791532
256   9581448
256   9178792
256   9034444
256   9694600
256   9377460
256   9907380
256   8951856
256   9491940
256   9476160
256   9001720
256   9172328
256   9197352
256   9296096
256   9090500
256   8953196
256   9427388
256   9320148
256   9241420
256   9434104
256   8972796
256   8797712
256   9460876
256   9102640
256   9265504
256   9065892
256   9285376
256   8965828
256   8887184
256   9368152
256   8897204
256   9095676
256   8546072
256   8933984
256   9277716
256   8473376
256   9206336
256   9094700
256   9385700
256   9029096
256   9354100
256   9314188
256   9043956
256   9385312
256   9585416
256   8801160
256   9385200
256   9527060
256   8880148
256   9152512
256   9354220
256   9315220
256   9138320
256   9173752
256   8871400
256   9586164
256   9004304
256   8901284
256   8561536
256   9730396
256   9274448
256   9354156
256   8806568
256   8917372
256   8998548
256   9584824
256   9452044
256   9453400
256   9102024
256   9373204
256   9081324
256   9119520
256   8865272
256   8948808
256   9252984
256   9095696
256   9144392
256   9528368
256   9240748
256   9396300
256   9244836
256   8862260
256   9312008
256   9096956
256   9422236
256   9778896
256   9036840
256   9281628
256   9391384
256   9642916
256   8796668
256   9391656
256   9064844
256   9217492
256   9077340
256   9439200
256   9149120
256   8959384
256   9811924
256   9087412
256   9217332
256   9101824
256   8862624
256   9096160
256   9511852
256   9111076
256   9268104
256   9231940
256   9545632
256   9234140
256   9956672
256   10098568
256   8759304
256   8854700
256   10093688
256   9109736
256   9072888
256   9179072
256   9139864
256   8975424
256   9084484
256   9128744
256   9013656
256   9483964
256   9040432
256   9745892
256   9557392
256   9214340
256   9376052
256   9384508
256   9085312
256   8642536
256   9460224
256   8972372
256   9313592
256   9193672
256   8817228
256   9294140
256   9410016
256   8941792
256   9209544
256   10061888
256   9349212
256   9122896
256   9280436
256   9219468
256   9274040
256   9250332
256   9518064
256   8964052
256   9746180
256   9159324
256   9535348
256   8969216
256   9296360
256   9349208
256   9123504
256   9479000
256   8913508
256   9352188
256   9266048
256   8707044
256   9152008
256   9552136
256   9214932
256   9400408
256   10178848
256   9068964
256   9791224
256   9779732
256   8937696
256   9526628
256   9396080
256   9101024
256   9420204
256   9630588
256   9265424
256   9547172
256   9352196
256   8930628
256   8781832
256   8978736
256   9294856
256   9532556
256   9383212
256   9434124
256   9033332
256   9414236
256   9104272
256   9717208
256   9460396
256   9739804
256   8798032
256   9924192
256   9516828
256   9024688
256   9052796
256   9020536
256   9316360
256   9250160
256   9444988
256   8807308
256   9611872
256   9056288
256   9420216
256   9233280
256   9173320
256   9080800
256   8676768
256   9226296
256   9406048
256   9592820
256   8964932
256   9418588
256   9118360
256   8922276
256   9046468
256   9584828
256   8965576
256   9470848
256   8981396
256   9439580
256   9036304
256   8768972
256   9371888
256   9753768
256   9062964
256   9522336
256   8992864
256   8958396
256   9194036
256   8991132
256   9125268
256   9490712
256   9778832
256   9585240
256   9376436
256   9085156
256   8927436
256   8911892
256   8847696
256   9362480
256   9514312
256   9220876
256   8883976
256   9329036
256   9099628
256   8899600
256   9036704
256   9477920
256   9343604
256   9000324
256   9083344
256   8371388
256   9109736
256   9294204
256   9962660
256   8926976
256   8732252
256   10011928
256   9244652
256   9192432
256   9014512
256   8869616
256   9145604
256   8819188
256   8633248
256   9525796
256   8791852
256   9103268
256   9235132
256   8988532
256   9326316
256   8804564
256   9091776
256   9581624
256   9220224
256   9416660
256   9748276
256   8866672
256   9033596
256   9302948
256   9282700
256   9648280
256   9722500
256   9199156
256   9917564
256   9112300
256   8576324
256   9357368
256   9490348
256   9140128
256   9328728
256   9217508
256   9257892
256   9498788
256   9237548
256   8968512
256   9075740
256   8861468
256   8736996
256   9242536
256   9389168
256   8884304
256   9312808
256   8799316
256   9514832
256   9303580
256   8857028
256   8814104
256   8571884
256   9048336
256   9349592
256   9440532
256   9959048
256   9025344
256   9236776
256   9267144
256   9121440
256   9310708
256   9072200
256   9403864
256   9858992
256   9336020
256   8444736
256   9144556
256   9769536
256   8617216
256   8604544
256   9042988
256   9345200
256   8911368
256   9500536
256   9257404
256   9219720
256   8861972
256   9538972
256   10131356
256   9318728
256   10080812
256   9150744
256   9219960
256   9224560
256   9410736
256   9124876
256   8740264
256   9044628
256   9439380
256   9973952
256   9739416
256   9035104
256   9128084
256   9041488
256   9228376
256   9212256
256   9489008
256   8738428
256   9310104
256   9073752
256   8995004
256   9369236
256   9744636
256   9534304
256   9262816
256   8814812
256   9444936
256   9245656
256   8502392
256   9291976
256   9460188
256   9052228
256   9517476
256   9273776
256   9059556
256   9275816
256   9284052
256   8840196
256   9409784
256   9919556
256   8657964
256   9293856
256   9464600
256   9268776
256   8825356
256   9573688
256   7693952
256   8890408
256   9153816
256   9417736
256   9115392
256   9632184
256   8822952
256   8931704
256   9132092
256   9564984
256   8856516
256   9733076
256   9562172
256   9476644
256   9306192
256   9381704
256   9206896
256   9199408
256   9582492
256   9181516
256   9329500
256   9056300
256   9606852
256   9647412
256   9101468
256   9473860
256   10674880
256   10253380
256   10103868
256   10216788
256   10675256
256   10479772
256   11059672
256   11269160
256   10520648
256   10860504
256   11028184
256   10686672
256   10594168
256   10825656
256   10644152
256   10919280
256   11566444
256   10999156

