_____1000\_____

[1;33m[WARN]  malloc() allocates objects >= 1 MiB from LuaJIT memory space.[0m
[1;33m[WARN]  Install libjemalloc if you encounter out of memory errors.[0m
[1;37m[INFO]  Initializing DPDK. This will take a few seconds...[0m
EAL: Probing VFIO support...
EAL: PCI device 0000:84:00.0 on NUMA socket 1
EAL:   probe driver: 8086:10fb net_ixgbe
EAL: PCI device 0000:84:00.1 on NUMA socket 1
EAL:   probe driver: 8086:10fb net_ixgbe
[1;37m[INFO]  Found 2 usable devices:[0m
   Device 0: 90:E2:BA:CB:F5:44 ([0;32mIntel Corporation 82599ES 10-Gigabit SFI/SFP+ Network Connection[0m)
   Device 1: 90:E2:BA:CB:F5:45 ([0;32mIntel Corporation 82599ES 10-Gigabit SFI/SFP+ Network Connection[0m)
PMD: ixgbe_dev_link_status_print():  Port 1: Link Down
PMD: ixgbe_dev_link_status_print():  Port 0: Link Down
Valerio parser
Filename: /home/valerio/Ruleset/trace_shot/4k_1/acl1_seed_1.rules_trace
Error with file! /home/valerio/Ruleset/trace_shot/4k_1/acl1_seed_1.rules_trace
Tot_rules: 3752
Tcp: 3229 |Udp: 372 |Icmp: 151
Valerio parser end
[1;37m[INFO]  Waiting for devices to come up...[0m
[1;37m[INFO]  Device 1 (90:E2:BA:CB:F5:45) is up: 10000 MBit/s[0m
[1;37m[INFO]  Device 0 (90:E2:BA:CB:F5:44) is up: 10000 MBit/s[0m
[1;37m[INFO]  [0;32m2 devices are up.[0m[0m
[RX - dev]: { 0 } 
[TX - dev]: { 1 } 
Pkt size: 60
TX rate: 1000 rateq1: 1000 rateq2: 1000 rateq3: 1000
==========VVV=============
RX: 0.11 (0.00) Mpps, 54 (0) Mbit/s | 1585408 pkts, 101466112 Bytes
TX: 5.81 (0.03) Mpps, 2976 (16) Mbit/s | 87258528 pkts, 5584545792 Bytes
==========V=============
_____1000\_____

[1;33m[WARN]  malloc() allocates objects >= 1 MiB from LuaJIT memory space.[0m
[1;33m[WARN]  Install libjemalloc if you encounter out of memory errors.[0m
[1;37m[INFO]  Initializing DPDK. This will take a few seconds...[0m
EAL: Probing VFIO support...
EAL: PCI device 0000:84:00.0 on NUMA socket 1
EAL:   probe driver: 8086:10fb net_ixgbe
EAL: PCI device 0000:84:00.1 on NUMA socket 1
EAL:   probe driver: 8086:10fb net_ixgbe
[1;37m[INFO]  Found 2 usable devices:[0m
   Device 0: 90:E2:BA:CB:F5:44 ([0;32mIntel Corporation 82599ES 10-Gigabit SFI/SFP+ Network Connection[0m)
   Device 1: 90:E2:BA:CB:F5:45 ([0;32mIntel Corporation 82599ES 10-Gigabit SFI/SFP+ Network Connection[0m)
PMD: ixgbe_dev_link_status_print():  Port 1: Link Down
PMD: ixgbe_dev_link_status_print(): Port 0: Link Up - speed 0 Mbps - half-duplex
Valerio parser
Filename: /home/valerio/Ruleset/trace_shot/4k_1/acl1_seed_2.rules_trace
Error with file! /home/valerio/Ruleset/trace_shot/4k_1/acl1_seed_2.rules_trace
Tot_rules: 3643
Tcp: 3241 |Udp: 295 |Icmp: 107
Valerio parser end
[1;37m[INFO]  Waiting for devices to come up...[0m
[1;37m[INFO]  Device 0 (90:E2:BA:CB:F5:44) is up: 10000 MBit/s[0m
[1;37m[INFO]  Device 1 (90:E2:BA:CB:F5:45) is up: 10000 MBit/s[0m
[1;37m[INFO]  [0;32m2 devices are up.[0m[0m
[RX - dev]: { 0 } 
[TX - dev]: { 1 } 
Pkt size: 60
TX rate: 1000 rateq1: 1000 rateq2: 1000 rateq3: 1000
==========VVV=============
RX: 0.10 (0.03) Mpps, 49 (15) Mbit/s | 1348625 pkts, 86312000 Bytes
TX: 5.80 (0.03) Mpps, 2971 (14) Mbit/s | 87129819 pkts, 5576308416 Bytes
==========V=============
_____1000\_____

[1;33m[WARN]  malloc() allocates objects >= 1 MiB from LuaJIT memory space.[0m
[1;33m[WARN]  Install libjemalloc if you encounter out of memory errors.[0m
[1;37m[INFO]  Initializing DPDK. This will take a few seconds...[0m
EAL: Probing VFIO support...
EAL: PCI device 0000:84:00.0 on NUMA socket 1
EAL:   probe driver: 8086:10fb net_ixgbe
EAL: PCI device 0000:84:00.1 on NUMA socket 1
EAL:   probe driver: 8086:10fb net_ixgbe
[1;37m[INFO]  Found 2 usable devices:[0m
   Device 0: 90:E2:BA:CB:F5:44 ([0;32mIntel Corporation 82599ES 10-Gigabit SFI/SFP+ Network Connection[0m)
   Device 1: 90:E2:BA:CB:F5:45 ([0;32mIntel Corporation 82599ES 10-Gigabit SFI/SFP+ Network Connection[0m)
PMD: ixgbe_dev_link_status_print():  Port 1: Link Down
PMD: ixgbe_dev_link_status_print():  Port 0: Link Down
Valerio parser
Filename: /home/valerio/Ruleset/trace_shot/4k_1/acl1_seed_3.rules_trace
Error with file! /home/valerio/Ruleset/trace_shot/4k_1/acl1_seed_3.rules_trace
Tot_rules: 3488
Tcp: 3032 |Udp: 338 |Icmp: 118
Valerio parser end
[1;37m[INFO]  Waiting for devices to come up...[0m
[1;37m[INFO]  Device 1 (90:E2:BA:CB:F5:45) is up: 10000 MBit/s[0m
[1;37m[INFO]  Device 0 (90:E2:BA:CB:F5:44) is up: 10000 MBit/s[0m
[1;37m[INFO]  [0;32m2 devices are up.[0m[0m
[RX - dev]: { 0 } 
[TX - dev]: { 1 } 
Pkt size: 60
TX rate: 1000 rateq1: 1000 rateq2: 1000 rateq3: 1000
==========VVV=============
RX: 0.09 (0.03) Mpps, 48 (16) Mbit/s | 1327633 pkts, 84968512 Bytes
TX: 5.82 (0.05) Mpps, 2982 (24) Mbit/s | 87526593 pkts, 5601701952 Bytes
==========V=============
_____1000\_____

[1;33m[WARN]  malloc() allocates objects >= 1 MiB from LuaJIT memory space.[0m
[1;33m[WARN]  Install libjemalloc if you encounter out of memory errors.[0m
[1;37m[INFO]  Initializing DPDK. This will take a few seconds...[0m
EAL: Probing VFIO support...
EAL: PCI device 0000:84:00.0 on NUMA socket 1
EAL:   probe driver: 8086:10fb net_ixgbe
EAL: PCI device 0000:84:00.1 on NUMA socket 1
EAL:   probe driver: 8086:10fb net_ixgbe
[1;37m[INFO]  Found 2 usable devices:[0m
   Device 0: 90:E2:BA:CB:F5:44 ([0;32mIntel Corporation 82599ES 10-Gigabit SFI/SFP+ Network Connection[0m)
   Device 1: 90:E2:BA:CB:F5:45 ([0;32mIntel Corporation 82599ES 10-Gigabit SFI/SFP+ Network Connection[0m)
PMD: ixgbe_dev_link_status_print():  Port 1: Link Down
PMD: ixgbe_dev_link_status_print():  Port 0: Link Down
Valerio parser
Filename: /home/valerio/Ruleset/trace_shot/4k_1/acl1_seed_4.rules_trace
Error with file! /home/valerio/Ruleset/trace_shot/4k_1/acl1_seed_4.rules_trace
Tot_rules: 3668
Tcp: 3232 |Udp: 322 |Icmp: 114
Valerio parser end
[1;37m[INFO]  Waiting for devices to come up...[0m
[1;37m[INFO]  Device 1 (90:E2:BA:CB:F5:45) is up: 10000 MBit/s[0m
[1;37m[INFO]  Device 0 (90:E2:BA:CB:F5:44) is up: 10000 MBit/s[0m
[1;37m[INFO]  [0;32m2 devices are up.[0m[0m
[RX - dev]: { 0 } 
[TX - dev]: { 1 } 
Pkt size: 60
TX rate: 1000 rateq1: 1000 rateq2: 1000 rateq3: 1000
==========VVV=============
RX: 0.10 (0.00) Mpps, 53 (0) Mbit/s | 1568768 pkts, 100401152 Bytes
TX: 5.78 (0.06) Mpps, 2960 (32) Mbit/s | 86922738 pkts, 5563055232 Bytes
==========V=============
_____1000\_____

[1;33m[WARN]  malloc() allocates objects >= 1 MiB from LuaJIT memory space.[0m
[1;33m[WARN]  Install libjemalloc if you encounter out of memory errors.[0m
[1;37m[INFO]  Initializing DPDK. This will take a few seconds...[0m
EAL: Probing VFIO support...
EAL: PCI device 0000:84:00.0 on NUMA socket 1
EAL:   probe driver: 8086:10fb net_ixgbe
EAL: PCI device 0000:84:00.1 on NUMA socket 1
EAL:   probe driver: 8086:10fb net_ixgbe
[1;37m[INFO]  Found 2 usable devices:[0m
   Device 0: 90:E2:BA:CB:F5:44 ([0;32mIntel Corporation 82599ES 10-Gigabit SFI/SFP+ Network Connection[0m)
   Device 1: 90:E2:BA:CB:F5:45 ([0;32mIntel Corporation 82599ES 10-Gigabit SFI/SFP+ Network Connection[0m)
PMD: ixgbe_dev_link_status_print(): Port 1: Link Up - speed 0 Mbps - half-duplex
PMD: ixgbe_dev_link_status_print():  Port 0: Link Down
Valerio parser
Filename: /home/valerio/Ruleset/trace_shot/4k_1/acl1_seed_5.rules_trace
Error with file! /home/valerio/Ruleset/trace_shot/4k_1/acl1_seed_5.rules_trace
Tot_rules: 3519
Tcp: 3057 |Udp: 343 |Icmp: 119
Valerio parser end
[1;37m[INFO]  Waiting for devices to come up...[0m
[1;37m[INFO]  Device 1 (90:E2:BA:CB:F5:45) is up: 10000 MBit/s[0m
[1;37m[INFO]  Device 0 (90:E2:BA:CB:F5:44) is up: 10000 MBit/s[0m
[1;37m[INFO]  [0;32m2 devices are up.[0m[0m
[RX - dev]: { 0 } 
[TX - dev]: { 1 } 
Pkt size: 60
TX rate: 1000 rateq1: 1000 rateq2: 1000 rateq3: 1000
==========VVV=============
RX: 0.11 (0.00) Mpps, 55 (0) Mbit/s | 1625600 pkts, 104038400 Bytes
TX: 5.78 (0.06) Mpps, 2960 (31) Mbit/s | 86890734 pkts, 5561006976 Bytes
==========V=============
