63   2320768
256   8402364
256   8486912
256   8013812
193   6692628
256   8623156
256   8793636
256   7876508
256   8323816
256   8733668
256   8679012
256   8807488
256   8886964
256   8355964
256   8635132
256   8253576
256   8593524
256   8880704
256   8751308
256   8764592
256   8747920
256   8307012
256   8013788
256   8756068
256   8736168
256   8772008
256   8003416
256   8402512
256   9024232
256   8448848
256   8893536
256   9014876
256   8385060
256   8625064
256   8690252
256   8466092
256   8559544
256   9700008
256   9139864
256   11199444
256   10422240
256   11158480
256   10272396
256   8973612
256   9008240
256   10383844
256   9305244
256   9076356
256   11449736
256   11050328
256   9064712
256   9246932
256   11275336
256   10594396
256   9512456
256   10578908
256   10748028
256   10423204
256   11051244
256   10502988
256   11118284
256   9232844
256   11312148
256   10443888
256   9918872
256   11342256
256   10248756
256   10145796
256   11326820
256   10827016
256   9315388
256   11427316
256   11184244
256   9611752
256   11011504
256   9458636
256   9421864
256   11758988
256   10911028
256   9974416
256   10230608
256   10527792
256   11026620
256   10505348
256   9975040
256   10930912
256   10641428
256   10482652
256   11596896
256   11111856
256   9426804
256   10830884
256   10492420
256   10568948
256   10813504
256   10497332
256   10645740
256   10526164
256   10009380
256   11166320
256   9565792
256   10442008
256   11029476
256   9549272
256   9840912
256   11079168
256   10453140
256   9128664
256   10855436
256   11312244
256   9697464
256   10590064
256   9657872
256   10024996
256   10582816
256   10633156
256   10460728
256   9573796
256   10789008
256   11479528
256   11012776
256   10366424
256   11213984
256   9785780
256   10382516
256   11474040
256   9618756
256   11059708
256   10968612
256   9734280
256   9925436
256   11192460
256   9616120
256   9516728
256   10793192
256   10274448
256   10444308
256   10783484
256   10096116
256   11361460
256   10966316
256   11413376
256   10971940
256   9550824
256   9802228
256   10993372
256   11093780
256   10772540
256   10668604
256   9493412
256   10170984
256   11607104
256   9745536
256   10864840
256   10517032
256   11345392
256   11365748
256   10347424
256   9561820
256   10564964
256   10787324
256   10778576
256   10987748
256   10406464
256   9317636
256   10533320
256   10337332
256   11541744
256   9581992
256   11013336
256   10827788
256   9994224
256   10313940
256   11209628
256   9451972
256   10970076
256   10801480
256   10290344
256   9458608
256   10638892
256   9769188
256   10663092
256   10435904
256   10791148
256   11277884
256   10483316
256   10801284
256   11048012
256   10829752
256   10974288
256   10747432
256   10069196
256   10959892
256   11516404
256   11026392
256   11387316
256   10442652
256   10827016
256   10770760
256   10384484
256   11475592
256   10556712
256   9429172
256   9542960
256   10702684
256   11114240
256   9430996
256   10735060
256   9379032
256   11215796
256   9240780
256   9596772
256   11197212
256   10476256
256   10833920
256   10546656
256   10013828
256   9701620
256   10399952
256   9539396
256   10898488
256   10495704
256   10245624
256   10783596
256   9143796
256   10624652
256   10657544
256   9389292
256   11639616
256   11178732
256   9307084
256   11240668
256   11033640
256   9513732
256   11315612
256   10498656
256   10786964
256   11326580
256   10207104
256   9900816
256   10740224
256   10018036
256   10565864
256   10772428
256   10812636
256   11639292
256   9070696
256   10636860
256   11014440
256   11504844
256   9653776
256   11596832
256   11306744
256   9694932
256   10349484
256   11236264
256   9591956
256   9598216
256   10676320
256   10045280
256   10610800
256   10323376
256   11172796
256   10435008
256   10791604
256   10226800
256   11122420
256   9554600
256   9501352
256   11442548
256   11207592
256   9314564
256   10232548
256   9589500
256   10553496
256   10058824
256   10512492
256   11590768
256   10526868
256   10684728
256   11193736
256   11086084
256   11597488
256   11381864
256   10499076
256   9547704
256   11050984
256   9592100
256   11345088
256   10095424
256   10832576
256   11270092
256   10396752
256   10446720
256   11383892
256   10862392
256   9736448
256   10885532
256   11314600
256   9799028
256   10886456
256   9948392
256   11456280
256   11186532
256   9641452
256   10935320
256   10045452
256   9941364
256   11110292
256   9940452
256   9700944
256   10690100
256   10870900
256   11004264
256   10187424
256   9636452
256   11493508
256   10640840
256   10422244
256   11575180
256   9325800
256   11264496
256   10190416
256   9654164
256   11452712
256   10799548
256   10971280
256   10896712
256   10685092
256   9783624
256   11212124
256   9116704
256   9624064
256   10734012
256   9681952
256   10669828
256   10249712
256   10985792
256   9873760
256   9948904
256   11504012
256   10724036
256   10410796
256   11415012
256   11572980
256   10852300
256   10503296
256   11319840
256   10418620
256   10370128
256   11117436
256   9497036
256   10397380
256   11247588
256   9452916
256   9023456
256   11387272
256   10825268
256   10426748
256   11365632
256   10466232
256   10367644
256   11414592
256   10465696
256   10719600
256   11554248
256   10660276
256   10687608
256   10403020
256   11098484
256   11294992
256   9973852
256   9766304
256   11226488
256   10669664
256   9318368
256   11207104
256   9820976
256   9740720
256   10841432
256   10843480
256   10008716
256   11074716
256   10396380
256   11426860
256   10310204
256   9067856
256   10928228
256   9935552
256   10040720
256   11042788
256   9586412
256   9810852
256   10224472
256   9415100
256   10786888
256   9873596
256   10008136
256   11094980
256   11077408
256   9970972
256   11259604
256   9069404
256   10084328
256   10927068
256   9908216
256   9843764
256   10708756
256   11467816
256   10830844
256   9023760
256   11109724
256   10880940
256   10400348
256   9770084
256   11406132
256   11345456
256   11638784
256   11025324
256   10177264
256   8911324
256   10349448
256   11038776
256   10261728
256   11008012
256   10593924
256   11035616
256   11036116
256   9540532
256   11483608
256   11158728
256   9389648
256   10594728
256   11141268
256   9385624
256   10095388
256   10804960
256   10510700
256   10583372
256   9387944
256   11459420
256   10669564
256   10976132
256   11167160
256   10514344
256   9894716
256   10938476
256   10338208
256   10590216
256   10430848
256   10411920
256   11177632
256   11383696
256   10278612
256   10687468
256   9708608
256   8973428
256   11038140
256   9488912
256   9250608
256   9960536
256   11421840
256   10831656
256   10744200
256   11345776
256   11746420
256   10877844
256   9393788
256   11227304
256   10484476
256   9630440
256   10760388
256   9890800
256   11322740
256   10479588
256   11032996
256   11382020
256   10868448
256   10652756
256   11351728
256   10063984
256   10132928
256   10939144
256   10402700
256   9683976
256   10720008
256   10256352
256   10970872
256   10477148
256   10985628
256   11257756
256   9892544
256   9445980
256   9936648
256   10732224
256   10962780
256   10385988
256   10120864
256   11090612
256   11186620
256   9592016
256   11176916
256   9924516
256   9825628
256   10299968
256   10723328
256   11646300
256   10071128
256   10573484
256   11249208
256   10092892
256   9202904
256   10797444
256   10162532
256   9526068
256   10706260
256   9583644
256   11229996
256   10582248
256   9897288
256   11048268
256   10053512
256   9135192
256   11352856
256   10055220
256   9506012
256   11145516
256   10355848
256   9989560
256   10861516
256   9362304
256   10586920
256   9277096
256   9972140
256   10825916
256   10183100
256   9776952
256   10266344
256   10611772
256   9503296
256   10562460
256   9459904
256   9410456
256   11280988
256   10602852
256   11117872
256   10733472
256   9492704
256   11562616
256   9920908
256   9202576
256   11118548
256   9267056
256   11257720
256   10964304
256   10456544
256   10016204
256   11083996
256   10522152
256   10928424
256   10225444
256   11396032
256   11310792
256   10771256
256   10034580
256   11618036
256   9954128
256   10085644
256   11285956
256   9971800
256   9598304
256   10170964
256   11097476
256   10623552
256   10826520
256   9235104
256   10983940
256   10484604
256   9922156
256   11465952
256   9844128
256   9802744
256   11062684
256   9939900
256   10736032
256   10625900
256   9469540
256   11411448
256   9355488
256   9878092
256   11220580
256   9924328
256   9508856
256   10716684
256   9776852
256   9340116
256   10303888
256   9410940
256   11406580
256   11402020
256   11129356
256   11199048
256   9736680
256   9624416
256   10895244
256   10259652
256   9064784
256   10532528
256   11154748
256   9772780
256   10554668
256   9538296
256   11365472
256   9499312
256   9972876
256   10957100
256   9372408
256   10066408
256   11171888
256   9676848
256   9035108
256   10731308
256   9516484
256   10260592
256   11401988
256   9544272
256   10832240
256   10110560
256   11264676
256   11059496
256   10938652
256   9655172
256   11021808
256   10789216
256   11003348
256   9675700
256   10035992
256   9348952
256   10669772
256   9797796
256   8918368
256   10696428
256   9499024
256   10920764
256   10167196
256   10929588
256   11314828
256   10745812
256   11398520
256   11218252
256   9685228
256   11125548
256   10879304
256   9781008
256   9852184
256   10449948
256   9221276
256   11196404
256   10560856
256   9326016
256   10776212
256   9291624
256   9908032
256   11285640
256   11183744
256   9891268
256   11265876
256   10820180
256   9870800
256   10219496
256   9840192
256   9654692
256   9975132
256   9835184
256   11146560
256   9853568
256   9480216
256   10374216
256   10383712
256   9559760
256   11297484
256   10389632
256   10418740
256   10381496
256   10194684
256   11416676
256   10985324
256   9472716
256   11289124
256   10481708
256   10535976
256   11115864
256   10936956
256   10271680
256   10702380
256   9996916
256   10452892
256   11349472
256   10400220
256   9400572
256   11382392
256   9306828
256   10970356
256   10835184
256   11212240
256   11642404
256   10986384
256   9742756
256   11281652
256   9524276
256   9555436
256   10628748
256   10549424
256   10588300
256   10344384
256   10110508
256   11279676
256   10949612
256   10773676
256   11011464
256   9735992
256   10364188
256   10635204
256   10541268
256   11723176
256   10971628
256   9973164
256   11298168
256   10603360
256   11409628
256   10966388
256   10748080
256   10855152
256   10715544
256   10438916
256   11056936
256   10481596
256   9578516
256   11120324
256   9602444
256   10955464
256   11343800
256   10388888
256   9703956
256   10618704
256   9526336
256   10828596
256   11079152
256   9679676
256   11489448
256   9620920
256   11381172
256   10578436
256   9076568
256   9493224
256   9139336
256   9312996
256   11174268
256   11133896
256   9311224
256   11346924
256   10683076
256   9720332
256   10724360
256   11056556
256   11309072
256   10982652
256   10652232
256   9668708
256   10796992
256   10666184
256   10476808
256   11167616
256   10448660
256   11301460
256   10390328
256   10735760
256   11336172
256   10131500
256   10531656
256   10892536
256   10223412
256   9102180
256   10455200
256   10523808
256   9637568
256   10374240
256   9411468
256   11311324
256   11042156
256   9632304
256   10568128
256   10102212
256   10561448
256   10579228
256   9424156
256   11143012
256   10825736
256   10875552
256   11013692
256   9252108
256   9606588
256   11469972
256   10425784
256   9496964
256   10447936
256   11495136
256   10983228
256   10526468
256   11277760
256   10779628
256   11119512
256   11088340
256   11115936
256   10725440
256   9765464
256   11173720
256   10207668
256   11003316
256   9997712
256   10830204
256   9718688
256   10546236
256   10544508
256   11162648
256   10019576
256   10714544
256   10902852
256   9283988
256   10646372
256   11328000
256   10768600
256   9789376
256   10691264
256   10717396
256   11225556
256   11183272
256   9928100
256   10491332
256   10157408
256   9940540
256   10450628
256   10575244
256   10673448
256   11537904
256   10931856
256   10890024
256   11850396
256   9491936
256   11302588
256   9992816
256   9626964
256   9942224
256   10945328
256   10238700
256   10766200
256   10124132
256   11261076
256   10440920
256   9360764
256   11302964
256   9675476
256   9540780
256   10771832
256   9896488
256   11551640
256   11042124
256   10633124
256   10811772
256   9313176
256   11114080
256   10595344
256   9673948
256   11203220
256   10743080
256   11245236
256   10869884
256   10981224
256   10464204
256   10913984
256   10166924
256   9895824
256   10946296
256   10754128
256   10979380
256   10096204
256   9923884
256   10555144
256   10338476
256   9776356
256   10839852
256   10374584
256   9889724
256   11056500
256   10157436
256   10740316
256   11302032
256   9482528
256   9632916
256   10207300
256   10470468
256   11207272
256   11129316
256   9844044
256   11342740
256   9271292
256   8791396
256   10184068
256   11008640
256   11269060
256   10539992
256   10480512
256   10897288
256   11161448
256   9486452
256   10935028
256   10207732
256   9954436
256   11763404
256   10666896
256   9656440
256   10648784
256   10150092
256   10799128
256   11338588
256   10335224
256   11425364
256   10316996
256   10484684
256   11210244
256   9298140
256   11054596
256   11376720
256   10077144
256   9930844
256   11248216
256   10791364
256   11220192
256   9466192
256   10759812
256   10938252
256   10261088
256   10985928
256   10084516
256   9398056
256   11120084
256   10880300
256   10597668
256   11030952
256   10823756
256   10873940
256   11499968
256   10194404
256   9771352
256   11147536
256   8928928
256   10714360
256   10715536
256   9657460
256   11302056
256   9551368
256   11515304
256   10248660
256   9885828
256   10147976
256   10883880
256   10620328
256   11110568
256   10842784
256   10498636
256   10927324
256   10415928
256   10196272
256   11554752
256   10971276
256   9607700
256   10695024
256   11485336
256   11410252
256   10903872
256   10886072
256   11622844
256   11011648
256   9692360
256   10793444
256   9682464
256   9157472
256   10741524
256   10075596
256   11054112
256   10676028
256   9882708
256   11663996
256   10530148
256   10204076
256   11014492
256   10160292
256   11536276
256   10690064
256   9861524
256   11014380
256   10943420
256   10912716
256   10730996
256   9717188
256   11406464
256   11027848
256   11115136
256   11313316
256   9355832
256   9930356
256   11429304
256   10599468
256   10279948
256   11015372
256   9502664
256   11276560
256   10217516
256   11416616
256   11106900
256   9537700
256   10790496
256   11545700
256   9597796
256   9215360
256   10760476
256   10014652
256   11063148
256   10288744
256   10013664
256   11484120
256   10834496
256   10272804
256   10463608
256   10073148
256   11353008
256   10521072
256   10816984
256   10484196
256   10231476
256   10118132
256   11193004
256   10404864
256   10886356
256   10868584
256   11185708
256   11512900
256   10550600
256   11070128
256   10777268
256   10427408
256   10225748
256   10984008
256   11103148
256   10755416
256   10855328
256   10568096
256   11162968
256   10102724
256   10006328
256   11016232
256   11148940
256   11788240
256   8980012
256   10714652
256   11235788
256   10347220
256   9890880
256   11258544
256   10331140
256   11454936
256   10269516
256   11255944
256   10900952
256   11176148
256   9736976
256   10689732
256   9983180
256   10840560
256   11046324
256   9775284
256   11129692
256   11520216
256   10492188
256   10333232
256   10844652
256   9415800
256   11009572
256   11237028
256   9505072
256   10910316
256   8946788
256   9960396
256   10648224
256   9720752
256   11381328
256   10635536
256   10001060
256   11829468
256   11323652
256   10500476
256   10928328
256   10011740
256   10596236
256   10779324
256   11127368
256   11249408
256   9562016
256   9962508
256   11030472
256   9977428
256   9614508
256   10985212
256   10110952
256   11040220
256   11260412
256   10467828
256   11562396
256   10283560
256   10305612
256   11280996
256   9814904
256   9169464
256   10548232
256   10644960
256   11550656
256   11358504
256   11109160
256   11354240
256   10015344
256   10452380
256   10552836
256   10042484
256   10320016
256   10494072
256   9425632
256   11573496
256   10758568
256   10531756
256   11212688
256   10418272
256   10203844
256   10538964
256   10338700
256   11091464
256   11485184
256   9017456
256   11604464
256   9910816
256   9853500
256   11451644
256   8983772
256   9772972
256   10519940
256   9345812
256   11254864
256   10699564
256   11163156
256   11142416
256   10267628
256   9264932
256   10833336
256   9968204
256   9860932
256   10394312
256   10381604
256   11020436
256   10919816
256   10408260
256   11490560
256   9353692
256   10872920
256   10709500
256   10822980
256   10852924
256   10282644
256   10380832
256   11378792
256   10005792
256   10501160
256   10704640
256   9349220
256   9925464
256   10414492
256   9097296
256   9188740
256   10572480
256   9900160
256   11144468
256   10771996
256   10107340
256   10916784
256   10398852
256   9975756
256   11515564
256   9462732
256   9903728
256   10056704
256   9417880
256   11143796
256   9713044
256   10090204
256   11622660
256   9196132
256   9703564
256   10417276
256   9331324
256   10143036
256   10433100
256   11163304
256   10910916
256   9803636
256   10327784
256   11268868
256   11083436
256   9893812
256   11207332
256   9385116
256   10251712
256   11413916
256   9610072
256   9458108
256   10515080
256   10411904
256   11107320
256   10244768
256   10067624
256   11295084
256   9536420
256   10468792
256   11061868
256   9854764
256   10173132
256   11424064
256   9813052
256   9244376
256   11203124
256   9949768
256   9161708
256   10302936
256   10024864
256   11293180
256   10037508
256   11104548
256   11552640
256   11229132
256   9833100
256   10645224
256   9992692
256   9555120
256   10555164
256   9560988
256   11488908
256   10131192
256   10797436
256   11426980
256   9894292
256   9756236
256   10578492
256   11436592
256   10621376
256   11268244
256   10861040
256   10550820
256   11013304
256   9195460
256   10838732
256   10221076
256   9723880
256   11024944
256   10393876
256   9521528
256   11328892
256   9415044
256   9745860
256   11163864
256   11357056
256   11032408
256   11073016
256   9887684
256   11075012
256   10579736
256   10591892
256   10938892
256   9227400
256   9958492
256   11056616
256   10060176
256   11124464
256   11200360
256   9689976
256   11128276
256   9957648
256   8876340
256   11069608
256   9927956
256   8717484
256   10436916
256   10890404
256   11249844
256   10720740
256   10649860
256   11269752
256   10150328
256   9716280
256   10926064
256   10451868
256   10628252
256   10588836
256   9422364
256   11274748
256   10583280
256   9808192
256   11329192
256   10943144
256   10676700
256   10783104
256   10711628
256   11084752
256   10331404
256   9983092
256   9479388
256   10028356
256   9074052
256   11307860
256   10573308
256   10310132
256   11150092
256   9334584
256   9773424
256   10739292
256   9339204
256   9553312
256   10773384
256   9892292
256   11414440
256   10401052
256   10619272
256   11382264
256   10785012
256   11129964
256   10549680
256   9466112
256   11591172
256   10938536
256   11060288
256   11325660
256   10190576
256   8733008
256   10692304
256   9477228
256   10916788
256   10425728
256   9969860
256   9734452
256   10930340
256   10848248
256   11422316
256   11129824
256   9246508
256   11315528
256   10833820
256   9945932
256   11169032
256   10246880
256   10504148
256   10149180
256   9231652
256   10564764
256   10353760
256   9941884
256   11983336
256   9558832
256   10441348
256   11103536
256   10607700
256   10510460
256   9647176
256   10645236
256   10723316
256   10300212
256   10093320
256   11149304
256   9416244
256   9312364
256   10784456
256   10348344
256   11554068
256   10934092
256   10480160
256   11334940
256   9780168
256   9131032
256   11718804
256   10856796
256   10094088
256   10516028
256   10983388
256   11116260
256   11299456
256   9855620
256   9676500
256   11158164
256   8763012
256   10688812
256   11109120
256   9637212
256   11776988
256   9570908
256   10878732
256   11244700
256   10469888
256   9685988
256   11524876
256   10411740
256   10557208
256   10721620
256   9649340
256   11207648
256   10510024
256   8987684
256   10928104
256   9773536
256   10972484
256   11358332
256   10611932
256   11296352
256   10589304
256   11063352
256   10781484
256   9346080
256   10138596
256   11310708
256   9520140
256   10776112
256   10415472
256   9677000
256   11085136
256   11470380
256   10938000
256   11493912
256   10760540
256   9555160
256   11092420
256   10520240
256   11072444
256   10348052
256   11376236
256   11248440
256   11464304
256   8959976
256   11471180
256   10638944
256   9617312
256   11120932
256   9672436
256   10990696
256   10832248
256   9842536
256   10898332
256   9692192
256   9765108
256   11305324
256   10135288
256   9872412
256   10916708
256   9477948
256   11365564
256   10098440
256   9271616
256   11112480
256   11127828
256   9996772
256   10551744
256   10580852
256   10855760
256   9899224
256   10783272
256   10926604
256   9644288
256   9882536
256   10867920
256   10723188
256   10999044
256   10725588
256   10517692
256   11075752
256   11344816
256   11256732
256   10993404
256   9274436
256   10972072
256   11143224
256   9837028
256   9777660
256   11388992
256   9907200
256   11091648
256   10791768
256   9012692
256   11710500
256   9885864
256   9999596
256   10204280
256   10917500
256   9539984
256   10565728
256   10782244
256   10707772
256   9862956
256   9544200
256   11106212
256   10720952
256   9170608
256   11118448
256   11130296
256   10824520
256   10433988
256   8764820
256   11192288
256   9994712
256   10632532
256   11090316
256   10670428
256   10733848
256   10634708
256   10597324
256   11286488
256   10541080
256   9496192
256   11078092
256   9750232
256   10504920
256   11652900
256   10292096
256   11156936
256   10981416
256   10982928
256   11048840
256   10959536
256   9309548
256   11325416
256   9348276
256   9756560
256   11203784
256   9592692
256   10151944
256   11045120
256   8634136
256   10202540
256   10975156
256   10549544
256   11120652
256   9274536
256   9979068
256   11447872
256   10817420
256   9960072
256   11121768
256   9999416
256   9820388
256   10528480
256   11033620
256   11511672
256   11090108
256   10044188
256   11803084
256   9330148
256   9258220
256   10474160
256   10816532
256   9044076
256   11619864
256   11563972
256   11096256
256   11165292
256   10925540
256   11314536
256   9118924
256   9990488
256   11188960
256   9981552
256   10551028
256   10945516
256   10015620
256   11070368
256   11081544
256   10514156
256   10911364
256   10233444
256   9161420
256   10889088
256   10557856
256   11577876
256   10815096
256   10788596
256   10904552
256   10535368
256   10432656
256   11035256
256   11154952
256   10083012
256   11243840
256   9771384
256   11381632
256   10486608
256   10336192
256   11502756
256   9302804
256   9806536
256   10766740
256   9316736
256   11045064
256   10754324
256   9774712
256   10632032
256   9497300
256   11089164
256   11204076
256   10809412
256   9797636
256   10973928
256   10589904
256   11393260
256   9592692
256   9561608
256   11522508
256   10246512
256   9961496
256   10354972
256   9924696
256   11174300
256   10881816
256   9266320
256   11429860
256   11387604
256   9983628
256   11049452
256   10824756
256   9287620
256   10755032
256   9315544
256   9111732
256   10332200
256   9438188
256   11367600
256   11223180
256   10574076
256   10942024
256   10266312
256   10772332
256   11089876
256   11101700
256   10929464
256   10552536
256   10506756
256   11155068
256   10123848
256   9201544
256   11243764
256   9914956
256   10788296
256   10992144
256   9247172
256   10758544
256   10551532
256   9578068
256   10807292
256   9814128
256   9152808
256   10710152
256   9245380
256   9454664
256   11234168
256   10266468
256   10807368
256   10337140
256   9470284
256   11173796
256   9965120
256   10478924
256   10793040
256   11253612
256   11024600
256   10605776
256   9711928
256   11193336
256   9805908
256   9631896
256   11058608
256   10932000
256   10014460
256   10759600
256   10836108
256   9248792
256   10990776
256   9882132
256   9772180
256   10802344
256   8993604
256   10097912
256   10822776
256   10571044
256   11208816
256   9227484
256   9748532
256   10703248
256   11172680
256   9514588
256   10414344
256   11014592
256   10873448
256   10438504
256   9616128
256   10838160
256   11018452
256   9764500
256   11117588
256   10701952
256   9411184
256   10377320
256   9402012
256   9768356
256   10888708
256   10006624
256   11060856
256   10388180
256   10623868
256   10936320
256   9864256
256   10414004
256   11114228
256   10010404
256   10573352
256   10622328
256   10330292
256   11031396
256   10955700
256   11320072
256   10825332
256   10805584
256   8716012
256   10836076
256   9062416
256   11122568
256   10946072
256   10495304
256   10127344
256   10630736
256   10681384
256   11300836
256   10087416
256   10101736
256   11195936
256   9407488
256   11561408
256   11342036
256   9196540
256   10554800
256   10568744
256   9284256
256   10502656
256   10954916
256   11062544
256   11567252
256   10198348
256   9664920
256   11251880
256   9712280
256   11310488
256   9621808
256   10916528
256   11178096
256   9680868
256   9150500
256   11596220
256   9690408
256   10594264
256   10874028
256   9016900
256   10686880
256   10777572
256   10849512
256   11319600
256   9610660
256   9276176
256   10974016
256   10982940
256   9535716
256   10898920
256   10977604
256   10919012
256   10474312
256   11201300
256   10901972
256   9499324
256   9407572
256   11225576
256   9633592
256   11409040
256   10397836
256   10452204
256   10753028
256   10559848
256   10542084
256   10355452
256   9887380
256   9735864
256   11267236
256   9237068
256   9557676
256   10416284
256   10139928
256   10509924
256   11585472
256   9119284
256   10376372
256   10055608
256   9560152
256   11369376
256   10163064
256   9121616
256   11290672
256   10324736
256   9307672
256   10465772
256   10488372
256   11193292
256   11110492
256   9812844
256   11070112
256   11325656
256   9825504
256   10947312
256   10357312
256   9459412
256   11228280
256   9886356
256   9386516
256   10471444
256   10019920
256   10041660
256   10680528
256   9329004
256   11374492
256   10722216
256   10647452
256   11797712
256   9671888
256   11000028
256   11032696
256   9881164
256   10106556
256   10768648
256   9465008
256   10639812
256   11336060
256   9578884
256   10396660
256   9374592
256   9666908
256   11425380
256   9327784
256   11545752
256   10198976
256   9326876
256   10060108
256   10936196
256   10698148
256   11618832
256   10529952
256   9562532
256   11411840
256   11279360
256   8711964
256   10325572
256   9892952
256   11585536
256   10420656
256   9697740
256   11051808
256   10434340
256   9164500
256   11040688
256   10056344
256   11190920
256   11113636
256   9996680
256   11432228
256   11168136
256   9347984
256   9559340
256   9751920
256   11111236
256   11397788
256   11057508
256   9934756
256   11293892
256   10048120
256   9296328
256   10657476
256   10240960
256   10366996
256   9986420
256   10073504
256   10992196
256   10237288
256   8926192
256   10751604
256   9112840
256   10313552
256   11276372
256   9993244
256   9262444
256   10363616
256   9619664
256   11283436
256   10893180
256   10773988
256   11135052
256   11299904
256   9315224
256   11089280
256   10911952
256   10673968
256   9937232
256   11503080
256   11247052
256   10859528
256   10917460
256   11202536
256   11004092
256   10098292
256   10837824
256   10184380
256   10890432
256   11221268
256   11124896
256   11094084
256   10431920
256   10571620
256   9386028
256   11119464
256   9408772
256   11328184
256   9801964
256   10029000
256   10985456
256   10902856
256   9837500
256   10340096
256   9196524
256   11129744
256   10555880
256   9734892
256   9584624
256   9339488
256   11076168
256   10604592
256   10494740
256   10784312
256   9142100
256   10315396
256   11478612
256   9969524
256   10466076
256   10447656
256   10403628
256   11307160
256   10954676
256   9391476
256   11151040
256   10794012
256   10332796
256   10637364
256   9491868
256   9002020
256   10288452
256   10158880
256   11075836
256   11375064
256   11085728
256   11382784
256   10615332
256   10896132
256   10970684
256   10573484
256   9965960
256   11257488
256   9523516
256   9269776
256   10168784
256   9375816
256   10738540
256   11201156
256   9014752
256   11346252
256   10156016
256   9922560
256   10648040
256   10278560
256   11030912
256   10914316
256   9372648
256   9383948
256   10489236
256   9376720
256   11417788
256   10745188
256   10808188
256   10650192
256   9576796
256   10471892
256   10675376
256   9811984
256   10681720
256   11443244
256   10745292
256   10742828
256   10013548
256   9738084
256   11646344
256   11345748
256   9661076
256   11260436
256   9548604
256   10641424
256   10704160
256   9509544
256   11345552
256   10531928
256   9253640
256   11404068
256   10749524
256   10464056
256   11459456
256   11000536
256   9809072
256   9997768
256   9617160
256   11060524
256   10606840
256   10197668
256   11433820
256   11134208
256   9753500
256   11485052
256   11129436
256   10178580
256   11214292
256   9361216
256   9506160
256   10827712
256   9394196
256   10934476
256   11745368
256   9131620
256   11073284
256   10240796
256   10616728
256   11099400
256   10156544
256   10858388
256   11300184
256   9499688
256   10934776
256   10706236
256   9918172
256   11221772
256   10694036
256   9537264
256   11087264
256   9584712
256   9728460
256   10151512
256   10258080
256   11024324
256   10621588
256   9594716
256   11310772
256   11111272
256   10696132
256   11159388
256   10619876
256   8878384
256   11023812
256   9977996
256   11191456
256   10769772
256   10700316
256   10921936
256   9610048
256   9819292
256   10689232
256   11016808
256   10900700
256   11101224
256   10068072
256   11247208
256   11623008
256   8973864
256   11393520
256   9899932
256   10300868
256   11407800
256   9538268
256   9238068
256   10274224
256   9002944
256   10874760
256   11597676
256   10335024
256   10815452
256   10989016
256   10515740
256   11012672
256   10070664
256   10455716
256   11123592
256   9669156
256   11201172
256   10223844
256   10608260
256   11395412
256   11288400
256   9701376
256   10754300
256   10314568
256   11102860
256   10523204
256   9536612
256   10026324
256   10251796
256   10121540
256   9389504
256   10651620
256   9701192
256   11012664
256   9707324
256   9632480
256   11404236
256   9961400
256   9851600
256   10673836
256   10725724
256   11277424
256   10624600
256   9905160
256   11003312
256   9019968
256   9537544
256   9585936
256   9697988
256   10309476
256   10595712
256   10709868
256   11277624
256   9636808
256   10371580
256   11648140
256   11033112
256   10430876
256   11075456
256   9498768
256   10844444
256   11037012
256   9509908
256   9403680
256   10648132
256   9377496
256   11134480
256   9498392
256   9869824
256   11149016
256   9530368
256   8897828
256   11118320
256   9407284
256   10571616
256   11274096
256   9302928
256   10831272
256   10165476
256   10147332
256   11388244
256   9408880
256   9587816
256   11397368
256   10328288
256   10588280
256   10552960
256   8936680
256   10112592
256   11020600
256   10296592
256   9221240
256   10867508
256   8754892
256   11522384
256   10617408
256   9789808
256   11602716
256   9897872
256   10123400
256   11710016
256   9137900
256   9289768
256   11737416
256   11011888
256   9480508
256   10992388
256   10125064
256   10337484
256   10825956
256   9218920
256   11096468
256   10896372
256   9595200
256   11085488
256   11038508
256   9053596
256   11192092
256   10320500
256   9626344
256   10389456
256   9441544
256   10078388
256   10474440
256   10812716
256   11497512
256   10126188
256   10222224
256   11583236
256   9251960
256   10059720
256   10991856
256   9615292
256   9792428
256   10677356
256   10218036
256   11506768
256   11111632
256   9589068
256   11656564
256   9443644
256   9187528
256   10929756
256   11189788
256   10490580
256   11104260
256   9191124
256   9275992
256   10618972
256   10533792
256   11621824
256   10948792
256   9365752
256   10743264
256   11260164
256   10442572
256   11487388
256   10805912
256   11125724
256   10426688
256   9863660
256   11146572
256   10592764
256   9871784
256   10386520
256   10036952
256   9691960
256   11510672
256   10701748
256   10860828
256   10399512
256   9406292
256   10939996
256   10655380
256   11181672
256   11232028
256   10480084
256   9568980
256   11196912
256   10621172
256   9923332
256   10131988
256   11378840
256   11065544
256   10710052
256   10263000
256   10875344
256   10000612
256   10657348
256   10729128
256   9360596
256   10829516
256   10363832
256   10760212
256   11603032
256   10867248
256   9380320
256   11234968
256   10614352
256   10498988
256   10816896
256   10632852
256   10718708
256   11271908
256   10917104
256   11572500
256   9825012
256   11775472
256   10963732
256   11079576
256   10904608
256   10731988
256   10102088
256   11046528
256   9956252
256   10609332
256   11411912
256   11489576
256   9091548
256   10138976
256   9442800
256   11394996
256   10676836
256   10874316
256   11396120
256   10841776
256   10189932
256   11585236
256   9699716
256   10705068
256   10918524
256   10836260
256   11227808
256   11036292
256   10961676
256   10459660
256   9453016
256   10991240
256   11101024
256   9711988
256   11337576
256   10931984
256   9657932
256   10761528
256   10435276
256   10095508
256   11005160
256   10414928
256   10918320
256   10560960
256   9239604
256   11662416
256   9047936
256   9830192
256   10891996
256   9513968
256   10651840
256   10481976
256   10571316
256   11187260
256   11001324
256   9667800
256   10704944
256   11070260
256   10843932
256   11375836
256   10971984
256   11168832
256   10769444
256   11186196
256   10801152
256   10170484
256   9335132
256   11144420
256   9723468
256   10111436
256   10100384
256   10335100
256   9832640
256   10707868
256   9722708
256   11102652
256   10922788
256   8342288
256   11016712
256   10363824
256   10122640
256   11007840
256   9980288
256   10684032
256   10918612
256   9902624
256   11522820
256   11311564
256   9757224
256   10610624
256   9940672
256   9643868
256   11017936
256   10211636
256   11025356
256   10540276
256   9664044
256   11129864
256   11074404
256   10475984
256   11474536
256   9039880
256   10558000
256   11175140
256   11185980
256   10802012
256   11275584
256   9771932
256   11242340
256   10759500
256   11008296
256   11364684
256   10238300
256   9859828
256   11034848
256   9464188
256   9453044
256   10652232
256   11385544
256   10950240
256   11050556
256   10115496
256   11361944
256   10851468
256   10550060
256   10871544
256   9418252
256   11230248
256   10808024
256   9981688
256   10950988
256   9737272
256   9429696
256   11430340
256   11079620
256   10889252
256   10379644
256   11073408
256   11289236
256   10900540
256   11319080
256   10903864
256   10119140
256   10635584
256   11201196
256   10170536
256   9727736
256   10426412
256   10310296
256   11516952
256   11314432
256   9843240
256   10982468
256   9676932
256   9449628
256   10969156
256   11325308
256   9312332
256   10002668
256   9693304
256   11468732
256   9637488
256   10488864
256   11278292
256   10486776
256   9770060
256   11518948
256   9730736
256   11334792
256   9866548
256   9492192
256   11292432
256   9489324
256   10644616
256   10836288
256   10095656
256   11407644
256   10870248
256   10970684
256   11264488
256   10109676
256   9733216
256   10989788
256   10459292
256   9684704
256   11329116
256   10450120
256   9734460
256   10533092
256   10219204
256   11072008
256   10452240
256   9192748
256   10977332
256   10573636
256   9954252
256   11366340
256   11038008
256   10149424
256   11063380
256   10285108
256   11624756
256   10147088
256   9974336
256   11350380
256   9891968
256   9478924
256   10631504
256   10849592
256   11475068
256   10888756
256   10866048
256   11030392
256   9639812
256   10008752
256   11501304
256   10624936
256   9838160
256   10634700
256   9613480
256   11085676
256   10087200
256   9118528
256   10966196
256   9570980
256   11356756
256   10696660
256   9417116
256   11111332
256   9980488
256   9648804
256   11348272
256   10480684
256   9333208
256   11294884
256   10367384
256   9892484
256   10357808
256   11124380
256   11479508
256   10891416
256   10001436
256   10845092
256   10831796
256   10215256
256   11193492
256   10074844
256   9509336
256   10734760
256   9314732
256   9496144
256   11097956
256   10911156
256   11076392
256   10303112
256   11482320
256   11508244
256   11063056
256   9641692
256   11287148
256   10632988
256   10562700
256   11061804
256   10798972
256   9947552
256   11047808
256   10160420
256   10937376
256   9911780
256   9935336
256   11216940
256   10292216
256   11029208
256   10768484
256   10753304
256   9514480
256   10457820
256   9516424
256   11223832
256   11182936
256   10584384
256   11237760
256   9759572
256   9368628
256   10422552
256   10090264
256   11175024
256   10662524
256   10039636
256   11130140
256   10097816
256   10608376
256   10432236
256   9814152
256   11040660
256   11460772
256   11475912
256   10684208
256   9393100
256   9163604
256   10785792
256   10195988
256   9334584
256   11026500
256   11034252
256   11398376
256   10596100
256   9592212
256   11686392
256   11359176
256   9314940
256   11091916
256   11123744
256   9158956
256   10975692
256   9727932
256   9446376
256   11135468
256   9531116
256   9720224
256   11104196
256   11456308
256   10997212
256   9715332
256   9464416
256   11643792
256   10982368
256   10236288
256   10866064
256   10453612
256   11215732
256   11749092
256   11301352
256   11264548
256   9539932
256   9391852
256   11672136
256   9834244
256   9727128
256   10209804
256   10707600
256   11583716
256   10577580
256   10242592
256   11623396
256   10656704
256   10419168
256   10667328
256   9655300
256   10767856
256   10874676
256   10987948
256   11562272
256   11183380
256   11303120
256   11413332
256   9896996
256   9836808
256   11160524
256   11213900
256   11501844
256   10829708
256   10012328
256   11119516
256   10677916
256   10017844
256   10806276
256   9729604
256   10215120
256   10219520
256   10632860
256   11078556
256   10956672
256   10825916
256   11151160
256   11122776
256   9784780
256   11098480
256   9994852
256   10403976
256   9373936
256   9093948
256   11334924
256   9444696
256   10248984
256   11187864
256   10559584
256   11446312
256   9482868
256   9462956
256   11350020
256   10429112
256   10955668
256   11307432
256   10249912
256   9007672
256   10620164
256   9438000
256   10944152
256   10159148
256   10628956
256   10060412
256   11159500
256   10818188
256   10370864
256   9197736
256   11529584
256   10682600
256   9796788
256   11704648
256   10003816
256   10369740
256   11029104
256   9701284
256   9860428
256   11099704
256   10710800
256   10015388
256   10792664
256   10838300
256   10893500
256   11232136
256   10908316
256   10864256
256   8847544
256   9742064
256   10956224
256   9729292
256   10598908
256   11200672
256   9925360
256   9648596
256   10411544
256   11467692
256   11294392
256   10829520
256   8876172
256   10917156
256   10272884
256   9108296
256   9981968
256   9803380
256   11211888
256   10048348
256   9124948
256   11307476
256   10187484
256   10003936
256   10751796
256   9360272
256   9757628
256   10312384
256   9444924
256   10982736
256   11173512
256   10768412
256   10965280
256   11054484
256   9402652
256   10911648
256   10224096
256   10536532
256   10609108
256   10923128
256   10556812
256   10702464
256   9570832
256   10863372
256   9343392
256   9630640
256   11448064
256   10144216
256   10919824
256   11589128
256   10149096
256   11089332
256   9854836
256   9122080
256   9260508
256   10624740
256   9522648
256   10913408
256   9268512
256   9600312
256   11361956
256   9906452
256   9399276
256   10598920
256   10548408
256   11094892
256   10438384
256   10973072
256   11405328
256   10287376
256   10205028
256   11122192
256   10913528
256   11220092
256   10716684
256   9116660
256   11395532
256   10802912
256   10886368
256   10911504
256   10547348
256   9060568
256   10886288
256   9615528
256   10983548
256   11402624
256   10312048
256   10695128
256   11504724
256   10892048
256   10721992
256   11057696
256   9202428
256   11605936
256   9291968
256   10707668
256   11566044
256   9578496
256   9722444
256   10365092
256   9738520
256   11238696
256   11013132
256   9161940
256   11522456
256   10503548
256   10647172
256   10964704
256   9727200
256   8850520
256   10106464
256   11221760
256   10877160
256   10982792
256   9360024
256   11528088
256   10054696
256   9500816
256   10354888
256   10286188
256   11400184
256   10980292
256   10994892
256   11225004
256   11046220
256   9739296
256   10527452
256   9299784
256   9237348
256   11290936
256   9897920
256   9368352
256   10713596
256   9402628
256   11287764
256   10146404
256   9589380
256   10911376
256   11142200
256   11319524
256   10518312
256   10728568
256   10386956
256   11468528
256   10113872
256   9967160
256   9912128
256   9689124
256   11369196
256   11030236
256   9705868
256   10932676
256   10182832
256   11042512
256   11596204
256   9191476
256   10264264
256   11354824
256   10398996
256   9798136
256   11337876
256   10592852
256   9373408
256   10131928
256   11108888
256   10981112
256   10024332
256   9789052
256   11232696
256   9768632
256   11419504
256   11179188
256   11026524
256   10570640
256   10805784
256   11029816
256   10749144
256   10196600
256   10610692
256   11011692
256   9315752
256   9301796
256   11051480
256   9263148
256   11108244
256   10779012
256   10472892
256   11095768
256   10781364
256   9253360
256   10974512
256   10424868
256   10243776
256   10958544
256   9066240
256   9562204
256   11108292
256   11159404
256   9010652
256   10455532
256   9888816
256   11290208
256   11214252
256   9347912
256   10507160
256   10213688
256   10789372
256   11403588
256   8893896
256   10729312
256   11136112
256   10773400
256   11070532
256   9986568
256   9421000
256   10959592
256   9574740
256   11487872
256   10954880
256   9438284
256   10059700
256   10705548
256   10798440
256   11590228
256   10600220
256   9972088
256   11029764
256   10005676
256   10258668
256   11190260
256   9661440
256   9605440
256   10428816
256   9857456
256   11218268
256   10596088
256   11372500
256   11619600
256   11654180
256   9578308
256   10475932
256   11282764
256   9957176
256   10771572
256   10346992
256   11511572
256   10905232
256   10986764
256   10509972
256   11070376
256   10079156
256   11360656
256   10827284
256   10500108
256   10225528
256   10754912
256   9807572
256   10331844
256   9886040
256   10807032
256   10464456
256   10950556
256   11136464
256   10449340
256   9604916
256   9809060
256   11166948
256   11100568
256   11035776
256   9447104
256   11270104
256   9612344
256   9724708
256   11046916
256   8509432
256   11691964
256   9962848
256   9593084
256   11399800
256   9053808
256   9665908
256   10382744
256   10593328
256   10448628
256   10495980
256   10110616
256   10823356
256   11359940
256   10225332
256   11039060
256   11217508
256   9036116
256   11865560
256   10522528
256   10016520
256   11025376
256   10823916
256   11467096
256   10882240
256   11019144
256   10925572
256   9412432
256   10931860
256   11357800
256   10530356
256   9139784
256   10919976
256   10389508
256   11020308
256   10208836
256   11238636
256   9632976
256   9975448
256   9546448
256   11327052
256   11254180
256   9723980
256   11334576
256   9891588
256   10625312
256   10884644
256   10723788
256   10840260
256   10190472
256   11068036
256   11179540
256   9789668
256   11461948
256   10702448
256   10722704
256   11847288
256   10314416
256   9882656
256   11163168
256   10220968
256   9475612
256   10475040
256   11224532
256   10347544
256   10417392
256   9083056
256   10950964
256   10411488
256   9688532
256   10527584
256   9869040
256   9903432
256   10611600
256   11331688
256   9273072
256   10698812
256   10322504
256   11148880
256   10105192
256   11172164
256   11141784
256   10201504
256   9641172
256   11128916
256   10258752
256   10924804
256   11259188
256   9883776
256   10945296
256   10861268
256   9260068
256   11611016
256   9865304
256   9646556
256   10328372
256   10973880
256   10390460
256   10701932
256   10477872
256   11512268
256   10542104
256   11276228
256   11176888
256   9675612
256   10139252
256   10454812
256   10676112
256   11268828
256   11075384
256   9224568
256   11009868
256   10115456
256   9763204
256   11528164
256   9356064
256   10597480
256   10881632
256   10387636
256   10903192
256   10119124
256   10884024
256   11046688
256   10975840
256   8971204
256   11624856
256   10285576
256   9346936
256   11079132
256   9444432
256   11338196
256   9990904
256   11329456
256   10431388
256   9986388
256   10864944
256   10831428
256   10491400
256   10021868
256   10821760
256   10793420
256   10946576
256   10124464
256   10944484
256   11679972
256   9978812
256   10687524
256   10405048
256   10438428
256   11625532
256   10685460
256   10318908
256   11732392
256   10777352
256   10754992
256   11103004
256   9996808
256   9282996
256   10690308
256   10374216
256   10228204
256   10926128
256   10857080
256   11039828
256   11582508
256   9449276
256   11037884
256   11280284
256   11079384
256   10665192
256   10972736
256   9271060
256   12174376
256   9547856
256   10721056
256   9551964
256   8597116
256   11320228
256   10902800
256   9608604
256   11312620
256   9600472
256   10887488
256   9728464
256   9673272
256   11249748
256   9598332
256   10491976
256   11031212
256   10200132
256   10257648
256   10342156
256   9843292
256   10886676
256   9794152
256   9246120
256   10756920
256   11016008
256   9456680
256   11206144
256   9589552
256   10604564
256   10156460
256   11248600
256   11266264
256   9056168
256   10964720
256   11074436
256   9548728
256   10841828
256   11124724
256   9233616
256   11210292
256   10878124
256   10323664
256   10847132
256   10463508
256   11307648
256   11330344
256   9639368
256   10189692
256   10933148
256   9722468
256   9417144
256   10700316
256   10984176
256   10124348
256   11807256
256   11174136
256   10904684
256   10594952
256   9120304
256   11061924
256   9924052
256   9590324
256   10742892
256   9223764
256   9493952
256   10420056
256   10956816
256   10132168
256   10691800
256   11166800
256   11093300
256   11235680
256   9027948
256   10935484
256   9467948
256   9551760
256   10991516
256   9585636
256   9663768
256   10638820
256   10572536
256   10830224
256   9104496
256   10669448
256   11489880
256   9176888
256   11108444
256   10624440
256   11019960
256   10898000
256   10712720
256   10639376
256   11126912
256   10156416
256   9888452
256   11571216
256   10278176
256   9444908
256   11037152
256   10161584
256   10517972
256   11170832
256   11289384
256   11392768
256   10336504
256   11264900
256   11219332
256   10964748
256   11411660
256   11335876
256   9730000
256   10402356
256   11981364
256   10921756
256   9375300
256   10207476
256   10242792
256   10781924
256   11334288
256   10712008
256   11619276
256   10642284
256   9226972
256   11363128
256   10659268
256   11015416
256   11020044
256   9650736
256   9424276
256   10861232
256   9579540
256   11365208
256   11241424
256   9471668
256   10241012
256   10152696
256   10811380
256   10542136
256   10015108
256   11336120
256   9894168
256   9346180
256   11145200
256   10300940
256   11020900
256   10503396
256   10361424
256   11108696
256   10177180
256   11254536
256   11393328
256   9275444
256   10277832
256   10716144
256   9446944
256   9998548
256   11163976
256   9678000
256   11520888
256   10282008
256   10826324
256   11432836
256   10584284
256   9272336
256   9998740
256   10758176
256   10201236
256   10597416
256   10799696
256   10993192
256   10930260
256   9401056
256   10940892
256   11094920
256   9330732
256   10077500
256   9727100
256   10985468
256   11156776
256   10261984
256   10750128
256   10965300
256   9266996
256   11248088
256   9814032
256   10768312
256   10452124
256   9893196
256   11148124
256   11171648
256   8948552
256   11134144
256   11495136
256   9418816
256   11215320
256   9759400
256   10198760
256   10437128
256   10161540
256   11203328
256   10554940
256   10537420
256   10885008
256   10480568
256   9903044
256   11406116
256   10535524
256   9373260
256   10767080
256   10859512
256   10594776
256   11092784
256   10541484
256   11752860
256   11146420
256   8880532
256   11207252
256   10497640
256   9460672
256   11057076
256   9099556
256   9890668
256   11403448
256   9934404
256   11218048
256   9407680
256   9474552
256   11079628
256   10827364
256   9631656
256   9893960
256   10995620
256   10100188
256   10615756
256   9931584
256   10814872
256   10452500
256   9756860
256   10613536
256   9551796
256   9704836
256   11130972
256   10064240
256   10829852
256   10437268
256   9710280
256   11345952
256   10639716
256   9241484
256   11339916
256   9577920
256   9076568
256   11110580
256   9144756
256   11447672
256   11272940
256   10206940
256   10967088
256   10144952
256   9529216
256   11085664
256   10154472
256   9221456
256   11613176
256   9362592
256   9588588
256   11235632
256   9974072
256   9735576
256   10172432
256   10349676
256   9151072
256   10089396
256   9774444
256   11265528
256   11262840
256   11185476
256   11005640
256   10368904
256   9925324
256   11322672
256   9595348
256   9695304
256   11186188
256   9309200
256   10246764
256   11212252
256   10612704
256   11394340
256   9691196
256   10236832
256   10722552
256   9695928
256   10764976
256   11204116
256   10442264
256   10470980
256   10973416
256   10370188
256   10172636
256   10842112
256   9947464
256   11190028
256   10397440
256   11149092
256   11322700
256   9898948
256   9297188
256   10409500
256   10962928
256   10898840
256   11081332
256   9941052
256   11049012
256   9567808
256   9778064
256   11287568
256   10721996
256   9595156
256   10995684
256   10909340
256   11023620
256   10189892
256   9925316
256   11351532
256   10555592
256   10103268
256   11127460
256   10511404
256   10098892
256   10186952
256   9624640
256   11703876
256   10979392
256   9306008
256   11503356
256   10708280
256   10539096
256   11426908
256   9711204
256   10783900
256   10055612
256   10166400
256   11112980
256   11286160
256   10030308
256   11896572
256   10983500
256   10783564
256   11422392
256   9790240
256   9283712
256   10125256
256   9519528
256   11007280
256   10533468
256   9661080
256   11786800
256   9658344
256   10694136
256   11239040
256   10487132
256   10358824
256   11598796
256   9886436
256   11194288
256   9945608
256   10111708
256   11423900
256   9876808
256   10191568
256   10807184
256   10066756
256   11315516
256   11295396
256   10825404
256   11141628
256   9577120
256   9765832
256   11383544
256   10938192
256   11067612
256   10505756
256   10042852
256   11373552
256   11501352
256   10530868
256   11681804
256   11098620
256   9664176
256   10368496
256   11103084
256   10872584
256   10502852
256   9646008
256   11339568
256   9922616
256   10705836
256   11438276
256   10214908
256   10391484
256   10801464
256   10399540
256   11298728
256   10714284
256   10108464
256   11774452
256   8854100
256   10566348
256   11545876
256   9989572
256   11189344
256   9893064
256   10394872
256   11249420
256   9413804
256   11277436
256   10789848
256   9288388
256   11318120
256   10675604
256   10283032
256   11207944
256   11055240
256   9223484
256   10775476
256   9720712
256   10367600
256   11120112
256   10378588
256   10729492
256   9422456
256   9799328
256   11254336
256   10580856
256   10338512
256   9785864
256   11042528
256   11213880
256   10582032
256   10755256
256   11365324
256   9932608
256   9394392
256   10405176
256   9234244
256   11449660
256   10451704
256   9244680
256   11068072
256   10502008
256   9692936
256   11121716
256   9963512
256   10503688
256   10462856
256   9529556
256   9422044
256   10421908
256   11295832
256   11041200
256   11197880
256   11082788
256   11529628
256   10757532
256   9249076
256   10026044
256   10814400
256   9922184
256   10251268
256   9452184
256   10435768
256   10687724
256   9605432
256   11159936
256   10235760
256   10788128
256   11261228
256   11183656
256   10176892
256   10358028
256   9675572
256   9313412
256   10295764
256   10683612
256   11111408
256   10470224
256   10344432
256   11183128
256   9185476
256   9306808
256   11033568
256   10772396
256   11383176
256   10479524
256   10162972
256   11412076
256   11377084
256   9241544
256   11019640
256   9481128
256   10582916
256   11231032
256   9920016
256   11246744
256   9758476
256   9461876
256   11213860
256   10775836
256   10885376
256   11023772
256   10830264
256   10367880
256   10156456
256   10492528
256   9532672
256   11251472
256   11115196
256   11540012
256   10796476
256   11139832
256   11304092
256   9271064
256   10760792
256   10950580
256   10503680
256   10480984
256   10373748
256   10967956
256   10818088
256   11303724
256   11868316
256   12277052
256   11255524
256   10816956
256   11358024
256   11647656
256   11497160
256   11448332
256   15602076

