8   485828
55   2051800
256   8475068
256   8913932
256   8638420
193   6840932
256   8821756
256   8672328
256   8354796
256   8570592
256   8345340
256   8016324
256   8549504
256   8559508
256   8284772
256   8433660
256   8466504
256   8588564
256   8381412
256   8641716
256   8896604
256   8567792
256   9074008
256   8691572
256   8773212
256   8726372
256   9035380
256   8463648
256   8049304
256   8604868
256   8187996
256   8371428
256   8441120
256   8842148
256   8354176
256   10346692
256   10077432
256   9206876
256   10435860
256   10422688
256   10632120
256   8755032
256   10249492
256   11030920
256   9966412
256   9764772
256   10724840
256   8828640
256   9788568
256   11045856
256   9982424
256   10644420
256   8669756
256   11017808
256   9479872
256   8946496
256   11015940
256   11269980
256   9044424
256   8866824
256   10874500
256   9439300
256   10226908
256   10894412
256   9090412
256   8903980
256   11436516
256   9349072
256   8610488
256   10679464
256   10424948
256   8530740
256   10680680
256   8951004
256   10403488
256   10681116
256   10875860
256   9275928
256   11325324
256   8749720
256   11084376
256   10705032
256   10789740
256   8986528
256   10672904
256   9959568
256   8830456
256   10513708
256   11122324
256   10401372
256   11282984
256   9244272
256   9362144
256   10594188
256   8623908
256   10375732
256   10208716
256   9491476
256   8733696
256   11238588
256   10909700
256   9080388
256   10896468
256   9439772
256   8913460
256   10636824
256   10517016
256   9870476
256   9935932
256   10142988
256   9872932
256   9923856
256   11130356
256   8987564
256   10685868
256   9799196
256   10355584
256   10475004
256   10962472
256   10528456
256   9629360
256   9673668
256   11229344
256   9960180
256   9249368
256   10467132
256   10034504
256   9640508
256   10807760
256   10751048
256   8999820
256   10615792
256   10526016
256   9490704
256   11154100
256   10250768
256   9823164
256   10816032
256   9862544
256   10015048
256   11039020
256   9912396
256   9446104
256   10891524
256   10422812
256   9274708
256   10670384
256   9713748
256   8777524
256   10904752
256   10750400
256   8536164
256   10820480
256   9591292
256   9278360
256   10627956
256   10042260
256   8724340
256   10272440
256   10492692
256   10565808
256   10117356
256   10885608
256   10158020
256   9934156
256   9340892
256   9814848
256   10553824
256   9029176
256   9215408
256   10049028
256   10985384
256   11120964
256   10419656
256   10008392
256   9977392
256   10466548
256   8392784
256   10060940
256   10312932
256   9290448
256   10450080
256   9810996
256   9298308
256   9774636
256   10640012
256   9304368
256   9063988
256   10203528
256   10155384
256   10911556
256   10166028
256   10764952
256   10794832
256   10775952
256   9735212
256   8952300
256   10212396
256   10045004
256   11033448
256   10556392
256   9739960
256   11487024
256   10213140
256   10810436
256   10835876
256   10220628
256   9245332
256   10971756
256   9993120
256   10795304
256   10794164
256   10129420
256   10262648
256   10929248
256   10034008
256   10742736
256   10856252
256   9692696
256   9878376
256   10788236
256   10606392
256   8940436
256   10870224
256   8748480
256   10457260
256   10358084
256   9807024
256   10955280
256   10490192
256   9240848
256   10885524
256   9914452
256   10533076
256   10571292
256   10418596
256   10385108
256   10757436
256   9788152
256   10852584
256   9565404
256   10739572
256   10383276
256   9159880
256   10907480
256   10415388
256   9543332
256   10991376
256   8879724
256   8930636
256   10645608
256   9022568
256   9174532
256   10593616
256   10389060
256   10233868
256   10385264
256   10283492
256   9108412
256   10683628
256   10678464
256   8794060
256   11126144
256   9737344
256   9392608
256   10192036
256   9948452
256   9379556
256   10402804
256   10644980
256   9364416
256   10037328
256   9599552
256   10394760
256   10498600
256   10682272
256   10988100
256   10931936
256   10431264
256   11071268
256   10912044
256   10160260
256   11251632
256   10692524
256   10003540
256   11087508
256   9253776
256   8862876
256   9650676
256   9550088
256   9362152
256   9939696
256   9159592
256   8968036
256   10976172
256   10177320
256   10686476
256   10860104
256   9170876
256   10977356
256   10378516
256   10235424
256   10944672
256   10345416
256   8998016
256   9622096
256   10601268
256   10723708
256   10233724
256   8534548
256   11671720
256   9851908
256   9431752
256   10618972
256   10585928
256   9588660
256   10148180
256   10091624
256   9567324
256   11237500
256   9405808
256   8883440
256   10404276
256   9464192
256   10847720
256   9811792
256   9755956
256   11213976
256   10209020
256   8668792
256   10653296
256   9957600
256   11150104
256   10067288
256   10415480
256   10784648
256   8844672
256   10025668
256   11678936
256   9592496
256   9542656
256   10844828
256   10304044
256   9827652
256   11217328
256   8892384
256   8691148
256   10570936
256   8513784
256   8902952
256   10588692
256   10593488
256   10042184
256   10971512
256   10438360
256   10529140
256   10579896
256   9140040
256   10360740
256   8985036
256   9980872
256   10256692
256   9309268
256   9567756
256   10450852
256   10028592
256   11016036
256   10586872
256   9735740
256   11236528
256   10175272
256   9405196
256   10990148
256   9679964
256   10540376
256   10335316
256   10085740
256   9860352
256   11271520
256   9398276
256   9350724
256   10525408
256   9707460
256   11525284
256   10772468
256   9045236
256   10444780
256   9258148
256   9521332
256   10937260
256   10473688
256   9080672
256   10709696
256   8861188
256   9749684
256   10143600
256   8613156
256   10903492
256   11252744
256   10234292
256   10637928
256   9350128
256   9340692
256   10711860
256   8922912
256   9733624
256   9571932
256   9709088
256   10264936
256   10584660
256   10410540
256   10675060
256   9390472
256   10365288
256   10743660
256   10101952
256   9336744
256   10562872
256   10264008
256   10295800
256   11198228
256   9009304
256   9091116
256   10312884
256   10245112
256   10669900
256   11020580
256   10665928
256   10655184
256   10258732
256   10456416
256   10346512
256   9965556
256   9139256
256   10105328
256   9627772
256   9835352
256   11073708
256   10265524
256   11171344
256   10206412
256   9502564
256   11233340
256   10433664
256   9461964
256   10904740
256   10604536
256   10130104
256   10596460
256   9651052
256   9640216
256   10656956
256   9096856
256   11051892
256   11081160
256   8902504
256   10501124
256   9964528
256   8698988
256   10049224
256   9402116
256   10505380
256   10729168
256   9208692
256   9982896
256   11102304
256   9415772
256   10756008
256   11072064
256   10200604
256   11026680
256   8888488
256   9518072
256   10014396
256   9670960
256   11045744
256   10216736
256   9154156
256   11058944
256   9885644
256   11073392
256   10933724
256   9870044
256   9071940
256   10669968
256   10556276
256   9997200
256   10489948
256   9787984
256   9724516
256   9726504
256   11142216
256   10266140
256   9707120
256   10527408
256   10795004
256   10436740
256   9259992
256   10578512
256   10506044
256   9043184
256   10088684
256   10278312
256   9789004
256   10806808
256   9106200
256   10884808
256   10164456
256   9467568
256   11189076
256   9365520
256   9539560
256   9641688
256   9029428
256   10780820
256   10161244
256   9686996
256   10541272
256   10025112
256   9832688
256   10571596
256   9283356
256   9177028
256   11165188
256   9523040
256   8746188
256   11051028
256   9101040
256   9894984
256   10836348
256   9028996
256   10996004
256   9442344
256   8787244
256   11055200
256   9537480
256   10465776
256   10727560
256   9238176
256   10191036
256   10745728
256   9399376
256   10025800
256   10220040
256   9135804
256   10445640
256   10737860
256   11259440
256   10802136
256   9702752
256   8911972
256   10713392
256   10572952
256   10867652
256   10479068
256   9801560
256   8876116
256   10189684
256   9545492
256   9162272
256   10655460
256   9434212
256   10895832
256   10672928
256   10329004
256   10851884
256   10768100
256   9919104
256   11318080
256   9859800
256   9752392
256   10951080
256   9458596
256   9134764
256   10628216
256   9673024
256   10801616
256   9643948
256   10306368
256   10868880
256   9206340
256   10410724
256   10563240
256   8914196
256   8750740
256   9908616
256   10959512
256   9532476
256   9814068
256   10998372
256   10632740
256   10279984
256   9047060
256   10431960
256   9789448
256   9492796
256   10738884
256   9650432
256   11252208
256   9800964
256   10305956
256   11038956
256   10455072
256   10192420
256   10949812
256   11066344
256   9226368
256   9696496
256   9735116
256   9209844
256   11273624
256   9636736
256   9912296
256   10827884
256   9475196
256   10979508
256   10278680
256   10549068
256   10812408
256   9253396
256   10679940
256   11115100
256   9109808
256   10180324
256   9942748
256   9991792
256   10614688
256   10471436
256   10519600
256   11259508
256   9917584
256   8190284
256   9842532
256   10340776
256   9771236
256   10037592
256   9758160
256   10553620
256   10044140
256   9974384
256   10768640
256   10141996
256   10840116
256   10669600
256   10771984
256   9804076
256   10217904
256   9490556
256   11048032
256   10006228
256   9119296
256   10528160
256   10050248
256   9069212
256   10433568
256   9460204
256   9540432
256   10979284
256   10876064
256   10401192
256   10423268
256   10742076
256   9209112
256   9933364
256   9758136
256   10774800
256   10353224
256   10281868
256   10949620
256   8879396
256   9857728
256   10149956
256   9605744
256   10985304
256   10689260
256   9186376
256   10551524
256   10290936
256   9035152
256   10990604
256   9481456
256   9377868
256   10592024
256   9874024
256   8817880
256   10755972
256   10049156
256   10830756
256   10513808
256   9816516
256   10701144
256   8683696
256   9962252
256   11221648
256   10403324
256   9100576
256   9947264
256   9485536
256   9469220
256   11187732
256   9799176
256   10847008
256   9136924
256   9153324
256   10706584
256   10160016
256   9366932
256   10532028
256   10738272
256   9191072
256   10426900
256   10626708
256   10101692
256   9652072
256   9809072
256   11226232
256   10192784
256   10831232
256   10525180
256   9379336
256   9579244
256   11162848
256   8887628
256   9514948
256   10478040
256   10493748
256   10683100
256   10252604
256   8989292
256   10540568
256   10622424
256   11064104
256   11488424
256   9946004
256   9154644
256   10477204
256   10020248
256   10798032
256   9700052
256   9336400
256   9028432
256   10310044
256   10513188
256   10558752
256   10032720
256   9708496
256   10697732
256   9127172
256   8819268
256   10911732
256   11212908
256   9175748
256   10405212
256   8491824
256   10524240
256   10387568
256   10732236
256   10531772
256   10265472
256   9615376
256   9955928
256   9414532
256   9075460
256   10516496
256   10924196
256   11060184
256   9963236
256   9367832
256   10310360
256   9173968
256   10067752
256   11531916
256   10278952
256   10983780
256   10922304
256   10856548
256   9315476
256   10138244
256   9762704
256   9537424
256   10487708
256   10745064
256   8258604
256   10581388
256   10075484
256   10208936
256   10471552
256   8632144
256   10883884
256   10767444
256   9491236
256   10784760
256   9321108
256   9257024
256   11040080
256   11156620
256   9525244
256   10924640
256   10308816
256   10596024
256   10196844
256   9849748
256   10830624
256   9166480
256   11885160
256   10656212
256   10809140
256   9703684
256   9182828
256   10127404
256   8934512
256   9980776
256   10823468
256   10922544
256   9845464
256   10143360
256   10926308
256   9919612
256   8977876
256   11101884
256   10563568
256   9293324
256   9983056
256   10539432
256   10726588
256   10606796
256   10999148
256   10991004
256   9587676
256   9856004
256   9624524
256   10617332
256   10717500
256   10678432
256   9207580
256   9905004
256   9910148
256   9401860
256   10512232
256   10731844
256   10540636
256   11311628
256   9744216
256   10604448
256   9796116
256   9813484
256   10942924
256   10143336
256   10789936
256   11062132
256   9674976
256   9133112
256   11011988
256   9611272
256   10764108
256   11056584
256   10161808
256   11105916
256   10933380
256   8704776
256   10899520
256   8748316
256   10060404
256   10629712
256   9677472
256   9922368
256   9912248
256   9131428
256   10275636
256   10901020
256   11072288
256   11231728
256   10553024
256   9055120
256   10577860
256   9424512
256   10309172
256   9843248
256   9322864
256   10289688
256   10574564
256   10026072
256   10443812
256   9233208
256   8823536
256   11107584
256   10651888
256   9139944
256   10714016
256   9199780
256   9573900
256   10908928
256   9752688
256   10817528
256   9807400
256   11083540
256   10652584
256   9254940
256   9434036
256   10732572
256   10694840
256   9899340
256   9802328
256   10914496
256   10593356
256   10289484
256   10896156
256   10773632
256   10098588
256   9009376
256   10927056
256   8824196
256   8957160
256   9178352
256   9494488
256   8580732
256   10209080
256   9166184
256   10772592
256   10621180
256   8988384
256   10936224
256   11168972
256   10848776
256   11082456
256   8790796
256   10090788
256   10042740
256   9914556
256   10958440
256   11363648
256   10578640
256   11100332
256   10369844
256   9955952
256   10962816
256   10443924
256   8999364
256   11055600
256   10303476
256   10550260
256   11386444
256   9765488
256   8856664
256   8983396
256   9366488
256   9387368
256   9947652
256   10268828
256   11014236
256   9717188
256   10452780
256   11208984
256   9291272
256   9626352
256   10689092
256   9383364
256   10756696
256   10731452
256   9737340
256   10952756
256   10660528
256   9940300
256   11024376
256   10173236
256   8995188
256   10498516
256   9476480
256   10633364
256   10698832
256   10186580
256   10867292
256   10883512
256   10098132
256   11016028
256   10782648
256   8824016
256   10447296
256   9814380
256   9156308
256   10433804
256   10820844
256   10237644
256   10704152
256   9197344
256   10909968
256   10915864
256   8961340
256   10127408
256   9160900
256   10056604
256   10693372
256   9715568
256   10381796
256   10858552
256   10148744
256   10739568
256   10869300
256   10363176
256   10046744
256   10916600
256   10792768
256   10861040
256   10063760
256   11324536
256   9138864
256   8534356
256   11165272
256   9617752
256   10648724
256   11474044
256   10488632
256   9269636
256   10488892
256   9660112
256   9318772
256   10166916
256   10757104
256   10559660
256   10695112
256   9392684
256   10674764
256   10931056
256   9283216
256   10861228
256   9864072
256   10639560
256   11148832
256   8689640
256   10755284
256   8969512
256   8301404
256   11237748
256   10837956
256   9028652
256   10052424
256   10805972
256   10533212
256   10545664
256   9656168
256   10607892
256   10276652
256   9652616
256   11514376
256   10227636
256   9017448
256   10063852
256   9740720
256   10637520
256   9995156
256   9924640
256   10832144
256   10318416
256   9233064
256   11045908
256   9390228
256   9024184
256   10874240
256   9513248
256   9344600
256   9587720
256   10855084
256   10837628
256   10933856
256   9064032
256   10276772
256   11175012
256   9136660
256   10478132
256   10195244
256   9155308
256   10210144
256   11027896
256   9824500
256   10271536
256   10440168
256   10527692
256   9731444
256   9679992
256   11200836
256   10430496
256   9929852
256   11061324
256   9690552
256   9437644
256   10817036
256   10261216
256   10880784
256   10821192
256   8723900
256   9623144
256   9666780
256   10862016
256   10436824
256   10767232
256   10671652
256   10328208
256   10781476
256   9112768
256   10476048
256   10461960
256   10217612
256   11062928
256   9761240
256   9032356
256   10272876
256   10345724
256   10514708
256   10914316
256   10681308
256   11217512
256   10622740
256   10780576
256   9357652
256   9466956
256   9175516
256   10374196
256   10630664
256   11121532
256   10580248
256   10924676
256   11069380
256   10006628
256   9242284
256   10843524
256   10272580
256   9988896
256   10827168
256   11083508
256   10461556
256   10265624
256   9173264
256   10656936
256   10797284
256   9729804
256   10432240
256   8588340
256   11156984
256   10101944
256   8991156
256   10561116
256   11117956
256   9691780
256   10637620
256   8967604
256   9684616
256   10586872
256   8866696
256   10732840
256   10254532
256   10604992
256   10951416
256   10980132
256   10137800
256   9628740
256   10852400
256   10064704
256   10408316
256   10654208
256   10575764
256   9897076
256   10916068
256   11374108
256   10083608
256   9997864
256   10583896
256   10775796
256   9044760
256   10062412
256   10028172
256   9652108
256   10615712
256   9057656
256   10013496
256   9871884
256   10356304
256   10745916
256   10474516
256   10349160
256   9472812
256   10910060
256   10086292
256   10386656
256   9530040
256   10184240
256   9082832
256   9221628
256   11041356
256   11073424
256   10138548
256   9830816
256   10409892
256   11064556
256   10848068
256   10304236
256   11070548
256   9580336
256   9776188
256   10576852
256   8736124
256   10016780
256   10166472
256   10342404
256   10214044
256   10480520
256   10295652
256   10458244
256   9737648
256   8743948
256   10788456
256   9507248
256   10738976
256   10734892
256   10138376
256   10628924
256   10606524
256   10072936
256   10224124
256   10554628
256   9175324
256   10845788
256   9249608
256   9415144
256   11025628
256   10876492
256   9703420
256   10381076
256   9561568
256   10342792
256   10662376
256   10540400
256   10664400
256   10112928
256   9568356
256   10532152
256   10351140
256   10472428
256   11122412
256   9343964
256   10627716
256   10857336
256   9073260
256   10431900
256   10607636
256   8546360
256   11045048
256   10317904
256   8958748
256   10946268
256   10316692
256   10137172
256   10663164
256   9293360
256   9223968
256   10234248
256   10775160
256   10604092
256   9343836
256   9435256
256   11041424
256   10184276
256   10401248
256   9408376
256   10438052
256   10439256
256   9650544
256   10026596
256   10516548
256   10865192
256   9072856
256   11427132
256   10901608
256   10463232
256   11146504
256   10862488
256   10109596
256   9982960
256   9674132
256   11011924
256   9918788
256   10596936
256   10743564
256   9625888
256   9147564
256   10740328
256   10253788
256   10673856
256   9865416
256   10482128
256   10386092
256   10415652
256   10715400
256   10488296
256   10056300
256   9257288
256   10843216
256   9883584
256   10197148
256   10001892
256   9452736
256   9922812
256   10608268
256   9082056
256   10974964
256   9872272
256   11135644
256   9411976
256   10692392
256   9404016
256   10517672
256   9261544
256   10954876
256   10541892
256   9122408
256   10614896
256   9839668
256   9868060
256   9838636
256   10503396
256   10668756
256   10758128
256   9779852
256   10678552
256   10146868
256   10547012
256   11134744
256   10051112
256   8312444
256   10982636
256   9207616
256   8961276
256   9665884
256   9328676
256   9514856
256   10377436
256   10696852
256   10686312
256   10838708
256   8975924
256   10617444
256   10235288
256   9259648
256   9957804
256   10638248
256   10493796
256   9618612
256   8722116
256   11265256
256   10949088
256   10111584
256   10469756
256   9561700
256   10193048
256   10608356
256   10385340
256   9595444
256   10821416
256   8743908
256   8825596
256   10941952
256   9885736
256   10238112
256   10154248
256   11045576
256   10665860
256   10249396
256   10215500
256   10866740
256   10840124
256   9365456
256   10316564
256   10638792
256   10009892
256   10531332
256   9608960
256   11086928
256   10981208
256   9570164
256   11381024
256   9865720
256   11026824
256   11065768
256   9229536
256   8956480
256   10819512
256   10042188
256   8833296
256   9846348
256   10038484
256   11813456
256   9878704
256   9383368
256   11085884
256   10422860
256   10680244
256   11204960
256   9251104
256   8623892
256   10308872
256   10079764
256   10667172
256   11002764
256   8652336
256   10837764
256   10812504
256   9599268
256   10014728
256   10114908
256   10716136
256   10296532
256   10053492
256   11117836
256   11202748
256   11439248
256   10513272
256   10356960
256   9159936
256   11286904
256   8887796
256   9137732
256   10696848
256   10953048
256   11069508
256   10149316
256   10945768
256   10322928
256   10084440
256   9301716
256   10591780
256   9356840
256   10088620
256   9568344
256   9563020
256   10829780
256   9932280
256   8620680
256   10364068
256   10727572
256   9624036
256   10752204
256   10836108
256   8991932
256   10823252
256   10367140
256   9895580
256   11159968
256   9833884
256   10522276
256   10496912
256   9510788
256   11017544
256   9597556
256   9219888
256   10739664
256   10737564
256   10112080
256   10620240
256   9985884
256   9524412
256   10639864
256   10484064
256   9276272
256   10666324
256   9706312
256   11190968
256   9929632
256   10746820
256   11092632
256   10577924
256   9405188
256   10710000
256   8839560
256   8962676
256   10558516
256   9635880
256   11122856
256   9027708
256   9073700
256   10729916
256   9005336
256   9657408
256   11457424
256   9538768
256   10809444
256   10945952
256   11097768
256   11468480
256   10329304
256   9339600
256   10733644
256   11017720
256   10501040
256   10907196
256   10802288
256   10225856
256   10077464
256   9070480
256   11143044
256   10765460
256   9652844
256   11313268
256   9606720
256   10368412
256   11580476
256   10126568
256   9873656
256   10855368
256   9662396
256   9336836
256   9903284
256   8922300
256   10986524
256   9980820
256   9479688
256   10477608
256   10756232
256   9541148
256   9048392
256   10787148
256   10708844
256   10901792
256   9588064
256   11234468
256   9260916
256   8376056
256   10898348
256   9346856
256   9086532
256   10818424
256   9854888
256   10916028
256   9048040
256   9822444
256   10563176
256   9996816
256   8643880
256   10763732
256   8799620
256   8837484
256   10455940
256   9503144
256   10822672
256   11216460
256   9220632
256   11447032
256   10746152
256   8396080
256   10935668
256   9352056
256   10017744
256   12030792
256   10634340
256   8892228
256   10674500
256   9529184
256   10755200
256   10317156
256   9477836
256   10918040
256   9691820
256   9193996
256   10537304
256   10272680
256   10025788
256   10606472
256   10705720
256   9629764
256   10832800
256   10761956
256   10095180
256   10494512
256   10328540
256   8914592
256   9668244
256   9652292
256   10918704
256   9828412
256   11080500
256   10547652
256   9713928
256   9101124
256   9982604
256   9003884
256   9142452
256   10358356
256   9183136
256   10564136
256   10491220
256   8594756
256   10755936
256   9956156
256   9915852
256   10614756
256   10318300
256   9858400
256   10633452
256   9978356
256   11233564
256   8881320
256   10423568
256   11019680
256   9332368
256   9640432
256   10904124
256   10419072
256   9382488
256   10923832
256   10637676
256   9063920
256   10824480
256   10884812
256   9142724
256   10086676
256   9092460
256   9394240
256   10822960
256   8780684
256   10781624
256   11145424
256   10062152
256   10502056
256   10128872
256   9733804
256   10275884
256   11607708
256   8853760
256   9478536
256   10598544
256   10881408
256   11412700
256   10445564
256   11338940
256   10838940
256   9396556
256   10448472
256   9305832
256   9686676
256   10249900
256   10491420
256   8688648
256   10376376
256   10762596
256   9013308
256   10794584
256   10112896
256   10875704
256   10334400
256   10614796
256   10671904
256   9631520
256   10409036
256   10483008
256   8627640
256   9849000
256   10736416
256   9696704
256   11303732
256   10731000
256   10727892
256   10358284
256   9522640
256   10103084
256   10519280
256   10336468
256   10815728
256   10225308
256   10631908
256   10619600
256   10868180
256   10053016
256   10465964
256   10045468
256   10134260
256   10419540
256   9347856
256   10952168
256   9953948
256   11684520
256   10817356
256   10868264
256   8968300
256   11004220
256   10196836
256   9672536
256   10624184
256   9125176
256   10507908
256   10700252
256   9304024
256   10784128
256   9997644
256   9300696
256   9399116
256   10275332
256   11060004
256   10075340
256   10293220
256   10796444
256   9664296
256   8753004
256   10780004
256   10405644
256   10613384
256   10472092
256   8779292
256   11477512
256   10338176
256   8855092
256   10609112
256   9424464
256   11140956
256   11121336
256   9701476
256   9179520
256   10590196
256   9398812
256   10449176
256   9700584
256   10570236
256   10363660
256   9013656
256   8811584
256   11318372
256   8973732
256   8977408
256   10986160
256   9915952
256   9062496
256   10380584
256   10054200
256   10635776
256   10328320
256   9263432
256   11668364
256   10375392
256   9129600
256   10997844
256   10349872
256   8616520
256   10243988
256   9339268
256   10333584
256   10702792
256   11033048
256   11271644
256   9756764
256   8245604
256   10673636
256   9486256
256   9750800
256   11365360
256   10241524
256   9594480
256   11004644
256   9734796
256   9531404
256   10548816
256   10719392
256   9375612
256   9997140
256   10726976
256   10432964
256   9407612
256   9709152
256   10798804
256   10763172
256   11116512
256   10651620
256   9390316
256   10236172
256   10195064
256   10428612
256   10840072
256   10711800
256   10769016
256   10719760
256   9413012
256   9095168
256   10772484
256   9676524
256   9849280
256   10542220
256   10591796
256   10486924
256   9785120
256   9353932
256   10856496
256   9062028
256   9776400
256   10938140
256   10064008
256   10434652
256   10098996
256   10181576
256   10715816
256   10579100
256   9045312
256   11013732
256   10619432
256   8926728
256   10784984
256   10693948
256   9256720
256   11016168
256   9642812
256   10118064
256   10385568
256   9886404
256   10887720
256   10466892
256   10125992
256   10622060
256   9757888
256   8830808
256   10662652
256   10388716
256   8929572
256   10178936
256   9480452
256   10591904
256   10386052
256   9157904
256   10659076
256   9604904
256   9035172
256   10740144
256   8905656
256   8692356
256   10358004
256   11011368
256   10415820
256   10459500
256   8819008
256   10485716
256   9214808
256   10761608
256   10561492
256   10183608
256   9308116
256   11155576
256   10685948
256   9054380
256   10258568
256   10649812
256   10825132
256   10585248
256   10680160
256   10748980
256   10223968
256   9426076
256   10879656
256   10300472
256   9502780
256   10707168
256   10567596
256   8835288
256   11094800
256   10290600
256   8755192
256   9640408
256   9242992
256   9541952
256   10121412
256   9388500
256   10221548
256   10501644
256   10034604
256   11268820
256   10968132
256   9232080
256   10480368
256   10755100
256   10370728
256   10797208
256   10010544
256   10898568
256   10891008
256   9080640
256   11014008
256   10755396
256   9164576
256   9954092
256   10121220
256   10844896
256   10499772
256   9227400
256   10746008
256   10300864
256   10393388
256   10515648
256   10229208
256   8674620
256   10814600
256   10548508
256   9404136
256   10995860
256   8770832
256   10224072
256   9764944
256   10285132
256   10802132
256   10006576
256   10201352
256   10646784
256   9535776
256   8195168
256   8963864
256   10011568
256   10050952
256   10310768
256   9115616
256   10742852
256   10476832
256   9190380
256   11092200
256   10259736
256   10837680
256   10959788
256   10344668
256   10868220
256   10763172
256   9710560
256   10661616
256   10719404
256   9547332
256   10938168
256   9723500
256   8864116
256   10742568
256   10193484
256   9357128
256   11149984
256   10605924
256   8752036
256   10787884
256   9658412
256   9141008
256   10351760
256   9433708
256   11478232
256   9632764
256   9664872
256   10853560
256   9348728
256   8659572
256   10584140
256   10818836
256   10739096
256   10413200
256   8801044
256   11149944
256   9629624
256   9468880
256   10670920
256   9432788
256   9725172
256   9628628
256   10605904
256   11182084
256   10796088
256   8729412
256   11201052
256   10143288
256   10697428
256   10719740
256   10577704
256   8457436
256   10734184
256   11224244
256   10487240
256   11092096
256   9758956
256   10937484
256   9810376
256   9069852
256   10637004
256   10557804
256   9359672
256   10451124
256   10089648
256   8705940
256   10843172
256   10038588
256   10395900
256   10290776
256   9441136
256   10731076
256   10560756
256   8944088
256   10868256
256   10306112
256   9531408
256   10621572
256   9118256
256   10914172
256   10060632
256   10665660
256   10395484
256   10506488
256   10335740
256   10738772
256   9536748
256   10562344
256   11131728
256   9182000
256   9564036
256   10235760
256   9622336
256   11284304
256   10051280
256   10012616
256   11333780
256   10125436
256   9139892
256   10943432
256   10670892
256   9360516
256   10768844
256   10265004
256   10071424
256   10704080
256   9072476
256   10723732
256   10762912
256   10220884
256   10706200
256   9794484
256   9654992
256   10742996
256   9690152
256   9446092
256   10969004
256   9926132
256   9610716
256   10619008
256   10714100
256   10823336
256   9901980
256   8984428
256   10842516
256   8866624
256   9837944
256   8488072
256   9362788
256   10508412
256   9918388
256   8814816
256   11087256
256   9108264
256   10179168
256   11160308
256   9657364
256   10529660
256   10312072
256   10028352
256   10574192
256   10675572
256   9915592
256   10754720
256   9810324
256   10777516
256   10952312
256   10525764
256   9636728
256   10784072
256   9668072
256   10317188
256   10161132
256   10945828
256   8962036
256   10335540
256   9816528
256   10215048
256   9796052
256   10891208
256   10957992
256   10456136
256   11116484
256   11018932
256   10905716
256   11062248
256   10378744
256   9108252
256   9045000
256   9819348
256   9331488
256   10803184
256   10645092
256   9364948
256   11202608
256   9258520
256   10552956
256   9428572
256   10974924
256   10611912
256   10360580
256   9199452
256   10514380
256   9129488
256   9759704
256   10940496
256   9548768
256   9693672
256   10406252
256   9275860
256   11273108
256   10480912
256   10949964
256   10940052
256   10804624
256   8852880
256   10625696
256   10185396
256   9354156
256   10873708
256   9767096
256   10445764
256   11197712
256   9542224
256   8902252
256   10548128
256   10409988
256   11044676
256   10141768
256   11077836
256   10925564
256   10458640
256   8958188
256   10398548
256   10897720
256   9363640
256   11104736
256   9194788
256   8646704
256   10080260
256   9297392
256   10530284
256   8981864
256   9988948
256   11104724
256   10342996
256   10822596
256   9664572
256   10352804
256   9429116
256   9829284
256   9287440
256   10420792
256   11308540
256   9129236
256   11201852
256   8648348
256   9441220
256   10895108
256   9182920
256   9935532
256   10876508
256   9604896
256   10869640
256   10471116
256   10908360
256   10451928
256   10629684
256   9260304
256   10885228
256   8601972
256   10546344
256   9565588
256   8534324
256   9738492
256   11040528
256   9932168
256   9067668
256   10421824
256   9567796
256   10607716
256   10317396
256   8906652
256   11337780
256   9184540
256   8831652
256   10673260
256   9232464
256   9707552
256   10478796
256   9480408
256   10510144
256   9545160
256   10247296
256   10701612
256   10732980
256   9170372
256   11355580
256   10923644
256   10886296
256   10696980
256   9064016
256   8971840
256   11098932
256   9909328
256   9182992
256   9934128
256   9561268
256   10725604
256   10951684
256   10349920
256   11010628
256   10384212
256   10101612
256   10658668
256   10161608
256   10909468
256   11037500
256   10494704
256   10033132
256   10631372
256   10374784
256   9706140
256   9840220
256   9375372
256   10326232
256   9355172
256   9137216
256   10495176
256   8688604
256   9517716
256   11214440
256   8756104
256   9633672
256   9523148
256   9592636
256   10861564
256   11081696
256   9969364
256   11512160
256   9998392
256   9443924
256   10051944
256   9955408
256   10770944
256   10380276
256   9442868
256   10068280
256   9758284
256   9014000
256   11249808
256   8879628
256   10503108
256   11037084
256   9270372
256   8759200
256   11038820
256   9873876
256   9479168
256   9669688
256   9892828
256   10093028
256   10742724
256   9368628
256   10997648
256   9381552
256   9400312
256   10715840
256   10665920
256   8826200
256   9644256
256   9795452
256   8708668
256   9787280
256   10560992
256   10719268
256   10890884
256   10431760
256   11080556
256   11172092
256   10539200
256   10624876
256   10005596
256   9131684
256   11228344
256   9355184
256   9045376
256   10661024
256   9959224
256   8870508
256   10138320
256   9517760
256   9174704
256   10254744
256   9882608
256   11138388
256   10989712
256   9007708
256   10681068
256   10337780
256   8778460
256   10640592
256   9889952
256   10713248
256   9848652
256   10379072
256   10759072
256   9378344
256   10109212
256   10627140
256   9656100
256   9744656
256   10659700
256   11219740
256   9609944
256   10077564
256   10119896
256   10125108
256   10577048
256   10907024
256   9363400
256   10077824
256   11061944
256   10892396
256   10143752
256   8935084
256   10738640
256   11087308
256   10483304
256   10450968
256   10401004
256   9924704
256   10219292
256   9896936
256   11456680
256   10335624
256   10540580
256   10720048
256   9580692
256   9556740
256   10970376
256   9769568
256   10510804
256   10043724
256   10010288
256   11028072
256   10877396
256   10407100
256   11153708
256   10802384
256   9049888
256   10808048
256   10533424
256   11110856
256   10228852
256   10222288
256   11096192
256   9688096
256   9683088
256   10614744
256   10009868
256   9730640
256   10659552
256   8861056
256   11444132
256   10602008
256   9547984
256   10913344
256   10408928
256   9616668
256   11191624
256   10653308
256   10170892
256   10804172
256   9172560
256   11020096
256   10640664
256   10746320
256   10658744
256   10593544
256   10286764
256   9858836
256   8996832
256   11005916
256   9633888
256   9560608
256   10696632
256   9060336
256   9679796
256   10799492
256   8993584
256   10337180
256   10688880
256   10450692
256   11205720
256   10140008
256   9133484
256   11320388
256   9137276
256   10434432
256   11008828
256   9878352
256   9281564
256   10595172
256   8981264
256   11182812
256   10167952
256   9240896
256   11308520
256   10697336
256   9963084
256   10518272
256   10931924
256   9404732
256   10728668
256   9660956
256   9271652
256   10978952
256   10203672
256   11209068
256   10722240
256   9307856
256   11173476
256   8588192
256   9657172
256   10380748
256   9536164
256   10399724
256   11319340
256   10787080
256   10537588
256   10696168
256   10139252
256   10963516
256   9513916
256   9155452
256   11242952
256   10070964
256   10335956
256   9974980
256   9249200
256   10645256
256   9865384
256   9368592
256   11004452
256   10531260
256   8871112
256   10148268
256   10321944
256   10511936
256   10236512
256   9822164
256   11033844
256   10177312
256   10036652
256   10765712
256   11025496
256   10415924
256   10522444
256   9097444
256   9795748
256   10396912
256   10393884
256   10610600
256   10591632
256   9050516
256   10643720
256   9463944
256   9093472
256   10611568
256   10615652
256   8931836
256   9767492
256   9274600
256   10835256
256   10842444
256   9575228
256   10555280
256   10975976
256   9006848
256   10866456
256   10226144
256   8555144
256   10648044
256   10495536
256   9693668
256   9472084
256   10053284
256   11066928
256   8247108
256   9532656
256   10821540
256   10531104
256   9993160
256   11413628
256   10523184
256   9470076
256   9778832
256   10819720
256   10458476
256   9430420
256   9322768
256   10840948
256   9785264
256   10168220
256   10991968
256   9632684
256   9029604
256   10641048
256   10702788
256   9693060
256   9283920
256   10206888
256   10445608
256   11048676
256   8894732
256   9632284
256   11351496
256   10432360
256   10951892
256   10920644
256   10724552
256   10993156
256   10100456
256   9918816
256   9823996
256   9001980
256   10387700
256   10434744
256   9052360
256   10911212
256   11354180
256   8994304
256   10357300
256   9977048
256   9817828
256   11021064
256   8771908
256   10997832
256   10490072
256   9173336
256   9693208
256   10747384
256   9941960
256   10503676
256   10586720
256   9667356
256   10338512
256   9287328
256   10618760
256   10245700
256   10725352
256   9445584
256   10176132
256   10297316
256   10607972
256   9312572
256   10431760
256   10816968
256   9039872
256   9874596
256   9303156
256   9426092
256   9384748
256   10540780
256   10821148
256   10194036
256   10374960
256   10191836
256   10621260
256   10137536
256   9363216
256   10434296
256   9230288
256   9013712
256   10382000
256   9948384
256   10597532
256   11097336
256   10113744
256   10531592
256   10506348
256   9092460
256   11454916
256   9916484
256   10781164
256   10822556
256   10412520
256   10506140
256   10987420
256   9668812
256   8742104
256   10764608
256   10071668
256   10944064
256   10384068
256   9496812
256   10943600
256   8816056
256   9693260
256   10369076
256   9827688
256   10577876
256   10645676
256   9796016
256   10936548
256   10445408
256   10667844
256   11107504
256   10084664
256   10045292
256   11002716
256   9184752
256   9319988
256   10309688
256   9289216
256   10723296
256   10276640
256   11118932
256   10535020
256   9596928
256   10456500
256   10749048
256   10098472
256   10586292
256   11267948
256   9738308
256   9664972
256   10595112
256   10593868
256   9219980
256   9924728
256   10084008
256   10824628
256   8763004
256   9292772
256   10837244
256   9464260
256   10628576
256   9458936
256   8894328
256   9870164
256   11039936
256   9045732
256   10968412
256   10527028
256   11005008
256   10981280
256   9841624
256   9000736
256   10736660
256   8965704
256   9387528
256   10309404
256   10648460
256   10677652
256   10919832
256   9360036
256   11039876
256   9527868
256   9142880
256   11049408
256   9742500
256   8615368
256   10487148
256   10729000
256   9944032
256   9605944
256   10416092
256   9666564
256   10045640
256   10067976
256   11144416
256   10908248
256   10746976
256   10816340
256   9025328
256   10680376
256   11541584
256   9899216
256   8927760
256   10022128
256   11046876
256   10798636
256   10238032
256   9626496
256   10560548
256   9867572
256   10289708
256   10573104
256   9775788
256   9189976
256   10489480
256   10232652
256   9197728
256   10876804
256   10373404
256   9734668
256   10340280
256   9667380
256   11212352
256   9407768
256   9402568
256   10744216
256   9526312
256   8859056
256   10130284
256   10523772
256   11046392
256   10000796
256   8882804
256   10650492
256   9146376
256   9936780
256   10768752
256   9232768
256   8711676
256   9703480
256   9801032
256   10927040
256   10386632
256   8490368
256   10627584
256   9481960
256   10271460
256   10862396
256   9608852
256   9478156
256   10896788
256   10902572
256   10174892
256   10184156
256   10728212
256   10637168
256   10450492
256   10229732
256   10924192
256   11111212
256   9083284
256   11075632
256   10569916
256   10207516
256   10770764
256   8771960
256   8835652
256   11007952
256   9653132
256   9712744
256   10428560
256   9218992
256   9017804
256   9717516
256   10778240
256   10344552
256   11095184
256   9235704
256   11026984
256   9001268
256   10081172
256   9723788
256   9543508
256   9376272
256   10176848
256   8898100
256   11214932
256   10595452
256   9373656
256   10834756
256   9289588
256   10209920
256   10806604
256   9253292
256   10921052
256   9607100
256   8850408
256   10610324
256   10581376
256   9037136
256   10752124
256   10359592
256   10714136
256   10676964
256   9513080
256   9340964
256   10943048
256   9830344
256   8848788
256   10195656
256   10303096
256   9406392
256   10777824
256   8871032
256   10731560
256   10770228
256   9981536
256   10984300
256   10740136
256   10104124
256   10955284
256   10028440
256   9876040
256   11418344
256   10335812
256   8705368
256   10458500
256   11058096
256   10693644
256   10967652
256   10861344
256   10704940
256   10407096
256   10739944
256   10761956
256   10347436
256   9332244
256   10613632
256   9546028
256   9611572
256   10459388
256   10226164
256   9746180
256   10864304
256   9928380
256   10837552
256   10307632
256   8972652
256   10866744
256   9188392
256   9224468
256   9892696
256   9011776
256   9524104
256   11014516
256   9987640
256   10967996
256   8895464
256   10780712
256   11167640
256   9492328
256   10780592
256   10032260
256   11026796
256   11167280
256   10343768
256   9229176
256   10907520
256   9958228
256   8661172
256   10843084
256   9651592
256   9409128
256   9603116
256   9314932
256   10574416
256   10542420
256   9380248
256   10316464
256   10265208
256   9655104
256   10949260
256   10458168
256   9518064
256   10989392
256   9542628
256   10843800
256   10426536
256   9445120
256   11707520
256   10728832
256   10130768
256   10642668
256   11320616
256   9143560
256   10723948
256   8855716
256   9052600
256   10352568
256   10232408
256   10596564
256   10793900
256   10335808
256   9279664
256   9804752
256   9201920
256   11237240
256   9880412
256   9761348
256   10681328
256   9926396
256   9049704
256   10380424
256   9346272
256   9396768
256   9805920
256   9354648
256   10472368
256   10218328
256   8203488
256   10894904
256   9876376
256   8901076
256   10942560
256   9290436
256   9311980
256   9883928
256   10079680
256   10607456
256   11097224
256   10598080
256   10554992
256   10497200
256   8825572
256   10972104
256   8828024
256   10495940
256   10198388
256   10207476
256   9829556
256   9948120
256   9113976
256   10325908
256   10348148
256   9347320
256   8896696
256   10448324
256   9020820
256   10915648
256   11004764
256   9042520
256   10594412
256   10275212
256   10224348
256   10902156
256   9149176
256   8824160
256   9803964
256   8970932
256   9224348
256   10298284
256   9754944
256   10513632
256   10698132
256   10813388
256   8809564
256   9049628
256   10882704
256   9668440
256   10587032
256   9840624
256   9722920
256   10835856
256   9955688
256   11509216
256   9188472
256   10520556
256   10939548
256   9065856
256   8723428
256   10518388
256   9680528
256   9480068
256   9938992
256   11047620
256   9552196
256   11072024
256   10172704
256   10715168
256   9932528
256   9041900
256   11067444
256   11266128
256   10468628
256   11286504
256   10282368
256   9747692
256   10993636
256   10541304
256   10102444
256   10341156
256   10365116
256   11181712
256   10799380
256   10849184
256   11049556
256   10190844
256   9001016
256   10611548
256   9860216
256   10183300
256   10641600
256   10521420
256   9934116
256   10003080
256   9361280
256   9905816
256   10594512
256   8859732
256   10996744
256   8767744
256   9274116
256   10167920
256   9265644
256   11022028
256   10707788
256   9639228
256   10128596
256   10255956
256   10039796
256   10125824
256   10612376
256   10763980
256   10460848
256   11463500
256   10847856
256   9025268
256   10384832
256   11015756
256   10139916
256   10399076
256   11376344
256   9811532
256   9272512
256   10036760
256   10289984
256   10641764
256   10624336
256   10228212
256   10547320
256   9929176
256   9301716
256   11708944
256   10024728
256   9286544
256   11013052
256   9473992
256   9701700
256   10817664
256   9439116
256   10970636
256   10242320
256   10241236
256   10774460
256   9249452
256   10055928
256   10730896
256   10049320
256   10986412
256   10183064
256   9675848
256   10369064
256   9727416
256   10641448
256   10494052
256   9977568
256   8714784
256   10593164
256   9336472
256   9509688
256   10762860
256   9655572
256   11300272
256   10790108
256   8539632
256   10600444
256   10493092
256   10674408
256   10507932
256   10320388
256   10582704
256   10324312
256   10706668
256   10502176
256   10319376
256   9061236
256   10594868
256   10098428
256   8905040
256   10383800
256   10494160
256   9276228
256   10364116
256   8616340
256   8975152
256   10280168
256   8681864
256   10969692
256   10819904
256   10392280
256   11404604
256   10256612
256   9317124
256   10293524
256   9414616
256   10369140
256   10351652
256   10148704
256   11235260
256   9967144
256   9789976
256   11065376
256   10489616
256   9633764
256   11566300
256   10208484
256   10008824
256   10598416
256   9318416
256   10935008
256   10700408
256   9543120
256   9577548
256   10186600
256   9833916
256   10779336
256   9561432
256   10826600
256   10797504
256   10006292
256   9520692
256   11456436
256   10945116
256   9028808
256   10027328
256   10292948
256   11150852
256   9567296
256   9163000
256   10926116
256   10471532
256   10730436
256   9586268
256   10879292
256   9924772
256   11114012
256   9909032
256   10619296
256   9044872
256   8944604
256   11382292
256   10281796
256   10954016
256   10196072
256   9399884
256   10634344
256   9943592
256   10455184
256   10643548
256   10087780
256   10246996
256   10315404
256   10371912
256   9159704
256   10334756
256   10206468
256   10989304
256   10027600
256   10246792
256   10760592
256   10176240
256   10493328
256   11073960
256   10137148
256   10062420
256   10886008
256   9528084
256   9732280
256   10442188
256   10230416
256   10880236
256   10332628
256   10175688
256   11186992
256   8857036
256   10432556
256   10063664
256   10729272
256   10937952
256   10494844
256   9556272
256   10121200
256   9455188
256   10457672
256   11352532
256   9623180
256   10599236
256   10563120
256   9257652
256   10564800
256   10964316
256   9594824
256   10881968
256   9724360
256   8916384
256   10785844
256   9546276
256   9032028
256   10208172
256   10944652
256   10924012
256   10377488
256   9634560
256   10985440
256   10002352
256   9919892
256   11496004
256   8846992
256   9047608
256   9781880
256   9039764
256   10654792
256   10634972
256   10253536
256   10766936
256   9151216
256   9308248
256   10066580
256   9729884
256   10030936
256   9742220
256   9578456
256   8903996
256   10231676
256   10124056
256   10527952
256   10926224
256   10372324
256   11147708
256   9930120
256   9410736
256   9223388
256   9076152
256   9316076
256   10518512
256   10319548
256   8872796
256   10176376
256   9436272
256   10912260
256   9365552
256   10977980
256   10133736
256   9692664
256   9823880
256   11150388
256   9593092
256   9598784
256   10659868
256   8915808
256   9551964
256   9806420
256   10659292
256   10945128
256   11031392
256   8633396
256   10870264
256   10546764
256   11157940
256   10385540
256   10620100
256   10095888
256   10836156
256   10555196
256   9326336
256   11285624
256   10751208
256   9286884
256   9923232
256   9264108
256   10952572
256   10040300
256   8610876
256   11004032
256   9794132
256   9153248
256   10642168
256   9139712
256   10186940
256   10982932
256   9964736
256   10575632
256   9899812
256   9239788
256   11135216
256   10910004
256   9089416
256   10636436
256   9528904
256   10282896
256   10791600
256   10375068
256   10457596
256   10406972
256   8788252
256   10477696
256   10358900
256   10958616
256   10718916
256   9152020
256   9124224
256   10998676
256   8616304
256   8352396
256   10780964
256   8790472
256   10764500
256   10403236
256   8903344
256   10800528
256   10632524
256   9854624
256   10765636
256   10122724
256   8900668
256   10678036
256   8922884
256   9315288
256   10602916
256   8722748
256   8837912
256   10134176
256   9250268
256   10825108
256   10276200
256   9106936
256   9756904
256   9478668
256   8920980
256   10976900
256   10014268
256   8782248
256   10289444
256   8790948
256   9632276
256   10526900
256   9050792
256   10752744
256   10129996
256   10591668
256   10928100
256   11277132
256   10336728
256   11269392
256   10153064
256   9420596
256   10985128
256   9969392
256   8717596
256   10665544
256   9145228
256   10853172
256   11181940
256   10282736
256   9071340
256   9736804
256   10784096
256   9444868
256   10435980
256   9532456
256   10565868
256   11029128
256   9594248
256   9324424
256   10199296
256   9662448
256   10833180
256   9780220
256   8885192
256   10714624
256   8820784
256   9803036
256   9661728
256   8993000
256   11281064
256   10747224
256   10307032
256   11080232
256   9541276
256   9716144
256   10641564
256   10431872
256   9345244
256   11164004
256   9914732
256   10155892
256   10453964
256   10419260
256   10741496
256   11570776
256   10582348
256   11028252
256   10787524
256   9102108
256   11095324
256   11007376
256   10125276
256   11248124
256   11285220
256   10900428
256   10833232
256   9056660
256   8846412
256   10945068
256   10672636
256   9705208
256   10272244
256   8878900
256   11656928
256   10512584
256   10682244
256   11140780
256   10701016
256   8884808
256   10048360
256   8931956
256   11519684
256   10537404
256   9185120
256   10889508
256   10810312
256   11373060
256   9759356
256   10082048
256   11296532
256   9655812
256   9080224
256   10916392
256   10912520
256   9670084
256   10778572
256   10174004
256   11099448
256   10884760
256   9956940
256   11224492
256   10348620
256   9793116
256   10031364
256   9238748
256   9208292
256   10335764
256   10517476
256   10601920
256   10599584
256   10149952
256   10896432
256   9159848
256   10454756
256   10307476
256   10369680
256   9721716
256   10486792
256   8920224
256   10491376
256   10261116
256   8801452
256   10800448
256   10710628
256   7914248
256   10583684
256   8922480
256   10860920
256   10493468
256   9097796
256   10945200
256   10188668
256   10376828
256   11326768
256   10993268
256   9865604
256   10803752
256   10790872
256   9081152
256   10476460
256   10238728
256   10392260
256   10603424
256   10717592
256   10427496
256   10292940
256   9322872
256   10626040
256   9160824
256   8722336
256   10783952
256   10369376
256   9675572
256   9797592
256   9123244
256   8864944
256   10273576
256   10241384
256   11127672
256   10529632
256   9963336
256   11197044
256   9534672
256   8959380
256   10020680
256   10726516
256   10697344
256   10065696
256   9726716
256   10977620
256   10502116
256   9638124
256   9728476
256   9625988
256   10481456
256   9903064
256   10887232
256   8901468
256   10691416
256   10549840
256   10712972
256   10974552
256   9400804
256   10098320
256   10064416
256   10046144
256   10697056
256   10579484
256   9484604
256   10824048
256   9476880
256   8850808
256   10298284
256   10169128
256   10631632
256   11043236
256   9085800
256   11209188
256   9634552
256   9651796
256   11035812
256   10004680
256   9819288
256   10630152
256   10311484
256   10390480
256   10313144
256   8955976
256   10844708
256   9718792
256   10277732
256   10548108
256   10452496
256   10407508
256   9614628
256   10720860
256   8806904
256   10427380
256   9579676
256   10924144
256   10191152
256   10354584
256   10699668
256   9559116
256   9777128
256   10527040
256   9977316
256   8569204
256   11002504
256   10527980
256   10780184
256   10941892
256   10293736
256   11022896
256   9824304
256   8717520
256   11017932
256   9685760
256   10751048
256   10068928
256   9040928
256   10858484
256   10163120
256   9854984
256   10749540
256   10415068
256   8969444
256   11344968
256   8816388
256   9046824
256   10951628
256   10488552
256   9344680
256   11411964
256   9201104
256   9913976
256   10354180
256   9823972
256   10453992
256   10022976
256   9791356
256   11096732
256   8915268
256   8352360
256   10060340
256   10331616
256   9638048
256   9855460
256   9849544
256   11069080
256   10839608
256   10940332
256   10563232
256   10730420
256   9394244
256   11114088
256   9007664
256   10383564
256   11055564
256   9815360
256   9123884
256   10244880
256   9946876
256   10331428
256   10378552
256   9702100
256   10747532
256   11071884
256   9007452
256   10533196
256   10413048
256   10958848
256   10743072
256   10172720
256   9129940
256   10621380
256   10796772
256   8555528
256   10173072
256   10619888
256   10958624
256   9902868
256   9118444
256   10295572
256   10552744
256   9658176
256   11426768
256   9431092
256   10629188
256   10620024
256   9123508
256   10908464
256   10525660
256   10702920
256   10653048
256   10813136
256   9812688
256   9954396
256   9004708
256   9606368
256   11093200
256   9071640
256   10527768
256   10586780
256   10863544
256   11236996
256   9828532
256   10221148
256   10479456
256   10302552
256   10290148
256   10916344
256   9152012
256   9083776
256   10059528
256   10201140
256   10925032
256   9096688
256   10937436
256   10780724
256   9658464
256   10555476
256   10272088
256   9302740
256   9076860
256   9993232
256   10586900
256   10736036
256   10067860
256   9014972
256   10682468
256   10811064
256   9495564
256   10690200
256   9209872
256   11598580
256   11079904
256   9709648
256   10959456
256   10073528
256   9238324
256   11291196
256   10223200
256   9363348
256   11388052
256   9056360
256   9560340
256   10506708
256   9337236
256   10987920
256   10018820
256   8693140
256   10962224
256   9969084
256   10276800
256   11031452
256   10035132
256   9163936
256   10883748
256   9371608
256   8773824
256   10857972
256   10629152
256   11498244
256   9059236
256   8748512
256   11119144
256   9199864
256   9687832
256   10141008
256   9680968
256   10341492
256   10795688
256   9538060
256   10096264
256   10202116
256   9144044
256   10586160
256   11001068
256   9771380
256   11005912
256   10760016
256   10629832
256   10761044
256   10412428
256   10281292
256   10036940
256   10639260
256   10776456
256   10433024
256   10597212
256   11134372
256   10966092
256   8652940
256   10914304
256   9789152
256   10311776
256   10901948
256   9175100
256   10374000
256   9706020
256   9537660
256   8721588
256   10773368
256   9023144
256   10782264
256   9604564
256   9183500
256   11125484
256   9707288
256   9327600
256   10162324
256   9119116
256   10594460
256   9804724
256   9253992
256   11037176
256   9496864
256   8772488
256   10708688
256   10296196
256   11056088
256   10813996
256   9228312
256   10563332
256   9859024
256   9426060
256   10790000
256   10829620
256   9315248
256   10752448
256   10768896
256   8805292
256   11082436
256   9600664
256   9057224
256   10527900
256   9113652
256   9374824
256   11676984
256   10049352
256   9473560
256   10225324
256   10836928
256   10794764
256   10930516
256   8745772
256   11148768
256   9570164
256   8876892
256   10580616
256   9653796
256   9330856
256   10573704
256   10750532
256   10919392
256   10547436
256   9197740
256   10905156
256   9159616
256   9309736
256   10725096
256   10853452
256   9781348
256   11249904
256   10727744
256   10468904
256   11104908
256   9877600
256   11015528
256   11375572
256   10058380
256   9677856
256   10443744
256   8757252
256   9408672
256   9860544
256   11202380
256   10767832
256   10500616
256   10154080
256   10865392
256   10738844
256   9122720
256   10977868
256   10236460
256   9835376
256   10904116
256   11361140
256   10978048
256   9795484

