6   230772
57   1837340
63   1876684
126   3789184
256   8781668
256   9135584
256   8747660
4   157404
256   7950800
256   8660888
256   8462204
256   8030164
256   8408976
256   8743324
256   8519312
256   8907416
256   8937780
256   8972704
256   8634876
256   8558080
256   8564828
256   8956888
256   8581420
256   8367232
256   8417352
256   8814072
256   8944372
256   8443036
256   8374044
256   8441988
256   8106184
256   8835196
256   8795208
256   9032336
256   8749820
256   8909760
256   8996448
256   10491000
256   10044472
256   9993424
256   9593960
256   10829296
256   10236412
256   10135048
256   10225676
256   10726336
256   9858420
256   10722744
256   11007776
256   10142860
256   11307420
256   9492640
256   9756736
256   9540940
256   9380308
256   11183028
256   11329944
256   11059784
256   9552304
256   10972384
256   9749664
256   10803420
256   11124568
256   10097356
256   9778028
256   11378244
256   10251588
256   9598056
256   11243052
256   10523428
256   10296036
256   10955684
256   11181836
256   10575536
256   10640020
256   10698500
256   9378628
256   10968848
256   9970608
256   9050688
256   10793884
256   9498996
256   10815052
256   10884876
256   9903580
256   9428768
256   11014592
256   10928292
256   10734684
256   10888388
256   10923120
256   10386328
256   11191636
256   11311064
256   9115216
256   10663300
256   10519436
256   9876688
256   10927956
256   9269352
256   9501508
256   11366252
256   9014480
256   10245720
256   10336904
256   10808940
256   10402984
256   10677068
256   9488020
256   9967356
256   11176832
256   9843908
256   9837732
256   11007624
256   10309068
256   10751396
256   10295936
256   10884452
256   11061908
256   9626796
256   9701768
256   10799028
256   9684392
256   9496136
256   11195344
256   10984700
256   9860712
256   10711740
256   10333668
256   9302380
256   10835404
256   9455600
256   8638880
256   10466288
256   11168832
256   9571608
256   10712572
256   9963732
256   9548792
256   10691516
256   10643768
256   9763856
256   11360972
256   10494216
256   10072624
256   10362292
256   10085940
256   10960488
256   10238860
256   9347416
256   9316376
256   9588828
256   9167388
256   10836816
256   10522664
256   10282176
256   10242848
256   10866944
256   10591604
256   9074976
256   10294284
256   9763624
256   10699776
256   10250380
256   10058296
256   10263680
256   9827464
256   9908188
256   10795376
256   10501032
256   9220556
256   10651276
256   10744896
256   10086312
256   10681356
256   10509528
256   10626080
256   8910808
256   10636000
256   10290464
256   8615752
256   10655540
256   9334740
256   10528776
256   10112712
256   9490592
256   9115864
256   10203608
256   10153256
256   9307304
256   10948452
256   9433548
256   9465540
256   10795348
256   10678180
256   10214276
256   9763072
256   10288860
256   10266252
256   10564240
256   9545836
256   10992480
256   10203568
256   9487984
256   11039320
256   10490936
256   9599776
256   10471476
256   9971912
256   10595088
256   10451920
256   9968932
256   9572756
256   8906204
256   10495492
256   9839432
256   10234384
256   9769792
256   10600428
256   10155616
256   10025032
256   9027224
256   10894616
256   10605232
256   9802416
256   9455392
256   9971420
256   10940316
256   9552520
256   9971248
256   10498396
256   10222240
256   10630140
256   10506280
256   10901536
256   10223288
256   10893472
256   9825324
256   10875816
256   8916496
256   9677016
256   9617140
256   10987040
256   8745860
256   10442200
256   9570460
256   11136260
256   10553428
256   9444212
256   11349340
256   10558344
256   8957324
256   9722256
256   9903572
256   10512824
256   11297324
256   10718984
256   10314604
256   9672048
256   10234664
256   10563676
256   10064728
256   11087844
256   10175640
256   10461740
256   11220108
256   10097580
256   9303280
256   9463368
256   10711380
256   9184372
256   9089212
256   11444312
256   9720876
256   10634048
256   10628640
256   9364776
256   10505764
256   10861932
256   10831400
256   9811668
256   9700968
256   9684624
256   9643148
256   10121320
256   9197880
256   10242520
256   11145416
256   10220256
256   11221896
256   10999100
256   9985332
256   10616324
256   10762864
256   10721392
256   11358920
256   10637784
256   9181636
256   10735504
256   9701208
256   9688088
256   10679312
256   10805004
256   9992952
256   10868336
256   9467896
256   10988408
256   10968536
256   11205300
256   9871296
256   11582720
256   10919760
256   10286156
256   10886644
256   10251492
256   9532372
256   10776104
256   10444932
256   10203104
256   11018820
256   9423940
256   9228324
256   10269412
256   10308628
256   10570936
256   11396908
256   9299764
256   10433936
256   9593992
256   10162624
256   9740664
256   10582564
256   10627376
256   9785864
256   10741120
256   10807984
256   11194208
256   10335756
256   9903200
256   11186528
256   11008580
256   9151648
256   11495032
256   11047848
256   11030336
256   10616292
256   9224464
256   11132388
256   10719916
256   11312532
256   10124628
256   11755352
256   10392888
256   9830784
256   10633560
256   10699864
256   9270324
256   11076348
256   11139456
256   9543216
256   10645984
256   9932320
256   9832948
256   10446456
256   9362376
256   10565176
256   9878284
256   10669008
256   10878920
256   10075444
256   9382128
256   11289504
256   10647664
256   9632196
256   10613208
256   10354396
256   10454096
256   11351152
256   10393528
256   10719100
256   11115420
256   10436636
256   11354444
256   10218828
256   11211160
256   9183160
256   10921480
256   9250476
256   10670064
256   10422188
256   9812388
256   9899308
256   10791928
256   9549044
256   10832876
256   10649764
256   8996980
256   9185424
256   10956744
256   10287164
256   9425468
256   10950240
256   10605284
256   10905900
256   9856440
256   11058384
256   10525100
256   10953684
256   9957616
256   10419972
256   11389756
256   9972520
256   10919548
256   10131668
256   10721180
256   10804932
256   10166852
256   9785688
256   10668484
256   9763692
256   9453656
256   10060684
256   8918100
256   9487276
256   9810908
256   10663756
256   11177284
256   10430764
256   9428504
256   10356196
256   10375320
256   10387140
256   10257824
256   11051644
256   9351252
256   11350676
256   11381472
256   9794448
256   11300936
256   10930940
256   10696484
256   10820256
256   10520064
256   10756128
256   11021828
256   10316320
256   10491560
256   11080840
256   9334584
256   9509512
256   11095564
256   10439944
256   10838100
256   10664004
256   10997208
256   9352640
256   11018456
256   10581024
256   10599208
256   10810568
256   9854312
256   8822224
256   10793748
256   9765380
256   10490544
256   10962720
256   9328140
256   9631848
256   10436328
256   10485332
256   11348400
256   10438036
256   9505176
256   10595592
256   10526752
256   10149468
256   10604636
256   9413140
256   10871388
256   10963900
256   10092708
256   9755424
256   10263196
256   9656852
256   10562508
256   10923792
256   10575296
256   9622992
256   10260520
256   10762872
256   9609560
256   10756788
256   10229868
256   9923116
256   10201444
256   9148396
256   9517852
256   10384100
256   9556392
256   10208844
256   10659712
256   9005596
256   10081176
256   11105388
256   10235148
256   10702176
256   10404156
256   10629532
256   10473184
256   10088968
256   10887644
256   12186712
256   11386556
256   9708604
256   10950516
256   11067468
256   9749068
256   11434236
256   10233112
256   9641000
256   11139532
256   11131160
256   9546348
256   11146792
256   10777132
256   9419132
256   11005220
256   10991264
256   8824940
256   10891564
256   10773520
256   10241580
256   11078460
256   10570032
256   10259952
256   10733208
256   10316708
256   10092848
256   10932340
256   10972680
256   10989056
256   10105040
256   10650440
256   10284296
256   10992360
256   10568144
256   11156960
256   10193968
256   10714840
256   11321600
256   10362084
256   9508352
256   10558732
256   9673880
256   9415216
256   11580952
256   9377020
256   9444440
256   10328728
256   9958640
256   9257376
256   10860816
256   9554116
256   9204684
256   10620380
256   9300244
256   10993820
256   10534652
256   8740072
256   10715316
256   10402916
256   9967388
256   10992456
256   9252628
256   9558544
256   10790164
256   11027116
256   9788948
256   11271580
256   9922112
256   11053296
256   10923212
256   10584996
256   9337552
256   10819616
256   9793476
256   9526288
256   10480616
256   11032252
256   10977676
256   11012148
256   9217952
256   10148132
256   11052432
256   10289672
256   11162496
256   11420816
256   9218604
256   9369344
256   10821524
256   10510140
256   9106808
256   10913948
256   9400764
256   9268528
256   10748372
256   10479520
256   11064724
256   10666036
256   10982040
256   9962012
256   11062120
256   10693464
256   10676236
256   10690308
256   9853660
256   10290264
256   10540824
256   10328836
256   11385692
256   10387064
256   10007268
256   11041376
256   9589784
256   10718336
256   11098496
256   10404500
256   10164940
256   10776248
256   9990188
256   9516208
256   11065576
256   9143520
256   10353424
256   10764596
256   9323556
256   10047088
256   11654308
256   10852816
256   10771516
256   11022132
256   11262276
256   10726128
256   10185748
256   9140828
256   10435736
256   10367176
256   10101600
256   10230284
256   9377332
256   10478664
256   10496584
256   8945672
256   10646756
256   9939228
256   9035500
256   11094060
256   9979020
256   10590148
256   11428652
256   9522192
256   10728936
256   9530048
256   10755672
256   11501000
256   10394880
256   9187976
256   11083080
256   11298256
256   9315652
256   10264312
256   9354872
256   9581060
256   11059844
256   9680928
256   10600584
256   10650848
256   11124676
256   10753512
256   10085848
256   10790588
256   10653968
256   9514524
256   9181820
256   11175668
256   10424732
256   9694160
256   10231572
256   10536728
256   10546444
256   9717380
256   8995092
256   10800356
256   10813820
256   10063964
256   10890812
256   10549204
256   11032344
256   10443412
256   10332460
256   10222436
256   11602100
256   10785072
256   10718956
256   10147956
256   10139528
256   10873328
256   10685756
256   8494856
256   10849176
256   9868864
256   10015616
256   11324888
256   10353836
256   9033348
256   10584068
256   9826340
256   9723936
256   10421488
256   10517056
256   11027120
256   9814672
256   10622712
256   10721616
256   10853024
256   10963428
256   11564524
256   10405888
256   10487380
256   11201124
256   9865792
256   11260624
256   10113864
256   9254388
256   11165104
256   10574232
256   10008644
256   11185320
256   10210844
256   9375992
256   10265044
256   10531388
256   9583464
256   9884076
256   9917644
256   10626384
256   10690128
256   9494292
256   10702104
256   10300788
256   10943668
256   10647132
256   9435904
256   10264820
256   10077284
256   9667900
256   11241552
256   11137784
256   11017036
256   10589108
256   9289776
256   9935304
256   10934996
256   9331568
256   9587992
256   11342860
256   10147012
256   10969460
256   9623268
256   11179364
256   9267204
256   10413248
256   9799420
256   9162896
256   10611744
256   11435280
256   10901184
256   10585216
256   8878796
256   10872900
256   10018864
256   10158100
256   10790140
256   10702492
256   9329076
256   10977812
256   10587604
256   11684124
256   10530376
256   9682956
256   10970684
256   10053620
256   10481592
256   10663280
256   11020916
256   10029044
256   11186460
256   9906972
256   11148836
256   10613976
256   10251348
256   10942388
256   9983844
256   9768080
256   11484416
256   9365812
256   9782700
256   10412112
256   9850332
256   9844420
256   11583672
256   10990956
256   10349648
256   10951332
256   9191724
256   10751052
256   10631912
256   10074556
256   11073672
256   10647052
256   10189500
256   10989076
256   10726516
256   9409868
256   11357704
256   9161264
256   11006660
256   10349852
256   9706804
256   10086644
256   10183604
256   10206252
256   10795228
256   9418408
256   8797380
256   9832976
256   10409956
256   11302156
256   10843564
256   10274296
256   11588280
256   10455444
256   9286492
256   11226172
256   9462616
256   10203512
256   10409452
256   10601400
256   10695596
256   10099284
256   11408000
256   10731300
256   10929428
256   8759292
256   11089856
256   9237684
256   9727412
256   10899424
256   10468112
256   9946304
256   10649920
256   9735804
256   10954532
256   10938288
256   11126940
256   9695468
256   10893980
256   10004268
256   11567556
256   10339012
256   9899208
256   11094436
256   9630252
256   9171180
256   10620296
256   9612796
256   9826880
256   10592688
256   9890292
256   9338024
256   10241736
256   10563668
256   10994652
256   10450812
256   9966604
256   10866772
256   10626088
256   9955532
256   11075212
256   9343584
256   9381848
256   10106560
256   10130300
256   10848424
256   9636736
256   11133700
256   10983712
256   10995440
256   9368888
256   11429072
256   9936616
256   11354464
256   10848704
256   10899740
256   10082636
256   10714524
256   10461184
256   10015260
256   9618300
256   9896884
256   11260616
256   9747780
256   9270776
256   10449756
256   10361168
256   9954968
256   10860728
256   10492084
256   10141484
256   9938720
256   10622180
256   9781848
256   10279196
256   9577476
256   10940484
256   11279636
256   9489316
256   11011808
256   10775268
256   10341736
256   9925888
256   10051200
256   11061444
256   10249336
256   10723544
256   11218052
256   9740084
256   10264396
256   11153872
256   10684272
256   9134944
256   10474540
256   10710604
256   11075072
256   10030752
256   9717284
256   10264972
256   10287276
256   10399936
256   10494468
256   10860584
256   10740912
256   11494628
256   10586412
256   10240376
256   10988528
256   10747528
256   9446556
256   10758680
256   10422496
256   10922436
256   10809016
256   10645492
256   10644064
256   9883228
256   9933824
256   10666104
256   10986708
256   9341624
256   9604144
256   10340572
256   10202488
256   10563632
256   10177584
256   11045860
256   9977192
256   9479844
256   11012272
256   10840456
256   9597200
256   9826436
256   11192696
256   9369944
256   10680740
256   10700020
256   10808044
256   10869644
256   9351020
256   11265468
256   11235708
256   9666008
256   9860984
256   9546484
256   9134508
256   10138104
256   10287668
256   10753656
256   10681152
256   10717776
256   10970900
256   9221768
256   9560352
256   10620520
256   11166336
256   10317700
256   10918492
256   9903440
256   10300664
256   11321748
256   9196996
256   11292056
256   10682972
256   9506868
256   10618740
256   9626444
256   10943760
256   11064624
256   10155076
256   9860780
256   10720304
256   10456296
256   9458824
256   10369380
256   11582972
256   10991504
256   11002400
256   9741612
256   11117656
256   11086928
256   10435072
256   10607664
256   9843888
256   10010884
256   10307240
256   10556480
256   9156888
256   9678300
256   9397644
256   10698900
256   10387040
256   9358940
256   10501608
256   11002544
256   10911836
256   11072152
256   9308544
256   9196800
256   10314796
256   9070600
256   10502940
256   10771468
256   10047332
256   11076260
256   9366272
256   9455356
256   10321196
256   9630264
256   9594456
256   10267768
256   10627364
256   10809596
256   10846816
256   10132404
256   10280680
256   11087484
256   11119012
256   11017868
256   9640412
256   9775140
256   10542940
256   9020412
256   9926756
256   10806384
256   10783444
256   10186328
256   10767136
256   10951212
256   9419640
256   10810780
256   9909296
256   9394792
256   10459896
256   9246152
256   10038920
256   10462360
256   9846204
256   10798732
256   10600028
256   10619124
256   11146052
256   10470912
256   10717496
256   11258508
256   9934348
256   10731852
256   10098308
256   9296824
256   8954692
256   10399904
256   9146588
256   10749176
256   10772012
256   10191508
256   11212308
256   10838752
256   10214236
256   10700852
256   9586904
256   9273180
256   11330948
256   10534248
256   9513900
256   10632432
256   10898928
256   10890632
256   11091216
256   10064772
256   10420148
256   9807988
256   9290336
256   10434224
256   10543720
256   9832748
256   10776248
256   10721080
256   10299268
256   9962308
256   9638608
256   10755572
256   10924820
256   9221412
256   10996928
256   9347308
256   10038324
256   11296516
256   10390704
256   9687552
256   10768800
256   9057824
256   10591788
256   10612404
256   9483600
256   10798400
256   10711936
256   10046948
256   10885168
256   9756932
256   9637928
256   10918188
256   9452388
256   10518076
256   10439124
256   10193924
256   10102492
256   9863024
256   9565332
256   10455744
256   11069088
256   10461620
256   10491824
256   10733540
256   9694112
256   10467916
256   11475348
256   9742112
256   11255256
256   10913052
256   9184444
256   10680636
256   9339360
256   9304504
256   10102240
256   10552624
256   11157060
256   10960640
256   9711016
256   10713460
256   9850456
256   9179468
256   10703996
256   11256432
256   9470768
256   11179660
256   10531856
256   10514196
256   10630996
256   10819536
256   10153960
256   10266268
256   9663352
256   10771916
256   10434664
256   9549996
256   10679104
256   9829580
256   9374652
256   10533460
256   10295448
256   10347280
256   9935732
256   10493708
256   11258088
256   11150476
256   9491940
256   10888572
256   9824720
256   9943596
256   10840628
256   10455116
256   10880300
256   10226456
256   9736592
256   10647044
256   10816424
256   10657796
256   11332776
256   10480708
256   9590044
256   10420480
256   10936116
256   9178324
256   11534364
256   9801164
256   9753816
256   10927684
256   9832276
256   9192068
256   10145680
256   9396672
256   11239240
256   10179108
256   8904912
256   11013236
256   9622696
256   10157256
256   10398984
256   10958260
256   8981132
256   10358868
256   10163976
256   10846300
256   10881460
256   10003952
256   11481828
256   10870772
256   9565088
256   10866924
256   10836480
256   10822312
256   10386116
256   11072380
256   10464492
256   9945924
256   9919308
256   10049652
256   10729452
256   9514496
256   10949180
256   10780436
256   11491408
256   10717224
256   10223324
256   9201224
256   10806876
256   9522564
256   10921808
256   10143504
256   10019816
256   10292820
256   10765444
256   10308720
256   11175516
256   9839280
256   10051932
256   10476388
256   9997224
256   10334932
256   10745052
256   9904816
256   9375164
256   10668204
256   9209684
256   10718044
256   11148212
256   9546380
256   11354028
256   10362584
256   10951004
256   10826348
256   10032504
256   10338160
256   10090068
256   10033944
256   11515184
256   11030808
256   10955048
256   10792936
256   10970120
256   10323680
256   10578704
256   10581324
256   9237284
256   9815308
256   10455440
256   9544592
256   9598516
256   10823200
256   9921960
256   10797352
256   9642988
256   11247172
256   10510196
256   11102816
256   10957584
256   10911340
256   9603432
256   10628204
256   10687480
256   11041188
256   11147388
256   10229092
256   11139096
256   10033428
256   10947340
256   9978104
256   11594256
256   11075464
256   10536832
256   10436676
256   11148488
256   10021360
256   10665068
256   10460428
256   9982256
256   9515344
256   10889536
256   9593144
256   10100356
256   11400076
256   9938892
256   9121720
256   10482980
256   11063100
256   11221528
256   10340352
256   10698356
256   10979028
256   10641240
256   9199708
256   11062924
256   9531068
256   11090652
256   10922700
256   10909676
256   11089160
256   10484888
256   9995264
256   9849664
256   10193632
256   10683640
256   11706128
256   10052104
256   10027340
256   10687008
256   9957368
256   10734208
256   10752248
256   10631184
256   10831652
256   10341916
256   11008284
256   11176512
256   9466536
256   10827792
256   10507520
256   10054736
256   10820184
256   11128564
256   9611096
256   11082544
256   10051232
256   9806320
256   10570316
256   10978396
256   9957664
256   10255372
256   10810216
256   10757516
256   10339380
256   9771456
256   10911284
256   10912688
256   10981120
256   9840620
256   10281536
256   10926996
256   10426872
256   9093828
256   10567280
256   9668156
256   9089720
256   11777568
256   10752244
256   9681332
256   10076724
256   9478724
256   10597584
256   9937016
256   10025920
256   11372084
256   10191064
256   9681488
256   10469876
256   10292836
256   9849836
256   10476432
256   10902576
256   9173156
256   10909024
256   10192732
256   11017664
256   10437356
256   9830328
256   10986000
256   10485156
256   10870360
256   10825488
256   9326380
256   10094420
256   10739300
256   10819568
256   9563484
256   11104564
256   8838216
256   9655824
256   10117536
256   10115600
256   11024892
256   10170284
256   10700436
256   10923852
256   10699408
256   9153420
256   10864032
256   9628688
256   9620420
256   10611552
256   9830344
256   9737024
256   11104732
256   10587056
256   11043064
256   10983896
256   9316232
256   11132272
256   10383172
256   9692100
256   11094604
256   10672812
256   10254000
256   11015320
256   10563900
256   9781132
256   10830112
256   9746008
256   10233772
256   11020556
256   10179360
256   11220656
256   10017988
256   9346636
256   11040664
256   10665424
256   9969128
256   11051148
256   10512484
256   9782696
256   10201632
256   10949316
256   11148996
256   11162384
256   9256900
256   11087568
256   9986368
256   9169540
256   10471636
256   11190044
256   9311800
256   9781860
256   10298032
256   11703800
256   10520036
256   9527500
256   10447576
256   9896964
256   11426532
256   10586328
256   11035468
256   11015228
256   10841576
256   9389360
256   10538224
256   10083612
256   10734876
256   10967828
256   10085276
256   10592516
256   10724580
256   9894308
256   9129248
256   11468844
256   9899776
256   9786096
256   9566524
256   11113560
256   9859380
256   10339764
256   9147552
256   11133416
256   10515212
256   10137356
256   10786512
256   10632876
256   10300808
256   10594532
256   11281196
256   10242864
256   10434852
256   10492004
256   11135348
256   8813832
256   8884372
256   11395492
256   9151748
256   11332220
256   10756424
256   10453640
256   9582168
256   10559728
256   9548392
256   11235048
256   11110152
256   9969900
256   11150720
256   10317548
256   9819408
256   11611552
256   10243544
256   10246088
256   10543776
256   9949256
256   10889760
256   10698356
256   10429968
256   11040688
256   10789480
256   10270064
256   11101052
256   10748280
256   10520648
256   11253344
256   9142924
256   11470792
256   10514824
256   10807608
256   9612220
256   9987572
256   10769524
256   11071876
256   10869876
256   9307220
256   10505800
256   10559428
256   10488852
256   10563124
256   8926288
256   11108708
256   10809068
256   9775760
256   10787584
256   9577244
256   10533692
256   11186404
256   10513204
256   10276548
256   10823324
256   10907204
256   10746604
256   10224132
256   9834128
256   11077856
256   10444944
256   10262524
256   10097648
256   10792576
256   11197176
256   10603724
256   9740720
256   11309596
256   9598016
256   10494400
256   11152612
256   10968232
256   9681512
256   11622780
256   10644960
256   9640980
256   10441892
256   10476404
256   11078208
256   10083340
256   10493804
256   10952048
256   10979036
256   10256944
256   11035900
256   10696828
256   9433700
256   10811200
256   10294836
256   10859020
256   9073160
256   9128624
256   10556264
256   10499172
256   9354100
256   11127060
256   10583076
256   10923872
256   9945432
256   9481996
256   11064984
256   10141276
256   8876800
256   10764872
256   9185352
256   11003524
256   10374276
256   10683024
256   11063700
256   10954028
256   10267804
256   10579764
256   9632956
256   10543544
256   10922892
256   10242412
256   9537228
256   10863816
256   10980564
256   10782984
256   10414596
256   9354908
256   10957440
256   10162508
256   9749352
256   10616072
256   10641460
256   9600088
256   10826144
256   10347296
256   9963984
256   11588608
256   10814204
256   9856640
256   10932656
256   11090052
256   11311300
256   9439460
256   10358564
256   10890948
256   10105824
256   9510612
256   10765216
256   9262328
256   9707020
256   10440712
256   11002444
256   10844324
256   10194220
256   11276464
256   11457852
256   10961360
256   9943288
256   10883292
256   10796448
256   9783384
256   10615936
256   9142724
256   10531148
256   10689988
256   9534780
256   11274772
256   10165964
256   9347784
256   10918248
256   11320400
256   10833940
256   11126932
256   10245932
256   10715248
256   10755164
256   10458516
256   10997060
256   10348708
256   9498824
256   11186796
256   9734640
256   10009596
256   10858644
256   9480972
256   10651520
256   10373316
256   9870800
256   11008572
256   10866288
256   9313780
256   11217972
256   9134116
256   9668148
256   10056740
256   9591480
256   10241316
256   10342632
256   11399352
256   11483964
256   10292880
256   9465024
256   11199104
256   9868312
256   9968288
256   9991204
256   10764432
256   10562264
256   11001264
256   9692640
256   11520904
256   9260560
256   9703872
256   10911764
256   9105156
256   9058888
256   9740664
256   9422176
256   10806480
256   10686604
256   11426980
256   10766700
256   11054052
256   9655880
256   10963452
256   10378532
256   9399584
256   10881376
256   10340192
256   11114752
256   11200272
256   10407544
256   10461244
256   10426240
256   9947320
256   10464044
256   10318028
256   9328516
256   11687640
256   9658696
256   9773692
256   10826524
256   10852932
256   11210776
256   11297500
256   9918868
256   10209584
256   9659636
256   9897280
256   10549492
256   9373704
256   9429788
256   10536456
256   10640604
256   9373652
256   10925192
256   9443960
256   10491760
256   10767172
256   10178384
256   10519112
256   10812452
256   10234236
256   10840724
256   10591560
256   10878524
256   11281080
256   10418748
256   9620400
256   11323400
256   10738920
256   10968396
256   9696412
256   11302816
256   10819252
256   9241272
256   9922276
256   11263960
256   9441200
256   9622820
256   10667748
256   9546732
256   10457572
256   10427536
256   10281984
256   10065964
256   10667384
256   9489148
256   10615204
256   10769328
256   10308168
256   10629792
256   9934932
256   10820744
256   11043944
256   10602936
256   11034576
256   10587260
256   9416572
256   10881996
256   9068348
256   10335416
256   11114940
256   10380752
256   9936660
256   10865236
256   10415920
256   8783556
256   10314440
256   10840472
256   10743676
256   9732796
256   10060484
256   10768504
256   9231044
256   10002568
256   11035428
256   9740256
256   10479996
256   10531268
256   9905424
256   10636672
256   10406888
256   9489572
256   10979944
256   10313304
256   9415032
256   10922220
256   11231704
256   9669776
256   11341344
256   9884184
256   10237496
256   10067248
256   10323592
256   11024164
256   10438220
256   9742352
256   10774368
256   10336016
256   9910240
256   11201876
256   10455500
256   9989020
256   10849160
256   11038920
256   10616720
256   10321420
256   9834140
256   9780616
256   10440952
256   10040220
256   11238540
256   9529464
256   10965100
256   11528816
256   9625420
256   10633372
256   10993812
256   9536460
256   10794920
256   10578224
256   11052964
256   11237024
256   10342256
256   10066088
256   10968436
256   10409000
256   9480384
256   11098032
256   10004628
256   9935008
256   10626832
256   9493216
256   11310944
256   11329424
256   9261360
256   11029552
256   10731476
256   9366828
256   10968920
256   9234452
256   9984812
256   10590180
256   10009388
256   9708304
256   10656168
256   9986436
256   10461032
256   10997460
256   9420432
256   10859196
256   10498136
256   10245816
256   11137656
256   10210192
256   11010428
256   10563140
256   9559032
256   11191992
256   8923372
256   9329652
256   10773888
256   11308948
256   9414808
256   9863668
256   9579280
256   10390980
256   10310652
256   10815652
256   10871912
256   11001628
256   9399940
256   10791656
256   10234232
256   9596340
256   11661972
256   9631912
256   10284080
256   9958028
256   10103128
256   10768664
256   10535512
256   9534840
256   11169484
256   9979996
256   9183788
256   11192492
256   9847156
256   10117936
256   10708780
256   11015552
256   10471340
256   10496312
256   10346024
256   10220896
256   10790012
256   9628652
256   10829112
256   9440500
256   9176348
256   10197776
256   10936768
256   9106736
256   10653568
256   9729592
256   10070384
256   10793852
256   9677460
256   10424016
256   10086736
256   10366256
256   11258812
256   10969744
256   9706720
256   10942028
256   11250448
256   10351864
256   10716236
256   10515432
256   9919680
256   10313336
256   10680228
256   11108988
256   10355560
256   9841392
256   10698060
256   10866492
256   9590272
256   11341040
256   10311676
256   9785324
256   11766676
256   10718296
256   9663760
256   10082128
256   10932400
256   9003816
256   10096036
256   9621300
256   10999960
256   9103928
256   8905764
256   11277728
256   10388960
256   9194336
256   11175948
256   9764252
256   9875840
256   10147128
256   10317056
256   11142940
256   9636144
256   9321996
256   11096448
256   10276944
256   10398904
256   10299948
256   10953228
256   10888280
256   10192012
256   9042264
256   10786304
256   10348096
256   10509776
256   10994888
256   9524540
256   9466260
256   11275208
256   9532440
256   10912336
256   11295160
256   9704464
256   9750480
256   9579692
256   10192448
256   10457152
256   10790424
256   10635080
256   10813408
256   10699556
256   9219440
256   11316912
256   10401152
256   8902628
256   10608068
256   9838200
256   9837060
256   9941364
256   10152596
256   9684696
256   11412948
256   9234688
256   11051380
256   10185224
256   9447176
256   11083592
256   9462136
256   9814468
256   10719332
256   11348788
256   9201500
256   10352508
256   10995680
256   11075228
256   10620836
256   9614944
256   9289312
256   11071436
256   9929080
256   10313640
256   11419448
256   10644644
256   10372576
256   10498300
256   10399664
256   10694400
256   10003880
256   9396128
256   10460828
256   9944476
256   9325556
256   10690576
256   9610204
256   10697284
256   10205716
256   10649840
256   9620548
256   10465152
256   10215176
256   10753768
256   10628544
256   10865744
256   10877224
256   10706444
256   10698340
256   10745028
256   9880564
256   9199564
256   10853520
256   10455380
256   11377600
256   10034176
256   9351048
256   10931308
256   10348424
256   10229232
256   10508864
256   9728424
256   10330460
256   10858596
256   10831772
256   10498452
256   10040088
256   10359360
256   10546956
256   10290284
256   9675284
256   11056612
256   10974992
256   9428264
256   10869240
256   9921808
256   9315048
256   10945308
256   9874416
256   10630576
256   10491564
256   10234552
256   11377952
256   10783864
256   9579832
256   11232028
256   11321540
256   9070352
256   10027156
256   10291100
256   10243100
256   10842776
256   9591348
256   10862748
256   11037228
256   9454032
256   11462496
256   10978932
256   9580236
256   10813716
256   11425212
256   10446280
256   11122108
256   10090948
256   10012748
256   10645744
256   11532292
256   10897020
256   11310272
256   8891736
256   10857324
256   9781980
256   9425908
256   10748876
256   9558484
256   11129088
256   10826120
256   10765460
256   10658020
256   10724840
256   10600064
256   10945784
256   10957868
256   11194688
256   10056848
256   10689840
256   10896576
256   10399396
256   11399676
256   10671704
256   10913440
256   11147996
256   10152760
256   10942156
256   11024988
256   10990444
256   10327712
256   10652748
256   10880276
256   9432100
256   10929156
256   10626440
256   9124160
256   10995812
256   10341224
256   10000772
256   10981996
256   9990228
256   11079252
256   10499296
256   9369076
256   11271504
256   10152540
256   10401108
256   10370768
256   10270476
256   11093840
256   11080336
256   10414056
256   11034444
256   9315900
256   9429516
256   10062880
256   10969264
256   10666440
256   10590172
256   10081668
256   10723776
256   9975032
256   10576980
256   11273576
256   10364556
256   10629228
256   10702704
256   10695292
256   10609764
256   10268748
256   8784092
256   11141392
256   10948992
256   9790912
256   10700028
256   9842208
256   9558248
256   10415648
256   10754576
256   11209556
256   10779664
256   10338992
256   10948048
256   10182664
256   8955532
256   10804056
256   9126040
256   11195420
256   10189216
256   10066844
256   10898768
256   10610164
256   9731316
256   10613424
256   9108980
256   10085596
256   11244608
256   10156664
256   9494828
256   10774272
256   10760196
256   11029780
256   10178640
256   10399528
256   10830556
256   11196988
256   10181876
256   10989476
256   11394316
256   10375328
256   10328528
256   9598696
256   10704932
256   10702284
256   10846584
256   10640696
256   10982724
256   10300884
256   10611804
256   9186132
256   9625584
256   10749988
256   10517072
256   10320852
256   10572232
256   10264352
256   10485704
256   10494944
256   11114464
256   11081284
256   9284200
256   10495824
256   10973600
256   10798956
256   9674388
256   10080836
256   10742180
256   11029280
256   10658512
256   10425192
256   11297816
256   10557996
256   9418612
256   10547356
256   10370740
256   9548588
256   10979048
256   9413808
256   10837396
256   10723768
256   10234120
256   10738372
256   9750436
256   9350768
256   10366864
256   9515412
256   10580616
256   10779380
256   9049712
256   11045816
256   10752576
256   9892096
256   10766444
256   11379020
256   9188752
256   11045332
256   10320164
256   10516696
256   10070268
256   10873960
256   10769928
256   10331292
256   9599960
256   10629476
256   9873364
256   9120460
256   10496672
256   10235092
256   11143108
256   11200268
256   9764412
256   9871128
256   10080020
256   9518192
256   9167696
256   10040436
256   10204844
256   10524220
256   10388720
256   9699636
256   10760740
256   9980664
256   9581768
256   10598164
256   9087888
256   10166764
256   10330788
256   9835404
256   10512388
256   10605288
256   10127932
256   11067820
256   10356068
256   9671728
256   11342128
256   9497780
256   10099056
256   10621716
256   10755184
256   8968484
256   10498452
256   10443604
256   9150704
256   10750720
256   9207932
256   11369680
256   10735920
256   8702176
256   10656508
256   9859776
256   10164720
256   10790868
256   10706876
256   10812832
256   11337400
256   10002108
256   9240192
256   11120188
256   9009640
256   11117548
256   10481308
256   11148292
256   11113492
256   9272284
256   9447328
256   10855532
256   9349480
256   9544964
256   11130860
256   11039192
256   11003420
256   10050044
256   9365772
256   9522164
256   10708528
256   9605016
256   11303296
256   10656916
256   10631372
256   11093800
256   10715700
256   10290000
256   10831524
256   10129404
256   9406572
256   10334960
256   10506008
256   10959672
256   10352300
256   9307972
256   10709768
256   10805796
256   10557812
256   10812496
256   10879772
256   10469924
256   11204108
256   11001532
256   10949148
256   9773488
256   9945500
256   10874208
256   10587976
256   10600860
256   11269096
256   9906336
256   9331996
256   11005748
256   10363220
256   10907048
256   10064680
256   10406956
256   10435664
256   10211776
256   10220820
256   11147396
256   10765008
256   10616072
256   10751504
256   9289252
256   10341700
256   10286988
256   9844056
256   11140860
256   10542236
256   10152484
256   11015396
256   10275948
256   9635428
256   11185748
256   9411352
256   9829476
256   11058876
256   9126020
256   11243484
256   10182100
256   10134104
256   11064164
256   10404804
256   9391080
256   10754700
256   10403184
256   10950516
256   10450080
256   10775500
256   10990484
256   10661208
256   10778588
256   11170260
256   9409152
256   9270088
256   10810896
256   10506364
256   9576760
256   10578608
256   10680856
256   9534564
256   10599960
256   10149688
256   11339008
256   10656748
256   9804956
256   10972368
256   10055648
256   9598352
256   10733220
256   9842048
256   10708972
256   10085260
256   9485952
256   11090116
256   10270292
256   10461528
256   11031932
256   10413144
256   10838028
256   10801224
256   10152488
256   9076004
256   10463296
256   10754948
256   11339140
256   10509104
256   10853180
256   10764256
256   9983952
256   10643328
256   11177764
256   10945776
256   8827732
256   10854992
256   9918528
256   10643104
256   10485488
256   10368740
256   9246112
256   10964904
256   10620840
256   11225764
256   9951292
256   10464600
256   10658040
256   10901304
256   10030960
256   10096196
256   10767872
256   9759280
256   10614112
256   9768236
256   11298828
256   10085452
256   9896832
256   11118904
256   11062816
256   10079352
256   10633480
256   10858940
256   10995928
256   10151500
256   9847396
256   11404916
256   10221292
256   10903156
256   10829420
256   8925344
256   8866156
256   10226968
256   10817964
256   11319592
256   10614360
256   10781072
256   11249740
256   10854536
256   9911392
256   11372448
256   10574788
256   10411636
256   10458988
256   10770504
256   10317720
256   10340324
256   10717564
256   10882860
256   10123392
256   11269960
256   10889888
256   10355108
256   9582768
256   10962184
256   9707044
256   10780520
256   10045552
256   9846136
256   10787180
256   10714080
256   9704108
256   11176480
256   10216352
256   10180604
256   11018536
256   10820152
256   10928524
256   10890020
256   9691164
256   11036764
256   10507120
256   9187796
256   10369300
256   10879832
256   9966228
256   10678140
256   10225900
256   11022108
256   11156200
256   10202152
256   10927416
256   10515752
256   9432188
256   10990932
256   9356968
256   10701044
256   11039592
256   9350352
256   9312168
256   10247856
256   9647468
256   10818656
256   11037780
256   9779680
256   11478232
256   9616960
256   9118036
256   10544492
256   10177208
256   9987056
256   9602488
256   10541148
256   11900600
256   10568196
256   9521472
256   11102292
256   11128688
256   10417072
256   9780704
256   9998664
256   10462416
256   10754276
256   10060968
256   11099604
256   10626920
256   10660156
256   10686416
256   10167772
256   9335092
256   10866744
256   10834844
256   9885076
256   10424392
256   9501020
256   8784716
256   11320548
256   9436208
256   10107268
256   9980104
256   9684068
256   11106836
256   10095716
256   9371552
256   11315920
256   10282492
256   10796508
256   10826816
256   9529276
256   9010096
256   10202004
256   9683080
256   11388732
256   9952552
256   10679728
256   10785992
256   9894720
256   10844472
256   10806676
256   9730264
256   9559512
256   10543480
256   9813348
256   11266128
256   10253408
256   10433484
256   10306304
256   10221836
256   9399836
256   10981888
256   11442976
256   10845704
256   11102324
256   10759728
256   10693712
256   11203692
256   10841464
256   10193532
256   10306732
256   10914708
256   8986540
256   10854424
256   9193760
256   11150316
256   10083520
256   9509816
256   11069664
256   10594604
256   9323488
256   10863356
256   8775096
256   10140320
256   10211832
256   9973688
256   10913316
256   10596316
256   10357060
256   10654804
256   9740208
256   9576396
256   10345848
256   10255260
256   10760288
256   10740652
256   9560180
256   10951280
256   10421948
256   9601864
256   11026552
256   10335572
256   9362264
256   11085880
256   9918936
256   9528200
256   10387420
256   10918580
256   10258816
256   10701944
256   9301000
256   11015076
256   10379680
256   10252872
256   10952848
256   9309752
256   9916464
256   10617924
256   10453576
256   11454940
256   10392696
256   10644552
256   9428116
256   10740616
256   9828344
256   10605372
256   10252660
256   10739184
256   10825768
256   10452056
256   10437812
256   10783880
256   9313356
256   9974896
256   10727188
256   11399756
256   8680728
256   10393940
256   9943108
256   10918140
256   10588144
256   11366392
256   11070096
256   9930740
256   10618108
256   11181448
256   9853308
256   8813648
256   11200796
256   11185028
256   10574092
256   10819500
256   9288944
256   10820084
256   10563680
256   10679224
256   11073468
256   11296840
256   8631816
256   10352276
256   10242860
256   10635964
256   10526636
256   10121868
256   10489328
256   10768544
256   10373384
256   11078404
256   9557952
256   10539180
256   10597640
256   11036044
256   10391572
256   10358612
256   9492596
256   10814888
256   9524076
256   9828840
256   10327660
256   11387248
256   9095076
256   9736320
256   9392216
256   10912712
256   10559552
256   9423476
256   11171648
256   9698260
256   9980988
256   11546952
256   10910232
256   9879136
256   10433824
256   10671780
256   11067488
256   10676888
256   9713072
256   11589220
256   10992708
256   9915344
256   11222260
256   10728588
256   10803244
256   11265972
256   9772328
256   10942644
256   10838552
256   9932760
256   10848440
256   10529244
256   9302268
256   10008336
256   10136984
256   10999808
256   11035968
256   10390900
256   10389428
256   10990208
256   10121400
256   9550944
256   10906148
256   10642824
256   10780364
256   10764772
256   10594136
256   10928476
256   9880356
256   10377900
256   10547556
256   9543304
256   11154428
256   9795840
256   10581228
256   10798156
256   11159556
256   10587812
256   10938660
256   9744568
256   9859084
256   10578732
256   9603176
256   9836136
256   10216272
256   10576104
256   10589460
256   10423776
256   10133176
256   10965596
256   10872112
256   8627104
256   9549704
256   11092048
256   10831188
256   10340212
256   10060556
256   11584924
256   11001304
256   9671012
256   10539372
256   10597632
256   10612012
256   10792464
256   9597096
256   9340284
256   11280928
256   10678596
256   10987620
256   10140340
256   10896048
256   10510352
256   9765012
256   10168780
256   10803008
256   11102672
256   9373268
256   10725524
256   9418728
256   9292124
256   10795940
256   9957860
256   9796532
256   10980624
256   10080748
256   10866092
256   11302324
256   10854256
256   10956416
256   11358904
256   9810596
256   10769428
256   9401236
256   10277700
256   10380048
256   11161928
256   10818680
256   10908832
256   10114820
256   11550384
256   10947040
256   11293768
256   10486260
256   9653744
256   9162420
256   10798668
256   9600468
256   10353904
256   10065688
256   10377712
256   9717816
256   10651872
256   9735052
256   10866548
256   10519220
256   9412812
256   10389152
256   9767548
256   10278144
256   10989520
256   11048256
256   10781516
256   10423100
256   10222628
256   11332536
256   11378492
256   9949300
256   10547544
256   11174952
256   10284308
256   10658812
256   10174048
256   11712272
256   9982844
256   9776684
256   11578472
256   10544704
256   10514280
256   11059856
256   9825108
256   10565472
256   11164996
256   9060392
256   9905620
256   10145104
256   10638700
256   10832660
256   9066340
256   10640052
256   10830432
256   10280324
256   9574672
256   10982660
256   9544752
256   10835976
256   10170092
256   11084000
256   10817460
256   9399436
256   9688484
256   9614856
256   10719764
256   10484408
256   10049020
256   9851068
256   11557112
256   9412752
256   9202772
256   11375280
256   9961164
256   10018640
256   10663908
256   10872000
256   9730988
256   10456888
256   10426960
256   10948740
256   10592424
256   9788872
256   11456344
256   9759476
256   9836528
256   11291888
256   9283408
256   10214676
256   11318472
256   9466132
256   9687408
256   10258948
256   9824916
256   10340832
256   10825060
256   9110204
256   10681352
256   11173564
256   9723912
256   11276076
256   9342208
256   9728352
256   11291664
256   8995504
256   10275604
256   10198736
256   8838444
256   10609992
256   10769596
256   9551984
256   10915076
256   10535384
256   10535536
256   10931352
256   9831324
256   10387624
256   10758472
256   10119712
256   9034984
256   10866324
256   9701864
256   10874636
256   10577052
256   10177208
256   11040456
256   11312612
256   9926508
256   10823348
256   9683116
256   9335468
256   10655244
256   10446480
256   8964800
256   11011896
256   9677076
256   11104668
256   10700084
256   10921948
256   11366888
256   10806500
256   10268068
256   11084840
256   9759900
256   10017392
256   10902660
256   10705456
256   9000900
256   10749540
256   9155140
256   11019968
256   10483664
256   10324808
256   11479460
256   9533996
256   10685608
256   11542820
256   9879332
256   9048624
256   10857856
256   10398524
256   9805844
256   10539412
256   9715088
256   11037040
256   10645728
256   9789368
256   11077744
256   10243732
256   9507804
256   10167632
256   8928968
256   11042040
256   10488020
256   9670436
256   10420024
256   10077344
256   9854208
256   10893748
256   9723324
256   8960208
256   11017336
256   9369952
256   9642020
256   10527660
256   8663172
256   10919060
256   10020996
256   10518520
256   10793040
256   9276240
256   10992820
256   10972908
256   9776448
256   9269500
256   10994036
256   10401880
256   9382776
256   10008128
256   9343540
256   9751276
256   10582736
256   9026656
256   10218364
256   10325712
256   10231456
256   11378764
256   11138468
256   9649064
256   11215880
256   9460084
256   11017964
256   11417912
256   10708832
256   10154748
256   10931192
256   9870136
256   9874804
256   10847660
256   10202140
256   11011096
256   10826976
256   10522908
256   10796436
256   11526060
256   10617888
256   10705728
256   10599332
256   10254516
256   10759468
256   10505280
256   10688924
256   10979640
256   10502228
256   10220256
256   10591740
256   10023688
256   10724684
256   10475384
256   9734940
256   10621840
256   9973644
256   10589124
256   11045212
256   9392616
256   9930656
256   10889856
256   10422948
256   10658320
256   10142628
256   10221176
256   11270228
256   10492476
256   10034300
256   10266108
256   9367828
256   10960640
256   9753052
256   10514732
256   10810248
256   9863664
256   10258688
256   11004412
256   10033800
256   9218724
256   10328052
256   10125420
256   10519428
256   10787356
256   10567212
256   11487120
256   11457628
256   11053276
256   11096796
256   11252912
256   9457784
256   11041088
256   11342972
256   10235732
256   10021780
256   10318660
256   9386132
256   10090652
256   9109228
256   10570172
256   10222244
256   10458128
256   11077184
256   10543980
256   9793552
256   11144492
256   11059224
256   10866196
256   10505848
256   9739508
256   10658344
256   10461348
256   10749328
256   11114880
256   11019696
256   10306112
256   10882148
256   10128440
256   10757404
256   8725656
256   8891112
256   11489240
256   9791072
256   9201528
256   11315916
256   9570864
256   9264016
256   10989896
256   9248028
256   9220368
256   10933372
256   9732940
256   10718480
256   10495176
256   10263464
256   11016268
256   10428784
256   9569268
256   10912764
256   9145240
256   11323272
256   10450084
256   11373796
256   11275124
256   10379844
256   10494392
256   10954444
256   10448252
256   10625108
256   11127236
256   10411468
256   11333592
256   10782384
256   9881388
256   9502912
256   10997516
256   9480424
256   9306256
256   10313024
256   9240980
256   10834176
256   11009524
256   10095280
256   11005844
256   9902108
256   10859076
256   10597068
256   11133692
256   10381860
256   11145516
256   10632224
256   11250940
256   10135964
256   10261528
256   10917308
256   9716020
256   10016904
256   10324928
256   11033640
256   10479304
256   10742972
256   9280632
256   10680600
256   10861888
256   10203624
256   10490224
256   10234512
256   11297464
256   10675500
256   10113648
256   9827012
256   10490636
256   9693464
256   11715964
256   10488276
256   10946284
256   11287612
256   9573360
256   9716100
256   10650792
256   9251840
256   11450432
256   10471404
256   10397200
256   11244548
256   9185688
256   11546176
256   10817152
256   10481848
256   9483912
256   10643380
256   9741096
256   9161164
256   10145372
256   8802312
256   11431476
256   11242104
256   10550876
256   11516412
256   9691796
256   9489724
256   10035004
256   10445340
256   10703972
256   10763592
256   10209836
256   11091832
256   10837268
256   10632552
256   10760796
256   9958468
256   10781440
256   10411680
256   9517436
256   10624696
256   10444916
256   10677728
256   11007700
256   10955852
256   10216968
256   10889396
256   11119112
256   9391892
256   10715308
256   10582268
256   10149520
256   11340332
256   11404160
256   9986488
256   9850984
256   10358816
256   11332060
256   10579376
256   9563324
256   10768468
256   10242500
256   10435840
256   10391348
256   9982444
256   9482552
256   10681800
256   9983412
256   10641328
256   10928200
256   10423288
256   10911144
256   11058868
256   10180516
256   10452540
256   9428312
256   10412656
256   10368852
256   9808756
256   11431316
256   10101692
256   9882528
256   11463268
256   10965756
256   9796876
256   10238188
256   10610928
256   11125492
256   10416500
256   9675668
256   11010936
256   10423772
256   9823476
256   11125928
256   10126432
256   9393356
256   10649172
256   10446352
256   11080436
256   10863816
256   9572396
256   10838744
256   10166604
256   10572416
256   10356916
256   10594028
256   10256712
256   10915040
256   10590256
256   10470996
256   10834640
256   10303272
256   10887540
256   9735848
256   10728176
256   11100472
256   10442064
256   10430804
256   10471088
256   10772132
256   10031712
256   9863892
256   9551940
256   10977512
256   10814348
256   9362472
256   10856088
256   9601192
256   10693280
256   10757324
256   10958436
256   10271600
256   10335840
256   10960700
256   10894760
256   10941268
256   9688120
256   11212848
256   10241416
256   10556256
256   10646784
256   9893292
256   9141152
256   10988096
256   9014948
256   11065244
256   9533252
256   11057632
256   10951116
256   11020968
256   10730056
256   10996264
256   10901916
256   9165752
256   9931952
256   10551284
256   10961700
256   10061580
256   9430044
256   10860488
256   11005388
256   10153648
256   10808892
256   10577296
256   9558144
256   10895472
256   9650812
256   10777840
256   10675264
256   10299184
256   10918508
256   10609228
256   9997020
256   10784908
256   10085604
256   9928312
256   10986336
256   10417268
256   10972832
256   10652672
256   10787288
256   11367588
256   10563864
256   9753268
256   11387596
256   9456188
256   8945224
256   10739772
256   11504316
256   9424684
256   10227884
256   10301892
256   10795524
256   10385556
256   9267556
256   11091060
256   10125232
256   9407192
256   10943328
256   9714620
256   10748296
256   10358904
256   10933792
256   11245992
256   10290108
256   9581684
256   10936636
256   9592052
256   10478532
256   11100808
256   8535980
256   10914880
256   10297044
256   10212672
256   11341772
256   11192924
256   10004056
256   11023040
256   11344316
256   9674784
256   11259092
256   11123116
256   9680912
256   10659076
256   9440784
256   10703580
256   11007600
256   9951944
256   11335356
256   10427148
256   9563756
256   11368956
256   9636252
256   9457280
256   10324060
256   10089028
256   9823480
256   9734528
256   9666140
256   11002808
256   10829724
256   9877244
256   10914840
256   10324940
256   8893244
256   10160752
256   10215696
256   11397576
256   11202692
256   10059752
256   10568040
256   10251196
256   11013248
256   11178428
256   9798420
256   9326976
256   10684924
256   10030588
256   10949656
256   10241312
256   11150736
256   10968164
256   10671300
256   10733620
256   10763452
256   10508684
256   9453048
256   11108980
256   10224416
256   10095112
256   10929480
256   9533228
256   10356468
256   10598056
256   9359556
256   10384972
256   10647580
256   9477932
256   10985660
256   10238228
256   10865632
256   10861360
256   10729520
256   8698732
256   10830780
256   10568780
256   11160036
256   10068184
256   10967108
256   11120816
256   9578804
256   8863808
256   10130000
256   10455376
256   10682908
256   11373236
256   8807244
256   11035224
256   9813652
256   10774168
256   10809916
256   10835332
256   9975976
256   11035132
256   9876108
256   10824288
256   10250652
256   10022760
256   10664988
256   10234176
256   9548004
256   9848392
256   10623620
256   9729928
256   11084456
256   10311368
256   10757876
256   11077632
256   10099788
256   10355488
256   10731876
256   10436956
256   10413800
256   11182172
256   8989764
256   8928136
256   10531712
256   10686244
256   10448432
256   10300260
256   10777380
256   11176248
256   10082840
256   10492144
256   11146368
256   11081112
256   9626248
256   10628648
256   9514012
256   9558472
256   10735648
256   9905200
256   10892224
256   9804744
256   10752600
256   10367392
256   9227120
256   10904712
256   11009860
256   10948524
256   8745032
256   10864196
256   11270716
256   10446104
256   10245820
256   9421780
256   10761144
256   10138700
256   10195308
256   11019692
256   9752412
256   10341556
256   11591236
256   10061056
256   9333152
256   10606632
256   9729912
256   10942796
256   9363016
256   10185580
256   10888248
256   9504664
256   9465736
256   10379452
256   10644484
256   9159324
256   10586104
256   9488920
256   9365732
256   11005488
256   10220976
256   9180592
256   10621236
256   11007204
256   11508088
256   10475144
256   10294376
256   11244288
256   10470420
256   9801548
256   10750376
256   10284652
256   8850388
256   10001788
256   9818960
256   9638436
256   10608668
256   10433328
256   10361732
256   10711184
256   9818804
256   10865332
256   10893820
256   10746040
256   10350356
256   10093576
256   9016712
256   11138780
256   10596328
256   9917824
256   10015900
256   10177400
256   10514788
256   9569348
256   9568628
256   10751352
256   9588108
256   9682456
256   11065104
256   9557208
256   9172776
256   11163944
256   9470104
256   9782396
256   9960300
256   10098416
256   9967532
256   10420740
256   10095900
256   10678476
256   11069412
256   11152744
256   10924088
256   10508852
256   9086108
256   10877924
256   9820496
256   10381084
256   10934496
256   8741372
256   10645672
256   10645904
256   10388292
256   10451628
256   10350728
256   10243316
256   10638400
256   10566428
256   10883920
256   11384208
256   9395040
256   10022696
256   10652212
256   9632996
256   9178024
256   10739272
256   10642088
256   10180896
256   9597972
256   10424224
256   11121948
256   10080876
256   11368788
256   12622900
256   11494112
256   10508636
256   11026628
256   14986140

