63   2141184
189   6863128
256   9153784
256   8696816
256   8611336
4   163308
256   8063260
256   8606128
256   8432700
256   8389072
256   8663364
256   8583020
256   8370924
256   8349064
256   8193512
256   8238576
256   8669224
256   8556780
256   8516440
256   8681548
256   8544336
256   9413812
256   9054240
256   8459120
256   8392452
256   8629976
256   8071548
256   8757052
256   8548108
256   8553024
256   8829764
256   8332820
256   8391792
256   9054984
256   8383832
256   8722556
256   10846164
256   8402440
256   10263672
256   9473804
256   10591584
256   10440992
256   9819740
256   9459904
256   10832456
256   10760944
256   9778956
256   10813940
256   10716700
256   9681456
256   11631836
256   9991340
256   10561784
256   9163200
256   9345068
256   11094936
256   10967920
256   9044684
256   10189120
256   11130612
256   9738092
256   9500884
256   11112260
256   10915060
256   9704640
256   11227400
256   11079272
256   11101264
256   10069596
256   9753532
256   11118524
256   9920224
256   11106040
256   10489060
256   11178812
256   10013776
256   9842320
256   10503384
256   11279316
256   9396076
256   9574544
256   10547248
256   9176864
256   9639124
256   10705628
256   9544736
256   9062712
256   11282884
256   10127844
256   10436888
256   10177784
256   9385968
256   9208144
256   10102592
256   10176592
256   9919600
256   10933120
256   9494240
256   11045312
256   10063948
256   9303032
256   11170740
256   10281700
256   10676700
256   11220052
256   10711780
256   10082124
256   10401324
256   11214576
256   9082904
256   10246372
256   11015372
256   10415668
256   9115708
256   10641912
256   10431724
256   9148716
256   10577228
256   9401548
256   10521308
256   10853308
256   11153808
256   8799168
256   11053868
256   11233208
256   10375652
256   10987532
256   10841152
256   9477648
256   10766208
256   9924568
256   9518764
256   10732400
256   10768988
256   9297824
256   10820032
256   10444320
256   10595728
256   10181216
256   10814796
256   9358984
256   10914460
256   9124300
256   10374840
256   11012704
256   9578856
256   9905736
256   10986276
256   9903692
256   10939044
256   10890864
256   8990308
256   9674352
256   10104612
256   10377828
256   10603864
256   10487932
256   11080124
256   9841020
256   9955180
256   9637500
256   9343496
256   10521236
256   10026328
256   9533596
256   10548688
256   9591840
256   10927208
256   11349856
256   9076452
256   9644708
256   11040652
256   9015728
256   11141108
256   11066176
256   9289560
256   9964548
256   10890816
256   9228412
256   9701744
256   10973812
256   9473628
256   9110180
256   10020396
256   9066660
256   9674020
256   11007568
256   9094076
256   8816428
256   11058132
256   11339932
256   10622872
256   10839928
256   10688308
256   10323548
256   11268540
256   10362776
256   9199484
256   11026588
256   8746776
256   9456000
256   10890980
256   10926920
256   8863888
256   10725468
256   11042244
256   9521144
256   11374176
256   8905172
256   10311604
256   10994684
256   10773416
256   9072292
256   10932456
256   10763500
256   11644488
256   10479840
256   10262852
256   9719116
256   10999724
256   9576072
256   10489960
256   10334740
256   10425832
256   10327732
256   10576256
256   10711432
256   10978160
256   10863540
256   10187632
256   9256680
256   11353992
256   10506792
256   10407048
256   9051360
256   10018068
256   9424296
256   10901324
256   10858804
256   9090148
256   9148720
256   10453616
256   10820916
256   11454816
256   10601128
256   9909436
256   10129536
256   10283460
256   10144548
256   9145932
256   10741184
256   10869320
256   10219368
256   11143372
256   10192016
256   8808136
256   10747288
256   9828896
256   10543856
256   11025808
256   9956316
256   9061600
256   11036408
256   9256428
256   9166792
256   10615448
256   10342980
256   9758368
256   9923524
256   10332076
256   9523700
256   10460420
256   11500740
256   10056976
256   10785436
256   11415148
256   11276732
256   10560268
256   10366212
256   11182104
256   11102644
256   10535500
256   9393440
256   11081704
256   9948560
256   10562660
256   10929260
256   10213640
256   9537500
256   11114192
256   10144568
256   9215592
256   9099788
256   9844336
256   10155008
256   9319736
256   10103616
256   9132728
256   9264432
256   9677504
256   9926940
256   10688048
256   10208524
256   8960488
256   11048932
256   10968440
256   9899344
256   10950032
256   9206736
256   9430480
256   11309076
256   10545400
256   9257424
256   11168060
256   10114940
256   10715872
256   10760960
256   10289828
256   10555116
256   11016876
256   10871224
256   9430972
256   10612648
256   10733616
256   9192328
256   10963008
256   10221892
256   10605444
256   10426844
256   10338984
256   9837588
256   9931720
256   10282412
256   10271764
256   10914592
256   11258232
256   10530976
256   9118828
256   10373268
256   10843496
256   10173984
256   10697732
256   9533244
256   10373660
256   11051700
256   11010512
256   10591120
256   10273536
256   10961128
256   11051060
256   10623376
256   10102392
256   10622504
256   10574612
256   10733284
256   10767460
256   10453500
256   10601152
256   9394504
256   10481160
256   10698660
256   11028940
256   10982900
256   10647000
256   11230008
256   10114900
256   10140244
256   10992700
256   10924920
256   9150428
256   11164472
256   9311164
256   10948020
256   10597580
256   11504320
256   9455992
256   10516088
256   10807684
256   11102896
256   11093056
256   9561100
256   9595556
256   10173216
256   9581152
256   9992792
256   10821480
256   9584376
256   8948136
256   9521092
256   9029488
256   11009572
256   9939672
256   9846792
256   10590424
256   10485820
256   10438992
256   11103216
256   10265864
256   10531732
256   10799996
256   9867428
256   9108488
256   11348340
256   9588816
256   8832716
256   10636056
256   10083080
256   8667816
256   10600468
256   9090444
256   8830248
256   11272272
256   10882340
256   9950752
256   11178092
256   9903508
256   11300380
256   10840220
256   10106208
256   10526660
256   11272724
256   10262456
256   10259068
256   11208852
256   10105568
256   10256504
256   10794060
256   10790956
256   9550292
256   11029236
256   10209760
256   10570408
256   10744700
256   9332084
256   10337536
256   9797376
256   10512092
256   9897624
256   10032980
256   10839216
256   9248444
256   10219448
256   10248100
256   10611272
256   9407148
256   11342172
256   9258956
256   10813388
256   10081244
256   10321272
256   11226092
256   10627200
256   10079992
256   10389800
256   9521464
256   9587316
256   10919836
256   9986652
256   9530488
256   11202288
256   9940488
256   9370456
256   11036484
256   10493144
256   9249216
256   10653372
256   10709848
256   9223412
256   11067424
256   9315292
256   8850488
256   11240764
256   10957728
256   9890748
256   11125632
256   9614396
256   10002584
256   10824636
256   10050068
256   9512992
256   11122580
256   9969676
256   11116768
256   10392596
256   10591932
256   10662996
256   10990608
256   10731192
256   9081540
256   10998644
256   10951040
256   10790004
256   10656676
256   11339792
256   9391464
256   10865896
256   10763560
256   9680668
256   11325508
256   10301920
256   9190596
256   10683620
256   9627856
256   9413888
256   10661872
256   10712264
256   9388548
256   10636664
256   10401072
256   10113608
256   11214636
256   8850240
256   10479964
256   10979408
256   10906568
256   10359100
256   11193332
256   9630256
256   9652904
256   9805792
256   10128864
256   9007496
256   9677376
256   10561404
256   9192176
256   10126536
256   9476996
256   9763380
256   10851048
256   10175552
256   8682100
256   9122024
256   9531968
256   9526676
256   11103200
256   11205420
256   11154804
256   10724176
256   9155632
256   9261996
256   10623600
256   9566684
256   10251008
256   9933276
256   10358432
256   9419120
256   10262736
256   11051180
256   9499468
256   10674044
256   9503068
256   10714508
256   11122792
256   10718120
256   11275364
256   10719932
256   11189076
256   9330992
256   10154452
256   10393020
256   9916376
256   10653648
256   10574228
256   10003580
256   11036192
256   10682032
256   8802100
256   9387780
256   10601232
256   10163644
256   9316756
256   10375928
256   9110508
256   11333644
256   10186788
256   10271068
256   8943816
256   9696852
256   9104136
256   9863968
256   10100516
256   9389252
256   10665712
256   10372576
256   9303432
256   10531308
256   11347340
256   10970068
256   11222124
256   9855852
256   9572404
256   11272004
256   10793496
256   9087808
256   11268304
256   10394692
256   10130208
256   11235844
256   11278760
256   10896092
256   10548392
256   10172428
256   11179924
256   9459208
256   10349916
256   9601828
256   9129712
256   10654376
256   9481524
256   10094180
256   10996004
256   9597568
256   9458196
256   10644000
256   10714288
256   8857328
256   10865656
256   8723172
256   10679692
256   11004788
256   9823444
256   11203192
256   10045704
256   9257696
256   10204296
256   9569088
256   8942500
256   10894312
256   11302540
256   10444708
256   11215848
256   9104228
256   9429128
256   11666940
256   10708176
256   9290872
256   11057296
256   10916348
256   9667136
256   10775596
256   10456204
256   10055028
256   10579252
256   10317332
256   9325540
256   11192628
256   10828188
256   10027684
256   10963136
256   10899052
256   9538064
256   9693404
256   9871396
256   9465884
256   11000132
256   10311680
256   10446400
256   10437468
256   11046744
256   10804368
256   10654604
256   9848568
256   10474968
256   11255144
256   11160012
256   8801784
256   10865676
256   11008052
256   9222076
256   10341388
256   11729748
256   9670036
256   10765412
256   9622716
256   8869788
256   11191824
256   9625512
256   10937444
256   10958952
256   9903120
256   10165896
256   11372080
256   10384432
256   8804792
256   10968276
256   10512192
256   10301276
256   10728204
256   10980368
256   9825880
256   10131104
256   10412812
256   11325088
256   9950772
256   9200800
256   9027304
256   10173236
256   9743712
256   9668164
256   10891560
256   9901740
256   9915520
256   10394820
256   9264424
256   9837836
256   10955740
256   11093392
256   11063056
256   10679824
256   9967968
256   9213044
256   11037332
256   10798788
256   10806904
256   10092968
256   10348616
256   11134840
256   11526292
256   9166468
256   10901196
256   10794396
256   9987776
256   10197976
256   10392560
256   10257628
256   9302768
256   10390888
256   10037636
256   10597632
256   10249424
256   9277604
256   10424016
256   10483548
256   10465328
256   11385692
256   10112660
256   9431336
256   10598036
256   10731828
256   9548188
256   10772416
256   10138452
256   9807764
256   10674888
256   10956512
256   9845588
256   10849892
256   10858212
256   9009724
256   10803672
256   8955556
256   10619380
256   10798508
256   10632768
256   10697544
256   11116976
256   10680696
256   10742264
256   10540436
256   10040356
256   10489016
256   10623144
256   10670404
256   9037444
256   11106868
256   10677528
256   10621164
256   10690972
256   10752772
256   10535176
256   10829428
256   10685088
256   8967812
256   10972912
256   9780936
256   10758556
256   11086920
256   10994192
256   9350716
256   11102640
256   10788588
256   10507096
256   11357212
256   10852732
256   9177484
256   11296268
256   10801092
256   9746648
256   10461236
256   9204316
256   8892912
256   11147520
256   9095604
256   10601152
256   10147816
256   9918144
256   11069332
256   10983108
256   10938496
256   10317416
256   10465164
256   9533940
256   10959092
256   11137004
256   10062684
256   10812128
256   9945308
256   10951028
256   10751328
256   8755444
256   9936828
256   11081416
256   9536184
256   9818964
256   10760940
256   10203944
256   9085120
256   10720136
256   10914520
256   9031960
256   11098108
256   10254828
256   10539572
256   11031044
256   10245924
256   9972592
256   10792196
256   9629768
256   8952956
256   10969892
256   9149236
256   10775252
256   11062776
256   10797952
256   10516928
256   10707144
256   9608828
256   10554268
256   11449092
256   9994160
256   10735484
256   10941624
256   10391168
256   10407192
256   11017020
256   9192232
256   9690220
256   10826376
256   10982712
256   10084424
256   11106936
256   10422924
256   9797892
256   11077416
256   10207324
256   8913104
256   10938428
256   9138664
256   10738448
256   10682540
256   11008092
256   10352096
256   11230136
256   10146784
256   10659864
256   9748212
256   9150692
256   10732316
256   10715252
256   9353416
256   9915440
256   9983052
256   9796380
256   9096340
256   10157948
256   9218552
256   10550972
256   9725460
256   10689920
256   11114208
256   10826024
256   10912008
256   10474424
256   10962140
256   10598040
256   9469268
256   9702804
256   10999432
256   10425764
256   11075144
256   9855344
256   10349044
256   10893732
256   9439796
256   11139524
256   10398308
256   10261016
256   10536892
256   10749764
256   10024896
256   10311176
256   10257480
256   9487176
256   10891984
256   10263028
256   10522532
256   10105828
256   10429084
256   10468808
256   11046380
256   10573872
256   9260352
256   10578996
256   10976680
256   9342400
256   10828272
256   10409876
256   9547940
256   10954896
256   11197124
256   9893400
256   10981836
256   11344376
256   10608984
256   10449740
256   10687488
256   10760768
256   10573612
256   9357184
256   11336476
256   10504416
256   8958024
256   10729152
256   10725640
256   9479644
256   10818620
256   10178532
256   9286396
256   10011888
256   9292664
256   9440448
256   10507928
256   9372204
256   10349444
256   10711260
256   9080092
256   10690692
256   10987232
256   9433904
256   10956532
256   9461032
256   10653984
256   10444408
256   10406956
256   10625840
256   10956376
256   11084224
256   11139612
256   10546792
256   9511272
256   11144520
256   10896916
256   10196348
256   10981788
256   10521068
256   9257072
256   10675560
256   9517372
256   9151072
256   11119436
256   10437276
256   10463272
256   11275940
256   10065116
256   9319960
256   10916536
256   10384256
256   9419124
256   10948160
256   10315140
256   10291004
256   10630472
256   10272812
256   10695300
256   10622320
256   9305792
256   11006080
256   9850096
256   9779632
256   11174516
256   9090276
256   8880844
256   10262164
256   10589356
256   9249076
256   9790700
256   11416824
256   11106604
256   10332712
256   9113312
256   11221376
256   11243552
256   10281144
256   10470576
256   10353280
256   10067836
256   10917632
256   9678752
256   9426020
256   10210920
256   11194416
256   10039012
256   9472636
256   11103992
256   10679808
256   10044204
256   11030732
256   10659496
256   10642428
256   9525768
256   10630836
256   10517908
256   9479852
256   11182240
256   10826468
256   10615196
256   11345616
256   9901604
256   9057964
256   11089036
256   10244996
256   10732008
256   10311764
256   10341660
256   10929728
256   10949032
256   9326228
256   11859280
256   10423452
256   9672440
256   10985128
256   9963500
256   9886780
256   10394084
256   10508356
256   10516820
256   11124648
256   10745048
256   11008052
256   10488488
256   10250572
256   10842752
256   11453600
256   9521520
256   10704504
256   9754836
256   9806020
256   10863548
256   10328436
256   11239264
256   11505236
256   9166724
256   11344824
256   9620836
256   9725936
256   11154972
256   9352396
256   10844332
256   10431328
256   9734500
256   9293632
256   10354484
256   9074584
256   11222560
256   10269020
256   10350124
256   10566724
256   10385868
256   9192180
256   9700772
256   9550944
256   11640836
256   10135836
256   9504796
256   10849212
256   10225516
256   10909484
256   10857736
256   10728528
256   10412992
256   11503908
256   10749768
256   9566156
256   10138948
256   9696696
256   9615272
256   10968740
256   9657676
256   9345140
256   10302700
256   9993896
256   9005644
256   10078120
256   9829392
256   10513320
256   10256996
256   10548056
256   11093320
256   10571800
256   10979864
256   11248516
256   10779828
256   10315904
256   10989896
256   9680648
256   9085512
256   9698716
256   9783864
256   9036144
256   11653588
256   11396904
256   9624680
256   10431688
256   10219084
256   11458916
256   10422048
256   9717512
256   11722144
256   9990720
256   10716580
256   11013148
256   10656956
256   9682376
256   10842508
256   10016856
256   9544468
256   11135920
256   10224672
256   9051956
256   10139224
256   10276964
256   11607932
256   10947492
256   10112420
256   9543176
256   10048776
256   9348500
256   10974204
256   9775916
256   10672796
256   11347020
256   9776044
256   9822848
256   10236124
256   9627644
256   10774152
256   10425572
256   9163596
256   10794956
256   10022880
256   9904116
256   10648800
256   9910096
256   9883000
256   10795052
256   10220612
256   8719308
256   10865268
256   10036072
256   10197924
256   10655784
256   9265512
256   9159352
256   10660960
256   9810704
256   11142368
256   10257452
256   9867016
256   11141548
256   9439844
256   9191920
256   10911512
256   9846344
256   10120520
256   9579796
256   10233680
256   10881100
256   10033284
256   10030492
256   10279880
256   10592612
256   9862820
256   11014512
256   11106608
256   10813156
256   11058308
256   11046604
256   10369884
256   10850464
256   10910932
256   9430068
256   10939460
256   9332468
256   9494340
256   10306784
256   10123900
256   10456544
256   10638560
256   9393952
256   9257348
256   10788732
256   9081148
256   11447920
256   10562920
256   11139672
256   10858344
256   10234568
256   10876472
256   11339668
256   10357664
256   9559780
256   10467956
256   10268832
256   8950012
256   10287676
256   9646848
256   11007384
256   10526556
256   9589460
256   11135172
256   9902988
256   9754632
256   11281740
256   10821672
256   10534708
256   10954532
256   10659792
256   9853892
256   11111528
256   11290600
256   10921652
256   9848852
256   9605156
256   11099308
256   9229396
256   10964768
256   11409276
256   9429828
256   9792336
256   11025084
256   9488900
256   9329136
256   10909808
256   9371052
256   10579992
256   10199908
256   10735628
256   10338956
256   10501460
256   9064232
256   10745396
256   10838456
256   10409936
256   10685656
256   10039932
256   8915092
256   10827492
256   9918444
256   11425668
256   11006260
256   10312604
256   10845524
256   9922124
256   9470628
256   11264704
256   10252832
256   10214056
256   11045012
256   9647784
256   11501356
256   10971824
256   10190240
256   10163812
256   10034220
256   9388352
256   10443776
256   10785548
256   10059256
256   10827584
256   9232288
256   9954780
256   10837232
256   10768020
256   9125700
256   11095620
256   10632400
256   8938924
256   10010948
256   10941012
256   10115540
256   9808548
256   10077120
256   10941704
256   9719668
256   9741636
256   10972624
256   9296332
256   10081040
256   10313988
256   9272332
256   10790732
256   10317368
256   8995988
256   10621308
256   11146564
256   10915204
256   10719468
256   11166460
256   8810224
256   11309452
256   8975584
256   9349696
256   10372572
256   11165156
256   9133460
256   10892808
256   10081480
256   10546496
256   10746544
256   9440216
256   11078264
256   11462444
256   9951768
256   10973724
256   10661588
256   9823568
256   11068128
256   11393972
256   10096876
256   11116592
256   9597864
256   8810616
256   10325152
256   9933104
256   9983732
256   10207292
256   8891904
256   9791052
256   10746444
256   11200860
256   11039184
256   11042604
256   9013644
256   10840024
256   9388204
256   8586100
256   11288056
256   9988624
256   9565088
256   9739528
256   9830292
256   11202904
256   9803248
256   11310020
256   11340352
256   10928092
256   9538008
256   10817720
256   10221080
256   9702844
256   10444112
256   10410804
256   8633844
256   10856136
256   10472180
256   10400624
256   10950676
256   9157664
256   11178100
256   10419340
256   10218360
256   10714088
256   10466656
256   9571452
256   9462264
256   10812836
256   10236212
256   11296436
256   10296592
256   9061124
256   11531748
256   10672016
256   9263484
256   11301884
256   10435104
256   10796848
256   10398256
256   10766168
256   9360488
256   10456140
256   10383516
256   11027356
256   10517004
256   10993464
256   11512068
256   9701608
256   10621284
256   10747752
256   10872396
256   10753192
256   10956792
256   10663308
256   10377416
256   10786096
256   10947064
256   10450744
256   9743108
256   10866884
256   10705568
256   10610072
256   10290368
256   10565216
256   9078960
256   8664812
256   10873908
256   10277940
256   10716464
256   10279036
256   9870080
256   11251416
256   9494984
256   9024572
256   10022408
256   9630912
256   9779728
256   10061984
256   11233488
256   10617612
256   11135604
256   9416372
256   10967236
256   9629888
256   10337864
256   10928628
256   10146244
256   10807376
256   10838860
256   10510624
256   10698336
256   10365788
256   10600036
256   11093108
256   10916144
256   9090448
256   10770064
256   10391640
256   9308188
256   10668756
256   10086476
256   10329052
256   11193340
256   10467364
256   10412364
256   10554228
256   10633696
256   10914196
256   9108012
256   8987300
256   11240352
256   9974504
256   8873616
256   10682964
256   9871776
256   9118476
256   10347192
256   10275876
256   10532636
256   10259464
256   10105104
256   11327232
256   9300596
256   10678656
256   10943300
256   11272572
256   8941384
256   10975016
256   9876460
256   10445840
256   10713056
256   10350636
256   10971628
256   10780060
256   10340892
256   11026540
256   9058620
256   8937132
256   11122512
256   10303760
256   9373808
256   11296864
256   10532968
256   10781580
256   10884024
256   10981292
256   10343872
256   9922952
256   9675556
256   10951160
256   11071292
256   10307212
256   11022656
256   10332932
256   9272468
256   11098364
256   8592824
256   11458672
256   10498460
256   10440936
256   10950960
256   9222960
256   9354040
256   11190716
256   9759968
256   11082892
256   11233108
256   10517456
256   10539328
256   10998676
256   9742824
256   10622224
256   11173692
256   8698196
256   11222284
256   9994092
256   10205264
256   9806464
256   11009028
256   11060176
256   10848408
256   10423776
256   11034968
256   11093040
256   10582936
256   11243104
256   9304844
256   10071908
256   10668300
256   9701252
256   9500716
256   10616684
256   9100544
256   11151068
256   11065644
256   11257516
256   11050636
256   10304980
256   11090860
256   11123916
256   9247680
256   9832296
256   10752156
256   10558596
256   10774544
256   10384024
256   9272772
256   10594064
256   9361028
256   9798908
256   9900928
256   9832092
256   10319436
256   10969720
256   11389020
256   10901964
256   10184452
256   10363236
256   10244964
256   9234848
256   9535500
256   11060628
256   8622992
256   10308460
256   10317532
256   9035524
256   11108620
256   10593376
256   9433784
256   10733536
256   10863276
256   9828300
256   10662324
256   9004880
256   10624740
256   10690372
256   10022496
256   9249656
256   9800684
256   9320964
256   11035188
256   10331524
256   9323176
256   11345340
256   11125800
256   10763848
256   11212216
256   9866840
256   9198576
256   11064124
256   11392864
256   10499824
256   10403152
256   9869980
256   10361792
256   11155568
256   9367252
256   10957084
256   9829496
256   10008992
256   10838636
256   10157312
256   8737508
256   11007516
256   10741292
256   9493788
256   10660024
256   8674164
256   9354532
256   10232080
256   10805176
256   10668472
256   10561052
256   9125564
256   11368080
256   10101232
256   9637668
256   10305292
256   9085524
256   9262052
256   10871932
256   11001432
256   11247764
256   10051248
256   10215624
256   11470528
256   10850112
256   9126312
256   11298152
256   9378940
256   9079284
256   11216372
256   10348836
256   10025748
256   10959028
256   8905004
256   10836204
256   9877820
256   10877812
256   10004328
256   10865264
256   9896504
256   10424520
256   9305308
256   9327508
256   10865632
256   9892844
256   9026972
256   10772356
256   10488608
256   9530320
256   10255924
256   10643328
256   11259420
256   10873344
256   10357032
256   11406960
256   9430040
256   10328552
256   10837068
256   10304400
256   8661932
256   10577148
256   10269408
256   9839376
256   10734984
256   9693744
256   11060776
256   10920908
256   9976272
256   11033760
256   9788888
256   10081512
256   10587680
256   9697864
256   9916504
256   10634176
256   10711228
256   8945260
256   10523592
256   10624892
256   11017596
256   9884012
256   10638112
256   11337964
256   10243584
256   9172232
256   11399136
256   10455608
256   9405268
256   10564100
256   8784996
256   10779864
256   10575448
256   8892704
256   10274580
256   10939908
256   10736720
256   10910060
256   9702084
256   10560532
256   11053760
256   9719388
256   9085500
256   11020820
256   9348640
256   9425508
256   9922592
256   9398460
256   11167204
256   10481292
256   9227572
256   10600332
256   10753360
256   8811236
256   10454200
256   10242820
256   9972332
256   11404752
256   11279028
256   10541852
256   11119320
256   10615024
256   11274252
256   10764836
256   9951556
256   10829164
256   10843624
256   9256184
256   10836172
256   10260944
256   9033680
256   11277392
256   9528348
256   10186992
256   11422296
256   10889156
256   9344932
256   9836772
256   9217124
256   10347632
256   10635076
256   9436516
256   10792196
256   10744976
256   10292168
256   11166400
256   9735288
256   8967212
256   10279532
256   9384564
256   11124120
256   10122784
256   9956592
256   11156720
256   9879404
256   9362876
256   10774136
256   9223920
256   10170336
256   10714400
256   9306676
256   10842332
256   10337204
256   10810316
256   10931804
256   10254268
256   9265904
256   11399236
256   9669536
256   9938276
256   11076724
256   10161828
256   9529680
256   11220392
256   9816152
256   9381820
256   10149960
256   10898452
256   9575820
256   10202096
256   9784916
256   10751964
256   10356644
256   9310284
256   11235500
256   10597864
256   8922536
256   10599260
256   11034712
256   10932092
256   10622612
256   10234128
256   9607908
256   10234776
256   9717936
256   10930408
256   10258680
256   9718884
256   11407752
256   10151344
256   11194388
256   11317188
256   10293552
256   8877720
256   10753756
256   10136560
256   9288840
256   10515420
256   9222992
256   10037980
256   10385860
256   9524536
256   11015844
256   9895588
256   10105140
256   11090192
256   9598600
256   10435704
256   11050208
256   10393824
256   8771592
256   10765352
256   9790268
256   11060168
256   11265672
256   9560400
256   11122628
256   10451792
256   10052568
256   11326056
256   9400616
256   10210964
256   10463644
256   9127932
256   9072120
256   11360728
256   11292232
256   10721464
256   10663592
256   10573596
256   11178304
256   9841584
256   10533120
256   10808640
256   10476168
256   9174924
256   11031800
256   9638040
256   9330960
256   10670772
256   10521908
256   10388808
256   10457380
256   10311556
256   10600040
256   11301840
256   9666512
256   11523696
256   10053816
256   9667056
256   10808424
256   9597428
256   9982172
256   10715864
256   9681940
256   11263828
256   9107648
256   10755072
256   11080348
256   9062732
256   9944700
256   10127612
256   10927740
256   9338952
256   10933688
256   11164692
256   11066724
256   10695748
256   11287380
256   10275784
256   9367192
256   9167444
256   10919832
256   10479296
256   9433892
256   10832472
256   9736700
256   10513640
256   10108316
256   10124808
256   11199704
256   10404496
256   10118316
256   11349288
256   11308772
256   10505016
256   10806508
256   10348384
256   10476344
256   10232028
256   9760220
256   10871316
256   10653140
256   10065412
256   11035400
256   10292152
256   10156380
256   11428224
256   9867616
256   9220744
256   10732904
256   9348072
256   10828784
256   10526468
256   10131964
256   11059132
256   10978672
256   10459072
256   11007324
256   10462908
256   10758232
256   10953612
256   11029972
256   10740348
256   10334932
256   9621092
256   10720924
256   10295824
256   9924564
256   11270660
256   11008344
256   10617556
256   9931608
256   9992068
256   11495300
256   10583996
256   9567244
256   11016084
256   11566032
256   9138788
256   11131784
256   9944944
256   9966608
256   10116372
256   9451748
256   11405468
256   10503612
256   9231372
256   11335724
256   10714272
256   8978684
256   10792444
256   9515920
256   10038944
256   10141468
256   9075104
256   9616664
256   10368772
256   9339680
256   9806844
256   10613048
256   9208472
256   11414100
256   10244064
256   10996676
256   10930024
256   9588308
256   10865916
256   11495908
256   10933460
256   10237796
256   10682040
256   9539796
256   10516940
256   10823992
256   9111944
256   12029256
256   10039748
256   11303276
256   10941644
256   9686084
256   9906840
256   10670324
256   10069592
256   9584368
256   10502344
256   10418536
256   9808232
256   10866500
256   10919336
256   11078552
256   11023984
256   9955872
256   10673144
256   9603708
256   9626108
256   10752164
256   9497284
256   8983696
256   10321764
256   9591488
256   10132832
256   9728912
256   10691528
256   11135064
256   11028044
256   9191892
256   11107716
256   9511288
256   10901252
256   11216716
256   11142672
256   9329392
256   10287848
256   8995564
256   11230144
256   10879868
256   10541212
256   11514604
256   9547484
256   9035148
256   11239316
256   9578444
256   10101240
256   10756656
256   10532896
256   9067596
256   11147224
256   8986776
256   10363972
256   9928448
256   8993220
256   10683120
256   9933812
256   9273216
256   11276108
256   11216976
256   9366412
256   10971620
256   9589032
256   9949780
256   9857976
256   10228088
256   11285544
256   10867664
256   9733420
256   10898868
256   10598952
256   10037320
256   11489616
256   10779408
256   10157744
256   11129872
256   10335304
256   10653940
256   10432948
256   9562572
256   9091156
256   10542200
256   9165568
256   9320596
256   11107312
256   9194360
256   10839040
256   10879584
256   11065568
256   11196208
256   10825228
256   9642492
256   10761732
256   10781768
256   10791620
256   10396360
256   9607164
256   11169332
256   10930908
256   10362068
256   10451040
256   9181104
256   9446548
256   10938036
256   10387864
256   9202488
256   10771488
256   10967920
256   8719808
256   10444620
256   9417200
256   10884988
256   10576412
256   10306836
256   10723116
256   9794024
256   9591808
256   10925624
256   9721884
256   10917276
256   9951064
256   10112376
256   10986112
256   10766504
256   8686364
256   10668728
256   9948452
256   8828040
256   10999164
256   9207256
256   9113928
256   10542996
256   10707264
256   11594424
256   11203888
256   10747012
256   11044744
256   10754396
256   9321556
256   10495672
256   10239636
256   10606720
256   10872304
256   10586048
256   10558576
256   10225312
256   9934940
256   9928532
256   10413684
256   10662372
256   10867108
256   10275528
256   9636732
256   10958204
256   10812104
256   9651032
256   11241172
256   10692376
256   9442436
256   10986396
256   10462428
256   8954580
256   10151256
256   11252712
256   11106508
256   11118100
256   10684516
256   11023956
256   10008480
256   9488332
256   10016788
256   10582632
256   10853864
256   10359392
256   9860792
256   11092020
256   9813276
256   9302648
256   10916256
256   8982328
256   10799356
256   10712504
256   9832648
256   11188092
256   10388284
256   9614824
256   11047756
256   10823496
256   10907180
256   10878160
256   10612920
256   8888632
256   10786624
256   9898700
256   9886240
256   10140228
256   10173224
256   10805608
256   10412248
256   9835768
256   11015552
256   9433332
256   9132776
256   10767708
256   9782096
256   9325832
256   10982140
256   10099776
256   9460376
256   11051364
256   9226772
256   9292392
256   9812044
256   10480756
256   11059392
256   10333812
256   10650056
256   11119080
256   10747332
256   9680004
256   10279816
256   10257684
256   10297012
256   10623188
256   10855896
256   11192816
256   10996600
256   10694864
256   11275880
256   10138068
256   11001764
256   11063484
256   11075184
256   8905296
256   10739492
256   10310176
256   10392524
256   11804404
256   10172324
256   9513652
256   10944952
256   8982148
256   11124132
256   11108720
256   9771692
256   11095840
256   9627844
256   10478496
256   10957536
256   9881740
256   9299432
256   10054348
256   8925172
256   11134984
256   8994600
256   9299580
256   11578496
256   10245620
256   9444944
256   10528568
256   9985892
256   11058928
256   10305132
256   10746356
256   11177564
256   11032584
256   10116932
256   11511412
256   9770220
256   10025736
256   10616312
256   10052816
256   10697640
256   10295712
256   9803720
256   11166080
256   11126592
256   9600732
256   10710488
256   10874776
256   10986708
256   11054664
256   10346856
256   9275272
256   11144596
256   9119252
256   8730532
256   9861788
256   9136824
256   9543932
256   10497956
256   11048004
256   11216020
256   9654644
256   9305876
256   10527936
256   10721196
256   9229572
256   9973080
256   10918656
256   9671048
256   11119700
256   9214332
256   10851628
256   10480480
256   9821912
256   10970116
256   9164176
256   10132396
256   11321252
256   9146468
256   10090492
256   10706224
256   9597912
256   10546188
256   11297220
256   9169344
256   9352672
256   10613652
256   9942520
256   9669264
256   10607660
256   10745020
256   10973592
256   10131796
256   8964264
256   10685960
256   10617384
256   9767308
256   10888144
256   9516892
256   9609404
256   9922592
256   9483188
256   9579072
256   11003736
256   10449104
256   10501964
256   10604340
256   9580616
256   10982268
256   9293440
256   9894944
256   11200348
256   9030140
256   8526712
256   10951836
256   10000360
256   9611172
256   10291464
256   9263544
256   9043444
256   10590844
256   10800180
256   10651736
256   10101644
256   10674316
256   10930608
256   10515240
256   10020932
256   11215464
256   9378440
256   9501668
256   10421344
256   10070288
256   9635920
256   10464436
256   10353032
256   10274980
256   9795100
256   9568664
256   9670396
256   10581996
256   9444428
256   10179304
256   10279428
256   9328196
256   10960576
256   10719596
256   10539408
256   11662176
256   9861272
256   8791952
256   10967920
256   9687328
256   9863440
256   10949540
256   10203296
256   10487804
256   11135616
256   9348016
256   10282824
256   10196044
256   9939548
256   10072692
256   11039704
256   10972816
256   9905460
256   10147428
256   10025680
256   11031124
256   10745020
256   9387092
256   11342424
256   10489976
256   9923220
256   10243096
256   9282564
256   9339704
256   10119124
256   9594188
256   9391676
256   10415580
256   9942364
256   10445184
256   10896476
256   9293528
256   11111236
256   10256556
256   10085212
256   10995488
256   10287808
256   9822056
256   10412200
256   9494596
256   9592208
256   10750032
256   9236148
256   11184612
256   10622252
256   8911332
256   11230640
256   10504212
256   11279352
256   11096600
256   9830548
256   10131060
256   11454804
256   10334724
256   10907452
256   11001484
256   10993616
256   9961112
256   10567652
256   10933900
256   10833120
256   10613308
256   10579032
256   10833184
256   10784228
256   9233344
256   10489732
256   10414464
256   9276132
256   10949124
256   10625860
256   10152432
256   11320372
256   9213780
256   10792612
256   10390912
256   8967984
256   11137692
256   9645612
256   10999788
256   10602452
256   9369188
256   10692100
256   10598268
256   9483116
256   10790180
256   10754436
256   9567328
256   10536640
256   9577464
256   11289752
256   10522920
256   9621684
256   11102620
256   10758548
256   9135884
256   11169156
256   9576196
256   9999268
256   11391040
256   10354140
256   10702120
256   11184440
256   9444600
256   9341852
256   10687324
256   9360924
256   11199880
256   11881640
256   10318296
256   10932804
256   9536544
256   10218788
256   11044908
256   10310016
256   9956900
256   10510836
256   10398980
256   11353172
256   11251868
256   9400832
256   11040992
256   9597520
256   9232712
256   11153844
256   9126868
256   10194540
256   10446776
256   9688336
256   10850808
256   10858172
256   9205256
256   10985988
256   10843448
256   10789960
256   10749612
256   11251700
256   10267260
256   10613400
256   10532588
256   9390140
256   10931944
256   10269792
256   11197784
256   9314752
256   10099164
256   10826020
256   11141008
256   9974656
256   11251552
256   10592912
256   11527920
256   10623116
256   9144736
256   9984832
256   10896880
256   9201196
256   11026044
256   10891680
256   11167584
256   11048784
256   9406324
256   9502392
256   10410620
256   10027208
256   10832644
256   11040856
256   10480000
256   11202028
256   9757808
256   10176816
256   10835416
256   10707584
256   10608420
256   10593032
256   10793316
256   10706772
256   8959168
256   10161212
256   11061672
256   10345508
256   9291748
256   11180728
256   9599848
256   9309800
256   10371884
256   10605340
256   11132128
256   11362068
256   9261708
256   10766760
256   10559304
256   11283168
256   10749964
256   9643540
256   10938036
256   10947828
256   10177464
256   9060796
256   10378804
256   10846144
256   10946356
256   10274816
256   9424904
256   10920220
256   10788284
256   9529684
256   10781344
256   9894800
256   9038672
256   10702612
256   11080776
256   8946788
256   10359632
256   9987656
256   10768304
256   10702160
256   10142008
256   10764524
256   9408708
256   10471220
256   10439004
256   9636620
256   11282696
256   10675792
256   9383248
256   10900160
256   11045268
256   10263912
256   10963652
256   9455184
256   8910336
256   9793952
256   9866140
256   9480260
256   10301496
256   10309008
256   10835280
256   10353584
256   10549024
256   10914680
256   10784056
256   10180668
256   11671164
256   10392372
256   9605332
256   10989656
256   10184012
256   9614536
256   10222916
256   9594856
256   9645608
256   10355924
256   9988648
256   11283032
256   10525328
256   8961276
256   10879596
256   10168872
256   9400940
256   11329192
256   10091764
256   9501024
256   10732520
256   10063288
256   8990692
256   10449104
256   9479496
256   10640964
256   11149076
256   9858944
256   10315272
256   10305296
256   9020200
256   10409144
256   9466380
256   9618888
256   10764088
256   10541704
256   10109040
256   9978456
256   11477528
256   11442920
256   10550784
256   9788180
256   10717216
256   9421804
256   9036324
256   10659544
256   9430068
256   10955908
256   11056372
256   10103356
256   10647212
256   10155488
256   9817632
256   10224168
256   10485152
256   10144484
256   10448512
256   11168620
256   10050004
256   11180132
256   9338324
256   10204128
256   11084980
256   9502024
256   9835436
256   10437792
256   10342620
256   10811680
256   10576032
256   10824568
256   10921184
256   10624452
256   10401816
256   10855688
256   9661864
256   10812612
256   10431916
256   10327064
256   8774800
256   10019724
256   9858952
256   9109452
256   10637268
256   10018052
256   11502340
256   9755628
256   9137264
256   11588560
256   9487412
256   9293692
256   11245064
256   9444320
256   9304548
256   10237168
256   9668876
256   10811828
256   9860580
256   10403640
256   11463328
256   9124384
256   9232284
256   10968668
256   9541220
256   8879064
256   10446276
256   10754196
256   10189676
256   10737644
256   10346796
256   9773100
256   10742796
256   9154560
256   11144220
256   10023464
256   10873840
256   10889096
256   9799816
256   10244084
256   10705168
256   10756616
256   9094292
256   11018164
256   11131492
256   10020028
256   10639516
256   9807304
256   10120336
256   9943480
256   10519964
256   9979808
256   10158908
256   9373636
256   11314628
256   10241176
256   10281760
256   10887720
256   10926576
256   10500624
256   10436924
256   9840312
256   10958232
256   10521744
256   9728388
256   11138876
256   10659464
256   9363592
256   11419148
256   10587112
256   10697516
256   10958692
256   9756936
256   9284268
256   10061112
256   10644420
256   10712992
256   10396904
256   8999420
256   10869688
256   10784644
256   9401712
256   10632792
256   9927212
256   10240676
256   10129728
256   9965400
256   10617400
256   10298840
256   9279044
256   10951888
256   10706980
256   9909932
256   10631840
256   10374480
256   10010808
256   10599512
256   9257192
256   8674680
256   10503908
256   9232324
256   9606856
256   10042636
256   10060724
256   11164372
256   11195860
256   10250108
256   11027968
256   10961232
256   8985372
256   11126616
256   11288860
256   10116400
256   10354688
256   10517628
256   9267668
256   11159704
256   10978580
256   11325776
256   11041928
256   10655768
256   10875864
256   9995584
256   9366248
256   10926468
256   8895560
256   9300928
256   10804932
256   9684752
256   8971880
256   10258172
256   9545388
256   10745100
256   10247888
256   10830036
256   10768848
256   10741024
256   9344172
256   10618772
256   9137324
256   10036808
256   10812092
256   9791008
256   10243312
256   10612456
256   9807392
256   10726212
256   9412256
256   8646088
256   10432048
256   9726948
256   9295352
256   11728656
256   9867304
256   9843352
256   11344224
256   10680140
256   9126136
256   10431684
256   9608324
256   10525208
256   10474072
256   9149576
256   11074120
256   10859588
256   9416520
256   10572812
256   9173364
256   9957476
256   10874820
256   10118792
256   10564684
256   10110488
256   10179892
256   10596540
256   10722080
256   10145528
256   10354808
256   11410744
256   9884452
256   11234084
256   10825360
256   9784416
256   10489824
256   9729196
256   10852272
256   11037108
256   11004400
256   10050048
256   10980604
256   10447728
256   10732460
256   10572836
256   10431320
256   9823188
256   10710028
256   9332584
256   10840516
256   11178552
256   9376424
256   11232448
256   9101540
256   10135100
256   9915368
256   11004828
256   9021104
256   11079316
256   10002056
256   10928244
256   9866004
256   9219772
256   10793044
256   9895372
256   10196768
256   10562692
256   9409280
256   10871612
256   10693484
256   10672288
256   11462928
256   10893492
256   9956780
256   11166904
256   10249004
256   8487160
256   10128360
256   9273820
256   10803612
256   9794204
256   11260392
256   11233500
256   10831508
256   9724176
256   11606264
256   9995572
256   9802152
256   11532480
256   9570476
256   9580884
256   11038648
256   9495048
256   9453648
256   10785460
256   9290880
256   10489628
256   10128604
256   10105372
256   11313768
256   9830956
256   11725564
256   10835456
256   10306580
256   10354704
256   10247776
256   9261956
256   10770284
256   10215760
256   9083056
256   11097420
256   9992448
256   11032924
256   10727276
256   10922556
256   9070152
256   10669312
256   9726908
256   9946756
256   10319572
256   10906600
256   9265012
256   11173592
256   9966000
256   10609460
256   10688780
256   9384092
256   11330604
256   10727932
256   10268332
256   9944856
256   10701012
256   9336260
256   10565340
256   10598512
256   10846168
256   10593084
256   9699672
256   11192956
256   11012240
256   9094352
256   10758044
256   10266540
256   9473036
256   9929604
256   10285132
256   9602960
256   10406752
256   11061888
256   11063088
256   10658244
256   9808140
256   11060132
256   9168288
256   9871396
256   10551332
256   10416716
256   9416696
256   10168800
256   9905624
256   10731484
256   10455820
256   9125756
256   11113068
256   10798252
256   9579820
256   10788948
256   9838384
256   10610796
256   10441968
256   9271380
256   8702664
256   10045964
256   9466980
256   11060944
256   10039164
256   9762668
256   11155496
256   11168492
256   10271256
256   11169008
256   9286408
256   10634256
256   10945752
256   9572384
256   9760584
256   10673728
256   9782144
256   9245680
256   10220624
256   10115524
256   10754728
256   10908372
256   10012416
256   10749400
256   9368132
256   10688288
256   10786772
256   10294008
256   9194792
256   11239740
256   11071084
256   10491292
256   10660244
256   9254744
256   10682164
256   9847648
256   9535972
256   10808248
256   10285648
256   9130892
256   11137716
256   10121792
256   9277068
256   10976780
256   10920036
256   9259188
256   10611652
256   10993400
256   9300872
256   10744852
256   9089848
256   10599700
256   10687724
256   9260516
256   10957216
256   10799000
256   10113936
256   11132544
256   9170440
256   10351128
256   10031576
256   9422720
256   9347076
256   10515916
256   10496220
256   9338972
256   10521808
256   11080680
256   11071924
256   10824528
256   10721260
256   10793640
256   10512276
256   10022216
256   11369208
256   10275580
256   11660048
256   10100672
256   9387304
256   9170468
256   9928992
256   10064632
256   11087664
256   9989944
256   9204436
256   10973436
256   10008644
256   9083700
256   11208984
256   10025676
256   9532120
256   10924320
256   10330752
256   10937604
256   10602848
256   9431812
256   11001356
256   10508272
256   10794972
256   10819896
256   10974672
256   9628380
256   10626020
256   10622716
256   10093404
256   10037284
256   10864396
256   10762576
256   10147768
256   10767212
256   11356572
256   8975676
256   10362124
256   10627892
256   9451940
256   9691076
256   11200024
256   9208656
256   9204272
256   10448880
256   10767760
256   10405948
256   10540928
256   9316116
256   10916116
256   9215716
256   8819624
256   10835092
256   10820800
256   10309744
256   9920020
256   10040104
256   11006948
256   10163580
256   9597652
256   10889084
256   9101172
256   11019016
256   10984052
256   10758552
256   9436772
256   10494628
256   9596732
256   10982256
256   10599076
256   10955524
256   11086792
256   11342096
256   9230124
256   11108264
256   10867736
256   9835360
256   11204948
256   10242268
256   9708612
256   10969960
256   8994940
256   9347912
256   10959932
256   9923308
256   8516652
256   9661024
256   9129008
256   11193504
256   10595124
256   9272136
256   10422980
256   9787724
256   10734716
256   10965612
256   10298828
256   9641228
256   10463380
256   9677676
256   11308872
256   10671244
256   9498668
256   10993268
256   9560976
256   9611048
256   10850224
256   10525172
256   8687880
256   10386936
256   9243128
256   11032620
256   11051768
256   9854548
256   10895088
256   10523048
256   10268948
256   11461716
256   11221440
256   9917516
256   10653148
256   10429952
256   11061604
256   11329372
256   11501192
256   9075988
256   10490852
256   9533564
256   9957884
256   10521868
256   10755892
256   10774228
256   11011924
256   9788812
256   10641656
256   11009768
256   10306128
256   11416000
256   10661284
256   9583776
256   11287436
256   9455464
256   9602296
256   10533196
256   9273432
256   10816544
256   9351788
256   9820836
256   11549372
256   9643776
256   9877064
256   10542024
256   10605060
256   9004652
256   10303832
256   9491808
256   10933008
256   9734948
256   8699096
256   11012504
256   9249676
256   9370712
256   9777868
256   9776784
256   11088500
256   10846428
256   9515296
256   11401260
256   9553748
256   10580912
256   11373716
256   10723456
256   10471292
256   11209332
256   9165060
256   9184748
256   10746364
256   10049596
256   10633376
256   9536168
256   9464464
256   9582012
256   9648852
256   10785204
256   10390572
256   10347988
256   9749048
256   10666288
256   10923388
256   10813480
256   11300864
256   10164448
256   10546096
256   10907504
256   9278064
256   10525364
256   10227496
256   9519976
256   11065424
256   11199468
256   9738812
256   11206960
256   9517440
256   10503188
256   10864236
256   9644240
256   9843832
256   10523124
256   9478488
256   9282852
256   11041300
256   9737200
256   10241916
256   10776524
256   8779244
256   9260208
256   10257784
256   10299412
256   10657280
256   10778780
256   10161760
256   11033652
256   9094168
256   9441436
256   10346084
256   9143564
256   11254756
256   11074688
256   11390640
256   11319756
256   9634752
256   10044028
256   11180480
256   10308644
256   9307212
256   10946392
256   10573148
256   11171164
256   10934476
256   9495952
256   9155508
256   10476380
256   11222784
256   10651588
256   9606208
256   9522888
256   10881416
256   10364864
256   10165260
256   10461680
256   10768776
256   10191328
256   10991780
256   9231564
256   9116396
256   10107148
256   9726080
256   9469176
256   10649488
256   10100668
256   11232100
256   11116148
256   9417660
256   11381536
256   10427148
256   9672884
256   10814768
256   10333292
256   10699272
256   10849872
256   9514784
256   10636448
256   10247172
256   9512424
256   10796080
256   10556340
256   10363340
256   11453492
256   11080432
256   9962160
256   10495300
256   9772872
256   9319844
256   11111428
256   9932468
256   10441008
256   10315980
256   9332964
256   10765852
256   10157860
256   9851404
256   10524196
256   9965364
256   10941388
256   10373076
256   9466044
256   9801404
256   10867800
256   10274976
256   11064528
256   11553816
256   10192296
256   11516668
256   8900996
256   9807168
256   10360424
256   10458964
256   10678876
256   9421420
256   9853716
256   10932072
256   9646816
256   10487100
256   10947064
256   8622544
256   9510896
256   11089948
256   9864380
256   10312384
256   10638820
256   10069612
256   10201836
256   11050684
256   10343664
256   10950780
256   10795412
256   9907836
256   11290424
256   10525656
256   9714992
256   10644204
256   9776884
256   9650840
256   9770388
256   9908632
256   9461520
256   10650612
256   9659000
256   10944720
256   10827604
256   10177968
256   11071732
256   9915800
256   9199808
256   11082940
256   9684316
256   9328556
256   11507228
256   9867676
256   9022776
256   9929088
256   9140124
256   11283464
256   9452688
256   9124960
256   11823860
256   10702664
256   9124596
256   11074516
256   11257896
256   9838500
256   11044144
256   9876292
256   9449008
256   9754468
256   9909348
256   10875788
256   9766708
256   10353600
256   11647728
256   10666380
256   10140488
256   11594228
256   9524176
256   10527916
256   10554092
256   10216444
256   9487776
256   10813584
256   10558916
256   9657848
256   10336280
256   9871060
256   10886624
256   11253816
256   9472412
256   10813008
256   10446100
256   10454680
256   11003576
256   10806640
256   10251664
256   11311356
256   10424640
256   10951100
256   10781764
256   9002052
256   10713148
256   10503692
256   10493364
256   10771408
256   9484012
256   9818324
256   10676404
256   10120144
256   9010396
256   10238588
256   11122292
256   10088772
256   10610844
256   9400556
256   11191804
256   10127300
256   10352996
256   11193036
256   9560060
256   9500936
256   10797388
256   9588460
256   11582852
256   10851248
256   9536964
256   10848292
256   11033648
256   9417264
256   11159824
256   9010656
256   9754652
256   9734308
256   10363892
256   9630496
256   10559968
256   9575892
256   10579204
256   10845212
256   9492064
256   10965380
256   10658260
256   9641128
256   10878200
256   11061880
256   10822232
256   10241124
256   10457576
256   9171460
256   10001272
256   10600280
256   10881852
256   10726452
256   9039676
256   10953368
256   9419732
256   10708220
256   10800912
256   11438528
256   10944732
256   11196008
256   10337708
256   9457564
256   10386748
256   9503980
256   10635344
256   10646428
256   9589528
256   11024080
256   9281600
256   10049800
256   11001940
256   10103160
256   10323472
256   10866204
256   9390952
256   10684440
256   10127664
256   9535244
256   10940024
256   10651820
256   9212976
256   11344800
256   9207384
256   11073896
256   10085040
256   9858396
256   11188476
256   10268948
256   9932108
256   11046304
256   10280536
256   9813280
256   10715580
256   9967808
256   9211900
256   10744976
256   10155552
256   9812312
256   10468700
256   10789672
256   9860632
256   11355384
256   9505592
256   10723880
256   10416600
256   10090476
256   10952828
256   9171040
256   9254608
256   11282284
256   10888372
256   10454352
256   10416300
256   10355964
256   10709948
256   9913660
256   10890312
256   10641668
256   10135136
256   9554440
256   11063644
256   9515336
256   9461944
256   11358708
256   9162204
256   11333328
256   10259392
256   9471596
256   9970820
256   10087960
256   10622204
256   11241236
256   10765444
256   10633544
256   11072076
256   10218240
256   9436636
256   10530108
256   9675448
256   9298608
256   10346708
256   10829672
256   11005188
256   10743172
256   9257104
256   10750228
256   10238128
256   9312968
256   10828724
256   10646288
256   9422692
256   10256296
256   10643892
256   9743148
256   10509812
256   9563464
256   10514212
256   10096240
256   9192628
256   10574300
256   10525488
256   9449676
256   10567196
256   9357740
256   9733440
256   11070204
256   8720212
256   10490212
256   10296460
256   9391456
256   11005784
256   10396884
256   9202520
256   10912896
256   10724804
256   8992920
256   11236600
256   9731752
256   8916732
256   10484712
256   9057840
256   9505300
256   10188196
256   9590860
256   9070680
256   10773408
256   10891320
256   11226812
256   10299200
256   11142292
256   10516892
256   9350696
256   10053316
256   11237640
256   10043792
256   10802172
256   11000332
256   10231236
256   10707716
256   9659004
256   11178468
256   8782124
256   9979208
256   9284424
256   9283164
256   10630804
256   10020640
256   9934740
256   10138172
256   9675704
256   9384944
256   11017204
256   9948048
256   9929796
256   10962204
256   8807460
256   10766380
256   10659260
256   8960348
256   11366496
256   10740172
256   9659504
256   10623612
256   9500256
256   9668216
256   10621264
256   10440116
256   11104388
256   10966236
256   9044100
256   10928268
256   10658092
256   9519260
256   10870900
256   10841804
256   9638212
256   10881092
256   9605740
256   9918028
256   11046360
256   8727268
256   9282480
256   11258868
256   9974440
256   8976680
256   10623816
256   10538740
256   9799364
256   10282164
256   9178564
256   11103840
256   10290136
256   10090920
256   10797904
256   9530888
256   9225692
256   11258696
256   9522016
256   9150960
256   10491444
256   9749516
256   11357912
256   10220628
256   11146760
256   11175648
256   10784860
256   9552204
256   10707616
256   9350804
256   10202916
256   10788188
256   9943076
256   9275980
256   11019020
256   11011388
256   10780664
256   10521076
256   9850364
256   9648468
256   9944148
256   10708392
256   10760412
256   10297660
256   9728808
256   10587704
256   10657072
256   9494888
256   10807164
256   9497232
256   9574716
256   10453376
256   9773096
256   11256512
256   11523572
256   11178500
256   11585076

