4   194972
59   2360948
256   8812668
256   8380304
256   8547700
193   5762452
256   8610028
256   9058228
256   7947700
256   8166608
256   8420592
256   8962920
256   8690108
256   8410800
256   8469364
256   8479608
256   9058040
256   9301396
256   8674208
256   8464204
256   8801704
256   9498620
256   8315200
256   8379228
256   8180684
256   8078008
256   8962964
256   8596528
256   8245308
256   9117152
256   9029360
256   8245932
256   8846764
256   11058716
256   11445016
256   9961520
256   10210596
256   10821324
256   10885940
256   10179100
256   9221092
256   11022864
256   9259324
256   9219936
256   10889988
256   10657276
256   10642636
256   10059448
256   11184780
256   10221212
256   11044768
256   9642524
256   10191600
256   11540032
256   10211904
256   11143280
256   10444848
256   9604816
256   9951924
256   10694756
256   10033904
256   10854596
256   10346000
256   11055976
256   10926268
256   10264700
256   11498496
256   10680160
256   10857748
256   11138692
256   10231432
256   10676592
256   10259728
256   11101824
256   10271504
256   11033852
256   11314072
256   9448748
256   9681136
256   11172068
256   10034900
256   9431132
256   10917476
256   10244140
256   9774472
256   10807344
256   11260124
256   10222016
256   10954448
256   9488788
256   9011504
256   10705888
256   10205088
256   9531720
256   10667300
256   10245660
256   10510556
256   9295224
256   10726232
256   10771884
256   10111600
256   9631876
256   11229376
256   9483072
256   10145984
256   11313796
256   11103804
256   9667688
256   10945464
256   10741652
256   10831320
256   11392784
256   10484828
256   9441000
256   11006684
256   10043868
256   10258300
256   10761340
256   9353248
256   11016688
256   10571108
256   9870688
256   10850940
256   10733516
256   9869792
256   10595808
256   10935680
256   9652680
256   10994760
256   10778144
256   9994496
256   9950140
256   10009432
256   10158696
256   10955748
256   9113576
256   11166148
256   10679280
256   8566228
256   11058448
256   9968440
256   10053144
256   10844752
256   9295724
256   10347720
256   10376636
256   11176228
256   10976892
256   10136428
256   9455116
256   11176664
256   10307308
256   9980400
256   11086544
256   10213512
256   10103972
256   10067160
256   9763556
256   9988440
256   11100272
256   10711028
256   10948016
256   10393952
256   9907860
256   12080608
256   8833780
256   9853648
256   10962492
256   11216712
256   10908228
256   10920560
256   9203072
256   10050208
256   10116828
256   10058396
256   9245980
256   11106184
256   10786476
256   10864748
256   9258380
256   11200236
256   11780468
256   11173996
256   9910240
256   11255168
256   9909512
256   10281224
256   9953040
256   10616832
256   8918244
256   10727456
256   11243676
256   11144808
256   9564444
256   9579824
256   11069780
256   9521808
256   9485176
256   11172420
256   10330364
256   9595272
256   10771812
256   10758624
256   9654436
256   10461116
256   11183808
256   11244216
256   10880064
256   10579664
256   11009664
256   9956116
256   10254092
256   10206008
256   9429444
256   10095136
256   10834012
256   10797928
256   11028316
256   9559076
256   9904448
256   10788900
256   9633928
256   9662580
256   11073968
256   10563148
256   9582256
256   10499372
256   9050164
256   10346404
256   10309280
256   10019736
256   11097356
256   8774564
256   10648668
256   10613136
256   9844940
256   9781264
256   9865672
256   9925580
256   9554296
256   11219972
256   10100320
256   10947824
256   9501652
256   8801304
256   10727692
256   9311936
256   9748056
256   9908996
256   10299500
256   10416840
256   9153744
256   10511060
256   9155324
256   10809848
256   10124528
256   10650064
256   10774328
256   10962828
256   10358008
256   11193616
256   9841856
256   9564316
256   9792948
256   11328960
256   9020568
256   11159892
256   11056244
256   8895592
256   11083640
256   10362700
256   10804712
256   11418240
256   10826496
256   10353224
256   11320556
256   10271292
256   9839780
256   10846120
256   10575704
256   10727988
256   11341356
256   10257464
256   9356208
256   9731548
256   10318236
256   10625876
256   10330704
256   10493456
256   10790708
256   9456696
256   10968800
256   10977796
256   9588440
256   10652188
256   10007372
256   9475832
256   10450176
256   10997292
256   8504612
256   11003988
256   10669664
256   10674492
256   11479272
256   9960324
256   9867532
256   10219932
256   10373340
256   11113860
256   11431060
256   9070832
256   10702300
256   11151980
256   11023400
256   11168504
256   10959208
256   9550692
256   10798812
256   9214588
256   10509476
256   10520380
256   9677216
256   9201744
256   11078228
256   9487964
256   11245844
256   10686848
256   10722316
256   11544044
256   9518476
256   9998688
256   11344876
256   10152988
256   9598544
256   10472412
256   9419800
256   10880476
256   10977956
256   10826072
256   10913032
256   11384432
256   9336240
256   10928040
256   9388188
256   10921440
256   10473236
256   10247492
256   10804276
256   10276380
256   9369808
256   10812720
256   10204700
256   9630428
256   11499752
256   10814620
256   10042244
256   11042104
256   8710792
256   11448200
256   10784856
256   11025984
256   10936780
256   9938480
256   9574952
256   11195536
256   10552040
256   10238664
256   10575912
256   9451760
256   11270336
256   10808144
256   10826776
256   11341340
256   9153736
256   9541028
256   11037472
256   10036844
256   9274528
256   11173836
256   11291060
256   11298016
256   10377788
256   10255540
256   11152488
256   9939764
256   11122008
256   11322384
256   9672296
256   10973096
256   10352060
256   10167652
256   11171152
256   11450604
256   10291840
256   11391424
256   8880408
256   9856932
256   11219500
256   9084920
256   9586132
256   10301152
256   9014152
256   11456948
256   11122144
256   10831684
256   11404272
256   10575332
256   9837796
256   11629400
256   10322136
256   9523912
256   10894344
256   9140844
256   11531968
256   9987316
256   9890080
256   10699460
256   9882736
256   9878148
256   10865072
256   11185320
256   10979960
256   10714152
256   9503684
256   11245604
256   11073976
256   10610460
256   11313596
256   10580488
256   9314384
256   9569960
256   10784480
256   11437096
256   10272432
256   11118280
256   11346580
256   9734552
256   9754064
256   11210836
256   10460964
256   9758164
256   10589792
256   9271372
256   10842888
256   10488248
256   10637532
256   10759416
256   10080284
256   9550620
256   10883424
256   9405180
256   8727496
256   10405240
256   11119676
256   11274100
256   10850252
256   9408728
256   10307200
256   9250004
256   10121716
256   10536728
256   10704728
256   11212456
256   10765848
256   8842896
256   10914456
256   9056032
256   10658884
256   10927512
256   10362028
256   9385712
256   9846056
256   10722872
256   10336188
256   11445960
256   11554252
256   11020660
256   11155084
256   10392876
256   11070596
256   10495056
256   9379416
256   10754292
256   10739996
256   9603492
256   11033312
256   9739748
256   8762144
256   10603440
256   10768324
256   9782340
256   10421428
256   10418188
256   11002504
256   10996912
256   9516412
256   11421736
256   9765124
256   9834896
256   11188420
256   9346272
256   10286356
256   10749184
256   9262552
256   10704820
256   9314356
256   10870928
256   11368424
256   10055044
256   11133592
256   11091532
256   9189276
256   9169544
256   10686384
256   10497964
256   11207880
256   11120916
256   10884968
256   10913372
256   10799172
256   11058868
256   11007732
256   10029512
256   9203000
256   10381424
256   10397040
256   10992316
256   10473404
256   10069492
256   10662444
256   9974460
256   10708104
256   10702800
256   10052964
256   10833960
256   11208276
256   10818912
256   10459960
256   10311160
256   9310216
256   9827956
256   10198896
256   11071916
256   11081492
256   10925512
256   10989392
256   10564968
256   8778720
256   9938188
256   10816248
256   10109704
256   11084168
256   11329860
256   11075072
256   10951092
256   9637372
256   10663848
256   11225808
256   10507024
256   9285256
256   10364816
256   8866788
256   11081172
256   10113720
256   11668976
256   11486812
256   9623172
256   10622040
256   10836684
256   11004880
256   9385436
256   10212956
256   9897524
256   9199432
256   11379632
256   9352240
256   11038768
256   9499816
256   10234268
256   11434324
256   9525888
256   9363684
256   9921644
256   11194632
256   11122592
256   9989692
256   10763872
256   11421244
256   10879756
256   9357704
256   11126072
256   11067520
256   8848392
256   10565976
256   10517328
256   10536360
256   11083772
256   10362288
256   11055900
256   9684604
256   9369668
256   10882812
256   10641564
256   9545528
256   11311040
256   9671288
256   10382844
256   11757040
256   10926796
256   10070948
256   10502020
256   9972032
256   10814204
256   10537152
256   8992028
256   11556676
256   10331040
256   9677104
256   10010304
256   10960400
256   11360384
256   10946064
256   10027212
256   11101356
256   10326772
256   10186960
256   11312456
256   11010300
256   9198676
256   11132000
256   10625316
256   9981912
256   10887708
256   9528864
256   11346156
256   10252372
256   10095532
256   10896948
256   9734960
256   10453484
256   10862084
256   9189448
256   10700764
256   10857780
256   9473672
256   11193760
256   10124320
256   9955764
256   10355800
256   9967048
256   9745444
256   10297860
256   9778224
256   10289028
256   11080036
256   9406640
256   11174548
256   10217964
256   11563044
256   11407992
256   10473080
256   10006868
256   11275656
256   10046824
256   10973732
256   10968832
256   11020492
256   10457036
256   10526124
256   10831656
256   10854188
256   10048532
256   9754064
256   11379268
256   8942832
256   10039780
256   10265776
256   9160260
256   9671324
256   11214652
256   8882544
256   11054328
256   10646784
256   8604864
256   11748700
256   10623608
256   9874756
256   9994132
256   9649428
256   10613756
256   10487636
256   10323080
256   11141568
256   10200100
256   8403672
256   10919936
256   9882840
256   8935988
256   11224776
256   9131624
256   11005852
256   11210228
256   10527508
256   11125044
256   9776928
256   11128128
256   10596772
256   10066220
256   11284668
256   11017472
256   10828264
256   9511912
256   9923884
256   9491316
256   9841008
256   10791888
256   10827440
256   11377248
256   9644936
256   10365304
256   11273412
256   9716248
256   9208624
256   10762072
256   10811076
256   8673216
256   11246504
256   9948620
256   9038108
256   9867140
256   10949960
256   11284332
256   9381492
256   10437416
256   11057688
256   9771768
256   9583532
256   10843784
256   10872684
256   10835580
256   10492904
256   10941460
256   10707776
256   9181116
256   10259744
256   11111548
256   11194048
256   10798728
256   11598592
256   10412044
256   9929464
256   10933848
256   9391412
256   10792232
256   10766340
256   9964512
256   9998140
256   9932120
256   9574280
256   10856176
256   10953004
256   9364448
256   9346244
256   10169868
256   9287764
256   10869544
256   10565952
256   9694988
256   9961984
256   10127556
256   9962048
256   9904300
256   11429828
256   11429968
256   9964024
256   9209832
256   11522208
256   9321760
256   9676820
256   11049280
256   11224484
256   10793220
256   11276704
256   10872068
256   9809820
256   10368960
256   11067436
256   10660040
256   10647088
256   9660364
256   11176228
256   10941996
256   9879956
256   11531708
256   10760512
256   11068612
256   10491792
256   10323964
256   9270040
256   10876276
256   10458740
256   11153004
256   11006544
256   8735412
256   10827524
256   10716748
256   9843060
256   11011644
256   9608288
256   9382492
256   10411020
256   9662540
256   11134044
256   9720672
256   9480360
256   10902224
256   9732048
256   9280660
256   9866676
256   10281676
256   10699280
256   10755768
256   10356664
256   11421628
256   9957228
256   9528396
256   11129244
256   9913916
256   9458016
256   10717800
256   11048764
256   11266956
256   10728952
256   9724228
256   10838860
256   11574372
256   9211676
256   10637656
256   9975520
256   9422496
256   10705680
256   9196684
256   10611800
256   11669332
256   10060240
256   9400448
256   10197484
256   9581064
256   10434604
256   10511160
256   10454036
256   11062024
256   9693512
256   10223476
256   11291208
256   10068084
256   10076024
256   10642784
256   9941124
256   10684384
256   10749572
256   9273264
256   10713548
256   9321308
256   10858048
256   11249112
256   10323372
256   9497040
256   10860264
256   10835844
256   10006624
256   9787932
256   9849672
256   11555420
256   11003512
256   11166404
256   11218224
256   9927652
256   9332936
256   10408028
256   9541416
256   9889104
256   10816852
256   9690652
256   10752608
256   9823720
256   9496876
256   11063448
256   9272440
256   9733912
256   10887608
256   9945528
256   10142776
256   10594712
256   9654184
256   10542124
256   10621256
256   10071968
256   9138848
256   11575944
256   9199536
256   11260312
256   10552612
256   9848156
256   11214716
256   10687932
256   9468004
256   10710756
256   9903088
256   10749464
256   11226652
256   10304544
256   10410176
256   10253972
256   10887908
256   11040808
256   9976804
256   9366752
256   10620328
256   10445528
256   10761728
256   10997828
256   9006404
256   9809644
256   10646536
256   10529288
256   9984272
256   10727324
256   9814592
256   11008592
256   10162796
256   9449224
256   11691568
256   10809248
256   10580204
256   10986200
256   10162284
256   10056852
256   11315536
256   9127944
256   11140180
256   10412812
256   9670708
256   11165184
256   10301656
256   11310984
256   10962644
256   10992444
256   10489832
256   10874260
256   10258940
256   11144200
256   10490408
256   9512756
256   11306908
256   9329232
256   10859448
256   11282584
256   9502364
256   9407568
256   11260636
256   10253340
256   10790008
256   10751448
256   9939512
256   10534340
256   10133084
256   9723388
256   11541480
256   9793976
256   9402776
256   11270292
256   9626748
256   10925048
256   10377840
256   10375916
256   10984560
256   10579552
256   8765356
256   10591528
256   10102756
256   9871004
256   10904344
256   9153804
256   10238996
256   10546912
256   9349220
256   11110232
256   10348468
256   9260172
256   10945208
256   9208592
256   9942540
256   10475904
256   10890716
256   11243224
256   10890748
256   10510364
256   11228424
256   9081812
256   9477460
256   11365948
256   10413512
256   10787592
256   10334076
256   9005552
256   11534704
256   10905028
256   9829660
256   10982408
256   11510928
256   10038272
256   11187796
256   9772796
256   9596524
256   11329980
256   10229420
256   10569300
256   11224220
256   10870208
256   10434564
256   10398132
256   9742572
256   11692408
256   9827588
256   11657176
256   10970092
256   10380392
256   10833296
256   10648936
256   9787836
256   11099600
256   9649532
256   10718804
256   11099816
256   10476688
256   9634096
256   11482528
256   8925020
256   9430568
256   11442148
256   10207616
256   10706560
256   10200852
256   10252088
256   10787936
256   9860900
256   9258868
256   11051576
256   9796628
256   10035028
256   10727444
256   11163644
256   10999888
256   9714568
256   10558236
256   11115504
256   10004808
256   10015932
256   10602600
256   10555296
256   10503780
256   11128936
256   9095508
256   10044688
256   10870320
256   9416228
256   9234512
256   10744528
256   9710920
256   11216076
256   10614620
256   10339352
256   11468088
256   10279096
256   10002320
256   11019888
256   9306332
256   9374876
256   10841092
256   10474208
256   11197168
256   10528224
256   10110520
256   11219872
256   10880316
256   8941400
256   11573504
256   10952208
256   10008392
256   10267784
256   10157956
256   10297336
256   10174720
256   9875192
256   10439064
256   10156860
256   10042756
256   11396016
256   10610200
256   9931056
256   11248724
256   10656936
256   10854908
256   11164468
256   11176228
256   9494324
256   9808800
256   10248184
256   11119316
256   10153112
256   9456376
256   11083596
256   10799880
256   10123552
256   10179216
256   10120588
256   11526080
256   11538516
256   9417100
256   11071868
256   11177576
256   9314944
256   11279516
256   10924460
256   8653352
256   10722876
256   10557728
256   10490436
256   10649576
256   9891244
256   11117200
256   10203368
256   9545816
256   11504312
256   9539948
256   9860672
256   10822864
256   9725776
256   9653072
256   10398548
256   10613880
256   11255004
256   10295272
256   10612820
256   11142924
256   10258788
256   9628232
256   10667404
256   9977620
256   11844888
256   10827836
256   10434340
256   10649388
256   10865328
256   10330648
256   11577748
256   9457556
256   8939516
256   10190456
256   8829780
256   9897840
256   10678880
256   10203048
256   11580024
256   10665736
256   10834256
256   11333264
256   10179728
256   10939532
256   11271880
256   9873940
256   11054436
256   10060800
256   9989192
256   10809052
256   11462728
256   9093676
256   11408704
256   9444812
256   9857632
256   10876996
256   10589908
256   10834688
256   10898236
256   10536136
256   10850604
256   10790592
256   8937296
256   10930396
256   10264012
256   9290568
256   10318356
256   9979220
256   10963440
256   10213148
256   11366076
256   11047068
256   10596844
256   9121372
256   10417784
256   11131864
256   9443520
256   11091224
256   9810644
256   10008604
256   10423048
256   11012016
256   11247776
256   10937828
256   8918556
256   11053780
256   9887468
256   9631264
256   10145384
256   9361324
256   10252720
256   11266404
256   10329408
256   11014152
256   10616820
256   10390292
256   10687280
256   9905004
256   8467352
256   11490108
256   9413236
256   10044908
256   9985480
256   11019316
256   11460816
256   10551244
256   10242068
256   10732116
256   9913624
256   8975620
256   11378728
256   9448900
256   10003584
256   10114484
256   11389184
256   9809312
256   10559936
256   10279460
256   10319868
256   10187932
256   10503464
256   10838688
256   9289148
256   9863388
256   11527344
256   9142988
256   10723744
256   10916552
256   10215072
256   9485672
256   10810088
256   11022668
256   11261316
256   10887216
256   9518956
256   10961536
256   10157648
256   11123924
256   11270708
256   10638176
256   9463124
256   10395768
256   10738596
256   10879408
256   10380924
256   10182360
256   10572008
256   10936196
256   9855568
256   11246112
256   9401180
256   10675700
256   11769648
256   10138256
256   10600556
256   10755548
256   10217756
256   10989300
256   10506416
256   11016580
256   10694880
256   9049820
256   10983624
256   11614624
256   9828952
256   9392528
256   10705384
256   10171028
256   11795184
256   10948784
256   11639736
256   10742832
256   11194228
256   9413412
256   10205916
256   10009144
256   10397880
256   10696820
256   10382832
256   11110980
256   9491772
256   8625664
256   11029408
256   10232764
256   9576516
256   10263028
256   10135956
256   11251480
256   10317864
256   9275304
256   11598000
256   9997860
256   9683060
256   10730180
256   10119572
256   10588836
256   10939164
256   10052160
256   11627564
256   9794004
256   9320228
256   11137828
256   9500544
256   10234616
256   10293836
256   9860872
256   11334456
256   11149168
256   10560884
256   11337096
256   10207884
256   10799072
256   11265344
256   9080844
256   9439412
256   10470624
256   10620840
256   10668220
256   11077364
256   11439428
256   8760948
256   10802848
256   9609056
256   10947056
256   11126200
256   10436648
256   11307648
256   9672444
256   9294396
256   11155928
256   10831248
256   10790692
256   10391296
256   9587400
256   11051452
256   10817164
256   9428584
256   10701200
256   11098928
256   9991544
256   11319212
256   9995172
256   8845504
256   9812688
256   9910132
256   10453900
256   10643980
256   10131584
256   11290572
256   10751604
256   10156532
256   11462916
256   8987052
256   10068244
256   11279104
256   9061824
256   11292612
256   10143296
256   9152656
256   11383412
256   11051076
256   10218584
256   10871684
256   10442428
256   9142552
256   10897544
256   9573464
256   10659036
256   9752200
256   9214492
256   10487136
256   10848788
256   10079640
256   10837040
256   10046820
256   10115468
256   10249268
256   10646032
256   10871236
256   11312348
256   10617088
256   11176204
256   10559744
256   10249096
256   9511332
256   10569164
256   10365064
256   11528452
256   11290788
256   8924900
256   10852748
256   10370480
256   9873716
256   11260064
256   11600700
256   10677156
256   10570184
256   8972620
256   9327944
256   10357892
256   10388220
256   11065920
256   10767136
256   11078316
256   10888940
256   11051296
256   11203620
256   10320212
256   9328036
256   11273732
256   10604324
256   9283792
256   10949288
256   10080960
256   9865764
256   10997424
256   10657124
256   9637712
256   10480448
256   10012000
256   11578224
256   10799524
256   9517064
256   11073448
256   10048216
256   9624540
256   11381576
256   11084980
256   10319224
256   10658812
256   9688468
256   11320516
256   10421572
256   9731724
256   10672820
256   11084528
256   10958172
256   10328188
256   9895608
256   10265228
256   10763384
256   10951480
256   10652952
256   11377856
256   10224048
256   10982776
256   9413308
256   10794816
256   10537244
256   10990616
256   10892392
256   10317748
256   10756860
256   11144764
256   11603492
256   9444504
256   10620024
256   9112772
256   9964952
256   11229472
256   9439588
256   11072476
256   10948084
256   9318160
256   10392996
256   9583260
256   9794824
256   11134648
256   10273512
256   10076708
256   10088968
256   9567196
256   11151776
256   10233912
256   10249184
256   10961172
256   10430716
256   9081888
256   10249480
256   11140712
256   10724392
256   10645116
256   9890060
256   10980668
256   10049280
256   9311792
256   10783592
256   10701948
256   9149900
256   10702936
256   9805928
256   9347140
256   11398648
256   10455700
256   10859800
256   10660316
256   10597400
256   10587984
256   9571664
256   10029752
256   11351844
256   10481116
256   9464332
256   10369896
256   9489748
256   10884916
256   10124732
256   9561100
256   10619488
256   11097300
256   10685612
256   11094156
256   10043120
256   9306420
256   11223244
256   9981952
256   10146288
256   10794728
256   10868760
256   11052520
256   11072628
256   10253564
256   10823572
256   11137196
256   9495948
256   11280016
256   10984868
256   9924568
256   10451900
256   9599320
256   9631896
256   10270076
256   9658612
256   11312456
256   10820124
256   9527468
256   11156304
256   11282576
256   9267908
256   10277108
256   9047884
256   9014160
256   9893864
256   10900032
256   10934100
256   9379628
256   9404244
256   10892436
256   9598784
256   9482724
256   10365276
256   10299732
256   11505440
256   11032152
256   10201020
256   11714476
256   11186564
256   9601244
256   11835640
256   10113776
256   10289184
256   11065044
256   10797336
256   11261900
256   11053152
256   10175056
256   10329680
256   10131236
256   9638428
256   11380412
256   10495860
256   10785452
256   11153360
256   10532600
256   9536768
256   10833664
256   11010868
256   11226488
256   10897036
256   10093140
256   11015256
256   11017744
256   11484768
256   11292428
256   10637416
256   10129964
256   10551712
256   9839512
256   10639392
256   11035256
256   9723168
256   10571304
256   9623608
256   9641408
256   11292852
256   10824924
256   10434896
256   10714524
256   10421940
256   10833756
256   10282512
256   10032608
256   11261100
256   10413088
256   11359860
256   10176072
256   10202880
256   10923304
256   10638956
256   10574324
256   11086744
256   10346584
256   10719992
256   10706632
256   10659632
256   11761120
256   10801348
256   10739796
256   11079432
256   9457572
256   10785136
256   11196872
256   9387680
256   11249264
256   10250152
256   10720704
256   11295488
256   10388256
256   10995008
256   10773324
256   8655148
256   10702008
256   9909580
256   9865820
256   10736184
256   10543768
256   10060956
256   11014972
256   10349356
256   11391704
256   10324664
256   9308456
256   10880844
256   10710456
256   10188488
256   11111508
256   10562304
256   10055336
256   10769616
256   10440972
256   9448296
256   10997936
256   9213140
256   11034988
256   9559372
256   10525004
256   10982492
256   11071708
256   10356368
256   10465900
256   9612760
256   10707200
256   10811856
256   8954632
256   10425568
256   10819040
256   9591064
256   11379816
256   11038988
256   10468048
256   10585140
256   11631884
256   11179388
256   10951956
256   10290616
256   11771072
256   9535892
256   10202080
256   11115340
256   9442000
256   9942092
256   10679048
256   9979304
256   10099632
256   10900440
256   10204400
256   10935144
256   10015444
256   9475944
256   10563260
256   8800864
256   9588080
256   10561168
256   11393984
256   10890760
256   10821100
256   9902104
256   11114384
256   10529844
256   10093852
256   11070552
256   10986488
256   11227420
256   10483676
256   10185096
256   10843936
256   10173492
256   11036912
256   10859816
256   10318976
256   9610352
256   10561692
256   9493800
256   10334800
256   10993180
256   9753956
256   9460108
256   10858920
256   8910748
256   11136888
256   10257272
256   10019356
256   11304832
256   9710316
256   9114784
256   10797952
256   10229380
256   11053732
256   10441292
256   9363700
256   10922440
256   9752852
256   10637452
256   10338944
256   9588960
256   10891456
256   10739388
256   10580536
256   10925712
256   10319840
256   11205608
256   11261472
256   10715132
256   10222104
256   11059912
256   11152136
256   9025700
256   10535192
256   9108248
256   10651568
256   9910904
256   8882164
256   11032060
256   10991396
256   10893908
256   11586320
256   10055364
256   10684776
256   10908600
256   9475200
256   10291892
256   11097220
256   10636248
256   10982124
256   10504336
256   10257836
256   10851912
256   10523748
256   9812108
256   10307636
256   9924808
256   10670860
256   10488628
256   9537784
256   11751252
256   10613256
256   10363488
256   11277384
256   9463340
256   10788728
256   9962476
256   10202312
256   10537384
256   10721344
256   9985352
256   11210604
256   10424436
256   10182668
256   10995220
256   10407496
256   9484968
256   10896648
256   10782252
256   10935032
256   10912540
256   10683616
256   11294424
256   10723148
256   10975816
256   10859364
256   9565728
256   9382900
256   10341184
256   9224636
256   11101648
256   10909124
256   10843580
256   11024568
256   10537820
256   9692456
256   11397288
256   10346648
256   10892752
256   10569588
256   11054596
256   10598604
256   10739252
256   9356124
256   11151260
256   9551596
256   10750392
256   10482804
256   9833860
256   11211472
256   9540032
256   9822848
256   10852872
256   9769192
256   9888816
256   11187268
256   10480976
256   9956508
256   10541452
256   9648740
256   10839988
256   9285364
256   10470608
256   11101360
256   9157180
256   9473756
256   10490696
256   11028248
256   11332152
256   11092948
256   9271944
256   10797952
256   10182524
256   9606780
256   11429784
256   10016944
256   10087900
256   11012732
256   10283356
256   10376420
256   10676728
256   9565996
256   11019984
256   10632916
256   11206464
256   11123948
256   10452772
256   10032044
256   11117492
256   10490112
256   10310780
256   11527424
256   9243040
256   9136644
256   10016744
256   11066752
256   11350368
256   10462340
256   9399040
256   10535676
256   10001704
256   9428208
256   10655340
256   10121116
256   11339292
256   10290148
256   9600868
256   10842428
256   9699028
256   11109972
256   11143280
256   10209100
256   9707352
256   11375492
256   9646980
256   11327944
256   10271280
256   11180272
256   10936328
256   10233684
256   10640952
256   10679908
256   10540944
256   10376852
256   10792824
256   9448128
256   9848620
256   11274768
256   9615308
256   11073236
256   10411376
256   9582624
256   10885956
256   9745108
256   10337564
256   10346184
256   9471184
256   9471552
256   10217912
256   9750448
256   11146800
256   8969696
256   9125652
256   10750920
256   9724280
256   9331284
256   10274620
256   11146800
256   10982948
256   10951472
256   10603480
256   11581744
256   9813888
256   10448520
256   10932512
256   10416636
256   10424764
256   9882420
256   10024756
256   9729856
256   10700724
256   11151532
256   11221908
256   10709580
256   9826576
256   10851784
256   10876824
256   11096396
256   10638712
256   10044240
256   11056052
256   10878548
256   10750024
256   10474340
256   10739532
256   9759508
256   10652144
256   10352024
256   9658524
256   10778672
256   9439936
256   9463156
256   10750848
256   9310820
256   9630268
256   10437244
256   8839636
256   10863100
256   11121456
256   10520284
256   11303180
256   9624824
256   9430800
256   11062952
256   9401908
256   10000760
256   10814104
256   9829396
256   11222436
256   9438052
256   10693764
256   10827672
256   10338148
256   10169824
256   9699068
256   10118740
256   10361908
256   10428576
256   9841812
256   10145168
256   11133164
256   10151976
256   11013820
256   10683192
256   10379052
256   11292516
256   9287204
256   9337600
256   10802212
256   10526664
256   9275128
256   10440516
256   10200640
256   10494676
256   10203492
256   10911548
256   11642056
256   10084580
256   9395620
256   10423676
256   10975256
256   10924096
256   10544524
256   9630788
256   9259712
256   10980648
256   9209520
256   10937928
256   10361304
256   9599176
256   10769336
256   9443904
256   10236280
256   11525680
256   10591984
256   9692896
256   10778896
256   10661024
256   10701280
256   10179084
256   9441412
256   11270404
256   10480816
256   10567060
256   10971528
256   10138856
256   9320236
256   10477444
256   10132560
256   10290692
256   11621428
256   9080004
256   9210364
256   10391012
256   9467348
256   11164124
256   9997576
256   9995420
256   11242104
256   11540816
256   10049672
256   10977600
256   11134296
256   9712152
256   11186560
256   10365636
256   9270164
256   10654156
256   10676064
256   10675968
256   10603892
256   10238040
256   10857604
256   10503548
256   9796008
256   10908228
256   9052952
256   9306932
256   10624976
256   10859956
256   10920512
256   10770688
256   10220268
256   10136716
256   9480992
256   11010904
256   11068636
256   9307880
256   10426032
256   10318312
256   10461036
256   11431692
256   10721136
256   10038532
256   10598492
256   9095584
256   10817280
256   10606296
256   10382360
256   10147500
256   10702776
256   9898024
256   10863228
256   10358432
256   10788768
256   10919844
256   9932828
256   9446592
256   11454020
256   9709128
256   9267268
256   10544996
256   10817188
256   10026596
256   10751448
256   8967452
256   10931424
256   10751348
256   9256024
256   11551520
256   10209248
256   9546572
256   10527920
256   9825080
256   10543732
256   11403216
256   10457924
256   10718284
256   10673740
256   10982156
256   10296640
256   10346144
256   10448884
256   10845492
256   10970576
256   10093956
256   10210640
256   10826784
256   10677884
256   10458392
256   9263604
256   10668740
256   11169236
256   10322660
256   11502176
256   11015000
256   10152932
256   10729904
256   9164932
256   10625496
256   10734048
256   9684576
256   11539824
256   10505512
256   9631352
256   10671660
256   9840868
256   9309108
256   10844188
256   9400800
256   11482904
256   10382512
256   8895228
256   10930964
256   9752992
256   9298616
256   10927884
256   10927760
256   8842772
256   10216400
256   10055996
256   11431768
256   10485616
256   10912940
256   11027488
256   9514064
256   9195428
256   10723292
256   10073628
256   10223048
256   11516232
256   10324444
256   10690772
256   10623716
256   10093776
256   10771176
256   9948168
256   9856960
256   10859776
256   8753696
256   9297496
256   11370700
256   9407568
256   9537840
256   10540376
256   11045616
256   10474036
256   10235448
256   9626564
256   10675452
256   10911432
256   10288056
256   10446748
256   10981660
256   8843284
256   10794012
256   10233400
256   10663052
256   10726528
256   10672944
256   10791196
256   9570368
256   9199728
256   11179664
256   9141564
256   10066372
256   11431136
256   9720192
256   10031652
256   10382732
256   10414356
256   8788996
256   10424668
256   9637032
256   10966352
256   10044568
256   9961496
256   11397560
256   11198200
256   9188992
256   11116444
256   10931244
256   10461352
256   11232712
256   8835052
256   10708156
256   10474904
256   11559068
256   10689648
256   10411984
256   10211540
256   11220432
256   9915184
256   10887052
256   11078252
256   11412864
256   9945928
256   10471572
256   10892368
256   10923020
256   10724172
256   9781620
256   8820168
256   10390564
256   11066992
256   11254840
256   10104744
256   10681352
256   10922512
256   11259980
256   11036432
256   11006908
256   9582508
256   8809548
256   10109508
256   9418120
256   11124696
256   10436252
256   10682664
256   11203136
256   9245856
256   9516136
256   10893716
256   10137128
256   11125100
256   11324580
256   9428752
256   10961104
256   11240228
256   9751960
256   10830984
256   10836772
256   9700040
256   10482456
256   10687540
256   11246140
256   9883060
256   9326928
256   11229876
256   9549996
256   10623060
256   10867368
256   9789664
256   10593632
256   10198160
256   10283852
256   9676212
256   11058104
256   10606544
256   11240248
256   9687404
256   10660668
256   10842688
256   11022248
256   9283420
256   9723224
256   10176700
256   11112228
256   9785240
256   11146916
256   10800428
256   9436364
256   8995200
256   11153288
256   9657528
256   9853284
256   10113816
256   9558972
256   9343740
256   10724748
256   10147860
256   11427064
256   10220124
256   10174128
256   11165080
256   9457136
256   9769000
256   10185684
256   10345772
256   11494708
256   11002988
256   10376216
256   10885248
256   10374124
256   10516252
256   11045712
256   10904104
256   10553596
256   10571864
256   9523628
256   10198624
256   9878040
256   9432312
256   9445188
256   10947308
256   9327140
256   10871104
256   9915584
256   11308768
256   11280728
256   11052096
256   8845100
256   10893572
256   10272336
256   10533060
256   10163524
256   10931656
256   11539616
256   9864424
256   9755512
256   10438764
256   9892644
256   9153320
256   10460216
256   9337468
256   10122064
256   11073828
256   10165556
256   10903172
256   11109884
256   11036812
256   10660176
256   11156000
256   9965896
256   11311280
256   9627248
256   9794644
256   11277916
256   10199020
256   10723620
256   11344980
256   10840320
256   11620828
256   10407268
256   9662368
256   11562652
256   10414332
256   9618444
256   10970468
256   10359692
256   8929776
256   11228820
256   9497740
256   9710028
256   10323892
256   9129912
256   10758048
256   10802572
256   9534968
256   10342824
256   9807836
256   10442444
256   10354016
256   11045276
256   10867152
256   10644772
256   9252840
256   11198300
256   9769840
256   10588756
256   9981736
256   10120440
256   11202324
256   10222652
256   10131180
256   10844604
256   11000948
256   9881912
256   10711496
256   10616100
256   9202504
256   10523012
256   10230264
256   10436104
256   11190644
256   9625448
256   10486132
256   10779392
256   9855080
256   11320296
256   10752516
256   10225012
256   11332060
256   9618488
256   10595020
256   10536896
256   11410544
256   10576436
256   10716112
256   9129884
256   11469508
256   10099264
256   9436224
256   10955732
256   10444804
256   9911532
256   11367108
256   9943940
256   9998660
256   10995484
256   10415096
256   10574340
256   10130744
256   10142876
256   11037576
256   10786688
256   9862752
256   10896124
256   9084600
256   10720408
256   9805308
256   9411652
256   11045796
256   9475248
256   10246228
256   10738384
256   10464252
256   10720968
256   11303024
256   9332660
256   10227164
256   10861768
256   10467072
256   10863024
256   10736896
256   10027516
256   11559460
256   11305308
256   10350200
256   11114932
256   9556156
256   9296692
256   10392884
256   11075688
256   10260436
256   10724108
256   9099872
256   11104976
256   10342040
256   10201528
256   11309100
256   10377640
256   9615960
256   11584216
256   10067516
256   10907284
256   10111932
256   10867852
256   10720832
256   11185680
256   10268896
256   11264836
256   11337364
256   9353136
256   10305884
256   9332852
256   9080004
256   10486964
256   9373524
256   10851676
256   10789876
256   10177952
256   11215492
256   11134724
256   11053200
256   11271836
256   10781332
256   9614056
256   10767296
256   9342552
256   11226144
256   10837440
256   9159040
256   10981608
256   10574136
256   10672736
256   10420472
256   10777856
256   11905748
256   10759824
256   9520196
256   10692212
256   10279492
256   9575416
256   11006872
256   10569984
256   10668348
256   10973616
256   9879396
256   9051460
256   10616416
256   11003316
256   11433232
256   10505496
256   9430076
256   10565440
256   9578464
256   10049476
256   11128920
256   11096756
256   10119388
256   10178580
256   9525212
256   11019844
256   10745540
256   8990128
256   11359784
256   9245376
256   10334292
256   10845360
256   9084060
256   10782512
256   10210220
256   10398708
256   11380020
256   10701020
256   10370440
256   11281440
256   10703428
256   9335172
256   10091780
256   10775692
256   10320884
256   10525556
256   10151916
256   11097636
256   10687464
256   8862552
256   11218308
256   10395700
256   9546296
256   11736860
256   9765028
256   9132060
256   11474532
256   9036220
256   10733704
256   9681052
256   9447232
256   11024840
256   9846140
256   10682404
256   10550108
256   10683412
256   9426076
256   10356888
256   11270068
256   11187612
256   11180212
256   9982228
256   11123828
256   9681388
256   9592324
256   11027340
256   10578516
256   9722536
256   10208716
256   11116580
256   11102848
256   11381264
256   9650944
256   10784368
256   10200528
256   11440572
256   10946508
256   9644524
256   10235508
256   10977616
256   9484296
256   9447540
256   10498856
256   9776292
256   11270720
256   10645464
256   9918148
256   10583336
256   10893272
256   8991944
256   11222348
256   9872444
256   9609920
256   10216536
256   10320836
256   10544248
256   9419980
256   9800512
256   11283336
256   9900956
256   9022540
256   10617716
256   10508332
256   11019928
256   9754340
256   10688688
256   11019780
256   10312024
256   10267496
256   11293276
256   8903528
256   9885716
256   10743616
256   11481588
256   10727784
256   10056648
256   10618036
256   10905048
256   10383396
256   9698300
256   10843676
256   10405268
256   9435808
256   11651724
256   11469308
256   9774488
256   11051696
256   10206800
256   8899120
256   11032208
256   9167708
256   11199836
256   11114836
256   10996928
256   11404096
256   10579944
256   9409124
256   11365828
256   10862452
256   10800796
256   10112996
256   10663424
256   10750572
256   10812788
256   9457500
256   11131020
256   9407704
256   11037960
256   10189176
256   10759392
256   9391512
256   10475844
256   9138136
256   10172696
256   10783204
256   9444804
256   11058272
256   11123468
256   10893888
256   10709268
256   9451436
256   9111548
256   10687324
256   10154976
256   11206832
256   11096496
256   9255896
256   10955348
256   10532148
256   9299664
256   10530428
256   9634892
256   9848204
256   10258232
256   10405476
256   10712792
256   11111976
256   9823336
256   10751228
256   10444308
256   10096236
256   11545332
256   11224252
256   10403620
256   10082936
256   9702144
256   10050240
256   11028604
256   10091048
256   9067732
256   11308652
256   9602060
256   11360592
256   10705252
256   11030064
256   11293952
256   10311640
256   9886664
256   10954508
256   10442848
256   10665756
256   10280140
256   10035220
256   11643172
256   11390448
256   8899176
256   10636112
256   10307900
256   11053012
256   10072996
256   10143404
256   10094320
256   10717296
256   10558404
256   10779248
256   9968016
256   10453224
256   10957884
256   9867096
256   9778072
256   10758688
256   8878336
256   10951180
256   11414548
256   9615000
256   11448980
256   10061172
256   9187432
256   10850988
256   9754264
256   10284712
256   10934544
256   9189124
256   10419948
256   10519540
256   10305804
256   10941556
256   11221376
256   9323832
256   11506492
256   10442272
256   9078532
256   10700232
256   10999212
256   10939932
256   11085340
256   9465432
256   11464296
256   10226764
256   9598896
256   10962336
256   9973224
256   9267048
256   9910456
256   10166748
256   9792672
256   10267104
256   10783320
256   11115704
256   10537464
256   9644848
256   11081040
256   10850920
256   9631376
256   10865344
256   9569232
256   10389592
256   10219244
256   11174580
256   11313144
256   9806304
256   8986432
256   11161404
256   9451116
256   10174624
256   10540440
256   9796560
256   11451428
256   9362356
256   10970684
256   9822392
256   10382668
256   10508068
256   10701800
256   10510440
256   9127116
256   10927712
256   9525748
256   9055124
256   10777704
256   11290168
256   9602324
256   10544712
256   8962696
256   11725048
256   11127380
256   9351348
256   11132232
256   10469800
256   10058384
256   10926592
256   10421556
256   10321448
256   10095844
256   9901380
256   11311996
256   11171700
256   8699360
256   10853176
256   9852980
256   10377392
256   11707488
256   9103100
256   9279900
256   10675892
256   10697804
256   8988060
256   10961320
256   10600768
256   8967424
256   11389784
256   10898772
256   9524792
256   10643088
256   10682440
256   11086104
256   11502136
256   10572144
256   11398648
256   10944988
256   9970232
256   10395272
256   9485148
256   9566376
256   10458560
256   10632264
256   11140660
256   10654000
256   11085452
256   10939768
256   10925748
256   9562652
256   11156988
256   9082720
256   9505180
256   11284396
256   9861016
256   10254664
256   10855756
256   11063568
256   10641344
256   11032420
256   11212472
256   11081936
256   10436624
256   10100160
256   10957648
256   9010484
256   10932364
256   11286176
256   8908948
256   11115564
256   10376740
256   9837376
256   10294884
256   10583908
256   9326188
256   11145080
256   10644120
256   10887860
256   10440876
256   10915524
256   11062340
256   10829616
256   9782612
256   11212020
256   10934944
256   9067136
256   9897904
256   9180920
256   10783256
256   10495344
256   9946536
256   11246592
256   9524896
256   10687172
256   10623992
256   9433932
256   9337848
256   10831764
256   9315356
256   11248752
256   11121672
256   11103176
256   10954040
256   9299300
256   8941004
256   10478168
256   9361768
256   10557596
256   11020712
256   9292832
256   10872600
256   9457176
256   10640128
256   10980124
256   11002356
256   9575228
256   11058880
256   9890764
256   9602044
256   11136820
256   8680832
256   11147792
256   11466548
256   10513828
256   11478592
256   10447068
256   10637936
256   10878884
256   11290844
256   9491200
256   10496152
256   9928032
256   10014636
256   10327528
256   9544356
256   11151100
256   9991932
256   10337796
256   10581424
256   9496560
256   9916536
256   10818792
256   10311784
256   10113976
256   10923788
256   10915624
256   10026524
256   10209252
256   10050484
256   11474920
256   10937092
256   10740080
256   10626548
256   10390200
256   10935176
256   10842732
256   9283832
256   11342180
256   10854356
256   9039396
256   11133512
256   10959656
256   10565488
256   10681384
256   9551164
256   11001000
256   10243696
256   9845332
256   10777640
256   11267288
256   9728552
256   10970568
256   8944080
256   10342992
256   11228772
256   9975388
256   9758112
256   10734504
256   9128840
256   10404660
256   10630348
256   10661688
256   10973612
256   10086040
256   9357944
256   11828236
256   9169280
256   9929372
256   10520500
256   9292796
256   10961184
256   9354188
256   11234224
256   11042560
256   9839288
256   10144112
256   10384600
256   10192768
256   9269776
256   10886292
256   10018604
256   11030836
256   9722260
256   9913492
256   11132284
256   11456408
256   10840400
256   11199296
256   9198240
256   9284036
256   10320184
256   9505184
256   10636152
256   10922948
256   10358104
256   11387384
256   10383700
256   10168264
256   11418804
256   10850452
256   9754836
256   10819824
256   10514136
256   9921748
256   10812168
256   9780692
256   9057248
256   10649732
256   9199988
256   11089588
256   10710264
256   9105504
256   11126364
256   10579436
256   9614108
256   10893644
256   9645056
256   9229104
256   10884540
256   8917764
256   11083644
256   9413128
256   10779912
256   10865812
256   9787028
256   10678872
256   10851980
256   10471628
256   11324868
256   10437072
256   9530172
256   11394524
256   9586656
256   10575424
256   10985668
256   10666104
256   9386028
256   10774208
256   9633348
256   9552664
256   11287720
256   10191168
256   10757464
256   10690860
256   9985568
256   10582172
256   10704528
256   10343324
256   11178964
256   10449480
256   10382244
256   10637568
256   9666400
256   9399892
256   10739848
256   10420200
256   11110692
256   10739548
256   9573584
256   11174152
256   9366036
256   8623620
256   10493088
256   9199480
256   10291600
256   10463316
256   9875584
256   11003236
256   11368112
256   10142988
256   11034208
256   10771820
256   10169808
256   11160444
256   9732732
256   10539984
256   10808256
256   9755080
256   11461628
256   10350964
256   10852240
256   10711864
256   9700716
256   10161696
256   11538556
256   8852272
256   10119736
256   11318172
256   10549544
256   9091320
256   10981400
256   10841992
256   9296188
256   10784200
256   11339348
256   10872044
256   10731144
256   9808592
256   11255572
256   10137124
256   11000000
256   10032432
256   10582160
256   10942948
256   11082624
256   10639456
256   11793560
256   8889052
256   11047800
256   11079208
256   10843100
256   10116912
256   10778360
256   9344716
256   10603052
256   10569152
256   10620336
256   10912104
256   9550976
256   11117020
256   10470652
256   10278312
256   9537280
256   10124276
256   9406736
256   11595640
256   10441340
256   9666800
256   11302736
256   9446336
256   9725840
256   10262728
256   10745388
256   11074732
256   10533332
256   9959708
256   10927020
256   10068192
256   9448616
256   11107100
256   10791932
256   9725036
256   10126320
256   9217444
256   10676424
256   8833712
256   10514044
256   10808772
256   10610400
256   9368228
256   11097520
256   9245684
256   10806744
256   10545528
256   10647612
256   11081904
256   10045500
256   10620496
256   10961300
256   10022528
256   9315852
256   10962208
256   11269188
256   11351144
256   10341768
256   10453912
256   10502956
256   10256896
256   10072808
256   10725580
256   10574132
256   10191572
256   11525280
256   9934028
256   9484608
256   11073196
256   10590444
256   9777000
256   10989152
256   10947432
256   10550528
256   10591284
256   10744288
256   10694032
256   9429436
256   10732832
256   10937256
256   11220760
256   10341496
256   10574396
256   10565744
256   11012848
256   10176372
256   10856652
256   10952736
256   10591312
256   9765760
256   11041228
256   11443452
256   10465096
256   9768044
256   10549932
256   10862972
256   10730796
256   9926652
256   11137036
256   9874460
256   9200440
256   10167384
256   9546972
256   9708780
256   9902960
256   11022952
256   11632020
256   10011408
256   9355420
256   11202548
256   10748500
256   9450788
256   9937872
256   10107160
256   10759828
256   10769744
256   9111884
256   11239180
256   9797288
256   10053400
256   10303148
256   9613396
256   10736336
256   11216980
256   9043028
256   10692796
256   11041660
256   9612788
256   11056024
256   9568768
256   10053120
256   11060964
256   10694640
256   8664688
256   11389220
256   10184216
256   10748172
256   10252744
256   10181296
256   10656128
256   10483068
256   9762200
256   11020000
256   11128636
256   9800992
256   10599636
256   9472104
256   10161492
256   11043180
256   9090512
256   10017504
256   10903232
256   9917844
256   11040828
256   11108448
256   9182372
256   11202892
256   10607280
256   10623972
256   11264596
256   11021476
256   10351532
256   10152180
256   10852760
256   11059576
256   11029476
256   10224824
256   10788112
256   10020136
256   10688820
256   11223948
256   10744436
256   9834524
256   10496592
256   10974752
256   10602552
256   10448380
256   9693752
256   11773984
256   10155108
256   9612792
256   10753256
256   11314756
256   9557784
256   11068204
256   11076656
256   10780812
256   9441060
256   11166568
256   10589148
256   9299020
256   9565660
256   11019272
256   10782028
256   11199184
256   10626796
256   9503196
256   11124856
256   10843592
256   9282992
256   11077492
256   9560172
256   9960520
256   10265204
256   9652100
256   11006576
256   11176392
256   9438240
256   11502204
256   9237276
256   8817344
256   10295104
256   10292680
256   11095032
256   10100996
256   10202000
256   11238672
256   10975776
256   10384016
256   10689312
256   9167132
256   10097184
256   10601588
256   9882124
256   10550388
256   10921140
256   9492872
256   11321492
256   10035000
256   10613612
256   11064336
256   9385864
256   9865352
256   10042516
256   9409216
256   10238420
256   10601600
256   9224416
256   9958580
256   10318496
256   9978544
256   11346652
256   9199652
256   9561900
256   10924800
256   10164172
256   11090116
256   9735288
256   8924596
256   10006304
256   10042372
256   9171588
256   11387504
256   10684552
256   10153560
256   10640416
256   9710840
256   9598100
256   10648572
256   8953480
256   9562584
256   11561824
256   10057740
256   9709876
256   9650124
256   10820832
256   11099784
256   10891300
256   10207736
256   11899256
256   9606464
256   10549972
256   10763516
256   9966228
256   9450676
256   10827376
256   10512632
256   10132580
256   9943228
256   9152504
256   9250244
256   10213212
256   9409168
256   10506608
256   10170740
256   9316076
256   11307980
256   10054256
256   10960060
256   11076648
256   10242872
256   9579396
256   10870292
256   10038644
256   8988148
256   10381668
256   10674496
256   11029896
256   9173012
256   9041996
256   11166824
256   10560780
256   9592224
256   11117560
256   9635236
256   9790476
256   10635412
256   9812652
256   10708880
256   10425920
256   10975720
256   9311780
256   11067784
256   9696292
256   10803228
256   11545116
256   11376084
256   10669136
256   10609404
256   9657800
256   11126456
256   10888684
256   9635136
256   11373292
256   9767852
256   8936892
256   10633700
256   10365588
256   10967324
256   10458780
256   11196148
256   10450740
256   10493156
256   10033568
256   10939272
256   10723976
256   10917676
256   10569752
256   9844152
256   9665336
256   9732528
256   9908620
256   11180172
256   9768112
256   10787864
256   10871380
256   8976160
256   8931708
256   10892172
256   9553340
256   10837408
256   11210940
256   9675128
256   11069680
256   10730384
256   9958460
256   11460064
256   10578540
256   8686680
256   11268956
256   9735156
256   11045500
256   10398912
256   10948784
256   11325496
256   10814592
256   9364036
256   11903752
256   10727116
256   9535040
256   10240164
256   10665180
256   10321392
256   10580740
256   10437408
256   9961096
256   11025152
256   10526808
256   10796656
256   11177212
256   10043792
256   11379728
256   9146156
256   9876620
256   11192300
256   9350936
256   9690916
256   10535404
256   10533584
256   10403312
256   10983832
256   9205072
256   11001896
256   11073976
256   10130744
256   11267628
256   9756008
256   9100496
256   11269984
256   9819968
256   10919644
256   11564612
256   9293520
256   11299768
256   9232056
256   9699272
256   10259084
256   11164680
256   10118980
256   11548984
256   8842080
256   10965000
256   10457300
256   10787936
256   11557568
256   9503708
256   10795788
256   10776148
256   10351268
256   9061220
256   10094944
256   9600492
256   10597964
256   10834132
256   9811024
256   10390872
256   10164052
256   9199788
256   11262744
256   11105140
256   9740116
256   10857936
256   10215100
256   11134920
256   10259996
256   10871356
256   11398308
256   10510536
256   9870308
256   10964252
256   9531120
256   10867740
256   10730592
256   9196036
256   10965012
256   10887264
256   10335612
256   11171600
256   11179752
256   9484172
256   10904152
256   10671124
256   9265976
256   11140036
256   9934696
256   10134104
256   10558152
256   9821036
256   11811352
256   10887608
256   11079184
256   11304204
256   9824160
256   9100280
256   10370424
256   10963764
256   10072252
256   10997488
256   10302028
256   11448040
256   10858096
256   9331948
256   11617332
256   10033376
256   10999920
256   10690516
256   9193088
256   10478272
256   10986956
256   9763996
256   10964252
256   10649644
256   11034760
256   10953020
256   10553088
256   10960800
256   10643344
256   10515744
256   11424776
256   9831548
256   9336100
256   10954764
256   10775756
256   9996640
256   11532748
256   10752396
256   10735864
256   11077268
256   10032668
256   10876968
256   10219880
256   10772536
256   10526460
256   9957444
256   9800844
256   10096800
256   9597688
256   10549040
256   10620176
256   9913100
256   11501688
256   9504976
256   9458012
256   10494176
256   9952548
256   11113820
256   10972984
256   10060340
256   11552716
256   11502560
256   9820232
256   11494188
256   10394524
256   8513564
256   10427356
256   9610848
256   11109660
256   10710268
256   9484580
256   10881036
256   11142596
256   10223220
256   10881696
256   10829324
256   9834648
256   10078692
256   10605932
256   9768724
256   10473620
256   10471900
256   10764264
256   10816592
256   9771884
256   10390272
256   10798304
256   9534600
256   10480236
256   9661336
256   11180292
256   13234940
256   10566436
256   9569232
256   10697728
256   10764060
256   11518788
256   10415416
256   9935144
256   11198656
256   9217524
256   10434300
256   10060744
256   9431984
256   10738504
256   10532708
256   10868208
256   10830420
256   10983104
256   11303484
256   10968316
256   10309644
256   10042892
256   10629048
256   9984528
256   9061860
256   9817392
256   12056360
256   11323292
256   11296680
256   11424792
256   11732312

