8   327996
55   1657660
126   3576184
256   7425660
256   7299872
256   7338256
67   1958960
256   7384540
256   7297232
256   7391488
256   7305380
256   7399596
256   7321140
256   7362556
256   7327700
256   7365060
256   7340092
256   7357424
256   7329328
256   7398492
256   7348324
256   7288380
256   7397180
256   7318188
256   7412236
256   7266544
256   7425968
256   7298392
256   7389060
256   7295216
256   7330956
256   7372500
256   6121452
256   5690476
256   6491612
256   6147472
256   6389376
256   6276700
256   6349056
256   6219332
256   5608236
256   5523924
256   5331012
256   5613096
256   5593236
256   5738280
256   5739080
256   5980316
256   5673152
256   5919652
256   6239972
256   6123824
256   5792892
256   5436440
256   5861424
256   5423804
256   5266288
256   5903680
256   5769408
256   5939180
256   5050900
256   5484208
256   6398448
256   5226464
256   5948600
256   5576376
256   6236964
256   6280004
256   6222704
256   5678388
256   5706188
256   6397196
256   6614436
256   6270172
256   6441076
256   6300892
256   5655540
256   6412972
256   5884020
256   6055544
256   5712596
256   5396732
256   5810992
256   5732888
256   5827476
256   5814596
256   5623500
256   5840032
256   5628412
256   5678760
256   5951440
256   6040188
256   6012212
256   6147064
256   5907976
256   6342272
256   5490328
256   5576656
256   6029832
256   6172264
256   5718568
256   5855816
256   6372848
256   5539944
256   6481212
256   5902168
256   6106416
256   6353688
256   5713668
256   5886000
256   6359204
256   6529660
256   5836328
256   6350028
256   6185312
256   6457920
256   6405332
256   6305884
256   5655648
256   5568488
256   5622012
256   6137364
256   5443820
256   5581376
256   6124644
256   6049192
256   5860256
256   5647576
256   6327932
256   5752344
256   5943960
256   6467636
256   5843232
256   5978604
256   5724876
256   6155100
256   6216044
256   5581508
256   5759656
256   5658508
256   5760288
256   6316760
256   5648260
256   5743916
256   6075508
256   6178128
256   5747980
256   5827948
256   6099592
256   6465356
256   6279904
256   6585288
256   6421568
256   5801256
256   5841596
256   5710388
256   5501028
256   5955860
256   6187796
256   5891556
256   5872328
256   5495008
256   5608360
256   5447356
256   5473580
256   5489588
256   5767364
256   6154492
256   6239264
256   5746472
256   6004616
256   6512536
256   5599660
256   5826948
256   6262432
256   6508568
256   5589364
256   5436928
256   6430040
256   5534764
256   6351680
256   5914168
256   5662968
256   6294080
256   6418828
256   5582676
256   5795152
256   6352840
256   6044812
256   6006660
256   5762440
256   5464872
256   5792984
256   5503552
256   5700852
256   5755368
256   5728880
256   5818572
256   5524288
256   5745616
256   5610832
256   5946668
256   4957124
256   6087604
256   5422372
256   6115868
256   5550324
256   5936448
256   5434864
256   6478108
256   7301700
256   6319180
256   6073768
256   6172420
256   5532392
256   5963896
256   5867292
256   6191984
256   5884208
256   6293280
256   6244456
256   6633672
256   5537136
256   6475016
256   5778584
256   6495436
256   5384708
256   6084968
256   5715016
256   5579464
256   5880960
256   5591476
256   5926364
256   5558236
256   5539504
256   5872436
256   5612848
256   5628300
256   5875428
256   6620964
256   5446348
256   5485996
256   5678712
256   5926748
256   6213364
256   6063440
256   5434404
256   5930968
256   6241080
256   6271260
256   5831652
256   6337104
256   6650132
256   6415704
256   6522420
256   6485596
256   6154680
256   6307324
256   5772804
256   6073928
256   5799548
256   4847080
256   5774900
256   6080416
256   5039384
256   5621336
256   5699960
256   5498712
256   5629580
256   5759404
256   5850772
256   5757348
256   5667312
256   5811544
256   5543856
256   5789020
256   5791540
256   5576196
256   5765948
256   6023040
256   5992220
256   5497600
256   5633388
256   5930668
256   5759096
256   5612120
256   6476284
256   5731576
256   5391812
256   5771564
256   6322440
256   6124860
256   5638148
256   5855628
256   6498052
256   6439352
256   6161188
256   5495076
256   6309980
256   6011000
256   5545444
256   5477356
256   5800768
256   5901392
256   5684868
256   5562040
256   5833848
256   5686884
256   5692160
256   4829264
256   5478752
256   5617980
256   5710096
256   6263360
256   5806992
256   5812576
256   5595116
256   5868940
256   5911160
256   5630160
256   6402496
256   6335984
256   6429184
256   5777556
256   5462972
256   5783640
256   5760540
256   5867756
256   5877096
256   5941024
256   5599440
256   5950036
256   5803112
256   6410668
256   7010284
256   5626892
256   5756324
256   6708536
256   5634780
256   5947896
256   6392176
256   5601480
256   6087604
256   5631948
256   5288272
256   5589600
256   5676548
256   6095220
256   6327928
256   5681568
256   6129780
256   5581732
256   5272136
256   6358072
256   5853964
256   5535988
256   5716284
256   5665676
256   6008716
256   6291480
256   6580404
256   6059388
256   6268324
256   6485232
256   6429928
256   5693364
256   5702996
256   5405980
256   6416724
256   5492336
256   5715668
256   5426420
256   5701752
256   6335240
256   5975116
256   6368532
256   5602068
256   6442352
256   5777132
256   6444580
256   5865524
256   5548744
256   5657736
256   5764760
256   5458928
256   5744336
256   5428504
256   5865504
256   5773148
256   5213268
256   5723548
256   5377644
256   5614976
256   5757560
256   5628500
256   5911980
256   6138580
256   5696852
256   6303772
256   5879800
256   5709048
256   6005520
256   5913464
256   5617804
256   6263764
256   5969008
256   5728760
256   5563484
256   6514792
256   5796608
256   5725712
256   5823008
256   5811776
256   5647944
256   5034196
256   5541004
256   5643648
256   5770788
256   5848448
256   5528256
256   6227240
256   5507368
256   6170088
256   5671580
256   6264612
256   5657320
256   6318296
256   6362672
256   5798988
256   6384692
256   6007268
256   5767172
256   5931404
256   7194476
256   6116700
256   6515076
256   5712216
256   5876696
256   5805796
256   5946608
256   5609984
256   6753072
256   6562052
256   6515088
256   6527368
256   6016752
256   6568148
256   5993704
256   6572084
256   6581256
256   6502904
256   5750620
256   5587996
256   5420248
256   5968336
256   5656700
256   5894856
256   5468188
256   5785288
256   5860776
256   6475816
256   6488608
256   5518100
256   6283528
256   5768908
256   6467576
256   5949500
256   6359872
256   5462584
256   5662196
256   5991296
256   6010848
256   5518464
256   6214188
256   5957296
256   5917308
256   5139284
256   5521604
256   5556520
256   6082220
256   5914388
256   6336288
256   6602188
256   6171464
256   6573724
256   5942868
256   6455156
256   5570884
256   5825004
256   5562676
256   5783188
256   5906256
256   5545972
256   6145940
256   5749192
256   5461468
256   5839976
256   5687236
256   5802152
256   5555104
256   6005536
256   5783256
256   5857588
256   6250284
256   6132212
256   5751728
256   6314684
256   5840404
256   6517280
256   6348468
256   6392840
256   5791648
256   5506832
256   5646004
256   5855752
256   5750432
256   5671684
256   5683012
256   6140192
256   5412048
256   6162432
256   5951676
256   6395064
256   5970784
256   5808908
256   6426748
256   6073292
256   6111104
256   5782916
256   5836448
256   5888408
256   5992424
256   5158308
256   5750132
256   5967620
256   5269520
256   5776780
256   5497444
256   5847248
256   5679500
256   5195860
256   5783800
256   5841628
256   5709028
256   5844432
256   6087996
256   5805668
256   6191996
256   5728500
256   5642648
256   6095196
256   6444096
256   5726172
256   6605108
256   5898776
256   5202108
256   5900344
256   5666476
256   5567272
256   6158636
256   6014380
256   5541780
256   5608328
256   5882124
256   5491696
256   5783808
256   5395160
256   5581520
256   6185628
256   5444332
256   6041208
256   5598948
256   5883728
256   5509400
256   5020892
256   5834048
256   5166572
256   5830276
256   6109244
256   5795588
256   5819684
256   5190496
256   5709560
256   5736312
256   5710260
256   6552812
256   6136104
256   5609744
256   6342888
256   5551160
256   5554252
256   5860628
256   5895556
256   5550568
256   6567584
256   6331248
256   6119092
256   5894992
256   5694948
256   5985532
256   5837960
256   5478284
256   5796496
256   5494004
256   5434640
256   6153500
256   5580804
256   5588788
256   5625112
256   6226644
256   5634412
256   6208276
256   6256296
256   6318764
256   5133168
256   5808720
256   5691596
256   6135140
256   5805088
256   5946004
256   5968264
256   6309188
256   6069500
256   5653736
256   6120044
256   6146264
256   5833356
256   6439792
256   6334444
256   6498216
256   6396536
256   5721524
256   5861848
256   5913492
256   5470044
256   5900648
256   5751940
256   5775128
256   5906852
256   5634328
256   4751544
256   5434616
256   5291012
256   5644356
256   5650896
256   5952060
256   5405296
256   5808668
256   5865284
256   5652644
256   5594592
256   6132876
256   5852308
256   6215420
256   6344108
256   5796436
256   5817028
256   5876628
256   6041840
256   5518416
256   5707692
256   5707952
256   6009512
256   6304528
256   6240208
256   5828628
256   5585712
256   5748296
256   6248360
256   6427688
256   6251596
256   6471204
256   6192504
256   5657796
256   5598664
256   5966896
256   5762728
256   5470184
256   5813004
256   5831840
256   5665312
256   5665100
256   4952284
256   5798660
256   5540660
256   5431928
256   5867492
256   5507320
256   6220548
256   5706484
256   5970908
256   6219416
256   5800836
256   5598968
256   5952824
256   6203144
256   6498684
256   6112908
256   6048812
256   5719068
256   5780120
256   5638296
256   5738888
256   5805620
256   5573656
256   6112200
256   5588312
256   6290184
256   5616508
256   5938964
256   5674480
256   6022260
256   5967044
256   5930172
256   5910212
256   6366060
256   5810628
256   5540484
256   5506732
256   5887620
256   5349236
256   5825840
256   6264212
256   5558340
256   5909336
256   5458108
256   5288080
256   5191388
256   5641184
256   5746780
256   6166100
256   6035496
256   6309836
256   5649332
256   6407772
256   6353412
256   5773468
256   6295576
256   5729964
256   6568212
256   6541816
256   5743692
256   5900564
256   6340044
256   5505532
256   5821860
256   5631736
256   6395796
256   5749832
256   4794040
256   5656748
256   6394608
256   5578688
256   5707288
256   5656808
256   6216316
256   5959792
256   6006464
256   5753184
256   5723552
256   5912916
256   5762112
256   5339448
256   5922664
256   6047512
256   5676332
256   5901184
256   5613288
256   5492968
256   6264732
256   5137864
256   6276000
256   6287004
256   5968972
256   6040464
256   6418392
256   6441380
256   5977044
256   6509604
256   6170964
256   6436080
256   6602104
256   6206568
256   6388168
256   5690532
256   5741548
256   5638948
256   6138380
256   4732032
256   6017200
256   6389848
256   5733412
256   5925948
256   5714296
256   5935848
256   5807388
256   6357384
256   6123072
256   6013640
256   6379420
256   5426696
256   5676068
256   5627276
256   5274616
256   5895532
256   5611524
256   5901200
256   6158960
256   5205036
256   6277244
256   6423376
256   5531616
256   6117660
256   5732256
256   6418776
256   5624664
256   6062720
256   5659120
256   5934176
256   5446196
256   5762200
256   6429744
256   6406192
256   5893072
256   5534312
256   5388504
256   5118028
256   5624180
256   5712808
256   5808704
256   5920592
256   5713788
256   5600024
256   6114068
256   5741796
256   5972048
256   5540364
256   6428140
256   7122312
256   6181768
256   5973796
256   5858556
256   6110084
256   5832064
256   5512188
256   6118028
256   5871692
256   6181540
256   6229708
256   5865592
256   5777256
256   5575728
256   5381396
256   5584688
256   6081592
256   6449908
256   6122920
256   5792892
256   6181776
256   5691604
256   6274984
256   5736876
256   5792060
256   6371096
256   6077540
256   6193880
256   5219888
256   4985920
256   5778624
256   5544124
256   5604432
256   5692620
256   5415604
256   5777984
256   6270972
256   6051872
256   5778248
256   5995692
256   5725552
256   6433600
256   6513152
256   6000528
256   6177860
256   6138528
256   5777460
256   5732924
256   6109136
256   5733556
256   5650172
256   6281844
256   6200600
256   5856888
256   5874400
256   5188644
256   5078636
256   5623744
256   6028296
256   5836652
256   6071372
256   5363992
256   6328968
256   5868516
256   5743732
256   5536824
256   6123332
256   5677836
256   5400972
256   5791208
256   6572768
256   5939796
256   5950180
256   5572648
256   5889160
256   5469228
256   5666556
256   6610728
256   5760300
256   6195680
256   5933016
256   5559136
256   5793876
256   6416720
256   6490632
256   6032112
256   6420896
256   6621408
256   6622000
256   5732276
256   5760828
256   5785036
256   5849772
256   5470756
256   5864836
256   5620888
256   5208980
256   5706964
256   5680308
256   6289932
256   6438116
256   6387328
256   5707008
256   6236112
256   6134444
256   6240676
256   5582972
256   5777124
256   6293480
256   5629328
256   6069092
256   6092092
256   5551372
256   5497852
256   5945132
256   5479540
256   5892032
256   5683904
256   5652604
256   6282352
256   6302236
256   6431012
256   6445132
256   5535436
256   6334724
256   5537704
256   6238640
256   6243032
256   6388052
256   6073240
256   5423080
256   5132936
256   5241900
256   5391948
256   5554524
256   5779776
256   5929240
256   5777716
256   5602804
256   6366608
256   5763196
256   5642788
256   6380956
256   5757228
256   6209860
256   5681180
256   5598308
256   5676952
256   5572764
256   6107596
256   6163740
256   6318880
256   5704188
256   6032984
256   5826508
256   5835800
256   5804680
256   5557784
256   5628960
256   5491132
256   5804512
256   6162836
256   6373524
256   6238944
256   6506964
256   6054164
256   5757528
256   5710444
256   6058516
256   5699068
256   6074092
256   5534516
256   6076460
256   5894244
256   5106060
256   5607376
256   4990940
256   5022612
256   6519912
256   5789760
256   5829548
256   5954264
256   5891108
256   6140532
256   6106476
256   6015328
256   5843164
256   5958648
256   5888676
256   5975792
256   6471860
256   5390816
256   6243976
256   5628772
256   5481596
256   5673056
256   6098908
256   5936316
256   5406636
256   5702648
256   5973728
256   6119772
256   6026616
256   6036100
256   6248580
256   5960452
256   6088428
256   5460316
256   5963436
256   5335528
256   5717808
256   6366932
256   6017560
256   5824724
256   6287112
256   5543388
256   5516704
256   5708300
256   5321280
256   5565588
256   6073592
256   5795876
256   6161916
256   5707688
256   5809188
256   6268912
256   6388184
256   6652108
256   6109924
256   6083828
256   5605980
256   6256544
256   5917492
256   5677892
256   5754952
256   5654296
256   6165616
256   5497476
256   5761644
256   5293444
256   5614460
256   5322052
256   5230468
256   5936632
256   5666960
256   5667880
256   6020844
256   5621520
256   5867704
256   6207376
256   5817984
256   5685696
256   5975444
256   6218716
256   6298264
256   6601536
256   5490116
256   5832688
256   5395544
256   5466192
256   6509680
256   6003880
256   6077468
256   6085640
256   6570036
256   5926332
256   5733080
256   5683312
256   6106388
256   6444556
256   6026224
256   6388120
256   6049980
256   6672468
256   6059416
256   5652212
256   6092912
256   5684584
256   5829596
256   5598928
256   5618124
256   5994276
256   5867424
256   5631824
256   5689040
256   5301060
256   6331360
256   5772852
256   6231744
256   6001576
256   6083552
256   5484740
256   5595448
256   5824148
256   5627888
256   5522428
256   5771064
256   5946356
256   6398004
256   5474832
256   5765340
256   6485576
256   5357400
256   5854000
256   5526256
256   6338576
256   5712624
256   5957376
256   6413420
256   6350736
256   5872528
256   6168008
256   6017364
256   5898864
256   5610140
256   5623852
256   5708852
256   5935396
256   4938224
256   5368148
256   5103680
256   5161580
256   5771444
256   5847116
256   5954536
256   6363992
256   6068840
256   5815580
256   5870632
256   5702024
256   5840752
256   6984548
256   5996492
256   6357828
256   5844848
256   6196028
256   5853740
256   6349296
256   5697192
256   5736844
256   5665336
256   6208356
256   5880672
256   5804444
256   5412688
256   5595892
256   5427924
256   6513420
256   6353296
256   6237680
256   5658696
256   6053624
256   5564880
256   6062320
256   5752720
256   5466440
256   5668992
256   5899148
256   5522548
256   5644820
256   5732748
256   6304184
256   6101536
256   5619516
256   5403432
256   6097716
256   5546760
256   6033372
256   5717808
256   5710260
256   5829080
256   5666996
256   6590956
256   6000836
256   6400076
256   5855388
256   5572076
256   6496736
256   5618652
256   6430536
256   5528772
256   6246780
256   5690812
256   5583540
256   6485060
256   5765580
256   5707500
256   5873832
256   5631504
256   5648476
256   6390040
256   5846048
256   6287320
256   5829836
256   6125992
256   5528096
256   5988912
256   5646692
256   5502304
256   5148060
256   5697788
256   6282204
256   5919668
256   5249828
256   5412704
256   5123428
256   5693072
256   5519032
256   5715088
256   6474348
256   6351304
256   6516948
256   6201996
256   6569280
256   6533820
256   6229408
256   6274752
256   6187644
256   6246092
256   6012692
256   6185468
256   5815096
256   5218520
256   6201120
256   5707480
256   5528364
256   5712200
256   5731376
256   5405540
256   5671212
256   5892396
256   5552932
256   5582120
256   6006872
256   5536484
256   5698572
256   5876380
256   5538540
256   5695832
256   5615160
256   5192096
256   6017640
256   5588104
256   6270308
256   5831432
256   5713028
256   5600200
256   5289936
256   5777812
256   6123236
256   6510428
256   6528008
256   5641844
256   6449336
256   5741600
256   6369632
256   6139208
256   6391164
256   5748632
256   5290884
256   6139984
256   6292252
256   5677692
256   5763208
256   5563072
256   5742112
256   5633060
256   5872248
256   5603220
256   5677960
256   6328368
256   5511288
256   5852392
256   5834280
256   5807144
256   5746300
256   5895492
256   6236480
256   6127232
256   5654380
256   5802684
256   5541048
256   5741368
256   5538964
256   6243968
256   6306092
256   6081240
256   5152460
256   5664916
256   5558832
256   5782940
256   6423440
256   6327972
256   6337272
256   5951832
256   6400140
256   5704872
256   5924816
256   6097908
256   5416820
256   5907980
256   6160500
256   5768532
256   5789348
256   6311876
256   5549960
256   5450780
256   5789356
256   5359464
256   6113872
256   5564792
256   5582508
256   5870060
256   5906212
256   5857224
256   5803116
256   5769252
256   5652784
256   6237996
256   6179528
256   5578004
256   6411232
256   6233716
256   5499852
256   5677344
256   5814216
256   6118340
256   5993532
256   6358344
256   5836588
256   5493788
256   5728212
256   5707896
256   5527360
256   6124264
256   5603608
256   5798484
256   6483472
256   5695860
256   5786660
256   5631128
256   5869808
256   5846772
256   5814328
256   5738028
256   5548756
256   5577468
256   5152592
256   5603660
256   5694636
256   5490332
256   5656868
256   5895120
256   5007896
256   6404852
256   5670416
256   6558196
256   6499800
256   6261244
256   6566388
256   6448084
256   6237512
256   5518984
256   6071036
256   5856440
256   5861836
256   5667656
256   6001384
256   6451664
256   5855660
256   5172412
256   6267428
256   5879196
256   5545080
256   5428728
256   5748176
256   5718808
256   6099048
256   5655620
256   6098516
256   5772232
256   5861456
256   5791844
256   5446264
256   5723116
256   5683120
256   6298416
256   5785772
256   5764532
256   5776952
256   5503900
256   5506680
256   5803416
256   5768544
256   5628588
256   6305172
256   5533928
256   6509036
256   6489684
256   5995456
256   6258964
256   6333248
256   5921712
256   6385316
256   6654692
256   5879040
256   5836116
256   5345452
256   5510136
256   5423392
256   5924340
256   5683708
256   5893056
256   5714452
256   4838368
256   5657232
256   5881772
256   5436320
256   6360768
256   5980704
256   6187020
256   6274244
256   6570868
256   6118132
256   5530628
256   6196040
256   5760292
256   5788388
256   6328524
256   6413404
256   5844488
256   5853052
256   5935044
256   6680320
256   5787428
256   5261304
256   5704056
256   5698672
256   6469724
256   5622472
256   5491204
256   6494116
256   5795620
256   7174452
256   6029292
256   6220016
256   5665824
256   5851360
256   5625960
256   5406684
256   5427332
256   5804172
256   5213100
256   5946408
256   5596056
256   5708656
256   5928320
256   5495240
256   5763492
256   5759012
256   5722412
256   6327144
256   7252536
256   6321680
256   6038896
256   5653632
256   6496200
256   5395556
256   6106432
256   6279184
256   5843228
256   5935496
256   6142976
256   6015792
256   5908080
256   6026140
256   6397220
256   5487904
256   6216816
256   6247284
256   6235148
256   6347304
256   6302712
256   6478144
256   5919116
256   6225872
256   5939548
256   5895432
256   6099704
256   5705504
256   5886876
256   5531524
256   5726996
256   5671928
256   5784940
256   6473508
256   5815696
256   5812584
256   5527616
256   6205196
256   6225612
256   6215348
256   6413380
256   6298668
256   6365880
256   5750704
256   6147092
256   5525076
256   5798760
256   5771904
256   5608420
256   5994428
256   6098612
256   5979292
256   5622052
256   6475140
256   5871884
256   6020620
256   4715372
256   5647660
256   5987948
256   6426520
256   6253196
256   5955644
256   6233428
256   6126088
256   5591548
256   6091904
256   5640984
256   5485292
256   5878756
256   5077584
256   5521360
256   5795776
256   5739312
256   5801224
256   5666700
256   5653396
256   6178488
256   6036908
256   6373048
256   6284864
256   6278812
256   5696836
256   5803436
256   5857048
256   5728384
256   6291608
256   6549752
256   5858176
256   5688368
256   5898292
256   5804908
256   5426812
256   5597416
256   5253720
256   5750476
256   5884184
256   5410924
256   5510820
256   5890868
256   5922004
256   6279252
256   6567980
256   5871540
256   5832328
256   5842996
256   5676340
256   5538440
256   6156064
256   5778412
256   6585448
256   6317348
256   6232632
256   5554452
256   6211044
256   5790864
256   5966876
256   5774228
256   5521308
256   6300380
256   5877064
256   6000192
256   6477872
256   6471440
256   5996128
256   5809712
256   5620944
256   5908268
256   6427220
256   6512268
256   5877340
256   5502444
256   5537368
256   5469544
256   5558160
256   6025388
256   5514332
256   5736332
256   5810632
256   5546656
256   4903496
256   5425324
256   5952284
256   6350064
256   6127556
256   5702140
256   6161664
256   6231996
256   5751528
256   5525668
256   5699560
256   6232064
256   6391836
256   6518824
256   6031700
256   5777048
256   5544516
256   5729108
256   5730868
256   5553704
256   6490972
256   6676968
256   6096844
256   5910936
256   6360976
256   6083604
256   6215568
256   6224060
256   5346636
256   5985544
256   5576744
256   5828648
256   5944436
256   5999020
256   6370120
256   6082700
256   6177328
256   5786424
256   6060452
256   6108780
256   5227536
256   5807080
256   5930216
256   5581620
256   6303188
256   6086156
256   6140964
256   6444432
256   5994152
256   5608784
256   6539264
256   6286764
256   6289364
256   6182212
256   5553944
256   6386016
256   5667764
256   5710988
256   5973816
256   5533512
256   5685056
256   6226604
256   5557672
256   6204392
256   5684588
256   5944456
256   6016064
256   6161724
256   6028316
256   5706720
256   6362968
256   5809364
256   5526416
256   5861648
256   5750132
256   5546104
256   5457644
256   5755552
256   6202924
256   5646048
256   6234168
256   6100904
256   5607976
256   5583260
256   5825316
256   6268128
256   5403200
256   6510324
256   5736404
256   6186112
256   6079188
256   5815640
256   5733368
256   6246892
256   6264628
256   5944532
256   6412412
256   6682500
256   5376932
256   5765116
256   5565516
256   5603632
256   4887340
256   6079848
256   5541016
256   5714308
256   5855204
256   5686856
256   5743568
256   5651136
256   5619520
256   5923320
256   5679264
256   5533488
256   6378108
256   5778416
256   6304076
256   5061332
256   6061140
256   6233820
256   6444936
256   6465388
256   5803168
256   5766752
256   5968312
256   6475200
256   5995308
256   6033924
256   6303564
256   6195596
256   6030240
256   6563820
256   6401548
256   6242944
256   5994384
256   5348296
256   5828208
256   5189576
256   5837936
256   6107056
256   5466812
256   5715584
256   5153300
256   5891796
256   5580212
256   5693384
256   5807456
256   5735448
256   5882544
256   5867112
256   5668852
256   6453228
256   6195464
256   5914620
256   5433412
256   6117764
256   6280220
256   5567984
256   6569820
256   5674948
256   5662944
256   5551556
256   5923084
256   5692396
256   6580892
256   6723236
256   5753336
256   6333332
256   5573688
256   6333844
256   6007908
256   6415792
256   5671280
256   5850628
256   5517928
256   5621660
256   5092304
256   5932132
256   5349512
256   6083108
256   5754640
256   5670988
256   5332476
256   5777708
256   4681000
256   5900912
256   5666540
256   5668872
256   6139304
256   5898576
256   6068852
256   6281484
256   5579224
256   5680008
256   6225608
256   5857136
256   6190516
256   6374356
256   6106032
256   5736852
256   5746636
256   5766308
256   5462496
256   6454520
256   5957716
256   6342588
256   6532528
256   5970584
256   6160392
256   5702620
256   5528248
256   6254764
256   5849792
256   5936120
256   6098532
256   6196580
256   5758608
256   5378752
256   5878540
256   5584244
256   5939296
256   6519168
256   5806532
256   6041216
256   5679740
256   5719108
256   5533500
256   6114156
256   5662328
256   5764784
256   6469856
256   5700360
256   6419256
256   5822784
256   6348100
256   6130740
256   5702124
256   6178596
256   6273248
256   5773564
256   6309216
256   5567648
256   5551252
256   6297668
256   6386244
256   5188892
256   5725964
256   5777540
256   6106472
256   5742324
256   5576488
256   5534476
256   5915892
256   5627264
256   5802448
256   6285812
256   6206440
256   6149408
256   5927988
256   5566992
256   5409452
256   5240740
256   5378968
256   6631360
256   5705220
256   6090560
256   4873776
256   5521892
256   6144604
256   6181840
256   6369916
256   6518236
256   6010228
256   6322428
256   5984148
256   5537908
256   5872068
256   5522824
256   6275108
256   5802872
256   5602924
256   6102304
256   5965716
256   5413800
256   4824160
256   5763360
256   5182936
256   4763608
256   5191000
256   6308052
256   5777148
256   5844232
256   5826432
256   6295048
256   5592160
256   5669480
256   6491388
256   6149520
256   6176116
256   5670440
256   6338172
256   5773224
256   5276456
256   5635432
256   5316584
256   5768736
256   5645856
256   5763124
256   5616788
256   5600688
256   5733224
256   5711672
256   6335092
256   6218572
256   6568392
256   6322508
256   6221860
256   6340044
256   6388280
256   4959008
256   5755692
256   5881584
256   6190776
256   5486516
256   6051116
256   5811832
256   5566880
256   5600460
256   5634908
256   5712580
256   5217448
256   5739460
256   6223452
256   6217356
256   5866444
256   5794316
256   6196124
256   5720320
256   5646888
256   6103792
256   5725340
256   6436748
256   6107916
256   5621092
256   5596136
256   5830660
256   5926928
256   6213000
256   6068360
256   5610324
256   6609720
256   6001876
256   6051352
256   6014404
256   6361892
256   5574652
256   5891552
256   6090088
256   5860916
256   5607560
256   5761892
256   5570060
256   5175444
256   5446552
256   5206804
256   5811288
256   5794276
256   5208600
256   5252804
256   5096432
256   5682084
256   5357460
256   5720520
256   6383504
256   5905220
256   6330092
256   6255252
256   6173880
256   6018636
256   6040180
256   5517264
256   6566612
256   6371836
256   6760448
256   6093728
256   5625908
256   6039904
256   5824104
256   5680312
256   5477096
256   5763016
256   5689948
256   6002620
256   6432956
256   6107872
256   5967028
256   6148020
256   6072856
256   6010768
256   5952736
256   5920744
256   5548296
256   5688672
256   5516084
256   5799468
256   5062540
256   5552172
256   6546760
256   5716816
256   6133364
256   6213728
256   5685596
256   6350808
256   5815164
256   5892736
256   5978712
256   6092696
256   5993892
256   6212440
256   6733880
256   5876948
256   5907876
256   5935504
256   6162180
256   6319712
256   5470176
256   5623820
256   5597544
256   6051224
256   5956696
256   5565236
256   5708096
256   5577136
256   5569904
256   6269916
256   5930012
256   6308028
256   5912376
256   5759848
256   6181036
256   5801464
256   5792000
256   5919492
256   5669940
256   5477624
256   6240692
256   5792196
256   5409384
256   6059740
256   5381964
256   5838068
256   5831108
256   5882908
256   5732528
256   6075916
256   6342184
256   5967720
256   6387516
256   6496760
256   5865344
256   6556712
256   6581332
256   5620916
256   6518196
256   5777736
256   6080736
256   6183188
256   5819164
256   5671180
256   5579976
256   6039644
256   5276124
256   5176064
256   5497764
256   5951104
256   6080888
256   6206240
256   5546116
256   5737832
256   5781636
256   5990160
256   5678012
256   5854640
256   5729480
256   6143552
256   5704632
256   6493252
256   5627652
256   5490036
256   6395348
256   5567328
256   5959192
256   6431780
256   5696164
256   5778124
256   5767916
256   5653668
256   5953956
256   6232076
256   6302720
256   6289412
256   6316804
256   5463628
256   5869628
256   5616940
256   5597084
256   5246612
256   7267124
256   6152080
256   6055680
256   5886728
256   5922496
256   4957356
256   5532960
256   4963412
256   5350868
256   5491288
256   6339196
256   6362216
256   6364772
256   6326300
256   6239108
256   6070304
256   5988712
256   6032792
256   5473296
256   6623200
256   5735584
256   5459216
256   5859924
256   5957888
256   5684020
256   5534296
256   5726624
256   5385952
256   6501584
256   5541824
256   5963892
256   5917212
256   5584016
256   6692548
256   6101252
256   6563472
256   5595608
256   6373240
256   5748524
256   5817168
256   5718120
256   5785780
256   5953824
256   5595288
256   5818344
256   5542884
256   5547332
256   5583624
256   5834188
256   5163840
256   5659400
256   5634608
256   6759188
256   6392004
256   5822984
256   5623948
256   5836580
256   5613680
256   6083004
256   5673584
256   6278148
256   5773700
256   5928636
256   5800820
256   5756136
256   5531784
256   6521780
256   6023076
256   5950320
256   5910036
256   6270428
256   5169044
256   6082864
256   5736188
256   5608800
256   6045176
256   5763840
256   5948976
256   6126052
256   5980248
256   5569104
256   5809092
256   5310472
256   5768816
256   5438072
256   6190040
256   6007000
256   5656260
256   5512868
256   6123380
256   5444616
256   5694880
256   5311056
256   5684468
256   6453940
256   5615476
256   5968304
256   6283688
256   5788400
256   6416756
256   5747984
256   5516900
256   6515020
256   6190168
256   6086524
256   5902172
256   6417960
256   5524544
256   5664896
256   6440824
256   5844260
256   5907444
256   5381404
256   4992048
256   5547856
256   5698568
256   5779620
256   6091560
256   6103368
256   6510536
256   5469224
256   6188912
256   6020984
256   5630740
256   6327460
256   6138668
256   5249976
256   5562036
256   6063232
256   6242796
256   5024304
256   5873708
256   5785132
256   5701660
256   5351360
256   6464804
256   6302000
256   6284328
256   5614528
256   5764800
256   6107736
256   6304708
256   5941328
256   5659504
256   5642232
256   6308676
256   6113828
256   6145728
256   5120664
256   5900196
256   4914232
256   5094324
256   5251624
256   5498004
256   5209888
256   5377488
256   6128540
256   6054252
256   5629924
256   6308796
256   6108160
256   6246840
256   6002524
256   5806272
256   5963180
256   5683456
256   6136600
256   6439204
256   5827168
256   5868668
256   6214472
256   6582944
256   5558948
256   5452204
256   5822240
256   4712516
256   5570868
256   6346764
256   6047348
256   5591468
256   6426096
256   6361252
256   5943088
256   6033184
256   6048728
256   5558412
256   5800572
256   5692732
256   6254860
256   5459148
256   5317560
256   4961648
256   5594012
256   5752232
256   5411224
256   5919324
256   5811256
256   6219592
256   6228144
256   6344832
256   6012644
256   5740312
256   5691012
256   5979468
256   5714536
256   6494372
256   5461264
256   5835732
256   6367904
256   5872404
256   5601024
256   6229128
256   6235536
256   5415724
256   6018680
256   5925608
256   5597536
256   5744060
256   6186296
256   6649192
256   6368492
256   6022508
256   6467856
256   5709924
256   6066284
256   5786068
256   5475664
256   5584976
256   5616208
256   5727660
256   5802668
256   6038976
256   5837440
256   5081892
256   5852636
256   5298200
256   5536788
256   5877184
256   5970604
256   6454304
256   5861880
256   6274384
256   5841664
256   6455032
256   5984336
256   5933324
256   6419264
256   6470368
256   6549576
256   5899108
256   5886664
256   5661592
256   6393904
256   5527924
256   5717252
256   5741836
256   5724568
256   5802196
256   5601756
256   6359464
256   5744964
256   5861108
256   5635552
256   5868024
256   6308304
256   5775580
256   5866352
256   6054884
256   5643744
256   6269536
256   5652672
256   5994216
256   5661116
256   6201104
256   5820620
256   6179712
256   6274708
256   5622048
256   5775168
256   5841828
256   6503240
256   6679956
256   6517764
256   6116316
256   5663272
256   6133624
256   6036992
256   6298492
256   6673740
256   5645800
256   5789000
256   6379996
256   5682428
256   6184120
256   5598828
256   5505820
256   5723576
256   5586980
256   5720152
256   5446700
256   5845056
256   5508760
256   5539976
256   6134008
256   5498724
256   6229216
256   5505888
256   5803568
256   5689340
256   5602508
256   6212376
256   5618628
256   5618804
256   5797096
256   5908976
256   5652336
256   6139672
256   5605484
256   5067344
256   5776432
256   6181220
256   5969452
256   6573420
256   6463848
256   6531056
256   6486364
256   6616472
256   5915260
256   5851168
256   6415028
256   6080808
256   5771540
256   5539672
256   5561728
256   5487936
256   5102076
256   5701480
256   5634008
256   5458956
256   6372164
256   5817660
256   5502956
256   6218444
256   5971244
256   5941572
256   5999388
256   6517684
256   6413856
256   5702840
256   6419120
256   6127968
256   5774568
256   5720476
256   5897000
256   6145952
256   6220260
256   6105916
256   6523160
256   5658920
256   5647236
256   6371672
256   6259548
256   5607580
256   6427896
256   6278560
256   6265164
256   6250300
256   5834112
256   5692320
256   5357492
256   5757456
256   5913400
256   6191484
256   6061352
256   5339684
256   5619508
256   5479692
256   5487892
256   5594660
256   5671912
256   5445620
256   6015560
256   6244760
256   6320544
256   6161260
256   5927756
256   5895896
256   6437140
256   6339808
256   6218020
256   5679676
256   6152764
256   5611596
256   5686504
256   5771780
256   6553724
256   5836960
256   5760532
256   6554792
256   5457968
256   5876040
256   5867688
256   5491828
256   5844952
256   6118068
256   6519928
256   5993548
256   5704676
256   5594404
256   5590888
256   6574484
256   5719864
256   5454984
256   5856256
256   5883816
256   5324068
256   6018628
256   5891888
256   5639404
256   6034424
256   5824540
256   6396508
256   6548228
256   6575896
256   6497652
256   6205560
256   6674488
256   6376064
256   5946020
256   6373212
256   6130288
256   5919288
256   6194076
256   5693096
256   5831344
256   5768540
256   5499932
256   5598268
256   5921764
256   5823460
256   5552456
256   5771128
256   5730532
256   5474412
256   5957516
256   5716292
256   6211464
256   5827768
256   6007384
256   5770628
256   5601368
256   5618416
256   5397240
256   5561940
256   6370736
256   6145684
256   6026964
256   6094632
256   5468592
256   6195192
256   6251408
256   5784432
256   6069952
256   6367696
256   6455368
256   5860272
256   6228452
256   6256392
256   6066448
256   5705832
256   6048168
256   5522732
256   5873272
256   5962852
256   6363124
256   5897548
256   6086188
256   5403264
256   5623860
256   6159040
256   5493980
256   5677416
256   5690676
256   6127776
256   5710252
256   6210088
256   5649704
256   5732852
256   5724132
256   6496152
256   5777188
256   5490988
256   5896072
256   5359916
256   5933544
256   5680280
256   6375764
256   5737612
256   5620128
256   6084696
256   5436432
256   5741476
256   5735056
256   5705208
256   5544960
256   6483200
256   6335648
256   5786532
256   6059464
256   6715180
256   6507552
256   6599864
256   5648496
256   5784672
256   5607044
256   5895604
256   5564244
256   6304192
256   5911340
256   5719968
256   5804604
256   5527512
256   5408056
256   5472228
256   5346160
256   5841724
256   5952400
256   5915932
256   5621800
256   5711116
256   6246716
256   5572652
256   5619380
256   6443460
256   6310516
256   6293464
256   5728192
256   5696784
256   5672604
256   5588120
256   5782272
256   5761288
256   5502532
256   5847240
256   5631668
256   5800512
256   5473760
256   6531908
256   6430912
256   5835512
256   6107828
256   6362128
256   5730016
256   5759320
256   5869336
256   6412488
256   5654436
256   5327608
256   6358212
256   5597312
256   6015260
256   5608424
256   5828832
256   5728032
256   5855820
256   5723500
256   5501320
256   5737608
256   5855048
256   5778980
256   5702260
256   5970904
256   5762608
256   5992296
256   6521272
256   6101984
256   6275968
256   6295608
256   5832500
256   5866660
256   5743016
256   6778452
256   6074648
256   6413456
256   5806540
256   5515900
256   5780720
256   5338752
256   6240752
256   6313816
256   6021388
256   5790740
256   6395284
256   5860420
256   5604460
256   6272192
256   5176788
256   5749768
256   5752368
256   5911304
256   5791732
256   5716608
256   5535972
256   6273256
256   5660716
256   6173568
256   5920252
256   5675904
256   5847592
256   6367996
256   5990628
256   6192120
256   6006348
256   5972768
256   6228364
256   6519684
256   5537844
256   5831064
256   6226572
256   6032240
256   6289772
256   5899056
256   5475432
256   5671432
256   6268612
256   5963772
256   5720632
256   5501284
256   6166992
256   5584756
256   6115140
256   6287892
256   6036696
256   5506616
256   5848892
256   5952996
256   5631856
256   5438780
256   5881148
256   5909644
256   5815216
256   5605956
256   5996588
256   5588288
256   5957716
256   6344304
256   5633472
256   6007656
256   6466704
256   5821552
256   5794264
256   6378344
256   5730156
256   6058700
256   6489956
256   5998112
256   6594380
256   6297404
256   5808688
256   6025532
256   5919356
256   5526208
256   4943616
256   5607484
256   5614012
256   5812892
256   5366652
256   5699492
256   5572748
256   5188912
256   5819436
256   5561372
256   5867800
256   6426216
256   5953876
256   6395476
256   5919220
256   6276272
256   5111164
256   5956684
256   5745028
256   6025476
256   6449520
256   5580696
256   5689532
256   5602716
256   6281984
256   5758736
256   4843432
256   6415092
256   6034156
256   6569308
256   6361716
256   6286568
256   6220044
256   5785908
256   6273772
256   5648644
256   6183692
256   6233736
256   6152276
256   6244028
256   5835016
256   5754052
256   4803836
256   5232672
256   5100484
256   5570824
256   6069644
256   5624984
256   5667372
256   5829956
256   5527768
256   5801256
256   5735544
256   6340856
256   6630188
256   5737940
256   5548004
256   5788136
256   6405832
256   5493348
256   6336228
256   6487376
256   6053588
256   5686536
256   6026104
256   5516140
256   5950668
256   5462364
256   5609996
256   6466740
256   6206740
256   6176156
256   6255932
256   5728084
256   5753844
256   5603564
256   5978176
256   6036716
256   5467628
256   6029364
256   5627608
256   5373648
256   6503284
256   5408932
256   5216932
256   5925988
256   5397556
256   5903284
256   6457776
256   5550308
256   5588328
256   5864736
256   6346376
256   5992064
256   5847616
256   5585964
256   6410768
256   5834496
256   6059256
256   5412192
256   6240452
256   5654368
256   5526880
256   6383592
256   5570832
256   5804464
256   5743252
256   5506556
256   5440276
256   5664196
256   5930352
256   5798660
256   6186104
256   5926416
256   5633120
256   5628880
256   5869984
256   5555804
256   5716588
256   6331848
256   5859016
256   5941396
256   5926912
256   5617308
256   5854724
256   6435352
256   5361076
256   5783284
256   5592128
256   6354824
256   6087192
256   6034900
256   5964844
256   6369660
256   6365500
256   6443920
256   5650424
256   6395812
256   6323964
256   6195752
256   6395648
256   6456244
256   5699044
256   6341836
256   5796840
256   5349004
256   5826232
256   5603312
256   5751588
256   5852140
256   5970020
256   5316512
256   5136372
256   5187860
256   5819716
256   5768716
256   5650940
256   6238424
256   5587584
256   5944392
256   5808180
256   5630320
256   5629888
256   6064628
256   6520816
256   5973476
256   5555328
256   5671260
256   6162172
256   5644784
256   5851584
256   5749136
256   6206784
256   5640912
256   5550436
256   6343764
256   6412452
256   6637200
256   5545424
256   6571248
256   6582012
256   6365736
256   6204516
256   5963764
256   6181572
256   5568112
256   5661444
256   6036824
256   5692264
256   5766360
256   5013236
256   5533088
256   5568908
256   5386948
256   4808960
256   6268164
256   6240520
256   6285028
256   6114940
256   6049376
256   5672704
256   6138796
256   5683892
256   5960664
256   6406100
256   6127152
256   5543844
256   5860516
256   5580948
256   6002260
256   5760456
256   5548676
256   5683820
256   5927972
256   5902388
256   6017760
256   6014220
256   6187908
256   5796120
256   6223424
256   5745472
256   5542920
256   6371076
256   5858584
256   6239764
256   5697700
256   6085272
256   6461708
256   5269364
256   4751284
256   6179732
256   5837176
256   5724404
256   5786680
256   5396388
256   5671592
256   5691932
256   5850816
256   6432140
256   6080684
256   5555548
256   6354396
256   5836512
256   6252416
256   6201836
256   5598772
256   5834628
256   6573064
256   5792304
256   6243920
256   5610044
256   5808896
256   5706192
256   5801768
256   5068136
256   5529080
256   5777868
256   5956876
256   6080232
256   6072960
256   5833560
256   5853392
256   5593520
256   5860532
256   5976400
256   5690260
256   6047764
256   5557660
256   6291324
256   6026584
256   5912256
256   5746540
256   5840556
256   5352924
256   6513324
256   5828984
256   5746224
256   6176236
256   5833444
256   5434028
256   6423900
256   6545368
256   6423000
256   6261968
256   6619788
256   5827624
256   5786964
256   6501920
256   6363480
256   5495580
256   6302820
256   6100332
256   5436076
256   5796728
256   5802376
256   5896628
256   5634740
256   6122656
256   5550720
256   6272344
256   5706076
256   5510504
256   6011124
256   5542492
256   5999192
256   5678628
256   6219384
256   6397612
256   5598904
256   5579400
256   5491576
256   5879112
256   5551988
256   6301636
256   6556528
256   6022912
256   5848168
256   6340080
256   5784528
256   6262188
256   5852428
256   5913908
256   6502140
256   6630168
256   6532228
256   5764292
256   6587472
256   6522012
256   5732844
256   5674764
256   5454708
256   5964976
256   6390528
256   5257988
256   5375744
256   5863760
256   6212840
256   5285428
256   5491616
256   6038400
256   6353420
256   6356984
256   5617884
256   6186132
256   6353592
256   5922440
256   5906912
256   5486688
256   5355788
256   6602112
256   5732100
256   5524600
256   5758212
256   5862356
256   5626248
256   6071140
256   5728296
256   5797028
256   6300788
256   6492484
256   5668052
256   6266532
256   5511424
256   5603560
256   6042100
256   6486164
256   6031856
256   5949096
256   6139040
256   5484188
256   5631104
256   6183348
256   5635764
256   5820660
256   5746376
256   5950896
256   6130748
256   5969400
256   5778420
256   5701408
256   5861232
256   6402216
256   6377424
256   5568596
256   6370336
256   5843128
256   5619448
256   5760900
256   6228908
256   6300732
256   6164108
256   5496168
256   5598760
256   5836972
256   5816232
256   5799944
256   5801228
256   5566452
256   6171468
256   5923060
256   5444404
256   6204560
256   5633344
256   6018016
256   5575316
256   5922672
256   5380460
256   5957808
256   5875492
256   5800392
256   5447536
256   5770084
256   5631260
256   5559396
256   5592740
256   6333736
256   5830156
256   5748668
256   5800924
256   6319344
256   5738496
256   5486352
256   6179900
256   5722184
256   6610172
256   6069712
256   5853656
256   6253596
256   6075236
256   6516468
256   5843364
256   5719600
256   5951748
256   5984616
256   5771900
256   5968656
256   5792704
256   5480904
256   5723152
256   5838172
256   5362860
256   5853684
256   6412988
256   5817620
256   6327840
256   5394540
256   6059100
256   5738824
256   6427584
256   5720480
256   5932880
256   5647300
256   4955016
256   6191920
256   6573584
256   5647644
256   6149224
256   5674304
256   5776004
256   5944440
256   5608548
256   5366716
256   6621484
256   6210756
256   6514848
256   6043360
256   6748280
256   6293400
256   6207004
256   6458276
256   5560016
256   6443440
256   5916036
256   5790840
256   5859144
256   4924484
256   5470736
256   6042140
256   5573628
256   5754332
256   5112148
256   5527048
256   5865148
256   5898032
256   6227788
256   5774744
256   5606440
256   5716052
256   6044436
256   6575292
256   5725628
256   5770144
256   6094936
256   6195404
256   5590112
256   5918464
256   5792264
256   5535028
256   5610712
256   5518612
256   6332824
256   5742876
256   5850416
256   6459920
256   6114012
256   5986916
256   6268732
256   6229236
256   5961640
256   5737300
256   5655280
256   5732172
256   5852208
256   5526712
256   5678108
256   5506568
256   5411468
256   5849516
256   5711920
256   5568652
256   5807848
256   5410488
256   5709388
256   4595724
256   6338024
256   5564600
256   6461244
256   5962348
256   6496592
256   6532304
256   5352728
256   5759976
256   6142248
256   5850388
256   5721524
256   5826208
256   6328452
256   5419224
256   5538620
256   5595152
256   5909980
256   6517708
256   6424788
256   5659344
256   6334004
256   6384112
256   6084392
256   5731136
256   5833792
256   5514156
256   6188156
256   5569836
256   5899084
256   5596284
256   5350184
256   5784368
256   5407040
256   6282156
256   5950108
256   5982060
256   5764484
256   5895520
256   5655260
256   5274996
256   5903768
256   4813116
256   6096768
256   6284268
256   6328688
256   5967748
256   5459964
256   6066996
256   6232680
256   6062568
256   6456604
256   5431992
256   6532976
256   5656436
256   5874584
256   5477780
256   6053272
256   6465440
256   5834064
256   5637028
256   5483244
256   6326016
256   5927264
256   5525248
256   5667184
256   6063340
256   5508688
256   5776120
256   6298624
256   6077788
256   5737944
256   5928336
256   6053568
256   6058328
256   6023116
256   5247616
256   6065472
256   5532576
256   5609800
256   6534628
256   5524124
256   5792036
256   6531972
256   5811588
256   6495192
256   6092296
256   6528984
256   6360932
256   6540260
256   6292320
256   6009744
256   6672988
256   5547612
256   5689568
256   6497736
256   6421556
256   5764128
256   5601884
256   5685280
256   6050800
256   6209432
256   5487700
256   5417860
256   5351180
256   5724940
256   5811496
256   6245480
256   5707176
256   5756944
256   5536816
256   6738732
256   5855616
256   6081464
256   5656992
256   5942624
256   5612676
256   5786948
256   5688092
256   5696968
256   5469800
256   5951916
256   5380676
256   6433016
256   5761292
256   6484592
256   5670004
256   6578240
256   5882436
256   5967944
256   5723864
256   6506656
256   6666812
256   6485196
256   5613516
256   6021808
256   5575392
256   5741500
256   6068804
256   5521836
256   6018640
256   5487780
256   5716492
256   5825004
256   5539272
256   5673908
256   5616308
256   5943648
256   6063696
256   6535836
256   6208612
256   5530480
256   6214552
256   5697352
256   5967816
256   6067104
256   6242512
256   6041424
256   5906244
256   5779304
256   4980876
256   6269372
256   5510424
256   6431384
256   5380828
256   5648308
256   6485820
256   5460136
256   5884128
256   6396568
256   6624556
256   5416248
256   6168296
256   6097436
256   5311040
256   6151612
256   5606348
256   5983828
256   5880776
256   5000580
256   6235252
256   5714456
256   5653992
256   6303892
256   5790272
256   5699820
256   5556664
256   5436312
256   6278756
256   6133764
256   5734408
256   5753064
256   6066492
256   5777492
256   5765308
256   5774940
256   5835412
256   6357884
256   5857300
256   6224444
256   6168760
256   5621248
256   5137004
256   6318248
256   5758372
256   6134456
256   6410936
256   6712408
256   5803996
256   5963372
256   5656616
256   6209336
256   6176992
256   5942844
256   6331516
256   5743640
256   5707944
256   6291424
256   6083776
256   5504952
256   5780060
256   5742216
256   5499012
256   6030552
256   5454408
256   6497532
256   5622392
256   5552488
256   5538016
256   6118432
256   5913184
256   6640740
256   6269104
256   6036416
256   6336664
256   6196632
256   6477304
256   6129768
256   5803956
256   6023496
256   6296808
256   6240932
256   5766472
256   5511028
256   5574172
256   5662580
256   5798360
256   5837336
256   5800664
256   5610508
256   6248044
256   5902472
256   6679564
256   5764528
256   5972876
256   6142468
256   5493256
256   6024516
256   6261824
256   6060036
256   6027532
256   5607404
256   5770288
256   5372556
256   5996084
256   6401400
256   5896224
256   6400160
256   6449000
256   5865444
256   6602652
256   6012220
256   6467724
256   6113452
256   6283036
256   6200316
256   6536860
256   6463964
256   5748224
256   5809140
256   5656208
256   6040760
256   6047516
256   6345720
256   4964048
256   4908268
256   5479948
256   5693212
256   5181324
256   5417296
256   6015260
256   6502952
256   5583316
256   6270592
256   5899032
256   5890316
256   5522284
256   5759660
256   5749056
256   6003848
256   6199660
256   6086572
256   6406548
256   5787372
256   5695504
256   5516816
256   6369092
256   5716952
256   5872168
256   6218636
256   5693528
256   6379208
256   6407044
256   6336848
256   6410924
256   6508040
256   6479668
256   6008316
256   5645996
256   6179800
256   5539040
256   5433484
256   5443608
256   6032488
256   5234736
256   5848044
256   5799808
256   5639612
256   5183372
256   5416572
256   5460692
256   6295144
256   6380916
256   6510224
256   5747052
256   6121996
256   6196716
256   6112560
256   6274820
256   5807344
256   6530320
256   5665720
256   5863504
256   5920576
256   6380572
256   5419044
256   5738848
256   5493172
256   6244116
256   6314120
256   5466368
256   6347148
256   6327148
256   6400000
256   5734392
256   5640908
256   5937068
256   5683244
256   5689064
256   6379580
256   6292876
256   5518504
256   6020268
256   5619064
256   5536248
256   6121240
256   5478316
256   5430828
256   5648108
256   5304824
256   5893500
256   5599976
256   5970224
256   6118900
256   6376716
256   6229484
256   6714648
256   6046328
256   6471280
256   6251888
256   6579024
256   6187884
256   6537892
256   6038936
256   6417536
256   5713612
256   5753136
256   6679740
256   5550784
256   6062436
256   5719804
256   5618364
256   5933084
256   6206316
256   5676036
256   5433112
256   6159368
256   6291028
256   5799964
256   5781764
256   6013156
256   5579912
256   5740396
256   5474132
256   5535920
256   5891372
256   6477780
256   5778876
256   5639248
256   5658020
256   5618280
256   5996588
256   5796148
256   5664488
256   6443428
256   6573428
256   5856864
256   6561864
256   5852460
256   5919180
256   6071580
256   6086192
256   6386688
256   6042664
256   6407236
256   5761588
256   5639780
256   5893980
256   5644836
256   5646584
256   5475960
256   5641820
256   5545340
256   6066528
256   6261428
256   5927340
256   5499508
256   6534592
256   6354240
256   5932844
256   6248444
256   5928312
256   5863476
256   5533540
256   5522308
256   5530564
256   6181528
256   6343820
256   6194276
256   5943520
256   5508552
256   6074044
256   6228080
256   5785296
256   6642288
256   6109724
256   6279328
256   5926288
256   6383272
256   6503832
256   6330920
256   5790836
256   6489572
256   5842224
256   6197404
256   6104644
256   5483828
256   5862844
256   5258904
256   5694644
256   5599276
256   4974716
256   6017900
256   5900564
256   6129528
256   6144664
256   5555996
256   6333756
256   6048692
256   5602360
256   5851232
256   6213180
256   6127156
256   6051572
256   6052060
256   5636024
256   5723868
256   5661788
256   5537176
256   5721344
256   6345692
256   6272488
256   5787976
256   6274452
256   6572696
256   6110844
256   6482520
256   6127080
256   6608884
256   6154400
256   6001860
256   5671104
256   5542104
256   5669988
256   6366288
256   5214860
256   5482656
256   5812320
256   5644784
256   5646688
256   5671200
256   5200136
256   5887456
256   5790640
256   5383524
256   5990612
256   5921568
256   6075120
256   6530148
256   5444768
256   5499576
256   6559088
256   5687512
256   6350024
256   5819340
256   6089000
256   5745684
256   6157236
256   6484808
256   5578100
256   6415664
256   6349488
256   5791196
256   5654352
256   6515144
256   5911156
256   6236956
256   6310684
256   5869204
256   6111748
256   5923568
256   6165000
256   5584212
256   5893280
256   6130696
256   5622332
256   5410960
256   5203036
256   5452704
256   5589456
256   6504096
256   5600692
256   4956496
256   5827364
256   5726024
256   5803072
256   6508164
256   6654520
256   6334376
256   5790764
256   6164516
256   6294700
256   6329796
256   6390800
256   5973084
256   6494088
256   6473568
256   5896916
256   5771016
256   5620064
256   5627896
256   5740232
256   5700660
256   5608092
256   5590532
256   5630620
256   6016684
256   6008216
256   5600540
256   5889964
256   5508736
256   5879652
256   6145816
256   5317984
256   6412112
256   5843860
256   5845640
256   5817768
256   5721184
256   5492204
256   5654572
256   5585056
256   5717684
256   5577092
256   5870388
256   5695492
256   6001740
256   6473360
256   6452432
256   5999216
256   5799648
256   6554672
256   6256428
256   5991908
256   6289392
256   5912308
256   5914316
256   5973708
256   5829056
256   5322800
256   5413836
256   5799928
256   5703884
256   5227852
256   5873096
256   5799536
256   6156588
256   5950152
256   6392712
256   6148808
256   5703116
256   6075688
256   6442996
256   6289072
256   5589236
256   6053220
256   5907800
256   5431968
256   5496628
256   6011904
256   6439388
256   5980516
256   6017208
256   6380424
256   5667404
256   5279188
256   5688956
256   5618488
256   6005384
256   5751800
256   6739656
256   6273488
256   6802504
256   6257488
256   6098984
256   5619248
256   5886712
256   5718600
256   5818828
256   5900324
256   5798296
256   5720248
256   5458492
256   5537636
256   5938308
256   5569332
256   5385648
256   5602068
256   5934120
256   6364908
256   5538948
256   5935928
256   6091084
256   6362448
256   5780060
256   6372360
256   5595040
256   6621104
256   5607240
256   6371180
256   5693008
256   5501388
256   6198140
256   6706996
256   5602632
256   5383432
256   5805672
256   6035088
256   6508412
256   5737412
256   5859152
256   5811964
256   6466196
256   6318548
256   6138380
256   6373608
256   5504696
256   5693520
256   5864824
256   4996044
256   6071752
256   5723540
256   5957012
256   5435156
256   5506952
256   5660584
256   5786384
256   5931368
256   5380612
256   6262960
256   6267996
256   6130788
256   6519692
256   5859632
256   5805588
256   6351264
256   6210460
256   6239300
256   5919680
256   6078756
256   6088880
256   5571332
256   5608520
256   5896788
256   6445528
256   5935544
256   6061960
256   5529356
256   5396672
256   6323248
256   5510936
256   6104604
256   5858108
256   5579508
256   6277472
256   5923256
256   5937164
256   5904976
256   5948712
256   5759468
256   5587876
256   5727392
256   5660888
256   5945952
256   6171680
256   6498052
256   5355180
256   5784972
256   5258440
256   6470568
256   6146264
256   6172444
256   6455256
256   6826732
256   6288616
256   5656660
256   6336512
256   5786608
256   6332144
256   6187812
256   5797012
256   6099488
256   6194348
256   6147652
256   5758116
256   5271944
256   5817600
256   5808400
256   5804176
256   5396108
256   6084296
256   6613220
256   6434148
256   5673240
256   6479692
256   5907352
256   5868076
256   5928156
256   6010428
256   6113504
256   5571712
256   5778944
256   5743088
256   5179472
256   5814640
256   6307812
256   6004056
256   5397204
256   5708888
256   5861088
256   6458952
256   6583516
256   6174932
256   5899236
256   5658400
256   6291008
256   5920568
256   5435120
256   6212740
256   5677564
256   6074536
256   5721972
256   5568496
256   5341708
256   5698720
256   4910756
256   5756568
256   5372032
256   5898548
256   5620452
256   5457784
256   5993064
256   6277056
256   5746600
256   6019916
256   5712412
256   6313036
256   5980388
256   6255476
256   5466048
256   5766540
256   6287648
256   5449164
256   6461296
256   5616792
256   5952280
256   5792324
256   5344072
256   6094804
256   5774868
256   5960244
256   6617600
256   5633612
256   6169036
256   6348400
256   6287276
256   6561576
256   5729936
256   5581560
256   5210728
256   5930616
256   5708128
256   5861584
256   5726468
256   6148864
256   5751236
256   5697656
256   5649696
256   5528996
256   5681396
256   4988020
256   5456512
256   5206556
256   6215024
256   6450840
256   5691496
256   6190236
256   6383464
256   6264568
256   5994016
256   6355908
256   5519804
256   5715496
256   5557248
256   5565960
256   6055952
256   6397640
256   6024288
256   5503496
256   6198892
256   6420804
256   5591268
256   5784140
256   5662088
256   6196316
256   6675964
256   5849048
256   5861984
256   6357132
256   6073356
256   6275952
256   5407756
256   5732308
256   5874176
256   6011024
256   5439232
256   5791388
256   5671184
256   5711752
256   6454380
256   5704020
256   5857568
256   5666124
256   5508600
256   5639596
256   5986716
256   6101708
256   6467544
256   6374300
256   5839640
256   6274336
256   6407876
256   6084408
256   6023416
256   6366304
256   5664900
256   6504704
256   6568312
256   5526252
256   6136544
256   5798940
256   6091484
256   5852884
256   5713540
256   5586524
256   5799388
256   5837228
256   5848784
256   5843716
256   6252864
256   6167836
256   6350128
256   6058120
256   5524396
256   6052804
256   5332404
256   6095796
256   5275228
256   6325612
256   5932944
256   5603192
256   5564448
256   5234832
256   5628068
256   5086944
256   5630992
256   6266896
256   6123836
256   6096304
256   6256592
256   6086828
256   6277588
256   6151608
256   6481784
256   6504132
256   6542940
256   5626732
256   6223364
256   5177596
256   6206980
256   5515524
256   5860516
256   5558132
256   5795376
256   5772264
256   5549488
256   6444728
256   5857636
256   6170124
256   5496584
256   5864636
256   5958560
256   6312056
256   5791512
256   6067444
256   5785320
256   5715504
256   6264764
256   6074720
256   5464844
256   6401228
256   6240744
256   5886976
256   6002016
256   5781844
256   5101116
256   6065160
256   6374676
256   6124036
256   6742488
256   6210296
256   6035116
256   6312508
256   5754620
256   5528964
256   5648036
256   6202604
256   6362916
256   6397680
256   6055464
256   5602192
256   5405184
256   5990176
256   4989456
256   5184996
256   6027740
256   5660812
256   5974168
256   5890672
256   5743616
256   5796392
256   5867932
256   6093436
256   6056028
256   6318008
256   6067044
256   6089708
256   5689404
256   6075208
256   5594640
256   6326684
256   5903104
256   5568240
256   6559108
256   5872880
256   5854256
256   5327796
256   5903048
256   6314504
256   5948480
256   6577032
256   6222708
256   5969032
256   5860168
256   5476348
256   5396392
256   5564980
256   6551292
256   5285556
256   6158984
256   5695744
256   5646180
256   5463152
256   5699208
256   5947356
256   4948624
256   6143536
256   5639712
256   6027360
256   6147916
256   6579888
256   5559680
256   5776176
256   5551236
256   5985040
256   6480704
256   6612332
256   5983344
256   6203736
256   5902644
256   5943560
256   5636880
256   5438792
256   5727944
256   6195696
256   6290124
256   5854832
256   5616340
256   6245120
256   6055028
256   6018736
256   5801724
256   6248196
256   6143896
256   6192884
256   5569300
256   5584824
256   6170236
256   5946192
256   5844140
256   5702816
256   6372220
256   5901896
256   5567004
256   6001168
256   5877132
256   5117468
256   6051036
256   5170692
256   6536276
256   6029016
256   5867532
256   6176032
256   5384788
256   5677028
256   6475816
256   5760980
256   6607160
256   6097296
256   5674492
256   5574584
256   5620716
256   6517668
256   5691412
256   6229032
256   5573732
256   5321740
256   5665164
256   5725912
256   5623692
256   5787936
256   6242316
256   5832764
256   5614592
256   6299692
256   5754004
256   6245008
256   6125180
256   5882608
256   5666176
256   5657996
256   5489552
256   5853892
256   5715368
256   6444460
256   5511652
256   5725176
256   5894996
256   5774056
256   5441232
256   6413680
256   5475880
256   6402540
256   6561004
256   6135512
256   6416636
256   5704320
256   6361840
256   6385984
256   5941392
256   6019912
256   5660468
256   6029068
256   5481616
256   5465880
256   5690412
256   5859236
256   5275172
256   5808784
256   5339884
256   5646888
256   6044124
256   5983360
256   5934740
256   5967476
256   6175456
256   6136836
256   6202084
256   6240244
256   5716752
256   5958176
256   5655696
256   5491772
256   5262812
256   5970660
256   5681388
256   6389352
256   6282448
256   5790804
256   5798524
256   5038740
256   5630548
256   5898748
256   5886160
256   5738948
256   6672740
256   6149920
256   6240120
256   5793964
256   5785516
256   5776200
256   5499176
256   6156928
256   5822544
256   5660684
256   5507332
256   5798668
256   5631128
256   5389040
256   5460028
256   5674956
256   5510836
256   5872224
256   6035564
256   5412808
256   6372360
256   5652452
256   5909744
256   6118160
256   5848040
256   6527656
256   6308560
256   6357068
256   5993160
256   5619080
256   5073816
256   6067004
256   6306740
256   5870468
256   5953188
256   5854920
256   6339760
256   6230192
256   5811128
256   5629592
256   6090600
256   6271520
256   5735228
256   6217468
256   5716284
256   6480224
256   5667248
256   5686048
256   6270376
256   5821092
256   6505544
256   5706960
256   5392380
256   5037908
256   5868384
256   5920316
256   5384220
256   6306988
256   5366900
256   6428848
256   6180260
256   6182628
256   6196584
256   6312932
256   6149048
256   5856840
256   6377960
256   5999084
256   6197296
256   6651408
256   5726032
256   5805060
256   5731876
256   5603836
256   6334232
256   6433520
256   5221912
256   5423104
256   5734524
256   6064620
256   5460820
256   5896532
256   5946656
256   6034028
256   5686020
256   5785980
256   6633108
256   5330564
256   5809428
256   6090048
256   5695816
256   5850080
256   5609492
256   5825336
256   5653972
256   5451884
256   5868644
256   5434268
256   6325864
256   6663956
256   6418732
256   5570744
256   5840640
256   6382792
256   6266700
256   6449552
256   5878120
256   5919052
256   6081604
256   6505940
256   6512756
256   5845532
256   5761508
256   5648276
256   5705364
256   5516768
256   5410432
256   5576124
256   6199640
256   5183592
256   5838844
256   6298256
256   6020320
256   6051540
256   6136960
256   5609564
256   6156360
256   5829952
256   5867428
256   5893528
256   5557492
256   5677216
256   5528172
256   5500000
256   5890236
256   5735056
256   5911392
256   5431192
256   5711796
256   5852512
256   6466956
256   6563056
256   6387988
256   6331036
256   6363356
256   5673276
256   6284996
256   6273816
256   6374052
256   6098496
256   5586452
256   6008800
256   5739164
256   5541676
256   5924172
256   5514044
256   5462276
256   6105224
256   5474040
256   6205932
256   5978544
256   6098792
256   5938940
256   6155848
256   5609292
256   6034816
256   5637224
256   6461940
256   6029780
256   6505556
256   5722224
256   6502020
256   5801596
256   6190328
256   5844156
256   6031320
256   5617064
256   5392388
256   5597808
256   5865320
256   5688620
256   6308028
256   6355236
256   5428788
256   5766552
256   5547680
256   6477428
256   6054428
256   5690296
256   5838908
256   6517208
256   6127240
256   5948212
256   5910576
256   5245864
256   5171804
256   6139196
256   5819148
256   5652900
256   5643832
256   5477708
256   5763468
256   5683972
256   5519364
256   6015268
256   6041364
256   6321704
256   6215388
256   5892576
256   5836380
256   6398848
256   6314400
256   5932848
256   6141408
256   5708608
256   6117072
256   6038472
256   6056276
256   6624508
256   5311412
256   5903996
256   5682004
256   5559636
256   6443352
256   5536064
256   5986068
256   5711792
256   5901436
256   5625080
256   5855048
256   5084408
256   6266952
256   5600056
256   6139052
256   5593140
256   5149820
256   5093140
256   5422872
256   5581816
256   5879020
256   5681080
256   5496436
256   5662240
256   6373932
256   5828628
256   5548908
256   6467172
256   6390316
256   6066484
256   5868956
256   6373788
256   5571996
256   6475612
256   6237804
256   6214680
256   5907780
256   5916080
256   5533696
256   5978108
256   5736476
256   6492660
256   6156364
256   5030364
256   5658984
256   5306728
256   5736276
256   6098768
256   6138332
256   5792500
256   5892496
256   5500700
256   5896748
256   5529184
256   6166828
256   5845808
256   5861912
256   5852080
256   6096884
256   5146764
256   5356796
256   5794344
256   5558292
256   5646956
256   5593704
256   6696788
256   5945556
256   5857800
256   6324384
256   5872732
256   6072428
256   5903072
256   5919112
256   6348168
256   6492668
256   6349428
256   5854672
256   6577596
256   5510552
256   6401776
256   5653548
256   5447076
256   5538560
256   5243744
256   5922988
256   5214628
256   5508820
256   5870992
256   5618364
256   6302260
256   6180864
256   6724724
256   5712964
256   5842472
256   5835160
256   5672056
256   6006232
256   6202592
256   6200224
256   6483284
256   5775388
256   5749232
256   5633340
256   5828728
256   5863180
256   5518876
256   5904724
256   5987936
256   6445672
256   5877316
256   5667568
256   6364364
256   6171796
256   6586224
256   6103660
256   5966772
256   5542308
256   5412312
256   5508600
256   5580060
256   5660608
256   5726816
256   5492236
256   6278664
256   6252720
256   5834808
256   5514892
256   6434824
256   5556360
256   6470792
256   5839184
256   6079736
256   6166696
256   5720236
256   5950432
256   5661464
256   6448184
256   6044520
256   5671492
256   5868928
256   5722936
256   6296964
256   6451340
256   6160296
256   6189980
256   5524904
256   5857608
256   6190772
256   6378448
256   5606924
256   6095348
256   5743040
256   6026472
256   5803196
256   5539840
256   5599152
256   6367836
256   5759192
256   5505896
256   5910164
256   5588472
256   5309216
256   5787552
256   5974156
256   6193324
256   5968464
256   5590536
256   5090140
256   5741800
256   5851260
256   6360368
256   5573192
256   6432100
256   6454980
256   5888028
256   6238056
256   5874040
256   5728796
256   5697840
256   6101416
256   5607728
256   5556840
256   6342720
256   5554612
256   5826892
256   5368212
256   6156344
256   5575788
256   6249652
256   5746076
256   5727796
256   5907540
256   5700636
256   5876992
256   5540916
256   5634208
256   6356692
256   5805072
256   5756408
256   5624640
256   5629696
256   5706588
256   4805624
256   5751196
256   5828316
256   5080792
256   5965040
256   6188972
256   6021620
256   5554284
256   5854600
256   5763736
256   5854992
256   6347796
256   6189708
256   6400704
256   5683632
256   5651240
256   6083568
256   6660296
256   5994620
256   6178816
256   5700100
256   5829168
256   6321720
256   5707600
256   5530424
256   5331952
256   5672560
256   5594464
256   5346268
256   5610756
256   5999300
256   6057572
256   6388752
256   5722880
256   5819588
256   5779412
256   5718980
256   5836376
256   6526556
256   5786116
256   6091088
256   5529516
256   6309436
256   6137132
256   5568216
256   5726532
256   5569880
256   5938592
256   6507828
256   6124948
256   5611360
256   6392812
256   6386712
256   6459136
256   6531012
256   6297408
256   5749080
256   6046520
256   5877376
256   5983744
256   5939184
256   5647528
256   5814144
256   5665304
256   5710488
256   6589652
256   5677576
256   5522984
256   5830684
256   5758508
256   5204652
256   6280928
256   5922288
256   6342840
256   5584392
256   5762228
256   5842776
256   5861636
256   5616220
256   6220888
256   6308204
256   6422304
256   6063572
256   5771548
256   5434348
256   5547244
256   5755476
256   5353256
256   5858028
256   5772200
256   6040788
256   5809136
256   6413600
256   6616460
256   5822792
256   5916008
256   5685284
256   5968536
256   5623864
256   5408892
256   5440776
256   5409044
256   6095988
256   4790408
256   5669944
256   6031796
256   6182020
256   5664276
256   4956540
256   5336840
256   5560596
256   5645164
256   5853572
256   6002620
256   5817516
256   6428184
256   5944680
256   6075860
256   5969980
256   5943596
256   5868820
256   5700616
256   6504036
256   5645140
256   5949448
256   5572820
256   5668576
256   5653700
256   5754804
256   6436544
256   6367780
256   5968180
256   5689692
256   5831948
256   5567536
256   5797076
256   5633368
256   5769684
256   6179680
256   5784424
256   6042472
256   5415424
256   5757796
256   5796268
256   5678632
256   5316596
256   5571412
256   5723996
256   5770276
256   6021076
256   6092256
256   5351376
256   5791640
256   5646888
256   5710032
256   5933912
256   6344820
256   6487028
256   6233980
256   5632284
256   6034604
256   5908948
256   6131460
256   6017628
256   5497044
256   5772184
256   5828096
256   6055856
256   6194044
256   5824248
256   4799164
256   5429452
256   5746824
256   5628892
256   6207604
256   5814208
256   6190252
256   5784480
256   6144668
256   5715012
256   5864028
256   5648660
256   5795828
256   5637124
256   5789476
256   6272524
256   5603616
256   5661620
256   5634944
256   5985180
256   5768736
256   5932152
256   5632880
256   5152072
256   5818648
256   5882932
256   6359652
256   6211316
256   6542668
256   6607536
256   5722476
256   6020496
256   6660028
256   5863544
256   5685540
256   6207148
256   6407488
256   6062624
256   5002596
256   5529676
256   5720472
256   5237196
256   5237492
256   5270828
256   5836248
256   6344692
256   6014716
256   6556448
256   5964116
256   5856776
256   5532920
256   6107120
256   5869060
256   6072692
256   5901192
256   5762184
256   5777204
256   5973224
256   6265312
256   5352064
256   5782600
256   5953068
256   5933264
256   5513128
256   5793672
256   5182348
256   5690644
256   6127336
256   5985792
256   6417308
256   5760924
256   5907160
256   5967692
256   5881148
256   6194996
256   5574676
256   5842284
256   5424720
256   5753008
256   6019796
256   5765188
256   5423404
256   5804392
256   5504428
256   5448828
256   6179544
256   5831844
256   6133924
256   6387064
256   5937060
256   5901472
256   6131684
256   5567172
256   5891020
256   5909088
256   6309340
256   5923992
256   6496824
256   5693936
256   6240360
256   5509652
256   6326700
256   6400288
256   6095000
256   6406872
256   6058620
256   6242692
256   6006236
256   6519196
256   5838964
256   5924564
256   5717460
256   5999112
256   5517440
256   5839168
256   5374600
256   6181532
256   5420696
256   5645400
256   5570016
256   6033760
256   5810968
256   5406024
256   5251676
256   5883580
256   5232860
256   5550828
256   5865648
256   6143936
256   5673132
256   6367916
256   5687376
256   6261776
256   6482908
256   6349472
256   5379108
256   6520632
256   6355076
256   5641276
256   6453736
256   5717472
256   5623500
256   5418600
256   6172372
256   6206596
256   6353296
256   5592208
256   5411192
256   5573424
256   6021132
256   6016564
256   5767868
256   5974136
256   6540312
256   6399260
256   5847760
256   5589544
256   5682820
256   5672184
256   5566204
256   6206912
256   5667492
256   5753368
256   5887312
256   5574612
256   5548272
256   5821792
256   5357920
256   5656916
256   5723580
256   6338896
256   6222420
256   6295044
256   6455300
256   5651216
256   6017348
256   5845040
256   5596848
256   6026356
256   6402264
256   6489692
256   6572252
256   5914244
256   4987896
256   5095228
256   5795088
256   5888724
256   5811780
256   5514204
256   5754856
256   5921076
256   5900528
256   5520552
256   6011312
256   5720348
256   5876016
256   5574564
256   6155132
256   6416192
256   5708412
256   5533748
256   5869340
256   5928340
256   5783496
256   6482068
256   6250688
256   6034988
256   5396800
256   5711184
256   5557836
256   6294512
256   6589600
256   6647476
256   5715392
256   5979388
256   6197848
256   6283792
256   5578800
256   5507120
256   6204944
256   5988320
256   5608724
256   5727288
256   5746860
256   5421928
256   5154044
256   4858440
256   5879368
256   5309096
256   5641568
256   5357352
256   5573552
256   5976948
256   5938492
256   5918988
256   5603124
256   5947460
256   6189172
256   5554644
256   5890480
256   5740104
256   5834324
256   5621668
256   5662224
256   5937044
256   6492164
256   6309380
256   5980356
256   6052124
256   5509396
256   6274932
256   5983124
256   6132448
256   6513308
256   6459272
256   6569112
256   5987648
256   5886016
256   5925796
256   5607140
256   5788048
256   6051684
256   5647932
256   5668616
256   5633268
256   5575568
256   5912148
256   5890960
256   5410412
256   5488892
256   6025924
256   5873824
256   5553556
256   5578720
256   6271376
256   5741060
256   5739572
256   6363900
256   5809240
256   6287400
256   6383312
256   6049732
256   6392988
256   5931876
256   6357532
256   6087584
256   6721720
256   5928756
256   6395516
256   6209612
256   5799928
256   5402520
256   5441940
256   6012132
256   5688900
256   6280340
256   5801068
256   5976696
256   5551816
256   5681368
256   5452200
256   5664752
256   5563772
256   6484856
256   6130824
256   5845324
256   5490976
256   5816436
256   5497052
256   5687600
256   6245256
256   5580264
256   5394924
256   5881892
256   5667840
256   5628216
256   6460932
256   5856876
256   6214124
256   6415324
256   6024200
256   5911008
256   6365996
256   6005064
256   6138416
256   5694928
256   6367868
256   5800044
256   5677112
256   5787268
256   5884264
256   5722444
256   5569988
256   5645200
256   5917380
256   5690440
256   5545340
256   6387464
256   5744160
256   5968764
256   5841752
256   5989052
256   5555520
256   5845660
256   6179524
256   5743440
256   5780952
256   5766148
256   6996256
256   5587792
256   5721112
256   5062448
256   5735448
256   5958156
256   6390392
256   6166080
256   6428960
256   5761892
256   5879144
256   6503516
256   6128244
256   6330804
256   6263604
256   5632692
256   5775052
256   5635748
256   5734360
256   5388460
256   5654792
256   5532564
256   5816452
256   5625580
256   5759568
256   5062028
256   5741616
256   5705912
256   6138840
256   5740576
256   6098876
256   5758940
256   6164816
256   7049936
256   5843568
256   5937432
256   5744816
256   5651716
256   5496336
256   6372688
256   5532592
256   5752456
256   6735412
256   5660192
256   5687572
256   5990232
256   5432048
256   5789424
256   6710464
256   6065136
256   6118680
256   6112892
256   5748012
256   6088000
256   5875232
256   5624880
256   5711760
256   6034256
256   5637844
256   5688528
256   5816860
256   5221536
256   5578732
256   5522240
256   5187708
256   5309956
256   5239052
256   5709020
256   5478716
256   5706576
256   5910780
256   5810400
256   5944872
256   6268204
256   6176372
256   5662292
256   6501996
256   5771368
256   5845684
256   5535464
256   6024604
256   5718572
256   6334180
256   5652776
256   5735012
256   5791908
256   5420548
256   6579548
256   5548684
256   6205012
256   6292180
256   5946388
256   5793276
256   5760732
256   5927032
256   5549712
256   6249312
256   5508064
256   5895864
256   5969968
256   5493792
256   5834412
256   6449336
256   5344264
256   5498224
256   5555364
256   6227420
256   5862340
256   5205580
256   5764244
256   5753100
256   6567416
256   6041684
256   6283216
256   6085232
256   6234972
256   6309212
256   5655616
256   5875796
256   5677280
256   6124992
256   5868432
256   5631880
256   5854572
256   6007572
256   6031168
256   6139832
256   5803432
256   5884376
256   5910380
256   5165096
256   5965868
256   6259688
256   5835220
256   5723224
256   5662932
256   5657400
256   5755428
256   5911020
256   5416044
256   5813252
256   5933424
256   5733276
256   5412112
256   5468740
256   5859316
256   6191452
256   5938624
256   5601292
256   5901188
256   5978352
256   6083700
256   5987144
256   5526528
256   6634044
256   5981380
256   5503388
256   6282344
256   6201576
256   5920992
256   5984912
256   6321840
256   6216804
256   5637232
256   5825536
256   5866104
256   5674744
256   6263432
256   5531096
256   5625892
256   5397732
256   5226260
256   5729896
256   5879764
256   6117308
256   5953588
256   6089976
256   5918580
256   6041884
256   6281848
256   5478404
256   6088340
256   5912152
256   6463916
256   5966696
256   4868872
256   5785140
256   5846748
256   6276212
256   5163408
256   5553252
256   5956820
256   6414160
256   5664132
256   6118228
256   6318756
256   6392352
256   6016760
256   6422720
256   6486188
256   6463992
256   5498688
256   5753804
256   5689380
256   5578776
256   5479876
256   5290232
256   5628384
256   6040064
256   5767532
256   5331584
256   4788060
256   4954444
256   5694316
256   6168084
256   5536188
256   6264296
256   6264316
256   5695152
256   6109892
256   5539088
256   5868716
256   5637160
256   5869996
256   5898724
256   6340444
256   6384264
256   5780796
256   5946448
256   5805788
256   6262560
256   5788240
256   4900952
256   5615860
256   5562580
256   6324432
256   6659968
256   5833032
256   6061672
256   5597000
256   6433880
256   5494196
256   5553392
256   6210524
256   6301768
256   5756804
256   5810908
256   4828296
256   5523348
256   5627404
256   5492864
256   5678496
256   5581508
256   5558088
256   6163120
256   6061976
256   5896248
256   6103776
256   5781060
256   6101764
256   5890760
256   6263828
256   5648820
256   6115140
256   6251632
256   5769116
256   5881428
256   6571408
256   6508296
256   6547204
256   5607800
256   6541176
256   6093268
256   5571280
256   6292640
256   6442596
256   6334292
256   5557916
256   5746436
256   6085012
256   5861420
256   5701672
256   5734588
256   5823788
256   6092656
256   5684536
256   5630628
256   5596048
256   5767036
256   5646356
256   6231412
256   5435388
256   5846564
256   6368660
256   5191760
256   5811632
256   5909840
256   5748116
256   6162648
256   5987168
256   6272564
256   6669144
256   6364116
256   6320656
256   5554212
256   5787112
256   5861232
256   5841512
256   6266356
256   6169624
256   6342852
256   5324756
256   6514520
256   5371932
256   5398900
256   4917508
256   5672924
256   6122320
256   6198468
256   5884736
256   5531864
256   5638032
256   6470060
256   5722664
256   5785580
256   5854180
256   5816856
256   5590836
256   5559424
256   5707448
256   5551984
256   5652856
256   5557672
256   5701916
256   5706872
256   5868408
256   6038728
256   6430624
256   6367520
256   5724012
256   6372896
256   6014236
256   6515784
256   6209560
256   5602988
256   6779952
256   5847788
256   5679276
256   6588312
256   5788068
256   5782796
256   6054896
256   5509844
256   5821980
256   5576384
256   5723304
256   5801040
256   5863812
256   5842952
256   6347184
256   5894780
256   6045468
256   6368880
256   5564428
256   5972628
256   6452328
256   5911460
256   5825460
256   5855056
256   5594596
256   5549788
256   5916788
256   5613976
256   5645328
256   5875332
256   5769424
256   6033180
256   6401732
256   6481524
256   5557624
256   6329308
256   6452720
256   5815020
256   5837664
256   5884848
256   6062756
256   6406132
256   5867684
256   5835508
256   6171080
256   5277700
256   5429868
256   6327736
256   5662108
256   5771048
256   5361548
256   6317696
256   5047660
256   5970348
256   6137336
256   6345268
256   6159704
256   6543872
256   6101944
256   6406916
256   6003400
256   5757076
256   6361180
256   5418052
256   6176888
256   5730332
256   5568844
256   5682308
256   5793572
256   5930576
256   5459560
256   5786148
256   5724484
256   6016160
256   5983196
256   5638160
256   5754296
256   6284812
256   6075244
256   6054428
256   5621560
256   6224396
256   6206124
256   5618980
256   5603292
256   5391580
256   5502232
256   5363840
256   5451292
256   5602268
256   6259472
256   5815352
256   5412036
256   5728768
256   5747656
256   6370608
256   5324476
256   6436812
256   6432352
256   6044380
256   6454556
256   6245128
256   5718296
256   5499276
256   6433320
256   5679376
256   6454292
256   5970512
256   6170772
256   5738088
256   5633396
256   5640368
256   5814104
256   5890932
256   6298400
256   5968448
256   6286884
256   6156948
256   5885900
256   5641072
256   5764308
256   5875620
256   5824128
256   6100600
256   6220208
256   5746288
256   5460632
256   5804836
256   5538380
256   5980724
256   5611832
256   6423456
256   6526672
256   5405556
256   5859080
256   6135256
256   6469652
256   6328716
256   5565524
256   6455220
256   5850440
256   5894320
256   6186752
256   6327356
256   6388720
256   5935868
256   5484080
256   6387856
256   6058752
256   5606924
256   5894904
256   5871896
256   5696012
256   5219228
256   5081464
256   5905680
256   5703116
256   5966324
256   5729948
256   6070308
256   5937248
256   5693728
256   5581744
256   6238844
256   6316740
256   5692056
256   5504096
256   6223940
256   5439900
256   5684436
256   5321204
256   5471424
256   5813572
256   6305184
256   5363932
256   5835428
256   6200164
256   6306552
256   6385484
256   5987636
256   5798684
256   6613848
256   6618452
256   6046352
256   5883336
256   5885888
256   5549344
256   5914748
256   5444184
256   5500328
256   5785364
256   5379984
256   6157356
256   5860908
256   5711960
256   5653760
256   5416836
256   6014232
256   5796784
256   5591544
256   6260640
256   6009608
256   5706600
256   6504644
256   6193972
256   5904556
256   5724108
256   5619372
256   6385376
256   5843116
256   5588768
256   6031992
256   5770780
256   5765088
256   6214448
256   5711844
256   5605460
256   6119784
256   5788120
256   6508320
256   6188708
256   5611668
256   6065968
256   6450676
256   6275372
256   5788628
256   6077020
256   5419348
256   6312392
256   5524916
256   5653028
256   5687912
256   5617968
256   5732676
256   5361780
256   5367160
256   5122316
256   5829692
256   5699996
256   6017196
256   5928296
256   6012568
256   5860192
256   5547600
256   6011800
256   5997396
256   5642076
256   5912964
256   6072252
256   6265940
256   6373920
256   6506408
256   5803696
256   5780048
256   5734668
256   5933972
256   5969304
256   6413768
256   5738520
256   5964728
256   6399848
256   5910548
256   5842032
256   5582132
256   6414840
256   5893476
256   6143040
256   6003636
256   5960132
256   5723588
256   5545488
256   5703220
256   5870116
256   5823340
256   5926640
256   5825444
256   5706856
256   5646880
256   6120580
256   5352000
256   5857776
256   5939904
256   6544296
256   5968984
256   6359424
256   5576196
256   5675384
256   5604788
256   6044148
256   6272816
256   6044152
256   5196852
256   6392488
256   5882564
256   6166332
256   5480224
256   5798984
256   5849268
256   6555120
256   5949544
256   6275516
256   6110656
256   5921088
256   6215656
256   5703604
256   5681804
256   5744456
256   5644992
256   6304276
256   5990876
256   6156824
256   5421900
256   5760708
256   4995572
256   5660344
256   6236824
256   5528752
256   5617356
256   5545092
256   6586332
256   6045356
256   6408668
256   5903032
256   6381520
256   6460564
256   6228056
256   5951924
256   5477428
256   5835912
256   6321112
256   5987484
256   6228236
256   6144692
256   5952416
256   5346128
256   5625784
256   6003780
256   5519836
256   5946324
256   5450108
256   5788972
256   6007696
256   5518196
256   5724576
256   5926948
256   5934976
256   5784304
256   5563912
256   5995880
256   5960524
256   6351040
256   5697060
256   5938724
256   5554140
256   5760124
256   5598888
256   5663396
256   6047340
256   5404152
256   5808716
256   4970096
256   5821040
256   5860648
256   6176780
256   6532988
256   6334372
256   5585056
256   5830540
256   5573980
256   6392616
256   5658296
256   5502500
256   5839260
256   5669864
256   5700972
256   5842812
256   5733480
256   5326308
256   5953988
256   4983548
256   5740772
256   5279556
256   5919000
256   5477276
256   5786964
256   6216504
256   6404692
256   5982084
256   5836696
256   6104456
256   5669188
256   5702100
256   6017344
256   5759484
256   6603588
256   5844796
256   5633128
256   5942592
256   5494840
256   5865188
256   6597832
256   5492004
256   5530912
256   6422844
256   6009184
256   6254148
256   5873696
256   6307380
256   6393820
256   5961000
256   6075720
256   5452948
256   5964032
256   6067732
256   6074620
256   5733240
256   5682128
256   6119412
256   5990928
256   5725000
256   5246328
256   5382732
256   5834756
256   5813760
256   6002268
256   6287792
256   5674456
256   5796416
256   6129940
256   5845796
256   6231040
256   5321312
256   5840176
256   6267060
256   6282532
256   5920928
256   5212016
256   5527332
256   5977560
256   5418368
256   6011288
256   6449128
256   5973292
256   6190852
256   5855112
256   5736500
256   5664400
256   6020232
256   5645832
256   6115020
256   5776724
256   5825652
256   6124148
256   5480272
256   5561112
256   5360376
256   5731352
256   5511180
256   6063784
256   5675592
256   6477944
256   5490764
256   5349208
256   5690844
256   5501540
256   5923988
256   6238036
256   6571268
256   6121316
256   6365432
256   6059600
256   6187984
256   6088700
256   6300636
256   6444276
256   6554584
256   6213248
256   6010724
256   5881192
256   5770420
256   5694520
256   5608768
256   5492400
256   5664260
256   5113620
256   6058292
256   6119872
256   5867200
256   5629060
256   5825324
256   5514140
256   6488516
256   6166368
256   5869896
256   6142996
256   5753612
256   6518864
256   5504936
256   5334484
256   6038424
256   5867636
256   5896680
256   5694424
256   5460276
256   6146296
256   5565356
256   5781096
256   6424988
256   6542124
256   6322708
256   6263132
256   5833420
256   6716376
256   5893656
256   5809084
256   5757544
256   6208172
256   6385548
256   5570488
256   6249032
256   5990356
256   5089876
256   5589784
256   5794748
256   5531756
256   5627620
256   5256968
256   5872380
256   5481024
256   5546864
256   5805208
256   6188416
256   5582868
256   6161880
256   6272824
256   5548060
256   6036948
256   5490480
256   6291760
256   6090052
256   5646384
256   5884596
256   6211024
256   5706096
256   6308020
256   5176916
256   5903488
256   5626244
256   5632532
256   6143580
256   5972148
256   6262224
256   5419396
256   6423308
256   6588512
256   5615656
256   6030592
256   5512164
256   5808360
256   6229680
256   5694028
256   5790872
256   5324180
256   4996184
256   5151516
256   5733528
256   5691284
256   5413060
256   5504732
256   5831056
256   6356516
256   5486764
256   6211328
256   5656828
256   5638764
256   5835680
256   6038272
256   5754776
256   6186252
256   5675124
256   5694576
256   5968028
256   5690248
256   6412332
256   5905128
256   5911368
256   5791564
256   6056392
256   5730768
256   5637284
256   6578628
256   5523016
256   6049088
256   5873272
256   5650768
256   5743696
256   5976576
256   6209076
256   5835944
256   5446088
256   5875344
256   5966868
256   6189336
256   5396536
256   6220920
256   5587020
256   5911248
256   5486868
256   5496140
256   5657632
256   6307492
256   6582760
256   6136600
256   5910428
256   5650860
256   6546580
256   6300800
256   6099628
256   5254936
256   6015084
256   6333544
256   6549844
256   5439824
256   6316204
256   5459292
256   6100300
256   5773744
256   6509096
256   5743488
256   4939028
256   4837056
256   5526616
256   5792584
256   5862636
256   6233580
256   6189664
256   5926988
256   6159480
256   5383908
256   5905764
256   5985372
256   5948168
256   5359516
256   5317000
256   5714124
256   6353932
256   5902012
256   5676516
256   6135428
256   5435180
256   4961500
256   5831152
256   6036100
256   6485428
256   6288728
256   6331140
256   6011932
256   6304536
256   6366312
256   5865416
256   6408772
256   6585832
256   6421140
256   5682236
256   6279292
256   5655120
256   5980880
256   5747012
256   5688096
256   5935676
256   5706792
256   5085920
256   5717088
256   6565432
256   5786856
256   6366888
256   5712852
256   6116752
256   6115424
256   5672840
256   6113684
256   6570672
256   6639296
256   5629756
256   5531520
256   5942956
256   5774996
256   5775912
256   5805172
256   6089048
256   5555136
256   5871372
256   6052336
256   6297348
256   6055360
256   6463416
256   6320748
256   6645940
256   6615452
256   5744496
256   6052112
256   6562576
256   5994484
256   6241344
256   5860676
256   5374940
256   5782036
256   5641856
256   5670704
256   5729208
256   5582328
256   5399716
256   5443136
256   5822220
256   5695308
256   6126616
256   6368084
256   5822212
256   6250144
256   5814676
256   5692500
256   5949320
256   5657760
256   6131828
256   5424100
256   6264160
256   5687324
256   5882888
256   6413380
256   5283784
256   5314164
256   5912436
256   5584528
256   5908624
256   6407192
256   6554936
256   6857096
256   5584488
256   5924228
256   5512840
256   5734948
256   5545260
256   5607972
256   6052068
256   5457540
256   5740420
256   5398472
256   5668976
256   5730972
256   5982804
256   5315004
256   5900104
256   5674516
256   5707840
256   4270380
256   4298216

