1275100532   16039351231412762979
6   251028
57   1619420
2   50432
61   1739276
63   1773908
126   3495632
256   7219556
256   7251764
197   5579920
256   7164748
256   6572852
256   7212432
256   7180596
256   7232676
256   7122640
256   7239760
256   7127252
256   6617120
256   7189932
256   7216680
256   6306668
256   7275480
256   7150964
256   7169636
256   7210996
256   7157900
256   6561944
256   7264276
256   6331088
256   7192188
256   7146704
256   7233720
256   6322436
256   5461192
256   6159912
256   5901772
256   5404464
256   6650572
256   6222476
256   5853900
256   6442964
256   6326552
256   5581984
256   5567892
256   5682780
256   5935316
256   5453244
256   5745892
256   5600780
256   5339000
256   5973548
256   5728752
256   5767880
256   5983136
256   5682060
256   5982964
256   6046676
256   6127600
256   6132280
256   5960440
256   5752960
256   5871888
256   5636752
256   6195876
256   5815760
256   5790168
256   5996756
256   5557748
256   5666288
256   6168828
256   6108640
256   6149248
256   5499448
256   5569608
256   5354080
256   6281036
256   5947296
256   6147828
256   6141340
256   6212888
256   5914528
256   5786892
256   5768108
256   5693528
256   5586084
256   5995728
256   5696888
256   5340376
256   6120140
256   5939088
256   5511504
256   5482456
256   5568644
256   5501788
256   5527740
256   5165564
256   5493988
256   6071120
256   5458824
256   5643312
256   5760436
256   5730312
256   5586376
256   6280928
256   6423500
256   6147028
256   6668976
256   6285352
256   5942088
256   6047836
256   5572992
256   5697132
256   6375040
256   6346020
256   5980308
256   6425728
256   5230320
256   5983560
256   5451264
256   5643900
256   5441680
256   5538968
256   5999836
256   5800016
256   5534436
256   5193296
256   5673068
256   5781328
256   6030940
256   6285296
256   6341592
256   5935428
256   6006608
256   6460236
256   5963052
256   5578972
256   6182448
256   5947652
256   6258676
256   5561692
256   6492556
256   5344284
256   5949728
256   6049604
256   6047092
256   6053992
256   6176568
256   6713444
256   5627656
256   6099504
256   6125848
256   5909372
256   5850232
256   5572840
256   6152004
256   5473432
256   6307244
256   6192608
256   5484100
256   5305072
256   5571104
256   5722900
256   5831980
256   5434980
256   6111016
256   5876424
256   5523508
256   6370296
256   5212724
256   5867412
256   5637888
256   5310048
256   5533256
256   6074624
256   6226460
256   6360296
256   6567784
256   5703840
256   6229656
256   5642200
256   5946672
256   6316876
256   5752108
256   5937952
256   5603468
256   6304496
256   6268340
256   5820884
256   5956628
256   5238296
256   5603292
256   5981844
256   6208340
256   5396364
256   5142716
256   5774712
256   5897644
256   4755880
256   5638948
256   5862492
256   5609252
256   6348212
256   5724532
256   5934456
256   6170420
256   5755840
256   5677136
256   6120176
256   5991992
256   6196172
256   6579360
256   5884396
256   5450672
256   5920220
256   5712228
256   6121000
256   6044752
256   6221504
256   6374724
256   5834840
256   6435472
256   5489384
256   6303620
256   5489336
256   5522448
256   5913900
256   5971448
256   6180848
256   5993964
256   5919840
256   5714964
256   5649900
256   5457984
256   5766896
256   5603844
256   6012156
256   6391144
256   6079296
256   5664704
256   5418152
256   5616488
256   5878244
256   5873724
256   5992676
256   5434404
256   5736036
256   5610564
256   5702412
256   5740704
256   5564096
256   6433072
256   6277040
256   6131820
256   6149208
256   5580476
256   6321732
256   5693052
256   6000888
256   6322188
256   6036856
256   5564392
256   5740288
256   5572348
256   5534516
256   5324428
256   5589408
256   5673892
256   5498216
256   6391092
256   5812844
256   6073136
256   5729424
256   6165892
256   6114576
256   5749284
256   5820820
256   6277812
256   5651144
256   6474172
256   5691296
256   6258492
256   5773932
256   6242632
256   5710748
256   5937572
256   6223536
256   5610188
256   6356188
256   5880824
256   6408116
256   5447096
256   5785848
256   5753800
256   5996372
256   6255484
256   5607008
256   5707200
256   5401684
256   6004644
256   5489732
256   5859876
256   6029588
256   6039556
256   5980512
256   5930160
256   5955224
256   5947588
256   6474472
256   5583600
256   5858872
256   6282772
256   5745712
256   5795388
256   6187708
256   5954912
256   5480108
256   6098376
256   5473712
256   6011272
256   5766572
256   6216416
256   6008332
256   6034712
256   5608880
256   6508272
256   6209116
256   6038140
256   5772584
256   6261164
256   6061716
256   6252840
256   6084688
256   5522716
256   6016024
256   5780572
256   5619048
256   6243224
256   5275076
256   6239420
256   5074816
256   5436168
256   5621364
256   6443320
256   5564928
256   5636416
256   6095992
256   5517048
256   6174640
256   5854780
256   6306868
256   6295428
256   5747212
256   6478984
256   6474096
256   6113968
256   6011620
256   5410660
256   5929672
256   5869760
256   5825076
256   6195648
256   5414636
256   6216960
256   5930732
256   5095848
256   5402492
256   5441048
256   5691840
256   5087328
256   5541308
256   5388716
256   5638540
256   5497960
256   5529652
256   5690284
256   6296264
256   6059388
256   6200632
256   6242560
256   6190360
256   6188384
256   5913796
256   5943328
256   5518848
256   6427296
256   5369588
256   6001460
256   6205024
256   6645636
256   6090808
256   5792256
256   6053404
256   5528948
256   4970100
256   6118396
256   5646656
256   6044072
256   6080176
256   6370812
256   6259760
256   5525028
256   5982768
256   6091428
256   5455260
256   5845776
256   5959408
256   5780112
256   6060648
256   5767468
256   5725232
256   6339088
256   7023656
256   5685736
256   5590328
256   6276764
256   5795564
256   5772476
256   5744956
256   5829216
256   5915868
256   5406312
256   6827032
256   5321448
256   6071272
256   6333404
256   6002072
256   6399276
256   6301680
256   5715264
256   6427248
256   6257888
256   6117252
256   6043872
256   6468136
256   5842832
256   6229060
256   5743880
256   5755884
256   6200000
256   6046484
256   5368888
256   5732152
256   5820456
256   5626356
256   5637624
256   5725320
256   4920592
256   5002748
256   5783636
256   6047916
256   6081420
256   5938980
256   6353724
256   5714492
256   5649280
256   5521640
256   6043508
256   6157420
256   5875304
256   5668980
256   5663980
256   5580276
256   6169772
256   5331252
256   6484360
256   6109116
256   5964228
256   6244912
256   5674220
256   6066216
256   6107392
256   5860220
256   5659136
256   5467108
256   5902604
256   5772260
256   5995132
256   5514596
256   5939036
256   5922880
256   5938200
256   5684324
256   5692008
256   5471072
256   5770508
256   6358300
256   5733348
256   6118188
256   5606132
256   5828400
256   5674032
256   5662052
256   6153296
256   5692440
256   5743164
256   5826604
256   5528136
256   6580832
256   5863424
256   6208164
256   6173676
256   5940480
256   6067588
256   6174580
256   6225892
256   5524340
256   5558516
256   5876952
256   5753960
256   5678248
256   5680924
256   6152024
256   5710128
256   5802508
256   5111472
256   5543268
256   5555220
256   5807252
256   5794924
256   6143236
256   5717440
256   5900976
256   5632296
256   5598900
256   5706540
256   5430904
256   6150344
256   6103408
256   5792276
256   6335092
256   5794476
256   5636140
256   6297228
256   6150924
256   6096336
256   5939636
256   6376964
256   5668080
256   5768472
256   6156324
256   6576328
256   5413424
256   5547392
256   5845312
256   5784112
256   5454216
256   5550268
256   6127288
256   5585064
256   5678712
256   5647024
256   5616104
256   5954952
256   6218396
256   5690984
256   6242752
256   5331636
256   6172992
256   5796108
256   5852340
256   5697444
256   5778748
256   6053288
256   6082572
256   5501212
256   5885824
256   5492376
256   5248344
256   5809264
256   5856436
256   6132948
256   6332796
256   5851136
256   6305896
256   6167652
256   6527344
256   6131584
256   6203268
256   5841412
256   6056244
256   6318112
256   5722804
256   5710056
256   5994740
256   5388016
256   5291300
256   5542384
256   5773276
256   5322068
256   5441144
256   5045272
256   5603840
256   5608756
256   6135364
256   5515976
256   5579144
256   6300788
256   6241964
256   6083872
256   6252808
256   6395384
256   5833848
256   6136804
256   5584880
256   6336368
256   5777392
256   5905804
256   6245108
256   5420136
256   5650888
256   5792704
256   5839852
256   6237108
256   5715816
256   5925360
256   5556308
256   5659268
256   5451976
256   5561076
256   5680452
256   5825560
256   6174104
256   6093068
256   6272740
256   5542704
256   6104204
256   6196244
256   5485848
256   6026440
256   5982260
256   5672088
256   6050624
256   5667136
256   6186004
256   6319124
256   6299696
256   5433456
256   5824624
256   5455280
256   5819168
256   6228496
256   6350964
256   5471192
256   6032808
256   5545196
256   6293068
256   6112688
256   6201208
256   6619152
256   5859400
256   5885896
256   6060376
256   5742816
256   5907640
256   5666680
256   6003276
256   5806536
256   6414696
256   5679232
256   5323296
256   6221676
256   5733388
256   6139528
256   6665960
256   5695960
256   5860500
256   5623736
256   5153216
256   6068968
256   5394260
256   5959916
256   6421776
256   6591100
256   6509744
256   5874460
256   5470952
256   6008580
256   5435252
256   6534176
256   5996720
256   6299400
256   5990240
256   6399520
256   5663012
256   5847064
256   5655828
256   5200428
256   6139740
256   6017972
256   5260316
256   5753788
256   5568816
256   5604748
256   6109892
256   5857504
256   5656504
256   5976308
256   5726224
256   5887260
256   6403380
256   6118940
256   5649624
256   5898288
256   5874412
256   6236248
256   5990340
256   5887944
256   5747888
256   6155972
256   5759280
256   6484680
256   5502804
256   6078952
256   6300300
256   6554600
256   5582256
256   6002352
256   6137764
256   6011112
256   5888780
256   6145260
256   5739760
256   6162024
256   5805308
256   5989480
256   5836908
256   5839856
256   6058728
256   5848956
256   5628316
256   5950492
256   6151676
256   5552792
256   5467280
256   5621836
256   5916360
256   5332288
256   5685748
256   5722624
256   6181248
256   5492100
256   5550640
256   5917412
256   5709148
256   5903964
256   5712804
256   6383596
256   6250236
256   6735384
256   6366952
256   6344116
256   5884740
256   6124216
256   5701420
256   5678592
256   5659120
256   5765044
256   5683228
256   6154348
256   5776928
256   5637928
256   4877260
256   5438672
256   5711164
256   5477384
256   6051780
256   5615564
256   5776552
256   5629652
256   5843964
256   6471540
256   6208960
256   5998156
256   6192116
256   6085752
256   5965332
256   5749168
256   6118336
256   5655540
256   5497108
256   6269560
256   5903188
256   6030880
256   6142312
256   6100504
256   5910772
256   5617180
256   6145892
256   6384316
256   5445760
256   6074148
256   5834152
256   5907168
256   5744028
256   5890092
256   6457496
256   6138800
256   5958804
256   5886996
256   6026244
256   5578768
256   6179592
256   5446364
256   5638160
256   6214572
256   5442772
256   5718872
256   6091796
256   6338380
256   5717164
256   6407704
256   5565584
256   5695152
256   5973372
256   5504560
256   5852904
256   6334968
256   5853584
256   5539964
256   6215528
256   6196732
256   5797876
256   5634308
256   5681664
256   6156844
256   5926632
256   5474448
256   6157316
256   5345296
256   5267104
256   4960516
256   5387656
256   5774312
256   6059068
256   5407216
256   6265404
256   5899108
256   5555652
256   4767488
256   5744728
256   5939872
256   5894800
256   5482924
256   5839100
256   5853740
256   6159280
256   5771740
256   5822308
256   6095584
256   5633108
256   6255428
256   6101508
256   6240036
256   5722084
256   5506640
256   6252048
256   5674020
256   5557804
256   5771604
256   5808932
256   5811772
256   5694584
256   5227580
256   5384612
256   5444504
256   5534212
256   5479480
256   5648484
256   6012356
256   6339176
256   5865524
256   5744360
256   5864796
256   5911164
256   5942316
256   6096760
256   5645212
256   5832680
256   5694440
256   5367584
256   7053360
256   5616948
256   5455044
256   6379184
256   6468348
256   6106072
256   5969708
256   6161448
256   6121996
256   6262192
256   5715324
256   6128652
256   6225888
256   6576868
256   5685608
256   6429052
256   6037496
256   5650620
256   5867888
256   5621472
256   5632044
256   5506872
256   5728420
256   5795288
256   6073696
256   5546856
256   5316832
256   6100840
256   5742692
256   6372468
256   6094624
256   5801020
256   5879924
256   5209988
256   5869500
256   5704384
256   6205424
256   6256904
256   6283252
256   5729480
256   6401636
256   6272252
256   6103116
256   5716740
256   6220564
256   5850928
256   5902352
256   6250236
256   5755224
256   5674444
256   5970592
256   5864516
256   5799628
256   5855424
256   5350140
256   5744788
256   6279668
256   5512024
256   5771976
256   5568524
256   5592612
256   5764604
256   5912520
256   6259492
256   5793264
256   5780584
256   5979372
256   5447628
256   5894700
256   5672748
256   5797088
256   5643188
256   6098372
256   5388708
256   6566584
256   5585056
256   5508404
256   5748800
256   5950752
256   5756788
256   5770220
256   6239344
256   5466748
256   6392676
256   6199392
256   5761808
256   5997560
256   5792944
256   5558732
256   6410248
256   6158632
256   5754572
256   5566000
256   5732688
256   6242740
256   5430016
256   5459492
256   6260752
256   6035288
256   5633696
256   5812496
256   5718360
256   5476032
256   5611292
256   5658200
256   5957160
256   6383580
256   5767472
256   6088032
256   5840204
256   5705964
256   6296224
256   6340312
256   6339288
256   6126692
256   6199012
256   6566720
256   6335728
256   5483780
256   5871628
256   6361624
256   6237208
256   4882168
256   5686712
256   5887592
256   5736896
256   5724248
256   5716024
256   5408208
256   5412176
256   5176736
256   5741824
256   6474848
256   5829764
256   6086584
256   6174712
256   5950448
256   6510880
256   5715100
256   5726896
256   6111104
256   5803104
256   6073240
256   5703068
256   6392576
256   6026068
256   5556224
256   5598552
256   6215140
256   5980648
256   6240452
256   7131632
256   5723524
256   5575384
256   6043508
256   5617796
256   5572512
256   5651736
256   5827952
256   5818692
256   5748764
256   5636692
256   5698844
256   5491768
256   5743176
256   6174524
256   5935836
256   5981572
256   6270152
256   5884692
256   5797552
256   5417184
256   6097932
256   5572452
256   6255340
256   5853672
256   6306676
256   6498484
256   5246156
256   5835248
256   6019268
256   5761916
256   6441908
256   6320272
256   6202856
256   6094332
256   6111012
256   6702884
256   6371576
256   5517200
256   6170624
256   5765968
256   6021540
256   6002692
256   5636148
256   4759400
256   5872912
256   5203072
256   5683596
256   5478920
256   5538668
256   6426460
256   5581532
256   5748256
256   5468484
256   5819492
256   5729144
256   6275228
256   5866812
256   6258416
256   5874732
256   5552436
256   5507688
256   7005940
256   6345316
256   5889940
256   5447020
256   6055640
256   5896464
256   5541864
256   5783396
256   6255520
256   5712564
256   6105512
256   6151540
256   6048680
256   5821072
256   5534108
256   5817732
256   5645988
256   5736544
256   5570960
256   5717756
256   6017120
256   5959108
256   6233880
256   5619056
256   6227108
256   5714052
256   5538044
256   5683716
256   5600972
256   6362480
256   6016128
256   5682496
256   5721060
256   5757356
256   6157836
256   5593672
256   5616960
256   6095452
256   6402460
256   5642732
256   6265364
256   6117904
256   6178984
256   6467044
256   6115968
256   6177656
256   6389068
256   5657640
256   5999848
256   5212900
256   6153824
256   5819764
256   5406604
256   5455392
256   5736264
256   5619804
256   5940568
256   5563140
256   5170244
256   5737520
256   6408028
256   5329572
256   5927128
256   5476088
256   5735144
256   5859884
256   6152136
256   6104592
256   5851448
256   6251192
256   6271948
256   5992708
256   6335440
256   5486956
256   6237532
256   6352152
256   6313216
256   5873920
256   6093016
256   5695652
256   5992404
256   5553464
256   5750652
256   5618676
256   5655204
256   5536880
256   5374532
256   5981664
256   5179764
256   5807884
256   5995092
256   5483748
256   6224236
256   5722500
256   5907568
256   6022512
256   5556032
256   5984616
256   6401592
256   5965316
256   6213136
256   5505608
256   5232092
256   5514900
256   6276780
256   6235460
256   5455624
256   5490016
256   6095144
256   6412260
256   6260820
256   5683768
256   5691044
256   6176584
256   5869684
256   6514560
256   6486632
256   6066000
256   5940312
256   6070320
256   5897988
256   6142944
256   6043384
256   5947908
256   5508116
256   5584220
256   5928364
256   5719756
256   5428412
256   5577096
256   5806960
256   5467252
256   5524408
256   5980064
256   5359628
256   5728988
256   5259596
256   5883636
256   5531212
256   6326656
256   6449000
256   5859124
256   5983732
256   6670084
256   6098336
256   6259688
256   5842552
256   5939008
256   6400184
256   6531084
256   5970528
256   6385740
256   5678032
256   6020068
256   5926272
256   6008548
256   5388836
256   6269644
256   5844456
256   5585208
256   5775296
256   5469532
256   5225760
256   6069976
256   6241252
256   5730528
256   5755944
256   5868568
256   5762512
256   5785596
256   6477368
256   5529032
256   6219232
256   6204752
256   5947444
256   6262488
256   5918400
256   6007876
256   6138640
256   5703896
256   6095272
256   5984276
256   5688884
256   5510800
256   5325872
256   5702232
256   5446056
256   5983876
256   6445976
256   6059740
256   5982872
256   5876560
256   5393952
256   5964024
256   5724480
256   5024800
256   5372032
256   5744224
256   5878432
256   5846632
256   5574872
256   5655716
256   5873308
256   6418676
256   5530428
256   5301596
256   5703572
256   6052856
256   5768748
256   5500340
256   5785644
256   5706064
256   6326612
256   5928360
256   6409668
256   6330100
256   6155728
256   6379488
256   6227252
256   6091544
256   5767092
256   6166124
256   6362980
256   6416140
256   6567996
256   6077652
256   6206404
256   5592804
256   5670920
256   5509456
256   5586276
256   5651856
256   5506648
256   6073576
256   5601628
256   5429048
256   5396300
256   5837368
256   5618680
256   5614212
256   5793044
256   6303768
256   6329892
256   6338484
256   6202776
256   6249024
256   5818460
256   5768172
256   6218320
256   5958352
256   5982904
256   6054796
256   5722084
256   6369144
256   5575892
256   5521536
256   5787364
256   6587628
256   5241144
256   6087556
256   5597376
256   5427892
256   6182316
256   5561528
256   5644832
256   5820676
256   5740596
256   5819532
256   6079180
256   5611864
256   5536676
256   5939064
256   5789544
256   6176684
256   6355476
256   5698160
256   6194460
256   5632980
256   5542976
256   5634788
256   5674160
256   6466944
256   6251860
256   6427904
256   5464476
256   5632768
256   5457980
256   5732388
256   5771084
256   5817252
256   6498512
256   6052400
256   6164752
256   6452540
256   6637904
256   5849232
256   5723404
256   5735644
256   5703904
256   5719680
256   6034980
256   5473760
256   5521060
256   5709236
256   5716444
256   5653048
256   5565564
256   5872808
256   5620448
256   5725756
256   4744516
256   5552464
256   5744080
256   5530128
256   6016604
256   5748556
256   6123028
256   6323052
256   6496384
256   6432092
256   6402540
256   6098652
256   5421028
256   5940308
256   6170100
256   6478892
256   5686816
256   6235124
256   6022436
256   6042896
256   6175180
256   6033376
256   6113420
256   5614224
256   6439100
256   5754892
256   5638720
256   6250772
256   5797360
256   5680944
256   5851400
256   5922432
256   5956248
256   5717444
256   5291732
256   6248572
256   5803384
256   5399308
256   5605832
256   5195800
256   6260548
256   5792324
256   6311700
256   5862256
256   6205456
256   6022828
256   6109672
256   5404084
256   5897784
256   6529748
256   6255664
256   5574696
256   5790892
256   6086996
256   6169452
256   5849232
256   5620020
256   6001360
256   6262260
256   5890216
256   5509348
256   6304672
256   5620956
256   5893480
256   5733572
256   5575048
256   5792984
256   5751944
256   5750180
256   5335956
256   5834724
256   5619816
256   5627076
256   6045084
256   6373768
256   6446432
256   5801396
256   5751740
256   5686884
256   6285368
256   5618320
256   6462308
256   6305696
256   6089008
256   6171104
256   6224044
256   6255204
256   5722640
256   5723824
256   5455896
256   6031604
256   5498200
256   6065292
256   5357424
256   5973360
256   6127560
256   5143312
256   5248160
256   5468276
256   6280572
256   5861528
256   5685444
256   6466876
256   5528148
256   6079852
256   6360884
256   5478136
256   6066596
256   7039632
256   6042412
256   5797276
256   5802264
256   5843844
256   6300764
256   5903072
256   5651344
256   6159792
256   5594384
256   6101012
256   5871092
256   5690784
256   5682600
256   5927828
256   5575968
256   6143268
256   6347616
256   5498032
256   5784656
256   6132192
256   5553624
256   6047264
256   5467920
256   6307824
256   5916708
256   5657208
256   5576064
256   5974792
256   5878468
256   5585368
256   5066296
256   5761284
256   5745000
256   5762640
256   6279264
256   5957536
256   6214880
256   5151272
256   5839464
256   6111304
256   6165044
256   6141660
256   5963792
256   6122004
256   6385408
256   5830712
256   6455816
256   5863904
256   6254324
256   5979516
256   6475060
256   6009784
256   5325736
256   5478300
256   5341832
256   5530364
256   5986568
256   5630192
256   5707456
256   5315560
256   5708416
256   5553904
256   5901600
256   5031952
256   5650600
256   5622716
256   6153968
256   5408416
256   5985328
256   6588244
256   6080748
256   5807860
256   5938676
256   5873048
256   6320840
256   6530044
256   5682624
256   5791624
256   5755180
256   5770108
256   5892120
256   5498476
256   6179740
256   5779628
256   6127508
256   6037696
256   5775952
256   5709800
256   6270808
256   6084644
256   5856160
256   5905616
256   5984184
256   6361272
256   6009856
256   5791936
256   5900580
256   6174932
256   5752884
256   5900716
256   5693296
256   5855796
256   5295036
256   5734616
256   5608920
256   5644604
256   5372128
256   5483164
256   5934012
256   5869068
256   5671740
256   6498328
256   5382212
256   6253424
256   6115300
256   6233740
256   6404440
256   6437436
256   6425388
256   5629568
256   5730836
256   6361440
256   5518776
256   5408180
256   5890524
256   5651864
256   5788848
256   5808924
256   5492596
256   5703248
256   5550844
256   5520252
256   5553744
256   5633788
256   5702232
256   5234104
256   5795776
256   5537504
256   6427532
256   6445644
256   5451280
256   6361944
256   6858788
256   5946324
256   6491940
256   5645216
256   6260044
256   6430436
256   6067356
256   6017296
256   6111896
256   6333196
256   5773108
256   5415688
256   6527424
256   5848864
256   5722680
256   5552920
256   6241196
256   5495252
256   5724132
256   5684480
256   5207632
256   5593060
256   5627636
256   5658268
256   6085688
256   6247164
256   5858296
256   6333592
256   5794116
256   5640320
256   6073128
256   5808772
256   5570720
256   5851772
256   5934488
256   6247936
256   5852516
256   5911088
256   5600692
256   5557672
256   6230936
256   6060220
256   5419512
256   6426612
256   5629688
256   7005380
256   5459080
256   6525052
256   6344952
256   6310528
256   5854196
256   5600020
256   5633008
256   5843476
256   5554284
256   6279452
256   5442404
256   5467976
256   6304336
256   5465828
256   5682604
256   5635496
256   5755664
256   5809312
256   6178524
256   5429728
256   6188028
256   5924788
256   5577260
256   6070348
256   6303508
256   5745488
256   6188540
256   6029212
256   6360416
256   6473700
256   6486288
256   6571152
256   5794080
256   6091164
256   6096624
256   5815152
256   6258032
256   6389904
256   5609780
256   5545460
256   6047692
256   5673188
256   5278536
256   5972616
256   5920484
256   5663064
256   5348940
256   5770188
256   6420628
256   5910456
256   5829908
256   6335512
256   6119744
256   5901152
256   6121288
256   5609296
256   6027016
256   5856488
256   5930644
256   5327244
256   6313256
256   6469996
256   5993628
256   6405268
256   5988580
256   6192928
256   5921356
256   5815464
256   6019488
256   6614928
256   6397784
256   6320304
256   5903764
256   6240256
256   5737028
256   6169956
256   6171936
256   5811072
256   6047024
256   6252060
256   5466680
256   6185840
256   6295648
256   5604332
256   6291944
256   5469492
256   6512284
256   5796536
256   5347220
256   5741652
256   5559324
256   5503012
256   5781356
256   5207824
256   5796612
256   5953712
256   6516536
256   6187504
256   6168628
256   6376656
256   5612448
256   6200396
256   6507692
256   6146368
256   6475248
256   5958672
256   5603504
256   6138244
256   5718824
256   5487812
256   5444212
256   5736936
256   5622016
256   5578140
256   4776044
256   5599492
256   5234948
256   5731200
256   5493600
256   5707944
256   5790612
256   6225484
256   5700540
256   6049052
256   5423820
256   5977780
256   6083420
256   5458924
256   5681880
256   5957756
256   5777728
256   5841796
256   5588176
256   6319732
256   5420620
256   5818276
256   5816356
256   6572148
256   6027512
256   6201208
256   5774076
256   6285064
256   5157916
256   5635484
256   5845892
256   5054912
256   6092336
256   6044024
256   6076100
256   6520364
256   5671888
256   5546736
256   6129676
256   5924748
256   5754248
256   5545056
256   5858012
256   5669212
256   5735852
256   5515968
256   5451472
256   6337708
256   5475380
256   5728864
256   5689268
256   6335776
256   6234532
256   6433744
256   5908532
256   5824272
256   6058788
256   6283100
256   6409564
256   6149824
256   6420196
256   5630424
256   6273028
256   6143264
256   6186076
256   6298272
256   5611048
256   5682872
256   5851144
256   6205344
256   5408252
256   5631408
256   5323136
256   6492184
256   5650904
256   5883244
256   6333052
256   6157012
256   5103688
256   5682004
256   5894108
256   5729244
256   5571988
256   6400480
256   6180516
256   6071288
256   6378196
256   5815288
256   6388096
256   5746092
256   6180336
256   6279800
256   6159828
256   6173284
256   5549176
256   5447868
256   5752892
256   5809480
256   5990592
256   6364032
256   6372244
256   5738148
256   6093812
256   5605100
256   5580684
256   5923656
256   5715244
256   6312748
256   5972296
256   5945040
256   5499716
256   6331448
256   6160092
256   5805380
256   5676164
256   6089584
256   5773080
256   5899352
256   5544696
256   5727236
256   5747320
256   5598712
256   5405744
256   5888176
256   5993892
256   6090044
256   5964124
256   5466716
256   5981072
256   6024716
256   6272124
256   5842120
256   5685680
256   5952880
256   5697048
256   5942160
256   5485572
256   5557672
256   5747288
256   5470800
256   5898916
256   5637960
256   6126156
256   6180848
256   6293204
256   5861724
256   5308032
256   5527772
256   5824920
256   5714072
256   6484264
256   5757792
256   6079972
256   5738484
256   5684604
256   5912612
256   6502280
256   6398660
256   6567152
256   6432704
256   5968436
256   5599768
256   6053472
256   5849008
256   5645940
256   6539352
256   5648096
256   5298316
256   6570864
256   5880880
256   5357408
256   5808892
256   5607088
256   5364256
256   5824044
256   5583124
256   5762624
256   5896968
256   5879068
256   5724720
256   5877272
256   5459612
256   6329984
256   5334224
256   5957204
256   5902704
256   5808424
256   5608776
256   5547756
256   5916284
256   6137152
256   6379412
256   6447652
256   6020156
256   5690548
256   5447432
256   5597168
256   6379428
256   5704784
256   5922904
256   6397616
256   6279848
256   5469756
256   5429612
256   5818916
256   6439324
256   6181256
256   5958332
256   6331232
256   5714492
256   6202644
256   5815048
256   5671112
256   5582604
256   5591616
256   5672380
256   5244468
256   5765764
256   5870740
256   5700880
256   5547696
256   6417908
256   5481524
256   6201896
256   5797252
256   5576428
256   5568912
256   5621388
256   5883500
256   5450424
256   6192404
256   6086948
256   5456644
256   6387484
256   6101944
256   5836440
256   6296560
256   6208424
256   5949036
256   5789740
256   5725144
256   6365136
256   6230712
256   5648456
256   5539784
256   5702444
256   5483812
256   5878396
256   5363712
256   5630332
256   4878236
256   5431768
256   6017112
256   6339640
256   5512688
256   6326392
256   6202428
256   6199440
256   5731236
256   5765708
256   6359600
256   6209192
256   5643764
256   6105392
256   5567132
256   5539240
256   5936280
256   5634896
256   6524532
256   5520112
256   6421024
256   5779080
256   6332596
256   5967808
256   5930012
256   5472544
256   6341068
256   5750848
256   5875208
256   5514736
256   5971420
256   5995496
256   6036844
256   6054580
256   6051384
256   5614700
256   5973540
256   5965356
256   5437928
256   6175016
256   5819032
256   6247012
256   5700516
256   5155848
256   5478872
256   5587160
256   6102240
256   5633584
256   6412056
256   5968136
256   6132244
256   5691844
256   6395296
256   6005560
256   5662620
256   5654788
256   5625852
256   5992712
256   5904464
256   6598548
256   5596344
256   5652260
256   5877532
256   5982988
256   5827584
256   5851636
256   5610304
256   5689760
256   5663184
256   5685608
256   5857736
256   5178680
256   5460632
256   5410892
256   5892492
256   5601176
256   5941836
256   6155572
256   5918016
256   6152380
256   6121376
256   5671620
256   6448360
256   6095284
256   5902312
256   6134308
256   6510292
256   6078336
256   5282416
256   5466268
256   5581808
256   5428668
256   6336332
256   6331988
256   6053856
256   5506816
256   5787312
256   5055472
256   5105856
256   5457624
256   5565092
256   5697268
256   6283512
256   5756456
256   5506444
256   5957460
256   5669384
256   5545688
256   5854248
256   6328884
256   5860324
256   5943420
256   6126608
256   5678328
256   5506176
256   5670636
256   6034444
256   6046408
256   6000736
256   5500712
256   5822712
256   6410604
256   6106564
256   5922540
256   5416956
256   5628660
256   6499692
256   6006632
256   6129456
256   6254528
256   5944828
256   5823476
256   5895660
256   5655380
256   5638072
256   5938628
256   5781696
256   5776484
256   5890588
256   5407504
256   5668324
256   5882964
256   5700520
256   5490748
256   5747044
256   5602428
256   5773824
256   5868444
256   5281264
256   5905364
256   5645588
256   5861352
256   6579240
256   6177836
256   5664456
256   5755420
256   5784836
256   6267448
256   6583504
256   5630160
256   6271720
256   6453368
256   5609736
256   6198688
256   6432784
256   5773628
256   5355856
256   6077700
256   5960656
256   5832712
256   6044076
256   5811796
256   5851596
256   5176992
256   5900536
256   5607612
256   5582804
256   6329524
256   6329848
256   6194888
256   5691172
256   6104308
256   5912708
256   5967740
256   6506364
256   6371924
256   5785996
256   6377176
256   6428756
256   5908644
256   6039128
256   5341560
256   6281276
256   5484912
256   6298924
256   6124100
256   5459428
256   5862668
256   5494528
256   5838088
256   6184920
256   5941144
256   5822412
256   6236944
256   5810344
256   5624404
256   6235776
256   5586660
256   6376720
256   5495312
256   5945840
256   6012200
256   6250016
256   5977944
256   5493324
256   6218312
256   5831984
256   5777936
256   6210748
256   6157568
256   5868612
256   5821164
256   5597772
256   6051996
256   5739676
256   5668848
256   6312556
256   5737912
256   5681512
256   5913532
256   6468384
256   6214644
256   6649300
256   5552276
256   5699044
256   5536408
256   5576608
256   6071128
256   5173508
256   5739028
256   4987940
256   5704352
256   5683872
256   5262384
256   5830384
256   5744024
256   5597132
256   5551292
256   5535740
256   5901572
256   6249176
256   5936956
256   5910472
256   5986012
256   6193012
256   5972532
256   5997424
256   5641396
256   6487396
256   5597676
256   5475136
256   6564300
256   6156960
256   5220336
256   5910192
256   5886644
256   5807624
256   6188192
256   5784432
256   6109188
256   6288848
256   5895112
256   5873092
256   6129160
256   5712556
256   5997560
256   5892092
256   5446732
256   6035408
256   5655772
256   5890012
256   5816964
256   6284428
256   6221084
256   5715276
256   6247328
256   5649888
256   6315800
256   5916320
256   5840784
256   5467824
256   5537912
256   5615648
256   5731812
256   6309288
256   6414344
256   5853664
256   5843176
256   6129396
256   6560072
256   6381920
256   5907096
256   6150340
256   6419040
256   6351284
256   6266912
256   5970420
256   5993932
256   5500772
256   5788252
256   5104752
256   6102800
256   5487128
256   5453972
256   5998096
256   5755364
256   5739428
256   5235020
256   6050040
256   5452544
256   6165236
256   5437104
256   6519296
256   5627664
256   5749352
256   6080688
256   5499508
256   5681000
256   5712868
256   6145628
256   6239180
256   6564892
256   6233052
256   5877976
256   5523500
256   6263428
256   5537684
256   5684184
256   5523576
256   6140584
256   5440240
256   5252436
256   5562796
256   5152836
256   6230024
256   5349912
256   5542060
256   5991972
256   6068952
256   5744500
256   6287128
256   5789776
256   5690376
256   5603632
256   5605012
256   6268184
256   5773112
256   6250200
256   6010328
256   5757728
256   5550784
256   5588152
256   5707256
256   6149028
256   5872652
256   6295424
256   5494864
256   6155208
256   5545040
256   5495896
256   5971548
256   5917600
256   5873428
256   6386116
256   6382880
256   6430428
256   5679232
256   6320096
256   5609948
256   5442324
256   5712120
256   5674532
256   6418956
256   5440684
256   5203952
256   5464776
256   5386716
256   5909988
256   5713508
256   5290800
256   5772916
256   6089552
256   5094664
256   5696460
256   5802200
256   5266896
256   5731748
256   6155956
256   6499892
256   6402448
256   6181636
256   5718304
256   5747660
256   6392748
256   6477472
256   5876212
256   6262804
256   6067452
256   5758412
256   6237000
256   6314964
256   5452160
256   5894864
256   5219148
256   5417744
256   5824036
256   5876200
256   5745612
256   5658908
256   5827444
256   5831716
256   5734112
256   5549116
256   5698792
256   6256392
256   5798436
256   6191656
256   5472096
256   6066304
256   5568740
256   6022676
256   5814676
256   6300088
256   6170740
256   6165324
256   5637560
256   5821204
256   5915296
256   5581960
256   6145116
256   5707872
256   6408112
256   6428424
256   5965868
256   6324812
256   6097560
256   6579948
256   5804788
256   5583504
256   6243496
256   6280180
256   5881672
256   5568924
256   5399144
256   5966748
256   5561928
256   5975460
256   6011596
256   6030772
256   5885164
256   5939616
256   5723652
256   5323308
256   5598516
256   5585104
256   6428072
256   5786704
256   5247112
256   6254412
256   5558572
256   5472056
256   6462680
256   5569880
256   6151412
256   5942020
256   6257552
256   6126556
256   6345132
256   6341976
256   6147996
256   5979016
256   5586220
256   5939348
256   5801836
256   5869672
256   5501800
256   5614456
256   5485168
256   5252008
256   5678648
256   5142244
256   6016028
256   5744248
256   5335220
256   5796832
256   6174916
256   5899056
256   5625508
256   6103480
256   5762472
256   6261296
256   6246772
256   6058904
256   5895540
256   5555080
256   5745736
256   5632560
256   5863636
256   6175852
256   5745844
256   5822952
256   6400400
256   5591600
256   5917368
256   5691892
256   5610248
256   5883948
256   5811848
256   5290524
256   6197300
256   6338468
256   5530568
256   5774080
256   5720556
256   6304368
256   5950012
256   5673232
256   5759248
256   5919076
256   5570644
256   5498648
256   6020608
256   5627748
256   6063248
256   5651964
256   5653040
256   5650388
256   5598156
256   6517560
256   5889124
256   5569472
256   6179596
256   6284884
256   6447484
256   5848444
256   6494064
256   6376332
256   6025132
256   6323268
256   6372980
256   6312284
256   6566556
256   5657692
256   5427372
256   5764212
256   6244160
256   5560912
256   5551320
256   5914532
256   5593768
256   5993840
256   5025076
256   5522240
256   5446288
256   5669400
256   6155284
256   5236588
256   5934068
256   6417328
256   6407888
256   6305708
256   6149984
256   5722692
256   5981352
256   6049292
256   6010436
256   6497860
256   6107244
256   5530360
256   5696636
256   5934228
256   5944756
256   5625068
256   6255820
256   5812576
256   5945184
256   6001812
256   5962704
256   5739892
256   5226480
256   5758560
256   5112224
256   5722316
256   5946532
256   6164676
256   5671868
256   5988784
256   5649520
256   6010268
256   5435872
256   6380832
256   6082280
256   6310672
256   5633444
256   5668172
256   5585916
256   6427524
256   5757860
256   6190748
256   5990880
256   5640692
256   6352872
256   5553004
256   5818888
256   5635444
256   5313828
256   6363052
256   6437532
256   5878924
256   6043172
256   6074436
256   6027468
256   5609068
256   6279772
256   5601620
256   6180016
256   6308060
256   5927140
256   5090712
256   5596904
256   5187356
256   5241704
256   5543128
256   5270172
256   5933504
256   5806452
256   5509772
256   5861316
256   5912664
256   5499156
256   5463440
256   5317484
256   6076228
256   5913508
256   6023264
256   6051568
256   6215360
256   6264096
256   5583732
256   5707104
256   6073436
256   6550372
256   6055236
256   6142704
256   6245240
256   5645764
256   5411764
256   5450844
256   5022824
256   5841784
256   5654940
256   5884332
256   5025604
256   5416220
256   5301884
256   6219288
256   5447404
256   5851496
256   5962548
256   5909664
256   6205172
256   5947184
256   6004144
256   5735184
256   5548028
256   5521024
256   5996340
256   5561732
256   6482892
256   5751036
256   5824800
256   5610524
256   6265996
256   5726628
256   5570012
256   5758904
256   6124196
256   5716108
256   5774268
256   5972868
256   6361328
256   5995644
256   5614984
256   5801748
256   6098588
256   5938212
256   6227716
256   5809180
256   6127596
256   5930548
256   5990904
256   5766004
256   6413064
256   6126352
256   5951032
256   5713232
256   5658380
256   5825620
256   5603896
256   5765392
256   5958700
256   5842256
256   5415452
256   5644616
256   5851996
256   6622456
256   6390144
256   6039756
256   5943996
256   6405876
256   6639432
256   6012336
256   5832104
256   5748364
256   6511628
256   6378528
256   5728828
256   5939252
256   5969484
256   5683856
256   6481528
256   6310988
256   5200804
256   5456440
256   5921604
256   5299008
256   5410220
256   5704320
256   5679796
256   5408448
256   5638444
256   5628596
256   5791332
256   5971736
256   6223820
256   5467024
256   6050860
256   5669728
256   5807024
256   6005448
256   5931844
256   5485808
256   6258648
256   5860752
256   6188096
256   6417532
256   5420752
256   5530456
256   6056912
256   5787048
256   6415176
256   6234964
256   6192744
256   5655208
256   6342068
256   5999936
256   5888176
256   5765316
256   5667700
256   5741088
256   5720832
256   5707552
256   5807200
256   5862776
256   5623648
256   5994492
256   6155824
256   5662136
256   6247752
256   6111064
256   6309936
256   5766004
256   5767256
256   5583320
256   6320784
256   6426792
256   5628544
256   5784432
256   6482608
256   5648320
256   5771096
256   5759640
256   5678364
256   6122008
256   5844060
256   6225528
256   6180696
256   6184540
256   5787248
256   5932532
256   5834640
256   5698904
256   5472508
256   5818576
256   6092936
256   5455236
256   5845732
256   5368100
256   5725840
256   5685668
256   6225528
256   6050748
256   5761932
256   5757208
256   6017940
256   6044144
256   5810840
256   6032340
256   6101904
256   6140728
256   6140272
256   5941084
256   6346324
256   5658604
256   5545928
256   6449876
256   6121516
256   5489300
256   6266000
256   5770536
256   5748680
256   6082624
256   5542528
256   6249900
256   5681340
256   5588404
256   5788752
256   5839692
256   5973600
256   5815976
256   6232716
256   5591220
256   5367240
256   5675592
256   5837696
256   5697148
256   6090620
256   5787260
256   5687048
256   6336240
256   6217712
256   5442272
256   5792892
256   6158680
256   5847284
256   5947336
256   5498676
256   5572140
256   5751564
256   5583416
256   5252232
256   5635524
256   6238116
256   5928368
256   6431096
256   5986144
256   5588712
256   5782604
256   6198864
256   5682536
256   6069208
256   6006268
256   5762980
256   5758548
256   5417712
256   5515660
256   5998996
256   6062520
256   5409672
256   5868228
256   5768960
256   5820616
256   5629560
256   5518864
256   5449696
256   5637016
256   5787668
256   6321060
256   6279608
256   6151700
256   6477824
256   5637836
256   6214304
256   5899920
256   6282932
256   6213652
256   6595344
256   6379176
256   5987264
256   5384256
256   5914936
256   6033480
256   5844536
256   5799732
256   6019164
256   5839604
256   5762224
256   5321204
256   5620940
256   5660976
256   5924012
256   5906952
256   5694404
256   5915148
256   6171428
256   6060872
256   5823092
256   6040728
256   5587860
256   5499280
256   5801268
256   5898304
256   6380520
256   6089192
256   5649988
256   6150856
256   5497424
256   6059540
256   5956368
256   6064640
256   6095064
256   5794856
256   5372996
256   5627268
256   5975376
256   6116280
256   5802008
256   6189016
256   5774448
256   5955664
256   6331732
256   5754656
256   5846164
256   5778836
256   5753432
256   5612624
256   6035212
256   5444740
256   5636712
256   6036324
256   5184788
256   5633348
256   5923512
256   5509524
256   5432852
256   5825500
256   5639444
256   6138784
256   6151908
256   6125488
256   5730484
256   5948184
256   6142912
256   6368576
256   6355144
256   6103276
256   5664176
256   5911628
256   6532800
256   5865820
256   6145196
256   6241824
256   6439736
256   5640336
256   6047432
256   5788128
256   4820340
256   5872128
256   4984912
256   5733060
256   6001004
256   5636072
256   6173308
256   5728244
256   5694156
256   5686036
256   6099552
256   6204448
256   5705040
256   6623648
256   6134124
256   6122220
256   6208268
256   6086808
256   6373056
256   6237036
256   6201868
256   5872324
256   5909780
256   5760980
256   6006212
256   5605496
256   6503376
256   5937304
256   5619492
256   6617700
256   5677248
256   6135212
256   5890380
256   5629396
256   5971600
256   5815936
256   5544616
256   6051324
256   6043700
256   5989464
256   5929492
256   5695452
256   6356016
256   5644860
256   5506964
256   5747352
256   5531680
256   6161468
256   5442508
256   5631952
256   5653836
256   5765260
256   6032188
256   5632392
256   5374920
256   6416020
256   6088384
256   6686316
256   6005776
256   6235788
256   5988924
256   5774564
256   6295152
256   5772032
256   6317708
256   5620092
256   5628372
256   5452064
256   5679748
256   5786144
256   5592860
256   5833672
256   5853692
256   5940676
256   5487620
256   5872548
256   5822812
256   5452636
256   5571504
256   5789740
256   5892612
256   6178648
256   5836540
256   6034240
256   6250180
256   5786852
256   6106864
256   5861380
256   5922184
256   6274348
256   6572548
256   5517004
256   6381296
256   5953384
256   6004076
256   5666916
256   5631208
256   6230660
256   6478504
256   6162644
256   5657668
256   4867224
256   6414188
256   5721992
256   5855576
256   5930568
256   6255840
256   5801556
256   5888572
256   6046200
256   5645180
256   5731184
256   5661816
256   6198824
256   6041532
256   5748960
256   6442272
256   5320616
256   5697480
256   5175208
256   5824556
256   5704204
256   5878992
256   5708840
256   5363744
256   5807296
256   5747548
256   5899696
256   5760144
256   5997556
256   5997968
256   5650572
256   5503436
256   6460276
256   6196260
256   5924452
256   5576844
256   6390772
256   5777088
256   5752648
256   5889464
256   5279376
256   6259520
256   5299912
256   5567568
256   5476832
256   6000280
256   5627280
256   5741772
256   6009472
256   5684676
256   5749748
256   6248048
256   5863772
256   6426004
256   6264296
256   6233568
256   6513424
256   6328944
256   6133456
256   5506572
256   5762676
256   5772392
256   6131128
256   5752260
256   6332168
256   6389320
256   6001596
256   5776848
256   5471244
256   5770740
256   6084480
256   5359648
256   5155428
256   6033260
256   5818752
256   5132136
256   5637692
256   5911200
256   6062776
256   5845288
256   5719768
256   5657488
256   5983576
256   5968888
256   5478428
256   5480480
256   6025836
256   5570100
256   5818524
256   5736960
256   5686980
256   5759544
256   6161580
256   5825848
256   5873724
256   5541856
256   5505268
256   5645224
256   6214312
256   5998088
256   6208536
256   6329624
256   6523528
256   5788416
256   5569564
256   5871528
256   6295376
256   6210288
256   5787592
256   5672768
256   5234860
256   5730096
256   5958364
256   5763192
256   5410132
256   6271852
256   5884044
256   5721840
256   5484960
256   5365728
256   5594288
256   5095624
256   5713900
256   5931488
256   6190876
256   5570712
256   5700836
256   6038640
256   6067764
256   6119060
256   6169948
256   6285796
256   6355064
256   6237728
256   6698104
256   6235452
256   6536620
256   5395428
256   6565496
256   5433244
256   6553204
256   5854016
256   5287644
256   5060696
256   5553540
256   5819636
256   5693784
256   5690456
256   5464816
256   5996424
256   5833440
256   5627940
256   5696172
256   5696608
256   5734588
256   5741548
256   6392696
256   6113112
256   5654292
256   5575480
256   5814512
256   6473344
256   5889980
256   6239708
256   6350092
256   5544968
256   6245800
256   5700108
256   6086472
256   6304912
256   5638164
256   5728764
256   6254608
256   6221628
256   6162236
256   6018132
256   5598948
256   5572356
256   5308056
256   6158236
256   5862220
256   6141200
256   5780196
256   5869424
256   6309160
256   5784988
256   5693152
256   5425620
256   5703800
256   6359208
256   5838248
256   6096284
256   5284640
256   6147744
256   5571476
256   6270192
256   6316048
256   5560724
256   5538756
256   6015316
256   6410220
256   6483844
256   6474420
256   6117552
256   5736052
256   5548816
256   6079464
256   6443084
256   6344300
256   7112448
256   6086712
256   6180660
256   6162276
256   5507128
256   5525784
256   5443536
256   5719828
256   5967996
256   5738636
256   5827096
256   5929696
256   5507392
256   5772044
256   5723528
256   5947172
256   5838932
256   6342232
256   6004180
256   5947412
256   5725752
256   6484456
256   6346384
256   5954272
256   5681320
256   6317048
256   5549524
256   6050084
256   5662856
256   5691844
256   5518620
256   5763868
256   6390976
256   6208976
256   6569400
256   6274400
256   5426584
256   6076984
256   6102232
256   5384684
256   5523412
256   6198192
256   6255196
256   5691992
256   5685332
256   5982992
256   6271692
256   5635704
256   5757820
256   5791468
256   6101996
256   5648096
256   5492552
256   5926956
256   5759416
256   5854488
256   5648716
256   6032388
256   6076000
256   5584104
256   6555092
256   5757484
256   5657352
256   6500704
256   6509752
256   6387712
256   6279332
256   6354900
256   6497720
256   6180820
256   5631424
256   5880332
256   5651860
256   5833676
256   6163840
256   6173412
256   6166892
256   5797104
256   5503248
256   5494240
256   5432136
256   6124740
256   5573420
256   5694588
256   5683856
256   5591648
256   5872672
256   5377444
256   5773180
256   5952656
256   5400768
256   6213584
256   6212836
256   5960996
256   5691452
256   5548772
256   6147068
256   6460996
256   6259748
256   5725112
256   5832692
256   6315780
256   5949984
256   5436752
256   5400240
256   5693412
256   6103688
256   5707948
256   5788640
256   5195644
256   5346668
256   5959616
256   5698756
256   5842184
256   5678092
256   6027680
256   5943208
256   5859140
256   5402320
256   5972160
256   5832268
256   5919764
256   5433680
256   5919724
256   6362636
256   5897952
256   5870872
256   5881620
256   5644412
256   5973296
256   5309348
256   5934112
256   5457112
256   6313512
256   5365008
256   5724576
256   5717844
256   6104024
256   5624928
256   5560644
256   6187480
256   6229988
256   5986580
256   5896820
256   5933796
256   5856584
256   5831328
256   5710644
256   5656076
256   6194540
256   5954944
256   6189304
256   5617684
256   5685572
256   5779776
256   5563024
256   5466936
256   5591468
256   5557936
256   5768376
256   5749524
256   5809536
256   5417576
256   6222576
256   5710848
256   6261684
256   6016796
256   6318744
256   5898496
256   6317068
256   6226928
256   5741448
256   6051984
256   5836380
256   6091828
256   5961320
256   5449684
256   5631676
256   6024864
256   5308884
256   5771428
256   5433376
256   5527284
256   5859068
256   5821624
256   6154068
256   5791328
256   5565396
256   6164988
256   5586868
256   6309988
256   6449584
256   5785028
256   5889920
256   5731308
256   5659692
256   5948380
256   5979484
256   5976988
256   5419376
256   6196788
256   6317000
256   5939620
256   5602332
256   5964360
256   6174804
256   6579160
256   5678936
256   5801108
256   5793020
256   5903104
256   6645244
256   6003320
256   6225768
256   5543312
256   6485868
256   5708512
256   6086388
256   6422124
256   5592244
256   6610300
256   6122268
256   5855428
256   5808456
256   5877176
256   6056808
256   6114052
256   5607376
256   5904436
256   5718592
256   5913200
256   5945336
256   5453940
256   5956772
256   5857276
256   6443032
256   6360036
256   5621720
256   6525928
256   6346204
256   6165560
256   6189720
256   6243972
256   6244024
256   6187448
256   5787772
256   6140196
256   5863164
256   5666008
256   5419636
256   5516608
256   5552012
256   5462828
256   5627876
256   5632380
256   5757108
256   5558120
256   5230516
256   5177828
256   6036184
256   5742360
256   5453560
256   5791756
256   6074444
256   5835912
256   6154580
256   5850308
256   5945384
256   6461316
256   6280344
256   6423544
256   6140248
256   5918664
256   5580264
256   5943464
256   6233828
256   5940300
256   6450292
256   5877732
256   5464060
256   5804368
256   6280900
256   5709348
256   5679836
256   5995472
256   5669416
256   6133560
256   5637624
256   5988544
256   5811708
256   5646972
256   5976856
256   5731856
256   5552624
256   6020804
256   5411596
256   5916564
256   5697528
256   5976552
256   5418552
256   5403036
256   5446404
256   5875796
256   5530440
256   5940492
256   5674524
256   5647656
256   5481208
256   5994216
256   6366004
256   6364428
256   5828336
256   6450656
256   7181888
256   5995660
256   6217064
256   6407824
256   5703496
256   5658080
256   6034916
256   5687132
256   5869408
256   5797244
256   5609452
256   5883116
256   6084652
256   5911276
256   6177260
256   5661292
256   6006572
256   5480220
256   5180928
256   5841164
256   5719508
256   5813396
256   5794788
256   6302376
256   5845380
256   6355228
256   6132108
256   5872208
256   5876940
256   5882276
256   5711696
256   6402844
256   6154868
256   5825392
256   5562360
256   5591608
256   5794076
256   6074264
256   6412996
256   6210224
256   5488172
256   4795956
256   5467664
256   6170628
256   5356168
256   5888456
256   5693028
256   5751640
256   5955484
256   5913876
256   5662648
256   5667900
256   5529708
256   5613144
256   5721512
256   5876624
256   5500652
256   6474500
256   5789584
256   5769008
256   5614828
256   5744952
256   5745096
256   6233392
256   6087688
256   5913884
256   6470500
256   6007092
256   5839336
256   6479704
256   6564516
256   5766396
256   5582676
256   6291140
256   5518460
256   5569836
256   5623912
256   5401008
256   5799632
256   5773804
256   5563172
256   5930116
256   6106456
256   6262236
256   5896080
256   5785372
256   5420168
256   5546624
256   5544664
256   6149168
256   5599820
256   5698500
256   6485536
256   5715540
256   6361676
256   6042916
256   5355600
256   5686764
256   5659720
256   6341156
256   6362304
256   6029932
256   6337244
256   6150632
256   6038004
256   6272472
256   5221088
256   6397152
256   6252456
256   5952020
256   5856832
256   5614388
256   5629596
256   5878832
256   5211252
256   5365948
256   5617532
256   5879980
256   5608400
256   6024944
256   6391660
256   5488288
256   5988568
256   5787416
256   6286436
256   6034384
256   5955300
256   5521652
256   5966372
256   5732160
256   5873396
256   5721332
256   5692176
256   6278244
256   6301900
256   6046808
256   5825144
256   5590972
256   6190096
256   6042888
256   5639716
256   5976908
256   6184900
256   5658508
256   5621088
256   5526480
256   5978440
256   5619304
256   5580012
256   5984532
256   5759928
256   5449896
256   5773744
256   5776844
256   5874716
256   5695684
256   5602396
256   5580916
256   5849016
256   6301616
256   6236208
256   5787116
256   5705644
256   6052612
256   5422668
256   5655096
256   6036760
256   6051360
256   5503308
256   6151448
256   6094032
256   6186244
256   6198312
256   6182312
256   5456736
256   6414140
256   6392960
256   6357024
256   6164276
256   5991260
256   5477656
256   5253748
256   5668552
256   5589408
256   6243620
256   5488904
256   5981580
256   5514592
256   6224752
256   5641440
256   5542400
256   5953152
256   6182036
256   6456640
256   5448148
256   6264452
256   6341380
256   5869332
256   5663232
256   5667744
256   6275844
256   6123960
256   6329488
256   6058232
256   5890404
256   5503676
256   5602348
256   5728864
256   5737184
256   5711532
256   6247440
256   6029796
256   6136148
256   5723868
256   5608568
256   5311352
256   5767832
256   5902784
256   5970244
256   5810148
256   6501548
256   5702640
256   5750556
256   5509512
256   5713768
256   5206668
256   5900600
256   5778152
256   5541604
256   5555852
256   5579916
256   5884280
256   6197504
256   5489400
256   6227872
256   6105536
256   6362488
256   5774844
256   5664568
256   5449852
256   6343468
256   5722820
256   6382224
256   6310764
256   6154800
256   6081180
256   6391740
256   5645224
256   5387452
256   5660900
256   5821928
256   5860564
256   5812616
256   6277060
256   5363532
256   6295720
256   5428832
256   5213364
256   5438788
256   5335808
256   6005040
256   5987404
256   5793256
256   6220084
256   5542088
256   5688140
256   5687836
256   5422972
256   6055840
256   5950648
256   5772372
256   6358652
256   5919136
256   5923072
256   6041256
256   5931596
256   5888096
256   6285468
256   6466192
256   6291136
256   5696120
256   5629648
256   5454096
256   5930856
256   5445124
256   5834104
256   5659660
256   5403836
256   6172756
256   6446136
256   6048896
256   5548448
256   5552976
256   6006312
256   5876304
256   6261816
256   5788388
256   5688400
256   6038748
256   5639980
256   5594792
256   6323908
256   5733396
256   5979892
256   5851840
256   5924124
256   5353884
256   5963712
256   5873928
256   5736972
256   5269260
256   5887416
256   5353852
256   6404632
256   6418648
256   6457064
256   6067748
256   6251980
256   6310556
256   6221316
256   6007564
256   5933888
256   5641976
256   5548956
256   5823292
256   5882948
256   5525976
256   5881576
256   5460092
256   6172136
256   5752688
256   5648628
256   5216196
256   5099756
256   6589460
256   5103220
256   6028644
256   5789716
256   5903668
256   6103784
256   5514720
256   5917640
256   6179296
256   6598108
256   6249296
256   6278240
256   5734248
256   6419160
256   6227912
256   5800936
256   5938760
256   5694884
256   5968044
256   6352720
256   5691536
256   5235700
256   5625636
256   5787188
256   4921784
256   5444092
256   5582832
256   5818120
256   5638676
256   5368000
256   5772688
256   5949004
256   5946336
256   5763884
256   5891920
256   6375788
256   5497956
256   5801820
256   6387856
256   5838252
256   5885480
256   6111124
256   5835192
256   6500604
256   6312868
256   5833040
256   5953488
256   5517816
256   6420296
256   6402400
256   5984924
256   5580188
256   6194020
256   6218724
256   6392640
256   5805604
256   6234448
256   6170120
256   6220516
256   5929864
256   5948852
256   5629312
256   5931768
256   5798284
256   5656604
256   5369620
256   5680692
256   6069864
256   5586536
256   5513092
256   5796000
256   5906876
256   5549448
256   5697616
256   5432412
256   5688896
256   5553516
256   6240944
256   6437172
256   6343832
256   6217636
256   6376680
256   6056336
256   6296996
256   6334436
256   6139996
256   5982740
256   6100288
256   6005680
256   5383120
256   6533172
256   5690948
256   5774120
256   5768516
256   4771140
256   5948984
256   5474600
256   6388308
256   5623024
256   5723596
256   5483828
256   6046776
256   5962864
256   5673000
256   5945688
256   6012516
256   6172924
256   6196548
256   5700892
256   5660248
256   5753084
256   6534328
256   6250036
256   5371796
256   5872248
256   5550364
256   5750604
256   5697428
256   6059324
256   6150232
256   6240648
256   6345484
256   6374760
256   5339328
256   5844044
256   5587852
256   5848800
256   5782976
256   5798832
256   6292440
256   6072120
256   6341768
256   6192288
256   5669780
256   5923180
256   5813064
256   5487780
256   6160852
256   6170420
256   5823300
256   5546772
256   5719128
256   5745828
256   5336160
256   5671136
256   6089792
256   5918608
256   6676560
256   5710084
256   5929924
256   5917984
256   5964744
256   6283132
256   6459800
256   6168776
256   6518168
256   6277576
256   5763536
256   6329972
256   5930872
256   5563928
256   5526196
256   5804664
256   5625236
256   6055680
256   5613452
256   6354644
256   5932988
256   5625712
256   5450892
256   5510976
256   5190012
256   5391564
256   5189288
256   5907280
256   5861188
256   5488928
256   6206524
256   5887800
256   5846608
256   6124096
256   5972436
256   6147884
256   6096112
256   6390476
256   5551344
256   5967336
256   6106804
256   5708516
256   5442440
256   5905048
256   5796124
256   6017076
256   6170528
256   6066688
256   6379352
256   5624184
256   5481160
256   5998396
256   5466084
256   5856088
256   5734704
256   5933196
256   6418500
256   6099580
256   6431892
256   6211704
256   5714164
256   5540768
256   6269488
256   6138140
256   5658064
256   5737800
256   6152768
256   5793784
256   5598508
256   5576220
256   6185080
256   6182612
256   5779528
256   5682788
256   6238108
256   6175360
256   6010696
256   6105812
256   5901884
256   5760896
256   6044156
256   5703028
256   5921888
256   6051972
256   5479464
256   5656828
256   6284884
256   5564100
256   5686364
256   6048400
256   5974204
256   6186320
256   6125540
256   5488112
256   6328876
256   5519600
256   6105348
256   5480176
256   5331324
256   6197300
256   6439860
256   5891248
256   6315132
256   5965524
256   6025960
256   5631548
256   6725560
256   6404432
256   6329496
256   6372424
256   6223144
256   5771232
256   6386952
256   5588688
256   5796964
256   5696680
256   5724076
256   6073376
256   5103024
256   5609388
256   5587732
256   5187916
256   6080976
256   5362560
256   5366508
256   6126508
256   5449248
256   5774692
256   5770648
256   6059284
256   5493024
256   6141196
256   6008344
256   6416952
256   6178448
256   6123020
256   5964312
256   5662220
256   5891788
256   5453324
256   5956108
256   6553212
256   5876956
256   5501700
256   5783272
256   5984180
256   5453280
256   5489376
256   5717440
256   6516688
256   5847804
256   6715104
256   6616456
256   5581424
256   6101300
256   6061200
256   5648736
256   5759440
256   6174176
256   6083432
256   6109908
256   5585640
256   5748096
256   5443196
256   5555968
256   5573872
256   5527692
256   5806872
256   5676564
256   5512380
256   5881856
256   5712956
256   6051136
256   6622660
256   5771200
256   6183920
256   5714028
256   6493852
256   6294844
256   6233336
256   6379260
256   5949752
256   5563328
256   6299080
256   6370240
256   6051584
256   6262132
256   5763224
256   5702828
256   5646356
256   5266184
256   5733308
256   6243304
256   5602740
256   5698560
256   5849128
256   5093860
256   5517528
256   5780212
256   6021680
256   5856188
256   6043176
256   6016232
256   6034592
256   5735384
256   5691564
256   5909328
256   5789436
256   6423296
256   5435800
256   5826364
256   5772232
256   5575828
256   6232540
256   5818512
256   5831312
256   6036944
256   5647648
256   5788848
256   6616852
256   6211544
256   5968248
256   5571924
256   6164900
256   5952432
256   5986408
256   5992572
256   5676456
256   5473836
256   5704856
256   6031340
256   5223672
256   5712776
256   5510640
256   6086980
256   5994512
256   6015932
256   6002804
256   5501420
256   5337496
256   5658492
256   5529124
256   6268684
256   6516192
256   5633104
256   6236164
256   6208528
256   5844324
256   6375288
256   5708460
256   6346396
256   6483440
256   6452348
256   5317544
256   6048248
256   5884004
256   5779648
256   5727320
256   6317184
256   5800136
256   5938772
256   6000412
256   5366980
256   6045604
256   5856148
256   5220396
256   5863944
256   5574152
256   5838112
256   5680240
256   5642976
256   5694152
256   5612336
256   5905300
256   5772984
256   5843876
256   5766252
256   5983660
256   5956748
256   5756784
256   6088352
256   6026872
256   5829396
256   5925492
256   5502704
256   5657460
256   5783212
256   5655112
256   6427036
256   6536292
256   5981996
256   5912504
256   5716316
256   6513876
256   6000176
256   5855420
256   5574940
256   5576100
256   5517400
256   6343364
256   5513000
256   5864032
256   5892176
256   5817224
256   6073820
256   5670640
256   6006764
256   5522080
256   5429960
256   5647940
256   5711932
256   5648600
256   5712996
256   5918060
256   6420008
256   5681704
256   6044788
256   5740856
256   5444728
256   6309176
256   6301556
256   5988716
256   6056128
256   5790732
256   6096776
256   6377104
256   5808660
256   6327096
256   5838168
256   6495224
256   5784396
256   6007248
256   5418044
256   5980248
256   5740600
256   5807424
256   5420960
256   6452832
256   5562752
256   5795076
256   5767104
256   5431476
256   5570528
256   5624808
256   6177948
256   5819124
256   5787380
256   6074080
256   6661344
256   6410988
256   6160524
256   5722828
256   6129072
256   6220084
256   5719636
256   5848524
256   6229960
256   5771056
256   5455980
256   5920916
256   5604064
256   6171940
256   6185148
256   6191088
256   5797580
256   5381908
256   5407956
256   6129620
256   5672200
256   6036044
256   5969044
256   5600556
256   5630556
256   5900380
256   5626008
256   5645236
256   6160228
256   5662580
256   6000252
256   5527964
256   6271588
256   5753732
256   6216012
256   5824600
256   5098768
256   5739096
256   6342356
256   6437612
256   6001500
256   5717640
256   6227004
256   5812780
256   5646488
256   6340504
256   6392412
256   6307816
256   6293208
256   6651576
256   5972920
256   5973944
256   5550776
256   5698800
256   5829916
256   5835772
256   6156800
256   6332324
256   6093656
256   5833172
256   5608360
256   5727508
256   5637104
256   5453196
256   5771268
256   5343052
256   5620968
256   5380984
256   5936696
256   5540660
256   6432036
256   5982944
256   6170132
256   6339972
256   6392772
256   6164952
256   6287332
256   6161064
256   6394944
256   6127632
256   6389072
256   5673088
256   5794328
256   5738880
256   6415192
256   5736580
256   5124044
256   5279392
256   5885760
256   5748048
256   5726688
256   5933660
256   6406628
256   5459748
256   5540440
256   5727256
256   5484120
256   6250484
256   5645704
256   5718888
256   6083040
256   5654192
256   6552524
256   5556884
256   6293676
256   6533400
256   5798996
256   6157856
256   5900152
256   5639744
256   6324136
256   5735924
256   6206208
256   6340376
256   6352412
256   5626320
256   5852572
256   6055100
256   5794600
256   6081128
256   5702600
256   5604244
256   6215968
256   5923976
256   6120604
256   6061768
256   5970168
256   5594216
256   5990292
256   5548212
256   5697196
256   5598200
256   6493884
256   5960240
256   5343404
256   5312908
256   6215088
256   5768268
256   5967528
256   6213468
256   5830868
256   5640852
256   5712644
256   6369684
256   6446720
256   5698504
256   5606868
256   5937404
256   6398108
256   6666320
256   6006920
256   6407152
256   5925492
256   5681320
256   6253396
256   5632632
256   5864404
256   5895352
256   5620072
256   5366956
256   5970612
256   5557100
256   5512648
256   5568988
256   5985588
256   5946488
256   5679656
256   6121396
256   6230084
256   5821068
256   6280872
256   5885060
256   6116080
256   6277748
256   5966996
256   6229768
256   5715824
256   5666812
256   6233368
256   5656844
256   6260696
256   6492680
256   5673392
256   6110776
256   5434548
256   6370072
256   5648636
256   5540836
256   4884608
256   5292420
256   6071588
256   5701840
256   6212296
256   5685180
256   6151540
256   6347096
256   5529956
256   5723716
256   5804224
256   5414156
256   6127200
256   5568040
256   5694200
256   5814492
256   5886428
256   5411248
256   5678872
256   5902196
256   6296660
256   5852236
256   5678092
256   5216604
256   5665320
256   5627604
256   5805608
256   5661208
256   5678268
256   6297628
256   5822884
256   5964252
256   6259916
256   5876468
256   6232148
256   6524188
256   5952456
256   6009528
256   6042548
256   5105912
256   5904372
256   5796456
256   5927904
256   5730972
256   6102452
256   5901632
256   5652380
256   5451844
256   5793644
256   5425116
256   5807636
256   5723448
256   5370256
256   6118264
256   6239924
256   6216480
256   5960368
256   6245600
256   5547544
256   5806036
256   6320148
256   6500652
256   6602340
256   6181200
256   6728544
256   5747120
256   5841708
256   5988388
256   6254896
256   5741252
256   6023620
256   6117248
256   5314656
256   5621676
256   5509072
256   5456644
256   5677268
256   5086452
256   5617884
256   5935124
256   6294948
256   5812348
256   6110468
256   6217024
256   5674812
256   6122664
256   6146144
256   5748572
256   6361660
256   6077152
256   6284900
256   5668388
256   5675700
256   5715748
256   6319984
256   6048700
256   6216436
256   5675340
256   6154052
256   5612564
256   5910612
256   5264936
256   5616296
256   5879500
256   6540904
256   5908284
256   6099464
256   5639352
256   5582668
256   6390144
256   5348736
256   5439216
256   5260216
256   5824508
256   5643620
256   5700920
256   5575796
256   5891636
256   5563296
256   5614420
256   6125304
256   6202224
256   5407596
256   6010668
256   5674968
256   5714092
256   5919432
256   6309916
256   6061288
256   6217680
256   6523316
256   6133140
256   6302860
256   6006560
256   6317328
256   5644160
256   6155752
256   6498984
256   6294376
256   5928204
256   5641828
256   5413872
256   5691520
256   5287480
256   6193028
256   5409460
256   6110940
256   5491492
256   5723536
256   5303332
256   5352304
256   5585528
256   5521828
256   5776032
256   5513680
256   5621420
256   5631092
256   5961988
256   5947788
256   5704652
256   6210304
256   5682524
256   6073056
256   5629952
256   6052780
256   5825376
256   6350816
256   5407188
256   5700292
256   5764508
256   6206888
256   6076216
256   6026328
256   6292692
256   6198932
256   6270108
256   6295352
256   5919140
256   5926760
256   5422828
256   5979516
256   6180052
256   6125604
256   5752144
256   5701644
256   5626064
256   5557800
256   5858996
256   5893412
256   5945556
256   6297180
256   5668044
256   5618972
256   5749084
256   6097156
256   5448648
256   5563300
256   5697596
256   6102800
256   6253212
256   6158516
256   5631668
256   6387120
256   5834024
256   6251676
256   6469364
256   5952460
256   6388180
256   6117916
256   5464116
256   5643828
256   6184400
256   6311404
256   6463176
256   6103312
256   6111240
256   5599064
256   6137824
256   5309888
256   5973724
256   5680572
256   5714072
256   5539652
256   6132640
256   5769988
256   5822484
256   5877088
256   5820528
256   5739488
256   6038080
256   5681208
256   6237356
256   6535524
256   6403744
256   5649304
256   6603192
256   6151088
256   5510324
256   5589172
256   5871072
256   6381092
256   6388644
256   5638224
256   5813040
256   5259376
256   5882108
256   6435872
256   5597708
256   5919968
256   6002336
256   5692452
256   6061572
256   5911888
256   6046148
256   5509020
256   6125060
256   6304056
256   6122372
256   5737780
256   6069224
256   5380936
256   5830612
256   5409724
256   5392680
256   6396180
256   5452800
256   5766688
256   5893448
256   5997928
256   6012044
256   5757488
256   5544964
256   6006704
256   5545576
256   6684348
256   6259976
256   6287928
256   5949776
256   6298220
256   5704200
256   5891936
256   7096748
256   5806840
256   5687288
256   5913420
256   5712920
256   5616552
256   5699752
256   6184864
256   5165280
256   5687168
256   5725784
256   5842776
256   6114224
256   5765120
256   5879336
256   6031164
256   4788000
256   5816104
256   6448408
256   6010788
256   6000648
256   6339856
256   5801748
256   6472552
256   5695444
256   6411492
256   6678300
256   6080796
256   6060200
256   5654204
256   5608756
256   5863216
256   5613960
256   6134324
256   6171472
256   5723804
256   5885480
256   5214076
256   5149020
256   5952892
256   5304664
256   5841372
256   5919524
256   5844016
256   5729988
256   6362640
256   5504648
256   6450628
256   5964868
256   5673868
256   6076936
256   5662528
256   6245604
256   6534828
256   5142024
256   5864252
256   5438016
256   5966544
256   6097716
256   5815256
256   6200296
256   6256396
256   5994236
256   5691168
256   5675956
256   5902920
256   5990388
256   6352996
256   6372424
256   5931596
256   6205316
256   5451496
256   5993068
256   6372780
256   5616032
256   5606496
256   5988664
256   5643324
256   6036216
256   5737504
256   5452080
256   5439740
256   5784872
256   6047368
256   5994336
256   5916820
256   6483860
256   5428848
256   5657816
256   5263764
256   6107540
256   6114832
256   6386956
256   6037736
256   5536964
256   6036200
256   5891300
256   5778416
256   6167368
256   5800788
256   6261964
256   6052760
256   5622628
256   6242796
256   6478144
256   4803364
256   5435988
256   5985016
256   6065608
256   5868616
256   5890492
256   5751656
256   5609748
256   5584192
256   5679764
256   5729260
256   5454804
256   5647552
256   5741204
256   6103004
256   5971228
256   5777628
256   5703148
256   5868692
256   5680084
256   5908212
256   5925040
256   6421604
256   5870008
256   5686860
256   6123548
256   5849284
256   5709812
256   6096216
256   6089252
256   6351176
256   5886516
256   5495140
256   6006400
256   6698396
256   6159304
256   5646780
256   5623348
256   5665940
256   6150516
256   5749136
256   5860844
256   5729564
256   5617176
256   5650868
256   5503308
256   5506096
256   5523812
256   5515108
256   6201368
256   4911084
256   5078380
256   6033580
256   5386888
256   6383692
256   6433752
256   5616824
256   5880348
256   5567640
256   5665152
256   6087628
256   5875056
256   6411292
256   6265676
256   6426876
256   5658352
256   6013180
256   5928772
256   6303224
256   5777912
256   5247712
256   5416320
256   5555812
256   6010796
256   5731484
256   5887768
256   5606436
256   6172288
256   5521752
256   5611576
256   5734584
256   5773656
256   5104384
256   5884668
256   5533032
256   5678736
256   6053512
256   6116744
256   5683908
256   6436096
256   6254408
256   5778808
256   6403896
256   5590056
256   5596996
256   6568232
256   6100716
256   6014336
256   5840272
256   6382652
256   5838168
256   6462968
256   6047192
256   5550988
256   6153384
256   5777840
256   6413604
256   5501548
256   5983048
256   5568536
256   5558052
256   5890732
256   5983512
256   6016048
256   5821864
256   5615296
256   6124932
256   5412480
256   5922884
256   5653780
256   5577216
256   5896788
256   5964744
256   4991660
256   5782360
256   5970952
256   5797068
256   6500244
256   5837280
256   5666480
256   5331548
256   6527560
256   6062468
256   5818544
256   6309752
256   6164660
256   6264336
256   5566912
256   5750604
256   6470372
256   6170028
256   5899288
256   5675380
256   5504860
256   5626360
256   5480264
256   6243868
256   5827820
256   5419844
256   5112996
256   4931424
256   5983160
256   5614116
256   5201756
256   5554680
256   5491068
256   5606632
256   6176600
256   6001508
256   6144160
256   6450540
256   6040612
256   6065160
256   6086084
256   5818996
256   6078588
256   6465492
256   5550224
256   5956072
256   6103092
256   5631036
256   5867328
256   5574296
256   5714152
256   6088680
256   5578928
256   5567792
256   6072188
256   5792560
256   5336260
256   6350180
256   5545780
256   5870892
256   5687724
256   6054676
256   5766144
256   5960244
256   5702140
256   5765648
256   5507040
256   6286016
256   6025788
256   5255176
256   6030824
256   6026772
256   5443596
256   5649500
256   5604728
256   5625712
256   6422464
256   5980412
256   5952016
256   5855520
256   4850156
256   5429328
256   5845468
256   5596712
256   6449408
256   6087176
256   6582236
256   6104312
256   6087420
256   5827352
256   6083352
256   5673380
256   6160096
256   5749696
256   5806884
256   6071092
256   5578872
256   5376664
256   5089040
256   6206536
256   5626688
256   6622764
256   5648884
256   6192060
256   5405064
256   5687304
256   5561604
256   5843904
256   5655456
256   5862360
256   6303220
256   6196548
256   6325408
256   6327620
256   5670368
256   6376436
256   6142516
256   5575116
256   5920684
256   6142844
256   6216088
256   6108080
256   5659204
256   5766128
256   5046320
256   5706652
256   5539900
256   5404632
256   5492816
256   5624996
256   5572900
256   5253688
256   6108304
256   5896660
256   5997480
256   6131992
256   6435720
256   6220608
256   5879524
256   5549340
256   5987384
256   5477424
256   6207992
256   6399972
256   6115456
256   6366936
256   5774808
256   6411208
256   5610608
256   5872304
256   5994288
256   6165664
256   6097028
256   6023932
256   6351228
256   6057824
256   5649216
256   6349376
256   5431524
256   5762132
256   6130768
256   5977064
256   6019728
256   6101476
256   5829592
256   5159064
256   5681616
256   5792212
256   5678920
256   5862664
256   5552060
256   5987432
256   5899716
256   5518212
256   5693292
256   6234280
256   5597744
256   6013336
256   6217144
256   5721944
256   5944728
256   5314116
256   5846324
256   5922212
256   6083076
256   5546772
256   5645588
256   6320876
256   5701816
256   6026740
256   5648420
256   5633444
256   6154552
256   5463292
256   6159624
256   5918228
256   6118512
256   6188084
256   5681940
256   5605332
256   5151728
256   6099236
256   5434416
256   5525276
256   5959512
256   5643680
256   5762796
256   5789968
256   5745156
256   5979984
256   5959372
256   6244072
256   6260684
256   6289076
256   5625400
256   6538376
256   5562692
256   6360664
256   5766464
256   6068680
256   6185356
256   5884000
256   5458880
256   5754704
256   6513784
256   5751900
256   5619256
256   5746240
256   5952168
256   5711788
256   5769540
256   5923440
256   5709968
256   5786608
256   6187764
256   6402836
256   5773912
256   5888000
256   6124940
256   5650312
256   5867408
256   5531548
256   5508304
256   5746880
256   5938236
256   5894156
256   6096528
256   5695752
256   5792096
256   6044024
256   5621800
256   6461432
256   5842024
256   5415072
256   6293120
256   6175036
256   5857788
256   6358652
256   6158548
256   6164820
256   5787904
256   6376496
256   6456024
256   5638260
256   6066448
256   5838080
256   5514188
256   5696256
256   5495512
256   5676884
256   5715372
256   5716312
256   5768968
256   5589616
256   5877900
256   6144596
256   5404516
256   5407628
256   5723792
256   5670532
256   5811288
256   6147428
256   5778476
256   6085932
256   6350988
256   5748104
256   6369552
256   6222868
256   6054320
256   6121132
256   6447016
256   6203036
256   5716848
256   6558268
256   6430980
256   5698252
256   6571120
256   5791892
256   5447424
256   5668308
256   5429092
256   5808380
256   4815152
256   4927872
256   6047260
256   6120728
256   5538752
256   6067392
256   6108636
256   5968264
256   5653804
256   6045592
256   5680272
256   6181916
256   5824152
256   5818876
256   5567180
256   5731084
256   6261364
256   6106600
256   6000108
256   6373260
256   5612424
256   6002484
256   6112480
256   5600068
256   5344064
256   5480392
256   5774328
256   5721488
256   6112656
256   6835812
256   5702480
256   6234824
256   5707152
256   5933536
256   5853712
256   5939264
256   5672552
256   6004160
256   6209896
256   5593612
256   5820908
256   5742004
256   5922588
256   5595560
256   5966424
256   5739884
256   5509720
256   5845764
256   5584484
256   5856328
256   4940392
256   5771508
256   6076824
256   6317380
256   6388552
256   6452212
256   5994360
256   6049860
256   6365408
256   6004936
256   5317624
256   6133360
256   6140480
256   6371480
256   6182800
256   5536432
256   5343416
256   5686828
256   6054780
256   5330408
256   5734456
256   6321860
256   5522540
256   5590116
256   5620072
256   5369160
256   5630536
256   5208944
256   5902680
256   6070216
256   6448744
256   6013816
256   6260584
256   5709824
256   5974752
256   6227916
256   5715728
256   5907544
256   5602924
256   6059192
256   6382572
256   6213032
256   5828468
256   5277380
256   6008880
256   5580260
256   5522380
256   6437628
256   5502680
256   6612008
256   6450772
256   5827456
256   5975420
256   5759960
256   5560612
256   6146128
256   6130768
256   6080320
256   5774808
256   6051728
256   5704096
256   6226052
256   5833528
256   5624276
256   5283040
256   5858432
256   6245020
256   5568716
256   5574024
256   5597132
256   5557716
256   5815936
256   5937548
256   5404340
256   6064024
256   5709260
256   5834152
256   6224404
256   6217052
256   6646904
256   6222904
256   5949576
256   6390612
256   6395704
256   6024728
256   5483144
256   5516596
256   6227600
256   5724324
256   5912000
256   5763500
256   5711384
256   5834888
256   5753052
256   5237176
256   6166176
256   5692668
256   5537736
256   5741768
256   5372628
256   5952308
256   5641444
256   5699928
256   6118980
256   6276300
256   5717512
256   5893024
256   6243252
256   5916216
256   6002200
256   5477072
256   5785688
256   5448500
256   6091096
256   6274652
256   5630488
256   5890776
256   5853360
256   6374540
256   6470476
256   5857820
256   5695520
256   6179608
256   5748296
256   6116732
256   5715852
256   5607980
256   6376292
256   5697536
256   5741944
256   6228332
256   6101392
256   5829748
256   5764716
256   5939792
256   5609828
256   5596192
256   5808180
256   5655960
256   5805308
256   5833340
256   5438960
256   5838732
256   5569788
256   5740500
256   5718640
256   5396916
256   6136320
256   6561444
256   6192848
256   5435624
256   5876252
256   5662484
256   5937220
256   5798376
256   6619424
256   5895608
256   6049916
256   5920452
256   6124196
256   5168500
256   6328704
256   5724216
256   5193080
256   5653612
256   6498808
256   5605404
256   5650600
256   6376816
256   5755428
256   5490696
256   5878464
256   5249876
256   6527356
256   5448212
256   6240940
256   5936928
256   6232468
256   5976456
256   6220456
256   6160932
256   6247700
256   5747500
256   6463740
256   6471748
256   6013548
256   6352644
256   5927072
256   5690612
256   6235620
256   6296960
256   5433924
256   6053048
256   5452568
256   6044488
256   5669104
256   5699888
256   5848608
256   6000796
256   5900352
256   6258656
256   6224716
256   6054580
256   5698052
256   5762024
256   5867564
256   5917708
256   5635992
256   5666560
256   5519828
256   5450328
256   5514748
256   5964380
256   5300464
256   6087228
256   6106508
256   5486944
256   6086880
256   5540840
256   5989264
256   5598300
256   5846212
256   6144540
256   6377576
256   6278188
256   6342500
256   5709884
256   6046172
256   5476912
256   5814296
256   5686156
256   5379560
256   6166692
256   6210452
256   5732784
256   5729240
256   5813156
256   6183812
256   5622648
256   5344084
256   5380248
256   5776988
256   5169428
256   6535400
256   5629508
256   5406840
256   5953944
256   5979440
256   6037524
256   6396384
256   6182128
256   5432836
256   5749908
256   5456064
256   5842976
256   5945032
256   5623400
256   6016488
256   5948440
256   6397748
256   5829352
256   6141940
256   5466472
256   5270424
256   5363336
256   6362748
256   6352836
256   5519624
256   5815692
256   5534996
256   5537512
256   5501296
256   5857164
256   5913820
256   5862080
256   6164256
256   5930116
256   6338944
256   5672716
256   6276084
256   5853912
256   6019232
256   6431508
256   5824004
256   5904836
256   6019028
256   5428880
256   6421552
256   5328676
256   6139916
256   6522456
256   5907980
256   5706848
256   6387304
256   5285740
256   6400972
256   5621560
256   5669792
256   5622824
256   5602872
256   5949420
256   5627120
256   6027808
256   6258184
256   5656012
256   5551816
256   5473308
256   5794284
256   5669816
256   5965004
256   6014488
256   6194724
256   6142056
256   5421076
256   6059976
256   6190180
256   5644952
256   6419344
256   6033224
256   5962104
256   6217264
256   5830452
256   5525228
256   6004884
256   6208668
256   6270740
256   6022656
256   6559336
256   5392012
256   5813388
256   5776048
256   5683660
256   5050016
256   5771760
256   6188216
256   6428540
256   5663116
256   5440120
256   5670716
256   5918308
256   5153836
256   5563568
256   5430144
256   5729676
256   6081292
256   5997996
256   6020020
256   6028236
256   5838616
256   5570560
256   6357516
256   5627208
256   6427136
256   5694864
256   5860872
256   5902520
256   6188176
256   5871868
256   6014776
256   5462820
256   6337568
256   6179912
256   6758356
256   5839844
256   5454772
256   5334596
256   5633072
256   5739896
256   5713460
256   5754644
256   6147740
256   5844496
256   6322296
256   6179780
256   5787096
256   6686668
256   6159376
256   5642000
256   5641428
256   5713936
256   6192476
256   5529652
256   5448412
256   5846572
256   5712204
256   6180744
256   5927372
256   5598336
256   5656424
256   5858872
256   5486016
256   5504436
256   6268124
256   6263092
256   5806692
256   5829416
256   5864084
256   5449520
256   6417480
256   5824632
256   6224160
256   6148608
256   5877772
256   6437776
256   5964924
256   6035952
256   5821476
256   5648228
256   5838888
256   5619636
256   6459724
256   6085064
256   5617652
256   5608764
256   6081212
256   5297192
256   5877184
256   5188552
256   6386956
256   5897176
256   6084552
256   6290964
256   5466152
256   6043396
256   5838100
256   5768208
256   5465472
256   6221924
256   5799048
256   5842152
256   5946652
256   5704408
256   5916664
256   5669484
256   5901384
256   6150684
256   5601128
256   6078884
256   5390972
256   5275892
256   5441232
256   5672756
256   6113948
256   6044244
256   6046852
256   5720392
256   5882576
256   5634544
256   5672708
256   5570024
256   5616876
256   5732284
256   5893744
256   6190532
256   5498872
256   6402052
256   5750008
256   5704476
256   5705596
256   5796980
256   5713408
256   5772556
256   6135104
256   5376356
256   5471364
256   5960640
256   5667952
256   6029988
256   6261844
256   5923284
256   5861052
256   5884892
256   5846964
256   5559872
256   5706008
256   5509584
256   6079488
256   6083480
256   5946524
256   5535624
256   5431808
256   6335788
256   4967316
256   5665984
256   6364176
256   5928588
256   5789900
256   5578364
256   5541932
256   5430432
256   5663056
256   5940412
256   6198520
256   5783792
256   6203592
256   5948788
256   5803168
256   5967216
256   5793284
256   6009280
256   5788440
256   5665132
256   5829500
256   6464440
256   6228924
256   5854276
256   5568448
256   5710048
256   6086876
256   5579788
256   5153700
256   5796704
256   5727620
256   5615556
256   5555040
256   5576080
256   5600436
256   6247796
256   5435360
256   5544728
256   6082764
256   5845100
256   6237360
256   6123560
256   5278020
256   6022364
256   5796792
256   5802248
256   6194376
256   6093236
256   6220044
256   5756908
256   5283312
256   5791380
256   6458816
256   5780552
256   5458644
256   6084836
256   5127364
256   5609684
256   5942656
256   5601720
256   5679660
256   5472872
256   5959224
256   5979764
256   6220032
256   5659324
256   6060328
256   6171672
256   5264788
256   5612024
256   5525544
256   5927988
256   5475776
256   6245892
256   5707884
256   5482008
256   5513720
256   5438668
256   6161048
256   6205168
256   6353256
256   5602276
256   5918836
256   5479668
256   5794884
256   6191112
256   5879556
256   5935108
256   5430080
256   6550236
256   5745912
256   6049716
256   6407600
256   6219868
256   6276880
256   6006800
256   6026828
256   6264068
256   5519328
256   5603040
256   5981692
256   5478484
256   5144596
256   5673104
256   5534320
256   5257604
256   5800856
256   6016120
256   6150932
256   5831352
256   5557980
256   6328520
256   5578216
256   6013048
256   5703172
256   6309040
256   5634708
256   5879524
256   6014072
256   5909096
256   6290556
256   5460536
256   5709856
256   6541624
256   5286416
256   6106592
256   6495324
256   6069160
256   5896280
256   5565384
256   6137264
256   5652368
256   6151004
256   5587696
256   6105996
256   5558648
256   5851160
256   6412680
256   6173652
256   5608288
256   6492000
256   5743708
256   5998168
256   6186888
256   5609892
256   5865108
256   6253224
256   5656856
256   5570432
256   6138368
256   6120196
256   5640668
256   5899552
256   5614284
256   5884824
256   5601948
256   5538988
256   5870952
256   6135808
256   6012308
256   6428932
256   6279244
256   6518116
256   6381772
256   6034496
256   6513384
256   5410156
256   5002212
256   6501084
256   5490964
256   5706048
256   5494788
256   5793524
256   5712380
256   5992472
256   5559628
256   5397180
256   5612296
256   6148156
256   5561808
256   6023932
256   5830676
256   5697892
256   5705976
256   6374008
256   6194760
256   6221912
256   6186548
256   6398648
256   5904276
256   6261004
256   6220332
256   6279584
256   6000780
256   5489888
256   6261580
256   6250676
256   5599588
256   5705428
256   6278320
256   5792068
256   5733924
256   5051456
256   5576956
256   5738740
256   5714264
256   6203808
256   5871172
256   6029276
256   5658528
256   5597148
256   6046680
256   6220456
256   6413080
256   5726152
256   5984304
256   5993012
256   6171620
256   5994384
256   6135292
256   6032332
256   5463100
256   6222056
256   5966052
256   5956312
256   6227628
256   5744304
256   5499056
256   5765464
256   5665188
256   5676704
256   6421420
256   6552416
256   5985012
256   6561444
256   5710980
256   6165192
256   5917932
256   5476044
256   6256008
256   6039532
256   6174444
256   5810180
256   6333216
256   5524152
256   6153572
256   5687688
256   5602448
256   5145656
256   5942256
256   5618248
256   5206396
256   5507224
256   5791968
256   5619644
256   5938576
256   5818488
256   5572152
256   6036304
256   6425624
256   6108532
256   6275524
256   5931760
256   5550508
256   5653904
256   6063104
256   5827364
256   6148912
256   6218584
256   5320032
256   5959288
256   5736960
256   6150524
256   4884520
256   5662032
256   5839560
256   5957008
256   5419212
256   5265092
256   5867104
256   5781588
256   5765140
256   6205024
256   6100916
256   6204236
256   6081148
256   5932572
256   5526500
256   6469296
256   5918400
256   5620508
256   6370240
256   6354912
256   5660200
256   5409820
256   6108200
256   5640488
256   5823708
256   5769256
256   5844452
256   5235044
256   6533156
256   5738788
256   6052928
256   5900336
256   5626200
256   6343164
256   5805492
256   6094288
256   6307228
256   5738404
256   6343948
256   5531296
256   5375916
256   5469552
256   5496104
256   5747964
256   5390768
256   5930920
256   5908424
256   5683976
256   5894376
256   4990360
256   5565852
256   5402920
256   6639464
256   5835500
256   5763528
256   6157488
256   6132540
256   6242192
256   5858232
256   6457488
256   6502028
256   5786380
256   6261544
256   6473720
256   5792392
256   6113436
256   5834020
256   5632472
256   5679836
256   5596524
256   6259188
256   5271196
256   5671340
256   5665376
256   5495756
256   5390232
256   5089696
256   5914808
256   5696948
256   6519960
256   6137396
256   6034360
256   5975164
256   6058060
256   5621536
256   5977768
256   6193928
256   6363860
256   6122036
256   6116668
256   5720600
256   5676688
256   6117832
256   6370892
256   6431432
256   6189608
256   5672500
256   5597356
256   5655924
256   5767712
256   5842320
256   5873552
256   5701480
256   5701976
256   5847296
256   5848716
256   5771472
256   5933424
256   6148512
256   5648188
256   5609300
256   5638004
256   5931148
256   6340732
256   6124916
256   5878292
256   5556464
256   5200220
256   6452500
256   5789816
256   5964036
256   5549932
256   6134444
256   6111672
256   5563560
256   6174916
256   6075200
256   5643668
256   6001660
256   6076172
256   6776296
256   6087420
256   6991160
256   5483220
256   6192188
256   5866364
256   5528664
256   6039192
256   5815604
256   5647096
256   5649688
256   5642072
256   5271408
256   5544648
256   5330124
256   6001076
256   5642640
256   5770308
256   5493408
256   5391280
256   6168712
256   5547740
256   5974020
256   6511496
256   6098532
256   5726720
256   5976436
256   5851944
256   6200696
256   5759828
256   6384332
256   5843064
256   6304524
256   6103016
256   5572956
256   5621368
256   5800676
256   5590616
256   5571884
256   5783784
256   5722252
256   6086472
256   6222864
256   5886692
256   5786116
256   5175336
256   5756540
256   5818464
256   6221896
256   5878092
256   6212272
256   6025620
256   5667104
256   5787872
256   6251480
256   6013236
256   5629644
256   5956884
256   5974048
256   6200800
256   5853408
256   5949652
256   5952296
256   5809324
256   5608072
256   6376364
256   6290524
256   5979096
256   6263776
256   6171440
256   5521324
256   5687420
256   5740252
256   6519212
256   6722524
256   6382740
256   6090524
256   5878808
256   5871748
256   5878196
256   5607056
256   5725560
256   6366140
256   6029040
256   5961744
256   5633084
256   5498424
256   5597904
256   5694640
256   6331280
256   5191552
256   5715136
256   5729984
256   5510836
256   5863976
256   6076268
256   6240424
256   5922476
256   7105920
256   5641244
256   6484796
256   5794888
256   6097960
256   6460680
256   6393980
256   6086748
256   5918764
256   6027380
256   6639044
256   6258900
256   5397432
256   6420220
256   6020372
256   5828144
256   5788840
256   5248032
256   5785144
256   5966544
256   5559964
256   5923896
256   4013524

