3   246096
256   7539692
256   7504296
256   7502444
253   7416684
256   7522396
256   7492808
256   7504344
256   7509296
256   7506752
256   7511272
256   7496436
256   7511932
256   7520964
256   7500252
256   7513060
256   7495124
256   7516324
256   7495608
256   7421972
256   7515016
256   7499320
256   7431340
256   7513704
256   7497488
256   7501624
256   7410076
256   7507488
256   7328568
256   6174180
256   5919808
256   6369976
256   5705492
256   6572040
256   6399604
256   6241360
256   5920116
256   6297964
256   5771388
256   5411184
256   6048180
256   5812112
256   6377860
256   6401316
256   5573800
256   5331160
256   5558576
256   6378936
256   5896400
256   5826260
256   6094236
256   6030852
256   5800904
256   6036668
256   6048696
256   5758936
256   6178556
256   6137616
256   5980772
256   6339040
256   5633020
256   6019348
256   5519280
256   6492604
256   6214652
256   5686508
256   6193528
256   5435492
256   5327024
256   5794128
256   6310164
256   6038492
256   6249532
256   6146692
256   5740188
256   5973272
256   5864284
256   6155812
256   5847792
256   6184808
256   6151208
256   6038188
256   6249224
256   5912636
256   5943536
256   5744448
256   5651616
256   5594204
256   5994284
256   6123552
256   5846244
256   5705576
256   6274400
256   6180224
256   5536588
256   6065680
256   6254036
256   6365076
256   6503540
256   6123404
256   6109768
256   6437020
256   6381116
256   6024528
256   6636180
256   6203988
256   6476752
256   5900764
256   6115028
256   6402268
256   5672188
256   6094208
256   6035724
256   6106876
256   6171360
256   5205356
256   5609348
256   5660424
256   5706444
256   5712240
256   5960648
256   6295832
256   5599000
256   6213752
256   6263680
256   5519672
256   5824332
256   5602140
256   6468468
256   6231388
256   5689432
256   5930588
256   6472816
256   5666992
256   5710916
256   5725136
256   5968280
256   6089972
256   6005972
256   5421508
256   5839208
256   6380336
256   6718164
256   5887664
256   6539400
256   6387888
256   6484340
256   5970448
256   5482932
256   6403284
256   5588120
256   5871388
256   6032384
256   5387592
256   5556152
256   6232544
256   5885592
256   5919276
256   6000244
256   5650612
256   5882248
256   5420196
256   5429792
256   6274932
256   5574872
256   5501408
256   5459628
256   6505448
256   5639928
256   6205776
256   6410156
256   6006832
256   5826812
256   5844252
256   5595848
256   5719320
256   5663280
256   5931008
256   6411932
256   6735600
256   6557172
256   6192160
256   5807652
256   5812788
256   5421056
256   5758680
256   5538484
256   5387632
256   5477368
256   5698420
256   5955448
256   5435476
256   5851132
256   6144124
256   6044488
256   6364144
256   6419760
256   5612064
256   6141484
256   5796596
256   5745236
256   5727648
256   5519876
256   5876248
256   6473340
256   5761784
256   5325212
256   5734388
256   6247128
256   6346544
256   6035276
256   6019996
256   6274912
256   6429408
256   6363608
256   6060720
256   6290012
256   6348812
256   6485760
256   6136788
256   6047776
256   5663156
256   5671068
256   5856976
256   5914212
256   6475348
256   5828340
256   5775516
256   5982800
256   5964844
256   5651396
256   5756576
256   5766692
256   5427032
256   4944724
256   5378400
256   6236584
256   5976400
256   6269032
256   6250236
256   5823444
256   5751352
256   5932400
256   6275764
256   6524136
256   6253504
256   5885696
256   6439564
256   5822828
256   5997972
256   5781924
256   5954924
256   5864524
256   6094664
256   6372760
256   6389256
256   5845076
256   5576000
256   5435624
256   5580132
256   5858496
256   5427032
256   6085656
256   5850112
256   6312004
256   5993168
256   6097340
256   6272368
256   5999080
256   5678104
256   6242992
256   5851116
256   6024432
256   5758988
256   5910784
256   6032068
256   5848816
256   5631424
256   5372436
256   6200116
256   6025384
256   5969596
256   5415904
256   5690388
256   5828428
256   6313608
256   5931960
256   6040852
256   6592636
256   6333848
256   5591380
256   5724920
256   6417860
256   5372392
256   6080604
256   5790604
256   5755292
256   6272576
256   5725380
256   5602032
256   5626164
256   5340976
256   5332396
256   5436152
256   6111036
256   6369748
256   6088492
256   5593780
256   5891804
256   5986776
256   6196604
256   6488604
256   6220648
256   5510952
256   5867076
256   5911372
256   5558136
256   5354876
256   5983912
256   5923136
256   5904508
256   5708280
256   5407528
256   5771288
256   6471068
256   6269692
256   6343512
256   5453680
256   6497528
256   6344748
256   6353148
256   5770800
256   5594372
256   5751336
256   6121236
256   5646364
256   5916900
256   6258196
256   5881336
256   6168356
256   5597076
256   5719124
256   6202264
256   5771980
256   5798208
256   5735612
256   5843900
256   6188080
256   5416032
256   5881440
256   5448652
256   5489184
256   5929212
256   6349848
256   5723520
256   5660048
256   5875860
256   6472928
256   6279388
256   5435652
256   6316012
256   6690400
256   5278148
256   6513712
256   6654364
256   5435692
256   6340952
256   5900944
256   5475384
256   5606756
256   5812212
256   5453104
256   5604180
256   5979636
256   5942196
256   5157324
256   5625904
256   5536996
256   6421624
256   6069184
256   5651624
256   6078436
256   5923848
256   6212208
256   6241084
256   5539108
256   6352752
256   6266164
256   6438448
256   5807392
256   6321152
256   5876924
256   6353212
256   5713876
256   5537196
256   5849788
256   6217068
256   6113024
256   5490396
256   5489776
256   5610872
256   5969740
256   6250800
256   5372272
256   5858292
256   6233264
256   7135972
256   6110288
256   5849948
256   6101792
256   5711924
256   6250660
256   6297704
256   6150400
256   6093876
256   5479904
256   6330996
256   5612660
256   6055900
256   6240444
256   6080684
256   5821808
256   5733188
256   6268960
256   5742084
256   6250708
256   6418368
256   5942508
256   5662144
256   5679488
256   5315360
256   5739104
256   5883632
256   5885780
256   6362124
256   5909896
256   6118768
256   6118072
256   6667732
256   6342332
256   6357656
256   6371900
256   6479164
256   6437684
256   5941184
256   5435888
256   6043756
256   5798228
256   6446964
256   5841988
256   5824772
256   6478756
256   5829412
256   5093700
256   6366800
256   5399252
256   5927136
256   5995272
256   6161864
256   5967564
256   6204624
256   5794832
256   6215088
256   5699980
256   5589484
256   5814624
256   5967344
256   5777804
256   6256312
256   5818796
256   5565004
256   5773200
256   5684668
256   6359608
256   5743812
256   5778012
256   6083384
256   6191144
256   6306824
256   6285020
256   5676172
256   5855232
256   5826028
256   5922440
256   5651448
256   5822404
256   5987476
256   5709056
256   5627560
256   6505096
256   6261368
256   5778572
256   6135904
256   5509616
256   6210860
256   5817740
256   6098516
256   5602312
256   5968732
256   5762600
256   6530028
256   5677920
256   6087776
256   5412800
256   6301892
256   6369400
256   6403516
256   6414844
256   6045600
256   6349012
256   5972376
256   5594068
256   5597256
256   5901456
256   5602784
256   6130000
256   5849336
256   6059700
256   5758944
256   5734620
256   5699148
256   5362252
256   5282272
256   5301044
256   6122720
256   5852316
256   5843916
256   6099536
256   5636604
256   5665256
256   5787600
256   5620688
256   5715824
256   6140076
256   5810880
256   5766980
256   5877792
256   6165092
256   6152044
256   5486352
256   5786976
256   6315184
256   5898736
256   6260152
256   6453780
256   5385484
256   6504884
256   5818372
256   5498140
256   6586084
256   6287240
256   5989216
256   6599688
256   6096640
256   6578736
256   6147852
256   6393116
256   6217212
256   5892740
256   5927400
256   6397336
256   5607892
256   5481544
256   5396224
256   5691820
256   5388864
256   6095964
256   5824848
256   5562596
256   6047900
256   5684908
256   5696700
256   5792844
256   6168964
256   5731392
256   6175112
256   6200636
256   5943016
256   6197344
256   6284676
256   5799524
256   5543076
256   5876776
256   6404708
256   5946644
256   6448988
256   5576508
256   6100640
256   6050844
256   6067932
256   5516728
256   5667948
256   6050664
256   5904456
256   5302040
256   5611944
256   5909244
256   5392272
256   5028472
256   5865776
256   6249388
256   5603608
256   6365504
256   6132748
256   5617952
256   5422648
256   6273776
256   6061736
256   6128416
256   6045816
256   6110364
256   5798176
256   6318060
256   6051824
256   5595744
256   5974888
256   6338868
256   5744388
256   5726576
256   6258728
256   5730872
256   5814996
256   5810656
256   5968844
256   6223772
256   5885940
256   5744516
256   6233092
256   5781132
256   6381632
256   5622036
256   5688252
256   5703920
256   6331928
256   5937784
256   5378476
256   5706396
256   5380936
256   5451408
256   5904596
256   5334052
256   5375536
256   6193260
256   5917172
256   6294840
256   5443852
256   5930468
256   5892932
256   6201020
256   5406380
256   6759028
256   6513968
256   6419712
256   5921632
256   5969424
256   6041272
256   5454900
256   5773280
256   6525144
256   6001544
256   6876252
256   5623208
256   6385772
256   5185316
256   5067028
256   5702732
256   5087788
256   6113444
256   5942488
256   5596972
256   6014172
256   5624516
256   5736908
256   5332584
256   5731828
256   6025720
256   6405404
256   6642440
256   6357332
256   6050016
256   5748800
256   5571196
256   5781656
256   5760872
256   6546708
256   5572280
256   5664016
256   6528004
256   5723424
256   5854340
256   6002732
256   6010584
256   6011208
256   6550764
256   6464120
256   5711020
256   6562052
256   5880528
256   6391812
256   5791720
256   5675860
256   6110096
256   6329400
256   6096944
256   5987920
256   4978752
256   6172176
256   5617968
256   5535700
256   5887924
256   6061648
256   5480864
256   5527052
256   5791804
256   5667420
256   5442780
256   5584100
256   5733744
256   5908828
256   6302984
256   6415244
256   5768352
256   6518764
256   5708940
256   5506948
256   6723488
256   5916396
256   6433748
256   6078528
256   5630576
256   6241696
256   5578320
256   5985460
256   5902676
256   5998760
256   5887760
256   5646440
256   6070908
256   5323292
256   5892116
256   6277420
256   5655168
256   5618768
256   5685572
256   5956504
256   5993632
256   5802640
256   5625668
256   6424600
256   6324660
256   6124564
256   5765924
256   6051568
256   6092860
256   6052948
256   5864444
256   6003652
256   5865804
256   6160208
256   5669900
256   5926428
256   5548488
256   5924056
256   5642864
256   5856408
256   6141196
256   5727340
256   6300028
256   6713676
256   6407904
256   6312412
256   6296796
256   5844276
256   5701596
256   5282800
256   5974596
256   5806484
256   5758304
256   6144076
256   5749324
256   6461896
256   5481140
256   5373000
256   5718960
256   5385840
256   6089004
256   6240548
256   5416484
256   6420848
256   5556668
256   5736252
256   5993680
256   5924996
256   6366852
256   6624484
256   6077544
256   6518052
256   5674616
256   6124192
256   5458856
256   6348200
256   5989636
256   6297056
256   6507568
256   5887488
256   5268380
256   6246028
256   5804204
256   5346432
256   5429616
256   5336992
256   6145500
256   5817524
256   5643068
256   6487696
256   5663472
256   5639436
256   6236700
256   5921848
256   5707556
256   6030736
256   5860736
256   5706432
256   5608868
256   6135276
256   5388032
256   5776632
256   6223364
256   6565712
256   5814132
256   5728228
256   5540188
256   5754028
256   5564092
256   5372384
256   6623908
256   6354428
256   5936916
256   5669184
256   5654068
256   6437508
256   6603648
256   6277232
256   6237004
256   6169180
256   6243812
256   6027084
256   5552604
256   5765136
256   5986532
256   5479736
256   5901604
256   6444808
256   5776244
256   5921776
256   6119584
256   5875884
256   5512888
256   6024016
256   5544588
256   5646584
256   5887880
256   6895676
256   5714684
256   5884808
256   5838828
256   6092040
256   6141276
256   6068048
256   5839984
256   6368456
256   6083232
256   5532104
256   5855632
256   6320752
256   6302836
256   5913028
256   6231444
256   5866416
256   6001528
256   6045528
256   5420240
256   5552196
256   5730104
256   5585036
256   5997612
256   5307472
256   5806428
256   5806000
256   6449396
256   5925488
256   5276800
256   6384144
256   5522880
256   5795756
256   5782000
256   6052752
256   6293088
256   6013576
256   5620900
256   5768948
256   5839548
256   5731296
256   6081692
256   5846100
256   5703508
256   5620508
256   6308076
256   5891212
256   6471968
256   5627544
256   6465924
256   5559092
256   6468444
256   5788712
256   5599516
256   6490452
256   5780172
256   5951948
256   5692820
256   5867824
256   5456500
256   6277364
256   6030240
256   5539696
256   5529952
256   5939328
256   5717964
256   5743616
256   5902736
256   5848384
256   6268572
256   5572964
256   6257172
256   5839864
256   5784696
256   5452188
256   5772716
256   5558932
256   6222708
256   6493288
256   5958700
256   6101288
256   6258864
256   5619012
256   5552704
256   6346200
256   6327484
256   6345100
256   5519500
256   6291708
256   5751296
256   5854408
256   5496672
256   6196340
256   6089088
256   6114612
256   5566444
256   5531780
256   5617872
256   5344288
256   5963908
256   6169116
256   6070940
256   6083320
256   5679580
256   6303224
256   6166916
256   6287140
256   5441884
256   6385508
256   6153264
256   6226864
256   5629428
256   5494020
256   5570960
256   5588652
256   5660844
256   5674652
256   5766344
256   6249908
256   5603896
256   6317076
256   5689380
256   6040364
256   6367036
256   5720816
256   5838108
256   5552024
256   6406008
256   6178644
256   5797744
256   5456748
256   6136480
256   6278964
256   5489280
256   6135568
256   5608232
256   5775020
256   5100244
256   5718424
256   5851420
256   5264680
256   5607620
256   6384448
256   6160768
256   5961544
256   5516984
256   5946460
256   5578604
256   5833792
256   6066696
256   6074228
256   5868720
256   6248112
256   6182504
256   6155908
256   6025340
256   6192224
256   5563996
256   6129860
256   5878840
256   6456648
256   5639232
256   5903036
256   5826420
256   5703244
256   6415308
256   6265928
256   6023224
256   5923976
256   6424012
256   6356720
256   5487712
256   6073720
256   6018256
256   5732976
256   5605708
256   6309728
256   6240420
256   6367964
256   5273740
256   5894520
256   5834772
256   6215180
256   5792124
256   6254100
256   6560120
256   6328004
256   6242368
256   5477120
256   6069320
256   5769940
256   5204820
256   5657172
256   6134592
256   5544676
256   6746708
256   6266332
256   6353512
256   5947944
256   5987080
256   5953696
256   6480172
256   6115880
256   5867996
256   6209788
256   5638220
256   5419544
256   5831300
256   5446644
256   5191848
256   6092100
256   5676852
256   5482176
256   5738256
256   5552480
256   5706060
256   6085300
256   5561248
256   5816656
256   6111844
256   6010880
256   5820220
256   5608432
256   6388472
256   5690520
256   6584076
256   5810864
256   6374348
256   6024904
256   6380312
256   5865756
256   6065576
256   5635876
256   7230344
256   6352516
256   5726212
256   5892776
256   5613008
256   5902108
256   5311264
256   5847620
256   5480396
256   5716876
256   6256176
256   5335160
256   5974232
256   6297012
256   5604516
256   5894132
256   5719364
256   5704344
256   5484220
256   5816784
256   5770252
256   6394816
256   5831748
256   5947676
256   5246392
256   5768344
256   5528820
256   6582644
256   6481912
256   6421748
256   5848324
256   5655824
256   5878020
256   6147728
256   6148528
256   5858336
256   5882640
256   6231144
256   6566688
256   5609940
256   5986080
256   6575776
256   5769264
256   6055464
256   6222024
256   6038548
256   5431288
256   6112308
256   5957388
256   6222192
256   5434836
256   5566228
256   5686348
256   5665412
256   5536508
256   5004076
256   6334784
256   5556336
256   5722868
256   6004216
256   6042312
256   5664560
256   6095668
256   6659424
256   6367540
256   5609876
256   6182992
256   5883240
256   5862400
256   6460092
256   5734860
256   6360700
256   5673180
256   6289684
256   5654440
256   6279888
256   6105772
256   5421112
256   5759288
256   5308296
256   6398684
256   6364320
256   5697552
256   6189016
256   5643200
256   5799544
256   5535004
256   5698816
256   6383980
256   6047280
256   5714576
256   6482620
256   5635720
256   6143576
256   5329732
256   5654312
256   5725332
256   5579580
256   6552080
256   5664300
256   6232660
256   5679304
256   6504708
256   5723760
256   6029012
256   6372608
256   6278172
256   6374588
256   5665324
256   5913468
256   5624696
256   5865232
256   6303540
256   6221944
256   5630452
256   6297760
256   5893524
256   5500652
256   5335704
256   5624764
256   5574748
256   5382752
256   5992260
256   5709108
256   5484596
256   5652364
256   5429848
256   5853540
256   5531444
256   5993592
256   6014176
256   6040620
256   6251060
256   5937048
256   6030728
256   6200960
256   6374792
256   6267020
256   6382872
256   6252992
256   6228280
256   5851188
256   5594492
256   5892820
256   5663596
256   6246468
256   5690980
256   5784128
256   5816880
256   6404452
256   5908528
256   5698848
256   5747420
256   5526452
256   5720132
256   5724276
256   6456964
256   5871148
256   5972584
256   5523952
256   5808708
256   5989632
256   5533420
256   6518192
256   6139636
256   6016964
256   5870828
256   6378348
256   5759248
256   6021976
256   5458244
256   5937552
256   5602880
256   6487092
256   6508680
256   6389008
256   5975316
256   5834580
256   5716200
256   6374404
256   6401152
256   6567092
256   5702684
256   6832628
256   6376772
256   5503912
256   6347840
256   5784428
256   6613376
256   6057424
256   5141756
256   5217764
256   5628596
256   5580184
256   5982112
256   5677900
256   5465008
256   5260676
256   5774220
256   6098232
256   5790512
256   5994972
256   5903752
256   5831024
256   6035288
256   6414428
256   6007044
256   5441244
256   5641728
256   6060108
256   5605352
256   5835552
256   5800876
256   6246496
256   6018856
256   5550412
256   5976480
256   6176468
256   6482400
256   5229804
256   5582784
256   6108940
256   5429640
256   6141096
256   6354624
256   6247352
256   5671152
256   5814904
256   5508972
256   6374596
256   5772720
256   6028648
256   6016464
256   5746884
256   5987824
256   5418364
256   6201116
256   5599040
256   5593104
256   5827408
256   6239080
256   6094420
256   5595080
256   5459036
256   5405328
256   5917940
256   5527484
256   6216340
256   6020952
256   6501124
256   5849748
256   5587044
256   6235020
256   6281948
256   6482556
256   6336720
256   5884376
256   6485540
256   6478956
256   6531060
256   5897356
256   6233452
256   5596700
256   5822456
256   5644372
256   5724096
256   5864056
256   5616184
256   5371484
256   6153268
256   5543096
256   5361152
256   5694012
256   5478448
256   5929424
256   6119120
256   6239772
256   6428816
256   6206208
256   6258696
256   5988592
256   5693460
256   6064208
256   6220520
256   5760060
256   6589396
256   6309352
256   5858604
256   6434828
256   5607724
256   6320296
256   6104000
256   5790292
256   6422756
256   5864668
256   5759836
256   5607728
256   5869176
256   5582492
256   6463128
256   5675616
256   5733040
256   6276296
256   5778192
256   6015256
256   5732616
256   5812196
256   6209344
256   6450164
256   5824084
256   5942896
256   5593720
256   5676004
256   6023868
256   5884460
256   5862640
256   6387672
256   5717540
256   6284676
256   5719260
256   5902980
256   5450456
256   6283220
256   5946064
256   5445944
256   6298412
256   6045608
256   5573108
256   6137244
256   5727904
256   5726160
256   6674200
256   5744660
256   6413016
256   5907088
256   5663552
256   5943084
256   5707496
256   5902404
256   5062020
256   5635024
256   5877852
256   5928748
256   5496744
256   5590932
256   5604712
256   6129376
256   5623516
256   6076348
256   6026712
256   6341508
256   5834560
256   5771400
256   5905208
256   6173612
256   6358712
256   5851152
256   6142828
256   6172600
256   6417360
256   6257280
256   6069280
256   6242764
256   5949812
256   6110392
256   6356852
256   5865516
256   5794216
256   5802232
256   6554176
256   6380828
256   5448540
256   6005792
256   5858316
256   6361656
256   5694600
256   6302876
256   6037760
256   6406576
256   5923468
256   5387928
256   5991172
256   5683104
256   5648512
256   5688432
256   5622316
256   5656560
256   6394156
256   5492716
256   5884264
256   5954412
256   5579400
256   6187488
256   5608436
256   5904912
256   5763948
256   6393096
256   6054168
256   5906840
256   6076464
256   6257624
256   6106360
256   5957656
256   6442096
256   6121880
256   6368236
256   6356852
256   5524220
256   6018800
256   5872276
256   5723704
256   5799980
256   5623772
256   5406808
256   5909592
256   5699512
256   5913384
256   6051172
256   6482644
256   5752132
256   5726140
256   6278056
256   5659140
256   6755980
256   5961700
256   5759004
256   5776096
256   6091564
256   5659864
256   6484688
256   5608404
256   5619116
256   6015204
256   6286936
256   6362024
256   5883040
256   5893680
256   5898120
256   5692592
256   6257860
256   5678696
256   6363196
256   6261824
256   6432860
256   5787096
256   5717568
256   6054932
256   5499992
256   6061904
256   5865412
256   6301728
256   5574584
256   6418904
256   5564916
256   5349332
256   6014612
256   5507080
256   6240248
256   5842928
256   5971120
256   5685860
256   5779276
256   5217564
256   5841892
256   5832040
256   5775336
256   5542332
256   6646552
256   6033216
256   6448736
256   5701260
256   6544132
256   5683232
256   5684028
256   5844760
256   6579220
256   6369672
256   6086692
256   6181560
256   6126588
256   5507276
256   5518148
256   5023144
256   5941924
256   5821836
256   5586728
256   6022980
256   5556992
256   5903948
256   5959144
256   5530104
256   6121112
256   6343404
256   6380728
256   5524908
256   5647552
256   6657188
256   5874776
256   5538020
256   5620636
256   6368300
256   5684396
256   6392636
256   6020820
256   5803408
256   6101896
256   5588600
256   5714568
256   6095472
256   6191328
256   5546560
256   5824588
256   5277284
256   7140352
256   6095212
256   6014236
256   5342608
256   6126752
256   6104828
256   5760872
256   6094508
256   5725720
256   5861208
256   5705384
256   6038512
256   5663760
256   6055500
256   5720728
256   5502620
256   5833248
256   5968988
256   5574728
256   5343472
256   6323244
256   6071472
256   5639060
256   5806320
256   5656632
256   6075996
256   6119624
256   5818388
256   6055088
256   6339496
256   6022944
256   6474004
256   6419376
256   6403180
256   5972072
256   5820460
256   5969276
256   6091244
256   6094256
256   6600828
256   5862116
256   5438844
256   6079944
256   5904396
256   5868344
256   6012360
256   5413212
256   5911472
256   5934200
256   6172580
256   5751060
256   5519692
256   5636356
256   5558032
256   6184708
256   6112600
256   6192564
256   5906084
256   5863984
256   5373080
256   5694956
256   6313876
256   5569324
256   6304872
256   5573876
256   6503384
256   5315836
256   6174508
256   5554540
256   5529160
256   5616444
256   6390240
256   6325768
256   6486156
256   5840224
256   6145672
256   5867832
256   6222160
256   5566204
256   5768372
256   6206728
256   5748720
256   5810588
256   5664104
256   5784372
256   5405520
256   6500004
256   5633392
256   6038916
256   6082512
256   5615960
256   5748416
256   5340712
256   6391700
256   5650012
256   5733304
256   6348288
256   5799036
256   5979720
256   6572648
256   6159712
256   6108508
256   6277944
256   5577948
256   6037956
256   6307456
256   5978420
256   5910072
256   6194128
256   7248136
256   5519372
256   5969852
256   5668476
256   5694572
256   6090944
256   5760624
256   5534128
256   5495936
256   5710092
256   5906060
256   5648532
256   5500844
256   6250556
256   6138384
256   5629348
256   5572008
256   6288696
256   6015752
256   5559348
256   5818224
256   5835208
256   6332068
256   6110468
256   5588872
256   5837740
256   5742680
256   5931644
256   5577416
256   6085652
256   6203628
256   5799456
256   5083544
256   6087572
256   5833692
256   5996604
256   5604376
256   5540956
256   6512120
256   6491140
256   6258160
256   6128152
256   5748852
256   5600884
256   5931816
256   5601456
256   5755100
256   5498360
256   5478596
256   6071024
256   5781388
256   5669916
256   5634204
256   6124444
256   5374256
256   6252268
256   5811300
256   6148780
256   5501300
256   5914476
256   6119728
256   6251488
256   5586336
256   6053792
256   6329996
256   6227120
256   6330036
256   5518912
256   5774592
256   6379124
256   5565824
256   6285092
256   6165420
256   7184200
256   6347640
256   5835400
256   5266428
256   5864872
256   5912100
256   5956004
256   5552672
256   5709684
256   5682228
256   5833308
256   6194340
256   5814660
256   5766236
256   5959612
256   5861048
256   5824552
256   5721608
256   6482468
256   6059432
256   6358444
256   5718748
256   5881104
256   5812496
256   5855136
256   5671712
256   6420056
256   5613296
256   6267340
256   5633108
256   5517260
256   6409000
256   5763500
256   6434460
256   6416868
256   6341468
256   6061544
256   6506820
256   6367756
256   5842572
256   5705260
256   6136888
256   6333936
256   5938120
256   5736240
256   6159884
256   6122376
256   5739980
256   5549640
256   4990840
256   6425204
256   5976396
256   5783788
256   5335748
256   5976068
256   5770264
256   5267104
256   5761284
256   6031456
256   5595292
256   5791668
256   5965700
256   5874352
256   6083300
256   6184180
256   6376944
256   6105608
256   6464908
256   5979968
256   5872400
256   5651372
256   6078368
256   6247684
256   6039348
256   5825624
256   5795920
256   6125236
256   5594468
256   5368384
256   5799476
256   5862060
256   5483780
256   5745232
256   5788108
256   5939592
256   6311680
256   5830456
256   6104032
256   5682852
256   5834360
256   5894880
256   5562536
256   5873524
256   6261292
256   5608520
256   5946056
256   5652612
256   6029332
256   5781608
256   6463204
256   6271800
256   6530584
256   6312744
256   6032188
256   5916000
256   5788892
256   5346948
256   6637512
256   5873432
256   6593860
256   6325216
256   5910728
256   6551380
256   6700120
256   5694120
256   5940620
256   5785832
256   5428948
256   6382928
256   6185632
256   5680440
256   5559784
256   5908676
256   5527508
256   5827248
256   5236312
256   5376884
256   5532184
256   5544052
256   5787536
256   6461912
256   6352948
256   6268552
256   6067632
256   6746672
256   5901964
256   6171284
256   5646056
256   6143672
256   5773108
256   6832120
256   5834296
256   5961844
256   5798932
256   6054932
256   6375036
256   5931416
256   5750260
256   5559560
256   6624280
256   5783448
256   5840600
256   5466956
256   5758996
256   6211856
256   5851584
256   5457776
256   5668252
256   6242268
256   5644320
256   6145260
256   6075024
256   5587324
256   5621264
256   6013212
256   5717064
256   5717444
256   5985324
256   6261616
256   6184640
256   5650456
256   6291016
256   5545840
256   5684964
256   6116708
256   6284888
256   6267324
256   6392252
256   6273152
256   6592984
256   6242044
256   6210040
256   6565772
256   6325864
256   6229888
256   6833736
256   6384932
256   5443920
256   5615640
256   5857880
256   5860380
256   5735368
256   5547744
256   5984172
256   5780732
256   5780224
256   5560504
256   5652620
256   6719296
256   5849084
256   5852488
256   5702568
256   6260744
256   5649248
256   6123884
256   6393732
256   5509968
256   5933176
256   5974256
256   6524284
256   5843124
256   6375216
256   5831236
256   5771600
256   5737996
256   5853560
256   5703528
256   6026460
256   5729832
256   5595380
256   6328340
256   6539112
256   5930240
256   5539584
256   5554808
256   5893532
256   5874620
256   6301704
256   5573720
256   5542788
256   5656384
256   6038392
256   5812680
256   5740540
256   6200300
256   5924728
256   6312724
256   6397600
256   5565040
256   5585596
256   5877816
256   5487080
256   5587044
256   6037648
256   5505824
256   5960272
256   6500588
256   6131304
256   6122068
256   5833128
256   5586664
256   6232728
256   6577368
256   5982448
256   5946020
256   6292968
256   5773476
256   6467996
256   6579684
256   6330084
256   5870192
256   5528432
256   6362492
256   5592212
256   5823796
256   5459868
256   5480064
256   5465604
256   5694388
256   5297696
256   5802048
256   6122772
256   5879432
256   6119520
256   6113224
256   6090748
256   5654076
256   6437024
256   6515500
256   6428612
256   5937420
256   5958200
256   5666784
256   5507460
256   5803684
256   6085880
256   6416900
256   6046408
256   6553636
256   5693348
256   5660528
256   6204340
256   5939492
256   6385692
256   6275788
256   5556404
256   5871692
256   5800932
256   5544012
256   5962784
256   5651740
256   5815984
256   5857924
256   5665072
256   6165588
256   5599580
256   5700268
256   6064376
256   5607344
256   5817056
256   5762720
256   5627760
256   5879824
256   5684528
256   5761952
256   5534040
256   6480184
256   5805960
256   6025288
256   6321004
256   5752828
256   5964172
256   6371480
256   6193564
256   5888120
256   6488220
256   5599388
256   6515792
256   6543048
256   6274976
256   6131376
256   5518792
256   5516596
256   5800708
256   5381200
256   5381028
256   5891856
256   5341464
256   6005280
256   5924088
256   5473716
256   6261212
256   5850392
256   5877708
256   5611632
256   6263016
256   6271544
256   5685128
256   6007120
256   5847396
256   5612120
256   5819456
256   6151312
256   5820604
256   5860900
256   6133136
256   5690840
256   6530012
256   5676304
256   5560760
256   6100564
256   6297836
256   6307272
256   5877312
256   6173072
256   4935336
256   5684180
256   5923028
256   5723452
256   6427420
256   5904996
256   5649604
256   5814708
256   6008608
256   5730256
256   6372748
256   5791216
256   5429368
256   5858920
256   6020876
256   5811804
256   5699852
256   5804000
256   5587896
256   5952776
256   5665636
256   6461064
256   5872024
256   5786976
256   6409152
256   5008852
256   5756872
256   5648500
256   5416536
256   5765300
256   6182324
256   5930932
256   6320556
256   6282644
256   5917108
256   6098852
256   6458892
256   6158700
256   6655480
256   6353824
256   5989924
256   5833044
256   5831136
256   5755788
256   5435300
256   5944116
256   5889224
256   5796664
256   5797568
256   5685896
256   5456740
256   5718752
256   5782164
256   5496020
256   6105764
256   6265500
256   6286540
256   6473772
256   6541248
256   6031360
256   6325312
256   6240548
256   5616444
256   6011312
256   6332368
256   5927072
256   5880480
256   5965232
256   6243244
256   5699596
256   6056828
256   5590788
256   6352088
256   6392868
256   6167620
256   5997908
256   5892600
256   5577000
256   5804632
256   6142052
256   5477996
256   6153516
256   6112960
256   6092552
256   5784352
256   5629412
256   6313204
256   6136232
256   5759924
256   5479168
256   5536244
256   5602588
256   5440860
256   5714868
256   5867476
256   5636216
256   5573712
256   6119984
256   5539520
256   5925632
256   5865200
256   6198848
256   6120788
256   5602904
256   6031456
256   6741716
256   6247888
256   5393452
256   5767460
256   6005384
256   5825912
256   6419220
256   6170788
256   6004844
256   5470380
256   6193860
256   5873760
256   5855000
256   5516524
256   6561604
256   6072452
256   5585712
256   6384420
256   5980052
256   5692912
256   5792616
256   6055744
256   5436152
256   5935364
256   6213180
256   5832440
256   6426980
256   6099772
256   6004456
256   5880936
256   6096408
256   6269032
256   6297116
256   5785364
256   6584992
256   6644464
256   5951732
256   5609040
256   5550076
256   5889932
256   5666016
256   5515408
256   6170808
256   6401372
256   6407700
256   5940368
256   6053864
256   6339668
256   6284256
256   5483296
256   5866884
256   5961840
256   5541604
256   5839084
256   6140896
256   5445432
256   5494840
256   5740768
256   5400092
256   6321888
256   5850036
256   5956620
256   5459884
256   5500208
256   5651896
256   6225908
256   5557092
256   6564388
256   5918636
256   6409700
256   6525088
256   5981480
256   6036184
256   6069992
256   6215584
256   6191696
256   6254160
256   6217632
256   5997992
256   5834168
256   5822340
256   5594280
256   5695476
256   5364212
256   6054124
256   5690368
256   5917200
256   5816988
256   6242700
256   5394264
256   6310004
256   5113360
256   6007008
256   6562040
256   6054056
256   5740860
256   6250672
256   5959100
256   5986588
256   6276088
256   5310120
256   6458932
256   5965496
256   6316564
256   5547868
256   5834288
256   5620404
256   6280804
256   5861884
256   5421572
256   6498792
256   5779192
256   6101636
256   5591956
256   5946984
256   6188732
256   5820372
256   5890248
256   5949400
256   6202720
256   6168864
256   5943844
256   5713420
256   5392400
256   5824448
256   5593300
256   5817260
256   5707076
256   5808756
256   5747204
256   5351636
256   5832840
256   5790208
256   5452988
256   5659480
256   5687900
256   5369908
256   5825612
256   5940352
256   6248036
256   5804712
256   5851400
256   6070664
256   5917800
256   5694648
256   6493408
256   6244912
256   6565156
256   5897956
256   5769288
256   5999284
256   5444884
256   6153288
256   6237980
256   6078196
256   5399420
256   5577408
256   5317440
256   5568640
256   5799092
256   5142692
256   5727428
256   5791308
256   5945596
256   5733740
256   5838512
256   5741132
256   6180368
256   5631056
256   6257736
256   5860056
256   5861188
256   6234740
256   5717500
256   6142816
256   5680508
256   5400416
256   5739920
256   6134888
256   6197444
256   5529124
256   6786792
256   6045452
256   5915824
256   5953884
256   5650268
256   5844760
256   6397760
256   6515100
256   6703160
256   5866044
256   5591508
256   6103864
256   5948980
256   6261264
256   5644984
256   6020456
256   6462976
256   5502920
256   5512408
256   5615816
256   5673004
256   5418536
256   5450208
256   5929236
256   6258816
256   5732420
256   5272536
256   4996064
256   5918696
256   5588568
256   5636460
256   5664796
256   6339184
256   5904500
256   6381780
256   5567708
256   6465348
256   5842748
256   5916720
256   6116736
256   5817616
256   5891240
256   5461752
256   5708460
256   6639640
256   6317188
256   5494636
256   5934116
256   6007024
256   5980800
256   6071848
256   5729648
256   5655008
256   6235640
256   6254420
256   5611364
256   5429424
256   5872048
256   5892952
256   6081668
256   6257552
256   6367408
256   5856904
256   6314980
256   6096488
256   5909752
256   5526952
256   6263756
256   5326360
256   5787724
256   6111636
256   5890040
256   5716540
256   5871792
256   5709236
256   6077488
256   5544128
256   6350804
256   5880716
256   6388312
256   6484652
256   5782840
256   6285588
256   5895684
256   6272620
256   6193148
256   5801992
256   5492736
256   5504780
256   5944724
256   6151692
256   6182844
256   6098800
256   5994012
256   6188496
256   5898164
256   6033848
256   5874476
256   5988364
256   5771884
256   5938764
256   5836208
256   5683848
256   6076572
256   6483744
256   5830280
256   6435184
256   6362560
256   5804456
256   6580344
256   6203764
256   5882200
256   6398328
256   6453572
256   5814820
256   5928088
256   6512044
256   6471600
256   5820952
256   6164348
256   6065836
256   5500148
256   5909656
256   5518804
256   6130540
256   5511340
256   5610952
256   5501076
256   5758540
256   5353412
256   5812964
256   5788164
256   5847580
256   6006844
256   5696680
256   5498788
256   6141480
256   5705760
256   5699040
256   5459356
256   5998988
256   6086232
256   5311324
256   5936436
256   5841788
256   5785120
256   6188012
256   5712488
256   6549364
256   5906452
256   5634564
256   6030580
256   5990516
256   5830228
256   5791856
256   6302528
256   5743564
256   6386204
256   5883532
256   5986556
256   6065596
256   5621784
256   5680948
256   6139684
256   5410336
256   5399516
256   5641916
256   5900868
256   5763764
256   5870444
256   5537252
256   5922388
256   6003992
256   6303320
256   6052992
256   5748360
256   6136260
256   6293612
256   6473736
256   6148368
256   5628656
256   6138040
256   6056940
256   6433688
256   6191156
256   6031640
256   6402508
256   6392204
256   6131292
256   5570964
256   5708044
256   5947168
256   5995148
256   5707852
256   5535808
256   5663508
256   5345152
256   5696896
256   5921896
256   5841948
256   5897756
256   6086416
256   6116304
256   5217400
256   6053416
256   5678688
256   5843116
256   5551620
256   6437204
256   6168108
256   6131988
256   6105888
256   5770416
256   5792408
256   5656224
256   6330608
256   6583180
256   5890272
256   5702024
256   5596416
256   6239016
256   5587452
256   6244488
256   5811900
256   5907876
256   6464104
256   6194076
256   5541848
256   6028816
256   5609540
256   5422300
256   6029168
256   6136428
256   5625348
256   6191916
256   5821144
256   6198752
256   5395432
256   5490548
256   5662980
256   6073624
256   5837432
256   6125196
256   5758664
256   5609464
256   5498756
256   5883948
256   5422360
256   5897996
256   5582492
256   6432528
256   6125212
256   6641392
256   6138452
256   6237864
256   6184876
256   5781088
256   5735264
256   5664292
256   6113380
256   6584596
256   6570148
256   5739656
256   5722448
256   6125884
256   6025540
256   5602392
256   6421860
256   5404860
256   5876372
256   6261320
256   5887884
256   5672996
256   5946920
256   5457032
256   5644772
256   5789016
256   6213368
256   6045140
256   5564804
256   5696912
256   5913516
256   5559088
256   6167736
256   5804824
256   6425760
256   5914364
256   5328640
256   6502204
256   5695116
256   6258260
256   5744472
256   5879052
256   6449888
256   6267548
256   6161396
256   5554916
256   6116832
256   5733504
256   5777904
256   6217156
256   5952900
256   5832192
256   5846816
256   5964784
256   6122224
256   5521568
256   5264520
256   5661676
256   5663508
256   6097336
256   5194700
256   5581188
256   5581696
256   6028340
256   5992092
256   5556952
256   6049036
256   5769940
256   6575360
256   6096504
256   6101600
256   5853360
256   6423148
256   6074492
256   5840980
256   5843104
256   6167164
256   6736500
256   6434960
256   5953972
256   6171508
256   5801900
256   6136000
256   5904432
256   6201668
256   5740264
256   6466328
256   5685012
256   5078636
256   5849052
256   5707452
256   5323808
256   5889072
256   6052636
256   5812668
256   5705604
256   5558908
256   6292144
256   5805416
256   6241716
256   5784864
256   5838956
256   5981680
256   5416388
256   6552484
256   5392088
256   5919192
256   5611592
256   5661932
256   6541092
256   6075592
256   6101156
256   6045888
256   5461012
256   6237292
256   5594172
256   6425968
256   6654772
256   6416080
256   6130376
256   6536976
256   6382804
256   5852464
256   6261116
256   5693964
256   5250196
256   5700632
256   6080232
256   5420472
256   5641612
256   6317252
256   5535256
256   5997444
256   6078128
256   5635820
256   5660532
256   6032052
256   4354492
256   5211768
256   5404468
256   5824396
256   5900980
256   6288068
256   6385016
256   5752164
256   6319080
256   5838552
256   6422440
256   5875916
256   6649848
256   5788984
256   6292960
256   6319880
256   6124372
256   5805972
256   5898132
256   6131228
256   5920024
256   6077888
256   5597456
256   5070228
256   6061836
256   5405840
256   5832296
256   5258768
256   6574948
256   5869544
256   6175444
256   5929572
256   5748736
256   6220224
256   5300424
256   5760500
256   5693888
256   5822112
256   6350344
256   6525880
256   5699120
256   5594236
256   5234380
256   6073544
256   6220652
256   5615340
256   6595604
256   5684960
256   6633592
256   5918920
256   5471340
256   6571596
256   5949496
256   6209288
256   6041436
256   6648496
256   5719280
256   6651912
256   5723312
256   6264832
256   5617100
256   5856316
256   5737396
256   5873264
256   5526420
256   6242876
256   6381764
256   6211088
256   5179252
256   5726376
256   5087216
256   5983496
256   5803960
256   5770560
256   5579068
256   6141200
256   6478468
256   5504452
256   6382792
256   6202032
256   6565692
256   5593744
256   5970956
256   5974920
256   5623872
256   6235808
256   6632992
256   5565076
256   6491284
256   6280000
256   6475236
256   6446796
256   5682052
256   5722416
256   5606200
256   5799344
256   4829212
256   5926572
256   5923960
256   6124540
256   6077752
256   5469768
256   5715824
256   6043528
256   5794456
256   5610820
256   5537264
256   5614452
256   6094412
256   5794696
256   5616728
256   5952220
256   6439124
256   5470580
256   6380272
256   6399448
256   6318824
256   5443524
256   5658412
256   5468448
256   6119132
256   6332364
256   5496640
256   6585920
256   6596812
256   6561312
256   6529624
256   6411716
256   5623568
256   6053396
256   5562432
256   6105576
256   5488744
256   6255156
256   5739404
256   6094296
256   5614552
256   5904028
256   5647048
256   6114560
256   5814156
256   5749792
256   5384608
256   5968528
256   5563752
256   5701820
256   5388616
256   6182200
256   6229876
256   6411452
256   5619204
256   6378368
256   6119976
256   5569736
256   5526880
256   6685224
256   6168456
256   6330220
256   6323496
256   5411956
256   6274064
256   5420092
256   5849668
256   6016812
256   7057596
256   5756352
256   6004540
256   6319548
256   5800604
256   5707656
256   5822120
256   5572120
256   5953628
256   5579432
256   6157724
256   6207528
256   5792820
256   5501708
256   5821292
256   6010188
256   5959176
256   6113736
256   5847028
256   5901116
256   6230668
256   5983588
256   5686748
256   6242788
256   5741744
256   6463076
256   6023180
256   6584996
256   5929712
256   5370588
256   5978604
256   6257388
256   6102956
256   6284372
256   6250204
256   6258420
256   6659560
256   5884348
256   5729324
256   5673660
256   5756420
256   5506780
256   6577872
256   6065592
256   5607424
256   5937496
256   5359324
256   5457252
256   5865160
256   6320100
256   5764004
256   5657284
256   5818800
256   5556872
256   6224308
256   6232136
256   6194484
256   5613632
256   6203508
256   6211804
256   5812868
256   5992488
256   6615244
256   5609808
256   6079360
256   6281120
256   6440088
256   6453500
256   6425616
256   5986888
256   5431808
256   5466212
256   6134652
256   5690816
256   6135488
256   5700488
256   5898324
256   5608176
256   6309388
256   5607548
256   5621144
256   5708068
256   6185516
256   5939548
256   6144804
256   6370188
256   5824776
256   6095512
256   5695240
256   6292732
256   6461512
256   5708480
256   6083540
256   5960996
256   5394832
256   5427256
256   5659208
256   5694108
256   5592436
256   5852152
256   5837608
256   5943936
256   6192628
256   6400620
256   5724752
256   6242984
256   5741628
256   6345152
256   6422600
256   6638272
256   5635744
256   5952096
256   6284752
256   5488412
256   5667532
256   5554496
256   6325384
256   5760124
256   5912960
256   5718404
256   6038392
256   5682180
256   5881992
256   5714372
256   5844256
256   5848928
256   6213636
256   6475840
256   6401748
256   6244776
256   5736564
256   6289820
256   6007624
256   6292904
256   6143152
256   5759116
256   6099424
256   6499324
256   5958428
256   5729100
256   5635100
256   6511444
256   5940576
256   6367460
256   6165588
256   5389456
256   6312076
256   5829444
256   6114288
256   5923036
256   5992864
256   5753728
256   6073244
256   5910788
256   5702220
256   5754200
256   5621864
256   5615656
256   6173716
256   5491108
256   5932676
256   5861528
256   6369304
256   5939092
256   5727368
256   6314656
256   6420540
256   5669828
256   5934588
256   5534580
256   5714728
256   5778308
256   6332412
256   5770608
256   6622388
256   6353408
256   6092256
256   6234208
256   5737144
256   6147904
256   6248680
256   5717268
256   6382140
256   6227408
256   6360580
256   6116800
256   6124112
256   5744368
256   5386232
256   5463700
256   5445920
256   5421028
256   5614720
256   5697892
256   5133068
256   5575016
256   5198944
256   5797732
256   5816288
256   6318288
256   6288660
256   6550116
256   5655872
256   5510684
256   5903740
256   6321916
256   6396096
256   6653804
256   6295996
256   6541840
256   6577280
256   6055228
256   6063628
256   5712844
256   5736860
256   5480720
256   6351060
256   6407856
256   6347948
256   5657924
256   5772552
256   6178728
256   5552552
256   5860392
256   5670608
256   6129488
256   6440372
256   6082940
256   6340540
256   6228716
256   5780272
256   5676196
256   5775728
256   5670936
256   6354224
256   5656124
256   6179172
256   5294048
256   5593836
256   6391384
256   5573984
256   5539188
256   6532680
256   5540340
256   5808632
256   5979368
256   6155616
256   5914608
256   6395072
256   5888004
256   5824152
256   6359184
256   6678452
256   6077824
256   5848336
256   5819792
256   6222048
256   5565392
256   5767068
256   6169432
256   6187156
256   5647016
256   6098260
256   5972372
256   5889704
256   5603740
256   5542456
256   6202464
256   5843960
256   6468060
256   6199236
256   6177848
256   5558116
256   5792496
256   6035012
256   5999796
256   6092100
256   6252824
256   5952832
256   5749744
256   6526608
256   5591528
256   5477624
256   6561204
256   6242348
256   5820784
256   5783156
256   5782992
256   5696180
256   5282212
256   5953356
256   5773304
256   6519092
256   6260228
256   5724292
256   5933420
256   5247424
256   6151356
256   6001820
256   5648672
256   6105428
256   6130016
256   5533064
256   6198260
256   5669936
256   5323036
256   5664964
256   5342356
256   5808084
256   5548160
256   5607860
256   5859788
256   5487272
256   5629388
256   5673560
256   6153088
256   6365648
256   5688832
256   6304116
256   6421632
256   6462364
256   6460552
256   6016540
256   6075096
256   6078212
256   5525604
256   6625696
256   6599088
256   6004980
256   5674480
256   5196172
256   5700196
256   5979044
256   5535504
256   5702852
256   6121084
256   6153864
256   5796340
256   5112308
256   5470448
256   5789108
256   6501004
256   5984724
256   6119052
256   5810068
256   5578352
256   5809272
256   6073652
256   5769608
256   5887276
256   6548608
256   6357924
256   5810060
256   6266276
256   6359496
256   5994112
256   5844896
256   6093052
256   5846900
256   5957816
256   5798348
256   6272576
256   5504168
256   6128120
256   5572824
256   6141540
256   6213220
256   6392668
256   5811476
256   6294140
256   5683320
256   5899728
256   6187008
256   5620840
256   5485920
256   5510188
256   5983560
256   5157752
256   5524724
256   5589540
256   5879584
256   5667556
256   5525060
256   6175084
256   5711632
256   5334576
256   6218460
256   6170368
256   6170920
256   5736368
256   6333772
256   5802788
256   5555588
256   6469852
256   5880216
256   6574616
256   5994496
256   6422996
256   5935000
256   6283712
256   6248288
256   5939096
256   5737048
256   5679952
256   6367836
256   5902176
256   5353420
256   5212052
256   5563044
256   6300916
256   5920172
256   5575812
256   5771536
256   5883224
256   5935100
256   5694824
256   5809448
256   5938148
256   5945880
256   5835900
256   6041844
256   5884512
256   5400368
256   5895340
256   5559860
256   6182192
256   6397256
256   5920412
256   5709188
256   6410852
256   6391416
256   6060960
256   5816032
256   5791944
256   5769460
256   6651300
256   5913720
256   6282436
256   5961056
256   5964744
256   5285488
256   5768068
256   5708524
256   6042508
256   5943120
256   5673580
256   5984652
256   5772516
256   6061972
256   5473852
256   5680256
256   5578244
256   5905672
256   5807192
256   5971208
256   5649232
256   6073860
256   5702516
256   6132696
256   5813972
256   5929592
256   6168532
256   6099176
256   6241612
256   6602268
256   6306168
256   5964384
256   5859616
256   6554304
256   6585972
256   6024184
256   6104892
256   6111184
256   6423676
256   5806644
256   5642404
256   6218508
256   5810028
256   6086424
256   5878548
256   5947580
256   5535676
256   5512076
256   5588680
256   6340628
256   6036964
256   6301156
256   5519532
256   5708280
256   5747096
256   5601864
256   6113092
256   5613952
256   5963608
256   6065628
256   5771240
256   5714032
256   6170852
256   5399728
256   5532212
256   5640144
256   6230972
256   6301216
256   6001092
256   5616228
256   5339092
256   5713832
256   6612408
256   5695876
256   6178840
256   6134208
256   6291856
256   6403056
256   5706500
256   6281148
256   6036584
256   5519484
256   5855376
256   6090924
256   5927228
256   5589612
256   5694908
256   6224424
256   5708564
256   5377500
256   5528256
256   5735220
256   5824812
256   5909692
256   6278012
256   5675656
256   5766200
256   5151100
256   6042420
256   5739572
256   5870196
256   5935044
256   5861016
256   6090728
256   6673304
256   6167876
256   6163092
256   6507280
256   5991620
256   6258936
256   6382448
256   6546936
256   6141412
256   5613836
256   6404704
256   5152092
256   5799056
256   5355940
256   6345284
256   6083268
256   5690284
256   5161284
256   5173296
256   5831248
256   5982280
256   5835788
256   6197780
256   5862036
256   6422020
256   5959992
256   5691944
256   5748388
256   5377372
256   5789700
256   6047788
256   6438680
256   5891924
256   6321052
256   5787056
256   6407048
256   5331220
256   6146140
256   5561964
256   6049928
256   5995540
256   6721400
256   6164156
256   6376804
256   5980732
256   6687228
256   6152176
256   5701400
256   6370064
256   6149212
256   6076012
256   5674688
256   5839932
256   6200452
256   5512452
256   5970320
256   6365912
256   5890672
256   5542276
256   5390056
256   6070896
256   5632828
256   5477532
256   5817136
256   6495564
256   5531336
256   5860088
256   6391540
256   6457312
256   6030776
256   6152808
256   6056964
256   6450768
256   6305536
256   6610304
256   6328036
256   6541748
256   5875120
256   5964828
256   5467072
256   5872192
256   5112744
256   6002316
256   5841608
256   5553300
256   5202132
256   5270048
256   6166620
256   5498420
256   5607268
256   5698424
256   5427684
256   6414188
256   5946408
256   5585304
256   5765124
256   5766440
256   6132956
256   6226852
256   6165412
256   5621292
256   5558028
256   5577980
256   6131276
256   5512548
256   6174684
256   5519468
256   5681376
256   6002236
256   5843004
256   5935324
256   6397880
256   5831868
256   6385912
256   6563960
256   6422652
256   6419488
256   6365564
256   6569228
256   6150008
256   6275456
256   6448764
256   5468376
256   5868276
256   5705160
256   5993944
256   6197728
256   5274916
256   5717860
256   5789384
256   5625160
256   5593288
256   6433312
256   6048964
256   6571596
256   5484652
256   5347608
256   5653348
256   5562896
256   6024836
256   5906180
256   6062668
256   6377944
256   5852844
256   6497428
256   5564808
256   5720212
256   5785464
256   6536620
256   7040024
256   6609132
256   5573796
256   5912764
256   6279776
256   6246008
256   5470204
256   5931148
256   6165028
256   5791204
256   5944084
256   5416300
256   5478204
256   6299372
256   6606912
256   6212228
256   6263600
256   5887916
256   6249592
256   6023392
256   6284484
256   5688472
256   6151868
256   5827112
256   5917528
256   5476280
256   6395768
256   5779304
256   5561584
256   5610260
256   5797248
256   5665620
256   6160728
256   6163744
256   5479584
256   5670600
256   5284996
256   5696968
256   6216736
256   5789628
256   5858892
256   6147240
256   6037936
256   6467780
256   6195432
256   5991112
256   5597192
256   5668524
256   5563960
256   6396132
256   5939428
256   5843108
256   5546140
256   5447000
256   5640420
256   5559528
256   5470692
256   5794500
256   5921732
256   6214072
256   5668788
256   5812424
256   6237788
256   6016684
256   5634872
256   6372432
256   6361884
256   6336016
256   6222860
256   6291600
256   6031104
256   5809220
256   5595784
256   6018200
256   5644248
256   6552988
256   5613968
256   6092984
256   5881904
256   5526364
256   5325788
256   5658412
256   5437984
256   6339768
256   6208648
256   5567924
256   5618992
256   6363936
256   5775012
256   5901764
256   5613096
256   5688504
256   5357584
256   5610052
256   5840252
256   6470768
256   5911520
256   5481172
256   5892964
256   5682656
256   6342080
256   6260540
256   6228252
256   5746500
256   5800144
256   5574936
256   5792396
256   6204228
256   5964376
256   6306968
256   6172564
256   6270068
256   6343100
256   5715524
256   5658664
256   5935588
256   5482428
256   5913124
256   6589824
256   5870100
256   5872688
256   5466820
256   5383700
256   5237772
256   6198564
256   5900500
256   5710460
256   6162288
256   5235516
256   5355972
256   5681700
256   5653736
256   6016144
256   5956284
256   6106620
256   6231692
256   6261636
256   6128132
256   5917144
256   5567140
256   5815332
256   6420092
256   6637196
256   6322304
256   5917328
256   5526092
256   6443456
256   6228508
256   6441836
256   5808792
256   5953388
256   5896092
256   5953792
256   5775652
256   5644880
256   5704844
256   5515752
256   5837404
256   5863380
256   5494668
256   5636920
256   6210904
256   5442516
256   6535920
256   5449992
256   5770580
256   5719548
256   6391212
256   5648432
256   6489664
256   5765068
256   5655076
256   6255064
256   5424496
256   5804492
256   5826112
256   5783948
256   5335256
256   5589464
256   5699868
256   6145820
256   5594712
256   6113024
256   6610384
256   6664196
256   6482912
256   6590828
256   6286728
256   5870164
256   6496568
256   5435048
256   5662440
256   6413952
256   5532696
256   5813224
256   5800856
256   5847932
256   5397156
256   6338320
256   5643676
256   5601816
256   5582360
256   6013276
256   5351768
256   5749112
256   5908648
256   5709980
256   5563304
256   5965524
256   6401612
256   6024680
256   6018116
256   5749296
256   5678588
256   5976080
256   5737164
256   5946868
256   6031372
256   6029612
256   6762856
256   5816180
256   5546436
256   5626396
256   6198820
256   5402448
256   5532620
256   6006748
256   6205060
256   5776536
256   5765544
256   5858936
256   5509604
256   6029028
256   6251716
256   5915332
256   6044076
256   5879652
256   6352052
256   5680700
256   5580028
256   5782752
256   6208956
256   5908540
256   5636896
256   6156620
256   6342856
256   5440336
256   6362620
256   6159424
256   5718820
256   6535424
256   5824176
256   6702820
256   5973648
256   6402836
256   6516888
256   6932152
256   6745892
256   6307164
256   6501872
256   6472200
256   5461128
256   5751384
256   5924648
256   5550680
256   5789892
256   5479616
256   5791688
256   5936208
256   5685180
256   6237544
256   5270244
256   4894744
256   5909304
256   5629028
256   6232112
256   5736416
256   5799108
256   6312176
256   6187880
256   6058120
256   5356576
256   6348404
256   5704856
256   5902280
256   6437092
256   5610900
256   6455956
256   6046268
256   6475860
256   5514092
256   5929660
256   5681316
256   6443840
256   5950204
256   5918668
256   5464168
256   5707764
256   5696580
256   5669564
256   5476088
256   5651308
256   6306728
256   5587868
256   5921288
256   6402244
256   5839808
256   5915492
256   5778208
256   5644768
256   6384280
256   5550256
256   5965992
256   6223460
256   5640096
256   5526148
256   5771252
256   5781520
256   6371552
256   5479768
256   5506796
256   6709884
256   6441012
256   6138504
256   5708192
256   6403480
256   6086836
256   6004548
256   6969100
256   5667760
256   6009480
256   6321172
256   5627140
256   5563584
256   6078100
256   5545336
256   6066032
256   5280316
256   5764132
256   5351496
256   5481864
256   5645396
256   5781428
256   5853016
256   5875016
256   5590656
256   6501072
256   5598280
256   5603616
256   6205596
256   5949016
256   6240532
256   6244008
256   6466280
256   6545380
256   6357108
256   5861740
256   6277924
256   5362996
256   6508388
256   6314104
256   6000968
256   6059748
256   5971788
256   5609440
256   5986864
256   5653956
256   5929312
256   6479624
256   5857268
256   6056564
256   6209744
256   5607880
256   5953584
256   5452444
256   5943784
256   5645772
256   6078300
256   5985064
256   5845744
256   6298640
256   5653656
256   5638904
256   5685716
256   5645620
256   5892156
256   5821624
256   5706164
256   5570720
256   5795272
256   5530296
256   5735016
256   6066576
256   5686740
256   6182948
256   6337556
256   5926204
256   5600820
256   5690860
256   5325784
256   6569824
256   6842588
256   6115396
256   6082620
256   6393020
256   6127312
256   5676204
256   5429744
256   6097172
256   6159444
256   6007520
256   6060520
256   6090896
256   5885104
256   5260980
256   5658228
256   5927080
256   5229312
256   6352932
256   5544416
256   5740820
256   5829364
256   5921564
256   5982744
256   6498940
256   5562020
256   5763936
256   6398288
256   5860528
256   5623424
256   5960000
256   5992128
256   5824604
256   5992880
256   5697692
256   5290436
256   5814880
256   5920300
256   6357456
256   6091560
256   5629896
256   5706604
256   5829464
256   5507544
256   6380992
256   5554904
256   6390340
256   5931096
256   5510048
256   6026760
256   5535184
256   6199940
256   5691924
256   5658088
256   6161104
256   5782504
256   5698592
256   5717544
256   5406176
256   5838856
256   5500660
256   5683372
256   6450244
256   5778776
256   5840968
256   5940372
256   6523424
256   5698936
256   5846560
256   6326672
256   6337520
256   6235564
256   5917144
256   5802580
256   5483092
256   5698184
256   6250748
256   5782516
256   5697908
256   6097228
256   6144420
256   5563640
256   5787396
256   5492256
256   5462168
256   5901684
256   5685764
256   6441464
256   6036160
256   5450024
256   5746100
256   5663452
256   5623944
256   5821592
256   5684512
256   5752524
256   6517216
256   5640872
256   6352828
256   6367880
256   6737960
256   5624680
256   6043740
256   5477224
256   5997976
256   6297060
256   6337332
256   6002000
256   5593740
256   5589648
256   5854048
256   5983556
256   6305192
256   5881564
256   5615600
256   6000888
256   5700732
256   6363416
256   5784928
256   5506356
256   5625304
256   6108632
256   6496140
256   6062724
256   5599412
256   6183404
256   5984588
256   5653404
256   5898816
256   5806156
256   5801200
256   5608908
256   5865336
256   5822336
256   6197032
256   5719800
256   5510328
256   5841300
256   6171248
256   5957992
256   6381120
256   5670380
256   5677392
256   6549460
256   5633380
256   6555220
256   6668496
256   6133632
256   5882044
256   6447004
256   6455616
256   6193092
256   5684780
256   5902832
256   6261916
256   5856708
256   5948044
256   5561216
256   5841520
256   5297108
256   5937200
256   6286976
256   6229984
256   5925880
256   5903968
256   5975912
256   5830020
256   6550472
256   5666380
256   5917516
256   5903632
256   5533004
256   6663768
256   6278776
256   6110768
256   6310704
256   5837444
256   5414852
256   5822280
256   5370876
256   6496556
256   5694924
256   6073548
256   5833104
256   5269480
256   5664596
256   5851036
256   5302496
256   5530456
256   5875580
256   5843784
256   5659628
256   5663380
256   5662604
256   5842820
256   6210480
256   6159024
256   5612356
256   6292000
256   5655612
256   6425880
256   6324324
256   5410920
256   5675864
256   6408892
256   5504804
256   5643376
256   5666624
256   5958664
256   6091008
256   5404328
256   5913140
256   6003816
256   6158040
256   6367704
256   6397808
256   6225900
256   6028960
256   6077096
256   5652768
256   6176744
256   6059948
256   6066392
256   6510612
256   5705272
256   6348840
256   5198892
256   5287796
256   6429084
256   5681412
256   5920444
256   5647368
256   5675412
256   5927328
256   5417808
256   6112296
256   5406140
256   5558724
256   5830416
256   6473228
256   5689460
256   5775396
256   6916240
256   6212172
256   6293320
256   5609500
256   6359924
256   6245236
256   5994264
256   5667820
256   6512072
256   5967544
256   6020656
256   6443256
256   5932248
256   5889344
256   6336596
256   5556720
256   5891424
256   5983496
256   6155396
256   5603204
256   5739092
256   6278756
256   5812040
256   5995012
256   5768756
256   5877676
256   5466444
256   5495388
256   5821836
256   6327316
256   6081548
256   6291220
256   5621860
256   5026384
256   5219940
256   5685384
256   5320408
256   5775348
256   5861696
256   5807920
256   5447420
256   5978576
256   6142964
256   6399388
256   6214876
256   6041688
256   6364356
256   6110856
256   6523164
256   6074704
256   6351100
256   6096976
256   5483028
256   5560732
256   5879596
256   5700500
256   5768184
256   5442108
256   5509864
256   5298952
256   5354568
256   6217056
256   5534952
256   5673096
256   5970648
256   5610884
256   5647512
256   5599660
256   6181992
256   5812788
256   6026256
256   6486916
256   5633728
256   6178056
256   6091312
256   5515368
256   5933540
256   6481376
256   6238560
256   6438340
256   6215784
256   5940964
256   5660896
256   5610160
256   6531660
256   6162808
256   6173560
256   5922756
256   5631960
256   5881572
256   5536524
256   6359644
256   5837520
256   6150856
256   5570272
256   5820840
256   6096980
256   6226896
256   5508004
256   5912504
256   5734800
256   5754460
256   5558008
256   5412056
256   5638432
256   5789288
256   5672524
256   5819520
256   5321240
256   5444304
256   6336760
256   5931588
256   5391784
256   5689072
256   6573768
256   6467336
256   6436468
256   6391416
256   5884692
256   5750388
256   6131312
256   6156708
256   6426680
256   5899932
256   6495332
256   5722540
256   6029664
256   6520112
256   6180720
256   5804640
256   6008208
256   5589348
256   5745728
256   5893612
256   5392956
256   5650476
256   6206084
256   6001416
256   6126616
256   6458892
256   6452284
256   6260388
256   6031228
256   6206764
256   5956548
256   5880552
256   5967232
256   5959980
256   5944168
256   6314112
256   6192232
256   5941020
256   5931372
256   5548968
256   6288500
256   6422008
256   5612288
256   6015056
256   6039292
256   5529944
256   5829440
256   6130248
256   5859144
256   6099176
256   6109324
256   5823888
256   6061044
256   5974056
256   5696104
256   5742120
256   5713112
256   6192892
256   5707968
256   6453328
256   5515268
256   5353272
256   5333172
256   5727888
256   5956644
256   5702752
256   5454096
256   5965128
256   5320956
256   6192672
256   5577560
256   5352260
256   5556000
256   6321228
256   6455524
256   6400980
256   5789560
256   6432928
256   5721976
256   5593392
256   5609840
256   5878132
256   6429920
256   6468136
256   6518080
256   6122524
256   5693828
256   5903104
256   5606796
256   5752764
256   5718708
256   5592572
256   6293624
256   5203424
256   5911200
256   5620984
256   6248644
256   6056780
256   5456740
256   6272708
256   6166992
256   5683220
256   6018824
256   5660628
256   5813748
256   5746672
256   5607596
256   6068476
256   6404036
256   6381476
256   5626392
256   5556876
256   6385100
256   6114236
256   5674084
256   5843024
256   6290040
256   6154996
256   6290052
256   6160404
256   5613624
256   6495512
256   5556524
256   5819548
256   5515672
256   6033400
256   6143000
256   6000756
256   5553020
256   5567352
256   5838976
256   5542544
256   5782468
256   5428896
256   5484240
256   6533528
256   5658668
256   5840340
256   5673580
256   5767160
256   5574616
256   5664972
256   5698948
256   6310628
256   6400444
256   5895704
256   5788124
256   6008076
256   5734452
256   5886808
256   5808544
256   6447980
256   6536844
256   6495088
256   6435324
256   6333464
256   5657624
256   5585792
256   6532980
256   5906464
256   5923088
256   5701592
256   5872448
256   5931372
256   5783152
256   5235728
256   5017560
256   5774244
256   6144428
256   5903740
256   5637372
256   5790652
256   5752492
256   5523360
256   5617616
256   6273388
256   6273096
256   5939316
256   5611020
256   5845148
256   6218872
256   5589004
256   5738220
256   5892744
256   6408448
256   6139540
256   5490364
256   5656588
256   6229752
256   6407044
256   5782992
256   6514836
256   6444480
256   6589560
256   5776832
256   5618304
256   5708940
256   6105464
256   5554028
256   5826580
256   5817272
256   6121980
256   6443248
256   6146240
256   5838580
256   5648000
256   5991508
256   5431376
256   5422488
256   5997920
256   5988164
256   6404996
256   5983752
256   5447496
256   5506524
256   6428792
256   6300752
256   5919140
256   6248544
256   6543564
256   5988192
256   5662808
256   6642504
256   6697000
256   5831508
256   6379016
256   6447244
256   5842660
256   5865508
256   5910968
256   5979452
256   5695108
256   6075560
256   6038472
256   6184888
256   5866980
256   5758160
256   5606512
256   5640616
256   5724544
256   5875052
256   5937204
256   6200772
256   6300560
256   6293120
256   6240464
256   5516360
256   6212308
256   5931408
256   6301308
256   6573724
256   6234616
256   5840424
256   5705988
256   5704184
256   5705628
256   5626748
256   5834252
256   6334280
256   5674752
256   5681544
256   5588076
256   5952220
256   5205308
256   6451288
256   5703436
256   5912208
256   5617832
256   5816044
256   5780188
256   5921676
256   6340532
256   6359256
256   5480432
256   5787808
256   5598700
256   6208280
256   5743872
256   6342036
256   6219104
256   6264540
256   5681128
256   5641960
256   5476168
256   5856176
256   5844208
256   5675808
256   5997024
256   6096544
256   6224272
256   6423940
256   6324424
256   6256444
256   5865376
256   6567300
256   5899636
256   5839112
256   5950540
256   6616912
256   6396936
256   5765884
256   5998448
256   5715572
256   6132432
256   6248240
256   5492424
256   5464720
256   5214792
256   6214428
256   5588084
256   5723436
256   6184200
256   5637596
256   5669620
256   5760780
256   5991316
256   5863448
256   5857904
256   6387560
256   5414624
256   6177080
256   6002892
256   5851532
256   5441312
256   6569504
256   6642120
256   6171044
256   6234460
256   5697356
256   5680548
256   5435680
256   5450628
256   6387916
256   5950824
256   5809360
256   6122256
256   5968292
256   6052836
256   6268728
256   5486892
256   6247288
256   5442980
256   5956212
256   6419752
256   5778788
256   5599196
256   5770116
256   6276468
256   5679684
256   5592296
256   5617776
256   6090540
256   5809604
256   5404672
256   5471120
256   5674300
256   5940696
256   5543820
256   5307608
256   6185620
256   6262100
256   6152156
256   6255424
256   6060072
256   6073900
256   6339048
256   6525824
256   6261284
256   6676632
256   5768388
256   6462752
256   6523288
256   5861580
256   6545848
256   5924256
256   5746592
256   6262100
256   6297304
256   6057800
256   5653708
256   6104504
256   5599384
256   5473248
256   5494264
256   5898588
256   5799856
256   6378696
256   5674080
256   5739840
256   5561356
256   6464320
256   6179920
256   5828408
256   5879204
256   5413712
256   6029356
256   5765528
256   5997648
256   5907576
256   6123320
256   6236256
256   5959440
256   5999040
256   5655280
256   6173340
256   6121584
256   6512268
256   5968036
256   6158268
256   6645636
256   6236624
256   6113908
256   6008308
256   5485852
256   5780072
256   4550928
256   5724204
256   6518236
256   5505252
256   6287392
256   6100972
256   4843100
256   5628888
256   5785812
256   5417232
256   5593660
256   5629316
256   6129572
256   5414280
256   5924680
256   5689608
256   6114956
256   6152528
256   5898260
256   6544808
256   5571832
256   5989696
256   6014232
256   6425996
256   6128868
256   5595092
256   6596968
256   6097608
256   6458832
256   5720480
256   6107836
256   6178092
256   5604900
256   5716012
256   5474016
256   5867420
256   5478152
256   5836492
256   5325416
256   5730484
256   5949452
256   5839388
256   5918140
256   5608228
256   5899504
256   5934032
256   6465612
256   5907396
256   6419232
256   6259476
256   5535484
256   5914208
256   5902280
256   6093920
256   5973440
256   6049348
256   5631212
256   5612960
256   6342640
256   5789180
256   5667700
256   5994140
256   5635420
256   6109120
256   6397816
256   6451124
256   5912812
256   5619168
256   5847248
256   6205920
256   5931852
256   6319492
256   6073984
256   5641464
256   5646672
256   5612344
256   5878248
256   5371024
256   5165804
256   5582988
256   5781472
256   5763204
256   5231496
256   5608748
256   5864528
256   5693812
256   5372676
256   6150332
256   6094600
256   5955108
256   6544040
256   6444264
256   6380740
256   6237608
256   6277896
256   6461332
256   6167912
256   6466636
256   6501716
256   6005176
256   6541764
256   6422552
256   6195956
256   5605832
256   6163896
256   6325160
256   6546304
256   6043800
256   5541772
256   5867528
256   6006152
256   5497740
256   5726360
256   5756872
256   5942440
256   5977548
256   6357392
256   6459416
256   5683716
256   5568216
256   5575872
256   5781188
256   6010956
256   6143064
256   6101396
256   6257588
256   5397660
256   6071704
256   5837424
256   5636216
256   6398980
256   6288132
256   6380004
256   5846292
256   5779268
256   5881212
256   5911480
256   6719072
256   6400376
256   6050756
256   6761780
256   6295072
256   6239060
256   5480060
256   6007416
256   5759000
256   5621864
256   6205192
256   5877728
256   5628504
256   5491776
256   5224344
256   5512476
256   5898160
256   5245720
256   5599904
256   6079000
256   6021736
256   5551272
256   5435396
256   5850580
256   7117420
256   6410736
256   6550616
256   6336612
256   6137976
256   5632208
256   6161924
256   6104764
256   5972756
256   5819204
256   5671660
256   6442056
256   5833516
256   6160656
256   6386752
256   6540740
256   5777472
256   5808684
256   5733428
256   6264316
256   5694492
256   5739260
256   5521388
256   6004604
256   5767792
256   6129596
256   5867164
256   5546304
256   5955568
256   5561280
256   6131492
256   6535052
256   5436252
256   5531920
256   5657912
256   6174308
256   5689148
256   5603188
256   5989700
256   5297212
256   5911680
256   6044492
256   5862300
256   6462132
256   5959584
256   5822000
256   5901976
256   5859124
256   5782340
256   5904324
256   6568636
256   6844280
256   5987216
256   5828912
256   6517680
256   5608064
256   5842020
256   5394052
256   5620804
256   5436248
256   5609124
256   5734540
256   6042992
256   5473072
256   5872112
256   5334968
256   5904896
256   6356876
256   5512932
256   6149028
256   5429032
256   6096336
256   5888180
256   5833068
256   5378780
256   6505308
256   6277376
256   6248716
256   6294700
256   5573500
256   6524772
256   5716460
256   5806048
256   6013328
256   6292492
256   6047988
256   6363292
256   6483912
256   6343652
256   5554440
256   5543436
256   5731548
256   4886968
256   5601776
256   5479132
256   6014156
256   5889152
256   6238704
256   5590664
256   5571832
256   5770044
256   6062416
256   6097652
256   6266888
256   5704288
256   6471388
256   6178172
256   6045404
256   5584496
256   6308796
256   5588284
256   5698120
256   6377596
256   6191120
256   5671316
256   5799076
256   5539336
256   5804276
256   5589788
256   6227084
256   6200296
256   6307560
256   6030968
256   5375068
256   6453816
256   6018480
256   6054124
256   5702528
256   6262032
256   6174748
256   6422388
256   5795524
256   5616324
256   5680180
256   6236696
256   5928604
256   5898528
256   5713712
256   5688172
256   5968564
256   5572708
256   5704104
256   6295392
256   5766796
256   6227640
256   6203556
256   5853384
256   6145636
256   5708256
256   6063308
256   6094364
256   5607560
256   6087924
256   6465184
256   6613812
256   5582500
256   6066244
256   6280080
256   5902496
256   5982460
256   5734328
256   5747544
256   5620656
256   5731564
256   6237908
256   4945176
256   5464364
256   6453848
256   5515764
256   5959492
256   6330280
256   6231140
256   6131120
256   6569524
256   6074000
256   5624736
256   5865180
256   5612064
256   6490132
256   6026348
256   5873032
256   6292472
256   6145332
256   5604100
256   5539356
256   5784156
256   6152720
256   6229368
256   5516344
256   6097632
256   6065104
256   5845372
256   5784728
256   5714336
256   5675892
256   6293600
256   6349180
256   6578072
256   5862084
256   6151948
256   5971348
256   5438388
256   5489692
256   5960384
256   5971704
256   5788140
256   6219768
256   5745928
256   5449992
256   6295292
256   5671208
256   5066688
256   5650332
256   6088068
256   5791492
256   6159760
256   5777164
256   6303880
256   6322936
256   6014372
256   6495576
256   6455980
256   5995936
256   6316488
256   5746416
256   5959824
256   5750948
256   5939760
256   5667264
256   5830420
256   6439064
256   5942240
256   5783656
256   5472348
256   5890816
256   6036952
256   5718040
256   5844936
256   5881816
256   6001652
256   6003616
256   5813864
256   6220424
256   6109144
256   5782792
256   6035536
256   5889632
256   6024340
256   6109424
256   6441420
256   5707596
256   5524580
256   6359036
256   6169108
256   6106148
256   5960608
256   5785468
256   6209196
256   6274820
256   5682144
256   5838204
256   6237248
256   6321580
256   6311884
256   6649656
256   5966244
256   6280504
256   5981460
256   6367792
256   6203020
256   5861876
256   5885096
256   6056384
256   5700448
256   5632084
256   5472452
256   6439936
256   6007412
256   5776692
256   5847280
256   5790476
256   5456316
256   5459724
256   5709616
256   5565408
256   5705164
256   6255708
256   6246916
256   6259412
256   6306756
256   5773916
256   5722264
256   6067376
256   6390716
256   6147424
256   5968164
256   5890736
256   6135844
256   5636256
256   6124648
256   6308340
256   6160280
256   6485908
256   6204696
256   5897444
256   5878248
256   5677736
256   5785784
256   5718000
256   5877688
256   5817720
256   5946868
256   5718664
256   6087552
256   5937256
256   5535132
256   5957128
256   5662720
256   6163360
256   6227688
256   5805636
256   5507384
256   6171224
256   5913700
256   5164788
256   6495816
256   5671008
256   6421660
256   6234968
256   6129220
256   6326552
256   6232392
256   5659656
256   6235592
256   6276008
256   6658440
256   6515076
256   6042252
256   6162400
256   6047248
256   5797940
256   5879476
256   6045396
256   5642488
256   6138920
256   6168080
256   5562992
256   6346560
256   5990312
256   5863444
256   6060512
256   5638904
256   5149052
256   6059460
256   5489980
256   6012444
256   5768028
256   6364912
256   6073412
256   6127584
256   5941692
256   5509868
256   6383152
256   6234276
256   6256720
256   6284756
256   6061328
256   6254968
256   6081940
256   6071580
256   6019800
256   5714964
256   5801448
256   5734804
256   5535148
256   5996680
256   5547212
256   5997800
256   5456360
256   5789136
256   5989712
256   5913596
256   5577220
256   6135396
256   5734896
256   5687308
256   6397396
256   5645272
256   5756328
256   5907252
256   6110792
256   5479716
256   6103852
256   6098204
256   6273480
256   6062640
256   5900680
256   5759276
256   5519736
256   6284336
256   5250568
256   6254124
256   5598656
256   6444836
256   6498364
256   6283592
256   5631904
256   5841520
256   5721832
256   5479604
256   6368636
256   6365028
256   5959752
256   5966872
256   6290468
256   6141680
256   6334668
256   6179024
256   5662856
256   6281356
256   5431816
256   5891892
256   5798300
256   5943188
256   5309176
256   5815832
256   5766668
256   5809204
256   5551408
256   6137220
256   5770936
256   6014044
256   5674444
256   5457892
256   5620692
256   5856960
256   6040912
256   6219812
256   5854088
256   5875348
256   5526676
256   5677604
256   5810976
256   6496824
256   5966484
256   6543972
256   5859828
256   6791280
256   5744888
256   5744276
256   5526180
256   5753936
256   5835508
256   6274540
256   5761656
256   6113040
256   5764416
256   5812324
256   5587116
256   5979940
256   6124684
256   6097904
256   6059188
256   5393212
256   5733836
256   5662936
256   5943724
256   5592092
256   5470808
256   5392760
256   5950500
256   5740752
256   6358660
256   5631252
256   6288512
256   6075752
256   6289052
256   6261432
256   6829800
256   6346344
256   6402028
256   5252920
256   6181440
256   5780000
256   5951824
256   6325120
256   6327568
256   6373316
256   5783816
256   6417512
256   5645432
256   6501716
256   6070892
256   5610568
256   5261512
256   5897164
256   5753864
256   5809240
256   6367260
256   5233096
256   6236960
256   5558084
256   5880524
256   5788820
256   5892796
256   5731968
256   6552996
256   5870960
256   6093968
256   6028284
256   5831016
256   5851772
256   6417700
256   6000512
256   6291500
256   6196264
256   5493128
256   5375208
256   5597808
256   5683444
256   5800296
256   6642924
256   5714804
256   5756092
256   5536248
256   6138316
256   5700104
256   6036700
256   5442352
256   6290096
256   5896240
256   6172796
256   5760596
256   5756240
256   5463712
256   5405540
256   6411000
256   6302300
256   5998784
256   5782552
256   5241052
256   6168876
256   5796448
256   5869620
256   6091364
256   5977968
256   6041548
256   5618440
256   6482468
256   5702112
256   6412920
256   5985084
256   5520460
256   5766032
256   5697916
256   6607856
256   6373044
256   5962368
256   5939696
256   5513644
256   5742504
256   5975580
256   5931292
256   6054332
256   5348412
256   5838352
256   6153248
256   5450788
256   5208280
256   5182216
256   6371912
256   5365284
256   6052916
256   6084304
256   5606596
256   5768696
256   5635484
256   6160992
256   6246104
256   6389104
256   6412424
256   6051476
256   6142472
256   6286820
256   5591836
256   5644220
256   6090960
256   6394488
256   5615976
256   5849132
256   5882096
256   5887388
256   5795632
256   5649432
256   6382552
256   6425872
256   6203024
256   5653080
256   6338156
256   5891844
256   5732752
256   5743996
256   5849428
256   5456080
256   5715392
256   6106460
256   5727636
256   5546712
256   5771712
256   6109904
256   5612384
256   5516708
256   5392280
256   6081132
256   6329348
256   6006800
256   5770252
256   5816844
256   6096416
256   5553992
256   6493800
256   6114820
256   6407368
256   5746708
256   6198884
256   5998732
256   5594112
256   6278908
256   5757352
256   5604112
256   6068272
256   5815180
256   5744932
256   5794796
256   6214216
256   5681496
256   5697392
256   5911000
256   5413056
256   5788876
256   5826192
256   5741428
256   5437064
256   5468444
256   5654080
256   5998024
256   5766160
256   6165496
256   5682444
256   6045880
256   5719176
256   6421312
256   6465436
256   6243080
256   6012732
256   6329184
256   6692480
256   5744292
256   5586900
256   6185920
256   5462028
256   5866808
256   6400368
256   6435128
256   5896604
256   5724900
256   6498816
256   6208684
256   6227620
256   5832512
256   6080076
256   6039736
256   5563964
256   5795312
256   5974012
256   5704396
256   5499776
256   5859240
256   5833120
256   5946860
256   5775388
256   5368068
256   6489896
256   5335064
256   5852672
256   5635964
256   6168856
256   5999008
256   6349076
256   5549636
256   5766104
256   5824312
256   5637576
256   6756632
256   6129236
256   6208568
256   6550520
256   5956484
256   6438260
256   5650124
256   5978400
256   5586528
256   6208924
256   6464940
256   6389432
256   5669824
256   5746808
256   6107252
256   5919660
256   5887964
256   5820504
256   5295656
256   6266388
256   5517980
256   5900840
256   5554988
256   5694212
256   5703380
256   5732684
256   5502124
256   6426172
256   6373892
256   5775348
256   6242776
256   5549996
256   5788276
256   5803344
256   6266988
256   5423300
256   5739700
256   5883948
256   6235924
256   6173792
256   5989160
256   5988004
256   5722076
256   6253480
256   6020456
256   5513436
256   6362148
256   6173060
256   5661796
256   6324972
256   6010312
256   5766508
256   6371004
256   6025912
256   6175148
256   5794808
256   5816856
256   5748212
256   5540592
256   5770752
256   5911140
256   6401704
256   6025804
256   5907204
256   5553212
256   5708628
256   5176096
256   5607992
256   5523640
256   5651172
256   6311336
256   6474072
256   6316456
256   6054012
256   6184660
256   6470520
256   6123312
256   6033512
256   6464412
256   6495764
256   5822080
256   5793652
256   6410228
256   6332984
256   5725736
256   5733780
256   5784976
256   5276712
256   5812744
256   6200264
256   5732572
256   5299904
256   5670880
256   5683156
256   5786448
256   6117528
256   5594752
256   6614412
256   5402592
256   5731596
256   6149072
256   6252452
256   5953696
256   6173512
256   5476200
256   5893716
256   5830564
256   5749792
256   5747704
256   5855796
256   5919172
256   6040756
256   5515012
256   6367944
256   5951588
256   5725924
256   5929744
256   5555392
256   5788968
256   6197616
256   6204344
256   5308192
256   5751056
256   5575784
256   6005404
256   6014260
256   5671080
256   6100260
256   6122416
256   5908868
256   6196932
256   5488600
256   5994492
256   6298092
256   5498112
256   6124516
256   6257928
256   5513592
256   5777676
256   5471332
256   5757988
256   5080052
256   5886760
256   6129928
256   6703200
256   6267900
256   5857660
256   6346332
256   6395140
256   6505772
256   5898808
256   5510892
256   5891320
256   6304232
256   6517644
256   6580428
256   6277800
256   5305396
256   5418648
256   5208020
256   5435740
256   5281760
256   5050404
256   5788904
256   5337368
256   5019096
256   5219720
256   5804532
256   5724720
256   6298028
256   6199280
256   6320284
256   5702572
256   5777432
256   5901396
256   5699972
256   5834792
256   6202808
256   6296240
256   7253992
256   6314616
256   6040768
256   5218864
256   6248672
256   5790492
256   6171220
256   5920084
256   5458624
256   6286060
256   6473396
256   5357100
256   5851400
256   6506164
256   5864536
256   6068020
256   6320040
256   5815408
256   5432732
256   6321112
256   5465680
256   6194304
256   5910536
256   6035492
256   6245188
256   5678812
256   5928972
256   5680936
256   4964876
256   5617696
256   5778256
256   5401960
256   6125404
256   6017328
256   5978144
256   5828532
256   6127396
256   5961856
256   6467428
256   6238468
256   5835856
256   6299272
256   6277136
256   6233456
256   6258684
256   6352760
256   6640560
256   5531888
256   5934320
256   6200604
256   6450068
256   5634172
256   5663804
256   6062648
256   5348904
256   5437412
256   6553556
256   5621860
256   6144012
256   5902660
256   5991932
256   5967680
256   5581584
256   5961356
256   5956388
256   6168380
256   6153368
256   6448112
256   5852340
256   5835532
256   5621132
256   5751468
256   5675508
256   6542420
256   6090708
256   5789120
256   6049588
256   6458828
256   5836148
256   5698468
256   5543900
256   6120164
256   6073124
256   6192532
256   6551552
256   6293692
256   5710648
256   5913008
256   6339704
256   6263440
256   6108868
256   5607488
256   5616800
256   6023788
256   5631064
256   5657256
256   6343764
256   5516772
256   5988124
256   6391324
256   5755568
256   5432852
256   5678556
256   5875488
256   5411800
256   5807888
256   5478500
256   6360192
256   5375732
256   6248996
256   5643036
256   6760108
256   6068924
256   5306760
256   6435532
256   6151008
256   6365352
256   5978096
256   5732364
256   6316224
256   6394568
256   6320172
256   6330184
256   5493476
256   5581852
256   6376540
256   6376228
256   5305676
256   5838816
256   6062200
256   5407716
256   6455184
256   5646156
256   5919708
256   5743988
256   5631008
256   5891708
256   5607188
256   5815704
256   5915164
256   5922336
256   5629624
256   5658276
256   6557084
256   5915680
256   6340756
256   6163108
256   5837352
256   6010540
256   6070636
256   6237004
256   5807520
256   6001204
256   5621288
256   5614060
256   5968404
256   6232560
256   5877324
256   5823668
256   5644968
256   5677824
256   5970488
256   5547116
256   6083408
256   6054376
256   5689432
256   5659804
256   5530336
256   5651300
256   6420536
256   5331756
256   5416756
256   5980184
256   5858028
256   6016096
256   6672828
256   5383908
256   6243288
256   5416000
256   6490924
256   5888620
256   5923640
256   5835168
256   5803064
256   5980544
256   6396544
256   6070444
256   5843752
256   6673828
256   6337900
256   6511348
256   6501332
256   6377992
256   5921772
256   5987608
256   5219100
256   5798180
256   6399264
256   5347892
256   6221832
256   5773052
256   5833780
256   5111048
256   5766948
256   5750224
256   5920392
256   6103888
256   6006072
256   5919932
256   6068240
256   6083788
256   5810480
256   5794480
256   5657740
256   5589200
256   6428208
256   6421972
256   5696640
256   5387896
256   5719860
256   5415528
256   5686940
256   6008064
256   6289372
256   5819880
256   5769360
256   5678528
256   5862360
256   5350800
256   5700628
256   5666292
256   6508920
256   6179172
256   5717700
256   5659468
256   5714604
256   6173720
256   6332024
256   6224464
256   5691028
256   6155312
256   6070536
256   5586632
256   5545540
256   5174944
256   5693372
256   5585228
256   5964152
256   5019756
256   6217276
256   5694428
256   5821060
256   6331184
256   5892296
256   5721272
256   6419636
256   5985568
256   5734464
256   5964152
256   6497676
256   5774884
256   5870680
256   5607288
256   6140256
256   5891456
256   5676724
256   6408764
256   5650016
256   5999600
256   6417128
256   5999748
256   5529020
256   5563772
256   5823644
256   5480652
256   5864120
256   5824652
256   5551828
256   6060532
256   5902452
256   6230324
256   5705216
256   5806976
256   5859572
256   5870384
256   6169600
256   5818184
256   6160008
256   5749616
256   5738556
256   5851816
256   6166740
256   6583100
256   5888148
256   5764408
256   5602112
256   5790112
256   6418396
256   5705780
256   5748648
256   5916844
256   5797012
256   5520052
256   6909832
256   6344396
256   5912080
256   5600888
256   5930204
256   5699488
256   5984168
256   6299756
256   6262436
256   5667708
256   5795860
256   5550064
256   5803328
256   5350188
256   6309804
256   5710260
256   6094364
256   5643440
256   5742596
256   5457164
256   5446036
256   5575576
256   5924728
256   6320020
256   5325780
256   6802960
256   5903900
256   6674312
256   5878132
256   6424908
256   6606356
256   6354524
256   6378700
256   6131772
256   6181488
256   5796828
256   5342472
256   6105960
256   6462740
256   5742996
256   5901624
256   5359140
256   5758388
256   5355820
256   5304700
256   5461520
256   5886564
256   5414196
256   6093548
256   5780300
256   6036116
256   5753728
256   5697116
256   5808444
256   5648288
256   5771992
256   5731480
256   5985976
256   6030716
256   5759356
256   5744968
256   5806892
256   5580956
256   5907396
256   5787904
256   6147612
256   5987724
256   6367776
256   5687424
256   5585648
256   5774568
256   6245704
256   5867212
256   6397500
256   6022144
256   5475488
256   6232824
256   5511176
256   5966392
256   5173296
256   5937376
256   6099304
256   5629896
256   6089920
256   5715744
256   5456612
256   5971676
256   5619540
256   5726792
256   6064632
256   6028360
256   5491716
256   5354376
256   5518060
256   5819224
256   6217472
256   6117276
256   6247900
256   6544684
256   6024804
256   6158328
256   6052996
256   6086012
256   6025028
256   6067280
256   5953432
256   6303352
256   6467112
256   6205396
256   5479428
256   6223356
256   6385208
256   5640484
256   5335248
256   5878776
256   5858472
256   5620368
256   5747172
256   5421968
256   5746208
256   6075952
256   5737656
256   6157876
256   6125348
256   5834292
256   6027556
256   5727368
256   5816032
256   5656464
256   5865780
256   6159972
256   5884952
256   5989288
256   5759700
256   6002348
256   5566064
256   5828508
256   5924436
256   5860012
256   6067200
256   5720396
256   6325872
256   6545596
256   6628776
256   5785672
256   5742232
256   5526992
256   6302920
256   5931752
256   6267296
256   5465876
256   5629228
256   5733956
256   5521260
256   5846716
256   5527192
256   6012800
256   6090204
256   5987652
256   5817964
256   5361404
256   5346368
256   5886212
256   5587700
256   5947776
256   6029228
256   5760756
256   5924192
256   6209568
256   5984044
256   6205232
256   6212692
256   6252928
256   5859200
256   6489400
256   5824064
256   6002724
256   6214476
256   6198476
256   5632504
256   5425660
256   6352456
256   6679080
256   5535684
256   5654456
256   5647172
256   5840772
256   5031604
256   5494248
256   5299852
256   5965984
256   5549128
256   6425932
256   5994624
256   5916868
256   5423328
256   6146496
256   6488856
256   5922196
256   5981872
256   6131628
256   5674432
256   6104940
256   5300180
256   5751864
256   5822608
256   5847408
256   5947476
256   6567032
256   6229292
256   6323640
256   6080396
256   5171880
256   5827424
256   5583448
256   6073376
256   6505020
256   6268600
256   6452804
256   6115288
256   6529996
256   6049000
256   6280184
256   5650616
256   5934820
256   5363468
256   5683984
256   5462952
256   5837164
256   5630340
256   5135688
256   5665064
256   5360096
256   5638840
256   5342720
256   5803932
256   5645180
256   5488544
256   5809388
256   5712100
256   5812112
256   5879220
256   6323596
256   6119344
256   6546972
256   6097376
256   6397592
256   5541276
256   6652136
256   6224504
256   6157188
256   5408148
256   5896892
256   6341936
256   5467288
256   5549072
256   5641120
256   5690004
256   6154608
256   5175292
256   5778848
256   5729408
256   5816336
256   5756952
256   6191316
256   5630876
256   6229196
256   6111968
256   5580040
256   5578940
256   5753932
256   5610080
256   5645004
256   6033556
256   5963184
256   5593432
256   5882508
256   5875924
256   5728784
256   5863904
256   5667932
256   6051652
256   5480344
256   6040344
256   6385376
256   5961432
256   5736264
256   5874296
256   5933988
256   6246620
256   6131808
256   6449956
256   6248588
256   6534500
256   6287932
256   5391088
256   5838984
256   5699144
256   6069856
256   5494712
256   4248516
256   4233524

