63   1902700
256   7044072
256   7052592
256   7038196
193   5320684
256   7052100
256   7043788
256   7037368
256   7058276
256   7054592
256   7029352
256   7042208
256   7126444
256   7016196
256   7170432
256   7021256
256   7143464
256   7104904
256   7059708
256   7152076
256   7134212
256   7113472
256   7057676
256   7030100
256   7248912
256   7150276
256   7192688
256   7200912
256   6289816
256   6198804
256   5730440
256   6327804
256   5512408
256   5696212
256   6455912
256   6347108
256   6111612
256   6366968
256   6081156
256   5465176
256   5723716
256   5420396
256   5851268
256   5973872
256   6272280
256   5953024
256   5165512
256   5532932
256   5788616
256   5583244
256   5706880
256   5783968
256   5763800
256   5702956
256   5661304
256   6284176
256   5809416
256   5331776
256   6199120
256   5467132
256   5668472
256   4965672
256   5687900
256   6342616
256   5472248
256   5928188
256   5630628
256   5783704
256   5620748
256   6139552
256   5538292
256   5830228
256   5464536
256   6065044
256   6330188
256   6190224
256   6273780
256   6259444
256   6512008
256   6005624
256   5678976
256   5885640
256   5775472
256   5820288
256   6266096
256   5727308
256   6187060
256   4808956
256   6139056
256   5433628
256   5361736
256   5429608
256   6537640
256   5843636
256   6241020
256   5469420
256   5577544
256   5335632
256   5837924
256   6080640
256   5876704
256   6153600
256   6309012
256   6183416
256   5989236
256   6271872
256   6197948
256   5958440
256   5715360
256   5366048
256   6513580
256   6352740
256   6401884
256   6064736
256   5794664
256   5665824
256   5660444
256   5659960
256   5487412
256   5629296
256   5937512
256   5228448
256   6062648
256   5849852
256   5668188
256   5903688
256   5431868
256   6185756
256   6292980
256   5944372
256   5607904
256   5571348
256   5827048
256   6242492
256   5736628
256   5198664
256   5512656
256   5610952
256   6227036
256   5708312
256   6190372
256   5755348
256   5765788
256   5888436
256   5716892
256   5779472
256   5390448
256   6405024
256   6253552
256   6021856
256   6174976
256   6240988
256   6128412
256   5508416
256   6102656
256   5576820
256   6253780
256   5885500
256   5775816
256   5485212
256   5517212
256   5739104
256   5403896
256   5869804
256   5644524
256   5692668
256   6305288
256   5868276
256   6029928
256   5396124
256   5815808
256   5726180
256   5673904
256   6003012
256   6139868
256   5877872
256   6280456
256   6078168
256   6328012
256   6087532
256   6298860
256   6290164
256   5969216
256   6298472
256   6197728
256   6316016
256   5770832
256   6040264
256   5589528
256   5910072
256   5473144
256   6045176
256   5215488
256   5181228
256   5748804
256   5303660
256   6118976
256   5683336
256   5785376
256   5875244
256   6039184
256   5552352
256   5725284
256   5964884
256   5780656
256   5676372
256   5571712
256   5840724
256   5898184
256   6000584
256   5702288
256   5780272
256   5725688
256   5513140
256   5921236
256   6071248
256   5815576
256   6375692
256   6169088
256   5557788
256   5625044
256   6069696
256   5418652
256   6356288
256   6047784
256   6073972
256   5977088
256   5599292
256   5844460
256   5792900
256   5574184
256   5368504
256   5770592
256   5811836
256   5647116
256   5660408
256   5599084
256   5759372
256   5427804
256   6265588
256   5503012
256   5596064
256   6223708
256   5740732
256   5722892
256   6219140
256   5561952
256   5549352
256   5979472
256   6228188
256   5960824
256   5416628
256   5890168
256   5760192
256   6320524
256   5813528
256   6504740
256   6263948
256   6348348
256   6191796
256   4887964
256   6325076
256   5809524
256   5265432
256   5769684
256   5664020
256   5227232
256   4951652
256   5950128
256   5230592
256   6019164
256   5224664
256   5821100
256   6018904
256   5643996
256   5597148
256   6165288
256   5680552
256   5707824
256   6311244
256   6065912
256   6337828
256   6067868
256   5733560
256   6180732
256   5760164
256   6242756
256   6182656
256   5966448
256   5804032
256   6070644
256   5640128
256   5802372
256   5123400
256   6085860
256   5393496
256   6162332
256   5665016
256   5772400
256   6083652
256   5966420
256   5619020
256   5920776
256   5697360
256   5520000
256   5410008
256   6022396
256   6057404
256   5545056
256   6080684
256   5483764
256   5704688
256   5549464
256   5671096
256   6076508
256   5581428
256   5433384
256   5855988
256   6137596
256   5638068
256   5489044
256   5760016
256   5533708
256   5934316
256   6525268
256   6188504
256   5520060
256   5478480
256   6107052
256   6374716
256   6125184
256   6393520
256   6180284
256   6328880
256   6258640
256   6157268
256   5500076
256   5527796
256   5716776
256   6314336
256   5677308
256   5617744
256   5915992
256   5832312
256   5416388
256   5643420
256   5596684
256   5735804
256   5922436
256   5490604
256   5471972
256   5587184
256   5958612
256   5898316
256   6133440
256   5572280
256   6474060
256   5755344
256   5966436
256   6040260
256   6467260
256   6217552
256   6148292
256   5876340
256   5729916
256   6014604
256   5489220
256   6175128
256   6221988
256   5538040
256   6393628
256   5938428
256   5501916
256   5335064
256   4744096
256   5076628
256   5540672
256   5679992
256   6058508
256   5721672
256   6095472
256   5853164
256   6115256
256   5870228
256   5462644
256   5718720
256   6387304
256   5317116
256   5610392
256   6118972
256   5906704
256   5463124
256   5561932
256   5708464
256   6347672
256   5522604
256   6055020
256   5441572
256   5669232
256   5454744
256   5616064
256   6000844
256   5980996
256   6547492
256   6184748
256   6444032
256   6244344
256   6485048
256   5880436
256   5838840
256   7111948
256   5263428
256   5662532
256   5531500
256   5333600
256   6270688
256   5848120
256   5683436
256   5757448
256   5702704
256   4614236
256   5545516
256   5388416
256   5513420
256   5881536
256   5779676
256   5633820
256   5543140
256   5534060
256   5613440
256   6064744
256   5714836
256   6311156
256   6317356
256   6328156
256   6044448
256   6097920
256   6204364
256   5842696
256   5782680
256   6362904
256   6059340
256   6335576
256   5801672
256   6441140
256   6175376
256   5967428
256   5447468
256   6417660
256   5957388
256   5485068
256   5603884
256   5804208
256   5058100
256   5207744
256   6042844
256   5793000
256   5973264
256   5802476
256   5608344
256   6172188
256   6041780
256   5481356
256   5825468
256   5925436
256   6152920
256   5743676
256   5496228
256   5790088
256   6018172
256   5702420
256   6102700
256   6272188
256   5838360
256   5363016
256   6001600
256   5516656
256   6146424
256   6256916
256   6497724
256   6280292
256   5790104
256   5457176
256   6103656
256   5469676
256   5439660
256   6223148
256   5733700
256   5678792
256   6079408
256   5742032
256   5848988
256   6238840
256   5540304
256   5698708
256   5829644
256   5904448
256   5798684
256   5824132
256   5504432
256   5761468
256   5292652
256   5178936
256   5828892
256   5516128
256   6125984
256   5874652
256   6326900
256   5774016
256   5549852
256   5831636
256   5756108
256   5727672
256   5856428
256   6361076
256   6059248
256   5614708
256   6523340
256   5689880
256   5897656
256   5570732
256   5137656
256   5470156
256   5277420
256   5829460
256   5155244
256   5549472
256   5695160
256   5741212
256   5986404
256   5795104
256   6303068
256   5911984
256   5996616
256   5330776
256   6544532
256   6143192
256   5770264
256   6213008
256   6555068
256   6093160
256   5598760
256   6184692
256   6354416
256   5720608
256   5428256
256   5737008
256   5219508
256   5955964
256   5530644
256   5642624
256   5654524
256   5189292
256   5522504
256   6278112
256   6115852
256   6000420
256   6306116
256   5521972
256   5773896
256   6243352
256   5697036
256   5509380
256   6155692
256   5162344
256   5469024
256   5659448
256   5868452
256   5555424
256   5591116
256   6232168
256   6243480
256   5337392
256   5795992
256   5788972
256   5794176
256   5754876
256   5149176
256   5764036
256   5556804
256   5700496
256   5637476
256   6230736
256   5775724
256   5652352
256   6300824
256   6380328
256   5748620
256   6094100
256   6153312
256   6323924
256   6299664
256   6360952
256   5803532
256   6146080
256   5204004
256   5430024
256   5905064
256   5559308
256   5084616
256   5576720
256   5690580
256   5744572
256   5728840
256   5235384
256   6413608
256   6193264
256   5762560
256   5719240
256   6019568
256   5942528
256   5531916
256   6086144
256   5598396
256   5856732
256   5382360
256   6046736
256   6435780
256   6268276
256   6551104
256   6441192
256   5705284
256   5484176
256   5957112
256   5591980
256   6041180
256   6011792
256   5431140
256   6254428
256   5934304
256   6366584
256   5553104
256   5802228
256   5658548
256   5685212
256   5634492
256   5959504
256   6253804
256   5554348
256   5306592
256   6048460
256   5380196
256   5766612
256   5602700
256   6161164
256   5870600
256   5225612
256   6114496
256   6150072
256   5301696
256   5961992
256   5581792
256   5622668
256   5797376
256   5957548
256   6080524
256   6119496
256   5964516
256   5592860
256   6033468
256   5964828
256   6073156
256   6330912
256   6608672
256   6050432
256   6259236
256   5997944
256   5761076
256   5524732
256   5291108
256   5736584
256   5439208
256   5297484
256   5601904
256   6117804
256   5431544
256   5793392
256   5714504
256   5471648
256   5576368
256   6364868
256   6129872
256   6168928
256   6103248
256   6025852
256   5773840
256   5970196
256   6042964
256   5592656
256   5470276
256   5906784
256   6582800
256   5564344
256   6169716
256   5765188
256   5802376
256   5674148
256   5584664
256   6060232
256   6253724
256   5477156
256   5563980
256   5889860
256   5432636
256   5087488
256   5338624
256   5773068
256   5957264
256   5548268
256   6045008
256   5560608
256   5785448
256   5619336
256   5800288
256   5669572
256   5754356
256   5622696
256   6528720
256   5848680
256   5658864
256   5552684
256   5607860
256   5539904
256   5658152
256   5504368
256   5609328
256   6107036
256   5631520
256   6639524
256   5608420
256   5932400
256   5807952
256   6600768
256   5862684
256   6342652
256   5883760
256   5845212
256   6321424
256   6205348
256   5446316
256   5962380
256   5725404
256   5683860
256   5620236
256   5818284
256   5775928
256   5797704
256   5626480
256   5506836
256   4921028
256   5434276
256   5517992
256   5705744
256   6195956
256   5767740
256   5652160
256   6176244
256   6156504
256   5981820
256   5195884
256   6141184
256   6172116
256   6687788
256   5623480
256   6211416
256   5910436
256   5336840
256   6502824
256   6212252
256   6222424
256   6383524
256   6173724
256   5705740
256   6396104
256   5774816
256   5658648
256   5778012
256   5302248
256   5510156
256   5644212
256   6209808
256   5632152
256   5855224
256   6148364
256   5950468
256   5748372
256   6087456
256   5604236
256   5790452
256   6135988
256   5940260
256   5275216
256   5787996
256   5637088
256   5868596
256   5941096
256   5617572
256   5653548
256   5851432
256   5947932
256   6255544
256   5566188
256   6405984
256   5954848
256   6015020
256   6344184
256   6297328
256   6003088
256   6229496
256   5560080
256   5580512
256   6179488
256   5584444
256   6044904
256   5653496
256   5765916
256   6019732
256   5478008
256   5694500
256   5811964
256   5636372
256   5849960
256   6007188
256   5627072
256   5816108
256   5653864
256   6342240
256   5706028
256   5786000
256   5815844
256   5895956
256   6088100
256   5800368
256   5765624
256   5707128
256   5760812
256   6052300
256   5756544
256   6508240
256   6367544
256   5660808
256   6474584
256   5567144
256   5751580
256   5825244
256   5764088
256   6378864
256   5925208
256   6033980
256   5428488
256   5866004
256   5482636
256   5835440
256   5522724
256   5968596
256   5621724
256   5838256
256   5607772
256   5720456
256   6012920
256   5461988
256   6029012
256   5519364
256   5647232
256   5879336
256   5678648
256   6055300
256   5655640
256   5949764
256   5545648
256   6159388
256   5500172
256   6115492
256   5885740
256   6151360
256   6729864
256   6144704
256   6411972
256   5841944
256   5560752
256   6372244
256   5597388
256   5801580
256   6052916
256   5792664
256   6083944
256   5886204
256   5925228
256   5849828
256   5878772
256   5773236
256   5562152
256   5421004
256   5312680
256   5885660
256   5652752
256   5460116
256   5498476
256   5599864
256   5631080
256   5648268
256   5610676
256   5678808
256   5510456
256   5626796
256   5609068
256   5923584
256   5865164
256   5490080
256   6145180
256   6586480
256   5395816
256   5931384
256   5815992
256   5695784
256   5592172
256   6070076
256   6370204
256   6059368
256   5348648
256   6233232
256   5427184
256   5494308
256   5014360
256   5689272
256   5516868
256   5239056
256   5392288
256   5663268
256   5746168
256   5553376
256   5624236
256   5758076
256   5390420
256   5805712
256   6187564
256   6047652
256   5726060
256   5517964
256   6257580
256   5673176
256   5438736
256   5563688
256   6281408
256   6546068
256   5593548
256   5462304
256   6371564
256   6295664
256   6364864
256   6422912
256   5528096
256   5240752
256   6082628
256   6452616
256   6091808
256   5390028
256   5867400
256   6046808
256   5990720
256   5863968
256   5912816
256   5668812
256   5177204
256   5939312
256   6209720
256   6236996
256   6066412
256   5101280
256   5321224
256   5360736
256   5784260
256   6060152
256   5950472
256   5677584
256   5278816
256   5539848
256   5486024
256   6429112
256   5828964
256   5978352
256   6034376
256   5971840
256   6089620
256   6277508
256   6038884
256   6451836
256   6430876
256   6232532
256   6263188
256   6664064
256   5765564
256   6242200
256   5802288
256   6094340
256   5775992
256   5561876
256   6006328
256   5641324
256   5870496
256   5984132
256   5038068
256   5013324
256   5266020
256   5580652
256   5460704
256   5838020
256   5639352
256   6061844
256   5971640
256   5468124
256   5562776
256   5618752
256   5848920
256   5890148
256   6323916
256   5843856
256   6371556
256   5829048
256   5981044
256   5492472
256   5626940
256   5404960
256   5948048
256   5666252
256   5565356
256   5750020
256   5649956
256   6151496
256   5775860
256   5501804
256   5461132
256   6057912
256   6093100
256   6164028
256   5324428
256   6279664
256   5455692
256   5420796
256   5685700
256   5795728
256   5986464
256   5823016
256   5525604
256   5907668
256   5645272
256   5472332
256   5424656
256   5932348
256   5280376
256   6054548
256   6413084
256   6304360
256   5963644
256   6098880
256   5467772
256   6228772
256   5940188
256   5746524
256   5632548
256   6301164
256   6381004
256   5962724
256   5921768
256   5858424
256   5699116
256   5421436
256   5656492
256   5816216
256   5321628
256   5985372
256   5909660
256   6141936
256   5740488
256   5429960
256   5350408
256   5545852
256   5797208
256   5390648
256   5304304
256   5960624
256   5654060
256   5315820
256   5797864
256   5575948
256   7131008
256   6312920
256   6074048
256   6175748
256   6420940
256   5513348
256   6083200
256   6541108
256   6130624
256   6331380
256   6136640
256   5662016
256   5384680
256   6531852
256   5663012
256   6028688
256   6254632
256   5755444
256   6360572
256   5192084
256   5667652
256   5662588
256   6117208
256   5717776
256   5651816
256   6341820
256   5772796
256   6224268
256   6073324
256   6201908
256   5650444
256   5563520
256   6069148
256   5435000
256   5441440
256   5776100
256   5920268
256   6234524
256   5553116
256   5168884
256   5557292
256   6031116
256   5729392
256   5634516
256   6461912
256   5732796
256   5578364
256   5735916
256   6407792
256   5761384
256   6163708
256   5682032
256   5969860
256   6039316
256   6043564
256   5191800
256   5282316
256   5714592
256   5397284
256   6094628
256   5506864
256   5461332
256   5607060
256   5701700
256   6167252
256   5829136
256   5175612
256   5144900
256   5864532
256   5572648
256   5049092
256   6286824
256   6085044
256   5710316
256   5578392
256   5744256
256   6180240
256   6060988
256   6115112
256   6117564
256   6191472
256   6465700
256   6329136
256   5887504
256   6224764
256   5958668
256   6260796
256   6122968
256   5666880
256   6467764
256   5539236
256   5844364
256   5687792
256   5562696
256   5431656
256   5548884
256   6313372
256   5405232
256   5965616
256   6127112
256   5629276
256   5816664
256   6166884
256   6080676
256   5541072
256   6402684
256   6319524
256   5389192
256   6048716
256   5720704
256   5816920
256   5695860
256   5354080
256   5735492
256   6194288
256   6092084
256   5415836
256   5638820
256   6049284
256   5701468
256   6265004
256   5945044
256   5889800
256   7235196
256   5649488
256   6227720
256   6276792
256   5643404
256   5578416
256   5352176
256   5907820
256   5319544
256   6518672
256   5755760
256   5896180
256   5711068
256   5383844
256   4983044
256   5250916
256   6001096
256   5511392
256   5869572
256   5496320
256   5484288
256   5569020
256   5892072
256   5833724
256   5289256
256   5771132
256   6023948
256   6524920
256   5889488
256   5858964
256   6544404
256   6061004
256   6054228
256   6392792
256   5448072
256   6094604
256   5873336
256   6520096
256   6263828
256   5634120
256   5821804
256   5783188
256   6072940
256   4944272
256   5415084
256   5715216
256   5938372
256   5088084
256   5394812
256   5727828
256   5826020
256   5651624
256   6074224
256   6132524
256   5790736
256   6056036
256   5832288
256   5417488
256   5598520
256   5739796
256   5581696
256   5950056
256   5725260
256   6084024
256   5977704
256   5610884
256   5293868
256   6018928
256   5639100
256   5683060
256   5423928
256   5584124
256   5881316
256   6302884
256   5874908
256   6222620
256   6264776
256   6064748
256   5479024
256   5522292
256   5999616
256   5850844
256   5716888
256   4940060
256   6163516
256   5626072
256   5580596
256   5459668
256   5578924
256   5691616
256   6019284
256   5576968
256   5754508
256   6104656
256   5359132
256   5469168
256   5949296
256   5578756
256   5408052
256   5599716
256   5861252
256   6126444
256   6273328
256   5993876
256   6271928
256   6398752
256   6554052
256   6502892
256   6348072
256   6019352
256   5787100
256   5408448
256   5944432
256   6280616
256   5351664
256   6300472
256   5252452
256   5785160
256   5430120
256   5732844
256   5683548
256   5741476
256   5244112
256   5078352
256   5313424
256   5204044
256   5860492
256   5973500
256   5624516
256   5931200
256   5353228
256   5824968
256   6206964
256   6042840
256   6025604
256   6397732
256   6299864
256   6469460
256   5676188
256   5645596
256   6253792
256   5770076
256   6163488
256   5682176
256   5532436
256   6222868
256   5583388
256   5551076
256   5723744
256   5451088
256   5516956
256   5407604
256   5756704
256   5899860
256   5970788
256   5809176
256   5972696
256   5290148
256   5889284
256   5486132
256   6024012
256   5999736
256   5680356
256   6077216
256   5521400
256   6126348
256   5495736
256   6273648
256   5025952
256   6082640
256   5571536
256   6007868
256   5317252
256   5873384
256   6141584
256   5874048
256   5626456
256   5935292
256   6209888
256   5925116
256   6372208
256   6326036
256   6445020
256   5792048
256   6257272
256   5525768
256   6347932
256   5540780
256   5820100
256   5661044
256   6193688
256   5933984
256   5660820
256   5784808
256   5818244
256   5768628
256   5778592
256   5838872
256   5467628
256   5151244
256   5621640
256   5079992
256   5544908
256   6341804
256   6216132
256   5651792
256   5663836
256   5925836
256   5751380
256   6140568
256   5936080
256   5494312
256   5703960
256   5727132
256   6172284
256   6163412
256   5695460
256   6408796
256   6320192
256   5401708
256   5877068
256   5538096
256   5872132
256   6073928
256   5629304
256   5223484
256   5016352
256   5887532
256   5774164
256   5892240
256   5721248
256   5725160
256   5617700
256   5610636
256   6010064
256   5591132
256   6194696
256   5501904
256   5553160
256   5381556
256   5518804
256   5512252
256   5861644
256   5483092
256   5707632
256   5363924
256   5725516
256   5620116
256   5934924
256   5489432
256   6088964
256   5799872
256   5667708
256   5559584
256   5791532
256   5456180
256   5498324
256   6786320
256   6292584
256   5926136
256   5958956
256   6301728
256   5472112
256   5577684
256   5854064
256   5748432
256   5931408
256   6106280
256   6264700
256   5775040
256   5826716
256   6260792
256   5180504
256   5450988
256   5793832
256   6138420
256   5773996
256   5323420
256   6336204
256   6129136
256   5629460
256   5585204
256   6200128
256   6399732
256   6163744
256   5706544
256   5537936
256   6129232
256   6017484
256   5674776
256   5504920
256   6150092
256   6541836
256   5312288
256   6262952
256   6361932
256   6113152
256   5797032
256   6076328
256   5713324
256   4886716
256   6463252
256   5250596
256   5810076
256   6042592
256   5763244
256   5599128
256   5934384
256   5560672
256   6085396
256   5538728
256   5940404
256   5453628
256   6272880
256   5282508
256   5772580
256   5575056
256   5385680
256   6414336
256   5639732
256   5386984
256   5341812
256   5705816
256   5603508
256   5524604
256   5503144
256   6253776
256   6145456
256   6241528
256   6191964
256   6215636
256   5909996
256   5916712
256   5903848
256   5473876
256   5797956
256   6058888
256   5656016
256   5907132
256   5866948
256   6268968
256   5505284
256   5852900
256   5594988
256   5866068
256   5306584
256   5606652
256   5654644
256   6192132
256   5547948
256   5386700
256   5625856
256   5487868
256   5702944
256   6000108
256   5947504
256   6015336
256   6268720
256   6425896
256   5974716
256   6027352
256   6134012
256   6075512
256   5442400
256   5880736
256   5901508
256   6042164
256   6106172
256   5426512
256   5616976
256   5894704
256   5855592
256   5628608
256   5584396
256   5401544
256   5428884
256   6144592
256   5832548
256   5394528
256   5668664
256   5682632
256   5783900
256   5851872
256   5999560
256   5817852
256   5988044
256   5606668
256   5892508
256   5608816
256   5723800
256   5913384
256   5892764
256   5443992
256   6018636
256   6213036
256   5637288
256   5876824
256   6187768
256   5573588
256   5567160
256   6473444
256   5911032
256   6199540
256   5888088
256   6135208
256   5614792
256   6334128
256   6181780
256   5413664
256   5351408
256   6044508
256   5697308
256   6186784
256   5698528
256   5449936
256   5672788
256   5311636
256   5983232
256   5647552
256   5774416
256   5713244
256   6037496
256   5616312
256   4943904
256   5284680
256   5924092
256   5289908
256   6326676
256   6272188
256   6009716
256   6211540
256   6274124
256   6070696
256   6035168
256   6168980
256   6292216
256   6007924
256   6321208
256   5875736
256   6345436
256   6184760
256   6445508
256   5628136
256   5814420
256   6055196
256   5976220
256   5882928
256   5785788
256   5610828
256   5308248
256   5443096
256   5206616
256   5812200
256   5789564
256   5653608
256   5585476
256   6227880
256   6185652
256   5742056
256   5710456
256   6041736
256   5778256
256   5474544
256   6411652
256   5815720
256   6553816
256   5942956
256   5984644
256   6136844
256   6301984
256   5913392
256   6118284
256   5561904
256   5407680
256   5748120
256   5428332
256   6404208
256   5841516
256   6182176
256   5626300
256   5864664
256   5881672
256   6284800
256   5763240
256   5558116
256   6204452
256   6097336
256   5683060
256   5684384
256   5924052
256   6246564
256   5794656
256   5540764
256   5840460
256   5632948
256   5344868
256   5601172
256   5948876
256   5843384
256   6018132
256   5536460
256   5302392
256   6146584
256   5699528
256   6349196
256   6074356
256   6179660
256   6399376
256   6428796
256   6151244
256   6432344
256   6195512
256   6270576
256   5469788
256   5508984
256   6466144
256   5863776
256   5673944
256   6103936
256   5475840
256   5425536
256   5355060
256   6090084
256   6006348
256   5896004
256   5749728
256   5212912
256   5015564
256   5667104
256   5908084
256   6018988
256   6394012
256   5935232
256   6216940
256   5748524
256   5670244
256   6387120
256   6097308
256   5693972
256   6157284
256   5726512
256   6334916
256   6226380
256   5956208
256   5483632
256   6211876
256   5774736
256   5814160
256   6125968
256   5735600
256   5664900
256   6380084
256   6451428
256   5977764
256   5672168
256   5564800
256   5777392
256   5353724
256   5724300
256   6021444
256   5918072
256   5891208
256   5733788
256   5743188
256   5770884
256   5611244
256   5144960
256   5867428
256   5242516
256   5657252
256   5851360
256   6011704
256   5620256
256   5953440
256   5658076
256   5720784
256   6026404
256   5801740
256   6435704
256   6417308
256   6220116
256   5707480
256   5849216
256   5838264
256   6273024
256   5927232
256   6033156
256   6334064
256   6354888
256   5526776
256   5586644
256   5595472
256   5339464
256   5640912
256   5656312
256   5693352
256   5294504
256   5190596
256   5137192
256   5632944
256   4762356
256   4836608
256   5625828
256   5797016
256   5918156
256   6022792
256   5673056
256   6424916
256   5688316
256   6355256
256   5423552
256   6219756
256   6297328
256   6232176
256   5965372
256   5858164
256   5564932
256   5880496
256   5800964
256   5434392
256   5463172
256   6403140
256   5883220
256   5624416
256   6104260
256   5381024
256   5371728
256   5053552
256   5499724
256   5914308
256   6164340
256   6053920
256   5430644
256   5368212
256   5967120
256   5509536
256   6036784
256   5832528
256   5595368
256   6105944
256   6111704
256   6480528
256   5427380
256   5700312
256   5870524
256   5575396
256   5980696
256   6194432
256   5328908
256   5796028
256   6095536
256   5955724
256   5870608
256   6266596
256   6434460
256   6421788
256   6276792
256   6318880
256   6182064
256   6203192
256   6301448
256   6338024
256   6307204
256   5679388
256   5608896
256   5760444
256   5795076
256   5659304
256   5655620
256   5450884
256   5716408
256   5572600
256   5460604
256   5141348
256   6425952
256   6066168
256   5666864
256   5954596
256   6195748
256   5860692
256   5699188
256   5856728
256   6101436
256   6199520
256   6261224
256   6092868
256   6315212
256   5767732
256   5196976
256   6368268
256   5475080
256   5578908
256   5775032
256   5603152
256   5525280
256   5811900
256   6157572
256   5413360
256   5978720
256   5300776
256   5399960
256   5437876
256   5348708
256   5446816
256   5903556
256   5553184
256   6196180
256   5954228
256   5813784
256   6064484
256   6021444
256   6336584
256   5822572
256   5700920
256   5959228
256   5574084
256   6169192
256   6276456
256   5581444
256   6241552
256   5585368
256   5621480
256   5661384
256   5989376
256   6073432
256   5751012
256   5897204
256   6231868
256   6082668
256   6227452
256   6099324
256   5720704
256   6403668
256   6296128
256   6031644
256   5687976
256   6103508
256   5678068
256   6060356
256   5591252
256   5483972
256   5999868
256   5705172
256   5584240
256   5747792
256   6081284
256   5337824
256   5406084
256   6286088
256   5528288
256   6004992
256   5567476
256   5535332
256   5581140
256   5956300
256   6049272
256   5823424
256   5620152
256   5552296
256   6521404
256   6399052
256   5691628
256   6202804
256   6352664
256   5728984
256   5519740
256   5439200
256   5631412
256   6245332
256   5719128
256   6446308
256   5793988
256   5535480
256   6303524
256   5035756
256   5564380
256   5649256
256   5360176
256   6174444
256   5739796
256   6036076
256   5991500
256   6000324
256   5438880
256   6203112
256   6121436
256   5555720
256   5708468
256   5524528
256   5536792
256   5681016
256   5886136
256   5913000
256   6527292
256   5363924
256   5319824
256   6368540
256   5997920
256   6042028
256   5826452
256   5473100
256   5675152
256   5685820
256   6083740
256   6216844
256   6252752
256   7147516
256   6027504
256   5615636
256   6151376
256   5514804
256   5696800
256   6084540
256   5636584
256   5666492
256   6082320
256   6057584
256   5571656
256   5569536
256   5563228
256   5689868
256   5222340
256   5557592
256   5295356
256   5923480
256   5718816
256   5351932
256   5262976
256   5521824
256   5957616
256   5813968
256   6151984
256   5811056
256   6378760
256   6053464
256   5713172
256   6461968
256   5790124
256   5641848
256   6373460
256   5953992
256   6195780
256   6411204
256   5923136
256   4998044
256   4927652
256   5506344
256   5750632
256   5605520
256   5853148
256   5309644
256   5810884
256   5112276
256   5469648
256   5898472
256   5756568
256   5457428
256   5799244
256   5659936
256   5886144
256   6420480
256   6025500
256   5698408
256   5528104
256   5926336
256   5738424
256   5688072
256   6076732
256   6202964
256   6178524
256   6120028
256   5575332
256   5649404
256   5711060
256   5501028
256   5613364
256   6521636
256   5810008
256   6058612
256   5491044
256   5970876
256   5733200
256   5888452
256   5784496
256   5678536
256   5876148
256   5460396
256   6057820
256   5896772
256   5626664
256   5669016
256   5625332
256   5725812
256   5750992
256   5809992
256   5570528
256   6213076
256   5710272
256   5401376
256   5508540
256   5509852
256   5349000
256   5703760
256   6243004
256   5629812
256   6023892
256   5608908
256   5870916
256   5641404
256   6192688
256   5766936
256   6103728
256   6319956
256   6450820
256   6344456
256   6221600
256   6300644
256   5840972
256   6331904
256   5291724
256   5409272
256   6041968
256   6125516
256   5914036
256   5551448
256   6278212
256   5545904
256   6275664
256   4920752
256   5448924
256   6201384
256   6255028
256   6049448
256   5659784
256   5936188
256   5462640
256   5547172
256   5720284
256   6145544
256   6041244
256   6045784
256   5912296
256   5495532
256   5647360
256   5899132
256   5370640
256   5964888
256   5391472
256   5780840
256   5635912
256   5777360
256   5827176
256   6130356
256   5703052
256   5697884
256   5802360
256   6090552
256   5982552
256   5582964
256   5771556
256   5967164
256   5704204
256   5339124
256   5972684
256   6008764
256   5389000
256   6150268
256   5827964
256   5412088
256   6112364
256   4858084
256   5742520
256   5065804
256   5518964
256   5987348
256   5662392
256   5991196
256   5917600
256   6123884
256   5321168
256   5944920
256   6561840
256   6283456
256   6247168
256   5703680
256   6247208
256   5821024
256   5850172
256   6088364
256   6117684
256   5798728
256   5760184
256   5725664
256   5306696
256   6164320
256   5802164
256   5455476
256   5368268
256   5276020
256   5691468
256   5605268
256   5475364
256   5799332
256   6091704
256   6058052
256   6426164
256   5811376
256   5786728
256   6069280
256   6152072
256   6441468
256   5624316
256   6223320
256   5844192
256   6313332
256   6275868
256   5803900
256   5924144
256   6305304
256   5726884
256   5657552
256   6246644
256   6347076
256   6197004
256   5476168
256   6229104
256   5823900
256   5340784
256   5512420
256   5750332
256   5706672
256   5566096
256   5651368
256   5427272
256   6019324
256   5278220
256   5876352
256   5650688
256   5320220
256   5786748
256   5730588
256   5610124
256   5741540
256   5918284
256   5683736
256   5948072
256   5579852
256   5633676
256   5555348
256   6098360
256   5826840
256   5509092
256   5796516
256   6049520
256   6412960
256   5743728
256   5604540
256   5573452
256   5833096
256   6223764
256   5498796
256   6046088
256   6037620
256   5784928
256   5710708
256   5775768
256   5797048
256   6019196
256   5583596
256   5177984
256   5616804
256   6121132
256   5102308
256   5689236
256   5547008
256   5491240
256   4751464
256   5612788
256   5773348
256   5341672
256   6038020
256   5546752
256   6194952
256   5807652
256   5808708
256   6678468
256   5534664
256   5909152
256   5671648
256   6134272
256   5728364
256   6034116
256   6089528
256   5861760
256   5912116
256   5783764
256   5915864
256   5800972
256   6034380
256   5509196
256   5757176
256   5251652
256   5663716
256   5624460
256   5708268
256   6289368
256   6093976
256   6282008
256   6184212
256   5925296
256   5748764
256   6133724
256   5912720
256   5783840
256   5300640
256   5480288
256   5441300
256   6182724
256   5627820
256   5295260
256   6230880
256   5731392
256   5501360
256   5384288
256   6032432
256   5934800
256   5413480
256   5625412
256   5524068
256   5633804
256   6410296
256   5848148
256   6257984
256   6546200
256   6449208
256   6594796
256   5627844
256   5687680
256   5473268
256   5915580
256   5580848
256   5645704
256   5577796
256   5446244
256   5899992
256   4926384
256   6126300
256   5567108
256   6106828
256   5452748
256   5379664
256   4968672
256   5288924
256   5423552
256   6156808
256   5466140
256   6448568
256   5970020
256   6253000
256   6213252
256   6103712
256   5515584
256   6280008
256   5488192
256   5820564
256   5647312
256   6085120
256   5652492
256   5548340
256   6216848
256   6259588
256   6011044
256   6140232
256   6175768
256   5620644
256   5770016
256   5108156
256   5389824
256   5782676
256   6052432
256   5608620
256   5800956
256   6029776
256   5640772
256   6226448
256   5782852
256   5814732
256   5895360
256   6123352
256   5752312
256   5698912
256   5690528
256   5484304
256   5900656
256   5577428
256   6103680
256   6075556
256   5818132
256   5682904
256   5457860
256   5809964
256   5481408
256   6252392
256   6267936
256   5583828
256   5992696
256   6398700
256   5521692
256   6537300
256   6533096
256   6118956
256   6080508
256   5687104
256   6005952
256   5862852
256   6054800
256   5665104
256   5622360
256   5485236
256   5575136
256   5581488
256   5547604
256   5762648
256   6295648
256   5913312
256   5364892
256   6483788
256   4549296
256   5637736
256   5894680
256   5835024
256   5573376
256   5882584
256   6175544
256   6190008
256   6289092
256   6375600
256   6088376
256   5834612
256   5823664
256   6164188
256   6010216
256   5684044
256   6289876
256   6315620
256   5732304
256   5698484
256   5594064
256   5416268
256   5686680
256   5856044
256   5646304
256   5261356
256   5714224
256   5793872
256   5624880
256   5474228
256   6215416
256   6530892
256   6171336
256   5685516
256   6512104
256   6170216
256   5843500
256   5830216
256   5579724
256   6021556
256   6528692
256   6023848
256   5930096
256   6160264
256   5748116
256   6307232
256   5605384
256   6035928
256   5428712
256   5604080
256   5863236
256   6279536
256   5370760
256   6424072
256   5817800
256   6386260
256   6181492
256   5974968
256   5677188
256   6276008
256   6394208
256   5486360
256   5899520
256   5481276
256   5504912
256   6077140
256   5528216
256   5737336
256   5957256
256   5788472
256   5550436
256   5708788
256   5609956
256   5618820
256   6426956
256   5494984
256   6212600
256   5557128
256   6029332
256   6506280
256   5917160
256   5787612
256   5564136
256   6331064
256   6446592
256   5783376
256   5730012
256   6230536
256   6213168
256   5668332
256   6495876
256   5511152
256   5560736
256   5840200
256   5989960
256   5507332
256   4970768
256   6362704
256   5438976
256   5588872
256   5510392
256   5694988
256   5988852
256   6084220
256   5526432
256   5768632
256   5463740
256   5263380
256   6230324
256   5937368
256   5771000
256   5779800
256   5940960
256   5933496
256   6130796
256   6463592
256   6313076
256   6325256
256   6579428
256   5418440
256   5594808
256   5616120
256   5442924
256   6240900
256   5657384
256   5725624
256   5399872
256   6375168
256   5745680
256   5883748
256   5814616
256   5387472
256   5427160
256   5809268
256   5826064
256   5736048
256   5722956
256   5760420
256   5764580
256   5575412
256   5424800
256   5515136
256   5570068
256   5991240
256   5693768
256   5295300
256   6531992
256   5933016
256   5753636
256   5445972
256   6789804
256   6284160
256   6307924
256   5819488
256   5263816
256   5891820
256   5942668
256   5641452
256   5771704
256   5840152
256   5837796
256   5682976
256   6248104
256   6258976
256   6170356
256   5692732
256   5664520
256   5506276
256   5552552
256   6034732
256   5110916
256   5260316
256   6143708
256   5936396
256   5430188
256   5964212
256   4807468
256   6239864
256   5924560
256   5976168
256   5804640
256   6303852
256   6453356
256   6013812
256   6707348
256   5993212
256   5997024
256   5472728
256   6405284
256   6237572
256   6666508
256   5395132
256   6034060
256   5679960
256   6189544
256   5710136
256   5984748
256   6532900
256   5976120
256   5859552
256   5697368
256   5571328
256   5580160
256   6012612
256   5595220
256   5721828
256   5298632
256   5951992
256   6221624
256   5823244
256   5766388
256   6081340
256   6317324
256   6024436
256   5556868
256   5727564
256   5760336
256   5533060
256   6500012
256   5371800
256   5335280
256   5862432
256   5835576
256   5928824
256   5530164
256   5819016
256   6408764
256   5858112
256   5942572
256   5810796
256   6196640
256   6136880
256   6344348
256   6080396
256   6222556
256   5480016
256   6232900
256   6206408
256   5987708
256   6160068
256   5924268
256   5858252
256   5629244
256   5572876
256   5790760
256   5806472
256   5299648
256   6145020
256   5198528
256   5449480
256   5583956
256   5555164
256   5524852
256   5719452
256   5906032
256   6029996
256   6145496
256   5469600
256   6342324
256   5771380
256   5870076
256   6274964
256   5558460
256   5552780
256   5926236
256   5742632
256   6017820
256   6330212
256   6220620
256   6396472
256   5549000
256   5541160
256   5694088
256   5785760
256   5603612
256   5617008
256   5706468
256   5981380
256   5936168
256   5449884
256   5675588
256   6101648
256   5481076
256   5820980
256   5693148
256   5627132
256   6036496
256   5583056
256   5975620
256   5501388
256   5576752
256   6140420
256   5584864
256   6517652
256   5617964
256   5886612
256   6150944
256   6283408
256   5443488
256   5737096
256   6117388
256   5556092
256   5858152
256   6092600
256   6467264
256   6351172
256   6617860
256   6404132
256   6192672
256   6159032
256   5787876
256   5417388
256   6253120
256   6106548
256   5270316
256   5520040
256   5655168
256   5760524
256   5035220
256   5053000
256   5339292
256   5599128
256   5639284
256   5793172
256   5625856
256   6361544
256   5689188
256   6289404
256   5596848
256   5722548
256   6192424
256   6435112
256   6320560
256   5890448
256   6175300
256   6064612
256   5827860
256   5656740
256   6460504
256   6028904
256   5757568
256   5581512
256   5602440
256   5952512
256   5231936
256   5748768
256   5531164
256   5561764
256   5813112
256   5482876
256   5563760
256   5767476
256   5348196
256   5622168
256   5744900
256   5542512
256   5755392
256   6124044
256   5637236
256   6128232
256   5682568
256   5576132
256   5253900
256   5703516
256   5926192
256   5811344
256   6074608
256   6310132
256   6094124
256   5460632
256   5909464
256   5628612
256   5527684
256   5912060
256   5674188
256   6226068
256   6013412
256   6418896
256   5703484
256   6204748
256   6254136
256   6074616
256   6115656
256   5962476
256   5418968
256   6237904
256   5207492
256   6548276
256   5695500
256   5592296
256   5645052
256   5914460
256   5944424
256   6178984
256   5093660
256   5547144
256   5502788
256   5088376
256   4782084
256   5848896
256   5979396
256   6116452
256   5852948
256   5962352
256   5523572
256   6176464
256   5640672
256   5892904
256   5747320
256   6405520
256   6289104
256   5743672
256   6103580
256   6296968
256   6442308
256   5750008
256   6480180
256   5427660
256   5588052
256   5777752
256   5942708
256   5244536
256   5863372
256   5710864
256   5530892
256   5616684
256   5741748
256   5826860
256   5553864
256   5747056
256   5891320
256   5919640
256   5995312
256   5592780
256   5975696
256   5470256
256   5947472
256   5786940
256   5906720
256   5793592
256   5678060
256   6241300
256   5966228
256   6390160
256   6188240
256   5580188
256   6067940
256   5672372
256   5761608
256   5662808
256   5894296
256   5920092
256   6042884
256   6553404
256   6481536
256   5929288
256   6045588
256   6086120
256   5364152
256   5727044
256   5575900
256   6304952
256   5638920
256   5885964
256   5374364
256   5811944
256   5559568
256   5792864
256   5318864
256   6313692
256   5891748
256   5745360
256   5286248
256   5490016
256   5637544
256   6281280
256   6220648
256   6124208
256   6354636
256   5997056
256   6290016
256   6367780
256   5512144
256   6287512
256   6114388
256   5729568
256   6032056
256   6015364
256   6217392
256   6166952
256   5702240
256   5198808
256   5383668
256   5563228
256   5591388
256   5921424
256   5627368
256   5955588
256   5075336
256   5919728
256   5263876
256   5889148
256   5643864
256   6267644
256   5731832
256   5800116
256   5859136
256   5678604
256   5701168
256   6175796
256   5586684
256   6327360
256   5727968
256   6300280
256   5610404
256   5801644
256   6349588
256   6059028
256   5478260
256   6493840
256   5722724
256   5338320
256   5846540
256   5702972
256   6372320
256   6391484
256   5710496
256   5618672
256   6021676
256   5701444
256   5614776
256   6175624
256   5684208
256   5966568
256   5464772
256   5798304
256   5636428
256   6166176
256   6289904
256   5540312
256   5484204
256   5835724
256   6041416
256   6050828
256   5924500
256   5832112
256   5854136
256   5358708
256   5705280
256   6016440
256   6294040
256   6062580
256   5946032
256   5735428
256   6063760
256   5926600
256   6058692
256   6104532
256   6290768
256   6107664
256   6254156
256   5496508
256   5885924
256   5675952
256   5804428
256   6085108
256   5541712
256   5992852
256   5766588
256   5412868
256   5511628
256   5237680
256   5482180
256   5623316
256   5322128
256   5677620
256   6225504
256   5326724
256   6328096
256   5950928
256   5882764
256   5821608
256   5898348
256   5761440
256   6113312
256   5727068
256   6247660
256   6280548
256   6372624
256   5522464
256   5427804
256   5570904
256   6317384
256   5897928
256   6118820
256   6224036
256   6189052
256   5760328
256   5515676
256   5960260
256   5494496
256   5739372
256   5454100
256   5567768
256   6093752
256   5790344
256   5974192
256   5538384
256   5861564
256   5750576
256   5528980
256   5847380
256   5627796
256   5684504
256   6211628
256   5546612
256   5926156
256   5831076
256   5234156
256   5841928
256   6365180
256   5532996
256   5912060
256   5506228
256   5463060
256   6316064
256   5908672
256   6353104
256   6381932
256   5868040
256   6041644
256   6077984
256   6062320
256   6350104
256   6137996
256   5647156
256   5601136
256   5879008
256   5752004
256   5396084
256   5933812
256   5576560
256   6241460
256   5633920
256   5728224
256   5663932
256   5943292
256   4917444
256   5968736
256   6056508
256   5647256
256   5922540
256   6333544
256   6158064
256   5751556
256   5653704
256   6420908
256   5747632
256   5771628
256   6105764
256   6232712
256   5553396
256   5536508
256   6349688
256   5518968
256   5919580
256   6498036
256   5886168
256   5723552
256   5380576
256   5890540
256   5588592
256   5695728
256   5723564
256   5972092
256   6400380
256   5695580
256   6331016
256   5822864
256   5673380
256   5647616
256   6328920
256   6051080
256   5345372
256   5912784
256   5756768
256   6095040
256   5733308
256   5703680
256   5554864
256   5475272
256   5938348
256   5900300
256   5866528
256   5703060
256   6228212
256   6093120
256   5452336
256   5671264
256   6126064
256   6278964
256   6236680
256   6429548
256   6764056
256   5809664
256   6262140
256   6201052
256   5841856
256   6334204
256   5719884
256   5883224
256   5572936
256   5701020
256   5782820
256   5583888
256   5561780
256   5795796
256   5529080
256   5919372
256   5747116
256   5416328
256   5586052
256   5506456
256   6043160
256   5686532
256   6107748
256   5651144
256   5569916
256   6119744
256   6325256
256   5747572
256   5568200
256   5679608
256   5576076
256   6414216
256   5787024
256   5303128
256   5826964
256   5896864
256   5229848
256   6119920
256   5558456
256   6446732
256   5950088
256   5823488
256   5593984
256   5587500
256   5507228
256   6092840
256   5823680
256   5706736
256   6198768
256   6054964
256   5658836
256   5842028
256   5948164
256   6037220
256   5583032
256   5285752
256   6003956
256   6057076
256   5408972
256   6138484
256   5654804
256   5527252
256   5536724
256   5316052
256   5841764
256   5643700
256   6049100
256   5470944
256   6507796
256   6320992
256   5898184
256   5564852
256   6252884
256   6011588
256   6228136
256   6287036
256   6240320
256   5597032
256   5628976
256   5537128
256   5426980
256   5969324
256   5966244
256   5340752
256   5720516
256   5534972
256   5965264
256   5680648
256   5286036
256   5884624
256   5406980
256   5614900
256   5837876
256   5814016
256   5040364
256   6293140
256   5927092
256   6085548
256   6253180
256   5872028
256   5876904
256   5889148
256   5570012
256   6351916
256   5569528
256   5737992
256   5652484
256   5629892
256   5969324
256   5522220
256   6046632
256   5869820
256   6068276
256   5529944
256   5649040
256   5289340
256   5684348
256   5558708
256   6294928
256   5639980
256   5907764
256   5805052
256   5487952
256   6222320
256   5807888
256   5904328
256   5774320
256   6116868
256   6149232
256   5747720
256   5787656
256   6001200
256   6176956
256   5263452
256   5426776
256   5964588
256   6310520
256   5675184
256   5925548
256   5662040
256   5399800
256   5333596
256   5519276
256   6372880
256   5420044
256   5892384
256   6553572
256   5998344
256   5932688
256   5988132
256   5867616
256   5652100
256   5577208
256   5925936
256   5633112
256   5650872
256   5976452
256   5438928
256   5448540
256   5618200
256   5126776
256   5741852
256   5264104
256   5804932
256   6111704
256   5705764
256   5336288
256   6289476
256   5898504
256   5836840
256   6019992
256   6287028
256   5870848
256   6188044
256   6026964
256   5857172
256   5841300
256   6054776
256   6210668
256   5781844
256   6011292
256   5926712
256   5504288
256   5314248
256   5598076
256   5668148
256   5959452
256   5566692
256   4795964
256   5827028
256   5365304
256   5596404
256   5690196
256   4739608
256   5389400
256   5647968
256   5932300
256   6078052
256   5555344
256   5470472
256   5897784
256   6104504
256   5819692
256   6188916
256   5920908
256   5834184
256   6016736
256   6030848
256   6208376
256   6155924
256   6240132
256   5688416
256   5583992
256   5679768
256   5952520
256   5479760
256   5295532
256   5541372
256   6433000
256   5819240
256   5586884
256   5826148
256   5985384
256   5462756
256   6191864
256   6352572
256   5705028
256   5800896
256   6051544
256   5886344
256   5632976
256   5863248
256   6112844
256   5652812
256   5856304
256   5524708
256   5726212
256   5675612
256   5336456
256   5826436
256   5167424
256   5225936
256   5916408
256   6245804
256   5998088
256   6318832
256   5926648
256   6008320
256   5632900
256   5488036
256   6291676
256   5719684
256   5658792
256   5451824
256   6232376
256   6001736
256   6014188
256   6565576
256   5734280
256   5226892
256   5988288
256   6058060
256   6213516
256   5757180
256   5436184
256   5303380
256   5796268
256   6058192
256   5433072
256   4767856
256   5505892
256   6328304
256   6022496
256   5436972
256   5894356
256   5981756
256   5736484
256   5838576
256   6135688
256   5763092
256   6179196
256   5893136
256   5272388
256   5730392
256   5805224
256   6288840
256   6189192
256   5828728
256   6142232
256   6427608
256   6037996
256   6262632
256   5354644
256   5630496
256   6081112
256   4968944
256   5426616
256   6271236
256   5635420
256   6117956
256   6258132
256   5492016
256   5484756
256   5528764
256   5745688
256   5842980
256   6012480
256   6123892
256   6403296
256   5503420
256   5916828
256   5683612
256   5655548
256   5544548
256   5242804
256   6020556
256   6055112
256   6008636
256   5609216
256   5484368
256   5779144
256   6361404
256   6062572
256   5554884
256   6269588
256   6130584
256   6014644
256   5774796
256   5997320
256   5448424
256   5855440
256   5917160
256   5574452
256   6254208
256   5518820
256   5819344
256   6035508
256   5541820
256   5736196
256   5695528
256   5619504
256   5527268
256   6325856
256   5988368
256   5433768
256   5639560
256   5849704
256   5891412
256   5755408
256   5520632
256   5597268
256   5630936
256   5885332
256   6115096
256   6327312
256   6138932
256   6259440
256   5784848
256   6025536
256   5881532
256   6499592
256   6104968
256   5728292
256   6220512
256   5455064
256   5671616
256   5782312
256   5795608
256   6111516
256   6005328
256   5469584
256   5849768
256   5709132
256   5635984
256   5737308
256   5714824
256   5555860
256   6097696
256   6194040
256   5913400
256   5589112
256   6120756
256   5481308
256   5550184
256   6022516
256   5733324
256   5544600
256   5903248
256   5352856
256   5540124
256   6335104
256   5729628
256   5688080
256   5579628
256   5680624
256   6569844
256   5515352
256   6103304
256   5770024
256   6214392
256   6413760
256   6278420
256   5544560
256   6378644
256   6507544
256   5598356
256   6107860
256   5776280
256   6084576
256   6354656
256   5845516
256   5703560
256   5744396
256   5252372
256   6205336
256   5513140
256   5484244
256   5422052
256   5138068
256   5939412
256   5487176
256   5525332
256   5533752
256   5658164
256   6392924
256   5573076
256   5973808
256   5454852
256   5910600
256   5496856
256   6102684
256   6114664
256   6026948
256   6307752
256   5963164
256   5791876
256   5447456
256   5697228
256   6564396
256   5752312
256   6236000
256   5696416
256   5125596
256   5552260
256   5281640
256   5057724
256   5971808
256   5727628
256   6184892
256   5841432
256   5329872
256   5974848
256   5929864
256   6037512
256   6311640
256   5547340
256   5579648
256   6139600
256   6080964
256   5562072
256   5770080
256   5964240
256   5585752
256   5517700
256   5393436
256   5945708
256   6280500
256   5525312
256   6106192
256   5826004
256   6229248
256   6057760
256   6214024
256   5594452
256   5567252
256   6091708
256   6118160
256   6143944
256   6239640
256   6271232
256   6209096
256   5628140
256   6353556
256   5768984
256   5825712
256   5491544
256   5838092
256   5684712
256   5707884
256   5600056
256   5547188
256   5526716
256   6196124
256   6049600
256   5715496
256   4993948
256   5585768
256   5807552
256   5501384
256   5684868
256   5574340
256   6479344
256   6027416
256   6179492
256   6130732
256   6170908
256   5713596
256   6208248
256   5970944
256   6315284
256   6295344
256   6129176
256   5831988
256   5877960
256   5648856
256   5711768
256   6201176
256   5491648
256   5746952
256   5462804
256   5924424
256   5838224
256   5733224
256   6053264
256   5821572
256   5672828
256   6281960
256   6152832
256   5784760
256   5941956
256   5613008
256   5597612
256   5861528
256   5485840
256   5692316
256   6385556
256   6019184
256   6025348
256   5952228
256   4948448
256   5753312
256   6388428
256   4502464
256   5791208
256   6004376
256   6189132
256   5233768
256   5921348
256   6183640
256   5763336
256   5818408
256   5750760
256   5424320
256   5597224
256   5748376
256   5526696
256   6059560
256   5460816
256   5716348
256   5692848
256   5453496
256   5371176
256   5881220
256   5951492
256   5444272
256   5558428
256   5536976
256   5177076
256   5509112
256   5871140
256   5626048
256   6660160
256   5725192
256   6409608
256   6004884
256   5500884
256   5704388
256   6382096
256   5691268
256   6331680
256   6057516
256   6350500
256   5536652
256   5997624
256   6457668
256   5660340
256   5805952
256   5229748
256   5570296
256   5750268
256   5694976
256   5855104
256   5576224
256   5388880
256   5702316
256   5706564
256   5884276
256   5890116
256   6287884
256   5603440
256   5938336
256   5956444
256   5965988
256   5414800
256   5465048
256   5838880
256   5380012
256   5646776
256   6082484
256   5650148
256   5593240
256   5480376
256   5765176
256   5340332
256   6477144
256   6428012
256   6202936
256   5875576
256   6150564
256   5939228
256   6416244
256   6565180
256   5933880
256   6185548
256   5554248
256   6295964
256   6206608
256   5859980
256   5717236
256   5495156
256   5755224
256   5684148
256   5490672
256   5755484
256   5988000
256   5943332
256   5648724
256   6154844
256   5788012
256   4957800
256   5315116
256   5755328
256   5770748
256   6260948
256   5452968
256   6112136
256   6025036
256   6238620
256   6140832
256   6085840
256   6489080
256   6149040
256   6083776
256   5763080
256   5338116
256   6559064
256   6215012
256   6018124
256   5864048
256   6071908
256   6187516
256   5331924
256   5787892
256   5122820
256   5402128
256   5719700
256   5379544
256   5526836
256   5262404
256   5951072
256   5675184
256   5659864
256   5446220
256   6109144
256   6211536
256   5565032
256   5973140
256   6249024
256   5678972
256   5672012
256   5743940
256   6307244
256   6285072
256   5666376
256   5507388
256   5605664
256   5935712
256   6069632
256   6434256
256   5505016
256   6334492
256   6018488
256   5753824
256   6181024
256   5403008
256   6455048
256   6161120
256   5898340
256   5773024
256   5472496
256   5653080
256   5727108
256   5841280
256   5502084
256   5524052
256   5929016
256   6212264
256   5459072
256   5773092
256   5790328
256   4900668
256   6018208
256   5131728
256   6223028
256   5477328
256   5940612
256   5451180
256   5603236
256   6180416
256   5523308
256   6333364
256   6404940
256   5681592
256   5994152
256   6477332
256   5714736
256   6164140
256   6449260
256   5719984
256   5856180
256   5918284
256   6653868
256   5650316
256   5457016
256   5696432
256   5592024
256   5737816
256   5028844
256   5170720
256   5807000
256   5312416
256   5321768
256   5194596
256   5099516
256   5368324
256   5447296
256   5795444
256   5930140
256   6078312
256   6246468
256   5669852
256   6074696
256   6102728
256   5375628
256   5761624
256   6088172
256   5861080
256   6331592
256   5868064
256   5650864
256   5914320
256   5760372
256   5931580
256   5521076
256   6163196
256   6308200
256   5766048
256   6146676
256   6544544
256   6422796
256   5973352
256   6269772
256   5713700
256   5627080
256   6182316
256   5596888
256   5845836
256   6238324
256   5516592
256   5734044
256   5553380
256   6114240
256   5648984
256   5679200
256   5622484
256   5943072
256   5826620
256   5906808
256   4981136
256   5655264
256   5447356
256   5504120
256   6218260
256   5722804
256   6240540
256   6128332
256   6261980
256   6207920
256   6216876
256   6601552
256   6384988
256   6349464
256   6305320
256   5975856
256   6075072
256   5721380
256   6159584
256   5493840
256   5566056
256   6119620
256   5562696
256   5819924
256   5512156
256   5553812
256   5384476
256   5445496
256   5728708
256   5450836
256   5676724
256   6326516
256   6099168
256   6300820
256   6052864
256   5648876
256   6213792
256   5631192
256   6033320
256   6579124
256   6023212
256   6323616
256   5756612
256   6338560
256   5515048
256   6272860
256   5327024
256   6027680
256   6066932
256   6583032
256   6158332
256   5463052
256   5654952
256   5479128
256   5435124
256   5417700
256   6089600
256   5713464
256   5850916
256   5719568
256   6133452
256   5827544
256   5693456
256   5605268
256   5583796
256   5409800
256   5808028
256   5477764
256   5679732
256   5981728
256   6080220
256   5637172
256   5498156
256   5842944
256   5995128
256   5846696
256   4867984
256   6041428
256   5662748
256   5677088
256   6236412
256   5813960
256   5945056
256   6038524
256   6151800
256   6121532
256   5855408
256   5966996
256   5973960
256   5289596
256   5719992
256   5457336
256   6102080
256   5627352
256   5863856
256   4735624
256   5107196
256   5777968
256   5425520
256   5814000
256   6161216
256   5474928
256   5437368
256   5546312
256   5813236
256   5555384
256   5501988
256   6054516
256   6163872
256   6174988
256   6093816
256   5625932
256   5746152
256   6188876
256   5572480
256   5773884
256   6270312
256   5859076
256   5837340
256   5792456
256   5956660
256   6412584
256   6025952
256   5968344
256   6280732
256   6267632
256   5971032
256   5451444
256   6043184
256   5613416
256   5532696
256   5758944
256   5401900
256   5837324
256   5680556
256   6301436
256   5548600
256   6074688
256   5665800
256   5729312
256   5964264
256   5934724
256   5624572
256   5650788
256   5632012
256   5893040
256   5636664
256   5302348
256   5679944
256   5600296
256   5695256
256   5462324
256   6137004
256   5760392
256   5506832
256   6298040
256   5828452
256   6210280
256   6328336
256   6145244
256   5999812
256   6272072
256   6132988
256   6025376
256   5558920
256   5528984
256   5854788
256   5924664
256   5629516
256   6210012
256   5373552
256   5917912
256   5539640
256   6189108
256   5624704
256   5505800
256   5802288
256   5680748
256   5279196
256   6207380
256   5988248
256   6107940
256   6265748
256   5725572
256   6034444
256   6057600
256   6178756
256   6579160
256   6134600
256   6168508
256   6077600
256   6154276
256   6373260
256   5375388
256   6461784
256   5514764
256   5645212
256   5725784
256   6544172
256   6199476
256   5745088
256   5152924
256   5729580
256   5818308
256   4896848
256   5947488
256   5831668
256   6161740
256   5620320
256   5881356
256   5792592
256   6024648
256   6000004
256   5741532
256   5948440
256   5962188
256   5389772
256   5539320
256   5504388
256   5593636
256   6061636
256   5608620
256   5522980
256   6312852
256   5948568
256   5696348
256   6183236
256   5455980
256   6426084
256   5501704
256   6365296
256   6261208
256   6472100
256   5926204
256   6272792
256   5958732
256   5799428
256   6314096
256   5672384
256   5757996
256   5457756
256   6099220
256   6014488
256   6000876
256   5885072
256   5782892
256   5099388
256   5604476
256   5474028
256   5646740
256   6161272
256   5689432
256   5632464
256   5370352
256   5690508
256   5643088
256   6379272
256   5711816
256   6149700
256   5990696
256   5710204
256   6123024
256   6431492
256   6024352
256   6011688
256   5653904
256   5465392
256   6134272
256   6076808
256   6135000
256   6221684
256   4945776
256   5836356
256   5540276
256   5594804
256   5586456
256   5581068
256   5600728
256   5560160
256   6100568
256   5844488
256   5508656
256   5901800
256   5833780
256   5907068
256   5922168
256   6248800
256   5762376
256   5760736
256   5835944
256   5559480
256   5933048
256   5571920
256   5761376
256   5541800
256   6326180
256   6043504
256   5862156
256   5717284
256   5507948
256   5671728
256   5434308
256   6213420
256   6453448
256   6400004
256   6127320
256   6125244
256   6296392
256   5988632
256   6006456
256   5484556
256   5689684
256   5591428
256   5508084
256   5971684
256   5907516
256   5736456
256   5627956
256   5748676
256   5355420
256   6022924
256   5871944
256   5704848
256   5543320
256   5688816
256   5526448
256   5592964
256   5506744
256   5715276
256   5516044
256   5885364
256   6353748
256   6093476
256   6654060
256   6247424
256   5708336
256   6409688
256   5294056
256   6300560
256   6337224
256   6106812
256   5562368
256   6158932
256   5297120
256   5787556
256   5703200
256   5602392
256   6089208
256   5238072
256   5577220
256   5772136
256   5622624
256   5549844
256   5145268
256   5410600
256   5940984
256   6184220
256   5890240
256   5913172
256   6000708
256   5893572
256   5665828
256   5451172
256   5588576
256   6506592
256   5986228
256   6275448
256   5950048
256   6146912
256   5492772
256   6334172
256   5833904
256   5830296
256   6217912
256   5966232
256   5437140
256   5736356
256   5875772
256   6040068
256   5773148
256   6464972
256   5683784
256   5904180
256   6166632
256   6094204
256   5944484
256   5551712
256   5690572
256   5687680
256   5861300
256   5543772
256   6276576
256   6181248
256   5682932
256   4854964
256   5713072
256   5337152
256   5666232
256   5296500
256   5886588
256   5806424
256   5936420
256   6336584
256   6011164
256   5950904
256   6031192
256   6144180
256   5856532
256   6232024
256   6384392
256   6419052
256   5709356
256   5702376
256   6147136
256   6292160
256   6107016
256   6030516
256   5861876
256   5892892
256   5462932
256   5400672
256   5659940
256   5423884
256   5606112
256   4972640
256   5491556
256   5714852
256   6017044
256   5420004
256   6303812
256   6269436
256   6008360
256   5914280
256   6213184
256   5814508
256   6005876
256   5652208
256   6341448
256   5174548
256   6326728
256   6302292
256   6179624
256   5851264
256   6314324
256   6099680
256   6079016
256   5446148
256   5688416
256   5794780
256   5386516
256   5808124
256   5921900
256   5688104
256   6085500
256   6084744
256   5611008
256   5562288
256   5764396
256   5692520
256   6099492
256   5827624
256   5746320
256   6216248
256   6068864
256   6239684
256   5810052
256   5019172
256   5553476
256   6090436
256   6002012
256   5994812
256   5772992
256   5713128
256   5601808
256   5690840
256   5513244
256   6080420
256   5816156
256   6100856
256   6247716
256   5778468
256   6091528
256   6353188
256   6018556
256   6177424
256   5768508
256   5438828
256   6457704
256   5419380
256   6364144
256   5677956
256   5369132
256   6225952
256   5174424
256   6082172
256   5569876
256   6278520
256   5302964
256   5860312
256   5772856
256   5702832
256   6159500
256   5716180
256   5957388
256   5859556
256   6134860
256   6110376
256   5609600
256   6496708
256   6230188
256   6115108
256   5540044
256   5685256
256   6277632
256   5747124
256   5872456
256   5846836
256   5672828
256   5602532
256   5850516
256   6160616
256   6238880
256   6023208
256   5954288
256   6037652
256   5756948
256   5815700
256   5710848
256   5520412
256   5816164
256   5435468
256   5536000
256   6027404
256   6081340
256   5789236
256   5162432
256   6211260
256   6331972
256   5591988
256   5745476
256   5701336
256   5905584
256   5663608
256   5605540
256   5303632
256   5710480
256   5221580
256   5721532
256   6059892
256   6395076
256   5498588
256   5940428
256   6291008
256   6263324
256   6360332
256   6358468
256   6465744
256   6304132
256   6024644
256   5779076
256   6095236
256   5331712
256   5571076
256   6242168
256   5652848
256   5943484
256   5431120
256   5860444
256   5739224
256   5943824
256   5627032
256   5203436
256   5719148
256   5694740
256   5600544
256   5938284
256   6302268
256   5753308
256   5801656
256   5804732
256   5914760
256   6187556
256   5666388
256   5979180
256   6326032
256   6152648
256   5478700
256   6133128
256   5584116
256   5639940
256   5646912
256   5961168
256   6239768
256   5660592
256   6370544
256   6211148
256   5771880
256   5744916
256   5741260
256   5304508
256   5521784
256   5526508
256   5964368
256   5639692
256   6040628
256   5642548
256   5537356
256   6077720
256   6112852
256   5340592
256   5789892
256   5849820
256   6315356
256   6423512
256   5720856
256   6177796
256   5444208
256   5308604
256   5609680
256   6059444
256   5836048
256   5432276
256   6004700
256   5693572
256   5660452
256   5886164
256   5973868
256   6144108
256   6283476
256   6490996
256   5525076
256   6063488
256   5514676
256   5936080
256   6263148
256   5804280
256   5492300
256   6091372
256   5848092
256   5612192
256   5423164
256   5982016
256   5479312
256   5899920
256   5241096
256   5847704
256   5517808
256   5727760
256   5849880
256   5569596
256   5648500
256   5895436
256   5885936
256   6434464
256   5492520
256   6039936
256   5975104
256   6285360
256   6270096
256   6113736
256   5989684
256   5580300
256   6450192
256   6284252
256   5364840
256   5700784
256   5933004
256   6353732
256   5708124
256   5783032
256   5720212
256   5415856
256   5568356
256   5726496
256   5403408
256   5635212
256   5790060
256   5963896
256   5746988
256   5568112
256   5799036
256   5593988
256   6108424
256   6075052
256   5817188
256   5340780
256   5771972
256   5469552
256   6041200
256   5992956
256   6386712
256   5831712
256   5549056
256   5653984
256   5988320
256   5720920
256   5402956
256   5584920
256   6281360
256   6058120
256   6148660
256   6023436
256   6092232
256   5609324
256   6236608
256   6078504
256   5618828
256   6365416
256   5449776
256   6155320
256   5288140
256   5588868
256   5843372
256   5999236
256   5779260
256   5453924
256   5909032
256   5569764
256   6087428
256   5028564
256   5092060
256   5397468
256   5603776
256   5295272
256   5310352
256   5665608
256   5888004
256   6423268
256   5759624
256   6158668
256   6097372
256   5449628
256   5410860
256   6191396
256   6422404
256   6056732
256   5969020
256   5968232
256   5558908
256   6294176
256   5886716
256   5747472
256   5660780
256   5503168
256   5719720
256   5498512
256   5474396
256   5877696
256   5536640
256   5878808
256   5750352
256   5567084
256   6368604
256   5301220
256   6028568
256   5606056
256   5797788
256   5762812
256   6152756
256   5923960
256   5456540
256   6451316
256   6410440
256   6459912
256   6422136
256   5758624
256   5803224
256   5912244
256   5830356
256   6160308
256   6035676
256   5829440
256   5658140
256   5618768
256   5310444
256   6394672
256   6289660
256   5706284
256   5705904
256   5513172
256   5781320
256   5209936
256   5619592
256   5521976
256   5592316
256   5843092
256   6095976
256   5566272
256   5690812
256   5817688
256   5451540
256   5987600
256   5992224
256   5511416
256   5593004
256   5928500
256   6066476
256   5829728
256   5914084
256   6346896
256   6233704
256   6180476
256   5770412
256   6434576
256   6575028
256   6185728
256   5894584
256   6170416
256   6338316
256   6085876
256   5950132
256   6009472
256   5972084
256   5667684
256   6409584
256   6229932
256   5381276
256   5681868
256   5141028
256   5724656
256   5662904
256   5250908
256   4643196
256   5227492
256   5517028
256   5428936
256   5788724
256   5819876
256   6056592
256   5560724
256   5549792
256   5795996
256   5703232
256   5548836
256   5542816
256   5502212
256   6048820
256   6122860
256   5942680
256   5545368
256   5922108
256   6259764
256   5976372
256   5554624
256   5950020
256   5680908
256   5211080
256   5585620
256   6295732
256   6201728
256   6194976
256   6206848
256   5698116
256   5437388
256   5725888
256   5766772
256   6096144
256   5856348
256   6107084
256   5528152
256   5823212
256   5941276
256   5525680
256   5198540
256   5586660
256   6088324
256   5354660
256   6255144
256   5680008
256   5522916
256   5843536
256   5971204
256   5816824
256   6141660
256   5308104
256   6394860
256   6352548
256   5808196
256   5412384
256   5691752
256   6103204
256   5794372
256   5722068
256   6447128
256   6021368
256   5967560
256   5493444
256   5807752
256   5674016
256   5718780
256   5521640
256   5523244
256   5784916
256   5560528
256   5524048
256   5747504
256   5914584
256   4820668
256   6062920
256   5091808
256   5118004
256   6272976
256   5634844
256   5838320
256   5312216
256   6047688
256   6132500
256   5776784
256   5785340
256   5965536
256   5731780
256   6165172
256   5834704
256   6230340
256   6156588
256   5773324
256   5824136
256   5579032
256   6388988
256   5435416
256   5869156
256   6112296
256   5467112
256   5430400
256   5940036
256   6361216
256   6087076
256   6286820
256   6024356
256   6090292
256   5878552
256   5616108
256   6098700
256   5324712
256   5833308
256   5679224
256   6221876
256   5583028
256   6002548
256   5751296
256   5757412
256   5825636
256   5289512
256   5988284
256   5925112
256   6153948
256   5580932
256   5778176
256   5369184
256   5467268
256   5817304
256   6113496
256   5987524
256   5841252
256   6333508
256   6231220
256   5816964
256   6390672
256   6533700
256   6054628
256   5985116
256   5325364
256   5428960
256   6195164
256   5591768
256   5712892
256   6215416
256   5529600
256   5890900
256   5763464
256   4636424
256   5768720
256   5746252
256   5695456
256   5972316
256   5955164
256   6183296
256   6437160
256   5651836
256   6171376
256   5648200
256   5281168
256   6488360
256   5838724
256   5776732
256   5681832
256   6464480
256   5972800
256   5527816
256   5853124
256   5298452
256   6040428
256   6290828
256   5482356
256   6073928
256   5559028
256   5452464
256   5452188
256   5715864
256   5360576
256   5623000
256   6241724
256   5802484
256   6130592
256   5872472
256   5582580
256   5715612
256   5839484
256   5602372
256   5560500
256   5959756
256   6287888
256   5346608
256   5671668
256   5695880
256   5676612
256   5416632
256   5146156
256   5777340
256   5598768
256   5778008
256   6507880
256   5755452
256   5437028
256   5183212
256   6141676
256   6130988
256   6404200
256   6115392
256   6202364
256   6439308
256   5639172
256   5994952
256   5459908
256   6172256
256   5915312
256   5612112
256   5773776
256   6146300
256   5699268
256   5601200
256   5447944
256   5172668
256   5674568
256   5763980
256   5995840
256   5938480
256   4989396
256   6037684
256   5502060
256   6017568
256   5869692
256   5833492
256   6277292
256   6257476
256   6247428
256   6369364
256   6067376
256   6168432
256   5654296
256   6084076
256   5802936
256   6334748
256   6338516
256   5601372
256   5976876
256   5579740
256   5598416
256   5465188
256   6185044
256   5959040
256   5604804
256   5602460
256   5115020
256   5611280
256   5507068
256   6140904
256   5662836
256   5796900
256   6081424
256   5800588
256   5787868
256   6088380
256   5479132
256   6011276
256   5771248
256   5582464
256   5705352
256   6116844
256   5825740
256   5777572
256   5806280
256   5817972
256   5543548
256   5620700
256   6053820
256   5942080
256   5805368
256   5710524
256   5598704
256   5886608
256   6209580
256   6357340
256   5580704
256   6500248
256   6546016
256   6746576
256   6179284
256   5499020
256   5826124
256   5821048
256   5306016
256   5747120
256   5910600
256   6103208
256   6164804
256   5415588
256   6085660
256   5672000
256   5463948
256   5656404
256   5288692
256   5480472
256   5878680
256   6018652
256   6339832
256   5507644
256   6058216
256   5385352
256   5741240
256   5959444
256   6123960
256   6264748
256   5629104
256   6213780
256   5501528
256   6285060
256   6200088
256   5577008
256   6296968
256   6275048
256   5657816
256   5638988
256   6179296
256   5565976
256   5464004
256   5318780
256   5676900
256   5008252
256   5145384
256   5751436
256   5797004
256   5892868
256   5686988
256   5774952
256   5852208
256   5807776
256   5943896
256   5293868
256   6072120
256   5666092
256   6351456
256   6431624
256   5617192
256   5955960
256   5813808
256   6463496
256   5497404
256   6105296
256   5449192
256   6219296
256   5920120
256   5637520
256   5550644
256   5896320
256   6555104
256   6558812
256   6291596
256   5724924
256   5829068
256   5642216
256   5986868
256   5313804
256   5730812
256   5631328
256   5631844
256   5428652
256   6064196
256   5309888
256   5709784
256   5960544
256   6022676
256   5542208
256   6249084
256   5969092
256   6251984
256   5807112
256   5313900
256   5653912
256   6384636
256   6329492
256   5887696
256   6232316
256   6243180
256   6548344
256   6171576
256   5579672
256   5644800
256   5727760
256   6233248
256   5890884
256   6530684
256   6500968
256   6264652
256   6372312
256   5935712
256   5610736
256   5605024
256   5250704
256   5171672
256   5760164
256   5261860
256   5557932
256   5593240
256   5554200
256   5885416
256   5812596
256   5755852
256   5913156
256   5938456
256   5484396
256   5742308
256   5621704
256   5899328
256   5651516
256   5425804
256   5986588
256   6103100
256   5481372
256   5924580
256   5371140
256   5672604
256   5790668
256   5857840
256   5456764
256   6408740
256   6395140
256   6036100
256   6020104
256   6148820
256   5904080
256   5920828
256   5324712
256   5623636
256   5496468
256   5992696
256   6077680
256   6168972
256   5845028
256   5921968
256   5685468
256   5490060
256   5856984
256   6077296
256   5460412
256   5700876
256   5724664
256   5803440
256   5540668
256   5476476
256   5661072
256   5671980
256   5659404
256   5554876
256   5633764
256   6211504
256   6256512
256   6234248
256   6265676
256   6331296
256   5870572
256   6172812
256   6175916
256   6383324
256   6386908
256   5485388
256   6384748
256   6449092
256   5633436
256   5667688
256   5893072
256   5692944
256   5236432
256   5594880
256   5874376
256   5523104
256   5909540
256   5253348
256   5442472
256   6036912
256   5870032
256   6170932
256   6219048
256   5908860
256   5946832
256   5875588
256   5619680
256   6162164
256   6139248
256   6175124
256   6270900
256   6009016
256   6098200
256   5575544
256   5143900
256   5501788
256   5970748
256   5614148
256   6485476
256   5604928
256   6286696
256   5803288
256   5872196
256   6012800
256   6138304
256   5768264
256   6156740
256   5559172
256   5675248
256   5456036
256   6206956
256   5800128
256   6022004
256   5613124
256   5572412
256   5693648
256   5917060
256   5371220
256   5986252
256   5406976
256   5240872
256   5515048
256   5969732
256   6346528
256   5635088
256   5052836
256   5574556
256   5785244
256   6080600
256   5921396
256   5879912
256   6496028
256   6332812
256   5941900
256   6388032
256   5579520
256   5689924
256   6470528
256   5649680
256   6272960
256   6176252
256   6080368
256   5294412
256   5314180
256   5514436
256   5300916
256   6511860
256   5381352
256   5673216
256   5159308
256   6154776
256   5319376
256   5071868
256   5897832
256   5634928
256   6412816
256   6096232
256   5869896
256   6430852
256   5715628
256   6184900
256   6273620
256   5955768
256   6447620
256   5727076
256   6171356
256   5477272
256   5985208
256   5456048
256   6434688
256   5832608
256   5658156
256   6539620
256   6468092
256   6361500
256   6341548
256   6238944
256   5829256
256   5847028
256   5657316
256   5661004
256   6036304
256   5656012
256   6179628
256   6257604
256   5417800
256   6098024
256   5462280
256   5984048
256   5620700
256   5743820
256   5643124
256   5982052
256   5877916
256   5619236
256   5334416
256   5373324
256   5683988
256   6488892
256   5951480
256   5999184
256   6495608
256   5762460
256   5429072
256   6251224
256   6027396
256   5981572
256   6179676
256   6263912
256   6378632
256   6061748
256   5617664
256   6038120
256   5319144
256   5652584
256   6206584
256   5231940
256   5355476
256   5954448
256   5513752
256   5645036
256   5635760
256   5230580
256   5672520
256   4725128
256   5461432
256   5259884
256   5784956
256   5520556
256   6198820
256   6204848
256   6172324
256   5687016
256   5758496
256   5723548
256   6390252
256   5926200
256   6515120
256   5771744
256   5767632
256   5719152
256   6100020
256   5233748
256   6201924
256   5492020
256   5916988
256   6131400
256   6354816
256   5305468
256   5563600
256   6247580
256   5303732
256   5695600
256   5844836
256   5803296
256   5826428
256   6258920
256   6108720
256   5812408
256   6056532
256   5789820
256   6162596
256   5931376
256   5895684
256   5873556
256   6059332
256   5820432
256   5727612
256   5836716
256   5573372
256   5054336
256   5876320
256   6206304
256   6361652
256   5719668
256   5447308
256   5507092
256   5358640
256   5792600
256   5630864
256   6500932
256   6337880
256   6347216
256   5827924
256   6412724
256   5870244
256   5983772
256   6086192
256   5691228
256   6177480
256   5737576
256   5949268
256   5944888
256   5093956
256   5886720
256   5392604
256   5377004
256   5678652
256   5813740
256   5447676
256   5885388
256   5718320
256   5575964
256   5595256
256   5671012
256   5741520
256   6391524
256   6437188
256   6112964
256   6572384
256   6084264
256   6228984
256   5753748
256   5330984
256   5861000
256   5583964
256   5649484
256   5680376
256   5629736
256   5739976
256   5814632
256   5321912
256   5606328
256   5612796
256   5337492
256   6535224
256   5711188
256   5774476
256   6364844
256   5697252
256   6103260
256   5783160
256   6008176
256   5552920
256   5700580
256   5887492
256   5598052
256   5892596
256   5580732
256   5585280
256   6170320
256   6354584
256   5520184
256   6303104
256   5556160
256   5775188
256   5583468
256   5536152
256   5498060
256   6139764
256   5825764
256   6047660
256   6170712
256   6148456
256   6471704
256   6112644
256   5931088
256   5919892
256   5820008
256   5809268
256   5777064
256   5453392
256   6133912
256   6308128
256   5649556
256   5611692
256   5124488
256   5034240
256   6061572
256   5645044
256   5843732
256   5302028
256   5730588
256   5461112
256   5879336
256   5393200
256   5671924
256   5449648
256   6266440
256   6272244
256   6328720
256   5420620
256   6192884
256   6239976
256   5653500
256   5741528
256   6450276
256   5697716
256   5690712
256   6112684
256   6530172
256   5808088
256   5622316
256   5586768
256   5583176
256   5832008
256   5838660
256   5947612
256   5766156
256   5150052
256   5712092
256   5667684
256   6026748
256   5705136
256   5817084
256   5293652
256   5865532
256   6058576
256   6284432
256   5597644
256   5742264
256   5321644
256   5583136
256   6133040
256   5951484
256   6336972
256   5523544
256   5358832
256   5756504
256   5662784
256   6072576
256   6310552
256   5869204
256   6160000
256   6273272
256   6492268
256   5874676
256   5557780
256   6388540
256   5756332
256   6057196
256   5670712
256   5880116
256   5642768
256   6006268
256   5459372
256   5765020
256   5393872
256   5998876
256   5659456
256   5715404
256   5877308
256   5853368
256   5360820
256   5608980
256   5613340
256   6361304
256   6123084
256   5592536
256   5662532
256   6273732
256   6142252
256   6434640
256   6663752
256   5930720
256   6071416
256   6394888
256   6042856
256   6027448
256   6539772
256   5513212
256   6375740
256   5843644
256   5870712
256   5621096
256   5550124
256   6344608
256   5927208
256   5658284
256   5633912
256   5737380
256   5919860
256   5375936
256   5481952
256   6142760
256   5237088
256   6131884
256   5714660
256   5422172
256   6179632
256   5910472
256   6266916
256   5939560
256   6063144
256   5682704
256   5857836
256   5732552
256   6251580
256   5477140
256   6288704
256   5506388
256   5639564
256   5505260
256   5924596
256   5555704
256   5828804
256   5571136
256   5315960
256   6131716
256   6317944
256   5274772
256   6587956
256   5598288
256   5712132
256   5839996
256   5692432
256   5638668
256   5563016
256   6171584
256   6057764
256   5887304
256   5569456
256   5632992
256   5865664
256   6085624
256   5786632
256   5611280
256   5616808
256   5551988
256   5638820
256   5350880
256   5516948
256   5445032
256   6293156
256   5249964
256   5448408
256   5544288
256   5806840
256   5943216
256   5389724
256   5609092
256   6210768
256   5896952
256   6593000
256   6026808
256   6322960
256   5569160
256   5813980
256   6160200
256   5559948
256   5483396
256   5525132
256   5615804
256   6002084
256   5797188
256   5933044
256   5676604
256   5187788
256   5489800
256   5686276
256   5591640
256   5522812
256   6358708
256   6003288
256   5677372
256   5614016
256   5678612
256   5964188
256   5440444
256   6345744
256   6293780
256   6087988
256   5986584
256   6429796
256   6066880
256   6231152
256   5634652
256   5393136
256   6019376
256   5437016
256   5520840
256   6143700
256   6154896
256   5663972
256   5881780
256   5681628
256   5716376
256   5353976
256   5680732
256   6322656
256   5973156
256   5652260
256   5517964
256   6133596
256   5697520
256   5551140
256   5712808
256   5748576
256   5902736
256   6063168
256   5851468
256   5682780
256   6001952
256   5500580
256   4891344
256   5567536
256   5713600
256   5919232
256   5581896
256   5491880
256   5875992
256   6013740
256   6454868
256   6343856
256   6142828
256   6321152
256   6428576
256   5646296
256   6117616
256   5639272
256   5985440
256   6599080
256   5788564
256   5642180
256   5664092
256   6178728
256   5141836
256   5796628
256   5656376
256   6333048
256   5936928
256   5279088
256   5644948
256   5703076
256   5269304
256   5346552
256   5628000
256   5836324
256   5856684
256   5713616
256   5638760
256   5679160
256   6269524
256   5393396
256   5755052
256   6462708
256   6141908
256   6311972
256   6497924
256   5734176
256   5834052
256   6470108
256   6070192
256   6149096
256   5806772
256   5386712
256   5600668
256   5996592
256   5421728
256   5819648
256   5685604
256   5438908
256   6172912
256   5719164
256   5592284
256   6126752
256   5808004
256   5581240
256   6290748
256   6116404
256   5899440
256   5285724
256   6266172
256   5959040
256   5767024
256   5623096
256   5394728
256   5809700
256   5755264
256   5578464
256   5797020
256   5314944
256   5683156
256   5459676
256   5905848
256   6147844
256   6242664
256   5851800
256   6077404
256   6322280
256   6356224
256   5930052
256   6419068
256   5959804
256   6435740
256   5487660
256   6123972
256   5872008
256   5686840
256   5755956
256   5956836
256   5422980
256   5015788
256   5428620
256   6297692
256   6308696
256   5638512
256   5156268
256   5725792
256   5604080
256   5801252
256   5315860
256   6144692
256   6391360
256   6059212
256   6227344
256   6073440
256   5866320
256   6157072
256   5839556
256   5822612
256   6424484
256   5925780
256   5508936
256   5768124
256   5542572
256   6003872
256   5833692
256   6051164
256   5518744
256   6210816
256   5828232
256   5572500
256   5745100
256   5851372
256   5859364
256   6059264
256   5516832
256   5758332
256   6068272
256   6267124
256   5515752
256   5641964
256   6336696
256   5798192
256   5820748
256   6000600
256   6217464
256   6068044
256   5220136
256   5555336
256   5546840
256   6038036
256   5600576
256   5480384
256   5745404
256   5746208
256   5622640
256   5722980
256   5886520
256   5903292
256   5916084
256   5893572
256   5669572
256   6424532
256   5944896
256   6142524
256   5684884
256   5493512
256   5796984
256   5178048
256   5716104
256   5528172
256   5826752
256   5640916
256   5683172
256   5198032
256   5600148
256   6034296
256   5373364
256   5570632
256   5706156
256   5591892
256   6305880
256   5765204
256   5805000
256   5576264
256   5984024
256   6091144
256   5464576
256   6185968
256   5749748
256   6378576
256   6217132
256   6123936
256   5893244
256   5934688
256   6226032
256   6026852
256   6242204
256   6203636
256   6231520
256   5767104
256   5372852
256   6104692
256   5660104
256   5506400
256   5504452
256   5560104
256   5108228
256   5338928
256   5491708
256   5974516
256   5594176
256   5716876
256   5656124
256   5748404
256   5701020
256   5768504
256   6123652
256   5611708
256   6022320
256   6178440
256   5649800
256   5718768
256   5433772
256   5806068
256   6188392
256   6223856
256   5480780
256   5798720
256   5708652
256   5931968
256   6206544
256   5324788
256   6145124
256   5822496
256   6315676
256   5698724
256   5808100
256   6325684
256   5804684
256   5866744
256   5720332
256   5635004
256   5699192
256   5871184
256   5723820
256   6004104
256   5859664
256   5607880
256   5738956
256   5449192
256   6104324
256   5868392
256   5882108
256   5701264
256   5404092
256   5708492
256   6681952
256   5420180
256   6433312
256   6402728
256   6169984
256   6365996
256   5909052
256   6105916
256   5445508
256   6325116
256   5941036
256   6057108
256   5974980
256   5589232
256   7188724
256   6180300
256   6961828
256   6018232
256   5238608
256   5471332
256   5753052
256   5427040
256   5465508
256   6005344
256   6342932
256   5867220
256   6139664
256   5746464
256   5808220
256   5843840
256   5798072
256   6187720
256   5987508
256   5819012
256   5648976
256   5760720
256   5632472
256   6034436
256   5767144
256   6365696
256   5262684
256   5903124
256   5984576
256   6326240
256   6221000
256   5871848
256   5502112
256   5469440
256   6248792
256   5593372
256   5548456
256   5830812
256   6097824
256   5521816
256   6238728
256   5737520
256   5892424
256   5923060
256   5529088
256   5463200
256   5835440
256   5281496
256   5350024
256   5669824
256   5993304
256   5616636
256   5991600
256   5774924
256   5718072
256   6212020
256   5071576
256   5503532
256   5995556
256   6137396
256   5997912
256   6125792
256   6349884
256   5785044
256   5474432
256   6236332
256   6299424
256   6142512
256   5983292
256   5278468
256   6151408
256   6010824
256   6430936
256   5369776
256   6042788
256   5796612
256   6093672
256   5743388
256   6085076
256   5630528
256   5533112
256   5195840
256   6097100
256   5606320
256   5581552
256   5742736
256   6087208
256   6102516
256   5279076
256   5627924
256   5607024
256   6406912
256   5677976
256   5847324
256   5460600
256   5953128
256   6149992
256   5737988
256   5499340
256   5834696
256   5534036
256   6354804
256   5247984
256   6241088
256   5831140
256   5677120
256   5857892
256   5176808
256   5641948
256   5855240
256   5931684
256   6410768
256   5879888
256   6008016
256   6125320
256   5985704
256   6011296
256   5655372
256   5726472
256   5775324
256   5689072
256   5849736
256   6165552
256   5277480
256   5964712
256   5322272
256   5801808
256   5360424
256   5287172
256   6234672
256   6207000
256   6003744
256   5016152
256   5710596
256   6125620
256   5353944
256   6225560
256   5747848
256   5400632
256   6337176
256   5627300
256   5903972
256   6057920
256   5761252
256   6028348
256   5952680
256   5995572
256   6047952
256   5955476
256   6097668
256   5551268
256   5595692
256   5890784
256   5696664
256   5575464
256   5830088
256   5742624
256   5423712
256   5626992
256   5747660
256   5549248
256   5508244
256   5580424
256   5714180
256   5674540
256   6306688
256   5238244
256   6338008
256   6213392
256   6083392
256   5706244
256   6322520
256   6046440
256   5816680
256   6267104
256   6519624
256   6224400
256   6364468
256   5914312
256   5488684
256   5502232
256   5942576
256   5674080
256   5178100
256   5532556
256   5601272
256   5902804
256   5939780
256   5600216
256   5862832
256   5366884
256   6061412
256   6365416
256   5907376
256   5936368
256   6404932
256   5684140
256   5614068
256   5470932
256   5819068
256   5779736
256   5361176
256   5756284
256   5933252
256   5778424
256   5539760
256   5531340
256   5714172
256   5839456
256   5885864
256   6291188
256   6389960
256   6428004
256   5752636
256   6034136
256   5913716
256   6522000
256   6038860
256   6502568
256   5712044
256   5710360
256   5567732
256   5966800
256   5701208
256   5536680
256   5729528
256   5894124
256   5987272
256   5468848
256   6059364
256   5678200
256   5844592
256   6177768
256   5126372
256   5754392
256   5696736
256   5959388
256   5674948
256   5818084
256   5909960
256   5370652
256   6339864
256   5607744
256   5373108
256   5963116
256   5836840
256   6418556
256   6407368
256   6274912
256   5897296
256   5539628
256   6165356
256   5405068
256   6084380
256   5835540
256   5468124
256   6039096
256   6321556
256   5407620
256   5554180
256   5503012
256   5811724
256   5961508
256   5900292
256   5859956
256   5864120
256   5751056
256   5444628
256   5531776
256   5777132
256   5768888
256   5599032
256   6333764
256   6010140
256   5684412
256   5464500
256   4922980
256   5559092
256   5552824
256   6099632
256   5847180
256   6223136
256   5801732
256   5662704
256   5630224
256   5477524
256   6047740
256   6373988
256   6019220
256   6279380
256   5923028
256   5611964
256   6383516
256   5397852
256   6072644
256   5716516
256   5534368
256   5346284
256   5847920
256   5324696
256   5513656
256   6328456
256   5234424
256   5587336
256   5390872
256   5269148
256   5448052
256   5073060
256   5422884
256   5824732
256   5957320
256   5703132
256   5656540
256   5625980
256   5690676
256   6789964
256   5707632
256   6030476
256   6111588
256   5925860
256   6245204
256   6166372
256   5500364
256   6212460
256   6203840
256   6297388
256   6162612
256   5563884
256   5588544
256   5819016
256   6322592
256   6025640
256   5518836
256   5330964
256   6120892
256   5688652
256   6242868
256   5930976
256   5611908
256   6025908
256   6030920
256   5842820
256   5539736
256   5586488
256   6196556
256   5956972
256   5368120
256   5792332
256   6366700
256   5933392
256   6105536
256   6020704
256   5519660
256   6034288
256   6096304
256   5541688
256   5861644
256   6084712
256   6063968
256   5606568
256   6441624
256   5395644
256   6258452
256   6360944
256   5924804
256   5817848
256   6140824
256   6001996
256   5881840
256   5619620
256   6069304
256   6156548
256   5476596
256   5506672
256   5478064
256   5651404
256   5610628
256   5370336
256   5860352
256   6276196
256   5870420
256   6149940
256   5840412
256   5639208
256   5538084
256   5698784
256   5363208
256   5837820
256   6464500
256   6326656
256   6230256
256   5757032
256   5850840
256   5724788
256   5531592
256   6350352
256   6467744
256   6210572
256   6088444
256   6156804
256   5780612
256   5559464
256   5836984
256   6491100
256   6160052
256   5994868
256   5363792
256   6468440
256   5625740
256   5332624
256   6231976
256   5618044
256   6064388
256   6057176
256   5822120
256   6195632
256   6086440
256   5595196
256   5926972
256   6276528
256   5732740
256   5517812
256   5985816
256   4424744
256   6422752
256   5427756
256   5916136
256   5772228
256   5958752
256   5946048
256   5633964
256   6003124
256   5553800
256   6389864
256   6374348
256   6395160
256   6322168
256   6564756
256   6192996
256   6677860
256   5784520
256   6037044
256   5363196
256   5444188
256   5794396
256   5974276
256   6112828
256   5555500
256   5688260
256   5571780
256   5633300
256   5431516
256   5591396
256   5552636
256   5789480
256   5519172
256   6273720
256   6175220
256   5763240
256   6143452
256   5874836
256   6185720
256   6135800
256   6169716
256   6252140
256   5658020
256   6321628
256   6306648
256   6282920
256   5826516
256   6193344
256   6308560
256   6175888
256   5963288
256   5501008
256   5438664
256   5476480
256   5611780
256   5512888
256   5865776
256   5422568
256   5696908
256   5579112
256   5309488
256   5786040
256   6085944
256   5649860
256   5832832
256   5838444
256   5875412
256   5576068
256   5600588
256   6337052
256   5953988
256   6183824
256   5652432
256   5728884
256   5521592
256   6200792
256   5953184
256   5787124
256   6348588
256   6144040
256   6134560
256   5925396
256   6093028
256   5456076
256   5699140
256   6104592
256   6590688
256   5948520
256   6180484
256   5872596
256   6124152
256   5837112
256   5437948
256   5748100
256   5517704
256   5647588
256   5708384
256   5822036
256   5684728
256   5466648
256   6143352
256   6199952
256   5514252
256   5858412
256   5426640
256   5736376
256   5582892
256   5478224
256   5493716
256   5381680
256   5671900
256   5743096
256   6082588
256   5408628
256   6468268
256   6664340
256   5807348
256   6133964
256   6514872
256   5606208
256   6212928
256   6322536
256   5569816
256   5883184
256   6482272
256   6097748
256   5155524
256   5683328
256   5445516
256   5690172
256   5527064
256   5833496
256   5435116
256   5660608
256   5366956
256   5448496
256   5364772
256   5728584
256   5678916
256   5581532
256   6234784
256   5942980
256   5383624
256   6013140
256   5565028
256   5795296
256   5585428
256   6010272
256   6362456
256   5692516
256   5639800
256   5595516
256   5785388
256   5902052
256   6135016
256   6119372
256   6102692
256   5612644
256   5712116
256   3732248

