6   253316
57   1638460
256   7269384
256   7262688
256   7262240
193   5489592
256   7264784
256   7285244
256   7235980
256   7274404
256   7286576
256   7275644
256   7239484
256   7260008
256   7315108
256   7268756
256   7285648
256   7273464
256   7351444
256   7287300
256   7236332
256   7249076
256   7239948
256   7390028
256   7341556
256   7303796
256   7304196
256   7334960
256   7278296
256   6798796
256   6556824
256   5917300
256   5846864
256   5823948
256   6397788
256   6488224
256   6515636
256   6336560
256   6345044
256   5560732
256   5809736
256   4807064
256   5896484
256   5995760
256   5565588
256   6127880
256   6040852
256   6123296
256   6426352
256   6388988
256   6603924
256   6096568
256   6574304
256   6116704
256   6348576
256   6557020
256   6020764
256   6462384
256   6353668
256   6410488
256   6391480
256   5859672
256   5782820
256   6281504
256   5702364
256   6050012
256   5964204
256   6139948
256   5646828
256   6616888
256   5980608
256   5647564
256   6270020
256   5911076
256   6077804
256   5919512
256   5712096
256   6594792
256   6274812
256   5642556
256   6026840
256   6116200
256   6352956
256   5863548
256   6321172
256   6661284
256   5869140
256   5686872
256   5840732
256   6049244
256   6439616
256   6137608
256   5775536
256   6455196
256   5551388
256   6511748
256   6110300
256   5952432
256   5694792
256   6045200
256   6298268
256   6266952
256   5791500
256   6619440
256   6709804
256   6865040
256   6399348
256   6676316
256   6422640
256   6440096
256   6204588
256   6386208
256   5920296
256   6546168
256   6334592
256   5734720
256   6396228
256   6545788
256   5707304
256   6001668
256   6363744
256   5289184
256   6027120
256   6593484
256   6607848
256   6427644
256   6029636
256   6324128
256   6463872
256   6159912
256   6335048
256   6462640
256   6224220
256   6348208
256   6578080
256   5376912
256   5832344
256   5732736
256   6245580
256   6166916
256   6160640
256   5948504
256   5811872
256   5931396
256   5994356
256   6467996
256   5948452
256   6203552
256   6482856
256   6593520
256   6083680
256   6158304
256   6606292
256   6484072
256   6569716
256   6513832
256   6316616
256   6071184
256   6208396
256   5587888
256   4909320
256   5568128
256   5918208
256   5697568
256   5977112
256   6224808
256   5958496
256   6382212
256   6446140
256   6568876
256   5933004
256   6423308
256   6583240
256   5879900
256   6069684
256   5847308
256   6457000
256   6552808
256   6385760
256   6655060
256   5830420
256   5708656
256   6098080
256   6420484
256   6015676
256   5590468
256   6318344
256   5995472
256   6191752
256   6233164
256   6080600
256   6015824
256   6589560
256   5863692
256   6377716
256   6425760
256   6575040
256   6090120
256   6630448
256   6652632
256   5856000
256   6459096
256   6465940
256   5950568
256   5865900
256   6623156
256   6210852
256   5859756
256   5692924
256   5939332
256   5801412
256   5989544
256   5840564
256   5733564
256   6210856
256   6547660
256   5684592
256   6072668
256   5844576
256   5800676
256   5782948
256   6289548
256   6000340
256   6360384
256   7096236
256   6551800
256   6223972
256   6039868
256   5970524
256   6123796
256   6204608
256   6099060
256   6574416
256   6271604
256   5759404
256   5624380
256   6026116
256   5716200
256   5802756
256   6000188
256   5854260
256   6487812
256   6055808
256   5731160
256   6414740
256   7046648
256   6663136
256   6665840
256   6615932
256   7059708
256   6316340
256   6199140
256   5997492
256   6394392
256   5291360
256   6184976
256   5636488
256   5697416
256   5632688
256   5782036
256   5611064
256   6006168
256   6705316
256   6642904
256   6005192
256   6612024
256   6493504
256   6156000
256   6346032
256   6789772
256   6374964
256   6690608
256   6662804
256   6559780
256   6206468
256   5869920
256   5554788
256   5544352
256   5738468
256   5878660
256   6047512
256   6336128
256   5930260
256   6250956
256   5825920
256   5750428
256   5766620
256   5936720
256   6727144
256   5804064
256   6648448
256   6535724
256   6486320
256   6172168
256   5686208
256   6541212
256   5781144
256   6426536
256   5852700
256   5501460
256   6113316
256   6049952
256   5934912
256   6274956
256   6196468
256   5791576
256   6279484
256   6174576
256   6461068
256   6205184
256   5877800
256   6505932
256   6616636
256   6565088
256   5777224
256   5856940
256   6542924
256   6446132
256   6211940
256   6117340
256   6242364
256   5899188
256   6084048
256   6241580
256   6361676
256   6512812
256   6192424
256   5848864
256   5601928
256   5804896
256   6534428
256   6368580
256   5749036
256   5346476
256   5857384
256   5965852
256   5795976
256   6102752
256   6053444
256   5791184
256   5938372
256   6579232
256   6561324
256   6513700
256   6640640
256   6117296
256   6313344
256   6080620
256   5642520
256   6179504
256   5717256
256   5618600
256   5834308
256   6356868
256   6077384
256   6260692
256   6306584
256   5558220
256   5797860
256   6714916
256   6106740
256   6240708
256   6607780
256   6455528
256   6533444
256   6330168
256   5902880
256   6384576
256   6113204
256   5560476
256   6378776
256   6257352
256   6357060
256   6011480
256   5880164
256   5404924
256   5850416
256   5241888
256   6191324
256   5750568
256   5948880
256   5800400
256   6514008
256   6467212
256   6450968
256   6219056
256   6460856
256   6756344
256   6413048
256   6343160
256   6677452
256   6426352
256   6281620
256   6761744
256   5066156
256   5858980
256   4988892
256   5543796
256   5901152
256   5816316
256   6265548
256   5776440
256   6042680
256   6544732
256   5891244
256   6398516
256   6362024
256   6567272
256   6313740
256   6519800
256   6359232
256   5942892
256   6424812
256   5880708
256   6038884
256   6732904
256   6588296
256   6335884
256   5244272
256   5773744
256   6163352
256   6020132
256   6291792
256   5980788
256   5925268
256   5972872
256   5796916
256   5901892
256   6547972
256   6089848
256   6096244
256   5794652
256   6222984
256   5696804
256   5794236
256   5764304
256   6503760
256   5393100
256   5748712
256   6423136
256   6502304
256   6672380
256   6389140
256   5855308
256   5796768
256   5922520
256   5924120
256   5733340
256   5885884
256   5467152
256   5749588
256   5800136
256   5736848
256   5938156
256   6160328
256   5904076
256   5934788
256   5879724
256   5872844
256   6302432
256   6536376
256   5964004
256   6387328
256   6593444
256   6216292
256   6322100
256   6428024
256   5810976
256   5820100
256   5952656
256   5899920
256   5368880
256   5931260
256   6283720
256   6071032
256   5954752
256   5608052
256   6492532
256   5690764
256   5621732
256   6555244
256   6499316
256   6706780
256   6508080
256   5985768
256   6135744
256   6175224
256   6621084
256   6387736
256   6502256
256   5963804
256   5962320
256   6228972
256   5888344
256   5586900
256   5721032
256   5670080
256   6525472
256   6156080
256   6532008
256   6090412
256   5980568
256   6433516
256   6152228
256   6390124
256   5995180
256   6650832
256   6544848
256   6440176
256   6437100
256   6034092
256   5655216
256   5640044
256   6498808
256   5660984
256   6284932
256   5555388
256   6064636
256   5889216
256   5532576
256   6380676
256   6013444
256   5741912
256   5798780
256   6249284
256   5954540
256   6422660
256   5862620
256   5960896
256   5927160
256   5849548
256   6514252
256   5834068
256   6073252
256   6491404
256   5945544
256   5691240
256   5878548
256   5831608
256   6349984
256   6653736
256   6500828
256   6600048
256   5968504
256   5991160
256   5867108
256   5761960
256   6101176
256   6496980
256   5991200
256   5581716
256   5799520
256   5866996
256   5794448
256   6441640
256   5918152
256   6494244
256   6319444
256   6634600
256   6553816
256   6562972
256   6749960
256   6637468
256   6152224
256   6052984
256   5679676
256   6310240
256   6059884
256   5965096
256   5798600
256   6613048
256   5739048
256   5662696
256   5735300
256   5716844
256   6422080
256   6530728
256   5854348
256   5669628
256   6441644
256   6320160
256   6661992
256   6765876
256   6405284
256   6523788
256   6115976
256   5895580
256   5895400
256   6236736
256   5762500
256   6253520
256   5940944
256   6084788
256   5818540
256   5545520
256   5622072
256   6291452
256   6353544
256   5687912
256   6631032
256   6570692
256   6591952
256   6450136
256   6650796
256   6586496
256   6665492
256   6597412
256   6593320
256   6322128
256   5492808
256   6421948
256   5903052
256   5739792
256   6066124
256   5811216
256   5837072
256   5670644
256   6511960
256   6065656
256   6550716
256   6298608
256   6257900
256   6287184
256   6672320
256   5938996
256   6401232
256   6406776
256   6107420
256   6326144
256   6694756
256   6423920
256   6524608
256   5683632
256   5953596
256   5549032
256   5488564
256   5861880
256   6551268
256   6436572
256   5997200
256   6430704
256   6478296
256   6115992
256   5812660
256   5801756
256   6568688
256   6523800
256   6315188
256   5980468
256   6349040
256   6045716
256   6263444
256   5778376
256   5674844
256   6071292
256   6076572
256   6137000
256   6313932
256   6088340
256   5719780
256   6089880
256   5813608
256   6046852
256   6262828
256   5980860
256   5957144
256   6623012
256   6138520
256   5868760
256   5606296
256   6143100
256   6424612
256   6614836
256   6161460
256   6370668
256   6516708
256   6467864
256   6478128
256   6631512
256   5967388
256   6061464
256   6224592
256   6432164
256   5752604
256   6266820
256   6090932
256   5662392
256   6023848
256   5864016
256   5836064
256   5537012
256   5432064
256   5754448
256   6009948
256   5945380
256   6011036
256   6426712
256   6505780
256   6535224
256   6852560
256   6380296
256   6242916
256   6406012
256   6587928
256   5942980
256   6114988
256   6198652
256   6027792
256   5242700
256   5268048
256   6657656
256   6080132
256   5568768
256   6144128
256   6325568
256   6196320
256   6314276
256   6566552
256   6840116
256   6367092
256   6835604
256   6662176
256   6789988
256   6306756
256   6340852
256   6501920
256   6063736
256   5691848
256   5619648
256   6417052
256   5845004
256   6148276
256   5382984
256   5478552
256   6136420
256   5821296
256   5797728
256   6293632
256   6360896
256   6625328
256   6628744
256   6229788
256   6174132
256   6701332
256   5919028
256   5535748
256   6467684
256   6614068
256   6578748
256   6142748
256   5433752
256   5663832
256   5310360
256   5837760
256   6190524
256   6642476
256   6188196
256   5938500
256   6031448
256   5934388
256   6450928
256   5791996
256   6229876
256   5923816
256   5952572
256   5962112
256   5866028
256   5982348
256   6275008
256   6092124
256   6534116
256   6471720
256   5965380
256   5832676
256   5845960
256   6121876
256   6335608
256   5819928
256   6025856
256   6236680
256   6108236
256   6406048
256   6197928
256   5881296
256   6330116
256   5755496
256   6637716
256   6336404
256   6628040
256   6692960
256   6322720
256   5708388
256   5957476
256   5589168
256   6258964
256   6858344
256   6555860
256   5692124
256   6265744
256   5952996
256   5673512
256   5807644
256   5862876
256   6405728
256   5676624
256   6149064
256   5928500
256   5987648
256   5786288
256   5686468
256   5817468
256   6601204
256   5864704
256   6572520
256   6343392
256   6224616
256   6034808
256   6242848
256   6557852
256   5940948
256   6505208
256   6368428
256   6179076
256   5808136
256   5635312
256   5656100
256   5628660
256   5721608
256   5635364
256   6119884
256   5746608
256   5970752
256   5795464
256   6417800
256   5972968
256   6198864
256   6618800
256   6591436
256   6429784
256   6614872
256   6446920
256   6605812
256   5774584
256   6526972
256   6417448
256   5825940
256   5941340
256   5754368
256   5741000
256   5754076
256   5547296
256   5740912
256   5487016
256   6364824
256   6317228
256   6674388
256   5734044
256   6416752
256   6733268
256   6588128
256   6236948
256   6485232
256   6024704
256   6313660
256   6193244
256   6345520
256   6117228
256   5795404
256   5477248
256   5826756
256   5672692
256   5693008
256   5502500
256   5824780
256   6274572
256   6092204
256   6068996
256   5831968
256   6375148
256   6036036
256   5959020
256   5901920
256   6597892
256   6622512
256   5973704
256   6400940
256   6464632
256   6629524
256   5869916
256   6326768
256   6321596
256   5512916
256   5957944
256   6231916
256   6053636
256   6441204
256   6355220
256   6137196
256   5967492
256   6089244
256   5508320
256   5765996
256   5832820
256   6141136
256   6300900
256   5751064
256   5958300
256   6260696
256   5775704
256   6458532
256   5738112
256   6187952
256   6391236
256   6397468
256   6904908
256   6163012
256   5893404
256   6203556
256   5954188
256   6141772
256   5886056
256   5880848
256   5789292
256   5638380
256   6123196
256   5627100
256   6012212
256   6012792
256   6615840
256   6336584
256   5899484
256   5527712
256   6081432
256   6698128
256   6517116
256   5804664
256   6126436
256   5853828
256   6462112
256   5804588
256   5543148
256   5932576
256   5743412
256   5958892
256   5734408
256   5562484
256   6096292
256   5714496
256   5946760
256   5898296
256   6598852
256   5557576
256   6398728
256   6597392
256   6644968
256   6350904
256   6366736
256   6460928
256   6356288
256   6627536
256   6299316
256   6703272
256   6477828
256   5605908
256   6328948
256   5740404
256   6468460
256   5731208
256   5905792
256   5629464
256   5966628
256   6306464
256   5751804
256   6141192
256   6026260
256   6382112
256   6705652
256   6638396
256   6295704
256   6733452
256   6358184
256   6590920
256   6452872
256   6050668
256   5828684
256   6276452
256   6232896
256   5621448
256   5624780
256   5860064
256   5644072
256   5715256
256   6304708
256   6194676
256   6302464
256   5846020
256   5808672
256   6374596
256   5969924
256   6172804
256   6576320
256   5986832
256   6396820
256   6023676
256   6419304
256   6367424
256   6403344
256   6504532
256   5622900
256   5809096
256   5752020
256   6153804
256   5892544
256   5855660
256   6034064
256   5993976
256   5750196
256   6307536
256   5780688
256   6325120
256   6088028
256   5915480
256   5608948
256   6010400
256   5999840
256   5645600
256   6217932
256   6053876
256   6485832
256   5952972
256   5850228
256   6708828
256   5976232
256   5961636
256   5947672
256   6621400
256   6827588
256   5845260
256   6044208
256   5812552
256   5942040
256   5778076
256   6171420
256   6497892
256   6272912
256   6236060
256   6416720
256   5956396
256   6148436
256   6629352
256   5940104
256   6501920
256   6625840
256   6467512
256   6309944
256   6383208
256   6614260
256   5955184
256   5758488
256   6333668
256   5972476
256   5951260
256   5663292
256   5803204
256   5846348
256   5524744
256   5603508
256   6507964
256   6937264
256   5547692
256   6060832
256   6317132
256   6435580
256   6729664
256   6135984
256   6421620
256   6198212
256   6305328
256   6269604
256   6645228
256   5817316
256   6037000
256   5321856
256   6499096
256   5984880
256   6092548
256   5956204
256   5568760
256   5967084
256   5926812
256   5986264
256   5882432
256   6152212
256   5898216
256   6200368
256   6561280
256   6611760
256   5930540
256   6021308
256   5977800
256   6250852
256   6626176
256   6486296
256   5783032
256   5949768
256   5785940
256   5742808
256   5798900
256   5618772
256   6267196
256   6073096
256   6323104
256   6523184
256   5822172
256   5790724
256   6140328
256   6543760
256   6364696
256   6544496
256   6161316
256   6525884
256   6608680
256   5666608
256   5818468
256   6242976
256   5420472
256   6622436
256   6513840
256   5668444
256   6408572
256   5828360
256   6083340
256   5844000
256   5709372
256   6410076
256   6376976
256   6014068
256   6242592
256   5960736
256   6190720
256   6404668
256   6032608
256   6388800
256   6307124
256   6472976
256   6461264
256   6392456
256   6100600
256   5708388
256   6206940
256   6706744
256   6338740
256   6406572
256   6028288
256   5952616
256   6577500
256   5879300
256   6427316
256   5719196
256   5823348
256   6139172
256   5811328
256   5896164
256   6443756
256   5685200
256   6037628
256   6160896
256   6089432
256   6600328
256   6135352
256   6619872
256   6548564
256   6501388
256   6657528
256   6484932
256   5891364
256   6628168
256   6462804
256   5635904
256   5794888
256   5925360
256   6257808
256   5604144
256   5807956
256   6840268
256   5720552
256   6260788
256   5649584
256   5895232
256   5784340
256   6053612
256   6515196
256   6559188
256   6696560
256   6134992
256   6431988
256   6610772
256   5877860
256   6381188
256   5683884
256   6064008
256   6216584
256   5836164
256   5670592
256   5774016
256   6005132
256   5825792
256   5680660
256   5864996
256   6233260
256   6523988
256   6535604
256   6432352
256   7106500
256   6187512
256   6483164
256   6582344
256   6580196
256   6113084
256   6036164
256   5950372
256   5790872
256   5272580
256   5672336
256   5749452
256   5762644
256   6016216
256   5304556
256   5991604
256   6467320
256   5816624
256   5961500
256   5158276
256   6381860
256   6450524
256   6690892
256   6747452
256   5924088
256   6066572
256   6222692
256   5713936
256   6216808
256   6127188
256   6537420
256   5802136
256   6041324
256   5366008
256   5174100
256   5526788
256   5874648
256   6392968
256   6382736
256   6487800
256   6504288
256   5973476
256   6268140
256   5934000
256   5936780
256   5895416
256   5740196
256   6475836
256   6453512
256   6016640
256   6013016
256   6606144
256   6651772
256   6167780
256   6488572
256   6432952
256   6537672
256   6028980
256   5791128
256   6138368
256   6097680
256   5913548
256   6077252
256   5936392
256   6371688
256   6366512
256   6039928
256   5976164
256   6035492
256   5769704
256   6366816
256   5618168
256   5926172
256   6467740
256   6520976
256   6736836
256   6589420
256   6583732
256   5980292
256   6674232
256   6083468
256   6002540
256   5968240
256   5652588
256   6365148
256   5931108
256   5468844
256   5724904
256   6103720
256   5715952
256   5642184
256   6226720
256   5863872
256   5929556
256   6252180
256   6137312
256   6558596
256   6194576
256   6180504
256   6321552
256   6729468
256   6200744
256   5978400
256   6173556
256   6265268
256   6032512
256   5934756
256   5535328
256   5820156
256   6290420
256   5664764
256   6634608
256   6145052
256   5815320
256   5741912
256   6165428
256   6179996
256   5936440
256   6174728
256   6284008
256   6645896
256   6814948
256   6640080
256   6483404
256   5995400
256   6407708
256   6589104
256   5847980
256   5962456
256   5680804
256   6056052
256   5561048
256   5821448
256   5522804
256   6065196
256   5550608
256   6491304
256   6447068
256   6356140
256   6291032
256   5948872
256   5997828
256   6457584
256   6649504
256   5869252
256   5824760
256   6688352
256   5621000
256   5803568
256   5667412
256   5912384
256   5951168
256   6283032
256   5813184
256   6389936
256   5813676
256   6143728
256   5916828
256   6371064
256   6429848
256   5905416
256   6136732
256   5922496
256   6423964
256   6020168
256   6006660
256   6599892
256   5950984
256   6255624
256   6484212
256   6198400
256   6165924
256   5798868
256   6024712
256   5297232
256   6057880
256   5460828
256   6078160
256   6152592
256   6004292
256   6093260
256   5707632
256   6352260
256   5844924
256   6003368
256   5952068
256   6072752
256   6538756
256   6334996
256   5545088
256   6273632
256   6197556
256   6678416
256   6183784
256   6671896
256   6908876
256   6600060
256   6378336
256   5670176
256   6526876
256   6138500
256   5812048
256   5948124
256   6106540
256   5898548
256   5876148
256   6032192
256   5855080
256   6259868
256   5838200
256   6618888
256   5873004
256   5862568
256   6370980
256   5896228
256   6430664
256   6556920
256   6233572
256   6681996
256   6477032
256   6280620
256   6240156
256   5888100
256   5621936
256   5909456
256   5832156
256   5927680
256   5823984
256   5633804
256   5822692
256   6337068
256   6366280
256   5788416
256   6335744
256   6356708
256   6581884
256   6553676
256   6650896
256   6571376
256   6550024
256   6422580
256   6490616
256   6637564
256   6563120
256   6438324
256   5843352
256   5911488
256   5922872
256   5531564
256   5943040
256   5444084
256   5872976
256   5514484
256   6062024
256   6069044
256   6761148
256   6238744
256   6236628
256   6046556
256   5690956
256   6504632
256   6206040
256   6544484
256   6550904
256   6625172
256   6325804
256   6555656
256   6095012
256   5709708
256   6317352
256   5831904
256   5492836
256   5697320
256   6095004
256   5880168
256   6627120
256   6592260
256   6535908
256   5918972
256   6582456
256   5816476
256   6567040
256   6613472
256   6104344
256   6574424
256   6200076
256   6338104
256   5792264
256   6441120
256   6249752
256   6004812
256   5648016
256   5790240
256   6314244
256   5787504
256   5735852
256   6185252
256   5711656
256   5916676
256   5777192
256   5925252
256   6390484
256   5999856
256   5973776
256   5836804
256   5820708
256   5782176
256   5837640
256   6085904
256   5895544
256   6061492
256   6416144
256   5782660
256   6481864
256   6058200
256   5792280
256   5824324
256   6053532
256   6283984
256   6008108
256   5771980
256   5901948
256   6040992
256   6136072
256   5677916
256   6345460
256   6239304
256   6578192
256   6573104
256   5553676
256   5771832
256   6060580
256   6074700
256   6517748
256   6707484
256   6536540
256   6380460
256   6603248
256   6188564
256   5746724
256   5590160
256   5851548
256   5828588
256   6292008
256   5942364
256   5667976
256   6002088
256   5576028
256   5873520
256   5760276
256   6545176
256   6414944
256   6585224
256   6504516
256   6060468
256   6913116
256   6558616
256   6434848
256   6867432
256   6366436
256   6068944
256   6410640
256   6027780
256   6124904
256   5310916
256   5837704
256   5715696
256   5840944
256   5515768
256   5972432
256   5591368
256   5627052
256   5937164
256   6027776
256   6463008
256   6478236
256   6752072
256   6574980
256   6732144
256   6697452
256   6718280
256   6542712
256   6583416
256   6397128
256   6600864
256   5933188
256   5827312
256   6051016
256   5719240
256   5758352
256   6302276
256   5693868
256   6284376
256   6331260
256   5956052
256   6101776
256   6060972
256   6221976
256   6378588
256   6119484
256   6807400
256   6366528
256   6789288
256   5700080
256   6599232
256   6455520
256   6594164
256   5836164
256   6140960
256   5872304
256   5328656
256   5994532
256   5771548
256   6267048
256   5767492
256   6291012
256   6058740
256   6225416
256   5866780
256   6217664
256   5935564
256   6304196
256   5994688
256   6215416
256   6355544
256   6269016
256   6017716
256   6766564
256   6542692
256   5711952
256   5526244
256   6494468
256   6113504
256   5905596
256   5976164
256   6482768
256   6462120
256   6530500
256   5866624
256   5863044
256   6116316
256   5946420
256   5958984
256   5888752
256   6252120
256   6583236
256   6272300
256   6227928
256   6763876
256   6262228
256   6408944
256   6424736
256   6275404
256   6235776
256   6390472
256   6122724
256   6041544
256   6075384
256   5865184
256   6490780
256   6300932
256   6054960
256   5943392
256   5829132
256   5972932
256   5876380
256   6260980
256   5774036
256   6086308
256   5778592
256   6558716
256   6654708
256   6639600
256   6490320
256   6109660
256   6631940
256   6399492
256   6372096
256   6230328
256   5651708
256   5601100
256   5909340
256   5915928
256   5762768
256   5181696
256   5776492
256   5895344
256   5251684
256   6086208
256   5974456
256   5649236
256   6103812
256   6510716
256   6566028
256   6632224
256   6737820
256   6498516
256   6619988
256   6386356
256   6607784
256   6606420
256   6578332
256   5680392
256   5830520
256   5426124
256   5936380
256   5720428
256   5552940
256   5335040
256   5789920
256   5813820
256   5958244
256   6492744
256   6541760
256   6575280
256   6281868
256   6541624
256   5830876
256   6313892
256   6697592
256   5998956
256   6435160
256   5783900
256   5521584
256   6589400
256   6451204
256   6091736
256   6312388
256   5890500
256   6402636
256   5130768
256   6091048
256   6416960
256   6381448
256   6223028
256   6285124
256   5761832
256   5716540
256   6019724
256   5858744
256   6438704
256   6214012
256   6772340
256   5566044
256   6163224
256   5888244
256   6047580
256   6420552
256   6725960
256   6488200
256   5908552
256   5975480
256   5883600
256   5943396
256   6541844
256   5680996
256   5799588
256   6476360
256   6270968
256   6391084
256   5670444
256   6052900
256   6051516
256   5569220
256   5955648
256   6365280
256   6423768
256   6488552
256   6470064
256   6367144
256   5727000
256   6554504
256   6362260
256   6326232
256   6235532
256   5819956
256   6004392
256   6514680
256   5743368
256   6416376
256   6079360
256   5730884
256   6235336
256   5852600
256   5623668
256   5841612
256   5836772
256   5996740
256   5559940
256   6589040
256   6397672
256   6647428
256   6101624
256   6100992
256   6396372
256   6528620
256   6502772
256   6582092
256   6302860
256   5838108
256   6187244
256   5621472
256   5691308
256   5901500
256   6101764
256   5590328
256   6214732
256   5832812
256   5914132
256   5085140
256   6008624
256   5938760
256   6473624
256   6154420
256   6783596
256   5644236
256   6766376
256   5685100
256   5924544
256   6442756
256   6493980
256   5907124
256   6542816
256   5709420
256   6319120
256   6146612
256   4909724
256   5790044
256   5439244
256   6166128
256   6157244
256   6393928
256   6124668
256   6507328
256   6118000
256   6315656
256   6647048
256   6640292
256   6254852
256   5611784
256   6678964
256   5980748
256   6226204
256   6125380
256   6019520
256   5943632
256   6026824
256   5908992
256   5675316
256   5836284
256   6052836
256   6322564
256   5823624
256   6528256
256   5997768
256   6058688
256   5966808
256   6583668
256   6424540
256   6624140
256   6210536
256   6729612
256   5842480
256   5906080
256   6176584
256   6563908
256   6564564
256   5844424
256   6400456
256   5272040
256   6021028
256   6275784
256   6515132
256   6346968
256   6050472
256   5818416
256   5791200
256   5954616
256   6527944
256   5633268
256   5989536
256   5841292
256   6058820
256   6242964
256   6026716
256   5760432
256   5724060
256   6275248
256   6252276
256   6579288
256   6197436
256   6910384
256   5790928
256   5980148
256   6289704
256   6195120
256   6443640
256   5908032
256   6026356
256   6292780
256   5837328
256   5853324
256   5877196
256   5805904
256   6364868
256   6568136
256   6105004
256   6318152
256   6155472
256   6165520
256   6612828
256   6505608
256   6704912
256   6397348
256   6560328
256   6404108
256   6356220
256   6015148
256   5793144
256   5903364
256   5975544
256   5872020
256   5871004
256   6260272
256   5838516
256   5651900
256   5557624
256   5475752
256   6349144
256   5826812
256   6552900
256   6428624
256   6535200
256   6640112
256   6415728
256   6075232
256   6347128
256   6586960
256   6464628
256   5781064
256   5913856
256   6355648
256   6595208
256   5816044
256   5370552
256   6185688
256   5571192
256   5834044
256   5807440
256   6503896
256   6393884
256   6189404
256   6408128
256   6698516
256   6328948
256   6492892
256   6027932
256   6124380
256   6425720
256   5848656
256   6017348
256   5566348
256   6633976
256   6008692
256   5718020
256   5660472
256   6215884
256   6098836
256   6233180
256   5778992
256   6140540
256   5822432
256   5773648
256   6252292
256   6208468
256   5846752
256   6318440
256   6460516
256   6673572
256   6316192
256   6329876
256   6042448
256   5618944
256   6499860
256   6703748
256   6149656
256   6105104
256   6536824
256   6420828
256   6009424
256   6304848
256   6444792
256   5705456
256   6031752
256   5770852
256   6278500
256   6359400
256   6044508
256   5402292
256   6056172
256   6375552
256   6215604
256   5847932
256   5863544
256   5683044
256   6650304
256   5838312
256   5608660
256   6121096
256   6621952
256   6221912
256   6242208
256   5866144
256   6402436
256   6040696
256   6203068
256   5843752
256   6090664
256   5745752
256   6193512
256   5875188
256   6069604
256   5887088
256   5873444
256   6313520
256   6529576
256   5448832
256   6551772
256   6623856
256   6663608
256   5748448
256   6442604
256   6712308
256   6535444
256   5973748
256   5931796
256   6233560
256   5750496
256   6146580
256   5889916
256   5812976
256   5739372
256   5834068
256   6192980
256   5623552
256   6153652
256   6024848
256   5991764
256   6609856
256   6468092
256   6620864
256   5893024
256   6645260
256   6280648
256   5914368
256   6282204
256   6233244
256   5914596
256   5826816
256   6010552
256   5841296
256   5800444
256   6587016
256   5881016
256   5456700
256   6448900
256   5855680
256   6536824
256   6564648
256   6639356
256   5688292
256   6556976
256   6132920
256   6060908
256   6282324
256   6493948
256   6572280
256   6598800
256   6569200
256   5927736
256   5741244
256   5712728
256   5892200
256   5351332
256   5743672
256   5925624
256   5939712
256   6613868
256   5823748
256   6197492
256   6080320
256   6367284
256   6319464
256   5609736
256   6415020
256   6478576
256   6137384
256   6226516
256   6482088
256   5754448
256   6135664
256   6318116
256   6151744
256   5887796
256   6003800
256   5745984
256   6021268
256   5775776
256   6368828
256   6023328
256   6481652
256   5835640
256   5715716
256   6330732
256   6022416
256   5907812
256   5455164
256   6164624
256   6562080
256   6099792
256   5671112
256   5714544
256   6515364
256   6764632
256   5518936
256   6568360
256   6551020
256   6678708
256   5531820
256   5907716
256   5965924
256   5676812
256   5771020
256   6024136
256   5638688
256   5946224
256   5696828
256   6052352
256   5684052
256   6325364
256   5624576
256   6389932
256   6575412
256   6551080
256   5896552
256   6459800
256   6149072
256   6629908
256   6890108
256   7271172
256   6019836
256   6600712
256   6186692
256   5893956
256   5759332
256   5554156
256   6436380
256   5662996
256   6320956
256   5833484
256   5922812
256   5599600
256   5811920
256   5705816
256   5647132
256   5784616
256   6169368
256   6572440
256   6585128
256   6650996
256   6715648
256   6605228
256   6453984
256   6213772
256   6744588
256   6304240
256   6198096
256   5961468
256   6224660
256   5606528
256   5665236
256   4879872
256   6153120
256   6185792
256   5542412
256   6020348
256   6495644
256   6087432
256   5645800
256   6171864
256   6241892
256   6606868
256   6639708
256   6199276
256   6424132
256   5801492
256   6583400
256   5803660
256   6304000
256   5818260
256   6646380
256   6589428
256   5732192
256   5897676
256   6624912
256   5767848
256   5994544
256   6379452
256   6391708
256   6410056
256   6501628
256   5903992
256   6522024
256   6059940
256   6322976
256   6486940
256   6321692
256   6170036
256   6178940
256   5646260
256   6272980
256   5964256
256   6484052
256   5884436
256   6009500
256   5607260
256   6253264
256   6440084
256   6471308
256   6130636
256   5912112
256   5788280
256   6573992
256   5632200
256   6273840
256   6484896
256   5889028
256   6391780
256   6418028
256   5649696
256   6668532
256   6650476
256   6361812
256   5788960
256   6554092
256   6606776
256   5692860
256   6521316
256   5697196
256   6329288
256   6197904
256   6078684
256   5579036
256   5733740
256   5963352
256   5777140
256   6093808
256   5758968
256   5908260
256   5804208
256   6087676
256   6079248
256   6391164
256   6654628
256   6446848
256   6810796
256   6706284
256   6349752
256   6597440
256   6371996
256   5834340
256   5820740
256   6206100
256   6147520
256   5662972
256   5889972
256   5668088
256   5981812
256   5552980
256   5960948
256   6049384
256   6503620
256   5742892
256   5711024
256   6590752
256   6406816
256   7134792
256   5781084
256   6483484
256   6093252
256   6540092
256   6030892
256   5708356
256   6544548
256   5764700
256   5529360
256   5871232
256   5469448
256   5807964
256   5965288
256   5843664
256   6180804
256   6659692
256   5674924
256   6301320
256   6359440
256   6691232
256   6536644
256   6514536
256   6801140
256   6705980
256   5804532
256   5860296
256   6758628
256   6686276
256   6565956
256   6839956
256   6230904
256   5849336
256   5571008
256   6064680
256   5329092
256   6494044
256   5702464
256   6233596
256   5595944
256   6472864
256   5780548
256   6408204
256   6168076
256   5977968
256   6305796
256   6454748
256   6485644
256   6278944
256   6355180
256   5839960
256   6047028
256   5715684
256   6457132
256   6504168
256   6295980
256   5710784
256   6043052
256   6021688
256   6276792
256   6192168
256   5867856
256   6437744
256   6529072
256   6049776
256   5743312
256   6110968
256   5867944
256   6027548
256   6453076
256   6634388
256   6468580
256   5995304
256   6341140
256   5970304
256   6214948
256   5898904
256   6410740
256   6491944
256   6553848
256   5780160
256   5997940
256   5597348
256   6230044
256   6050748
256   6302152
256   6277696
256   5705984
256   5773408
256   5752484
256   6377696
256   6021024
256   5699304
256   5680772
256   5994940
256   6079556
256   6499512
256   6344472
256   6236632
256   6748580
256   5742740
256   6559528
256   6602460
256   6477428
256   6395428
256   5724404
256   5708844
256   6391064
256   5869372
256   5557808
256   5607924
256   6239440
256   6532076
256   5884756
256   5814312
256   5709340
256   5833728
256   6590852
256   6317316
256   6647456
256   6500924
256   5956480
256   6518684
256   6959924
256   6415804
256   6360900
256   6381592
256   6326736
256   6021932
256   5778544
256   5840356
256   5747480
256   5750556
256   6302436
256   5801900
256   5879016
256   5892380
256   6190896
256   6452124
256   6460248
256   6482488
256   6377944
256   6230892
256   6373452
256   6440116
256   6658284
256   5804008
256   5933248
256   5832528
256   5883544
256   5779884
256   5591924
256   5596996
256   5402132
256   5750884
256   6186132
256   6704748
256   6298368
256   6133612
256   6512996
256   5957768
256   6147276
256   5985612
256   5933668
256   6549528
256   6474448
256   6054324
256   6506944
256   6437364
256   6456736
256   6020664
256   5641324
256   6538900
256   5874504
256   5842036
256   6020796
256   6060400
256   6200208
256   6274616
256   5685708
256   5629708
256   5911704
256   6495404
256   6413536
256   5688812
256   5734556
256   6028608
256   5831508
256   6565536
256   5646180
256   5742380
256   6473892
256   6213084
256   5895440
256   6604072
256   6610436
256   6452452
256   6400364
256   6080496
256   6365212
256   6177808
256   6615768
256   6521308
256   5857956
256   5811124
256   6001036
256   6114256
256   6189704
256   6173904
256   6276880
256   5832952
256   6385960
256   5995452
256   5779236
256   5926216
256   6569460
256   5900976
256   6383484
256   6705408
256   6616528
256   6352512
256   5914268
256   5492332
256   5579076
256   5969480
256   5992004
256   5844704
256   5765844
256   5737600
256   6367924
256   5982172
256   6180504
256   6068320
256   6479136
256   6202120
256   5952676
256   6260948
256   6691928
256   6488480
256   6552064
256   6547152
256   6691908
256   6572412
256   6635148
256   5857628
256   6086620
256   6367376
256   5803312
256   5899584
256   5871292
256   6026920
256   5725172
256   5754652
256   5883432
256   5710128
256   6305288
256   6116732
256   6438020
256   6556340
256   6528344
256   6462144
256   6330948
256   5885172
256   6568488
256   6682212
256   6031456
256   6354640
256   5671420
256   5742408
256   5710332
256   5867108
256   5578228
256   5036536
256   6063824
256   5898276
256   6538732
256   5984388
256   6139316
256   6429384
256   6218740
256   6096452
256   6810996
256   6265720
256   6430612
256   6702984
256   6466044
256   6170460
256   6642200
256   6053116
256   6321100
256   6108280
256   5687044
256   6560872
256   5663936
256   6213796
256   5634348
256   6374956
256   5686240
256   6229816
256   5733120
256   6476884
256   5845068
256   5887292
256   5908660
256   6402188
256   5939624
256   6388312
256   6367364
256   6550796
256   6113784
256   5882516
256   5648068
256   6604604
256   6571520
256   6414448
256   6101064
256   6452056
256   6107016
256   6035516
256   5956828
256   6014020
256   6559092
256   6060948
256   5559404
256   6297724
256   5958692
256   5692456
256   6493604
256   6575212
256   6353536
256   6175008
256   6108372
256   6477584
256   6696164
256   6392100
256   6955940
256   6697940
256   6587728
256   5816712
256   5903236
256   6210244
256   5851716
256   5851740
256   5845892
256   6675164
256   5717364
256   5875460
256   6220800
256   6117080
256   6543088
256   5992952
256   5675820
256   5811036
256   6459100
256   6255848
256   6610424
256   6526432
256   6800608
256   6977708
256   6238468
256   6194832
256   6292672
256   5774700
256   5723304
256   6135680
256   5573096
256   6006244
256   5706032
256   5903684
256   5937700
256   5704900
256   5771708
256   6505328
256   5815316
256   5923848
256   6458680
256   5993788
256   6487916
256   6224360
256   6546492
256   6654356
256   6687908
256   6601996
256   6316660
256   5684172
256   5882640
256   5913736
256   6017032
256   5913832
256   5563020
256   5620576
256   5583244
256   6304024
256   6316584
256   5974068
256   5729420
256   6516856
256   6200116
256   6559432
256   6646856
256   6409932
256   6533216
256   6473576
256   6382696
256   6497824
256   6502952
256   6336276
256   6624952
256   5998188
256   4764404
256   5069072
256   5281412
256   5827936
256   6587092
256   5944784
256   6173172
256   5598220
256   6258564
256   6551744
256   5772812
256   5936588
256   6426132
256   6636212
256   6541408
256   6229972
256   6436524
256   6654604
256   6039560
256   5727384
256   6416192
256   6390020
256   5889904
256   5791644
256   5776044
256   5873420
256   6409792
256   6134772
256   6016632
256   6431144
256   6194972
256   6085760
256   6016336
256   5579464
256   5336376
256   6041788
256   6741328
256   6056420
256   6689204
256   6141576
256   6667560
256   6451376
256   5967676
256   6585696
256   6476184
256   6550088
256   6330860
256   6039140
256   5870008
256   6411672
256   6129524
256   5719928
256   6203444
256   5853240
256   5801228
256   6358188
256   6003576
256   6118076
256   5997932
256   6521808
256   6296488
256   5737852
256   6375172
256   6147448
256   6658168
256   6238776
256   6497620
256   6349452
256   6592336
256   6541808
256   6511160
256   5712812
256   6290224
256   5776236
256   5873548
256   5907772
256   5635524
256   5992204
256   6005996
256   6576384
256   5793792
256   6087104
256   6106380
256   6177552
256   6717220
256   6431012
256   6551136
256   6367644
256   6517748
256   6095448
256   5800532
256   5872384
256   5936828
256   5784748
256   5961640
256   5599044
256   5704796
256   5762472
256   5514296
256   5914768
256   5897176
256   5878332
256   6332280
256   6249308
256   6596724
256   6256108
256   6072600
256   6086004
256   6453000
256   6581144
256   6559848
256   6503940
256   5760140
256   5736384
256   6456232
256   5818860
256   5641036
256   5768800
256   5682728
256   6328776
256   5939408
256   6460060
256   5972276
256   6197072
256   5879376
256   6367608
256   6470936
256   6365488
256   5733768
256   6034684
256   5861216
256   6175856
256   5707020
256   6392548
256   6578300
256   6527560
256   6346224
256   6568708
256   5683784
256   5915228
256   5921076
256   5591624
256   6285860
256   5818540
256   6492492
256   6143308
256   6350140
256   5976392
256   6614164
256   6089756
256   6191472
256   6230576
256   5988096
256   5766900
256   6361864
256   6013112
256   5507636
256   5840300
256   6041048
256   6332052
256   6515020
256   6855544
256   5788164
256   6027188
256   5878108
256   5799680
256   5945396
256   6474088
256   6529188
256   6592664
256   6206088
256   6191800
256   5503504
256   5125488
256   6111548
256   5972540
256   6379936
256   6419820
256   6676316
256   6328752
256   6563272
256   6365880
256   6505504
256   6570092
256   7262676
256   6313172
256   5939040
256   5675876
256   6225692
256   6238876
256   6294816
256   6114688
256   5855964
256   5924208
256   5672780
256   5723284
256   5935908
256   5840084
256   5958412
256   5540252
256   6447448
256   6594660
256   6449412
256   5829996
256   6400304
256   6040528
256   5870076
256   5823764
256   6557540
256   6482928
256   5885204
256   6328400
256   5882836
256   5914588
256   5873332
256   5674592
256   5830408
256   5831080
256   6082524
256   6347444
256   6106464
256   6223928
256   6300764
256   6684436
256   6186256
256   6485804
256   6634400
256   5874912
256   6508428
256   6446004
256   6092352
256   6412936
256   6318924
256   6676876
256   5683712
256   5736580
256   6105824
256   5560316
256   6013940
256   6508188
256   5489072
256   6368376
256   6538720
256   6142252
256   6527064
256   6314200
256   5545012
256   5887376
256   6546668
256   6593136
256   6255140
256   6018432
256   6086348
256   6320436
256   6276632
256   6261784
256   5718756
256   6250224
256   6232820
256   6041488
256   5610104
256   5852712
256   6098376
256   5852460
256   6158224
256   6170612
256   5885352
256   5751528
256   5855372
256   6362424
256   5784180
256   5717000
256   6478800
256   6241792
256   6253132
256   6294928
256   6007804
256   5612508
256   6478228
256   6366952
256   6440484
256   6286884
256   5883236
256   6050580
256   6077864
256   5570348
256   5899632
256   6602396
256   5566248
256   6545604
256   6168308
256   5660408
256   6376544
256   5970696
256   6086064
256   5886388
256   5848476
256   6269596
256   6317808
256   6556264
256   6473224
256   6649176
256   5979260
256   6443740
256   6007840
256   6179728
256   6211308
256   6031772
256   6080336
256   5423072
256   5917872
256   5812032
256   5702092
256   5618624
256   5731112
256   6123864
256   5797952
256   5848132
256   6527152
256   6416460
256   6483980
256   6101164
256   6500964
256   6743604
256   6332728
256   6456316
256   6448244
256   6137188
256   6494052
256   6258764
256   5988708
256   5832720
256   6180896
256   5650704
256   5871080
256   5422796
256   6326464
256   6470628
256   6047268
256   6310952
256   5739720
256   6025012
256   5955868
256   5995284
256   6606000
256   6665388
256   6690032
256   6157880
256   6026740
256   6336280
256   5996096
256   6189628
256   5675612
256   6505080
256   5488432
256   5547208
256   5957324
256   5685052
256   6248496
256   6277284
256   6433844
256   6097300
256   6161740
256   6495288
256   6252876
256   5453280
256   5876368
256   6598664
256   5854716
256   6092952
256   5560316
256   5792376
256   6468744
256   6572220
256   5910868
256   5722384
256   5518600
256   6271596
256   6307584
256   6204300
256   6337248
256   6278420
256   6212020
256   6430752
256   6070528
256   6217532
256   5796784
256   6338504
256   6116140
256   6473908
256   5801340
256   6429048
256   6694684
256   5781148
256   5709440
256   6645880
256   6559536
256   6605568
256   6544244
256   6520608
256   5811680
256   6086032
256   6261044
256   6100768
256   5934324
256   5916476
256   6500376
256   5983516
256   6017232
256   5830848
256   5730924
256   5904636
256   5752444
256   7048008
256   6375484
256   6510972
256   6284896
256   6521000
256   6637260
256   6637680
256   6879940
256   6541140
256   6006656
256   6142464
256   5718344
256   6233544
256   6035336
256   5859972
256   5839984
256   6405980
256   6022316
256   5861328
256   6133716
256   6391856
256   6394528
256   5795048
256   6224796
256   6449936
256   6760380
256   6508384
256   6503324
256   5795912
256   6462424
256   6651380
256   5738052
256   5907880
256   6155792
256   5642880
256   5681832
256   5690008
256   5781196
256   5794292
256   5748036
256   5640428
256   5857108
256   6134784
256   5639180
256   5795556
256   6162912
256   6523272
256   6603308
256   6774200
256   6407600
256   6429352
256   5880840
256   6448364
256   6639892
256   6588544
256   6266480
256   5163092
256   6014328
256   6039100
256   5636340
256   5700272
256   5737220
256   6235900
256   5898884
256   6360564
256   6422716
256   6417296
256   5889744
256   5955840
256   6773532
256   6683172
256   5984044
256   6341356
256   6463296
256   6641064
256   6643892
256   6353508
256   5657972
256   6385660
256   5899304
256   5830208
256   5813168
256   5786532
256   5663144
256   5999220
256   6177328
256   5627436
256   6335328
256   6104204
256   5792408
256   5934988
256   6552212
256   6591148
256   6358192
256   6404664
256   6264280
256   6207768
256   6628832
256   6688676
256   6463312
256   6342956
256   6563880
256   6290224
256   6395548
256   6294148
256   6375408
256   6087684
256   5995088
256   5992924
256   5955220
256   5732604
256   6479032
256   6427412
256   6618012
256   6493176
256   5883268
256   5819060
256   5586668
256   6388960
256   5996328
256   6710432
256   6418280
256   6180520
256   6547540
256   6532900
256   6369596
256   6533028
256   6805680
256   5625424
256   5872948
256   6162368
256   5718072
256   5752048
256   6488156
256   6228224
256   5711864
256   6004636
256   5816932
256   5691948
256   6447660
256   5857548
256   6517872
256   6291628
256   6634604
256   6095188
256   6773416
256   6082932
256   6563204
256   6523320
256   6590048
256   6125596
256   5647396
256   5655688
256   6421840
256   5935628
256   6410100
256   5881912
256   5565896
256   5705952
256   6643996
256   6306408
256   5598684
256   5755092
256   6504108
256   6581700
256   6515832
256   6268364
256   6496236
256   5861292
256   5895912
256   6588636
256   6414916
256   6438644
256   6339184
256   6509812
256   5954296
256   5916404
256   6117668
256   6022700
256   5688200
256   6102244
256   5874856
256   6388084
256   5816040
256   6241824
256   5856688
256   6394216
256   6046188
256   6407232
256   6545800
256   6120872
256   6349788
256   6331720
256   5689576
256   6285384
256   6305152
256   6098684
256   6625312
256   5821868
256   5823108
256   6240672
256   6007592
256   5802176
256   6189652
256   6662532
256   6016092
256   5793436
256   6212432
256   6041856
256   5976104
256   6326648
256   6517912
256   6635204
256   6233148
256   5672632
256   6240312
256   6339548
256   5531568
256   6648452
256   6760612
256   6059012
256   6028956
256   5731372
256   5863208
256   6336496
256   5770144
256   5465016
256   6253956
256   6197228
256   6392612
256   6070064
256   5742800
256   5840804
256   5675828
256   6519924
256   6512672
256   6482860
256   6533148
256   6581428
256   6061736
256   5653768
256   6557672
256   5852248
256   6833940
256   6397212
256   5928976
256   6278244
256   5742528
256   5932004
256   5926588
256   6032508
256   5932860
256   5877804
256   6023708
256   6254740
256   5718636
256   5110064
256   5935816
256   5494192
256   5581716
256   5751624
256   6609476
256   6654528
256   6035392
256   5994796
256   6627692
256   6327756
256   6392792
256   5814304
256   5786992
256   5815128
256   4949496
256   5536160
256   5971044
256   5678332
256   5428368
256   5780336
256   5864484
256   6529028
256   5592868
256   6108532
256   6477588
256   6118256
256   6122012
256   6471020
256   6724808
256   6927224
256   6589144
256   6158728
256   6655704
256   6703280
256   6038376
256   5728196
256   5712764
256   6367856
256   5722492
256   6096440
256   5799216
256   5223988
256   5477924
256   6174504
256   6644412
256   6290060
256   6402284
256   5835048
256   6318100
256   5869088
256   6430276
256   6393900
256   6553468
256   6736124
256   6641512
256   6660708
256   5904316
256   6480868
256   5659388
256   5424320
256   5709136
256   5873368
256   6178160
256   5668900
256   5918280
256   6123212
256   5929852
256   6204856
256   6372188
256   6562896
256   6243188
256   6092164
256   6418056
256   5745136
256   6627360
256   5936060
256   6515052
256   5945728
256   6433696
256   6074344
256   6480516
256   5834996
256   5937880
256   5825936
256   6051568
256   6681200
256   6389692
256   5990112
256   6456476
256   6212032
256   6216772
256   5938192
256   5785504
256   5679120
256   6626728
256   6103212
256   6555332
256   6574176
256   6726324
256   5782312
256   6390896
256   6474484
256   6446800
256   6620412
256   6773356
256   6671884
256   6427480
256   6124688
256   6339436
256   5893208
256   6032896
256   5742916
256   5992368
256   5920456
256   6548912
256   6024908
256   5832120
256   5269268
256   5842048
256   6080300
256   6853756
256   5976128
256   6586160
256   6566216
256   6738152
256   6534040
256   6584008
256   6559548
256   6610472
256   6094832
256   6195324
256   6589648
256   6131996
256   5767464
256   5910764
256   6230128
256   6086636
256   5380104
256   5668736
256   5938304
256   5718468
256   5792860
256   6163972
256   6471364
256   6554788
256   6618604
256   6123572
256   6387576
256   5996860
256   6052940
256   6704564
256   6415100
256   5908228
256   6352072
256   5666460
256   5523940
256   5343012
256   6557560
256   6241360
256   6078260
256   5532632
256   5807640
256   5877520
256   6361852
256   5874304
256   6481040
256   6491324
256   6611564
256   6670800
256   6425364
256   6412120
256   6609840
256   5934620
256   5724876
256   6394188
256   6166296
256   6066108
256   6091856
256   6249160
256   5411064
256   5441332
256   6059320
256   5771932
256   6466504
256   6695184
256   6251524
256   6092472
256   5911780
256   6494528
256   5813308
256   6497676
256   6543364
256   6145476
256   6443284
256   6526280
256   5932428
256   6038776
256   6257008
256   6537624
256   5979968
256   5950332
256   5899780
256   6079788
256   6088796
256   6152284
256   6102592
256   5883800
256   5826524
256   6158852
256   6121244
256   5962648
256   6315848
256   5951856
256   6154136
256   6381752
256   6585672
256   6446384
256   5647944
256   6548752
256   6066140
256   6537172
256   5995800
256   6081816
256   6070944
256   6326424
256   6513364
256   5655264
256   5790392
256   5724076
256   6657304
256   5958668
256   6469168
256   5973120
256   5847724
256   5499992
256   6143712
256   5888556
256   5739608
256   5780968
256   5862720
256   6702896
256   6347388
256   6809372
256   6542792
256   6588784
256   6202180
256   5672464
256   6300832
256   5989752
256   6024380
256   5551120
256   5704480
256   5836760
256   5716328
256   5734388
256   6480192
256   6023060
256   6264824
256   5659976
256   5958560
256   6540352
256   6334100
256   6541888
256   6480884
256   6564124
256   6650900
256   6417724
256   6557620
256   6901620
256   6280200
256   5891920
256   6165016
256   5920992
256   5764224
256   5340564
256   5323160
256   5598796
256   6090832
256   5499916
256   6052680
256   6290916
256   6511320
256   6565348
256   6473472
256   6671844
256   6542096
256   6627492
256   6543100
256   5995756
256   6530080
256   6216044
256   6444892
256   6948576
256   5264784
256   5793236
256   5505316
256   5832244
256   5669252
256   6493864
256   5877868
256   6193032
256   5812052
256   6546924
256   6286016
256   6224988
256   6314900
256   6429836
256   6205952
256   6293244
256   5903420
256   6569168
256   5976288
256   5732376
256   6469216
256   6092636
256   5656852
256   5718780
256   5837444
256   5938840
256   5852024
256   6157404
256   6232436
256   5999380
256   6408676
256   6636964
256   5765208
256   6059748
256   6423484
256   6655024
256   5778172
256   6163800
256   6099864
256   6331112
256   6454960
256   5674936
256   6059956
256   6493036
256   6020392
256   6178192
256   6025272
256   6138924
256   5832536
256   6181604
256   6477328
256   5993900
256   6256780
256   6264564
256   6548336
256   6534416
256   6468464
256   5910168
256   5798440
256   5799608
256   6550320
256   6453992
256   5976012
256   6614808
256   6024624
256   6231340
256   6394716
256   6792864
256   6629904
256   6438744
256   6020036
256   6086052
256   6017088
256   5623324
256   6483780
256   5621392
256   5917960
256   5828584
256   5822492
256   5608456
256   5684516
256   5757660
256   5542568
256   5512744
256   5751888
256   6082988
256   6089984
256   6679896
256   6569772
256   6740900
256   6012716
256   5928596
256   6371640
256   6605248
256   6281320
256   6672968
256   5780600
256   5739648
256   5460584
256   5318840
256   6672532
256   5881404
256   5816912
256   5032908
256   6311608
256   6251244
256   6253276
256   6346732
256   6561756
256   5871952
256   6592036
256   6282860
256   6692140
256   6563672
256   6468136
256   6297580
256   5803716
256   5868868
256   5899500
256   6071732
256   5962660
256   5592212
256   6042600
256   5788328
256   5995748
256   5841972
256   6754712
256   6456508
256   5685464
256   6481760
256   6430864
256   6614360
256   6591528
256   6394948
256   6456268
256   6389968
256   6126200
256   5980732
256   5871016
256   6147312
256   5833264
256   5543828
256   5743768
256   5697352
256   6541632
256   6346308
256   5947396
256   6150076
256   6292984
256   5991488
256   6005884
256   5724980
256   6594828
256   5841448
256   5926896
256   6051124
256   5784980
256   6394076
256   6361020
256   6739400
256   6132120
256   6353404
256   6078552
256   6047216
256   5905708
256   5845476
256   6116424
256   6160776
256   6365060
256   6491888
256   5706660
256   5793256
256   6315968
256   5771724
256   6489568
256   6647044
256   6515760
256   6498340
256   6645796
256   6263316
256   6333684
256   5714004
256   5775752
256   6567244
256   6493796
256   6636732
256   6669492
256   6300048
256   5834668
256   5203228
256   6121000
256   5664624
256   5982396
256   6348480
256   6272744
256   5765048
256   5755944
256   5584252
256   5839676
256   6107712
256   5504848
256   6371912
256   6424224
256   6725292
256   6329128
256   5908052
256   6571144
256   6278624
256   7001572
256   6379436
256   5753004
256   6016536
256   5912504
256   5681860
256   5747476
256   6567488
256   5682852
256   5806564
256   5842308
256   5796440
256   5592452
256   5684280
256   5738272
256   5825568
256   6478516
256   6462072
256   6486616
256   6348408
256   6440692
256   6191340
256   6259540
256   6683568
256   6572576
256   6550156
256   6023480
256   5700932
256   5757872
256   6324788
256   5694344
256   6311972
256   5826028
256   5832048
256   6391096
256   6602988
256   6030044
256   6073272
256   6307592
256   5975216
256   6474608
256   6423500
256   6605732
256   6301236
256   6533820
256   5962516
256   5801124
256   6431952
256   6428036
256   6156720
256   5887032
256   5694984
256   6124872
256   6007688
256   6450792
256   6219740
256   5937924
256   6085224
256   6333968
256   6588524
256   5701992
256   6209716
256   6133352
256   5435764
256   6013992
256   6618704
256   6372900
256   6214156
256   5948864
256   5789732
256   5839428
256   6402024
256   6453612
256   6364864
256   5938232
256   6452020
256   5908388
256   6097092
256   6208500
256   6090292
256   6447296
256   6058056
256   6128748
256   6505820
256   6105088
256   5640948
256   5813792
256   6439784
256   6435784
256   6556228
256   6589736
256   6365316
256   6560940
256   6132540
256   6452972
256   5966412
256   6536864
256   6549424
256   6543776
256   6212512
256   5981328
256   6638596
256   5817312
256   5655224
256   5894620
256   5613972
256   6034652
256   5675240
256   5951444
256   5715104
256   5780700
256   6224724
256   6004140
256   6410888
256   5944224
256   6422012
256   6445976
256   6671684
256   6514268
256   6236944
256   5793248
256   6600388
256   5845576
256   5718628
256   5429644
256   6066612
256   5926492
256   5768184
256   6009044
256   5609400
256   5817736
256   6109856
256   6063528
256   6210816
256   6150024
256   6122296
256   6434600
256   6073764
256   6492580
256   6656044
256   6788252
256   6476440
256   5838808
256   5840068
256   5761484
256   5895560
256   6407184
256   5691360
256   5722212
256   5768388
256   5526916
256   5416344
256   6192112
256   6521468
256   6515036
256   5786548
256   6143996
256   6250196
256   6498064
256   6556336
256   6077004
256   6422360
256   6351580
256   6155476
256   6633292
256   6082660
256   5948772
256   5579156
256   6500516
256   6052064
256   5603500
256   4937616
256   6379996
256   6015744
256   5714528
256   5876392
256   6519200
256   5941752
256   6224660
256   6386356
256   6156728
256   6043656
256   5895020
256   6515568
256   5701460
256   6424944
256   6556500
256   6007320
256   6435788
256   6022344
256   5979080
256   5789504
256   6243460
256   6342236
256   5981084
256   6098848
256   6500172
256   5901640
256   6034580
256   5778012
256   5847460
256   5954640
256   6966204
256   6387064
256   6125064
256   6543816
256   6440256
256   6273468
256   6010492
256   5801844
256   6473944
256   6394656
256   6673652
256   6501208
256   6017700
256   5863704
256   5870892
256   6509752
256   5978000
256   5933784
256   6121472
256   6435776
256   6133064
256   5964792
256   6568332
256   5611432
256   5760660
256   6031420
256   6515560
256   6059320
256   5772972
256   6414600
256   6281296
256   6733480
256   6396244
256   6552660
256   6525216
256   6538808
256   6125364
256   6020408
256   5966992
256   5944248
256   5711800
256   6272300
256   5691156
256   5913528
256   6080228
256   6371044
256   5806068
256   6112972
256   6464380
256   6518740
256   6731524
256   6328408
256   6738628
256   6336384
256   6137528
256   6144148
256   6415188
256   6003664
256   6473404
256   5800284
256   5654460
256   5903732
256   5867424
256   5873480
256   5559904
256   5646568
256   5802544
256   6072792
256   5618840
256   5801108
256   5783432
256   5763856
256   6754128
256   6405736
256   6558624
256   6293144
256   6458476
256   6380312
256   6552164
256   6518128
256   6095556
256   6022500
256   6626480
256   5970724
256   5844644
256   5713620
256   5054372
256   5219972
256   5777756
256   6493852
256   6608572
256   5786832
256   6026780
256   5609068
256   6746880
256   5803984
256   6087764
256   6490036
256   6248868
256   6007900
256   5940932
256   6682500
256   5857984
256   5890324
256   5760136
256   5833332
256   5809580
256   5933224
256   5581120
256   6036280
256   5923932
256   6524120
256   5443344
256   5755204
256   6430516
256   6280172
256   5874592
256   6557916
256   5551056
256   6001628
256   6114528
256   5927696
256   6511848
256   6458256
256   6433060
256   5760812
256   5921748
256   6381728
256   6309812
256   6225172
256   5911500
256   6317316
256   6471732
256   5708824
256   6341492
256   6003060
256   5764252
256   5820748
256   5878280
256   6095056
256   5851884
256   6229212
256   6124944
256   6060988
256   5801580
256   5838520
256   5687800
256   6167400
256   6631524
256   6452080
256   6618064
256   6523280
256   6544656
256   6365504
256   6068584
256   6093580
256   5653640
256   6341988
256   5874396
256   5888432
256   5817708
256   5758444
256   5818760
256   6327080
256   6297308
256   5740624
256   5712404
256   6064760
256   5822620
256   6505240
256   6539360
256   6662604
256   6498060
256   6437580
256   6952840
256   6489756
256   5620580
256   5894656
256   6052584
256   5789788
256   5897116
256   5938368
256   6082220
256   5692500
256   5522508
256   6278896
256   5979700
256   5822588
256   6360364
256   5966976
256   6397288
256   6299496
256   5799692
256   6639620
256   6537808
256   6612240
256   6448156
256   6849240
256   6614924
256   6555248
256   5875644
256   6134440
256   5863704
256   5566324
256   6114948
256   5669036
256   6436248
256   5762236
256   5696404
256   6510512
256   6535324
256   6594228
256   6073316
256   6642740
256   6628016
256   6688964
256   6442016
256   6119248
256   6518384
256   6155096
256   6350796
256   6616244
256   5940044
256   5856776
256   5855356
256   5347764
256   5811652
256   5815076
256   6501312
256   6345664
256   6173688
256   6462836
256   6200596
256   6049572
256   5866828
256   5857096
256   5837940
256   6611860
256   6136356
256   5934116
256   6352608
256   6244352
256   6390252
256   5669456
256   6314732
256   6507980
256   6112896
256   6108008
256   6265644
256   5998512
256   6389372
256   6270540
256   5600048
256   5997184
256   6260896
256   6096280
256   6550176
256   6017672
256   5773744
256   6474468
256   6405676
256   5854884
256   6477600
256   6306228
256   5605300
256   5751484
256   5632772
256   6462044
256   6534004
256   6699476
256   6418180
256   5949688
256   6061076
256   5824856
256   5746472
256   6111048
256   6352312
256   6104656
256   6025240
256   6355372
256   5618176
256   5789692
256   5986064
256   5689056
256   5560584
256   5649760
256   6717312
256   5958912
256   6392216
256   6626832
256   6223412
256   6132516
256   6082224
256   6585728
256   5834800
256   6436280
256   5962944
256   5767736
256   5838764
256   5689316
256   5657672
256   6153788
256   6297284
256   6486172
256   5793336
256   5470524
256   5718204
256   6582336
256   6294592
256   6586976
256   6522220
256   6434016
256   6046936
256   6197616
256   6752480
256   6137780
256   5949368
256   5905012
256   5955544
256   6000988
256   5875792
256   6074676
256   5659872
256   5846948
256   5236008
256   5641932
256   6237624
256   6213040
256   6271500
256   6329536
256   5949356
256   5957812
256   6568468
256   6700664
256   6601400
256   6289588
256   5914540
256   6069432
256   6126864
256   6174708
256   5650472
256   5798616
256   6124992
256   5803948
256   5763008
256   6072252
256   6052448
256   6554568
256   6038320
256   6193972
256   6357816
256   6515024
256   6521100
256   6363228
256   6621512
256   6438776
256   6300276
256   5893220
256   6462012
256   6591092
256   6706104
256   5978456
256   6510612
256   6418608
256   5828660
256   5883956
256   6404456
256   6054152
256   6479040
256   5927080
256   5989948
256   6055860
256   5831556
256   6729596
256   5428560
256   6046564
256   6454912
256   6242524
256   5912300
256   5738216
256   6569648
256   5401504
256   6201556
256   6261920
256   5986308
256   6083768
256   5845600
256   6248576
256   5729400
256   5819612
256   6375264
256   6020520
256   5811300
256   6591700
256   5947640
256   5853900
256   6114128
256   5706872
256   5878168
256   6568688
256   5896216
256   6443888
256   6017432
256   5785384
256   6432916
256   5861812
256   6161300
256   6503836
256   6706412
256   6538488
256   6648244
256   6084548
256   5626412
256   6239024
256   5499532
256   5831920
256   6401232
256   6050364
256   5777820
256   6069116
256   5798612
256   5851868
256   4947056
256   5939640
256   5847136
256   6077072
256   6453524
256   6244860
256   6494916
256   6418016
256   6464972
256   6523136
256   6815156
256   6463384
256   6710484
256   6103260
256   6235068
256   6262548
256   5814952
256   5761396
256   5884508
256   5963368
256   6076020
256   5995936
256   5491780
256   5858824
256   5920104
256   5907724
256   6391012
256   6589592
256   6657600
256   6492412
256   5977132
256   6630640
256   6054376
256   6367576
256   6145804
256   6131396
256   6461200
256   6524412
256   5702704
256   5797812
256   5656416
256   5390664
256   5565436
256   5980576
256   5553152
256   6412712
256   6140064
256   5809808
256   5944856
256   6274552
256   5966492
256   6072664
256   6399816
256   6763704
256   6451412
256   5993664
256   5693120
256   6643244
256   6144612
256   6050068
256   6457304
256   6012780
256   5204440
256   5736940
256   5983684
256   6438476
256   6454876
256   6136448
256   6219496
256   6504096
256   6462732
256   6898024
256   5653508
256   6058936
256   5628568
256   6630924
256   6451200
256   6479384
256   5954580
256   6275216
256   5967008
256   5915776
256   6638056
256   6407284
256   6762656
256   5957640
256   6294920
256   6151072
256   5835368
256   6306656
256   5818724
256   6735660
256   5842780
256   6210068
256   6141708
256   6053332
256   5895604
256   5791428
256   6511132
256   5922224
256   6107684
256   6464112
256   5935032
256   6368356
256   6819588
256   6454348
256   6677992
256   6236168
256   6213060
256   5763952
256   6142968
256   5947544
256   6303804
256   5469896
256   5732224
256   5648368
256   6046300
256   5693164
256   5905708
256   5554252
256   5000076
256   6531244
256   6589092
256   5906620
256   6386072
256   6287728
256   6457088
256   6379364
256   6699712
256   6138908
256   6322492
256   6179132
256   6067048
256   5992300
256   5776432
256   6275388
256   5933908
256   5731808
256   5248572
256   5752472
256   5902084
256   6461636
256   5688324
256   6157508
256   6597116
256   6360280
256   6200560
256   6683568
256   6625360
256   6608896
256   6543580
256   5830336
256   6528804
256   6458376
256   5656312
256   5920760
256   5775252
256   5738116
256   5996300
256   6064056
256   5705488
256   5962992
256   6046940
256   6605224
256   5732696
256   6424444
256   6041200
256   5757580
256   6453336
256   6381008
256   6692716
256   6604468
256   6666140
256   6105696
256   6348724
256   5762672
256   6479776
256   5959820
256   5999780
256   6293484
256   5612208
256   6662060
256   6035608
256   6547808
256   5970904
256   5989896
256   5897204
256   6538460
256   6207976
256   6191292
256   5750560
256   6200344
256   6072312
256   6217472
256   6236548
256   6565108
256   5893484
256   6314208
256   6312668
256   6396680
256   5979916
256   5706072
256   6367028
256   5605144
256   6017048
256   6399844
256   6378796
256   5865764
256   5696384
256   6354916
256   6036016
256   5796592
256   5964772
256   6061960
256   6351396
256   5676700
256   6247940
256   6581296
256   6374708
256   6448168
256   5869632
256   6705832
256   7112196
256   6466840
256   6961104
256   6403952
256   6314080
256   5916384
256   6251324
256   5991340
256   6000280
256   5673132
256   5899080
256   5641848
256   5887352
256   5673932
256   6206024
256   5443500
256   6758332
256   6462968
256   5770552
256   6405172
256   6451776
256   5677084
256   6585716
256   6450792
256   6714632
256   6461856
256   6018672
256   5813308
256   5824232
256   5902528
256   5972720
256   6324660
256   5938128
256   5802264
256   5972056
256   5497384
256   5973568
256   5762840
256   5751744
256   6359592
256   6684740
256   6541196
256   6066848
256   6456032
256   6181996
256   5506368
256   6698772
256   6836172
256   6405400
256   6579596
256   6038780
256   5080144
256   5366120
256   5357252
256   5925776
256   5644056
256   5752668
256   6101576
256   5715236
256   5987072
256   5625808
256   7385664
256   6338756
256   6312908
256   6759436
256   6625320
256   6798016
256   6655560
256   6026820
256   6325652
256   6333032
256   6083412
256   6638292
256   6490216
256   5932876
256   5679508
256   5807620
256   5377416
256   5718032
256   5956392
256   5867128
256   6355684
256   6361280
256   6511252
256   6120496
256   5617240
256   5957108
256   6388140
256   5751024
256   6611240
256   6399960
256   6497064
256   6281760
256   6010164
256   6290836
256   5870120
256   6652864
256   5941588
256   5775800
256   6527552
256   6014392
256   5904680
256   6229596
256   5784228
256   5853532
256   5936992
256   6332156
256   6216096
256   5826216
256   5759312
256   5931992
256   5584344
256   5984504
256   6596168
256   5693268
256   6317404
256   5993972
256   6544572
256   6425504
256   6271976
256   5939440
256   5897908
256   6005536
256   5997828
256   6063256
256   6083172
256   6020636
256   5687436
256   5923464
256   5902124
256   6296064
256   6499500
256   6597016
256   6064184
256   5943960
256   5619816
256   5934304
256   6012636
256   6517160
256   6722216
256   6598500
256   6777096
256   6587100
256   6645912
256   6051508
256   5599016
256   6609480
256   5601600
256   5816256
256   6216968
256   5222736
256   5834432
256   5649180
256   5473644
256   6509588
256   5778972
256   5637016
256   6387272
256   6533336
256   5821988
256   6657552
256   5727484
256   6506432
256   6694072
256   6566164
256   6498180
256   6161316
256   6127476
256   5667772
256   6241296
256   5603352
256   5918508
256   5688524
256   5863036
256   5793836
256   5899804
256   5983428
256   6524260
256   6081424
256   6240268
256   6220760
256   5781112
256   6697964
256   6571572
256   6508580
256   5848168
256   6531960
256   6649180
256   6647916
256   5646420
256   6554628
256   5996928
256   5657656
256   5627068
256   5557440
256   5655936
256   6204724
256   6397128
256   6343144
256   6164244
256   6422904
256   6093636
256   6273104
256   6266812
256   5997004
256   6213340
256   5987840
256   6650344
256   6544856
256   6562128
256   6460896
256   6332328
256   6504808
256   6410364
256   6393752
256   5919476
256   5745160
256   6515648
256   6195948
256   6013320
256   6455284
256   6073792
256   5549700
256   5870804
256   6692956
256   6580892
256   5933632
256   5828460
256   5752996
256   6456920
256   6267148
256   6481156
256   5505548
256   5953456
256   5793152
256   6621692
256   6536684
256   5850940
256   5897572
256   6364792
256   5554164
256   5838376
256   6331728
256   5949088
256   6159644
256   5783444
256   5873704
256   6471696
256   5722536
256   6139964
256   6138292
256   5681684
256   6623800
256   5816508
256   5666812
256   6414420
256   6412392
256   6722712
256   6480436
256   6691988
256   6536640
256   6446392
256   6170340
256   6034000
256   6035164
256   5781768
256   6326816
256   6005120
256   5885596
256   6383400
256   5942580
256   5656384
256   5917036
256   5799400
256   6214996
256   6273056
256   6415132
256   6604020
256   6521196
256   6403432
256   6307828
256   5935672
256   6377716
256   6520652
256   6660520
256   6214804
256   5723564
256   5793920
256   5766072
256   5844220
256   5856628
256   5937164
256   5764744
256   5948312
256   5939424
256   6477800
256   6303360
256   6076036
256   5757688
256   6564504
256   6350284
256   6690772
256   6646668
256   6410420
256   7309528
256   6573780
256   6278332
256   5734836
256   5807644
256   5774156
256   5728964
256   5971800
256   5951116
256   6028224
256   5699764
256   6217556
256   6276768
256   6386536
256   6592068
256   6349248
256   5895060
256   6447808
256   6036380
256   6183712
256   6650240
256   6668940
256   5794792
256   6547568
256   5829244
256   5879896
256   6286280
256   5998412
256   5603888
256   5965600
256   5958712
256   5996800
256   5835212
256   6103116
256   6067008
256   5972496
256   6244992
256   6609404
256   6500940
256   6391308
256   6154568
256   6637840
256   6400960
256   6058216
256   6494600
256   5865232
256   5841176
256   6441112
256   6390868
256   6041308
256   6589004
256   5931048
256   6470904
256   6239988
256   6529808
256   6299660
256   5643520
256   5987292
256   6134068
256   6169496
256   5574652
256   6501384
256   5821036
256   6723948
256   6209340
256   6056216
256   6049744
256   5544452
256   5959896
256   6434688
256   6578316
256   6748816
256   6099532
256   5718912
256   5927608
256   6281156
256   5711908
256   6320488
256   6324436
256   5623744
256   6487888
256   5722888
256   5727636
256   5715976
256   5851656
256   6125152
256   6442328
256   6491032
256   5714816
256   6206552
256   5858304
256   5952348
256   5922384
256   6639932
256   6531580
256   6459896
256   6409884
256   6202020
256   6307492
256   5758248
256   5478572
256   6453964
256   6155876
256   5387156
256   5951652
256   6210048
256   5719688
256   6130592
256   6290684
256   5960420
256   6659144
256   6013448
256   6628200
256   6207860
256   6295560
256   6615108
256   6643140
256   6091204
256   6572108
256   6567504
256   6814444
256   6495284
256   5632360
256   5806956
256   5819032
256   5765616
256   6005480
256   5811904
256   6351588
256   5994408
256   5778496
256   6564828
256   6338732
256   6093572
256   6687284
256   6651568
256   6329796
256   6510796
256   6528360
256   6614928
256   5557444
256   6282916
256   6592528
256   5956040
256   5695892
256   5841228
256   5756928
256   5593708
256   6681524
256   5935016
256   6233124
256   6448720
256   6342784
256   6341116
256   5694940
256   5784476
256   6029120
256   6491424
256   6328640
256   6450068
256   6144704
256   6278564
256   6474480
256   6095764
256   6394988
256   5813360
256   6516460
256   5706632
256   5962844
256   6048000
256   6206592
256   6361500
256   5774744
256   6337788
256   5928700
256   6368092
256   6576620
256   6397008
256   5540112
256   6355656
256   6305184
256   5777052
256   6497484
256   6793356
256   6653556
256   5754744
256   6633436
256   6440228
256   5978352
256   6163092
256   6311136
256   5719644
256   6396936
256   5821352
256   6110228
256   6162340
256   6260168
256   5722300
256   6064604
256   5871100
256   6471420
256   5793472
256   5731540
256   5855532
256   5920136
256   6389100
256   6522788
256   6611956
256   6679520
256   6250288
256   6525300
256   6722068
256   6580236
256   5840388
256   6008684
256   6009840
256   5705404
256   6154740
256   5882356
256   6228816
256   5627920
256   5859220
256   5701072
256   6292220
256   6064224
256   5533416
256   6155604
256   6617020
256   6545180
256   6616728
256   6487600
256   6821904
256   6393304
256   6033220
256   6650428
256   6515612
256   6134188
256   5518560
256   5781512
256   5728024
256   6346540
256   5964656
256   5738696
256   5593456
256   5933900
256   5549556
256   6496968
256   6377656
256   6537192
256   6572172
256   6366312
256   6529464
256   6564876
256   6458348
256   6107312
256   6388620
256   6313300
256   5652068
256   6410644
256   6062772
256   5503788
256   5615948
256   5602432
256   5581680
256   6317036
256   5781876
256   6190132
256   6599112
256   6469964
256   5740632
256   6545312
256   5938144
256   6339192
256   5796564
256   5985400
256   6572656
256   5729088
256   5946320
256   5668788
256   6617340
256   6137796
256   6115280
256   6190824
256   5917644
256   6103788
256   5656948
256   5773052
256   6007764
256   5832212
256   6290972
256   6154196
256   5994280
256   5657100
256   5950008
256   5564312
256   5710868
256   6075876
256   6226912
256   6643236
256   5580280
256   5922808
256   5871456
256   5766304
256   5868912
256   6621408
256   6591752
256   6619384
256   6569380
256   5882268
256   6353604
256   5647184
256   5686892
256   6467076
256   5957568
256   6330900
256   6082008
256   5269500
256   5563348
256   5990728
256   5665116
256   5869156
256   6189904
256   6672300
256   6467556
256   6561900
256   6260876
256   6241712
256   6526400
256   6222616
256   6112252
256   6625812
256   6561568
256   6198088
256   5963160
256   5999588
256   5872596
256   5823128
256   5671616
256   6418588
256   6198676
256   5864888
256   5969332
256   5836456
256   5664840
256   6191336
256   6369124
256   6260312
256   6233260
256   6174000
256   6416752
256   5920748
256   6534680
256   6304200
256   6295600
256   5991776
256   5931952
256   6094720
256   6291332
256   5675092
256   5562156
256   5446460
256   5706236
256   6095424
256   6329940
256   6437952
256   5667616
256   6276176
256   6466100
256   6607928
256   6412280
256   6638864
256   6323824
256   6394232
256   6618892
256   6621272
256   6265368
256   6400656
256   6491340
256   6028780
256   5984920
256   5862796
256   6053796
256   5745196
256   5870508
256   6087660
256   5910772
256   6280892
256   6368936
256   6039872
256   6449736
256   5896068
256   6423280
256   6566616
256   5690816
256   6088504
256   6630400
256   6169132
256   6048304
256   5735712
256   6463128
256   6502476
256   5670516
256   6144464
256   6040476
256   6250308
256   6318792
256   5879372
256   6027624
256   5866408
256   5773380
256   6138864
256   6266068
256   5606996
256   6010740
256   5634372
256   6249952
256   6010092
256   5851484
256   5525540
256   5931784
256   5712296
256   6185964
256   6280484
256   6750956
256   6466380
256   6182888
256   5844120
256   6389480
256   6025520
256   5769320
256   5793564
256   6049400
256   5757160
256   5711872
256   5983652
256   6020768
256   5737668
256   6303572
256   6196416
256   5943576
256   6386524
256   5538888
256   6078536
256   6477992
256   6263992
256   6339160
256   5629512
256   6284956
256   6053304
256   5758128
256   6503616
256   5867304
256   6075140
256   6107944
256   5810752
256   5676404
256   5820568
256   5968144
256   5890620
256   6170864
256   5436308
256   6003552
256   5772996
256   6575232
256   6683476
256   6297320
256   6005716
256   6668944
256   6552704
256   6730972
256   6393080
256   6044400
256   6494400
256   5715824
256   5681640
256   5628484
256   5831536
256   5855880
256   5452532
256   5878308
256   5601624
256   5804568
256   5423028
256   5675360
256   6137228
256   6453564
256   6862264
256   6395416
256   6723228
256   6433812
256   6257756
256   6065740
256   6618040
256   6515664
256   6012068
256   6456808
256   5763532
256   5953252
256   5632312
256   5420472
256   5631508
256   6309272
256   6218948
256   6113892
256   5671416
256   5591720
256   5815172
256   5817552
256   6471756
256   6170056
256   6531328
256   6569536
256   6363736
256   6235392
256   5877300
256   6534764
256   6412956
256   6438172
256   6303088
256   5786324
256   6191368
256   5442756
256   6369936
256   6406588
256   5960692
256   6098776
256   6313960
256   6373140
256   5786316
256   5577704
256   5979680
256   5827676
256   6131084
256   5934848
256   6316992
256   6494840
256   6267164
256   5631304
256   5932404
256   5885476
256   5864120
256   5899960
256   6633124
256   6279244
256   5753832
256   5797652
256   5744828
256   6203224
256   6238428
256   6436336
256   6477400
256   5678164
256   5909188
256   5556224
256   5358184
256   5542612
256   5828392
256   6418388
256   6454064
256   5893580
256   5736732
256   6453948
256   6677224
256   6450900
256   6433204
256   6665336
256   6672432
256   5651056
256   6391044
256   6405944
256   5752896
256   5964812
256   5982936
256   5740604
256   5420688
256   6394708
256   6549736
256   5959888
256   5551040
256   5774952
256   6668508
256   5951680
256   6413468
256   6522340
256   6694636
256   6433272
256   6448492
256   6397852
256   6718376
256   6007900
256   6534976
256   6355140
256   6080100
256   6324992
256   5689492
256   5629876
256   6334104
256   5125936
256   6139488
256   5890960
256   5707072
256   5631232
256   5816864
256   6791736
256   6535392
256   6051072
256   6591720
256   6427720
256   6566272
256   6607140
256   6594340
256   5677932
256   6683612
256   6408224
256   5802448
256   5815432
256   5694604
256   5903704
256   6353860
256   5505228
256   5785652
256   6288448
256   6596588
256   5942040
256   6807496
256   5750656
256   5827856
256   6618628
256   6515116
256   5870324
256   6442424
256   6055284
256   6238476
256   6216804
256   5993196
256   5886916
256   5926564
256   5773328
256   5749796
256   5569036
256   6407940
256   5660484
256   6003608
256   5772400
256   6399320
256   6546088
256   6395936
256   6270872
256   5788736
256   5717556
256   6620356
256   6400644
256   5846012
256   5567188
256   5939852
256   6445984
256   6027616
256   6077872
256   6452452
256   6448004
256   5641040
256   5911176
256   5866532
256   6075216
256   6341532
256   6131032
256   6046616
256   6544732
256   5920716
256   5821776
256   5961756
256   5841948
256   6480340
256   6310340
256   6665608
256   6478176
256   6497256
256   6095528
256   5623460
256   6558888
256   6580040
256   6660164
256   6535980
256   6265936
256   5954396
256   5782096
256   5470632
256   5794796
256   5901856
256   6120052
256   5749488
256   5768284
256   5803628
256   5800384
256   5841124
256   6442172
256   6105588
256   6314264
256   6436840
256   6513592
256   5998776
256   6516264
256   6078908
256   6729836
256   6571548
256   6523940
256   6522880
256   6082008
256   6077664
256   5985388
256   5871220
256   5811980
256   5651576
256   5870200
256   5892640
256   5765888
256   5643312
256   5641904
256   5721260
256   6289248
256   6066856
256   6434744
256   6849976
256   6023320
256   6283392
256   6386308
256   6709264
256   6750448
256   6621060
256   6666636
256   5903920
256   5305768
256   6393600
256   5827076
256   5678516
256   5915168
256   5556044
256   5773584
256   5932220
256   6381484
256   5700476
256   6136272
256   5523992
256   5942608
256   6319016
256   6461056
256   6439896
256   6371888
256   6137940
256   6458492
256   6289344
256   6566728
256   6178500
256   6578788
256   6093364
256   6038596
256   6168468
256   5022336
256   6136704
256   6021684
256   6452616
256   5951644
256   5767872
256   5991184
256   6123108
256   5738740
256   5840112
256   6316800
256   6075624
256   5752636
256   6590040
256   5923764
256   6317292
256   5826372
256   6351252
256   5620396
256   6493892
256   5865348
256   5656804
256   5882484
256   6261500
256   6323988
256   5622468
256   6317024
256   5910888
256   5991636
256   6322648
256   6139728
256   6207904
256   5849640
256   5496872
256   6171660
256   6398928
256   5864764
256   6044844
256   6596712
256   6788604
256   6534544
256   6273876
256   5660888
256   5842328
256   6619348
256   6249400
256   6168584
256   6261356
256   6249736
256   5749556
256   5621472
256   5769296
256   6187744
256   6148168
256   5867256
256   5927300
256   5899404
256   6055684
256   5728136
256   5643532
256   5752052
256   6017580
256   6334484
256   6593436
256   6658632
256   6516932
256   5766076
256   6334852
256   6562796
256   6272528
256   6276820
256   6105484
256   6446468
256   5743040
256   5598532
256   5665980
256   6497316
256   5362116
256   5931308
256   5898928
256   5662292
256   5974352
256   5752128
256   6086364
256   6480984
256   6389032
256   6662828
256   6619656
256   6484020
256   6826388
256   6678388
256   6330448
256   5826800
256   6199168
256   6289384
256   5887700
256   6067540
256   5812816
256   5717212
256   5751400
256   5341712
256   6219644
256   5646232
256   6022240
256   6302408
256   6409492
256   6095844
256   6589340
256   6565376
256   6061816
256   6261360
256   5969000
256   6288520
256   6547572
256   6282224
256   6252140
256   6538300
256   5340280
256   5831132
256   6077992
256   5549652
256   5897168
256   5722852
256   6232352
256   6162720
256   5892920
256   6311704
256   6085068
256   6074824
256   5696844
256   6605620
256   6129192
256   6650936
256   6302016
256   6257312
256   6044572
256   6480368
256   6572512
256   6349116
256   5909728
256   5877524
256   5462888
256   6522944
256   5919632
256   6379280
256   6390432
256   6278660
256   5893504
256   5552152
256   6305948
256   5600040
256   5845308
256   6686876
256   6174140
256   6432024
256   6519756
256   6574384
256   6152156
256   5856844
256   5901488
256   6518888
256   6654920
256   6347920
256   6009968
256   5989960
256   5804960
256   6075400
256   5956340
256   6135892
256   5806148
256   5800296
256   6359356
256   5800672
256   6130912
256   5741752
256   6364756
256   5895884
256   5562068
256   5930192
256   6112276
256   5792988
256   6515508
256   6335604
256   6529160
256   6585116
256   6587408
256   5836840
256   5891020
256   6022020
256   5561988
256   5951668
256   5770292
256   6401428
256   6368836
256   5878576
256   5796536
256   6078968
256   7274532
256   5310500
256   5796836
256   6642884
256   6344016
256   6149756
256   6505208
256   6616720
256   6816748
256   6325220
256   7119132
256   5997404
256   6499824
256   5561188
256   5944564
256   5617844
256   5464780
256   5926120
256   5971648
256   5857272
256   5678012
256   6342136
256   5420324
256   5648832
256   5870284
256   6379572
256   6740712
256   6802784
256   6373240
256   6578556
256   6511436
256   6795036
256   6480104
256   6331000
256   6359348
256   6698048
256   6649792
256   5784592
256   5734240
256   5485180
256   5654024
256   5404316
256   5458736
256   5445632
256   6284196
256   6440024
256   6139592
256   6548368
256   6153396
256   6486792
256   6571376
256   6661764
256   6691448
256   6575700
256   6077016
256   6118992
256   5940580
256   5815784
256   6108068
256   5302264
256   6289064
256   5818608
256   5864824
256   5862020
256   6468968
256   6197548
256   5889676
256   6889428
256   6513564
256   5784324
256   6316028
256   6159528
256   6472460
256   6565096
256   6231640
256   5827664
256   6540168
256   5863956
256   5638808
256   6383592
256   6749924
256   6113704
256   5728128
256   6507772
256   6363748
256   6225960
256   6576896
256   6158324
256   6044156
256   6216488
256   5982480
256   5795744
256   5769204
256   6141368
256   6000280
256   6272028
256   5772260
256   6375692
256   5724600
256   6733176
256   6443044
256   6498920
256   6049996
256   6358608
256   6713840
256   5803912
256   6821480
256   6198520
256   5687544
256   4984412
256   5880904
256   5947240
256   5756532
256   5926312
256   5937348
256   5742188
256   6499200
256   5596576
256   6613020
256   5953912
256   6188736
256   6420368
256   5694548
256   6177768
256   6423568
256   6543224
256   6521204
256   6765448
256   6459232
256   6505320
256   6063200
256   5783744
256   6421540
256   5926740
256   5532388
256   5937024
256   5627088
256   5715324
256   6608580
256   6284384
256   5736972
256   5768544
256   6136272
256   5766360
256   5849736
256   6714564
256   6280900
256   5824396
256   6594708
256   6142368
256   6539824
256   6440196
256   6719432
256   6421528
256   5534116
256   5611084
256   5543488
256   5637044
256   6226264
256   6036880
256   5309568
256   6098648
256   6353212
256   6598228
256   5443048
256   6212620
256   5760848
256   6403100
256   6751920
256   6278016
256   6588024
256   6555272
256   6425288
256   6659884
256   6194928
256   6397444
256   6572696
256   6332008
256   5942944
256   5663436
256   6374112
256   5464960
256   5746700
256   6091032
256   6085956
256   5665668
256   6734768
256   5956916
256   6523456
256   7155532
256   6372292
256   5987144
256   6458292
256   6664672
256   6225376
256   6475512
256   6430128
256   6355336
256   5842800
256   6244028
256   5926680
256   5820756
256   6354020
256   6005180
256   5621808
256   6145424
256   6117884
256   5881148
256   6239456
256   6397948
256   5809608
256   5829680
256   5783832
256   6010816
256   6687704
256   6473448
256   6429380
256   5939524
256   6362168
256   5984880
256   6087244
256   5915072
256   6377836
256   6539776
256   6299276
256   6262516
256   6030540
256   5776716
256   6157420
256   5712160
256   5821776
256   6087096
256   6373796
256   6201632
256   5760772
256   5783348
256   5858516
256   5671588
256   6303232
256   6322552
256   6490104
256   6490516
256   6272472
256   6086776
256   5935028
256   6485128
256   6399156
256   6284180
256   6702692
256   5913336
256   6407504
256   6068028
256   5849676
256   6433480
256   5680924
256   5451428
256   6724140
256   5665212
256   6411548
256   6482244
256   5679392
256   5935892
256   6507512
256   6524304
256   6490348
256   6681692
256   6712572
256   6636468
256   6740952
256   5886416
256   6466172
256   6044248
256   6316248
256   5772840
256   6329940
256   5744464
256   5751500
256   5904056
256   4904656
256   5768820
256   5659364
256   6410416
256   6498124
256   6123524
256   6582592
256   6239104
256   6340704
256   5783472
256   6535000
256   6650488
256   6287408
256   6202552
256   6022328
256   6498852
256   5640264
256   4159980

