_____500\_____

[1;33m[WARN]  malloc() allocates objects >= 1 MiB from LuaJIT memory space.[0m
[1;33m[WARN]  Install libjemalloc if you encounter out of memory errors.[0m
[1;37m[INFO]  Initializing DPDK. This will take a few seconds...[0m
EAL: Probing VFIO support...
EAL: PCI device 0000:84:00.0 on NUMA socket 1
EAL:   probe driver: 8086:10fb net_ixgbe
EAL: PCI device 0000:84:00.1 on NUMA socket 1
EAL:   probe driver: 8086:10fb net_ixgbe
[1;37m[INFO]  Found 2 usable devices:[0m
   Device 0: 90:E2:BA:CB:F5:44 ([0;32mIntel Corporation 82599ES 10-Gigabit SFI/SFP+ Network Connection[0m)
   Device 1: 90:E2:BA:CB:F5:45 ([0;32mIntel Corporation 82599ES 10-Gigabit SFI/SFP+ Network Connection[0m)
PMD: ixgbe_dev_link_status_print():  Port 1: Link Down
PMD: ixgbe_dev_link_status_print(): Port 0: Link Up - speed 0 Mbps - half-duplex
Valerio parser
Filename: /home/valerio/Ruleset/trace_shot/8k_1/acl1_seed_1.rules_trace
Error with file! /home/valerio/Ruleset/trace_shot/8k_1/acl1_seed_1.rules_trace
Tot_rules: 7665
Tcp: 6645 |Udp: 751 |Icmp: 269
Valerio parser end
[1;37m[INFO]  Waiting for devices to come up...[0m
[1;37m[INFO]  Device 0 (90:E2:BA:CB:F5:44) is up: 10000 MBit/s[0m
[1;37m[INFO]  Device 1 (90:E2:BA:CB:F5:45) is up: 10000 MBit/s[0m
[1;37m[INFO]  [0;32m2 devices are up.[0m[0m
[RX - dev]: { 0 } 
[TX - dev]: { 1 } 
Pkt size: 60
TX rate: 500 rateq1: 500 rateq2: 500 rateq3: 500
==========VVV=============
RX: 0.05 (0.00) Mpps, 25 (0) Mbit/s | 727040 pkts, 46530560 Bytes
TX: 2.93 (0.00) Mpps, 1500 (0) Mbit/s | 43943193 pkts, 2812364352 Bytes
==========V=============
_____500\_____

[1;33m[WARN]  malloc() allocates objects >= 1 MiB from LuaJIT memory space.[0m
[1;33m[WARN]  Install libjemalloc if you encounter out of memory errors.[0m
[1;37m[INFO]  Initializing DPDK. This will take a few seconds...[0m
EAL: Probing VFIO support...
EAL: PCI device 0000:84:00.0 on NUMA socket 1
EAL:   probe driver: 8086:10fb net_ixgbe
EAL: PCI device 0000:84:00.1 on NUMA socket 1
EAL:   probe driver: 8086:10fb net_ixgbe
[1;37m[INFO]  Found 2 usable devices:[0m
   Device 0: 90:E2:BA:CB:F5:44 ([0;32mIntel Corporation 82599ES 10-Gigabit SFI/SFP+ Network Connection[0m)
   Device 1: 90:E2:BA:CB:F5:45 ([0;32mIntel Corporation 82599ES 10-Gigabit SFI/SFP+ Network Connection[0m)
PMD: ixgbe_dev_link_status_print():  Port 1: Link Down
PMD: ixgbe_dev_link_status_print():  Port 0: Link Down
Valerio parser
Filename: /home/valerio/Ruleset/trace_shot/8k_1/acl1_seed_2.rules_trace
Error with file! /home/valerio/Ruleset/trace_shot/8k_1/acl1_seed_2.rules_trace
Tot_rules: 7495
Tcp: 6561 |Udp: 718 |Icmp: 216
Valerio parser end
[1;37m[INFO]  Waiting for devices to come up...[0m
[1;37m[INFO]  Device 0 (90:E2:BA:CB:F5:44) is up: 10000 MBit/s[0m
[1;37m[INFO]  Device 1 (90:E2:BA:CB:F5:45) is up: 10000 MBit/s[0m
[1;37m[INFO]  [0;32m2 devices are up.[0m[0m
[RX - dev]: { 0 } 
[TX - dev]: { 1 } 
Pkt size: 60
TX rate: 500 rateq1: 500 rateq2: 500 rateq3: 500
==========VVV=============
RX: 0.05 (0.00) Mpps, 24 (0) Mbit/s | 708864 pkts, 45367296 Bytes
TX: 2.93 (0.00) Mpps, 1500 (0) Mbit/s | 43941681 pkts, 2812267584 Bytes
==========V=============
_____500\_____

[1;33m[WARN]  malloc() allocates objects >= 1 MiB from LuaJIT memory space.[0m
[1;33m[WARN]  Install libjemalloc if you encounter out of memory errors.[0m
[1;37m[INFO]  Initializing DPDK. This will take a few seconds...[0m
EAL: Probing VFIO support...
EAL: PCI device 0000:84:00.0 on NUMA socket 1
EAL:   probe driver: 8086:10fb net_ixgbe
EAL: PCI device 0000:84:00.1 on NUMA socket 1
EAL:   probe driver: 8086:10fb net_ixgbe
[1;37m[INFO]  Found 2 usable devices:[0m
   Device 0: 90:E2:BA:CB:F5:44 ([0;32mIntel Corporation 82599ES 10-Gigabit SFI/SFP+ Network Connection[0m)
   Device 1: 90:E2:BA:CB:F5:45 ([0;32mIntel Corporation 82599ES 10-Gigabit SFI/SFP+ Network Connection[0m)
PMD: ixgbe_dev_link_status_print():  Port 1: Link Down
PMD: ixgbe_dev_link_status_print(): Port 0: Link Up - speed 0 Mbps - half-duplex
Valerio parser
Filename: /home/valerio/Ruleset/trace_shot/8k_1/acl1_seed_3.rules_trace
Error with file! /home/valerio/Ruleset/trace_shot/8k_1/acl1_seed_3.rules_trace
Tot_rules: 7681
Tcp: 6643 |Udp: 755 |Icmp: 283
Valerio parser end
[1;37m[INFO]  Waiting for devices to come up...[0m
[1;37m[INFO]  Device 1 (90:E2:BA:CB:F5:45) is up: 10000 MBit/s[0m
[1;37m[INFO]  Device 0 (90:E2:BA:CB:F5:44) is up: 10000 MBit/s[0m
[1;37m[INFO]  [0;32m2 devices are up.[0m[0m
[RX - dev]: { 0 } 
[TX - dev]: { 1 } 
Pkt size: 60
TX rate: 500 rateq1: 500 rateq2: 500 rateq3: 500
==========VVV=============
RX: 0.05 (0.00) Mpps, 24 (0) Mbit/s | 718080 pkts, 45957120 Bytes
TX: 2.93 (0.00) Mpps, 1500 (0) Mbit/s | 43943130 pkts, 2812360320 Bytes
==========V=============
_____500\_____

[1;33m[WARN]  malloc() allocates objects >= 1 MiB from LuaJIT memory space.[0m
[1;33m[WARN]  Install libjemalloc if you encounter out of memory errors.[0m
[1;37m[INFO]  Initializing DPDK. This will take a few seconds...[0m
EAL: Probing VFIO support...
EAL: PCI device 0000:84:00.0 on NUMA socket 1
EAL:   probe driver: 8086:10fb net_ixgbe
EAL: PCI device 0000:84:00.1 on NUMA socket 1
EAL:   probe driver: 8086:10fb net_ixgbe
[1;37m[INFO]  Found 2 usable devices:[0m
   Device 0: 90:E2:BA:CB:F5:44 ([0;32mIntel Corporation 82599ES 10-Gigabit SFI/SFP+ Network Connection[0m)
   Device 1: 90:E2:BA:CB:F5:45 ([0;32mIntel Corporation 82599ES 10-Gigabit SFI/SFP+ Network Connection[0m)
PMD: ixgbe_dev_link_status_print():  Port 1: Link Down
PMD: ixgbe_dev_link_status_print():  Port 0: Link Down
Valerio parser
Filename: /home/valerio/Ruleset/trace_shot/8k_1/acl1_seed_4.rules_trace
Error with file! /home/valerio/Ruleset/trace_shot/8k_1/acl1_seed_4.rules_trace
Tot_rules: 7684
Tcp: 6678 |Udp: 763 |Icmp: 243
Valerio parser end
[1;37m[INFO]  Waiting for devices to come up...[0m
[1;37m[INFO]  Device 0 (90:E2:BA:CB:F5:44) is up: 10000 MBit/s[0m
[1;37m[INFO]  Device 1 (90:E2:BA:CB:F5:45) is up: 10000 MBit/s[0m
[1;37m[INFO]  [0;32m2 devices are up.[0m[0m
[RX - dev]: { 0 } 
[TX - dev]: { 1 } 
Pkt size: 60
TX rate: 500 rateq1: 500 rateq2: 500 rateq3: 500
==========VVV=============
RX: 0.05 (0.00) Mpps, 24 (0) Mbit/s | 719616 pkts, 46055424 Bytes
TX: 2.93 (0.00) Mpps, 1500 (0) Mbit/s | 43943886 pkts, 2812408704 Bytes
==========V=============
_____500\_____

[1;33m[WARN]  malloc() allocates objects >= 1 MiB from LuaJIT memory space.[0m
[1;33m[WARN]  Install libjemalloc if you encounter out of memory errors.[0m
[1;37m[INFO]  Initializing DPDK. This will take a few seconds...[0m
EAL: Probing VFIO support...
EAL: PCI device 0000:84:00.0 on NUMA socket 1
EAL:   probe driver: 8086:10fb net_ixgbe
EAL: PCI device 0000:84:00.1 on NUMA socket 1
EAL:   probe driver: 8086:10fb net_ixgbe
[1;37m[INFO]  Found 2 usable devices:[0m
   Device 0: 90:E2:BA:CB:F5:44 ([0;32mIntel Corporation 82599ES 10-Gigabit SFI/SFP+ Network Connection[0m)
   Device 1: 90:E2:BA:CB:F5:45 ([0;32mIntel Corporation 82599ES 10-Gigabit SFI/SFP+ Network Connection[0m)
PMD: ixgbe_dev_link_status_print():  Port 1: Link Down
PMD: ixgbe_dev_link_status_print(): Port 0: Link Up - speed 0 Mbps - half-duplex
Valerio parser
Filename: /home/valerio/Ruleset/trace_shot/8k_1/acl1_seed_5.rules_trace
Error with file! /home/valerio/Ruleset/trace_shot/8k_1/acl1_seed_5.rules_trace
Tot_rules: 7667
Tcp: 6742 |Udp: 692 |Icmp: 233
Valerio parser end
[1;37m[INFO]  Waiting for devices to come up...[0m
[1;37m[INFO]  Device 1 (90:E2:BA:CB:F5:45) is up: 10000 MBit/s[0m
[1;37m[INFO]  Device 0 (90:E2:BA:CB:F5:44) is up: 10000 MBit/s[0m
[1;37m[INFO]  [0;32m2 devices are up.[0m[0m
[RX - dev]: { 0 } 
[TX - dev]: { 1 } 
Pkt size: 60
TX rate: 500 rateq1: 500 rateq2: 500 rateq3: 500
==========VVV=============
RX: 0.05 (0.00) Mpps, 24 (0) Mbit/s | 713216 pkts, 45645824 Bytes
TX: 2.93 (0.00) Mpps, 1500 (0) Mbit/s | 43940106 pkts, 2812166784 Bytes
==========V=============
