_____1250\_____

[1;33m[WARN]  malloc() allocates objects >= 1 MiB from LuaJIT memory space.[0m
[1;33m[WARN]  Install libjemalloc if you encounter out of memory errors.[0m
[1;37m[INFO]  Initializing DPDK. This will take a few seconds...[0m
EAL: Probing VFIO support...
EAL: PCI device 0000:84:00.0 on NUMA socket 1
EAL:   probe driver: 8086:10fb net_ixgbe
EAL: PCI device 0000:84:00.1 on NUMA socket 1
EAL:   probe driver: 8086:10fb net_ixgbe
[1;37m[INFO]  Found 2 usable devices:[0m
   Device 0: 90:E2:BA:CB:F5:44 ([0;32mIntel Corporation 82599ES 10-Gigabit SFI/SFP+ Network Connection[0m)
   Device 1: 90:E2:BA:CB:F5:45 ([0;32mIntel Corporation 82599ES 10-Gigabit SFI/SFP+ Network Connection[0m)
PMD: ixgbe_dev_link_status_print():  Port 1: Link Down
PMD: ixgbe_dev_link_status_print():  Port 0: Link Down
Valerio parser
Filename: /home/valerio/Ruleset/trace_shot/1k_1/acl1_seed_1.rules_trace
Error with file! /home/valerio/Ruleset/trace_shot/1k_1/acl1_seed_1.rules_trace
Tot_rules: 959
Tcp: 849 |Udp: 80 |Icmp: 30
Valerio parser end
[1;37m[INFO]  Waiting for devices to come up...[0m
[1;37m[INFO]  Device 0 (90:E2:BA:CB:F5:44) is up: 10000 MBit/s[0m
[1;37m[INFO]  Device 1 (90:E2:BA:CB:F5:45) is up: 10000 MBit/s[0m
[1;37m[INFO]  [0;32m2 devices are up.[0m[0m
[RX - dev]: { 0 } 
[TX - dev]: { 1 } 
Pkt size: 60
TX rate: 1250 rateq1: 1250 rateq2: 1250 rateq3: 1250
==========VVV=============
RX: 0.38 (0.00) Mpps, 195 (1) Mbit/s | 5748992 pkts, 367935488 Bytes
TX: 6.94 (0.11) Mpps, 3552 (58) Mbit/s | 104452236 pkts, 6684943104 Bytes
==========V=============
_____1250\_____

[1;33m[WARN]  malloc() allocates objects >= 1 MiB from LuaJIT memory space.[0m
[1;33m[WARN]  Install libjemalloc if you encounter out of memory errors.[0m
[1;37m[INFO]  Initializing DPDK. This will take a few seconds...[0m
EAL: Probing VFIO support...
EAL: PCI device 0000:84:00.0 on NUMA socket 1
EAL:   probe driver: 8086:10fb net_ixgbe
EAL: PCI device 0000:84:00.1 on NUMA socket 1
EAL:   probe driver: 8086:10fb net_ixgbe
[1;37m[INFO]  Found 2 usable devices:[0m
   Device 0: 90:E2:BA:CB:F5:44 ([0;32mIntel Corporation 82599ES 10-Gigabit SFI/SFP+ Network Connection[0m)
   Device 1: 90:E2:BA:CB:F5:45 ([0;32mIntel Corporation 82599ES 10-Gigabit SFI/SFP+ Network Connection[0m)
PMD: ixgbe_dev_link_status_print():  Port 1: Link Down
PMD: ixgbe_dev_link_status_print():  Port 0: Link Down
Valerio parser
Filename: /home/valerio/Ruleset/trace_shot/1k_1/acl1_seed_2.rules_trace
Error with file! /home/valerio/Ruleset/trace_shot/1k_1/acl1_seed_2.rules_trace
Tot_rules: 941
Tcp: 819 |Udp: 102 |Icmp: 20
Valerio parser end
[1;37m[INFO]  Waiting for devices to come up...[0m
[1;37m[INFO]  Device 0 (90:E2:BA:CB:F5:44) is up: 10000 MBit/s[0m
[1;37m[INFO]  Device 1 (90:E2:BA:CB:F5:45) is up: 10000 MBit/s[0m
[1;37m[INFO]  [0;32m2 devices are up.[0m[0m
[RX - dev]: { 0 } 
[TX - dev]: { 1 } 
Pkt size: 60
TX rate: 1250 rateq1: 1250 rateq2: 1250 rateq3: 1250
==========VVV=============
RX: 0.38 (0.00) Mpps, 196 (2) Mbit/s | 5777920 pkts, 369786880 Bytes
TX: 6.94 (0.12) Mpps, 3556 (64) Mbit/s | 104596254 pkts, 6694160256 Bytes
==========V=============
_____1250\_____

[1;33m[WARN]  malloc() allocates objects >= 1 MiB from LuaJIT memory space.[0m
[1;33m[WARN]  Install libjemalloc if you encounter out of memory errors.[0m
[1;37m[INFO]  Initializing DPDK. This will take a few seconds...[0m
EAL: Probing VFIO support...
EAL: PCI device 0000:84:00.0 on NUMA socket 1
EAL:   probe driver: 8086:10fb net_ixgbe
EAL: PCI device 0000:84:00.1 on NUMA socket 1
EAL:   probe driver: 8086:10fb net_ixgbe
[1;37m[INFO]  Found 2 usable devices:[0m
   Device 0: 90:E2:BA:CB:F5:44 ([0;32mIntel Corporation 82599ES 10-Gigabit SFI/SFP+ Network Connection[0m)
   Device 1: 90:E2:BA:CB:F5:45 ([0;32mIntel Corporation 82599ES 10-Gigabit SFI/SFP+ Network Connection[0m)
PMD: ixgbe_dev_link_status_print():  Port 1: Link Down
PMD: ixgbe_dev_link_status_print(): Port 0: Link Up - speed 0 Mbps - half-duplex
Valerio parser
Filename: /home/valerio/Ruleset/trace_shot/1k_1/acl1_seed_3.rules_trace
Error with file! /home/valerio/Ruleset/trace_shot/1k_1/acl1_seed_3.rules_trace
Tot_rules: 961
Tcp: 831 |Udp: 87 |Icmp: 43
Valerio parser end
[1;37m[INFO]  Waiting for devices to come up...[0m
[1;37m[INFO]  Device 0 (90:E2:BA:CB:F5:44) is up: 10000 MBit/s[0m
[1;37m[INFO]  Device 1 (90:E2:BA:CB:F5:45) is up: 10000 MBit/s[0m
[1;37m[INFO]  [0;32m2 devices are up.[0m[0m
[RX - dev]: { 0 } 
[TX - dev]: { 1 } 
Pkt size: 60
TX rate: 1250 rateq1: 1250 rateq2: 1250 rateq3: 1250
==========VVV=============
RX: 0.37 (0.00) Mpps, 192 (1) Mbit/s | 5644993 pkts, 361279552 Bytes
TX: 6.95 (0.11) Mpps, 3560 (57) Mbit/s | 104645331 pkts, 6697301184 Bytes
==========V=============
_____1250\_____

[1;33m[WARN]  malloc() allocates objects >= 1 MiB from LuaJIT memory space.[0m
[1;33m[WARN]  Install libjemalloc if you encounter out of memory errors.[0m
[1;37m[INFO]  Initializing DPDK. This will take a few seconds...[0m
EAL: Probing VFIO support...
EAL: PCI device 0000:84:00.0 on NUMA socket 1
EAL:   probe driver: 8086:10fb net_ixgbe
EAL: PCI device 0000:84:00.1 on NUMA socket 1
EAL:   probe driver: 8086:10fb net_ixgbe
[1;37m[INFO]  Found 2 usable devices:[0m
   Device 0: 90:E2:BA:CB:F5:44 ([0;32mIntel Corporation 82599ES 10-Gigabit SFI/SFP+ Network Connection[0m)
   Device 1: 90:E2:BA:CB:F5:45 ([0;32mIntel Corporation 82599ES 10-Gigabit SFI/SFP+ Network Connection[0m)
PMD: ixgbe_dev_link_status_print():  Port 1: Link Down
PMD: ixgbe_dev_link_status_print(): Port 0: Link Up - speed 0 Mbps - half-duplex
Valerio parser
Filename: /home/valerio/Ruleset/trace_shot/1k_1/acl1_seed_4.rules_trace
Error with file! /home/valerio/Ruleset/trace_shot/1k_1/acl1_seed_4.rules_trace
Tot_rules: 911
Tcp: 797 |Udp: 84 |Icmp: 30
Valerio parser end
[1;37m[INFO]  Waiting for devices to come up...[0m
[1;37m[INFO]  Device 0 (90:E2:BA:CB:F5:44) is up: 10000 MBit/s[0m
[1;37m[INFO]  Device 1 (90:E2:BA:CB:F5:45) is up: 10000 MBit/s[0m
[1;37m[INFO]  [0;32m2 devices are up.[0m[0m
[RX - dev]: { 0 } 
[TX - dev]: { 1 } 
Pkt size: 60
TX rate: 1250 rateq1: 1250 rateq2: 1250 rateq3: 1250
==========VVV=============
RX: 0.39 (0.00) Mpps, 197 (1) Mbit/s | 5804288 pkts, 371474432 Bytes
TX: 7.00 (0.11) Mpps, 3584 (58) Mbit/s | 105366996 pkts, 6743487744 Bytes
==========V=============
_____1250\_____

[1;33m[WARN]  malloc() allocates objects >= 1 MiB from LuaJIT memory space.[0m
[1;33m[WARN]  Install libjemalloc if you encounter out of memory errors.[0m
[1;37m[INFO]  Initializing DPDK. This will take a few seconds...[0m
EAL: Probing VFIO support...
EAL: PCI device 0000:84:00.0 on NUMA socket 1
EAL:   probe driver: 8086:10fb net_ixgbe
EAL: PCI device 0000:84:00.1 on NUMA socket 1
EAL:   probe driver: 8086:10fb net_ixgbe
[1;37m[INFO]  Found 2 usable devices:[0m
   Device 0: 90:E2:BA:CB:F5:44 ([0;32mIntel Corporation 82599ES 10-Gigabit SFI/SFP+ Network Connection[0m)
   Device 1: 90:E2:BA:CB:F5:45 ([0;32mIntel Corporation 82599ES 10-Gigabit SFI/SFP+ Network Connection[0m)
PMD: ixgbe_dev_link_status_print():  Port 1: Link Down
PMD: ixgbe_dev_link_status_print(): Port 0: Link Up - speed 0 Mbps - half-duplex
Valerio parser
Filename: /home/valerio/Ruleset/trace_shot/1k_1/acl1_seed_5.rules_trace
Error with file! /home/valerio/Ruleset/trace_shot/1k_1/acl1_seed_5.rules_trace
Tot_rules: 954
Tcp: 831 |Udp: 100 |Icmp: 23
Valerio parser end
[1;37m[INFO]  Waiting for devices to come up...[0m
[1;37m[INFO]  Device 0 (90:E2:BA:CB:F5:44) is up: 10000 MBit/s[0m
[1;37m[INFO]  Device 1 (90:E2:BA:CB:F5:45) is up: 10000 MBit/s[0m
[1;37m[INFO]  [0;32m2 devices are up.[0m[0m
[RX - dev]: { 0 } 
[TX - dev]: { 1 } 
Pkt size: 60
TX rate: 1250 rateq1: 1250 rateq2: 1250 rateq3: 1250
==========VVV=============
RX: 0.39 (0.00) Mpps, 200 (1) Mbit/s | 5861632 pkts, 375144448 Bytes
TX: 7.07 (0.11) Mpps, 3618 (55) Mbit/s | 106353387 pkts, 6806616768 Bytes
==========V=============
