

_____0\_____

[1;33m[WARN]  malloc() allocates objects >= 1 MiB from LuaJIT memory space.[0m
[1;33m[WARN]  Install libjemalloc if you encounter out of memory errors.[0m
[1;37m[INFO]  Initializing DPDK. This will take a few seconds...[0m
EAL: Probing VFIO support...
EAL: PCI device 0000:84:00.0 on NUMA socket 1
EAL:   probe driver: 8086:10fb net_ixgbe
EAL: PCI device 0000:84:00.1 on NUMA socket 1
EAL:   probe driver: 8086:10fb net_ixgbe
[1;37m[INFO]  Found 2 usable devices:[0m
   Device 0: 90:E2:BA:CB:F5:44 ([0;32mIntel Corporation 82599ES 10-Gigabit SFI/SFP+ Network Connection[0m)
   Device 1: 90:E2:BA:CB:F5:45 ([0;32mIntel Corporation 82599ES 10-Gigabit SFI/SFP+ Network Connection[0m)
PMD: ixgbe_dev_link_status_print():  Port 1: Link Down
PMD: ixgbe_dev_link_status_print(): Port 0: Link Up - speed 0 Mbps - half-duplex
Valerio parser
Filename: /home/valerio/Ruleset/trace_shot/1k_1/acl1_seed_3.rules_trace
Error with file! /home/valerio/Ruleset/trace_shot/1k_1/acl1_seed_3.rules_trace
Tot_rules: 961
Tcp: 831 |Udp: 87 |Icmp: 43
Valerio parser end
[1;37m[INFO]  Waiting for devices to come up...[0m
[1;37m[INFO]  Device 1 (90:E2:BA:CB:F5:45) is up: 10000 MBit/s[0m
[1;37m[INFO]  Device 0 (90:E2:BA:CB:F5:44) is up: 10000 MBit/s[0m
[1;37m[INFO]  [0;32m2 devices are up.[0m[0m
[RX - dev]: { 0 } 
[TX - dev]: { 1 } 
Pkt size: 60
TX rate: 0 rateq1: 0 rateq2: 0 rateq3: 0
==========VVV=============
RX: 0.38 (0.00) Mpps, 197 (1) Mbit/s | 5794065 pkts, 370820160 Bytes
TX: 14.81 (0.26) Mpps, 7582 (136) Mbit/s | 223157907 pkts, 14282106048 Bytes
==========V=============
_____2500\_____

[1;33m[WARN]  malloc() allocates objects >= 1 MiB from LuaJIT memory space.[0m
[1;33m[WARN]  Install libjemalloc if you encounter out of memory errors.[0m
[1;37m[INFO]  Initializing DPDK. This will take a few seconds...[0m
EAL: Probing VFIO support...
EAL: PCI device 0000:84:00.0 on NUMA socket 1
EAL:   probe driver: 8086:10fb net_ixgbe
EAL: PCI device 0000:84:00.1 on NUMA socket 1
EAL:   probe driver: 8086:10fb net_ixgbe
[1;37m[INFO]  Found 2 usable devices:[0m
   Device 0: 90:E2:BA:CB:F5:44 ([0;32mIntel Corporation 82599ES 10-Gigabit SFI/SFP+ Network Connection[0m)
   Device 1: 90:E2:BA:CB:F5:45 ([0;32mIntel Corporation 82599ES 10-Gigabit SFI/SFP+ Network Connection[0m)
PMD: ixgbe_dev_link_status_print():  Port 1: Link Down
PMD: ixgbe_dev_link_status_print():  Port 0: Link Down
Valerio parser
Filename: /home/valerio/Ruleset/trace_shot/1k_1/acl1_seed_3.rules_trace
Error with file! /home/valerio/Ruleset/trace_shot/1k_1/acl1_seed_3.rules_trace
Tot_rules: 961
Tcp: 831 |Udp: 87 |Icmp: 43
Valerio parser end
[1;37m[INFO]  Waiting for devices to come up...[0m
[1;37m[INFO]  Device 1 (90:E2:BA:CB:F5:45) is up: 10000 MBit/s[0m
[1;37m[INFO]  Device 0 (90:E2:BA:CB:F5:44) is up: 10000 MBit/s[0m
[1;37m[INFO]  [0;32m2 devices are up.[0m[0m
[RX - dev]: { 0 } 
[TX - dev]: { 1 } 
Pkt size: 60
TX rate: 2500 rateq1: 2500 rateq2: 2500 rateq3: 2500
==========VVV=============
RX: 0.38 (0.00) Mpps, 195 (1) Mbit/s | 5743616 pkts, 367591424 Bytes
TX: 12.34 (0.22) Mpps, 6316 (111) Mbit/s | 185760603 pkts, 11888678592 Bytes
==========V=============
_____2250\_____

[1;33m[WARN]  malloc() allocates objects >= 1 MiB from LuaJIT memory space.[0m
[1;33m[WARN]  Install libjemalloc if you encounter out of memory errors.[0m
[1;37m[INFO]  Initializing DPDK. This will take a few seconds...[0m
EAL: Probing VFIO support...
EAL: PCI device 0000:84:00.0 on NUMA socket 1
EAL:   probe driver: 8086:10fb net_ixgbe
EAL: PCI device 0000:84:00.1 on NUMA socket 1
EAL:   probe driver: 8086:10fb net_ixgbe
[1;37m[INFO]  Found 2 usable devices:[0m
   Device 0: 90:E2:BA:CB:F5:44 ([0;32mIntel Corporation 82599ES 10-Gigabit SFI/SFP+ Network Connection[0m)
   Device 1: 90:E2:BA:CB:F5:45 ([0;32mIntel Corporation 82599ES 10-Gigabit SFI/SFP+ Network Connection[0m)
PMD: ixgbe_dev_link_status_print():  Port 1: Link Down
PMD: ixgbe_dev_link_status_print(): Port 0: Link Up - speed 0 Mbps - half-duplex
Valerio parser
Filename: /home/valerio/Ruleset/trace_shot/1k_1/acl1_seed_3.rules_trace
Error with file! /home/valerio/Ruleset/trace_shot/1k_1/acl1_seed_3.rules_trace
Tot_rules: 961
Tcp: 831 |Udp: 87 |Icmp: 43
Valerio parser end
[1;37m[INFO]  Waiting for devices to come up...[0m
[1;37m[INFO]  Device 0 (90:E2:BA:CB:F5:44) is up: 10000 MBit/s[0m
[1;37m[INFO]  Device 1 (90:E2:BA:CB:F5:45) is up: 10000 MBit/s[0m
[1;37m[INFO]  [0;32m2 devices are up.[0m[0m
[RX - dev]: { 0 } 
[TX - dev]: { 1 } 
Pkt size: 60
TX rate: 2250 rateq1: 2250 rateq2: 2250 rateq3: 2250
==========VVV=============
RX: 0.38 (0.00) Mpps, 195 (1) Mbit/s | 5741119 pkts, 367431616 Bytes
TX: 11.18 (0.18) Mpps, 5723 (94) Mbit/s | 168255927 pkts, 10768379328 Bytes
==========V=============
_____2100\_____

[1;33m[WARN]  malloc() allocates objects >= 1 MiB from LuaJIT memory space.[0m
[1;33m[WARN]  Install libjemalloc if you encounter out of memory errors.[0m
[1;37m[INFO]  Initializing DPDK. This will take a few seconds...[0m
EAL: Probing VFIO support...
EAL: PCI device 0000:84:00.0 on NUMA socket 1
EAL:   probe driver: 8086:10fb net_ixgbe
EAL: PCI device 0000:84:00.1 on NUMA socket 1
EAL:   probe driver: 8086:10fb net_ixgbe
[1;37m[INFO]  Found 2 usable devices:[0m
   Device 0: 90:E2:BA:CB:F5:44 ([0;32mIntel Corporation 82599ES 10-Gigabit SFI/SFP+ Network Connection[0m)
   Device 1: 90:E2:BA:CB:F5:45 ([0;32mIntel Corporation 82599ES 10-Gigabit SFI/SFP+ Network Connection[0m)
PMD: ixgbe_dev_link_status_print():  Port 1: Link Down
PMD: ixgbe_dev_link_status_print(): Port 0: Link Up - speed 0 Mbps - half-duplex
Valerio parser
Filename: /home/valerio/Ruleset/trace_shot/1k_1/acl1_seed_3.rules_trace
Error with file! /home/valerio/Ruleset/trace_shot/1k_1/acl1_seed_3.rules_trace
Tot_rules: 961
Tcp: 831 |Udp: 87 |Icmp: 43
Valerio parser end
[1;37m[INFO]  Waiting for devices to come up...[0m
[1;37m[INFO]  Device 0 (90:E2:BA:CB:F5:44) is up: 10000 MBit/s[0m
[1;37m[INFO]  Device 1 (90:E2:BA:CB:F5:45) is up: 10000 MBit/s[0m
[1;37m[INFO]  [0;32m2 devices are up.[0m[0m
[RX - dev]: { 0 } 
[TX - dev]: { 1 } 
Pkt size: 60
TX rate: 2100 rateq1: 2100 rateq2: 2100 rateq3: 2100
==========VVV=============
RX: 0.38 (0.00) Mpps, 194 (1) Mbit/s | 5700545 pkts, 364834880 Bytes
TX: 10.81 (0.18) Mpps, 5537 (93) Mbit/s | 162867978 pkts, 10423550592 Bytes
==========V=============
_____2000\_____

[1;33m[WARN]  malloc() allocates objects >= 1 MiB from LuaJIT memory space.[0m
[1;33m[WARN]  Install libjemalloc if you encounter out of memory errors.[0m
[1;37m[INFO]  Initializing DPDK. This will take a few seconds...[0m
EAL: Probing VFIO support...
EAL: PCI device 0000:84:00.0 on NUMA socket 1
EAL:   probe driver: 8086:10fb net_ixgbe
EAL: PCI device 0000:84:00.1 on NUMA socket 1
EAL:   probe driver: 8086:10fb net_ixgbe
[1;37m[INFO]  Found 2 usable devices:[0m
   Device 0: 90:E2:BA:CB:F5:44 ([0;32mIntel Corporation 82599ES 10-Gigabit SFI/SFP+ Network Connection[0m)
   Device 1: 90:E2:BA:CB:F5:45 ([0;32mIntel Corporation 82599ES 10-Gigabit SFI/SFP+ Network Connection[0m)
PMD: ixgbe_dev_link_status_print():  Port 1: Link Down
PMD: ixgbe_dev_link_status_print():  Port 0: Link Down
Valerio parser
Filename: /home/valerio/Ruleset/trace_shot/1k_1/acl1_seed_3.rules_trace
Error with file! /home/valerio/Ruleset/trace_shot/1k_1/acl1_seed_3.rules_trace
Tot_rules: 961
Tcp: 831 |Udp: 87 |Icmp: 43
Valerio parser end
[1;37m[INFO]  Waiting for devices to come up...[0m
[1;37m[INFO]  Device 1 (90:E2:BA:CB:F5:45) is up: 10000 MBit/s[0m
[1;37m[INFO]  Device 0 (90:E2:BA:CB:F5:44) is up: 10000 MBit/s[0m
[1;37m[INFO]  [0;32m2 devices are up.[0m[0m
[RX - dev]: { 0 } 
[TX - dev]: { 1 } 
Pkt size: 60
TX rate: 2000 rateq1: 2000 rateq2: 2000 rateq3: 2000
==========VVV=============
RX: 0.38 (0.00) Mpps, 194 (1) Mbit/s | 5696512 pkts, 364576768 Bytes
TX: 10.34 (0.18) Mpps, 5295 (90) Mbit/s | 155697885 pkts, 9964664640 Bytes
==========V=============
_____1750\_____

[1;33m[WARN]  malloc() allocates objects >= 1 MiB from LuaJIT memory space.[0m
[1;33m[WARN]  Install libjemalloc if you encounter out of memory errors.[0m
[1;37m[INFO]  Initializing DPDK. This will take a few seconds...[0m
EAL: Probing VFIO support...
EAL: PCI device 0000:84:00.0 on NUMA socket 1
EAL:   probe driver: 8086:10fb net_ixgbe
EAL: PCI device 0000:84:00.1 on NUMA socket 1
EAL:   probe driver: 8086:10fb net_ixgbe
[1;37m[INFO]  Found 2 usable devices:[0m
   Device 0: 90:E2:BA:CB:F5:44 ([0;32mIntel Corporation 82599ES 10-Gigabit SFI/SFP+ Network Connection[0m)
   Device 1: 90:E2:BA:CB:F5:45 ([0;32mIntel Corporation 82599ES 10-Gigabit SFI/SFP+ Network Connection[0m)
PMD: ixgbe_dev_link_status_print():  Port 1: Link Down
PMD: ixgbe_dev_link_status_print(): Port 0: Link Up - speed 0 Mbps - half-duplex
Valerio parser
Filename: /home/valerio/Ruleset/trace_shot/1k_1/acl1_seed_3.rules_trace
Error with file! /home/valerio/Ruleset/trace_shot/1k_1/acl1_seed_3.rules_trace
Tot_rules: 961
Tcp: 831 |Udp: 87 |Icmp: 43
Valerio parser end
[1;37m[INFO]  Waiting for devices to come up...[0m
[1;37m[INFO]  Device 0 (90:E2:BA:CB:F5:44) is up: 10000 MBit/s[0m
[1;37m[INFO]  Device 1 (90:E2:BA:CB:F5:45) is up: 10000 MBit/s[0m
[1;37m[INFO]  [0;32m2 devices are up.[0m[0m
[RX - dev]: { 0 } 
[TX - dev]: { 1 } 
Pkt size: 60
TX rate: 1750 rateq1: 1750 rateq2: 1750 rateq3: 1750
==========VVV=============
RX: 0.38 (0.00) Mpps, 193 (0) Mbit/s | 5677501 pkts, 363360064 Bytes
TX: 9.30 (0.14) Mpps, 4759 (70) Mbit/s | 139881546 pkts, 8952418944 Bytes
==========V=============
_____1500\_____

[1;33m[WARN]  malloc() allocates objects >= 1 MiB from LuaJIT memory space.[0m
[1;33m[WARN]  Install libjemalloc if you encounter out of memory errors.[0m
[1;37m[INFO]  Initializing DPDK. This will take a few seconds...[0m
EAL: Probing VFIO support...
EAL: PCI device 0000:84:00.0 on NUMA socket 1
EAL:   probe driver: 8086:10fb net_ixgbe
EAL: PCI device 0000:84:00.1 on NUMA socket 1
EAL:   probe driver: 8086:10fb net_ixgbe
[1;37m[INFO]  Found 2 usable devices:[0m
   Device 0: 90:E2:BA:CB:F5:44 ([0;32mIntel Corporation 82599ES 10-Gigabit SFI/SFP+ Network Connection[0m)
   Device 1: 90:E2:BA:CB:F5:45 ([0;32mIntel Corporation 82599ES 10-Gigabit SFI/SFP+ Network Connection[0m)
PMD: ixgbe_dev_link_status_print():  Port 1: Link Down
PMD: ixgbe_dev_link_status_print(): Port 0: Link Up - speed 0 Mbps - half-duplex
Valerio parser
Filename: /home/valerio/Ruleset/trace_shot/1k_1/acl1_seed_3.rules_trace
Error with file! /home/valerio/Ruleset/trace_shot/1k_1/acl1_seed_3.rules_trace
Tot_rules: 961
Tcp: 831 |Udp: 87 |Icmp: 43
Valerio parser end
[1;37m[INFO]  Waiting for devices to come up...[0m
[1;37m[INFO]  Device 0 (90:E2:BA:CB:F5:44) is up: 10000 MBit/s[0m
[1;37m[INFO]  Device 1 (90:E2:BA:CB:F5:45) is up: 10000 MBit/s[0m
[1;37m[INFO]  [0;32m2 devices are up.[0m[0m
[RX - dev]: { 0 } 
[TX - dev]: { 1 } 
Pkt size: 60
TX rate: 1500 rateq1: 1500 rateq2: 1500 rateq3: 1500
==========VVV=============
RX: 0.37 (0.00) Mpps, 192 (1) Mbit/s | 5642626 pkts, 361128064 Bytes
TX: 8.21 (0.15) Mpps, 4202 (75) Mbit/s | 123611859 pkts, 7911158976 Bytes
==========V=============
_____1250\_____

[1;33m[WARN]  malloc() allocates objects >= 1 MiB from LuaJIT memory space.[0m
[1;33m[WARN]  Install libjemalloc if you encounter out of memory errors.[0m
[1;37m[INFO]  Initializing DPDK. This will take a few seconds...[0m
EAL: Probing VFIO support...
EAL: PCI device 0000:84:00.0 on NUMA socket 1
EAL:   probe driver: 8086:10fb net_ixgbe
EAL: PCI device 0000:84:00.1 on NUMA socket 1
EAL:   probe driver: 8086:10fb net_ixgbe
[1;37m[INFO]  Found 2 usable devices:[0m
   Device 0: 90:E2:BA:CB:F5:44 ([0;32mIntel Corporation 82599ES 10-Gigabit SFI/SFP+ Network Connection[0m)
   Device 1: 90:E2:BA:CB:F5:45 ([0;32mIntel Corporation 82599ES 10-Gigabit SFI/SFP+ Network Connection[0m)
PMD: ixgbe_dev_link_status_print():  Port 1: Link Down
PMD: ixgbe_dev_link_status_print(): Port 0: Link Up - speed 0 Mbps - half-duplex
Valerio parser
Filename: /home/valerio/Ruleset/trace_shot/1k_1/acl1_seed_3.rules_trace
Error with file! /home/valerio/Ruleset/trace_shot/1k_1/acl1_seed_3.rules_trace
Tot_rules: 961
Tcp: 831 |Udp: 87 |Icmp: 43
Valerio parser end
[1;37m[INFO]  Waiting for devices to come up...[0m
[1;37m[INFO]  Device 0 (90:E2:BA:CB:F5:44) is up: 10000 MBit/s[0m
[1;37m[INFO]  Device 1 (90:E2:BA:CB:F5:45) is up: 10000 MBit/s[0m
[1;37m[INFO]  [0;32m2 devices are up.[0m[0m
[RX - dev]: { 0 } 
[TX - dev]: { 1 } 
Pkt size: 60
TX rate: 1250 rateq1: 1250 rateq2: 1250 rateq3: 1250
==========VVV=============
RX: 0.37 (0.00) Mpps, 192 (1) Mbit/s | 5644993 pkts, 361279552 Bytes
TX: 6.95 (0.11) Mpps, 3560 (57) Mbit/s | 104645331 pkts, 6697301184 Bytes
==========V=============
_____1000\_____

[1;33m[WARN]  malloc() allocates objects >= 1 MiB from LuaJIT memory space.[0m
[1;33m[WARN]  Install libjemalloc if you encounter out of memory errors.[0m
[1;37m[INFO]  Initializing DPDK. This will take a few seconds...[0m
EAL: Probing VFIO support...
EAL: PCI device 0000:84:00.0 on NUMA socket 1
EAL:   probe driver: 8086:10fb net_ixgbe
EAL: PCI device 0000:84:00.1 on NUMA socket 1
EAL:   probe driver: 8086:10fb net_ixgbe
[1;37m[INFO]  Found 2 usable devices:[0m
   Device 0: 90:E2:BA:CB:F5:44 ([0;32mIntel Corporation 82599ES 10-Gigabit SFI/SFP+ Network Connection[0m)
   Device 1: 90:E2:BA:CB:F5:45 ([0;32mIntel Corporation 82599ES 10-Gigabit SFI/SFP+ Network Connection[0m)
PMD: ixgbe_dev_link_status_print():  Port 1: Link Down
PMD: ixgbe_dev_link_status_print():  Port 0: Link Down
Valerio parser
Filename: /home/valerio/Ruleset/trace_shot/1k_1/acl1_seed_3.rules_trace
Error with file! /home/valerio/Ruleset/trace_shot/1k_1/acl1_seed_3.rules_trace
Tot_rules: 961
Tcp: 831 |Udp: 87 |Icmp: 43
Valerio parser end
[1;37m[INFO]  Waiting for devices to come up...[0m
[1;37m[INFO]  Device 0 (90:E2:BA:CB:F5:44) is up: 10000 MBit/s[0m
[1;37m[INFO]  Device 1 (90:E2:BA:CB:F5:45) is up: 10000 MBit/s[0m
[1;37m[INFO]  [0;32m2 devices are up.[0m[0m
[RX - dev]: { 0 } 
[TX - dev]: { 1 } 
Pkt size: 60
TX rate: 1000 rateq1: 1000 rateq2: 1000 rateq3: 1000
==========VVV=============
RX: 0.37 (0.00) Mpps, 190 (1) Mbit/s | 5590535 pkts, 357794240 Bytes
TX: 5.82 (0.10) Mpps, 2979 (53) Mbit/s | 87643458 pkts, 5609181312 Bytes
==========V=============
_____750\_____

[1;33m[WARN]  malloc() allocates objects >= 1 MiB from LuaJIT memory space.[0m
[1;33m[WARN]  Install libjemalloc if you encounter out of memory errors.[0m
[1;37m[INFO]  Initializing DPDK. This will take a few seconds...[0m
EAL: Probing VFIO support...
EAL: PCI device 0000:84:00.0 on NUMA socket 1
EAL:   probe driver: 8086:10fb net_ixgbe
EAL: PCI device 0000:84:00.1 on NUMA socket 1
EAL:   probe driver: 8086:10fb net_ixgbe
[1;37m[INFO]  Found 2 usable devices:[0m
   Device 0: 90:E2:BA:CB:F5:44 ([0;32mIntel Corporation 82599ES 10-Gigabit SFI/SFP+ Network Connection[0m)
   Device 1: 90:E2:BA:CB:F5:45 ([0;32mIntel Corporation 82599ES 10-Gigabit SFI/SFP+ Network Connection[0m)
PMD: ixgbe_dev_link_status_print():  Port 1: Link Down
PMD: ixgbe_dev_link_status_print():  Port 0: Link Down
Valerio parser
Filename: /home/valerio/Ruleset/trace_shot/1k_1/acl1_seed_3.rules_trace
Error with file! /home/valerio/Ruleset/trace_shot/1k_1/acl1_seed_3.rules_trace
Tot_rules: 961
Tcp: 831 |Udp: 87 |Icmp: 43
Valerio parser end
[1;37m[INFO]  Waiting for devices to come up...[0m
[1;37m[INFO]  Device 1 (90:E2:BA:CB:F5:45) is up: 10000 MBit/s[0m
[1;37m[INFO]  Device 0 (90:E2:BA:CB:F5:44) is up: 10000 MBit/s[0m
[1;37m[INFO]  [0;32m2 devices are up.[0m[0m
[RX - dev]: { 0 } 
[TX - dev]: { 1 } 
Pkt size: 60
TX rate: 750 rateq1: 750 rateq2: 750 rateq3: 750
==========VVV=============
RX: 0.37 (0.00) Mpps, 190 (1) Mbit/s | 5584377 pkts, 357400128 Bytes
TX: 4.38 (0.07) Mpps, 2241 (38) Mbit/s | 65932902 pkts, 4219705728 Bytes
==========V=============
_____500\_____

[1;33m[WARN]  malloc() allocates objects >= 1 MiB from LuaJIT memory space.[0m
[1;33m[WARN]  Install libjemalloc if you encounter out of memory errors.[0m
[1;37m[INFO]  Initializing DPDK. This will take a few seconds...[0m
EAL: Probing VFIO support...
EAL: PCI device 0000:84:00.0 on NUMA socket 1
EAL:   probe driver: 8086:10fb net_ixgbe
EAL: PCI device 0000:84:00.1 on NUMA socket 1
EAL:   probe driver: 8086:10fb net_ixgbe
[1;37m[INFO]  Found 2 usable devices:[0m
   Device 0: 90:E2:BA:CB:F5:44 ([0;32mIntel Corporation 82599ES 10-Gigabit SFI/SFP+ Network Connection[0m)
   Device 1: 90:E2:BA:CB:F5:45 ([0;32mIntel Corporation 82599ES 10-Gigabit SFI/SFP+ Network Connection[0m)
PMD: ixgbe_dev_link_status_print():  Port 1: Link Down
PMD: ixgbe_dev_link_status_print():  Port 0: Link Down
Valerio parser
Filename: /home/valerio/Ruleset/trace_shot/1k_1/acl1_seed_3.rules_trace
Error with file! /home/valerio/Ruleset/trace_shot/1k_1/acl1_seed_3.rules_trace
Tot_rules: 961
Tcp: 831 |Udp: 87 |Icmp: 43
Valerio parser end
[1;37m[INFO]  Waiting for devices to come up...[0m
[1;37m[INFO]  Device 0 (90:E2:BA:CB:F5:44) is up: 10000 MBit/s[0m
[1;37m[INFO]  Device 1 (90:E2:BA:CB:F5:45) is up: 10000 MBit/s[0m
[1;37m[INFO]  [0;32m2 devices are up.[0m[0m
[RX - dev]: { 0 } 
[TX - dev]: { 1 } 
Pkt size: 60
TX rate: 500 rateq1: 500 rateq2: 500 rateq3: 500
==========VVV=============
RX: 0.37 (0.00) Mpps, 190 (1) Mbit/s | 5600000 pkts, 358400000 Bytes
TX: 2.92 (0.05) Mpps, 1493 (25) Mbit/s | 43943571 pkts, 2812388544 Bytes
==========V=============
_____250\_____

[1;33m[WARN]  malloc() allocates objects >= 1 MiB from LuaJIT memory space.[0m
[1;33m[WARN]  Install libjemalloc if you encounter out of memory errors.[0m
[1;37m[INFO]  Initializing DPDK. This will take a few seconds...[0m
EAL: Probing VFIO support...
EAL: PCI device 0000:84:00.0 on NUMA socket 1
EAL:   probe driver: 8086:10fb net_ixgbe
EAL: PCI device 0000:84:00.1 on NUMA socket 1
EAL:   probe driver: 8086:10fb net_ixgbe
[1;37m[INFO]  Found 2 usable devices:[0m
   Device 0: 90:E2:BA:CB:F5:44 ([0;32mIntel Corporation 82599ES 10-Gigabit SFI/SFP+ Network Connection[0m)
   Device 1: 90:E2:BA:CB:F5:45 ([0;32mIntel Corporation 82599ES 10-Gigabit SFI/SFP+ Network Connection[0m)
PMD: ixgbe_dev_link_status_print():  Port 1: Link Down
PMD: ixgbe_dev_link_status_print():  Port 0: Link Down
Valerio parser
Filename: /home/valerio/Ruleset/trace_shot/1k_1/acl1_seed_3.rules_trace
Error with file! /home/valerio/Ruleset/trace_shot/1k_1/acl1_seed_3.rules_trace
Tot_rules: 961
Tcp: 831 |Udp: 87 |Icmp: 43
Valerio parser end
[1;37m[INFO]  Waiting for devices to come up...[0m
[1;37m[INFO]  Device 1 (90:E2:BA:CB:F5:45) is up: 10000 MBit/s[0m
[1;37m[INFO]  Device 0 (90:E2:BA:CB:F5:44) is up: 10000 MBit/s[0m
[1;37m[INFO]  [0;32m2 devices are up.[0m[0m
[RX - dev]: { 0 } 
[TX - dev]: { 1 } 
Pkt size: 60
TX rate: 250 rateq1: 250 rateq2: 250 rateq3: 250
==========VVV=============
RX: 0.37 (0.00) Mpps, 190 (1) Mbit/s | 5590100 pkts, 357766400 Bytes
TX: 1.46 (0.02) Mpps, 747 (12) Mbit/s | 21973014 pkts, 1406272896 Bytes
==========V=============
_____100\_____

[1;33m[WARN]  malloc() allocates objects >= 1 MiB from LuaJIT memory space.[0m
[1;33m[WARN]  Install libjemalloc if you encounter out of memory errors.[0m
[1;37m[INFO]  Initializing DPDK. This will take a few seconds...[0m
EAL: Probing VFIO support...
EAL: PCI device 0000:84:00.0 on NUMA socket 1
EAL:   probe driver: 8086:10fb net_ixgbe
EAL: PCI device 0000:84:00.1 on NUMA socket 1
EAL:   probe driver: 8086:10fb net_ixgbe
[1;37m[INFO]  Found 2 usable devices:[0m
   Device 0: 90:E2:BA:CB:F5:44 ([0;32mIntel Corporation 82599ES 10-Gigabit SFI/SFP+ Network Connection[0m)
   Device 1: 90:E2:BA:CB:F5:45 ([0;32mIntel Corporation 82599ES 10-Gigabit SFI/SFP+ Network Connection[0m)
PMD: ixgbe_dev_link_status_print():  Port 1: Link Down
PMD: ixgbe_dev_link_status_print(): Port 0: Link Up - speed 0 Mbps - half-duplex
Valerio parser
Filename: /home/valerio/Ruleset/trace_shot/1k_1/acl1_seed_3.rules_trace
Error with file! /home/valerio/Ruleset/trace_shot/1k_1/acl1_seed_3.rules_trace
Tot_rules: 961
Tcp: 831 |Udp: 87 |Icmp: 43
Valerio parser end
[1;37m[INFO]  Waiting for devices to come up...[0m
[1;37m[INFO]  Device 0 (90:E2:BA:CB:F5:44) is up: 10000 MBit/s[0m
[1;37m[INFO]  Device 1 (90:E2:BA:CB:F5:45) is up: 10000 MBit/s[0m
[1;37m[INFO]  [0;32m2 devices are up.[0m[0m
[RX - dev]: { 0 } 
[TX - dev]: { 1 } 
Pkt size: 60
TX rate: 100 rateq1: 100 rateq2: 100 rateq3: 100
==========VVV=============
RX: 0.37 (0.00) Mpps, 190 (1) Mbit/s | 5590664 pkts, 357802496 Bytes
TX: 0.58 (0.01) Mpps, 299 (5) Mbit/s | 8791776 pkts, 562673664 Bytes
==========V=============
_____75\_____

[1;33m[WARN]  malloc() allocates objects >= 1 MiB from LuaJIT memory space.[0m
[1;33m[WARN]  Install libjemalloc if you encounter out of memory errors.[0m
[1;37m[INFO]  Initializing DPDK. This will take a few seconds...[0m
EAL: Probing VFIO support...
EAL: PCI device 0000:84:00.0 on NUMA socket 1
EAL:   probe driver: 8086:10fb net_ixgbe
EAL: PCI device 0000:84:00.1 on NUMA socket 1
EAL:   probe driver: 8086:10fb net_ixgbe
[1;37m[INFO]  Found 2 usable devices:[0m
   Device 0: 90:E2:BA:CB:F5:44 ([0;32mIntel Corporation 82599ES 10-Gigabit SFI/SFP+ Network Connection[0m)
   Device 1: 90:E2:BA:CB:F5:45 ([0;32mIntel Corporation 82599ES 10-Gigabit SFI/SFP+ Network Connection[0m)
PMD: ixgbe_dev_link_status_print():  Port 1: Link Down
PMD: ixgbe_dev_link_status_print():  Port 0: Link Down
Valerio parser
Filename: /home/valerio/Ruleset/trace_shot/1k_1/acl1_seed_3.rules_trace
Error with file! /home/valerio/Ruleset/trace_shot/1k_1/acl1_seed_3.rules_trace
Tot_rules: 961
Tcp: 831 |Udp: 87 |Icmp: 43
Valerio parser end
[1;37m[INFO]  Waiting for devices to come up...[0m
[1;37m[INFO]  Device 1 (90:E2:BA:CB:F5:45) is up: 10000 MBit/s[0m
[1;37m[INFO]  Device 0 (90:E2:BA:CB:F5:44) is up: 10000 MBit/s[0m
[1;37m[INFO]  [0;32m2 devices are up.[0m[0m
[RX - dev]: { 0 } 
[TX - dev]: { 1 } 
Pkt size: 60
TX rate: 75 rateq1: 75 rateq2: 75 rateq3: 75
==========VVV=============
RX: 0.37 (0.00) Mpps, 190 (1) Mbit/s | 5590564 pkts, 357796096 Bytes
TX: 0.44 (0.01) Mpps, 224 (3) Mbit/s | 6595029 pkts, 422081856 Bytes
==========V=============
_____50\_____

[1;33m[WARN]  malloc() allocates objects >= 1 MiB from LuaJIT memory space.[0m
[1;33m[WARN]  Install libjemalloc if you encounter out of memory errors.[0m
[1;37m[INFO]  Initializing DPDK. This will take a few seconds...[0m
EAL: Probing VFIO support...
EAL: PCI device 0000:84:00.0 on NUMA socket 1
EAL:   probe driver: 8086:10fb net_ixgbe
EAL: PCI device 0000:84:00.1 on NUMA socket 1
EAL:   probe driver: 8086:10fb net_ixgbe
[1;37m[INFO]  Found 2 usable devices:[0m
   Device 0: 90:E2:BA:CB:F5:44 ([0;32mIntel Corporation 82599ES 10-Gigabit SFI/SFP+ Network Connection[0m)
   Device 1: 90:E2:BA:CB:F5:45 ([0;32mIntel Corporation 82599ES 10-Gigabit SFI/SFP+ Network Connection[0m)
PMD: ixgbe_dev_link_status_print():  Port 1: Link Down
PMD: ixgbe_dev_link_status_print():  Port 0: Link Down
Valerio parser
Filename: /home/valerio/Ruleset/trace_shot/1k_1/acl1_seed_3.rules_trace
Error with file! /home/valerio/Ruleset/trace_shot/1k_1/acl1_seed_3.rules_trace
Tot_rules: 961
Tcp: 831 |Udp: 87 |Icmp: 43
Valerio parser end
[1;37m[INFO]  Waiting for devices to come up...[0m
[1;37m[INFO]  Device 1 (90:E2:BA:CB:F5:45) is up: 10000 MBit/s[0m
[1;37m[INFO]  Device 0 (90:E2:BA:CB:F5:44) is up: 10000 MBit/s[0m
[1;37m[INFO]  [0;32m2 devices are up.[0m[0m
[RX - dev]: { 0 } 
[TX - dev]: { 1 } 
Pkt size: 60
TX rate: 50 rateq1: 50 rateq2: 50 rateq3: 50
==========VVV=============
RX: 0.29 (0.00) Mpps, 150 (1) Mbit/s | 4397589 pkts, 281445696 Bytes
TX: 0.29 (0.00) Mpps, 149 (2) Mbit/s | 4397589 pkts, 281445696 Bytes
==========V=============
_____25\_____

[1;33m[WARN]  malloc() allocates objects >= 1 MiB from LuaJIT memory space.[0m
[1;33m[WARN]  Install libjemalloc if you encounter out of memory errors.[0m
[1;37m[INFO]  Initializing DPDK. This will take a few seconds...[0m
EAL: Probing VFIO support...
EAL: PCI device 0000:84:00.0 on NUMA socket 1
EAL:   probe driver: 8086:10fb net_ixgbe
EAL: PCI device 0000:84:00.1 on NUMA socket 1
EAL:   probe driver: 8086:10fb net_ixgbe
[1;37m[INFO]  Found 2 usable devices:[0m
   Device 0: 90:E2:BA:CB:F5:44 ([0;32mIntel Corporation 82599ES 10-Gigabit SFI/SFP+ Network Connection[0m)
   Device 1: 90:E2:BA:CB:F5:45 ([0;32mIntel Corporation 82599ES 10-Gigabit SFI/SFP+ Network Connection[0m)
PMD: ixgbe_dev_link_status_print():  Port 1: Link Down
PMD: ixgbe_dev_link_status_print(): Port 0: Link Up - speed 0 Mbps - half-duplex
Valerio parser
Filename: /home/valerio/Ruleset/trace_shot/1k_1/acl1_seed_3.rules_trace
Error with file! /home/valerio/Ruleset/trace_shot/1k_1/acl1_seed_3.rules_trace
Tot_rules: 961
Tcp: 831 |Udp: 87 |Icmp: 43
Valerio parser end
[1;37m[INFO]  Waiting for devices to come up...[0m
[1;37m[INFO]  Device 1 (90:E2:BA:CB:F5:45) is up: 10000 MBit/s[0m
[1;37m[INFO]  Device 0 (90:E2:BA:CB:F5:44) is up: 10000 MBit/s[0m
[1;37m[INFO]  [0;32m2 devices are up.[0m[0m
[RX - dev]: { 0 } 
[TX - dev]: { 1 } 
Pkt size: 60
TX rate: 25 rateq1: 25 rateq2: 25 rateq3: 25
==========VVV=============
RX: 0.15 (0.00) Mpps, 75 (0) Mbit/s | 2200401 pkts, 140825664 Bytes
TX: 0.15 (0.00) Mpps, 75 (1) Mbit/s | 2200401 pkts, 140825664 Bytes
==========V=============
_____10\_____

[1;33m[WARN]  malloc() allocates objects >= 1 MiB from LuaJIT memory space.[0m
[1;33m[WARN]  Install libjemalloc if you encounter out of memory errors.[0m
[1;37m[INFO]  Initializing DPDK. This will take a few seconds...[0m
EAL: Probing VFIO support...
EAL: PCI device 0000:84:00.0 on NUMA socket 1
EAL:   probe driver: 8086:10fb net_ixgbe
EAL: PCI device 0000:84:00.1 on NUMA socket 1
EAL:   probe driver: 8086:10fb net_ixgbe
[1;37m[INFO]  Found 2 usable devices:[0m
   Device 0: 90:E2:BA:CB:F5:44 ([0;32mIntel Corporation 82599ES 10-Gigabit SFI/SFP+ Network Connection[0m)
   Device 1: 90:E2:BA:CB:F5:45 ([0;32mIntel Corporation 82599ES 10-Gigabit SFI/SFP+ Network Connection[0m)
PMD: ixgbe_dev_link_status_print():  Port 1: Link Down
PMD: ixgbe_dev_link_status_print():  Port 0: Link Down
Valerio parser
Filename: /home/valerio/Ruleset/trace_shot/1k_1/acl1_seed_3.rules_trace
Error with file! /home/valerio/Ruleset/trace_shot/1k_1/acl1_seed_3.rules_trace
Tot_rules: 961
Tcp: 831 |Udp: 87 |Icmp: 43
Valerio parser end
[1;37m[INFO]  Waiting for devices to come up...[0m
[1;37m[INFO]  Device 0 (90:E2:BA:CB:F5:44) is up: 10000 MBit/s[0m
[1;37m[INFO]  Device 1 (90:E2:BA:CB:F5:45) is up: 10000 MBit/s[0m
[1;37m[INFO]  [0;32m2 devices are up.[0m[0m
[RX - dev]: { 0 } 
[TX - dev]: { 1 } 
Pkt size: 60
TX rate: 10 rateq1: 10 rateq2: 10 rateq3: 10
==========VVV=============
RX: 0.06 (0.00) Mpps, 30 (0) Mbit/s | 882063 pkts, 56452032 Bytes
TX: 0.06 (0.00) Mpps, 30 (0) Mbit/s | 882063 pkts, 56452032 Bytes
==========V=============
_____4\_____

[1;33m[WARN]  malloc() allocates objects >= 1 MiB from LuaJIT memory space.[0m
[1;33m[WARN]  Install libjemalloc if you encounter out of memory errors.[0m
[1;37m[INFO]  Initializing DPDK. This will take a few seconds...[0m
EAL: Probing VFIO support...
EAL: PCI device 0000:84:00.0 on NUMA socket 1
EAL:   probe driver: 8086:10fb net_ixgbe
EAL: PCI device 0000:84:00.1 on NUMA socket 1
EAL:   probe driver: 8086:10fb net_ixgbe
[1;37m[INFO]  Found 2 usable devices:[0m
   Device 0: 90:E2:BA:CB:F5:44 ([0;32mIntel Corporation 82599ES 10-Gigabit SFI/SFP+ Network Connection[0m)
   Device 1: 90:E2:BA:CB:F5:45 ([0;32mIntel Corporation 82599ES 10-Gigabit SFI/SFP+ Network Connection[0m)
PMD: ixgbe_dev_link_status_print():  Port 1: Link Down
PMD: ixgbe_dev_link_status_print():  Port 0: Link Down
Valerio parser
Filename: /home/valerio/Ruleset/trace_shot/1k_1/acl1_seed_3.rules_trace
Error with file! /home/valerio/Ruleset/trace_shot/1k_1/acl1_seed_3.rules_trace
Tot_rules: 961
Tcp: 831 |Udp: 87 |Icmp: 43
Valerio parser end
[1;37m[INFO]  Waiting for devices to come up...[0m
[1;37m[INFO]  Device 0 (90:E2:BA:CB:F5:44) is up: 10000 MBit/s[0m
[1;37m[INFO]  Device 1 (90:E2:BA:CB:F5:45) is up: 10000 MBit/s[0m
[1;37m[INFO]  [0;32m2 devices are up.[0m[0m
[RX - dev]: { 0 } 
[TX - dev]: { 1 } 
Pkt size: 60
TX rate: 4 rateq1: 4 rateq2: 4 rateq3: 4
==========VVV=============
RX: 0.13 (0.00) Mpps, 66 (0) Mbit/s | 1947645 pkts, 124649280 Bytes
TX: 0.13 (0.00) Mpps, 66 (1) Mbit/s | 1947645 pkts, 124649280 Bytes
==========V=============
_____1\_____

[1;33m[WARN]  malloc() allocates objects >= 1 MiB from LuaJIT memory space.[0m
[1;33m[WARN]  Install libjemalloc if you encounter out of memory errors.[0m
[1;37m[INFO]  Initializing DPDK. This will take a few seconds...[0m
EAL: Probing VFIO support...
EAL: PCI device 0000:84:00.0 on NUMA socket 1
EAL:   probe driver: 8086:10fb net_ixgbe
EAL: PCI device 0000:84:00.1 on NUMA socket 1
EAL:   probe driver: 8086:10fb net_ixgbe
[1;37m[INFO]  Found 2 usable devices:[0m
   Device 0: 90:E2:BA:CB:F5:44 ([0;32mIntel Corporation 82599ES 10-Gigabit SFI/SFP+ Network Connection[0m)
   Device 1: 90:E2:BA:CB:F5:45 ([0;32mIntel Corporation 82599ES 10-Gigabit SFI/SFP+ Network Connection[0m)
PMD: ixgbe_dev_link_status_print():  Port 1: Link Down
PMD: ixgbe_dev_link_status_print():  Port 0: Link Down
Valerio parser
Filename: /home/valerio/Ruleset/trace_shot/1k_1/acl1_seed_3.rules_trace
Error with file! /home/valerio/Ruleset/trace_shot/1k_1/acl1_seed_3.rules_trace
Tot_rules: 961
Tcp: 831 |Udp: 87 |Icmp: 43
Valerio parser end
[1;37m[INFO]  Waiting for devices to come up...[0m
[1;37m[INFO]  Device 1 (90:E2:BA:CB:F5:45) is up: 10000 MBit/s[0m
[1;37m[INFO]  Device 0 (90:E2:BA:CB:F5:44) is up: 10000 MBit/s[0m
[1;37m[INFO]  [0;32m2 devices are up.[0m[0m
[RX - dev]: { 0 } 
[TX - dev]: { 1 } 
Pkt size: 60
TX rate: 1 rateq1: 1 rateq2: 1 rateq3: 1
==========VVV=============
RX: 0.07 (0.00) Mpps, 38 (0) Mbit/s | 1124235 pkts, 71951040 Bytes
TX: 0.07 (0.00) Mpps, 38 (0) Mbit/s | 1124235 pkts, 71951040 Bytes
==========V=============
