63   2396332
256   8125140
256   9087012
256   8929692
193   6756572
256   8833688
256   9328300
256   8753324
256   9174628
256   8166096
256   8248984
256   9244580
256   8442988
256   9459468
256   8833692
256   9237432
256   8735036
256   8766084
256   7929240
256   8535732
256   8988020
256   8248016
256   8926480
256   9189460
256   8671472
256   8991376
256   9090340
256   8493640
256   8349956
256   8563472
256   8509164
256   8339548
256   8977264
256   8676488
256   8388388
256   10990032
256   10451228
256   9992828
256   9431248
256   11319324
256   9430300
256   9666140
256   11124824
256   10768824
256   9690532
256   11694512
256   11225168
256   11066372
256   9759672
256   10971128
256   11619176
256   11398052
256   9673096
256   12079972
256   10021884
256   9921280
256   11269876
256   10468684
256   9350464
256   10060276
256   11001564
256   11482528
256   10259528
256   11272260
256   11155212
256   9413340
256   11270692
256   9600240
256   9593684
256   10966276
256   10712908
256   9089100
256   11190892
256   11237516
256   9314728
256   11227048
256   10451044
256   11734108
256   11457808
256   9745404
256   11553900
256   11187284
256   10336288
256   11667976
256   11390644
256   10224972
256   11990816
256   9567704
256   10489272
256   11730752
256   9604916
256   9730028
256   11319360
256   9934296
256   9385032
256   11244676
256   10088744
256   10415144
256   11569580
256   10441656
256   10300484
256   11230696
256   10214648
256   11405616
256   11761836
256   9644412
256   11076368
256   10622836
256   9540580
256   11195492
256   11998176
256   9174948
256   10345244
256   10726824
256   9530068
256   10064832
256   10879708
256   9783944
256   10976076
256   10760680
256   9620840
256   10541032
256   9963752
256   10067096
256   10696840
256   10973328
256   11379192
256   10818900
256   10006576
256   11055756
256   10362620
256   9467628
256   11394032
256   10512820
256   11216144
256   11592276
256   10397516
256   9946412
256   11507304
256   10371744
256   9792240
256   10380256
256   9691752
256   10413776
256   11091976
256   10579496
256   11423452
256   10630420
256   11435064
256   11424980
256   11362852
256   9750872
256   11888588
256   10757672
256   9732496
256   11295696
256   9842384
256   9700328
256   11166144
256   10687792
256   10063628
256   11099828
256   10081240
256   11568884
256   10823688
256   10989508
256   11521308
256   10670400
256   9592856
256   11632748
256   10671964
256   10373756
256   11439828
256   10918592
256   10895616
256   10787076
256   9051040
256   10830076
256   9885772
256   10248140
256   11888920
256   10947036
256   11038016
256   11342088
256   11609680
256   10602960
256   12055372
256   11529448
256   10681892
256   11207840
256   9404300
256   10835336
256   11396008
256   10977796
256   11030680
256   9901376
256   9592744
256   11037944
256   11212340
256   10492900
256   11197128
256   9702776
256   10123408
256   10697284
256   11360448
256   9676648
256   10464140
256   10366468
256   10882048
256   11368120
256   9641608
256   10950356
256   9317568
256   10944992
256   10687536
256   11205064
256   10588088
256   11132624
256   10579004
256   11773240
256   9811904
256   10180272
256   11066932
256   10739028
256   9585796
256   10988908
256   11254092
256   9637428
256   10643056
256   10800188
256   11426048
256   11540204
256   9552296
256   11728200
256   10850800
256   11636224
256   10953112
256   10893320
256   11246028
256   12107024
256   11502048
256   10297088
256   11015020
256   11391624
256   11609016
256   10888048
256   11356380
256   10294084
256   11763124
256   11404272
256   11689832
256   11649160
256   10909364
256   10754360
256   11283820
256   9634092
256   10347280
256   11561684
256   9479252
256   9857176
256   10898896
256   11298060
256   11230636
256   10723452
256   9459360
256   11734884
256   10253792
256   9277212
256   11240892
256   11384864
256   10534980
256   9914300
256   10876736
256   10280472
256   10373040
256   9460280
256   11366256
256   9589100
256   9360028
256   10337592
256   9844044
256   9937864
256   11599700
256   11027452
256   10236984
256   11056396
256   10101236
256   11504848
256   10781920
256   11500104
256   11400860
256   10619088
256   10653088
256   11947900
256   10688052
256   10328476
256   10370256
256   11390012
256   9357160
256   11123232
256   11268180
256   10644264
256   10839952
256   9505592
256   11085976
256   10595040
256   11518512
256   10369448
256   11080028
256   11432880
256   11974288
256   11006384
256   9564952
256   10689628
256   9910256
256   9843916
256   11311788
256   10698852
256   10542876
256   11002312
256   10528888
256   11357888
256   11097768
256   10814812
256   11575012
256   11734248
256   10153612
256   11861136
256   9439924
256   10860912
256   11737444
256   11039920
256   10305968
256   11116908
256   10110200
256   10108736
256   10113004
256   10418744
256   11857540
256   11143096
256   9385972
256   11642720
256   9568440
256   9654648
256   11448656
256   10330724
256   10775528
256   11226264
256   9937972
256   11547908
256   10640076
256   10045204
256   10753752
256   11662076
256   10370716
256   11454904
256   11274716
256   10762344
256   9865532
256   11329244
256   11220268
256   10916000
256   11831720
256   10807792
256   9657672
256   9538912
256   11833788
256   11387976
256   11242540
256   11569040
256   11603504
256   9452684
256   11547464
256   10095292
256   9631100
256   10808840
256   10932844
256   11200832
256   10532756
256   9957948
256   11327312
256   10808052
256   10625716
256   11629532
256   10951884
256   11162232
256   11623064
256   9136540
256   8722048
256   11324516
256   11407852
256   11021624
256   10588096
256   10414256
256   11704496
256   9676712
256   9708764
256   11304948
256   9616612
256   9706512
256   11029392
256   9698628
256   9711964
256   10568908
256   9549768
256   10395000
256   10542512
256   10604140
256   11060640
256   10282768
256   9707740
256   11146188
256   9929272
256   11353996
256   11229352
256   11597044
256   9264404
256   11562340
256   11411928
256   9843640
256   11021480
256   11287460
256   10086124
256   10664148
256   9815880
256   11327436
256   10439192
256   9996728
256   9576604
256   10663500
256   9691284
256   10429832
256   11727504
256   11299576
256   12064100
256   10122108
256   10856964
256   11851136
256   10140332
256   10404696
256   11386164
256   10957180
256   11401060
256   9493552
256   10967192
256   9832680
256   10372336
256   10343368
256   11277184
256   11656532
256   10430896
256   10431492
256   11450744
256   11191920
256   11320884
256   10799648
256   9800564
256   11574232
256   10462084
256   9847468
256   11004852
256   10492312
256   11659512
256   10549596
256   10213764
256   11061164
256   11169140
256   10866836
256   11274428
256   10516888
256   10083508
256   10690336
256   11400176
256   10513224
256   11338028
256   9266456
256   9887840
256   10428320
256   11018752
256   11007428
256   10945816
256   10423468
256   11574448
256   10989916
256   10504540
256   11593968
256   9658732
256   9673212
256   11602888
256   10013808
256   9741320
256   10378424
256   9789604
256   10911924
256   10651348
256   10994784
256   11199744
256   10842052
256   9631912
256   11202280
256   10949960
256   10031764
256   11576176
256   9479212
256   9822768
256   11186288
256   9472052
256   11618236
256   10851544
256   10097956
256   10419768
256   11388408
256   10636228
256   11617360
256   10639872
256   10164000
256   11287156
256   10573060
256   10524072
256   11397764
256   10307748
256   10677400
256   11964488
256   9624064
256   9951092
256   11632860
256   9829116
256   8899088
256   10942292
256   10891024
256   11523860
256   10479708
256   10950408
256   10795408
256   9386416
256   10038800
256   11618156
256   10956708
256   9863188
256   11818720
256   11107732
256   10322104
256   11229880
256   10245584
256   9912724
256   11094936
256   9710416
256   11482324
256   10508040
256   9981960
256   10975936
256   11038540
256   11135320
256   11607036
256   11174080
256   9830236
256   11653388
256   9409060
256   10291848
256   10838340
256   10932124
256   9852204
256   11391352
256   11557220
256   10389832
256   10599156
256   9638604
256   11394928
256   10730176
256   10229844
256   11139148
256   9891076
256   9353760
256   9805808
256   11445140
256   9330000
256   11226820
256   10525400
256   11455692
256   11116136
256   10411044
256   11793744
256   11043528
256   10279752
256   11526688
256   11307276
256   9859156
256   11304268
256   10296400
256   10396008
256   11057292
256   11307448
256   9585196
256   11193480
256   9891788
256   11439696
256   10994208
256   11177264
256   11089708
256   10784156
256   9562300
256   11282716
256   11432812
256   9998988
256   12378944
256   11417956
256   10874828
256   10870044
256   10623104
256   9736296
256   10577376
256   10850272
256   11435448
256   10856096
256   9828228
256   10990028
256   11125748
256   9885396
256   10693028
256   10494812
256   11192240
256   10770016
256   10018220
256   10885072
256   10427660
256   11118800
256   11724288
256   10693980
256   9761988
256   11468600
256   10334688
256   9799320
256   11100272
256   9804920
256   11429260
256   11520004
256   10594940
256   11879488
256   11571480
256   9591812
256   11728668
256   10026068
256   11307560
256   11346572
256   10236784
256   11043172
256   10577712
256   10913076
256   10761252
256   11327248
256   10075988
256   11320688
256   11728672
256   10363340
256   11450356
256   10084200
256   11101800
256   11619788
256   9498404
256   11385364
256   11468332
256   11388228
256   10309536
256   11285676
256   10721756
256   11413828
256   10769064
256   9192784
256   10709812
256   11139948
256   9137508
256   10416208
256   10827724
256   9789708
256   11120396
256   10563920
256   11554876
256   10774964
256   10083628
256   11236060
256   10535792
256   11225328
256   11165596
256   11357232
256   10587472
256   10818000
256   10785088
256   11579524
256   10191956
256   10149328
256   11438292
256   10133292
256   10081280
256   10689332
256   10191700
256   10505832
256   10200136
256   10359376
256   10211388
256   10779184
256   10583920
256   11823004
256   11166800
256   10169328
256   11817600
256   10845740
256   9998772
256   11164132
256   10947984
256   10178700
256   10969624
256   10403244
256   11376944
256   11508880
256   10592376
256   11101616
256   10439012
256   11147876
256   11025244
256   9591660
256   10233116
256   10661548
256   10158340
256   11297036
256   11154236
256   9543916
256   11434972
256   10675740
256   9266376
256   9798008
256   11363156
256   11325672
256   10840096
256   9917876
256   11383176
256   9887072
256   9966336
256   9869600
256   9662480
256   11549064
256   10561704
256   9133240
256   11220780
256   10316568
256   10589736
256   10936960
256   9787636
256   9654404
256   11751280
256   11038892
256   11193292
256   10251072
256   9326288
256   11369516
256   10785688
256   10943032
256   11139832
256   10553348
256   9901272
256   11510896
256   11509640
256   11209364
256   10256328
256   10952436
256   10918892
256   10934564
256   9774548
256   11922228
256   10899116
256   10898612
256   11108180
256   10649764
256   9723344
256   11281584
256   9432140
256   11410836
256   10980256
256   10118172
256   11104664
256   11080556
256   10939380
256   11810364
256   11630496
256   11285396
256   11225648
256   10742052
256   11421540
256   10320588
256   9678912
256   11257020
256   10654480
256   10102372
256   11016820
256   10218020
256   10873452
256   10738808
256   10438216
256   11031048
256   10125036
256   10741836
256   10211596
256   11327760
256   11159712
256   10816080
256   10564792
256   11341092
256   10930560
256   10624756
256   10796176
256   9540300
256   11580084
256   9564176
256   11005608
256   10997244
256   9766260
256   10169360
256   10799100
256   10084636
256   11814588
256   11676764
256   8880616
256   11967992
256   11589532
256   10603112
256   10635312
256   10874436
256   11391452
256   10563196
256   10295748
256   11738348
256   10567508
256   9902188
256   12174392
256   10380988
256   11372120
256   10526352
256   9959516
256   11658844
256   9637300
256   10398504
256   11148760
256   10430392
256   9969724
256   11367920
256   10423800
256   11601916
256   11132124
256   10066268
256   11687452
256   10080192
256   9623292
256   10617124
256   11688220
256   11292656
256   10023192
256   9926716
256   11349248
256   10207172
256   10029100
256   11156368
256   10261524
256   11492004
256   11081484
256   11983184
256   10481200
256   10006308
256   9284952
256   10855472
256   10764784
256   10999592
256   10885388
256   11198968
256   11475816
256   9778872
256   9558600
256   11082384
256   10436548
256   10899840
256   11793696
256   10937596
256   11240184
256   11397856
256   9604464
256   11039676
256   10729964
256   11515096
256   11223920
256   11222988
256   11620644
256   11591964
256   9656720
256   11569444
256   10230228
256   10977084
256   10309436
256   10368412
256   11356440
256   10875992
256   11521512
256   11535416
256   10767468
256   11754468
256   11321848
256   11237396
256   9565224
256   11016700
256   11839168
256   10996236
256   10539192
256   9351992
256   10351340
256   9591668
256   11640464
256   10588364
256   9427244
256   10595680
256   10653600
256   9691756
256   11013304
256   9409576
256   11591468
256   9370828
256   10931496
256   11880372
256   10466100
256   10743676
256   11354752
256   9775508
256   11273036
256   9870116
256   10132936
256   11104652
256   10346668
256   11169408
256   11452012
256   9488260
256   11195236
256   11933864
256   10370752
256   11378864
256   11187172
256   9275840
256   11066332
256   10614172
256   10942844
256   10100692
256   11147680
256   11367648
256   11166480
256   10029952
256   11416732
256   9768640
256   9372280
256   10630528
256   11210124
256   11519220
256   11517460
256   10246484
256   11717112
256   10620288
256   9307100
256   10995232
256   10718212
256   11717880
256   10868396
256   10807364
256   11237980
256   10674944
256   9890308
256   10799860
256   10879620
256   11205220
256   11063448
256   10096116
256   11359404
256   11343232
256   10032844
256   10099324
256   10674660
256   10208660
256   9716676
256   11305436
256   11786232
256   10215820
256   10416248
256   11467572
256   10336960
256   10806112
256   10914408
256   10017696
256   11214116
256   10277660
256   10452720
256   10776092
256   10182272
256   10137812
256   10222856
256   10795208
256   11284732
256   10020700
256   9761296
256   10899904
256   9629456
256   9705572
256   10813184
256   10402728
256   10313020
256   11818340
256   9855988
256   11611348
256   10014556
256   11353476
256   10923428
256   10861792
256   11784200
256   10635180
256   9910136
256   11640804
256   10266648
256   10838200
256   11376936
256   10360176
256   10632064
256   11027676
256   11371724
256   9778968
256   10758348
256   10755324
256   11204884
256   9755636
256   9405564
256   10541740
256   10766272
256   9464036
256   11304400
256   10348580
256   10132468
256   10860024
256   10574964
256   11458976
256   10677568
256   11477780
256   11324980
256   10624080
256   10252700
256   11423416
256   10850060
256   11054780
256   10220484
256   9517664
256   11160040
256   10311392
256   10769264
256   10898956
256   11210304
256   10281144
256   11209164
256   11299004
256   10127556
256   10683808
256   9553384
256   11202680
256   11493040
256   11004284
256   11571280
256   9606728
256   9972076
256   10270244
256   11282540
256   11253984
256   10747468
256   9983876
256   11104400
256   9790620
256   9388888
256   11074508
256   11142932
256   11359180
256   10422876
256   9962640
256   12285956
256   11383784
256   11101060
256   11197576
256   10709900
256   11206492
256   10185468
256   9921516
256   11443280
256   10162860
256   11735988
256   11639576
256   11279168
256   9614936
256   11518544
256   9262392
256   11452552
256   11156740
256   9681324
256   11821716
256   11283052
256   10898388
256   11013780
256   10029540
256   11248224
256   11745748
256   10555884
256   10872936
256   11297204
256   11431568
256   11482256
256   9822556
256   11527844
256   10431192
256   10555884
256   12136172
256   11430064
256   11168472
256   9767660
256   10609604
256   11332664
256   10872468
256   10048892
256   10364644
256   11365628
256   11321716
256   11100512
256   11127792
256   11534276
256   11038712
256   10073420
256   11232564
256   10317280
256   10709176
256   11241596
256   9887260
256   11423200
256   9700852
256   10249664
256   11070164
256   11281016
256   11559708
256   10666272
256   10176196
256   11486300
256   12128924
256   9782040
256   11171376
256   10088588
256   11381740
256   10429372
256   10033696
256   10906768
256   10199084
256   10986048
256   10479128
256   9224008
256   10444596
256   9928296
256   10032516
256   10068696
256   10495264
256   11439332
256   11251920
256   9960288
256   11463268
256   9370132
256   11085824
256   11304372
256   11157464
256   10173928
256   11448624
256   9761412
256   11348836
256   10465436
256   10175736
256   11261260
256   11567160
256   9955632
256   11249832
256   9823784
256   11322516
256   11435272
256   11143000
256   11603508
256   11548548
256   9865124
256   11092908
256   11537204
256   10011736
256   10387064
256   10198776
256   9340948
256   10942916
256   9862856
256   11845096
256   11191460
256   10048280
256   11801372
256   11130832
256   9960908
256   10511164
256   10456612
256   11656776
256   9556924
256   10784932
256   11459944
256   11738176
256   11398760
256   11254104
256   9445796
256   11089192
256   10936220
256   10046672
256   11233316
256   9444340
256   9553536
256   11335788
256   11679556
256   10912160
256   11433212
256   9978540
256   11225656
256   10250652
256   9840092
256   10405068
256   10889648
256   11691140
256   11438512
256   11168180
256   12179332
256   11246872
256   10288900
256   10684904
256   10546292
256   10767040
256   11123508
256   9666044
256   10620404
256   11818596
256   10892656
256   11560204
256   10943372
256   9688184
256   11312536
256   10792208
256   11182204
256   10948264
256   11254792
256   11201840
256   11035492
256   10355016
256   11130792
256   11140188
256   11830416
256   9627192
256   10196004
256   11004276
256   10228980
256   11196388
256   10129944
256   11422308
256   12061956
256   11520044
256   9796952
256   11369892
256   11269856
256   9781324
256   10749292
256   9851924
256   10965576
256   10769184
256   10257604
256   10503292
256   10465584
256   11190332
256   11171308
256   11508360
256   11732320
256   9107148
256   10576868
256   11527012
256   10932072
256   9848044
256   10993880
256   10195628
256   11148180
256   11222256
256   10962864
256   10714072
256   10611232
256   11582328
256   10913776
256   11169832
256   11176940
256   9913472
256   9793464
256   11352240
256   10242200
256   11426044
256   9566664
256   10060348
256   11395464
256   11238228
256   10092700
256   11260876
256   9385216
256   10663092
256   11038728
256   9746704
256   11306344
256   10710416
256   9914184
256   11628052
256   10187652
256   10764072
256   11124992
256   10936260
256   11587328
256   10198540
256   9256540
256   11671804
256   11372980
256   10110960
256   10807504
256   9349044
256   11134552
256   10079928
256   10596552
256   11132300
256   9473824
256   9744760
256   11035156
256   10266632
256   11224088
256   11380580
256   9510480
256   11254248
256   11427240
256   11206784
256   10874200
256   10193116
256   9696056
256   10275716
256   9922792
256   11701212
256   10216956
256   10322640
256   11546368
256   10423872
256   10621576
256   11309944
256   10619516
256   11182164
256   10827372
256   10073408
256   11507688
256   10714184
256   10404668
256   12379812
256   10596412
256   10580468
256   10689176
256   10407128
256   9731092
256   11963400
256   9698900
256   9637332
256   10930484
256   10847060
256   10542380
256   10932236
256   9808496
256   11435776
256   10516844
256   10883188
256   11567616
256   10177796
256   10281736
256   10897416
256   10519484
256   11017616
256   11229628
256   9280408
256   11242480
256   10861440
256   11375096
256   11312040
256   11185844
256   10884280
256   9828536
256   11096820
256   10646788
256   11819624
256   9784544
256   9989852
256   10276704
256   10576080
256   11163956
256   11310584
256   12085400
256   10267980
256   10975120
256   11343228
256   11509352
256   10330024
256   10547644
256   10042388
256   11285356
256   10365560
256   10099296
256   11364344
256   11495108
256   9321140
256   10932920
256   10600336
256   11617224
256   9777180
256   11223592
256   10906236
256   10251808
256   10373016
256   10622368
256   10442200
256   11564144
256   10358580
256   10690664
256   11342912
256   11079784
256   9889036
256   10809708
256   11275880
256   11240288
256   9917056
256   10875312
256   11160204
256   10349708
256   10826576
256   10545488
256   11502548
256   10894792
256   10698456
256   11829808
256   11355804
256   10728064
256   11038036
256   11449592
256   9817376
256   9765764
256   11472700
256   9985224
256   10781768
256   11140228
256   9588564
256   10804760
256   9649960
256   9660824
256   10782272
256   11591016
256   11038780
256   10840728
256   10209844
256   11514264
256   10370492
256   9657988
256   10519760
256   10543924
256   11550832
256   11632016
256   10292216
256   10533892
256   10140344
256   11894248
256   10661608
256   10150836
256   11347560
256   10845700
256   10939812
256   11565948
256   10237892
256   11759000
256   10254408
256   10066892
256   10476812
256   11441596
256   11203976
256   11507720
256   10411408
256   9716276
256   10685928
256   10353772
256   10096164
256   11376448
256   10169592
256   11467224
256   10028492
256   10011688
256   11788192
256   10364276
256   11392880
256   10937956
256   10414372
256   11232232
256   11198332
256   10937720
256   10802740
256   10539664
256   10653608
256   11203620
256   11285812
256   11517652
256   9908020
256   9983440
256   11428148
256   10231996
256   10220996
256   9933480
256   10491776
256   10468196
256   10933684
256   10077952
256   11617300
256   11059900
256   9602556
256   11871260
256   10425792
256   9436532
256   10737140
256   10465880
256   11655080
256   9384064
256   9815064
256   11648244
256   10147004
256   11280204
256   10784636
256   10722848
256   11030784
256   10505504
256   10733204
256   11902364
256   10124404
256   9339476
256   10833476
256   10265456
256   9552968
256   10986972
256   9574364
256   11613072
256   10297360
256   10171500
256   11537588
256   10430412
256   11103192
256   11142944
256   11021232
256   10760756
256   11331404
256   9600940
256   11258396
256   10147788
256   8967948
256   10752444
256   11340848
256   10061108
256   11155108
256   10925388
256   11444720
256   9762212
256   9371128
256   11650544
256   11369580
256   9172644
256   10884596
256   10351504
256   9409644
256   10119636
256   10332456
256   11019864
256   10128240
256   10271236
256   12188432
256   10381144
256   10716936
256   10817444
256   10513204
256   11698720
256   10730448
256   9165212
256   11307820
256   11038424
256   10410576
256   11602368
256   10411484
256   11123720
256   9871092
256   10044888
256   11512120
256   11359716
256   10364416
256   11600892
256   10695032
256   10955392
256   10897848
256   10340884
256   10335208
256   11355488
256   11152976
256   11186652
256   10581772
256   10010696
256   11010152
256   11271688
256   10977464
256   11290176
256   10491392
256   10960332
256   10559036
256   11621472
256   11005580
256   10770748
256   10572660
256   11765968
256   10382272
256   11812700
256   10857172
256   10233580
256   10741140
256   10765980
256   10912808
256   11721060
256   10390916
256   10823384
256   11362964
256   9826428
256   11537796
256   10303576
256   9432036
256   11163140
256   9627592
256   9723340
256   10407492
256   10232364
256   11916280
256   10405512
256   10962604
256   11913768
256   11867312
256   10036456
256   10565368
256   9901600
256   11626004
256   10999608
256   10699168
256   11512932
256   10471256
256   10267192
256   10308048
256   11050848
256   11201360
256   9644480
256   10490504
256   11048524
256   11281640
256   11276992
256   10398640
256   10663952
256   9621736
256   10191956
256   9982904
256   11338028
256   10303732
256   10132916
256   10321532
256   10978904
256   10661920
256   11080712
256   9420904
256   11496756
256   9630276
256   10423632
256   11671276
256   11454568
256   10674040
256   10972256
256   10374412
256   11292972
256   10954336
256   9569332
256   11673872
256   10057060
256   10250656
256   10553816
256   10051724
256   9905316
256   10859292
256   11408044
256   11377096
256   10354276
256   11372280
256   11696848
256   11434436
256   10083484
256   11317316
256   9892064
256   10478252
256   11382448
256   10155968
256   11476688
256   9715664
256   9930572
256   11269956
256   10820040
256   9414932
256   11004704
256   10230916
256   11479216
256   11523088
256   10585008
256   11987132
256   11852720
256   9779016
256   11190616
256   9791716
256   11877816
256   10711468
256   10928308
256   10969296
256   10626512
256   9824092
256   10661228
256   11695164
256   11245520
256   11044556
256   9970468
256   11592380
256   10650712
256   9904376
256   10694516
256   8847292
256   9485100
256   11626420
256   11303392
256   11215840
256   10275464
256   10906084
256   10404276
256   9360348
256   12009124
256   11153928
256   10482532
256   11581960
256   9815172
256   9072708
256   11050464
256   10610056
256   9660640
256   11223376
256   10106148
256   11360512
256   11554288
256   9774048
256   10778508
256   10730720
256   10961136
256   11076544
256   10994604
256   11495176
256   10153528
256   10963252
256   11170480
256   10432504
256   10392840
256   11292932
256   11091744
256   10860288
256   10779828
256   10816896
256   11709896
256   11525476
256   10291280
256   11800368
256   11179796
256   9679156
256   11319856
256   9860752
256   11009832
256   11012868
256   9556712
256   11456728
256   11363900
256   11273404
256   11414876
256   10402744
256   11723120
256   11695228
256   10001516
256   11434176
256   9715508
256   10338328
256   10871900
256   10190204
256   11354888
256   10246032
256   11538588
256   11212088
256   11808488
256   10612080
256   10702852
256   10750808
256   12127104
256   10954864
256   9611772
256   11768880
256   9755696
256   9998492
256   10813520
256   10263496
256   11203784
256   10224380
256   10879204
256   10694244
256   9222612
256   10156292
256   10197244
256   11099320
256   11211716
256   11409596
256   10946208
256   11290836
256   10452680
256   9765652
256   10970276
256   10937116
256   11307532
256   10539284
256   9847968
256   10463628
256   10196740
256   11512632
256   10460120
256   10547768
256   11617768
256   10911972
256   11325032
256   11081844
256   10215700
256   11114188
256   10041760
256   10565052
256   10961156
256   10665900
256   10433880
256   11392460
256   9889404
256   10142124
256   11438476
256   10809200
256   9517076
256   11311628
256   11306396
256   11168336
256   11047124
256   11154004
256   11767496
256   9993092
256   11073688
256   10775796
256   10441600
256   11439884
256   10474664
256   11362136
256   10961828
256   9570616
256   9844400
256   11032368
256   10288132
256   11277020
256   11184288
256   9312096
256   11568608
256   10275576
256   9105740
256   12094128
256   9588528
256   9392076
256   9749816
256   11365848
256   11572440
256   9513384
256   9511552
256   10790164
256   10087728
256   11087980
256   11079912
256   10744680
256   11853192
256   10791000
256   10181368
256   11613656
256   10391812
256   11414652
256   10506996
256   11590952
256   11953108
256   11052812
256   10338124
256   11444684
256   11412168
256   10769296
256   10541904
256   10681704
256   9767632
256   10512840
256   11750388
256   10903524
256   11245568
256   9780224
256   12017300
256   10949012
256   11298376
256   11078444
256   9936504
256   10218256
256   10374032
256   10176492
256   11677756
256   9197208
256   10239444
256   10676868
256   9632556
256   11349052
256   10878872
256   10887192
256   11834844
256   10857696
256   10703348
256   11007236
256   9184700
256   11247752
256   11376640
256   10030744
256   11186880
256   9410696
256   11146012
256   10987880
256   10906584
256   11640144
256   10130852
256   10135916
256   11290448
256   10559968
256   11001696
256   12036396
256   11688256
256   10603408
256   10163324
256   10628232
256   10741972
256   9463860
256   11449300
256   11670536
256   10508076
256   9349188
256   10746580
256   10885208
256   11644468
256   10859440
256   9810872
256   11528412
256   9487792
256   10550732
256   10685716
256   9940508
256   9211796
256   11365792
256   10466104
256   11604276
256   11483884
256   9935732
256   10116748
256   10072040
256   11850344
256   10746280
256   10344304
256   11949152
256   10875448
256   9814648
256   11835840
256   9857428
256   11512984
256   10618208
256   11136132
256   11118532
256   10670548
256   10479412
256   11175476
256   11238724
256   9229172
256   10999344
256   11401472
256   9765628
256   11592228
256   10149112
256   10640780
256   10131084
256   9776928
256   11022064
256   10226140
256   10660580
256   11439312
256   9452884
256   10243960
256   11175220
256   10910356
256   10861580
256   10720628
256   9905624
256   11006472
256   11521376
256   10794216
256   11189408
256   11215576
256   11614588
256   11003280
256   10746888
256   11088388
256   10100088
256   10839860
256   11150504
256   10253836
256   10558556
256   10363300
256   10554668
256   11165420
256   10634852
256   9920364
256   11378512
256   9903060
256   9820148
256   11246644
256   9399832
256   10302420
256   11105964
256   9226448
256   11461436
256   10839336
256   10709024
256   11356028
256   10736668
256   10365412
256   10496568
256   9150384
256   11201660
256   11043840
256   10992664
256   11721672
256   9843704
256   10184308
256   10703160
256   10251248
256   11532976
256   11341948
256   11103240
256   11307052
256   10267992
256   11176312
256   10947612
256   10479696
256   10706812
256   10130928
256   10485840
256   10935336
256   11453952
256   11080412
256   11451044
256   11391120
256   9326116
256   11422088
256   11053080
256   9866716
256   10960432
256   9833404
256   10726376
256   10668876
256   11151768
256   11180408
256   11200724
256   10330516
256   10734092
256   10903080
256   11294968
256   9274476
256   10046240
256   11627764
256   10383496
256   9907984
256   11735320
256   11725656
256   11406460
256   11253696
256   9374256
256   11498292
256   11646380
256   10691332
256   11124052
256   11306180
256   11067300
256   10098760
256   11476624
256   11256472
256   9716944
256   10930428
256   10719192
256   9509344
256   11285180
256   10841824
256   10863580
256   11026424
256   9080836
256   10105252
256   12046984
256   10051416
256   9195312
256   11513248
256   10159388
256   11864848
256   9779872
256   11447864
256   11025680
256   10302916
256   11035356
256   11005408
256   11337232
256   11767648
256   10196828
256   9317724
256   10585828
256   11534796
256   11450868
256   10603620
256   10572836
256   10673600
256   10310508
256   11190696
256   10842172
256   10039076
256   10163444
256   10918716
256   9828412
256   11729880
256   11161512
256   11764848
256   10841468
256   10806200
256   9535320
256   10410256
256   9762540
256   11424756
256   11616284
256   11635148
256   10712804
256   11387184
256   9497048
256   10862532
256   11091024
256   11932284
256   11615456
256   9522492
256   11493436
256   10475404
256   9078124
256   10599640
256   9325660
256   10068316
256   11392104
256   10643200
256   10956684
256   9719828
256   11096264
256   11636996
256   10806180
256   10299416
256   11445212
256   10138792
256   11462648
256   10924332
256   9606324
256   11235196
256   10720796
256   11008716
256   10674700
256   10664928
256   11343432
256   9700992
256   10158352
256   11027020
256   11129988
256   10129896
256   10649356
256   9580416
256   11150160
256   11221208
256   11332452
256   11515192
256   11498488
256   9619312
256   11616064
256   11164104
256   9262116
256   11160852
256   11152964
256   11455980
256   11514532
256   9664696
256   11493120
256   10177136
256   9611672
256   10929872
256   10776192
256   11564180
256   10336048
256   11346576
256   11513568
256   10528024
256   10989224
256   11387008
256   9641292
256   11677388
256   10252204
256   10128992
256   11147696
256   10074392
256   11384244
256   10616684
256   10700068
256   11494084
256   10485692
256   9862624
256   11180280
256   11123948
256   9893188
256   11769216
256   9633512
256   11901724
256   11403360
256   10785592
256   11239508
256   9520536
256   10631088
256   11153960
256   9937532
256   11357716
256   9292304
256   9374856
256   10986388
256   11022268
256   9607884
256   10326108
256   9769544
256   11453760
256   10295864
256   9776440
256   11349552
256   11461632
256   9379756
256   10773948
256   10383556
256   11491428
256   11234208
256   9988632
256   11558852
256   9598828
256   10935880
256   10436628
256   11630664
256   11461056
256   11084556
256   9853324
256   11621652
256   11250408
256   10523240
256   10969800
256   10084436
256   11499876
256   10426304
256   10448428
256   11078756
256   11189520
256   11304512
256   11957072
256   11713212
256   10486440
256   11495828
256   9664880
256   11059320
256   10596168
256   10558124
256   11307392
256   9981220
256   11298644
256   11515092
256   10132708
256   11456760
256   10778856
256   10487568
256   11752768
256   10369036
256   10607164
256   11317176
256   9752840
256   11035612
256   11474040
256   9253360
256   10981848
256   10244936
256   10148312
256   10300712
256   11007000
256   11816256
256   9585076
256   9403572
256   11500384
256   10137060
256   9891596
256   10505924
256   11642956
256   10996752
256   10600332
256   10756840
256   11540312
256   10716232
256   10282992
256   10266444
256   11024820
256   11914284
256   11230104
256   10923532
256   10708332
256   9378208
256   9848624
256   10857648
256   10926660
256   11688440
256   10526684
256   10696612
256   11160156
256   11054680
256   11394152
256   11327964
256   10343952
256   10605036
256   10956616
256   11222396
256   11529672
256   11231456
256   10070916
256   11313824
256   10321124
256   11026208
256   11518372
256   10777920
256   11185212
256   10440900
256   10843904
256   11328972
256   11084500
256   9516528
256   10669688
256   9947084
256   11189720
256   11308568
256   10204012
256   11251404
256   10438728
256   11908552
256   10520752
256   9661312
256   11092208
256   11438408
256   10002096
256   11334708
256   10273484
256   11215584
256   11132660
256   10723924
256   11782976
256   11017004
256   10543712
256   10612548
256   8819240
256   10871832
256   11367972
256   8819640
256   11436000
256   11141160
256   10090536
256   10146736
256   10111016
256   11474020
256   11142060
256   10033812
256   10656620
256   10434608
256   11014236
256   11580744
256   11746968
256   11653404
256   11633648
256   9516104
256   11555344
256   11811004
256   10337824
256   10580200
256   9487892
256   11391696
256   10992052
256   9940284
256   12139020
256   10668900
256   10241168
256   11429688
256   9885496
256   9666116
256   11276772
256   10586132
256   11142792
256   10681668
256   9646168
256   10898004
256   11123128
256   9738376
256   11434224
256   10127524
256   11527128
256   11300124
256   9493600
256   11062596
256   11180704
256   11020316
256   10632472
256   9827588
256   11506468
256   10653928
256   10698264
256   11172924
256   11062420
256   11425616
256   10584208
256   10272676
256   11098708
256   9517580
256   9165284
256   11653644
256   10690828
256   11428260
256   10874568
256   11429352
256   11480552
256   11536560
256   10077048
256   12033656
256   10035576
256   10249180
256   11431124
256   9713660
256   11333268
256   10361460
256   10890848
256   11229220
256   9974508
256   10134984
256   10838560
256   10598752
256   11182736
256   9592560
256   9548028
256   11250708
256   11586936
256   8945488
256   11268816
256   9742780
256   11569448
256   11245316
256   10223996
256   12162904
256   10767624
256   9132176
256   11320484
256   9915908
256   11157352
256   11548632
256   9830216
256   11686040
256   11535808
256   10422564
256   10785312
256   10104996
256   11793760
256   11059136
256   11526856
256   11303736
256   10631932
256   11166276
256   12007516
256   9552144
256   11429848
256   10956132
256   11100376
256   10953576
256   10326764
256   9582344
256   11442288
256   10102564
256   11052548
256   10569744
256   9079840
256   11601332
256   10826352
256   9901568
256   11436092
256   10808500
256   10289736
256   12048116
256   9670808
256   11561160
256   10983976
256   10150560
256   12191524
256   9367188
256   11464444
256   10728180
256   10419020
256   11773964
256   10966396
256   9875840
256   11064380
256   10680012
256   10944488
256   11171796
256   10921880
256   11962480
256   10916140
256   10734464
256   11406228
256   10077028
256   10741988
256   10398412
256   9099556
256   11245064
256   11334340
256   10513888
256   11377012
256   11054068
256   10092380
256   11301948
256   10065404
256   11478040
256   11145796
256   10162920
256   11364768
256   10979292
256   9933380
256   11168420
256   10614912
256   10677816
256   9970828
256   9303628
256   10996972
256   11027340
256   11400976
256   9815308
256   11148336
256   11865384
256   10842280
256   9590928
256   10941172
256   9813672
256   11097836
256   10670636
256   11408656
256   11001032
256   11263976
256   10587540
256   10782948
256   10001268
256   9742204
256   11172144
256   10890936
256   10987620
256   9854272
256   9871568
256   11330112
256   9297796
256   9914824
256   10087328
256   10769112
256   11220776
256   11090260
256   10622828
256   11086016
256   9895272
256   8841528
256   10797492
256   9518064
256   11479320
256   11209088
256   9822628
256   11451512
256   10708632
256   10833100
256   11702304
256   10858048
256   10229328
256   11511640
256   9594588
256   11301084
256   10740308
256   10117140
256   11257384
256   11355628
256   11180008
256   11047672
256   9733632
256   9891344
256   10303276
256   10915784
256   11619900
256   11407724
256   9824128
256   11679336
256   11179072
256   9569252
256   11120004
256   11265272
256   10819296
256   10532644
256   10721180
256   11716056
256   10293376
256   10498052
256   10456036
256   9680696
256   11437252
256   11339688
256   10652284
256   10993900
256   9795796
256   10327936
256   11347020
256   9251460
256   10633152
256   10327824
256   11449932
256   11450240
256   11044360
256   10300316
256   10487600
256   10062472
256   11399440
256   10543772
256   10210048
256   11901780
256   9496000
256   10079756
256   10336708
256   9744952
256   10586804
256   10639548
256   10981504
256   11455484
256   11419488
256   10075400
256   11436648
256   10603984
256   10251348
256   11465956
256   9707948
256   11445288
256   11054052
256   10951444
256   11668804
256   9669884
256   11357152
256   10595016
256   10300508
256   11787104
256   11322152
256   9207696
256   11756672
256   10523368
256   10126444
256   11102652
256   10518920
256   11367968
256   9910404
256   9993040
256   11676736
256   10076500
256   10072276
256   11111576
256   10315560
256   9475356
256   10713044
256   9410796
256   11643548
256   10031888
256   9606628
256   11421844
256   11231272
256   10209960
256   11119800
256   11260864
256   11574424
256   10936748
256   9718520
256   11722496
256   11149956
256   11210984
256   11579936
256   9580900
256   10648956
256   10548852
256   9874064
256   11334240
256   9719856
256   9855348
256   10401600
256   11156916
256   9245928
256   10261140
256   9671168
256   11120840
256   10731576
256   10868424
256   11620312
256   9395156
256   8898108
256   11639116
256   10809724
256   11310516
256   10620008
256   10107716
256   11115380
256   11115584
256   10584152
256   10641268
256   10511516
256   11175312
256   10975504
256   9515912
256   11562392
256   11416012
256   10636636
256   11367344
256   10865456
256   11317308
256   11474680
256   10280304
256   11024628
256   10917536
256   9552672
256   11721648
256   10663596
256   10263756
256   10926984
256   11056560
256   10877244
256   10768384
256   10398520
256   11623476
256   11040776
256   10234620
256   11921116
256   11265308
256   9558276
256   10717924
256   10620084
256   11535256
256   10537032
256   9723212
256   11577424
256   9338608
256   10014916
256   10843056
256   9268924
256   11035852
256   11177292
256   10937316
256   11809944
256   11267664
256   10505952
256   11409488
256   9677744
256   11772864
256   10569584
256   9315096
256   11153608
256   9748396
256   10669848
256   10795140
256   9687736
256   9904076
256   11267336
256   9963744
256   11074144
256   11397216
256   8942872
256   11252008
256   9524300
256   10775040
256   11289700
256   10637008
256   10154552
256   10352616
256   10759524
256   10631148
256   9710908
256   9338468
256   10695740
256   10143132
256   11158044
256   11155420
256   9765068
256   11490328
256   10859896
256   9349356
256   10960460
256   9589928
256   9532928
256   11593876
256   10594072
256   11587336
256   10465164
256   9847248
256   11051236
256   10463660
256   11461832
256   11140976
256   10422660
256   10688796
256   11047584
256   10516732
256   10840792
256   10539588
256   11117040
256   11061424
256   10995092
256   9738452
256   11063916
256   10050368
256   10099712
256   11277004
256   11172972
256   10728312
256   10889184
256   10642056
256   11254816
256   10535312
256   9584748
256   10722892
256   11165988
256   9522156
256   10232456
256   10528080
256   11324488
256   11174588
256   9533764
256   11557012
256   10795180
256   10647088
256   10984836
256   9383516
256   11791636
256   10691256
256   10701500
256   11080016
256   9592856
256   10762144
256   11606464
256   10962756
256   11145732
256   9839932
256   11424168
256   11973404
256   10132716
256   9653924
256   11156776
256   10049588
256   10136296
256   10331540
256   11262276
256   11304912
256   10473836
256   9793676
256   11442692
256   11433260
256   10372708
256   11576584
256   10233536
256   11712160
256   11147992
256   9285120
256   11267864
256   11514416
256   11081832
256   11407048
256   10767548
256   11409848
256   11047028
256   9347920
256   10834904
256   9914352
256   9864180
256   10543708
256   10329536
256   9377644
256   11349472
256   9294504
256   11326464
256   11213712
256   10077104
256   11231200
256   10639616
256   11119524
256   11370580
256   10339420
256   11460396
256   11539032
256   10544488
256   10741996
256   11633020
256   11520872
256   10236252
256   10299844
256   10895772
256   9524816
256   10319000
256   10330516
256   10969792
256   10937924
256   10416944
256   10445836
256   10968232
256   11159416
256   10123980
256   11773772
256   10966660
256   11600688
256   11104608
256   11043780
256   11241644
256   10991608
256   9617456
256   11319704
256   9685856
256   10473840
256   10291544
256   10422332
256   10679084
256   9863892
256   9393728
256   10745772
256   11529816
256   9372188
256   11297448
256   10046600
256   11481028
256   11419688
256   9664628
256   11436736
256   11123388
256   10573936
256   11351432
256   8929816
256   11110276
256   11430624
256   9538988
256   11166284
256   10799384
256   10114628
256   11410652
256   11034332
256   10864516
256   10855704
256   10391232
256   11872952
256   11378520
256   10230228
256   11661392
256   11934952
256   10880204
256   9775100
256   11400200
256   11942516
256   11061396
256   10265920
256   11656772
256   10762068
256   10741556
256   10724000
256   10294548
256   10966528
256   11183740
256   9780864
256   11880772
256   11134276
256   9635924
256   10720616
256   9818072
256   11402096
256   10781872
256   10251620
256   10772680
256   9446508
256   11305504
256   11110948
256   11210480
256   11705636
256   10077664
256   10514092
256   11468748
256   9912836
256   11028816
256   9514204
256   11246156
256   11580652
256   9798620
256   11026384
256   10695908
256   10288712
256   11480536
256   11241688
256   9842948
256   11304188
256   9623080
256   11027472
256   11736760
256   10069616
256   11361000
256   10171464
256   11261828
256   11945992
256   11355284
256   9673804
256   9842400
256   9496028
256   11593948
256   11521128
256   11140652
256   12017276
256   10140640
256   10890896
256   11053196
256   11011912
256   11289396
256   10517836
256   11079652
256   11380468
256   9745188
256   10684888
256   11524016
256   9863800
256   10909172
256   10911548
256   10997828
256   11343796
256   10003256
256   9756212
256   11177036
256   9345488
256   11104260
256   10993724
256   10404580
256   11596260
256   10618876
256   9498564
256   10555592
256   10514876
256   11435784
256   11280508
256   9566292
256   11170136
256   10267988
256   9361832
256   10440888
256   9739796
256   11011140
256   11748216
256   9355456
256   11585884
256   10523700
256   10607744
256   11236964
256   9131260
256   11255328
256   10504004
256   11316328
256   11141272
256   10719676
256   9940384
256   10420504
256   9240660
256   11255804
256   11410500
256   10074468
256   11313444
256   10374904
256   9626224
256   11358068
256   10186676
256   9824180
256   11622128
256   10732068
256   11700008
256   10698780
256   11611172
256   11734624
256   10474388
256   9932312
256   11438432
256   10514668
256   10055232
256   10332828
256   11116536
256   11034488
256   9925468
256   11198044
256   11784452
256   11257420
256   9063488
256   10375588
256   10737720
256   11016428
256   11539848
256   10605096
256   11041176
256   9213460
256   11116240
256   11699252
256   9976116
256   11113260
256   10363332
256   11594888
256   11516324
256   10652900
256   11265588
256   10359592
256   10804164
256   11316452
256   10870236
256   11018164
256   11626964
256   9754416
256   10820652
256   10074556
256   9553372
256   11543908
256   10764604
256   11347328
256   11138264
256   10961692
256   11069680
256   11442648
256   11354104
256   11302608
256   10836684
256   11148456
256   11239640
256   10318688
256   11299812
256   10762208
256   11852844
256   10347220
256   11100724
256   9932424
256   11106016
256   10447240
256   11673356
256   11107988
256   9835612
256   10540980
256   11349152
256   11833528
256   11176728
256   9589092
256   10126352
256   10832400
256   10705700
256   11370072
256   10797624
256   10449092
256   11388356
256   11110296
256   10681552
256   10502616
256   10261884
256   11739460
256   9388652
256   10900780
256   10606220
256   10127652
256   10584308
256   11369648
256   10562028
256   11691644
256   9971612
256   10826536
256   10460436
256   11571460
256   11796680
256   9906800
256   8846744
256   11289728
256   9872588
256   9169132
256   10164460
256   9754812
256   11722868
256   11084564
256   10526992
256   11640396
256   11281836
256   11063556
256   11796064
256   10877788
256   9627628
256   10739584
256   10050312
256   11218096
256   11062720
256   9233604
256   11377684
256   9709596
256   9351504
256   11184832
256   10510216
256   11324928
256   9816836
256   9023180
256   11813528
256   9583300
256   10457576
256   11003672
256   10697764
256   11331296
256   11130964
256   9977672
256   11374720
256   10767220
256   11189156
256   11400304
256   11091164
256   9555408
256   10923208
256   9704660
256   10713076
256   11009388
256   10053508
256   11130440
256   10359408
256   11128056
256   10536240
256   9574548
256   11490072
256   10583248
256   10770856
256   11598120
256   10726040
256   10067004
256   11762888
256   9327092
256   10394352
256   11089096
256   10208040
256   11447100
256   10770212
256   12161240
256   10713348
256   11224088
256   9994892
256   10778620
256   10786048
256   10767756
256   10444340
256   11202604
256   11683456
256   9590836
256   10104648
256   11172864
256   9857248
256   9913524
256   10890744
256   9662416
256   11614112
256   10756444
256   9551796
256   11494788
256   10160280
256   11568120
256   10782044
256   11010116
256   11838636
256   9712040
256   8830584
256   10346964
256   10931840
256   10148736
256   10410368
256   9926136
256   10766796
256   10905384
256   10470300
256   11790404
256   10379344
256   9766336
256   10899796
256   9460628
256   11103408
256   10645900
256   9758788
256   11589076
256   10577292
256   9903404
256   11532468
256   11732832
256   11240740
256   10258772
256   11234468
256   11452928
256   11238776
256   11458176
256   11043552
256   10975768
256   11372708
256   10691856
256   11231216
256   11386572
256   11440944
256   9222768
256   11513160
256   10538264
256   8928880
256   11277252
256   10203728
256   10336936
256   10893792
256   10165632
256   10845880
256   10859556
256   10654800
256   11028064
256   11190436
256   11374596
256   10758564
256   9568684
256   11529820
256   11018916
256   10998912
256   10884708
256   9537172
256   11387536
256   9646808
256   9786032
256   10655016
256   10156652
256   10943812
256   11534636
256   11157344
256   11130356
256   12078524
256   9575160
256   11553432
256   11265020
256   10068528
256   11143084
256   9445796
256   9889352
256   11184328
256   10590524
256   11722688
256   11414448
256   10759476
256   11321940
256   11191988
256   11789516
256   10811660
256   10951104
256   10997296
256   10855176
256   10709332
256   10812888
256   9872184
256   9498684
256   11079324
256   11799544
256   11603176
256   9100888
256   9143684
256   10267308
256   10150392
256   10509372
256   10914196
256   11337016
256   10723924
256   10397356
256   9907296
256   11225584
256   9553800
256   9918528
256   10826660
256   11141228
256   11062540
256   10532076
256   11164852
256   10402124
256   12038964
256   11288248
256   10965780
256   11635584
256   10828884
256   9717304
256   10740316
256   10033836
256   11084060
256   10087232
256   11142588
256   9608144
256   12195400
256   11808628
256   9994380
256   11318472
256   10497756
256   10929640
256   11394112
256   11103704
256   10478796
256   11172688
256   11262448
256   11408544
256   11116152
256   10035732
256   11676708
256   11348956
256   11648536
256   10508480
256   10117628
256   10913428
256   10814832
256   9678588
256   11754608
256   10701924
256   11074768
256   10384240
256   10839560
256   11430296
256   10047012
256   10212160
256   11618164
256   10717660
256   10781952
256   11318384
256   10741060
256   11291256
256   10493820
256   10202408
256   10719528
256   10753148
256   11989052
256   11404320
256   9393000
256   11195152
256   9957568
256   11158120
256   11076836
256   9936900
256   11298404
256   10724912
256   9503712
256   11741300
256   9291328
256   10852656
256   10882840
256   10125404
256   11522208
256   11388480
256   11156524
256   11461980
256   10166832
256   10457304
256   10794036
256   9705188
256   11097932
256   11308832
256   10121680
256   11028584
256   10060872
256   9759740
256   10086664
256   10006452
256   11249416
256   11040016
256   10389224
256   11595492
256   10256788
256   9492756
256   10895968
256   10564188
256   9606904
256   10223156
256   9682836
256   11354596
256   10392348
256   11146620
256   11050576
256   11318108
256   11430688
256   10785588
256   10759792
256   11973364
256   11200480
256   11761316
256   11657436
256   10508144
256   10053628
256   9103776
256   11471904
256   11038160
256   11247544
256   10718924
256   11512000
256   11126340
256   11512200
256   11095540
256   10676704
256   11190172
256   11143900
256   9748500
256   11420172
256   10366912
256   10594372
256   11525780
256   11688432
256   9440544
256   11327028
256   9679460
256   11088360
256   10448244
256   10788864
256   11108840
256   11113188
256   9982364
256   10707084
256   10427708
256   11702020
256   10274116
256   10060228
256   11122472
256   9996472
256   11585900
256   10816048
256   11224304
256   11557560
256   10422832
256   10487060
256   10522932
256   10150468
256   10955836
256   10234220
256   10601284
256   11944908
256   10766172
256   10855604
256   11761956
256   11117352
256   10977200
256   10548176
256   9953640
256   11162024
256   10095080
256   11211516
256   10406924
256   9432656
256   11874996
256   11258280
256   10530732
256   10920080
256   9640600
256   10044500
256   11502876
256   10420728
256   11059928
256   10474004
256   9818912
256   10949520
256   10623352
256   10153308
256   10509908
256   10258424
256   11292392
256   10507332
256   10758788
256   11148540
256   11848844
256   10230400
256   9569356
256   9495096
256   9752704
256   10625196
256   10503508
256   11866964
256   11037580
256   10492144
256   11424284
256   9818300
256   10773524
256   10523084
256   11302564
256   10977784
256   10818460
256   10398896
256   11086468
256   10374584
256   9489588
256   11679212
256   11497044
256   10097772
256   11121012
256   9402184
256   11481984
256   11780420
256   10516776
256   11567004
256   12148772
256   10874268
256   12596572
256   10780504

