8   385880
55   1705116
63   2228676
63   1846280
126   4460804
256   9075800
256   8983456
197   6677088
256   8260200
256   8536292
256   8536060
256   8816316
256   8007048
256   8538324
256   8442864
256   8282756
256   8734972
256   8938616
256   8342348
256   8844964
256   8449280
256   8750080
256   8573496
256   8021972
256   8785960
256   8846044
256   8953308
256   8852168
256   8266420
256   8407528
256   8685056
256   8413432
256   8196164
256   8331840
256   8709900
256   8352064
256   8584164
256   9116176
256   11146664
256   10030036
256   10278188
256   10626752
256   10646448
256   10113976
256   11027564
256   10802596
256   11266080
256   9138684
256   10575068
256   10389176
256   9368604
256   9601648
256   11115836
256   9279344
256   9392548
256   11128612
256   10654044
256   11353200
256   9302384
256   11158400
256   8941108
256   9631436
256   11149552
256   10122636
256   9204984
256   10956204
256   9165356
256   9225104
256   10953020
256   9831664
256   10067284
256   10336464
256   9287396
256   10736528
256   10954888
256   8985508
256   10923888
256   9048124
256   10658584
256   11382212
256   11479824
256   10513140
256   10932876
256   10905948
256   9300324
256   9971880
256   10278740
256   9627364
256   10676040
256   10411844
256   10815336
256   11361216
256   9563996
256   10612748
256   10177476
256   10091664
256   11199804
256   10005808
256   10178924
256   10764304
256   9581808
256   9257580
256   10285792
256   9759116
256   10064464
256   10499616
256   10726632
256   10964048
256   10889972
256   10345584
256   11109952
256   10034392
256   10711784
256   10907012
256   10278164
256   9872900
256   10812204
256   10054416
256   11236684
256   10957708
256   9348796
256   10628876
256   10470564
256   8891172
256   10958640
256   11070692
256   10376020
256   10548128
256   9043572
256   9547196
256   10111656
256   11137020
256   10891660
256   10905888
256   9176392
256   11394520
256   9503848
256   9442964
256   9887708
256   10296068
256   10642056
256   10592488
256   8871348
256   10714976
256   9349676
256   9806808
256   10942728
256   9409748
256   10467660
256   11370192
256   10033116
256   9645076
256   11779936
256   9328500
256   9960340
256   10397508
256   10709736
256   10646728
256   9450268
256   10144780
256   10977672
256   8506928
256   9520708
256   11556344
256   10002608
256   10233288
256   10808900
256   8841168
256   11434360
256   10945016
256   10384236
256   9828148
256   10737872
256   9021388
256   11031060
256   11201084
256   10089520
256   10582120
256   9216956
256   9164960
256   10976788
256   9869620
256   10556496
256   10586272
256   11403736
256   10840056
256   10672748
256   9733356
256   10283748
256   11339880
256   9859628
256   11541836
256   9908008
256   9981572
256   11475624
256   10816788
256   10794916
256   11508460
256   10475328
256   10984748
256   10823672
256   11536804
256   10055488
256   10666408
256   10643856
256   9822432
256   9769280
256   10998960
256   11302808
256   9083396
256   8963148
256   10731484
256   9646728
256   11105964
256   10208868
256   9867924
256   11072784
256   9777732
256   9518700
256   10848000
256   8506320
256   9812232
256   10822436
256   9818532
256   10659388
256   11189940
256   9997548
256   10780456
256   10717888
256   9335092
256   10722824
256   9188224
256   9319120
256   10392764
256   11392412
256   11419720
256   10480172
256   10047340
256   11540884
256   9055532
256   10512488
256   10712780
256   9407304
256   10943540
256   11026452
256   9847752
256   11240304
256   10473960
256   10352772
256   9728124
256   10904232
256   9745908
256   11161840
256   10850000
256   10288864
256   9739700
256   11114824
256   9678096
256   9728968
256   11047576
256   10157096
256   11128576
256   9958016
256   10786380
256   10962400
256   10480220
256   9804384
256   10784296
256   11040820
256   10245160
256   11102960
256   9317268
256   9913252
256   10634576
256   8843396
256   9324724
256   10930824
256   9386652
256   10925076
256   9818296
256   10073844
256   10897520
256   10699828
256   9555388
256   10995412
256   11753392
256   11057252
256   10263808
256   9367956
256   11357392
256   9928752
256   9641116
256   11098292
256   10175196
256   9544164
256   10407744
256   9497564
256   9449640
256   10304156
256   10068612
256   11327548
256   10860664
256   9627320
256   11611948
256   10994776
256   9910060
256   11104340
256   10680832
256   8763364
256   11083440
256   9952416
256   10010924
256   9413244
256   9848804
256   11230076
256   9868764
256   9591356
256   11150196
256   10888236
256   9531872
256   10839212
256   9488724
256   9003700
256   11615960
256   9062176
256   10330044
256   10585468
256   9788908
256   11727016
256   10805500
256   9103832
256   11039192
256   10582408
256   8969184
256   11066344
256   9024676
256   9348892
256   10479152
256   9971596
256   11119340
256   10446632
256   8894920
256   11066476
256   10987668
256   10051144
256   10961480
256   10903856
256   10883464
256   11102196
256   10740488
256   9207832
256   11213704
256   10806472
256   9205956
256   10150000
256   9146192
256   11317296
256   11124832
256   9915772
256   10273476
256   9948224
256   10636492
256   10998896
256   10805660
256   9579036
256   11222156
256   10087032
256   9886440
256   10668352
256   9589236
256   10644460
256   9565188
256   10557320
256   11480784
256   11146020
256   8908296
256   10801988
256   10885136
256   9153704
256   10119852
256   9568244
256   9532692
256   10404280
256   11147108
256   10885536
256   10989580
256   9424552
256   11220064
256   10289176
256   10254796
256   10686084
256   10874980
256   8867192
256   10741472
256   9850888
256   10585828
256   10561308
256   10019408
256   10864800
256   9702288
256   9156216
256   11539280
256   9838964
256   9737132
256   11045860
256   10594920
256   10919024
256   11262812
256   11299380
256   10174884
256   10762984
256   9875856
256   10623632
256   9961956
256   9710048
256   10977888
256   10292564
256   11217068
256   11190212
256   10409400
256   11072388
256   9567952
256   10014880
256   10572412
256   10805348
256   9745168
256   10828428
256   9302708
256   9244152
256   11275756
256   10251056
256   8835268
256   10178620
256   10842816
256   11564532
256   10138092
256   11137568
256   11142044
256   10339208
256   9997332
256   11152468
256   11441468
256   10530604
256   10952032
256   9104180
256   10974704
256   10816236
256   9538076
256   11575020
256   9691840
256   10432376
256   11139536
256   9674140
256   9389256
256   10939552
256   9403136
256   9405636
256   11598296
256   10262788
256   9947240
256   11135632
256   10507572
256   10947164
256   9424396
256   10682196
256   11623596
256   9193288
256   10425848
256   10805308
256   9068936
256   11197848
256   10161256
256   10154648
256   11651516
256   9914080
256   9310564
256   10490316
256   9187356
256   10699576
256   9189932
256   9517880
256   11392076
256   10867844
256   9595944
256   11245392
256   10133572
256   9928684
256   10590132
256   10374372
256   8956476
256   9959860
256   10760768
256   10948072
256   10248488
256   10423792
256   11302988
256   11232852
256   8851204
256   10991940
256   10849616
256   10688580
256   10858804
256   10740064
256   10476136
256   11237984
256   9580320
256   9641944
256   10523972
256   9799440
256   11002292
256   11027216
256   11022544
256   11126436
256   10823188
256   9705256
256   11546608
256   9962236
256   9385912
256   10009800
256   10635664
256   10248356
256   11140596
256   10129540
256   10804444
256   10257432
256   9518624
256   11819960
256   8890048
256   9233276
256   10644696
256   9239084
256   10916348
256   10437540
256   9808080
256   10722348
256   11010492
256   11069036
256   11376296
256   9607252
256   9567296
256   10031448
256   9619464
256   10599312
256   10720916
256   10853316
256   11054328
256   10523412
256   9528352
256   10630644
256   9818032
256   9830636
256   10259108
256   10603584
256   9819772
256   10972868
256   10285288
256   9268688
256   10916348
256   11179332
256   10305276
256   11213024
256   8933924
256   10356776
256   8990452
256   9158900
256   10803216
256   10274684
256   10277296
256   11088600
256   9288872
256   10895972
256   10289208
256   10430860
256   11082584
256   10217224
256   8955548
256   10797300
256   9048176
256   9157000
256   10044668
256   10273260
256   11301988
256   10379564
256   11102172
256   10744436
256   9324352
256   10040624
256   11126636
256   9217152
256   9038920
256   11755068
256   10156140
256   10845364
256   10334888
256   9805960
256   9131852
256   10073312
256   9393904
256   11139704
256   9497632
256   10753140
256   10626832
256   10293912
256   10226448
256   10375988
256   9525072
256   8813916
256   10636440
256   9810300
256   9135244
256   10465088
256   10421316
256   10950500
256   11335088
256   9339616
256   11025008
256   10690492
256   10294760
256   11108240
256   9474084
256   9685852
256   11259172
256   9999884
256   10805400
256   11634156
256   11534080
256   9810060
256   10076028
256   9466808
256   11384064
256   10753912
256   10647892
256   10804492
256   10628228
256   9636480
256   10837164
256   10745488
256   11140812
256   11528996
256   9462064
256   9626572
256   10199420
256   9354032
256   10992516
256   10347680
256   10788504
256   10759224
256   10738792
256   10883244
256   10638424
256   10083224
256   9616988
256   10942052
256   10563452
256   11061228
256   10378512
256   9096712
256   11448440
256   10414312
256   10353472
256   10739964
256   9612064
256   10364256
256   10815480
256   10745504
256   11065104
256   10680480
256   9471280
256   10885916
256   9249168
256   9934980
256   11485876
256   10054668
256   8945112
256   10551684
256   9924880
256   11329380
256   10081844
256   10630836
256   10831264
256   9699864
256   10939812
256   11292280
256   9628256
256   10230220
256   10523260
256   9383044
256   11276204
256   10343620
256   11214484
256   11320164
256   10582404
256   9497616
256   10229672
256   10259628
256   9932180
256   9674592
256   9025384
256   11385424
256   10687196
256   9287604
256   11216252
256   10327004
256   10178976
256   10891268
256   10306112
256   9214848
256   10982736
256   10661600
256   9518144
256   9822432
256   8823952
256   11319132
256   10731160
256   10520372
256   11474036
256   10673392
256   9312348
256   10327152
256   9386540
256   10663340
256   11190268
256   11022596
256   9141528
256   10599952
256   10764036
256   10987008
256   9458724
256   10610764
256   10760668
256   10437992
256   11044804
256   10415748
256   10399576
256   10365684
256   10152364
256   10083536
256   9880832
256   10804160
256   10262472
256   10705096
256   10182032
256   9305808
256   10541424
256   10710232
256   9220016
256   10841412
256   10622376
256   11217164
256   10493100
256   10599536
256   10828040
256   9194176
256   10173964
256   11111060
256   11344336
256   9658052
256   11136784
256   11321592
256   11247636
256   11445704
256   10408224
256   11178044
256   11157408
256   10390024
256   10991288
256   9299172
256   11345032
256   11012392
256   10287628
256   10728240
256   10762264
256   10087940
256   9299716
256   10490468
256   10549856
256   9491864
256   10238248
256   11107624
256   11906196
256   11178424
256   11546468
256   11033160
256   9439060
256   10758376
256   10033548
256   9520264
256   11425172
256   10634088
256   9859824
256   11633428
256   10406192
256   10231576
256   10566284
256   9686972
256   11463284
256   9748724
256   10177192
256   11534952
256   11742620
256   10868408
256   10617828
256   9918176
256   10698040
256   10589692
256   9791464
256   11076444
256   10678904
256   8901920
256   11092188
256   9566928
256   10425536
256   10555040
256   10065400
256   11201960
256   10424568
256   9139224
256   10632312
256   10317972
256   9426872
256   10771360
256   9386496
256   10499584
256   10422128
256   11106332
256   11350440
256   9420180
256   9314784
256   10919960
256   10931556
256   9873228
256   11254220
256   9128744
256   10960860
256   10326456
256   10118176
256   11256720
256   9500864
256   10371420
256   11279736
256   11320556
256   9822000
256   10636644
256   10635132
256   10110752
256   11144840
256   10430068
256   10616148
256   10775328
256   9027216
256   10877248
256   11322988
256   9482644
256   10579520
256   9394308
256   10612312
256   9477612
256   9723440
256   9833244
256   10563884
256   11023592
256   11194996
256   9842824
256   8925480
256   11377132
256   10320848
256   9723168
256   8915280
256   10908200
256   9971916
256   10958664
256   10837880
256   11521668
256   11225244
256   9235260
256   11241272
256   9809348
256   9748100
256   11087336
256   9479120
256   9529964
256   9638688
256   10557844
256   9700428
256   11569800
256   9738368
256   11879416
256   10868812
256   11331052
256   11207292
256   9042764
256   11039888
256   11513496
256   9476072
256   10305576
256   10353928
256   9653740
256   10931744
256   9773080
256   10435204
256   10991100
256   11004832
256   9170872
256   11146380
256   9838740
256   9616268
256   10286092
256   9730324
256   10426084
256   10620580
256   10626412
256   10926540
256   10331528
256   8974460
256   11244176
256   10128732
256   10398228
256   10657908
256   10117676
256   10400948
256   10464740
256   10670136
256   10899768
256   9018256
256   11159016
256   11064232
256   11297668
256   9085832
256   10210464
256   9863180
256   10156336
256   10111964
256   11167556
256   10140620
256   11095808
256   9061968
256   11306732
256   10177172
256   9124844
256   11193756
256   9937100
256   9888588
256   10753552
256   9493608
256   8827100
256   10702324
256   9916612
256   11582392
256   9815040
256   10711364
256   10850640
256   9789996
256   9640020
256   10132984
256   10385356
256   10781580
256   10159268
256   10881220
256   11431176
256   10887532
256   8835300
256   11294180
256   10034764
256   9553004
256   11184108
256   10920668
256   11088824
256   11667640
256   9733940
256   9997308
256   10572072
256   11140788
256   9481336
256   10352260
256   9771784
256   11336108
256   9671188
256   10490948
256   11702488
256   10831076
256   10548724
256   9538996
256   11203412
256   8897700
256   11230216
256   11041156
256   11019748
256   9694096
256   10102336
256   10836060
256   10017832
256   9317292
256   10900816
256   10992508
256   10607692
256   10109616
256   9572804
256   10964272
256   10197884
256   10489612
256   11642604
256   10152004
256   9706972
256   9911592
256   10523524
256   11102968
256   10936348
256   9307832
256   11114412
256   11364056
256   10197444
256   10724068
256   9505860
256   10502028
256   10840704
256   10264388
256   10431440
256   10499052
256   9350444
256   10898236
256   11246096
256   10292384
256   11252588
256   9475196
256   9303420
256   10424392
256   9664732
256   10835904
256   10606728
256   10490072
256   11104720
256   10038148
256   9642744
256   11138936
256   11631700
256   10783088
256   10828348
256   10472412
256   9392132
256   9953392
256   9185648
256   10582136
256   10164336
256   10351248
256   10813684
256   11155484
256   9349208
256   10934584
256   9898388
256   10466424
256   9775168
256   9768944
256   9435132
256   10390240
256   10280608
256   10809256
256   10778352
256   9669408
256   11332916
256   10138612
256   10615004
256   10493812
256   10454148
256   11149656
256   11514848
256   8885396
256   9359944
256   10554788
256   10349512
256   10167336
256   10728464
256   10008816
256   11553744
256   9080860
256   10246848
256   10475632
256   10276952
256   9923112
256   11427476
256   9506948
256   9574116
256   10769812
256   9113628
256   8868256
256   10199560
256   10478580
256   10979056
256   10711892
256   10576244
256   11537008
256   10911748
256   9279372
256   11236004
256   10317408
256   10612856
256   10942368
256   11048292
256   10607740
256   11100064
256   10438400
256   10541180
256   9152708
256   10303952
256   10523440
256   11142164
256   9094092
256   11199836
256   9932344
256   9831436
256   11168580
256   9389404
256   9782508
256   10788128
256   11067228
256   10507440
256   10501864
256   9693440
256   10864588
256   9629776
256   9015288
256   11368512
256   9662228
256   10916916
256   9972344
256   9203668
256   10835888
256   9488468
256   10489992
256   10863648
256   10567668
256   10042376
256   10028400
256   9752212
256   11149084
256   11622896
256   9811464
256   11240428
256   10273136
256   10162640
256   11297584
256   10443644
256   8844112
256   9933340
256   8933168
256   9362932
256   11058968
256   10152660
256   9065048
256   10856376
256   9179456
256   11481352
256   10047748
256   9523244
256   10691184
256   11039516
256   11152668
256   11515880
256   11548060
256   9771024
256   10407428
256   10050464
256   10531744
256   10769648
256   10447200
256   10734376
256   9019408
256   10466728
256   10624220
256   9351092
256   10571948
256   11466388
256   9487908
256   9126540
256   10165068
256   11401168
256   9235928
256   9877688
256   10488528
256   10315476
256   10380576
256   10680592
256   11742760
256   9703904
256   9435288
256   10176072
256   9882036
256   11593080
256   10792452
256   10465824
256   10816152
256   9891100
256   10920456
256   11171120
256   10764220
256   9025688
256   11331956
256   10747280
256   10314768
256   10153472
256   10426840
256   11001300
256   11015636
256   9926952
256   11245164
256   10824580
256   10034536
256   10589800
256   10897700
256   10097432
256   11056856
256   11016448
256   8947016
256   10646040
256   10496216
256   11105612
256   9819728
256   10826696
256   10470208
256   9252092
256   9367008
256   10580004
256   11381080
256   11176940
256   11123092
256   9275832
256   11224904
256   10684496
256   10273448
256   11251748
256   9118548
256   9870248
256   9514340
256   10705188
256   11367708
256   11105572
256   8957276
256   10581436
256   10046176
256   10899172
256   11124184
256   10623716
256   9233840
256   10952268
256   9558332
256   11210636
256   11288472
256   9430248
256   10708932
256   10859960
256   9623728
256   11098816
256   9482112
256   10497160
256   10662380
256   9795156
256   11353228
256   10133956
256   9665144
256   10932604
256   11028008
256   9854532
256   11054396
256   10713552
256   11105856
256   10846268
256   9617092
256   11072432
256   10497900
256   8820560
256   10904008
256   11369628
256   9868524
256   11177712
256   10710568
256   11143764
256   10877548
256   10591976
256   11114388
256   10323196
256   11587772
256   11261808
256   9086204
256   9185348
256   10966264
256   10253560
256   9429548
256   9937160
256   11028744
256   10304160
256   11097592
256   10493396
256   10938956
256   10680692
256   9718272
256   11364672
256   11059996
256   11155720
256   10004580
256   10287392
256   10939720
256   10123944
256   9259852
256   10897460
256   11014572
256   8792988
256   10452056
256   9055220
256   10990356
256   11183200
256   10865212
256   11024804
256   9789428
256   9681988
256   10944896
256   9386848
256   10361260
256   10170072
256   9190016
256   8909960
256   11069816
256   9609892
256   11080140
256   10045304
256   10019924
256   10916844
256   10117160
256   9068368
256   10199456
256   9949656
256   10553528
256   11509540
256   10750596
256   11024556
256   10656544
256   10655432
256   11085700
256   9235912
256   9499948
256   10143664
256   8874556
256   11605792
256   10760388
256   10242332
256   9817312
256   11072148
256   9015300
256   11252356
256   10076956
256   10839120
256   10940916
256   9240816
256   9372612
256   11269652
256   9520828
256   10732488
256   10992852
256   11440804
256   10631316
256   10981440
256   9226828
256   11054000
256   9734604
256   10227992
256   10878892
256   10121276
256   11054540
256   10589264
256   10222312
256   9611664
256   10246692
256   11654684
256   10981456
256   10385800
256   9054860
256   10309732
256   9850156
256   10646424
256   9873844
256   10437252
256   10507432
256   11051904
256   9458928
256   10467752
256   11079548
256   9552376
256   10132272
256   10434148
256   10074864
256   10024616
256   9499024
256   11041156
256   10965104
256   10132852
256   9445384
256   11308080
256   9834904
256   9576776
256   10955668
256   10705904
256   11039584
256   10777348
256   10155908
256   10981516
256   8794172
256   10121404
256   11496804
256   9099592
256   10766980
256   9368656
256   9990672
256   9627040
256   10970928
256   10504536
256   10980784
256   10354340
256   10303836
256   11644032
256   9277420
256   10395048
256   11156788
256   10373852
256   9096924
256   10948356
256   10406736
256   10580104
256   10686904
256   11170476
256   11315024
256   9524440
256   10109632
256   11352772
256   10960568
256   9413128
256   10891912
256   10614524
256   8973784
256   11158204
256   10204576
256   10511724
256   10402868
256   9233228
256   11116064
256   8758904
256   11396324
256   10871376
256   10106208
256   10548320
256   10880948
256   10829224
256   9155728
256   10398152
256   11007756
256   11529896
256   9757608
256   9764680
256   10750244
256   9595052
256   9374304
256   10070616
256   9818280
256   11564628
256   10697764
256   10638104
256   10852932
256   9816092
256   10201420
256   10572672
256   10408164
256   9501396
256   11589004
256   10043548
256   10713832
256   10478964
256   10526124
256   10727224
256   10912236
256   10253636
256   10843580
256   10357768
256   10757172
256   11204068
256   9949780
256   11069424
256   11570808
256   11159532
256   9421292
256   10708748
256   10412908
256   11911448
256   9267788
256   9012208
256   10819528
256   9775488
256   8573548
256   11018472
256   8905220
256   10451904
256   10370016
256   9010616
256   11350940
256   10476316
256   10364668
256   11650080
256   9298800
256   11263688
256   11067768
256   10225772
256   10691204
256   9159136
256   8903792
256   10580460
256   9929408
256   9443684
256   10197080
256   9717852
256   11347216
256   10171280
256   10835332
256   10750924
256   10923516
256   9656416
256   10795104
256   10518344
256   9597664
256   11466280
256   9820348
256   9111904
256   11276400
256   11209516
256   9279080
256   10169972
256   10362276
256   10830212
256   9684360
256   9066568
256   11051788
256   9648492
256   9318120
256   11520456
256   10780716
256   10574088
256   10999188
256   11005084
256   10620620
256   10139788
256   9933404
256   11193300
256   10938084
256   9418988
256   10834452
256   10802700
256   10180440
256   11668696
256   10099020
256   10606360
256   11045688
256   10709616
256   9555672
256   10405228
256   10869224
256   11182668
256   10471588
256   10820200
256   10533896
256   9257928
256   8933340
256   10581408
256   10420360
256   9551444
256   10362684
256   9719904
256   10689124
256   10423456
256   10226532
256   11214960
256   9761544
256   8853852
256   10093532
256   9858368
256   10567104
256   11452068
256   11151024
256   10901288
256   9123040
256   9784340
256   11226516
256   9481684
256   10026504
256   10744604
256   10894300
256   11169188
256   11348852
256   9043440
256   10620084
256   10827820
256   11504812
256   11188784
256   9666968
256   9029964
256   11748700
256   9340484
256   10954016
256   10652296
256   10284968
256   10471784
256   9791724
256   11013944
256   10866000
256   10023908
256   9466668
256   11502788
256   9910132
256   10767248
256   11059940
256   10898248
256   8993192
256   10823236
256   9712152
256   11644260
256   10664296
256   9944328
256   10728744
256   9413180
256   8938364
256   10389532
256   9248352
256   9853772
256   10353168
256   9210788
256   10925532
256   10307992
256   11280736
256   10920780
256   10667560
256   9518288
256   10461176
256   9219584
256   11054112
256   10855784
256   9669604
256   11500412
256   10252612
256   10625184
256   11095364
256   9845108
256   9436428
256   9972976
256   10458064
256   11203108
256   10589668
256   9981008
256   11157140
256   10767644
256   9378128
256   10646168
256   11015032
256   9958156
256   11184644
256   9970348
256   10423140
256   10289616
256   8797004
256   9430008
256   10834324
256   11396516
256   10710708
256   10570320
256   9575056
256   11611900
256   9904572
256   11348008
256   11213432
256   10444892
256   9004248
256   10225904
256   10828960
256   11063912
256   9403344
256   9088840
256   11582940
256   9531940
256   10126496
256   11600316
256   8658224
256   10683040
256   11288920
256   10950800
256   10831952
256   11321136
256   10596396
256   11245332
256   10834044
256   9775056
256   11112104
256   9097288
256   9618488
256   10941476
256   9398212
256   10857608
256   11348500
256   9158152
256   10977564
256   10410504
256   9469852
256   10518568
256   9895280
256   9697600
256   11044732
256   9557248
256   9366080
256   11347492
256   10899636
256   11034740
256   10674268
256   11286780
256   11069464
256   9513480
256   9911268
256   10579160
256   9556752
256   10667388
256   11018912
256   10550304
256   11598384
256   9285376
256   10433564
256   11009872
256   10292296
256   9970936
256   10916248
256   10577440
256   10840428
256   11430640
256   10777480
256   11431428
256   10544096
256   9762304
256   11806928
256   10159316
256   9508560
256   10871172
256   10034276
256   9973956
256   10887096
256   9050032
256   11410592
256   11095880
256   10690996
256   11078132
256   10468584
256   10889968
256   10886420
256   9076924
256   10534068
256   10773372
256   9180592
256   10809396
256   9725740
256   9949884
256   11144168
256   10272860
256   9263060
256   10382632
256   10762068
256   11327472
256   11832572
256   10861168
256   11456768
256   11097612
256   10809476
256   11251164
256   10702780
256   10428920
256   10537896
256   9731808
256   10461668
256   9992588
256   9248728
256   10893400
256   9287248
256   10215560
256   11456904
256   10083816
256   9800592
256   9864892
256   10044528
256   11055892
256   11181884
256   10968368
256   10672196
256   9239064
256   11061852
256   10201888
256   9466804
256   11417652
256   9381188
256   9187200
256   11430744
256   10256632
256   11264948
256   11188052
256   9203968
256   9534464
256   9863116
256   10151700
256   11418368
256   11224980
256   9560660
256   10883992
256   11080564
256   9621284
256   11189728
256   11057360
256   8924988
256   10521392
256   10462372
256   11086052
256   10021636
256   9786228
256   10464628
256   9549892
256   11393364
256   11059472
256   10007716
256   10946680
256   10725592
256   9372244
256   9242552
256   10671948
256   9199660
256   9842372
256   10701104
256   9577944
256   11054336
256   10528348
256   9844312
256   11106824
256   10233028
256   9721716
256   9105348
256   10139940
256   10820912
256   10396084
256   11053268
256   11056420
256   9911824
256   11120316
256   10859208
256   10476692
256   9381012
256   11334420
256   10431844
256   10290240
256   10975332
256   9721452
256   10307332
256   11043976
256   9510432
256   10902708
256   9321960
256   10132828
256   10832464
256   9535124
256   10031168
256   11276452
256   9824796
256   9961756
256   10401868
256   10169008
256   10608040
256   11150192
256   10094864
256   11159828
256   10225632
256   10427536
256   11749864
256   11027984
256   10764544
256   10561068
256   10731328
256   11573772
256   10625224
256   9004200
256   10956512
256   9601132
256   9368788
256   11159744
256   9366992
256   9425268
256   11244240
256   10989092
256   10236364
256   11111304
256   9369924
256   11654948
256   11099852
256   9742688
256   10841500
256   10550848
256   10674460
256   9478388
256   9737764
256   10659240
256   10157248
256   9481156
256   11298852
256   9915468
256   10918412
256   10985828
256   10275856
256   9296940
256   10916564
256   10599780
256   9896328
256   10797484
256   10503780
256   11269364
256   9564976
256   10023996
256   11302036
256   10844036
256   10014816
256   10381948
256   11052260
256   10639468
256   10915128
256   9952284
256   10996400
256   10017892
256   9956204
256   11464360
256   9391776
256   9196904
256   9990204
256   11240880
256   9808508
256   9325884
256   11103376
256   11323832
256   11166012
256   9274092
256   10869656
256   11215944
256   10985584
256   11090088
256   10491900
256   10252808
256   10970780
256   9696992
256   11069460
256   9008476
256   10996168
256   11149068
256   11147872
256   10228496
256   9972668
256   9473880
256   10547840
256   9814208
256   9397228
256   10841208
256   10775024
256   10224260
256   10700844
256   10448120
256   8928196
256   11604240
256   10622992
256   9116008
256   10620224
256   10684456
256   11020004
256   9218900
256   9491828
256   10988436
256   11098972
256   9654688
256   10320124
256   11168988
256   9538888
256   11377192
256   10762940
256   9976164
256   10862064
256   10522476
256   10469664
256   10638328
256   10458300
256   11434824
256   10730352
256   9144320
256   10778672
256   9559620
256   10380044
256   10978152
256   9673040
256   10496824
256   10919544
256   9417188
256   9537712
256   10349172
256   9002884
256   10498920
256   10480144
256   9014728
256   11481756
256   8757104
256   9491888
256   10506380
256   10991488
256   9070760
256   10416444
256   11093676
256   11268532
256   10066804
256   9733140
256   10869108
256   11080168
256   9877744
256   10825504
256   9981144
256   10040812
256   10082016
256   9977316
256   11053900
256   10548184
256   10762932
256   10909732
256   10893808
256   10248532
256   10856876
256   10475524
256   10914712
256   10977496
256   10615292
256   10742328
256   11177864
256   10113336
256   9265888
256   10977192
256   9896720
256   11403784
256   10610496
256   10676508
256   10961108
256   10167924
256   10533484
256   11557516
256   10326264
256   9215308
256   10229236
256   9805492
256   10755296
256   10624100
256   10748744
256   10395820
256   9659340
256   9631652
256   10442876
256   10685252
256   10849280
256   10059440
256   9092856
256   10988756
256   9302640
256   9517800
256   11248128
256   10671924
256   10170220
256   10175888
256   9740956
256   11200308
256   11243836
256   10110104
256   11159272
256   9827888
256   10095360
256   11407796
256   10988624
256   9085420
256   11082284
256   9543296
256   10492912
256   10931820
256   10492368
256   11294288
256   9895144
256   10123032
256   10883484
256   10836184
256   9523048
256   11500016
256   9333836
256   10349308
256   10614704
256   10528148
256   9838876
256   9526092
256   9666448
256   10960964
256   10122988
256   10814500
256   11184916
256   10545540
256   9373508
256   10134576
256   9992248
256   9857624
256   10648112
256   9663228
256   11486892
256   9484608
256   11155352
256   11423292
256   10701712
256   10069520
256   10950620
256   9153500
256   10906340
256   9858956
256   9439984
256   11119964
256   9118436
256   10423276
256   10505832
256   9960124
256   9191200
256   11321820
256   9692444
256   10015900
256   10894772
256   10544904
256   9641564
256   11189956
256   9492944
256   10551816
256   10919700
256   10469128
256   11227492
256   10223172
256   10260664
256   9574892
256   9523364
256   10268700
256   10331612
256   9894564
256   10474144
256   10823884
256   10037472
256   10925140
256   10768840
256   10746536
256   11562964
256   9946280
256   8963208
256   11099008
256   10858488
256   10086180
256   10983336
256   10399496
256   10637480
256   10757624
256   10273688
256   11012804
256   9578696
256   9911708
256   10517508
256   10025572
256   8919072
256   10979056
256   9763052
256   11092740
256   10649468
256   10922116
256   10815700
256   11153644
256   8879220
256   11415752
256   9319204
256   9539792
256   9545496
256   10481332
256   11089108
256   10830408
256   9805092
256   11945380
256   10403416
256   9001396
256   10983308
256   11204088
256   10307624
256   10655492
256   10483072
256   10728956
256   10756932
256   10372420
256   10437860
256   10389620
256   11262428
256   10432788
256   8975040
256   9688364
256   10388800
256   10013572
256   10313660
256   10323340
256   10235080
256   10682136
256   9910024
256   9401696
256   11158576
256   11203816
256   9406124
256   11238232
256   10355984
256   9973264
256   11715200
256   10414344
256   10916236
256   10022120
256   10074672
256   11304136
256   10263348
256   10256092
256   10065456
256   9378972
256   10977548
256   9492468
256   10414652
256   11029916
256   10726212
256   11015516
256   10612000
256   10699236
256   10006776
256   10947296
256   12009244
256   9395984
256   11357164
256   9605248
256   10885488
256   10816296
256   9365420
256   11353076
256   9928616
256   9723932
256   11059712
256   10586956
256   10053624
256   10300244
256   10772276
256   9062520
256   10759436
256   9165412
256   10415720
256   11428216
256   10005932
256   10971164
256   10550380
256   10090528
256   11317708
256   10636344
256   11067996
256   10556492
256   9231056
256   11008276
256   9597280
256   9443164
256   10858048
256   11214964
256   10754988
256   11011304
256   9218480
256   10230208
256   11046172
256   9225432
256   11213424
256   10024568
256   9378604
256   10997504
256   10085272
256   8776152
256   10855892
256   10046532
256   9255880
256   10928708
256   10487304
256   11157336
256   10308112
256   10289696
256   11061248
256   10542924
256   8599740
256   10644460
256   11323072
256   10283336
256   10583460
256   10745988
256   11275688
256   10507132
256   9814028
256   11310344
256   9490440
256   8639136
256   10577448
256   8881400
256   10535140
256   11311032
256   10037552
256   9780380
256   10278636
256   10329668
256   10438960
256   10347548
256   11522164
256   11647580
256   10113988
256   9169436
256   11173440
256   9004768
256   10335888
256   9792720
256   9861632
256   9596260
256   10868120
256   8968164
256   11598536
256   10230416
256   10435392
256   11620996
256   10581728
256   10705632
256   11314812
256   10451708
256   11005516
256   10435936
256   10138124
256   10678472
256   10811596
256   9740576
256   11225704
256   10635856
256   10913712
256   11301280
256   9735536
256   9420524
256   11509412
256   10255488
256   9966248
256   10557020
256   10597544
256   10147056
256   11618992
256   10512988
256   10728604
256   10351300
256   10552484
256   10928904
256   9308016
256   9321672
256   10149448
256   10898656
256   11026756
256   10349192
256   9334956
256   10643300
256   10402660
256   11102556
256   10064972
256   11108456
256   11185840
256   10475188
256   8793500
256   10829052
256   9070796
256   10876868
256   11594980
256   9348084
256   10770796
256   10102864
256   10249216
256   11555848
256   11395744
256   10500060
256   11780524
256   11100728
256   10148604
256   11412212
256   10771672
256   11108048
256   10105944
256   10334796
256   10982576
256   10442768
256   9482376
256   10805896
256   11125860
256   9944040
256   10812936
256   8799756
256   8886260
256   10747844
256   10494132
256   9381268
256   10748084
256   10700384
256   11060872
256   8722896
256   11005600
256   11045960
256   9285700
256   10656604
256   9979520
256   9875348
256   11131504
256   10983680
256   9072124
256   11274560
256   9482916
256   9514096
256   10753036
256   11031512
256   11155856
256   10185960
256   9133352
256   11001048
256   9719480
256   11262956
256   10519468
256   11176784
256   11359200
256   11211032
256   11540300
256   9394044
256   9930960
256   10615780
256   9574492
256   10762984
256   9443216
256   11294324
256   8603844
256   10351100
256   11943044
256   10584088
256   9841560
256   10860440
256   9742024
256   10905344
256   10260492
256   9293344
256   10471308
256   10737916
256   10701212
256   11562776
256   8793680
256   9184188
256   11376484
256   9251912
256   10485244
256   10898820
256   10687712
256   10589668
256   10963736
256   9619516
256   10922828
256   11069856
256   10128184
256   10900488
256   9674904
256   9662784
256   9655008
256   10019632
256   10905600
256   10129204
256   10095864
256   11448908
256   9387548
256   9558504
256   10591492
256   10010100
256   9301920
256   10372972
256   10818388
256   10001380
256   9710092
256   11187300
256   11216528
256   10260872
256   9385132
256   10924140
256   9377408
256   9329516
256   10811432
256   10085624
256   9880924
256   10155900
256   10209784
256   10844420
256   10442092
256   10883220
256   10575364
256   10211876
256   10454668
256   11131004
256   10016612
256   9601424
256   10990376
256   10070968
256   9804800
256   10251592
256   10167260
256   8990468
256   10004344
256   9853164
256   10779284
256   11076164
256   10485128
256   10996156
256   10172808
256   10412660
256   11040272
256   10645000
256   10413448
256   10963684
256   10055332
256   9918096
256   10905204
256   9087352
256   10874748
256   11091940
256   10755708
256   10955476
256   10575900
256   10736584
256   11582852
256   10526920
256   10238040
256   11250960
256   10389900
256   10237432
256   10190820
256   11110652
256   11072584
256   10197284
256   9792596
256   11168484
256   9614808
256   9894412
256   10424364
256   9213228
256   10683500
256   10388740
256   9360548
256   11112708
256   10528684
256   9201952
256   11062092
256   11539824
256   10520816
256   10462500
256   10495544
256   11069312
256   9916704
256   9277928
256   11324360
256   10088040
256   10342128
256   9789628
256   10859836
256   10906868
256   11095448
256   9846348
256   10590504
256   10998316
256   9969616
256   10545984
256   10810964
256   10555576
256   10847184
256   10549368
256   9292688
256   10686844
256   9549360
256   10704356
256   10347260
256   11168512
256   10817428
256   9941468
256   9996172
256   11640248
256   9737680
256   9205744
256   10696904
256   9439420
256   10921472
256   10732452
256   10164560
256   10467816
256   10509184
256   9542164
256   10837448
256   10272380
256   10290308
256   10688720
256   10991904
256   10823892
256   10218548
256   10905188
256   10962420
256   9806968
256   9313588
256   11278480
256   9449708
256   8892176
256   9690920
256   9342472
256   10580768
256   10850160
256   10113604
256   11398748
256   10245896
256   9272924
256   10624148
256   8958632
256   8685920
256   11094144
256   10507008
256   9642244
256   11524680
256   10352932
256   10750296
256   10589852
256   11035996
256   10880976
256   10829884
256   9214644
256   11007372
256   8956088
256   10398124
256   10693492
256   9638548
256   11227024
256   10057384
256   9710760
256   9030540
256   10394544
256   10908532
256   11291720
256   10956036
256   11289832
256   11203540
256   10214140
256   10770712
256   10886204
256   9551240
256   9608588
256   10778032
256   10548772
256   11017280
256   10888112
256   9123460
256   10550816
256   9220428
256   9390164
256   10811248
256   9832596
256   9353408
256   10585000
256   9754244
256   9598380
256   9643048
256   9766204
256   10258108
256   10090400
256   9916204
256   10770812
256   10075676
256   9968904
256   10656316
256   10308712
256   8718708
256   10640036
256   9220516
256   11436368
256   10785568
256   9488684
256   10307164
256   9463168
256   9337136
256   11667692
256   9143896
256   9212784
256   10966656
256   10826272
256   10353300
256   11208936
256   10680492
256   9677088
256   10715324
256   9869672
256   9652928
256   10707948
256   10038980
256   11290952
256   10389400
256   9495828
256   11560904
256   11685708
256   10765752
256   10865568
256   10253384
256   9852300
256   10999972
256   10381184
256   10681152
256   10515040
256   10110644
256   10460768
256   9979272
256   10511844
256   11068848
256   10066764
256   11508168
256   10859724
256   11049084
256   9348844
256   10793520
256   10639448
256   9460220
256   10948524
256   9758156
256   9919960
256   11553752
256   8704444
256   10834328
256   9800560
256   10563536
256   10900400
256   9891224
256   10814240
256   10138648
256   9977920
256   11769408
256   10514964
256   9882596
256   10260796
256   9072000
256   10099052
256   10144684
256   9716324
256   10891680
256   10447528
256   10157060
256   11378988
256   10145272
256   9687536
256   11364380
256   9336508
256   10056240
256   11313108
256   9662148
256   9742148
256   10227288
256   9250532
256   11038672
256   11697376
256   10243140
256   10179068
256   10216640
256   9955564
256   11174812
256   10137624
256   11159056
256   11041152
256   10407848
256   10943304
256   10727916
256   9226720
256   9804180
256   11257384
256   9476524
256   9557460
256   10526604
256   9307952
256   9972260
256   11221312
256   11056768
256   11021588
256   10355200
256   9359724
256   10816616
256   10367928
256   9717384
256   10752640
256   9447908
256   10758364
256   10884368
256   10119640
256   11073748
256   10077688
256   10144276
256   11771288
256   9776172
256   9308968
256   11417276
256   10132804
256   10877620
256   10958756
256   11083892
256   9485388
256   10313864
256   9139988
256   11133768
256   11304312
256   10582984
256   10943848
256   10961352
256   9531004
256   11399236
256   9799516
256   9085124
256   10126412
256   10711592
256   11121092
256   10207368
256   10900180
256   11073720
256   10956624
256   10931088
256   11225244
256   10236428
256   10882956
256   11168664
256   9652296
256   11146936
256   10503328
256   10920140
256   11256916
256   11093196
256   10634360
256   10988296
256   10753520
256   11519484
256   10149348
256   10603544
256   11653368
256   11281940
256   10239816
256   10961104
256   11134608
256   10212672
256   9752264
256   9273980
256   11095324
256   10682772
256   10526956
256   10526244
256   9799616
256   8832596
256   10008512
256   10764776
256   11388184
256   11215420
256   11090576
256   11895736
256   10045468
256   9591364
256   10598856
256   9326348
256   11023344
256   9747136
256   8980436
256   11109968
256   9143100
256   10244776
256   10547940
256   10144456
256   11308376
256   10960964
256   11080552
256   11067184
256   10877512
256   9742412
256   11282652
256   10696224
256   10859880
256   11481000
256   10099712
256   10359200
256   10645168
256   9158872
256   10678820
256   10484568
256   9121444
256   11458832
256   11284328
256   9670076
256   10806448
256   10063996
256   11074444
256   10396164
256   10755108
256   10691936
256   10720600
256   9247624
256   11096816
256   10814340
256   8957488
256   10576396
256   10258564
256   10574492
256   10436784
256   9229856
256   11510968
256   9456556
256   9177276
256   11974468
256   9571996
256   9875764
256   10723860
256   9399248
256   11045852
256   9996360
256   8922380
256   11087744
256   10427068
256   9773964
256   10769524
256   11073344
256   9503948
256   10819640
256   10836640
256   11062576
256   11268144
256   9576360
256   10810160
256   10230220
256   10616876
256   10933740
256   8922792
256   9065200
256   10909096
256   9086880
256   10529640
256   10896500
256   9446452
256   11624712
256   10536192
256   9158680
256   11085244
256   10804864
256   9219524
256   11193080
256   10354744
256   9719496
256   11011096
256   10710436
256   9767084
256   11278332
256   10844316
256   11323796
256   10231732
256   9391908
256   11289332
256   11379628
256   9527512
256   11222700
256   10292896
256   8729904
256   10378544
256   9738164
256   10741688
256   10031400
256   10936232
256   11017812
256   9540504
256   9753416
256   10668228
256   11339376
256   9672380
256   10073692
256   10449304
256   10633584
256   10464888
256   10520664
256   10697836
256   9774984
256   10282228
256   11067208
256   10675824
256   9737460
256   10555220
256   10928836
256   10777444
256   10525916
256   10392340
256   10997660
256   10990464
256   11164692
256   10807316
256   10802120
256   10012712
256   11428184
256   9439012
256   9970168
256   10317388
256   10076536
256   10898124
256   10792924
256   9578124
256   11490124
256   10923556
256   10173756
256   10977224
256   9731112
256   10008756
256   11054032
256   9251804
256   11055004
256   10941696
256   11493028
256   10947848
256   9599440
256   9570872
256   10414964
256   10819832
256   11384288
256   10039968
256   10905540
256   11037104
256   10101928
256   10945724
256   11534256
256   10739228
256   8830688
256   9707456
256   10901656
256   10952652
256   10854364
256   10348356
256   11317008
256   10330888
256   9284192
256   11153604
256   9531892
256   8812000
256   10462948
256   9339740
256   10946044
256   9977616
256   10845496
256   10845396
256   10494740
256   9989608
256   11061264
256   9882504
256   10580492
256   10459836
256   9544108
256   11370724
256   10360784
256   9305576
256   11039784
256   11175384
256   9185012
256   10867968
256   10023420
256   11199920
256   10372984
256   10009424
256   11176440
256   10909100
256   9825132
256   11800188
256   9464324
256   9519120
256   10805276
256   9232248
256   10146216
256   10546180
256   9357796
256   11121648
256   10863976
256   8923052
256   11141676
256   9871928
256   10831228
256   11443864
256   11296160
256   9206596
256   11631652
256   9967836
256   10822212
256   10269940
256   10507740
256   10960612
256   9549420
256   10517852
256   11090824
256   10110788
256   10005524
256   11206896
256   9256716
256   10586464
256   10633680
256   10648340
256   11002968
256   10533328
256   10426924
256   11065244
256   10514136
256   9586152
256   10797492
256   10913520
256   11242220
256   10640996
256   9410776
256   10693304
256   9626616
256   9037224
256   10875292
256   10710876
256   9902848
256   10346740
256   9422984
256   10706660
256   10052624
256   10484660
256   10365748
256   10381464
256   9944028
256   11313248
256   10713812
256   9884484
256   10478096
256   9848992
256   10949268
256   10981852
256   9832768
256   10937448
256   10575428
256   9479420
256   10622056
256   10242428
256   8928716
256   11151028
256   11010856
256   9541560
256   9676892
256   11216316
256   9673896
256   10047904
256   9229020
256   11688012
256   12285864
256   9288580
256   11056184
256   10602900
256   11215032
256   10633100
256   9920448
256   9616620
256   10098524
256   10761064
256   10845376
256   10811540
256   9308924
256   10998712
256   10765528
256   10509460
256   10491028
256   10236368
256   9568492
256   10406032
256   9489128
256   10607208
256   10902288
256   9080808
256   9790692
256   10614644
256   11085992
256   11092268
256   9490872
256   9572416
256   11061116
256   9423740
256   11171956
256   10848324
256   10988900
256   10882004
256   10300856
256   8573588
256   10650848
256   10478028
256   9618716
256   11058980
256   10473664
256   10665764
256   10382868
256   10028096
256   11598360
256   10831792
256   9256704
256   10732504
256   11000432
256   9899116
256   10818556
256   9470472
256   9168908
256   10701968
256   10716936
256   9052196
256   10442572
256   10280548
256   10594808
256   10292244
256   11448192
256   10860992
256   8896564
256   11196888
256   10928852
256   8870480
256   9918276
256   10846532
256   9866156
256   10969052
256   10716436
256   9924588
256   10335580
256   9806088
256   10536572
256   10800808
256   9831620
256   10426152
256   9889756
256   9746572
256   10868628
256   9211232
256   9521976
256   10767912
256   10713876
256   8864624
256   11272524
256   11802688
256   10206684
256   10810384
256   10506416
256   10657796
256   10869748
256   9660628
256   8956776
256   10127540
256   9524312
256   10962688
256   10340940
256   9970756
256   11102716
256   9368296
256   9097424
256   10966596
256   11537076
256   10809776
256   10196148
256   10557008
256   9117412
256   10423820
256   9895772
256   8793700
256   10364568
256   9193424
256   11280760
256   10420372
256   9412676
256   10678864
256   9871184
256   10640920
256   10510904
256   9552736
256   9111380
256   11099160
256   10171112
256   10925528
256   10764752
256   11300044
256   10577776
256   9711932
256   9062228
256   11022224
256   10048796
256   9456428
256   10980980
256   10801796
256   9638136
256   10381356
256   9670260
256   9194148
256   10654824
256   9450564
256   11017020
256   10313528
256   11203380
256   10725020
256   10799952
256   9365104
256   11079260
256   10202824
256   9876756
256   11158232
256   9494124
256   11018412
256   10883228
256   10197512
256   11448268
256   11045632
256   9926616
256   11328964
256   10879072
256   10361888
256   11070400
256   10297044
256   9367228
256   10684864
256   11261104
256   8865700
256   10369988
256   11072004
256   11717084
256   9898632
256   10481388
256   10625652
256   10717824
256   10012012
256   10989492
256   9601856
256   9211496
256   10375648
256   10494412
256   10835480
256   9624904
256   10676636
256   11286124
256   10652300
256   9631072
256   10482768
256   9359164
256   10843848
256   9283648
256   9911028
256   11348456
256   10864520
256   9622244
256   11049864
256   10769780
256   9088000
256   11735284
256   10438076
256   10779404
256   10735416
256   9432312
256   11347464
256   9536864
256   9358640
256   10609636
256   11373888
256   9977520
256   10076536
256   10376196
256   10605208
256   10991476
256   10160308
256   11431048
256   11020028
256   10140996
256   11126720
256   10343896
256   11194856
256   10949572
256   10569680
256   10416400
256   10816392
256   10576148
256   11550300
256   10138324
256   10200196
256   10772952
256   10270796
256   9135772
256   11050452
256   9223408
256   9615016
256   10371196
256   10489452
256   9582364
256   9920652
256   9329748
256   10823652
256   10604576
256   10314692
256   11223972
256   10000780
256   9167532
256   10414780
256   10186732
256   11136308
256   10279232
256   9117188
256   10483020
256   10612624
256   9723924
256   11305560
256   9746144
256   11095148
256   10584176
256   10950852
256   11086012
256   10870656
256   9982420
256   10901612
256   10697776
256   10494552
256   10730620
256   9212744
256   9915544
256   10714600
256   10050176
256   10920088
256   11255968
256   10354264
256   11473384
256   10516988
256   9195280
256   11436716
256   11438124
256   10105628
256   11309604
256   10952672
256   8983556
256   10258820
256   10516308
256   11145176
256   10303068
256   10859648
256   10837260
256   9984156
256   9476888
256   10319220
256   10651172
256   9765440
256   9817564
256   10850612
256   11053872
256   10846092
256   10812748
256   11727488
256   10744252
256   9782716
256   10355160
256   11089464
256   10990420
256   9810488
256   9091012
256   10728304
256   9928508
256   9584404
256   11234792
256   10650848
256   9116776
256   10506640
256   10457324
256   10770812
256   9932080
256   9667476
256   10596780
256   11339124
256   9244144
256   11167488
256   9199568
256   10779220
256   9844876
256   10464308
256   11120840
256   10028988
256   10726400
256   10852572
256   9584376
256   10121892
256   11035116
256   11504716
256   10955804
256   10291432
256   10621644
256   11342804
256   11212468
256   9487676
256   10919024
256   9854564
256   9858848
256   11264624
256   10202604
256   9166560
256   11144388
256   9929988
256   10924244
256   10581192
256   9820328
256   11616968
256   10423728
256   10342784
256   11056832
256   10179392
256   9633768
256   11468136
256   10229892
256   9407628
256   10828968
256   9074340
256   11151200
256   10437692
256   9863744
256   10945968
256   9263996
256   9527136
256   9692208
256   10676732
256   10917528
256   11036356
256   9417336
256   11043544
256   10121264
256   8753368
256   10684184
256   9544572
256   9358156
256   9841860
256   9992428
256   10967196
256   10463796
256   11306124
256   11064740
256   10593300
256   10538412
256   10687492
256   10028648
256   9796120
256   10349068
256   11242688
256   9246476
256   10408780
256   11593780
256   8847820
256   10683712
256   9683480
256   11346152
256   10422004
256   9654368
256   11364916
256   9285064
256   10716872
256   11379304
256   10387888
256   9113416
256   11247256
256   9822384
256   9658936
256   9885456
256   9439444
256   10941664
256   10520840
256   9185776
256   10310304
256   10808936
256   10364436
256   11166488
256   8947440
256   10010312
256   10658884
256   10029360
256   11024588
256   11211372
256   11050804
256   10760656
256   11228572
256   9929684
256   11056900
256   9728808
256   10241924
256   10400156
256   10243088
256   11219328
256   10958796
256   9921204
256   11444336
256   11266084
256   10519700
256   10800564
256   9021136
256   10093252
256   10902540
256   10125344
256   8989080
256   11072780
256   9466644
256   11416240
256   10914124
256   10097136
256   11128672
256   10435548
256   10335068
256   10982040
256   10929572
256   10932272
256   11420372
256   9734020
256   10874712
256   10552684
256   9782908
256   10859656
256   10558308
256   10720484
256   9651004
256   10786328
256   9213040
256   11021556
256   10366556
256   11163236
256   10844228
256   9033956
256   10983784
256   9591588
256   9234784
256   11169516
256   9514976
256   9044484
256   10755704
256   9450120
256   11010840
256   10863060
256   9589712
256   11557048
256   9435036
256   10019080
256   11196172
256   9472516
256   11420524
256   10246088
256   9833260
256   11173196
256   11194536
256   9546924
256   11316568
256   10459620
256   11446468
256   10910488
256   10712896
256   10280004
256   10995876
256   10085856
256   9862472
256   10449448
256   10735364
256   11329572
256   11415660
256   10484892
256   10808148
256   10493788
256   9303136
256   11250384
256   9745008
256   9452916
256   10310968
256   10076092
256   10912836
256   9555320
256   9561604
256   10851516
256   9783532
256   9553808
256   10617712
256   9715948
256   10614212
256   10864816
256   8681336
256   11061008
256   9301244
256   9300736
256   11487784
256   9855740
256   10614592
256   10867448
256   10927812
256   10681508
256   11004132
256   9393740
256   11239088
256   10423576
256   10383032
256   11387312
256   10232092
256   9563300
256   10882816
256   9240304
256   9972132
256   10969908
256   9308444
256   10009948
256   10500036
256   10449308
256   11107880
256   10464056
256   10349212
256   10812396
256   11240612
256   10324444
256   10972656
256   10607572
256   9606664
256   11250952
256   10330948
256   10831748
256   10685948
256   10237992
256   11201064
256   10475292
256   9665728
256   10767128
256   10652048
256   9480108
256   10758268
256   9880236
256   9016564
256   10707848
256   10431112
256   10938700
256   11430680
256   10445684
256   11093616
256   10575604
256   10247932
256   9749368
256   11005236
256   11137240
256   11089588
256   10930844
256   11079180
256   10588860
256   9616924
256   11387508
256   10367652
256   10178680
256   10548708
256   9695272
256   11659068
256   11155124
256   11194388
256   11757048
256   10166632
256   11189752
256   15476748

