8   284960
55   1839304
256   8562984
256   8822904
256   8379420
193   6588228
256   8608928
256   9003156
256   8535992
256   8718340
256   9199288
256   8576668
256   8616144
256   8848864
256   8375860
256   8738392
256   8501396
256   8371704
256   8610248
256   8914512
256   8470968
256   8607868
256   8442828
256   8718168
256   8358392
256   8836696
256   8524704
256   8935420
256   8529528
256   8308976
256   8199944
256   8836700
256   8597880
256   9024424
256   8864124
256   8315024
256   9074136
256   11383128
256   10870452
256   11068796
256   9335720
256   11245812
256   9443408
256   10584924
256   11206144
256   11256688
256   9024464
256   10228356
256   10930840
256   11138796
256   9329732
256   9241752
256   11061808
256   10987716
256   9569368
256   10762896
256   10780784
256   9904716
256   10388844
256   11054392
256   10019024
256   9819808
256   10520976
256   10931188
256   9401560
256   11004204
256   10939308
256   10119500
256   11341992
256   10837920
256   9824996
256   10820592
256   11151608
256   10052648
256   11218280
256   10789500
256   11293208
256   11367484
256   9915304
256   9568808
256   11709140
256   9907680
256   10793076
256   11003696
256   10428356
256   9826576
256   11391648
256   10115896
256   9799084
256   11055340
256   11131004
256   10270336
256   11120432
256   10148848
256   10620776
256   9822392
256   10442976
256   9101724
256   11058768
256   9332660
256   9777868
256   11206660
256   10326176
256   11277996
256   11459472
256   10418868
256   11499336
256   11036584
256   10315088
256   11103276
256   9971652
256   10251184
256   11350148
256   11002200
256   10634500
256   10948416
256   10259544
256   9446040
256   10087216
256   11233472
256   10488396
256   11440488
256   9811592
256   9712456
256   11114388
256   9798520
256   10229484
256   11086856
256   9447332
256   10191548
256   10323444
256   9363024
256   9430544
256   11248664
256   10440440
256   11485376
256   11212348
256   9485368
256   9524016
256   10104088
256   11377224
256   11469336
256   10792072
256   10205784
256   10467776
256   11571756
256   11176900
256   10864328
256   11477728
256   9646312
256   11913244
256   9342492
256   11583324
256   11350684
256   11407204
256   9726376
256   10979132
256   10523748
256   10895932
256   11307656
256   10771472
256   9611456
256   10998068
256   10269828
256   11253368
256   11242216
256   11501016
256   9251084
256   11517616
256   11694276
256   9412312
256   10921896
256   11421296
256   10192412
256   10704924
256   10160548
256   10820500
256   10934644
256   9736880
256   10364920
256   10393120
256   9862752
256   10999668
256   11362616
256   11266628
256   10969584
256   9472096
256   10560528
256   11144388
256   9793448
256   10812108
256   11096752
256   10668476
256   9088164
256   11066112
256   10183280
256   9198224
256   11069196
256   11275304
256   11174180
256   11322176
256   11004500
256   10996584
256   11621132
256   10870348
256   10600104
256   10357232
256   9447420
256   11705316
256   10300372
256   10640252
256   11408208
256   10751876
256   10863724
256   11335944
256   11098020
256   9691652
256   11197440
256   9573508
256   9088888
256   10987416
256   10569372
256   10958040
256   10920492
256   10792876
256   9711600
256   10511552
256   10343132
256   9877512
256   10619232
256   10541592
256   10990988
256   11240524
256   8994392
256   10938512
256   10737200
256   9392748
256   11472180
256   10168476
256   9647712
256   11239000
256   10076060
256   9739372
256   11187104
256   9987296
256   10037796
256   11365100
256   10313284
256   9914536
256   10603360
256   11070984
256   10120548
256   10814644
256   11266984
256   10759580
256   11194212
256   10572044
256   9327280
256   11109904
256   10068168
256   9733340
256   10204836
256   10839960
256   10626080
256   11441688
256   9704260
256   10861668
256   11409144
256   11481336
256   10785396
256   11132564
256   10483832
256   11703284
256   11189876
256   10465644
256   10334640
256   11306788
256   10419220
256   11574380
256   10762840
256   11016000
256   10975276
256   11259064
256   9851012
256   9585768
256   11012056
256   11119736
256   9777204
256   11012916
256   10159156
256   9069764
256   11128568
256   9931588
256   10075020
256   11181084
256   9804480
256   10261908
256   10605948
256   9903148
256   10832900
256   10110008
256   9098044
256   11430340
256   10260756
256   10143412
256   11958108
256   11213940
256   9088500
256   10657836
256   9954868
256   11029596
256   10188164
256   11127000
256   9543052
256   10341200
256   11015848
256   9637308
256   10795704
256   10207660
256   10491740
256   10184820
256   10687940
256   9768296
256   9613160
256   11311900
256   9669576
256   11166364
256   11279360
256   10483188
256   10851592
256   9832708
256   11035004
256   9806308
256   11603676
256   10058672
256   10568168
256   9767544
256   11153476
256   10569252
256   9552952
256   11096468
256   10284036
256   10884148
256   11651456
256   10752644
256   11513728
256   11094320
256   10524428
256   10072444
256   11173220
256   10483336
256   11318052
256   10923956
256   9666996
256   9636724
256   11439000
256   9296296
256   9986984
256   10695468
256   9847252
256   9009500
256   11216712
256   11417176
256   9646496
256   11229240
256   10404180
256   9275956
256   11178960
256   10759160
256   9757936
256   10835244
256   10702276
256   11679844
256   10388812
256   10779884
256   11466348
256   9262844
256   9832696
256   10332088
256   10682840
256   10116224
256   10861536
256   9651536
256   10362652
256   10875000
256   9917188
256   9682788
256   10734040
256   9939428
256   11254328
256   11362540
256   9984688
256   11593704
256   10230664
256   9565712
256   10473720
256   11072896
256   11275764
256   11528828
256   10363000
256   11303740
256   9492916
256   9288004
256   10922140
256   10556644
256   10488988
256   10875952
256   11161432
256   9705120
256   10667808
256   11390812
256   10291200
256   10872664
256   11071720
256   11458936
256   10904856
256   10792024
256   11556688
256   9643816
256   9540752
256   11534184
256   9896156
256   9145188
256   11122888
256   10105708
256   10856444
256   10324788
256   10190580
256   11294252
256   10919484
256   10714240
256   11607280
256   9681976
256   10495216
256   10787832
256   9096024
256   11332204
256   11097648
256   9495736
256   11325276
256   10643696
256   9821820
256   10762948
256   10545328
256   10953200
256   10752700
256   11620396
256   11164148
256   11253840
256   10600512
256   11877580
256   11142568
256   9587300
256   11289504
256   10912220
256   9591180
256   10432164
256   10021300
256   11417108
256   10775932
256   9320116
256   11325104
256   11067412
256   9598740
256   10988896
256   9984356
256   9661396
256   11196816
256   10051200
256   11347532
256   10956020
256   11235796
256   11088328
256   9507584
256   10755156
256   10494968
256   10111308
256   11155772
256   10602796
256   10717836
256   11534148
256   10731332
256   10765860
256   11004464
256   9478756
256   10118280
256   10272572
256   10418980
256   11246940
256   10566360
256   10461696
256   11372068
256   10754372
256   10740872
256   11387992
256   10397928
256   11163580
256   11054444
256   9715136
256   9224264
256   10287372
256   9599272
256   11355336
256   11092784
256   9431896
256   10500560
256   10622512
256   9684740
256   10463332
256   10865944
256   9136492
256   10986232
256   10104832
256   10743856
256   10643712
256   10527212
256   11001532
256   11412764
256   11019696
256   9955252
256   10525116
256   9161788
256   10525044
256   9385936
256   11059748
256   10181888
256   9646920
256   11193592
256   9283672
256   10931752
256   11386548
256   9987240
256   10828428
256   10845184
256   11073508
256   9365192
256   10165780
256   11172872
256   10987648
256   11023240
256   10854908
256   11183016
256   11019524
256   9594996
256   11518648
256   9415840
256   9763072
256   11244120
256   11912416
256   10407792
256   10677896
256   9887072
256   11000840
256   9965208
256   10006636
256   11211156
256   9376980
256   9831896
256   10641116
256   10989104
256   9363132
256   11206564
256   10052860
256   10981828
256   10735200
256   10517544
256   11903568
256   9754176
256   10362332
256   11303336
256   10820468
256   10461564
256   10400872
256   9295288
256   11341152
256   10008688
256   10784628
256   11666164
256   10891928
256   9603272
256   10938252
256   9985592
256   10930304
256   11368896
256   9832504
256   9597776
256   10738192
256   10908472
256   10469812
256   10352584
256   9552508
256   11237844
256   9818140
256   9924652
256   11130988
256   9130608
256   11201712
256   11623160
256   9649616
256   10937412
256   11093552
256   10186408
256   10793040
256   10861232
256   10779632
256   11572596
256   10914296
256   9629892
256   10454616
256   10754744
256   9477932
256   10946352
256   9294308
256   11514012
256   10579440
256   10842484
256   11052640
256   11294940
256   10083740
256   11289884
256   9423028
256   10655556
256   11339308
256   10158028
256   10947996
256   10728608
256   10012324
256   11076820
256   11311052
256   10757820
256   11186516
256   9396048
256   10717232
256   10896044
256   10350672
256   11184980
256   11502096
256   9749448
256   10593180
256   10751496
256   11464512
256   11406840
256   11101344
256   10576024
256   11063380
256   9980196
256   10284504
256   11137732
256   10636716
256   11034316
256   11074592
256   10576796
256   11430436
256   11137088
256   9454104
256   10508412
256   10955380
256   9272896
256   11007820
256   10417872
256   11591936
256   10996880
256   11497120
256   11224656
256   10610796
256   9167268
256   10568668
256   11030868
256   11670608
256   10856088
256   11011052
256   11178004
256   9244436
256   9430212
256   10372144
256   10956244
256   11276828
256   11044648
256   10926496
256   10977260
256   9941608
256   9522664
256   11262492
256   11146176
256   10247460
256   10729128
256   10390072
256   11414692
256   9662384
256   9361132
256   11073928
256   10636632
256   10565616
256   10546352
256   10284776
256   10943620
256   9891588
256   9495084
256   11611796
256   10612588
256   10183340
256   11520044
256   10709860
256   9376132
256   10705340
256   10377132
256   11887668
256   11404944
256   10016496
256   11292348
256   11053840
256   10819912
256   10703680
256   10856816
256   10084156
256   10966752
256   10593452
256   11126328
256   10773548
256   9432228
256   11442964
256   10722596
256   10405772
256   11350864
256   10034232
256   9977620
256   11030712
256   10557424
256   11207276
256   10478812
256   10574544
256   11637112
256   10222780
256   10838248
256   11572036
256   10502560
256   9800340
256   10153484
256   9478148
256   11078328
256   9218348
256   9677632
256   11080320
256   9703012
256   9934160
256   10578080
256   9992092
256   11102556
256   11310876
256   10942204
256   11305588
256   11010012
256   11000708
256   11755748
256   11314220
256   11281488
256   11359432
256   10112348
256   11134412
256   10100508
256   10496184
256   11188952
256   10925004
256   10919860
256   11049972
256   10740080
256   9800320
256   11508456
256   9439680
256   10325260
256   11178632
256   10597388
256   10596212
256   10441116
256   9651620
256   11051964
256   10206372
256   10871376
256   10797244
256   10314960
256   9622360
256   10045664
256   10667192
256   11813656
256   9707316
256   11121996
256   10932172
256   11008372
256   8772784
256   9542152
256   9480824
256   11761776
256   9995900
256   10227284
256   10717264
256   10746680
256   10396988
256   10582952
256   10793640
256   10808448
256   10616476
256   11195704
256   11321356
256   11163724
256   10899912
256   11083252
256   11073512
256   10849332
256   11147188
256   10374752
256   9516332
256   10805584
256   10855728
256   11619496
256   9705172
256   9431928
256   11391444
256   10605508
256   9779984
256   11245256
256   10038488
256   9569608
256   11240676
256   9550052
256   9375620
256   11016340
256   9823212
256   10800124
256   10514144
256   10898056
256   11208264
256   10796252
256   11067276
256   10673492
256   10791772
256   10845640
256   10331248
256   9927756
256   10799004
256   11018240
256   9237188
256   11176240
256   9711900
256   10183636
256   10931036
256   10499740
256   11444036
256   11189440
256   10031388
256   11121940
256   9958052
256   9304728
256   11324956
256   10587524
256   9616468
256   11607344
256   11364212
256   10256132
256   11007232
256   10673668
256   12138868
256   9483388
256   9390604
256   11376068
256   10272836
256   9479532
256   10962196
256   10725904
256   10588812
256   10884792
256   10583532
256   11398852
256   11044604
256   9291324
256   11220900
256   11205340
256   9391980
256   11468356
256   11038932
256   11017368
256   10769624
256   10566636
256   11216780
256   10050928
256   9635292
256   11128656
256   10851064
256   11073688
256   10757936
256   9426188
256   10395112
256   10901176
256   11023276
256   11331696
256   10042520
256   9757944
256   10868984
256   11149288
256   9696268
256   10673388
256   9355860
256   10788200
256   11154476
256   9908192
256   10893860
256   10956760
256   9964832
256   10742668
256   10330020
256   9414324
256   10853208
256   10321668
256   11191596
256   9774936
256   9717952
256   11190040
256   9737752
256   10268872
256   11519556
256   9770280
256   11158592
256   10523552
256   10789412
256   10998372
256   10583780
256   9432636
256   11166584
256   10761260
256   11499124
256   11077316
256   9598280
256   10403856
256   10862608
256   9513620
256   10957432
256   10758628
256   10255440
256   10669176
256   11016356
256   9411572
256   10944288
256   11363484
256   9455356
256   10467660
256   9353032
256   9790044
256   10568420
256   10504048
256   11523508
256   9858160
256   9331980
256   11171264
256   9757348
256   10968068
256   10579864
256   11365640
256   11217336
256   10649196
256   10411600
256   11111284
256   10209456
256   9886560
256   11008040
256   9483196
256   11307368
256   10230124
256   10955764
256   11136388
256   11628796
256   11052636
256   11069724
256   10574928
256   11387052
256   11115972
256   9958948
256   11013736
256   11158416
256   11370912
256   9970860
256   10901380
256   10183416
256   11387200
256   10505456
256   10477300
256   11550860
256   9883228
256   10380140
256   11282648
256   10931300
256   9679412
256   10629176
256   10846060
256   11447656
256   11205692
256   10413556
256   11213272
256   11367644
256   9999416
256   10001764
256   10442800
256   10719708
256   10996200
256   9328244
256   11074492
256   9849788
256   10396932
256   10296556
256   11269248
256   10880392
256   11136588
256   11113272
256   11086180
256   10100208
256   10803016
256   10251340
256   9799060
256   11316788
256   10644996
256   10553624
256   11384264
256   9126040
256   9515872
256   11179336
256   9298084
256   11419620
256   11047940
256   9681004
256   11184844
256   11007224
256   10175284
256   11698728
256   10584072
256   9694668
256   11100332
256   10784048
256   11342616
256   11085372
256   9758140
256   11131820
256   9407512
256   9354468
256   10866816
256   11050096
256   10232924
256   10886892
256   9389948
256   11478996
256   9425180
256   9998604
256   9963280
256   10403036
256   9552908
256   11664924
256   10002172
256   10172148
256   11687752
256   10554772
256   9880028
256   10958748
256   10605028
256   9673676
256   10551920
256   11334804
256   11186368
256   9758704
256   10033428
256   11477616
256   10944008
256   9209972
256   10873284
256   9630980
256   9969728
256   11485480
256   9356308
256   11141828
256   10628664
256   10004552
256   11270252
256   10579412
256   10569948
256   11136656
256   10772520
256   10764948
256   10822848
256   11234764
256   10771560
256   11261476
256   11137596
256   11487296
256   10948896
256   9398616
256   10821572
256   10147900
256   10146588
256   10735156
256   9735592
256   10728504
256   10251776
256   11573564
256   11282360
256   10655304
256   10012000
256   11141688
256   11294240
256   9814852
256   11012048
256   9586620
256   10936200
256   11295228
256   11443344
256   11316708
256   10979364
256   9606408
256   10403092
256   9565484
256   10936572
256   11231104
256   10867472
256   11541468
256   11525516
256   10998304
256   10966932
256   9892252
256   11480748
256   10274132
256   9721388
256   11331488
256   10992220
256   9232252
256   11634340
256   10456368
256   9541624
256   11057756
256   11250464
256   9990692
256   10842836
256   10777804
256   11064076
256   10656464
256   9807240
256   11525116
256   9327020
256   10510456
256   10468408
256   10415268
256   11289268
256   10943188
256   10696060
256   11303700
256   10490076
256   10541772
256   11370568
256   10347068
256   10878208
256   10669108
256   11293152
256   11068372
256   10669552
256   11153252
256   10322556
256   11183992
256   10364760
256   10999316
256   9368800
256   11709428
256   10617256
256   10297916
256   11286840
256   11219272
256   9588636
256   10939772
256   9877616
256   11513960
256   10612060
256   10577012
256   11260564
256   11240280
256   9765432
256   10515872
256   9636812
256   11398316
256   11020216
256   9651072
256   11485168
256   9735964
256   10384084
256   11313372
256   10005096
256   10997716
256   9829864
256   10588348
256   11408412
256   10433120
256   10059052
256   11187872
256   10799540
256   11205596
256   11330904
256   9376328
256   11405108
256   9609616
256   9316800
256   10601300
256   10180572
256   11248472
256   11328164
256   10407620
256   11291736
256   10360788
256   10880620
256   11507032
256   9538284
256   9735956
256   12007292
256   10832056
256   11308944
256   10782108
256   10173784
256   11322184
256   9868036
256   10196276
256   11905988
256   11051452
256   10892648
256   10993784
256   9819012
256   10873328
256   10292572
256   9841056
256   11188624
256   9942304
256   10040184
256   10708104
256   10761516
256   11829820
256   10687928
256   10101032
256   10962540
256   10227040
256   9605396
256   10631804
256   10339904
256   10759676
256   10817496
256   10044020
256   10829584
256   10574456
256   10531080
256   10948936
256   10852376
256   10613444
256   10945004
256   9460540
256   11305992
256   11214052
256   10343448
256   12084372
256   9340240
256   11066872
256   10847596
256   10049136
256   11209880
256   9912012
256   9781196
256   10865112
256   9404724
256   9735248
256   10546796
256   9387076
256   10485532
256   11232868
256   10936792
256   11922212
256   10765724
256   9533496
256   10889612
256   9219732
256   9523776
256   9933044
256   10098120
256   11314384
256   10832484
256   10413332
256   11500740
256   11273420
256   9115704
256   10884124
256   10062112
256   11599664
256   10830476
256   9380216
256   11362464
256   10932148
256   10521716
256   11033264
256   9395172
256   9568104
256   11018328
256   10131968
256   10964800
256   10960760
256   10569588
256   11069364
256   10900824
256   9595996
256   11508540
256   10626864
256   9860096
256   10233360
256   11449372
256   11219640
256   10587912
256   10703092
256   11053568
256   9674432
256   9540432
256   11266528
256   9358628
256   9368968
256   10134808
256   10859024
256   11334660
256   11291640
256   9703848
256   11296700
256   11259788
256   9591940
256   10608724
256   11095188
256   11038328
256   10178328
256   10703244
256   11166996
256   10489356
256   9977548
256   11278548
256   11213976
256   9191156
256   10580364
256   10110716
256   11618032
256   11027672
256   10850684
256   11025568
256   10724380
256   10601780
256   11153352
256   11109656
256   9487104
256   10608280
256   10827872
256   11308812
256   10656748
256   10924992
256   10832668
256   11104804
256   9821740
256   11695408
256   9913352
256   11296296
256   10842176
256   10114960
256   10922428
256   10012864
256   9965368
256   10946912
256   10356496
256   10637524
256   10214204
256   11448020
256   11177928
256   10538220
256   10838624
256   11441860
256   11098888
256   10700912
256   10251944
256   10900384
256   10755576
256   9888944
256   11147656
256   11016828
256   9505464
256   9593312
256   11767876
256   9954892
256   10787968
256   11469848
256   9616828
256   10935696
256   10885236
256   10557728
256   11099400
256   11031436
256   10037948
256   11550352
256   9938996
256   10066304
256   11303368
256   9740720
256   11036884
256   9639364
256   10059588
256   11497144
256   10817848
256   10822412
256   10674768
256   10744956
256   10628740
256   10697412
256   11383344
256   11995120
256   11150044
256   10126316
256   11161108
256   9748640
256   9747660
256   10445100
256   9903960
256   11181888
256   11547496
256   9785540
256   11534652
256   9469236
256   9546988
256   11039072
256   11352816
256   10974088
256   11295132
256   9977920
256   11438880
256   10432596
256   9522232
256   11177960
256   11001128
256   9756168
256   11426024
256   9544160
256   11049264
256   10256356
256   9548688
256   10987584
256   10424272
256   9453556
256   10337532
256   10776996
256   11308936
256   11002960
256   11344560
256   10642480
256   9835700
256   9410900
256   11177892
256   10214380
256   9544312
256   10275964
256   11698676
256   11665552
256   11156920
256   9558324
256   11100364
256   9817072
256   11208084
256   10545100
256   9838628
256   10872088
256   10625932
256   10779688
256   11373252
256   11755408
256   11142776
256   11226868
256   10079760
256   9674984
256   11346880
256   10459248
256   11064364
256   10261124
256   10472900
256   10503536
256   9337360
256   10857520
256   11380864
256   10189568
256   10959348
256   11081356
256   10721748
256   11096644
256   10876076
256   10248872
256   11103788
256   10735612
256   9678208
256   10699172
256   10615712
256   11216280
256   11075796
256   9376184
256   11370924
256   9632332
256   9339972
256   10239052
256   10328288
256   11407116
256   10875704
256   11163008
256   11302728
256   11392948
256   11218968
256   11261716
256   10281464
256   10043144
256   9865916
256   9917204
256   11482376
256   9925320
256   9819968
256   10879304
256   10223436
256   9629600
256   11429464
256   9676908
256   10694992
256   10902172
256   9717812
256   11831372
256   11359164
256   9938788
256   11471120
256   10427500
256   10822136
256   9719340
256   10819376
256   11183024
256   10588388
256   9458444
256   10802856
256   10440568
256   9925048
256   10418368
256   9995332
256   10759084
256   10255444
256   10698600
256   11312300
256   9669616
256   9632480
256   11273724
256   10689220
256   9710724
256   11187000
256   9439104
256   11352844
256   10713676
256   10276400
256   11411576
256   9823804
256   10636216
256   11049072
256   9828332
256   11865432
256   10939280
256   9423424
256   11032084
256   11405904
256   9463192
256   11607296
256   10388496
256   10012508
256   9824372
256   10442888
256   10087604
256   9537648
256   11165640
256   11306560
256   9998544
256   9216980
256   10924112
256   11270732
256   9847208
256   10595720
256   10995048
256   11032892
256   10803348
256   9395072
256   11378884
256   10491736
256   9468396
256   11274228
256   9746920
256   9400292
256   10178896
256   11048748
256   11476412
256   11365148
256   9498316
256   11038576
256   9322188
256   9642732
256   11072220
256   10614020
256   9272008
256   11059452
256   10179844
256   11362624
256   11133856
256   10033504
256   11544176
256   10235828
256   11239168
256   11049264
256   10255796
256   9621804
256   10658144
256   9558144
256   10905060
256   10839060
256   10426836
256   10943160
256   9500192
256   10028656
256   11637992
256   9557372
256   9746044
256   10826768
256   9593104
256   11482576
256   10965452
256   9742268
256   10695652
256   10154272
256   9930348
256   11523704
256   10770648
256   10370756
256   9893504
256   10987152
256   12337588
256   11257244
256   10831604
256   11326660
256   11052692
256   9658144
256   10367116
256   9503536
256   10081452
256   11551860
256   10377980
256   11281036
256   10727880
256   9794352
256   11276292
256   9815156
256   9319212
256   11308792
256   10121268
256   9897496
256   10684788
256   9763472
256   11166472
256   10193220
256   10363780
256   11673060
256   9777960
256   9823204
256   10935588
256   11121932
256   11220888
256   11351856
256   9998920
256   11490824
256   10127968
256   9565684
256   11152744
256   10691356
256   10333980
256   10583180
256   10483704
256   10847912
256   10469680
256   10930836
256   11245672
256   9715204
256   11179148
256   11712060
256   11127940
256   10124340
256   10732356
256   9325924
256   11437900
256   11067088
256   9968948
256   11333216
256   10029868
256   9813936
256   10426816
256   9483400
256   10875516
256   10732612
256   10221732
256   11096052
256   10050920
256   9749144
256   10825696
256   10801788
256   10023964
256   10760060
256   11018744
256   11591144
256   10953196
256   10491588
256   11382688
256   10280936
256   9117816
256   10665316
256   10856684
256   11920880
256   11072120
256   10974332
256   11504840
256   10724520
256   10340616
256   11573088
256   9358988
256   9134604
256   10375548
256   10281048
256   11430100
256   10428196
256   11519620
256   11259032
256   10868004
256   9246532
256   11640156
256   10347188
256   9775624
256   10866280
256   11053040
256   11154344
256   11337712
256   10150300
256   10849480
256   9756780
256   9926800
256   10722672
256   9199012
256   11381724
256   10399332
256   9805836
256   11319928
256   9772556
256   9706512
256   10759032
256   10957716
256   11068080
256   10890476
256   11200924
256   11173368
256   10058924
256   9678020
256   10150184
256   10465000
256   10224100
256   10677188
256   10326228
256   11344408
256   10117248
256   10378912
256   11386528
256   11050304
256   10967236
256   11616624
256   11149112
256   10814608
256   10164100
256   10256320
256   11492508
256   10801484
256   10293980
256   11398200
256   11276480
256   10376832
256   11608336
256   10145648
256   10713916
256   11249980
256   9579892
256   11699136
256   9986148
256   9571660
256   11346188
256   10614036
256   9510372
256   10263584
256   11062620
256   10766540
256   10879856
256   10131696
256   10781500
256   9974448
256   9509936
256   10527928
256   10268164
256   11070684
256   11250028
256   9962956
256   10956596
256   10446724
256   10336428
256   10183648
256   10587744
256   11607336
256   10584496
256   9350540
256   11189128
256   9775352
256   10104028
256   9980392
256   10772296
256   9524736
256   11067364
256   11272764
256   11415052
256   9888804
256   10681048
256   11131260
256   11196092
256   9128656
256   10284432
256   10488196
256   11584440
256   11181756
256   10342392
256   11258832
256   9867044
256   10147228
256   11194916
256   11143804
256   10650780
256   10526172
256   11100476
256   11186320
256   11976204
256   9454272
256   11383320
256   9779884
256   11243816
256   10988756
256   10748744
256   9470160
256   10414988
256   9765452
256   11082636
256   10913168
256   9958748
256   11264608
256   10475948
256   10556524
256   10954328
256   10766708
256   11648504
256   11039060
256   10577180
256   11282052
256   10819192
256   9659988
256   10439792
256   10966464
256   11097928
256   10289056
256   10258904
256   10573804
256   9164340
256   11582460
256   10898656
256   11282236
256   11356412
256   10101384
256   11070512
256   11028052
256   9605560
256   11097372
256   10617068
256   9939540
256   10970540
256   9859352
256   10020440
256   10633212
256   11090756
256   11181328
256   11057172
256   10775980
256   11480224
256   10225428
256   10112632
256   11003192
256   9587508
256   10909736
256   11478532
256   9602628
256   11021080
256   11184784
256   10912708
256   11177760
256   10350504
256   9603328
256   10560236
256   11598568
256   11577284
256   10880024
256   10797416
256   11707844
256   11160340
256   10058124
256   11142292
256   9451840
256   11540444
256   10670340
256   11215992
256   11516532
256   9464924
256   11550492
256   11035844
256   9653768
256   10958504
256   10812212
256   11002264
256   11214028
256   9768376
256   11032120
256   10501196
256   10897176
256   10639112
256   11224104
256   9733988
256   11494400
256   10368524
256   10758392
256   10613100
256   11228144
256   11066404
256   11508316
256   9536484
256   11332692
256   9799368
256   10398920
256   10993264
256   10630724
256   11129808
256   9759132
256   9677420
256   10819172
256   9364128
256   10810032
256   10994760
256   9667320
256   11604424
256   9773360
256   11186232
256   10021288
256   9898300
256   10989160
256   10822556
256   10755764
256   11381244
256   9672784
256   10794584
256   10751636
256   9672468
256   11051776
256   10539340
256   9860372
256   10593632
256   10496972
256   10127580
256   11353412
256   11387684
256   10116076
256   10564748
256   9608688
256   11508952
256   10995204
256   10936784
256   10928076
256   9951792
256   10927560
256   11429524
256   9869996
256   10720760
256   10590872
256   10189244
256   11555152
256   9940100
256   9568192
256   11275968
256   9746356
256   11347864
256   10667440
256   11053108
256   11928780
256   10672000
256   10280772
256   10347380
256   11495360
256   10939820
256   11489024
256   9803396
256   11249204
256   10671380
256   11524064
256   11455896
256   10684200
256   10645408
256   10223616
256   9820184
256   11443964
256   11088436
256   10899744
256   11031524
256   10724240
256   9534468
256   11013488
256   9788036
256   10278252
256   10401904
256   9435688
256   9963004
256   10213508
256   10567316
256   11425956
256   10572272
256   10843564
256   11618960
256   11111740
256   10529920
256   11132232
256   9907176
256   11162632
256   10828256
256   11139932
256   11144484
256   9406740
256   11561656
256   10701304
256   11552496
256   11157376
256   11086728
256   10587128
256   11087024
256   10732728
256   10688300
256   11159564
256   10087408
256   11065480
256   10999044
256   9556756
256   11733960
256   10871048
256   9629612
256   10181496
256   9894844
256   10775492
256   11250096
256   10085556
256   11220632
256   11204520
256   9660252
256   11773436
256   10868660
256   11362180
256   9854704
256   11133668
256   11483932
256   9947048
256   9466340
256   10748820
256   9633440
256   11379944
256   11733896
256   10007060
256   10491728
256   11299520
256   10153632
256   10867116
256   11279396
256   11271828
256   10747380
256   9847020
256   11220108
256   10754120
256   10913652
256   11010124
256   10242324
256   11227956
256   10085596
256   9463028
256   11139344
256   10052932
256   11014320
256   10266532
256   10716124
256   10970572
256   10803312
256   10837964
256   10978660
256   10438792
256   9612268
256   10412652
256   9928980
256   11461804
256   9958088
256   9648032
256   11117008
256   9687668
256   10074684
256   11020188
256   9785408
256   11338076
256   11162036
256   9818940
256   10828300
256   9575944
256   10876316
256   10959696
256   11678284
256   11062972
256   10851360
256   9747424
256   10671200
256   10874288
256   9612012
256   10710676
256   10558880
256   9552804
256   9997748
256   9699096
256   11146980
256   9936056
256   11166960
256   10943256
256   10264472
256   10287780
256   11156032
256   10194396
256   10348328
256   10795968
256   10875492
256   11136416
256   10593564
256   10890356
256   11208824
256   10133220
256   10368604
256   10381988
256   10351344
256   11088432
256   11226516
256   9263972
256   11421284
256   10014912
256   10587980
256   11711804
256   9986204
256   9587084
256   10683284
256   10344148
256   11329024
256   10834000
256   11300756
256   11120496
256   9573228
256   11132608
256   11586008
256   9798436
256   11365244
256   11329080
256   11242832
256   11893048
256   10141376
256   9718884
256   11228112
256   9829604
256   11125072
256   10041896
256   10244940
256   11307916
256   9932748
256   10164560
256   10585896
256   10163648
256   9727956
256   10445412
256   10578352
256   11210300
256   11221128
256   9563660
256   11220064
256   11242196
256   10999512
256   10866944
256   10066116
256   11787476
256   9560964
256   11236272
256   11126452
256   10669376
256   11516004
256   10752732
256   11132580
256   11317632
256   11148240
256   9200984
256   11143500
256   9402252
256   10064628
256   10167712
256   10391356
256   9324388
256   11248552
256   10649600
256   10936604
256   9825916
256   8957752
256   11041392
256   10129808
256   11173908
256   10793404
256   10020908
256   11403672
256   11379164
256   10731252
256   11000328
256   10519576
256   10920468
256   10182184
256   10307556
256   10497508
256   9570360
256   10759212
256   10603984
256   10603664
256   10332616
256   10983912
256   10967844
256   10825360
256   10708924
256   10670404
256   11212544
256   9989360
256   10778740
256   10843968
256   10377996
256   10724936
256   10466400
256   11023536
256   11464208
256   10238224
256   9721276
256   11263632
256   10055432
256   10928980
256   11378380
256   11525780
256   10968236
256   10165476
256   9784240
256   11071596
256   10438316
256   9862116
256   10873708
256   10113496
256   10976564
256   9241312
256   9879500
256   10896820
256   10980696
256   10949300
256   10473496
256   9476372
256   11090480
256   10899136
256   9782896
256   11172196
256   11381156
256   10293092
256   11160772
256   9552748
256   11125120
256   10444072
256   9793304
256   11307004
256   11139896
256   11304704
256   10647184
256   9996416
256   11247536
256   10296760
256   9933900
256   11072316
256   11371412
256   10175616
256   11424320
256   9655340
256   9579124
256   10656528
256   10898800
256   11453132
256   10884168
256   11111352
256   11725580
256   9502800
256   11086184
256   10800228
256   10968616
256   11349788
256   10562740
256   10153872
256   11137692
256   9693168
256   10303648
256   10574172
256   9455340
256   11526256
256   10912668
256   11536072
256   11522100
256   11208224
256   10109888
256   11285432
256   10016396
256   10999160
256   11304200
256   10972332
256   11109812
256   9386644
256   10290680
256   10888004
256   11739712
256   10811404
256   10880788
256   10203436
256   11522700
256   9913364
256   11206940
256   10281828
256   11014024
256   9890716
256   10925704
256   10457752
256   11567112
256   10649976
256   10569016
256   10614880
256   10934544
256   11309612
256   10615832
256   9492400
256   11309092
256   9159668
256   10881524
256   10368112
256   11019588
256   11221904
256   11493060
256   9936124
256   11336836
256   9524196
256   11421280
256   11165160
256   10001704
256   11389536
256   11004484
256   9896280
256   11344020
256   9240316
256   9026020
256   11101568
256   9167352
256   11683460
256   11447916
256   9501880
256   12030976
256   11221808
256   11480728
256   11408232
256   9626412
256   10753868
256   11073776
256   10848024
256   11306224
256   10137284
256   9683920
256   10844196
256   11849012
256   11225084
256   11035244
256   10863336
256   11644944
256   10097088
256   10372752
256   11233500
256   11351772
256   9607320
256   11283784
256   9746060
256   11276216
256   11130708
256   9358472
256   10799164
256   9935920
256   11425944
256   10884424
256   10532996
256   10994652
256   10478792
256   10559220
256   10271440
256   10980860
256   9852620
256   11261552
256   10501100
256   11268556
256   10915344
256   10159712
256   10290156
256   10966064
256   10906116
256   11079944
256   10627488
256   11130888
256   9830308
256   10789924
256   11391212
256   9378152
256   11118876
256   11627688
256   10038980
256   11152796
256   11037572
256   9002804
256   11338928
256   10851432
256   11613176
256   10810492
256   9370488
256   11585332
256   10837736
256   9707864
256   10969472
256   9564980
256   10587864
256   10982060
256   10701340
256   11327856
256   11604468
256   10141476
256   10578096
256   9932036
256   11985680
256   10260960
256   10348552
256   11315684
256   11034968
256   10553012
256   11181172
256   9301280
256   9844156
256   10713040
256   10413100
256   11388992
256   10573800
256   9640300
256   10999032
256   10308780
256   11113956
256   10616772
256   9926588
256   11404228
256   10733788
256   10880112
256   11487464
256   9665564
256   10236344
256   10582360
256   10109704
256   12151836
256   10909548
256   10057624
256   11534196
256   10176716
256   11243672
256   10662900
256   10472100
256   11758284
256   10562844
256   11128888
256   10663368
256   10859736
256   10632296
256   11169204
256   10171732
256   11470724
256   11088180
256   10361036
256   11242084
256   10826192
256   10131500
256   10636892
256   10555464
256   11196936
256   10296808
256   9889504
256   10969416
256   9820896
256   10154160
256   10731420
256   10207300
256   11065860
256   11218180
256   11001020
256   11197620
256   11303660
256   10985380
256   11208544
256   11314164
256   11004316
256   10665128
256   9756884
256   11122984
256   10892860
256   11108732
256   10426940
256   10291216
256   11455204
256   10723508
256   9554640
256   9704260
256   10060424
256   9768048
256   11106452
256   9909384
256   11681356
256   10607256
256   10544612
256   11271908
256   10480928
256   9869028
256   11014452
256   10031956
256   11215160
256   10633304
256   10988516
256   10364936
256   10577176
256   11601088
256   10952436
256   9356988
256   11246004
256   10886688
256   10460396
256   10309112
256   10634716
256   9635212
256   10736056
256   9971232
256   11215544
256   11154556
256   10618372
256   11238892
256   10765384
256   10852452
256   10284372
256   10437292
256   10998572
256   11023408
256   10908056
256   11482756
256   11074664
256   10894476
256   10412716
256   11136460
256   11142184
256   11255388
256   10624804
256   11257500
256   9956620
256   9402028
256   10693104
256   9758428
256   9572592
256   10966152
256   10100488
256   11466064
256   10906712
256   9723568
256   10382988
256   10408108
256   10528348
256   10970488
256   9786792
256   10787452
256   10505144
256   9224852
256   10524888
256   10734864
256   11060228
256   10549340
256   10879488
256   11374744
256   9449608
256   11271440
256   10604264
256   9941648
256   11616872
256   10713660
256   9205140
256   11635020
256   10914792
256   9596508
256   11419400
256   10824356
256   10075132
256   9805644
256   10767392
256   10817588
256   11957756
256   9368724
256   11207420
256   9768984
256   10565496
256   11042912
256   9783424
256   10401836
256   11905256
256   9952924
256   10996332
256   11280516
256   10780036
256   11593492
256   11575956
256   9630180
256   10653948
256   9709764
256   11309628
256   10767188
256   11281808
256   11655516
256   10168944
256   9529076
256   10738316
256   10206472
256   11582448
256   10954308
256   11077868
256   11448424
256   10652444
256   9481292
256   11401336
256   10703040
256   11263184
256   10899976
256   10667884
256   11117280
256   10933632
256   10549036
256   10971372
256   9748064
256   11175344
256   10645668
256   9850832
256   10964300
256   9224380
256   9694320
256   11157680
256   10478536
256   11362640
256   10549380
256   11009876
256   11658880
256   10037068
256   11480512
256   10802080
256   10969144
256   11406192
256   10719920
256   10809208
256   11270996
256   11581664
256   11174184
256   10699428
256   11139760
256   11332848
256   11239676
256   11562964
256   11183528
256   9829064
256   10057832
256   10613116
256   9376008
256   9823264
256   10661772
256   9536160
256   10897828
256   11077756
256   9878464
256   11171564
256   9547980
256   11016636
256   10796020
256   9836316
256   11201028
256   10952088
256   9384656
256   10372468
256   11340528
256   11021316
256   10751856
256   9792612
256   11309032
256   10709516
256   11614052
256   9762008
256   9496644
256   11066024
256   10010720
256   9829948
256   11471816
256   10941964
256   10314404
256   10683952
256   10323460
256   11601000
256   11026736
256   9889552
256   11480456
256   11154428
256   9676576
256   11041816
256   9992744
256   10308420
256   10874124
256   10149748
256   11225308
256   10092980
256   10723984
256   10795900
256   10991956
256   9473664
256   10581196
256   10751424
256   10978316
256   10655100
256   9884028
256   11407272
256   11227196
256   10306788
256   10630136
256   10025492
256   11445960
256   10976236
256   10240256
256   11291344
256   11172820
256   10734632
256   10143412
256   11419260
256   10512288
256   10900416
256   9030340
256   11781444
256   9749948
256   9964228
256   11150380
256   9735000
256   9602640
256   11030484
256   9582288
256   11390816
256   11270864
256   10387008
256   11193468
256   11762424
256   10165396
256   10540544
256   10226056
256   11039304
256   10725808
256   10917700
256   11280596
256   11456468
256   10113008
256   11369288
256   9589200
256   10690576
256   10982972
256   10172572
256   11523632
256   10343216
256   11444140
256   10774456
256   10229988
256   10986832
256   11117320
256   9592296
256   10913316
256   11045284
256   10182208
256   11229196
256   11041884
256   9617528
256   10408180
256   10038860
256   11203860
256   10689608
256   9882180
256   10360176
256   10647648
256   10838612
256   10974468
256   9692612
256   10035132
256   11284584
256   11082800
256   11747692
256   9972052
256   10654580
256   10958808
256   10884892
256   11362452
256   10406536
256   9562424
256   10874416
256   11298076
256   10300124
256   10588972
256   10239924
256   10179688
256   11173756
256   10315400
256   11436992
256   10495320
256   9268108
256   12079308
256   11126076
256   11271164
256   10975596
256   10783080
256   11445564
256   10505812
256   11143552
256   11165900
256   10090736
256   10741408
256   11400944
256   9469156
256   10784832
256   10788700
256   10531632
256   11281176
256   9097272
256   10494348
256   11137380
256   10226228
256   11556872
256   10967152
256   10513992
256   10966660
256   11381356
256   9472144
256   10881096
256   11404460
256   11103428
256   10785404
256   9706636
256   11340056
256   9852884
256   9622776
256   10911996
256   10438512
256   11569576
256   10237880
256   9967188
256   11598124
256   10853236
256   9382948
256   9965300
256   10175892
256   10861176
256   10753636
256   10014720
256   11269712
256   11053280
256   8989256
256   11011208
256   10536996
256   10818136
256   10584804
256   9276784
256   11041304
256   9955636
256   8869344
256   9949448
256   11036800
256   11512720
256   10625984
256   10912720
256   10895540
256   10716080
256   9547664
256   11266580
256   10633708
256   10215928
256   10841308
256   10034372
256   11597840
256   10846888
256   9817100
256   11242228
256   10897912
256   9227692
256   10301764
256   10105240
256   11138120
256   10794536
256   10092148
256   11145872
256   10903516
256   10666700
256   11340972
256   10597512
256   9893716
256   10583748
256   11026548
256   10822088
256   10116740
256   10994632
256   11083556
256   10692848
256   10133428
256   10897972
256   10344780
256   11197876
256   10530252
256   11195664
256   11116416
256   10619852
256   10181284
256   11236284
256   9745012
256   9652456
256   10904760
256   9547640
256   11021144
256   11191744
256   9203096
256   11286276
256   10548704
256   11123176
256   10930868
256   9425824
256   11298268
256   10606872
256   10368272
256   11333776
256   10414900
256   10568388
256   10341256
256   10183756
256   11363884
256   11586956
256   10882208
256   10671028
256   11322704
256   10267012
256   11233544
256   9404176
256   11427564
256   10730324
256   9402860
256   10932592
256   11125952
256   10100572
256   11227556
256   11117596
256   9593060
256   10358844
256   11358356
256   11572852
256   9960892
256   9436416
256   11257596
256   11191500
256   11002484
256   10706844
256   10092408
256   11191148
256   9631760
256   11752924
256   11508976
256   10755728
256   10836420
256   10916820
256   9104920
256   11219100
256   10379388
256   10089052
256   11497700
256   10321516
256   10572264
256   10754780
256   11358548
256   11403868
256   10111024
256   10254764
256   11264112
256   10338264
256   10097452
256   11006280
256   10308348
256   10632312
256   11008288
256   11256004
256   11299068
256   11161688
256   10624788
256   10715560
256   11451656
256   11231148
256   10962428
256   8766388
256   10825428
256   10899384
256   10781512
256   10660944
256   9615956
256   9928716
256   10471056
256   9330348
256   11168072
256   10999616
256   9819404
256   10434104
256   10934800
256   10126936
256   10803992
256   9812088
256   11454788
256   11003448
256   10667208
256   10535096
256   9893864
256   11244100
256   11449004
256   10442068
256   11184940
256   10991392
256   9892796
256   11273364
256   10953032
256   10361016
256   10754940
256   11132920
256   11560532
256   11126056
256   10904844
256   11629184
256   10021296
256   9902440
256   10661200
256   10766108
256   11021152
256   10778196
256   10670644
256   11305548
256   11238004
256   11192968
256   11594572
256   9429884
256   10083224
256   11016184
256   10004252
256   11302032
256   11230736
256   11332720
256   10935044
256   9937652
256   11051444
256   10255060
256   9796440
256   11176836
256   11266780
256   9967304
256   10912260
256   10641452
256   11173984
256   10638048
256   11226584
256   11815108
256   9644432
256   9403656
256   11187596
256   9349556
256   11438428
256   11016164
256   10362432
256   11262336
256   9632904
256   9745364
256   10326712
256   10763380
256   10889324
256   9647164
256   10763408
256   10848996
256   9937800
256   11043160
256   10818636
256   10800652
256   11405980
256   8955928
256   9447804
256   11023124
256   9516284
256   11366988
256   11044180
256   9475820
256   11227128
256   10988704
256   11267116
256   10972760
256   9907208
256   9670268
256   10077636
256   11667416
256   10621480
256   10679060
256   10826456
256   11446336
256   10201552
256   9947568
256   11349304
256   9939752
256   10083240
256   10971808
256   9063956
256   11089692
256   10702752
256   9403860
256   11225424
256   9864592
256   10413844
256   11133172
256   9788652
256   11254616
256   11092068
256   10806764
256   11030300
256   10007552
256   10238176
256   11400996
256   9475692
256   9868892
256   10808492
256   10349436
256   11016404
256   11033096
256   9706204
256   11332204
256   9584692
256   10875680
256   10945124
256   9838144
256   10763920
256   10981812
256   9806072
256   11384280
256   11034892
256   9281528
256   11302384
256   10435500
256   9960184
256   10841440
256   10413756
256   10568800
256   10777520
256   9268460
256   11049632
256   10344008
256   9582032
256   10817812
256   10527988
256   11031688
256   10577732
256   10972852
256   11163980
256   9791116
256   11145628
256   11588776
256   10503940
256   10001560
256   11516588
256   10083144
256   11822976
256   10231452
256   11040924
256   11301200
256   9890124
256   9749828
256   10519256
256   9873616
256   11017108
256   11329132
256   10806868
256   11242320
256   10220660
256   11946304
256   11073832
256   9840820
256   9374672
256   11230784
256   10917476
256   11088272
256   10316116
256   9790980
256   11090988
256   11111396
256   10653844
256   11051732
256   9364076
256   11880852
256   10559488
256   9742528
256   11103996
256   9449476
256   9803224
256   11289920
256   10881564
256   10952772
256   10813844
256   9640668
256   11290112
256   11600408
256   10667200
256   10535932
256   9860380
256   11230928
256   11233084
256   10352916
256   11314820
256   10309488
256   9272228
256   11365408
256   9120684
256   11376176
256   11054308
256   9995864
256   11043092
256   10037076
256   11090036
256   10550544
256   11260388
256   10834824
256   10472100
256   10460700
256   11185916
256   9392752
256   10631300
256   10830348
256   9697952
256   10840380
256   10939256
256   11143408
256   11408724
256   10297672
256   11000180
256   10347612
256   10025516
256   10035300
256   11125272
256   9871556
256   11238892
256   10763384
256   11392924
256   10774220
256   10529304
256   9734196
256   10309196
256   9418848
256   10981848
256   11130740
256   9707560
256   10866224
256   9655356
256   9805308
256   9962688
256   9467136
256   10281724
256   11020456
256   9657140
256   11373340
256   9250228
256   9496748
256   11039456
256   11387300
256   9617656
256   10375136
256   11165812
256   11258704
256   9820240
256   10499476
256   10383368
256   11398600
256   9745856
256   10967800
256   9983060
256   11384632
256   11050360
256   11311144
256   11133556
256   10992992
256   10469936
256   10866208
256   10454896
256   11259992
256   11145352
256   10296292
256   10052288
256   10519240
256   10175924
256   11379528
256   11007848
256   9739732
256   11186488
256   9487664
256   9549016
256   10893184
256   9322844
256   11009656
256   10969204
256   10262716
256   10774364
256   9372108
256   9498936
256   10785284
256   10300064
256   11349156
256   10782504
256   9779964
256   11584032
256   9566896
256   10952896
256   10701316
256   9314896
256   11293264
256   10792984
256   10172424
256   11422084
256   10411676
256   10848652
256   11239344
256   11182084
256   9667392
256   10253236
256   10681536
256   11077908
256   11392384
256   10852488
256   11169652
256   11154532
256   9790964
256   11484408
256   9876792
256   10669372
256   11030108
256   9992300
256   11141444
256   10474600
256   9848252
256   11093584
256   9940496
256   10043720
256   11109000
256   10504916
256   11314328
256   10344648
256   10352984
256   11235096
256   11493908
256   10863016
256   10530856
256   10194796
256   10990516
256   11295640
256   9866552
256   10988624
256   11152852
256   10066920
256   11112440
256   10101568
256   11295908
256   10862648
256   9450116
256   11595788
256   9942168
256   11047180
256   10873492
256   9898576
256   11491660
256   11134492
256   10585276
256   11209136
256   9932792
256   9521284
256   10980156
256   11012152
256   10757156
256   11007620
256   9893992
256   11371088
256   10828044
256   9638352
256   10631608
256   10547696
256   10922772
256   11000820
256   10445992
256   10860344
256   10739024
256   9212952
256   10739184
256   11265668
256   11411720
256   11046560
256   9747432
256   10677568
256   11129300
256   9928304
256   10320808
256   10756652
256   10796148
256   10942272
256   10176832
256   11239816
256   11480228
256   10833864
256   11132576
256   10716868
256   9834460
256   11269116
256   10826360
256   11346328
256   11054268
256   9496912
256   11172296
256   9372596
256   10512504
256   11169852
256   10424624
256   11343636
256   9446640
256   10702308
256   11255188
256   9648748
256   10172560
256   10470896
256   10314324
256   10871568
256   10688428
256   10866400
256   10853032
256   10693584
256   9573972
256   11371540
256   10558688
256   9808216
256   11048152
256   11071548
256   11596688
256   10324996
256   10035848
256   10935764
256   10937060
256   9499568
256   10991268
256   11563312
256   9784084
256   10532284
256   9599368
256   11044416
256   10340160
256   9750104
256   10753248
256   10638584
256   11348852
256   10698836
256   9414276
256   11166604
256   11078192
256   9344372
256   11121992
256   10346060
256   9442864
256   11076176
256   11172544
256   11216268
256   10639944
256   11188596
256   12085564
256   11412412
256   10313124
256   10591004
256   11527344
256   9714520
256   10095884
256   10618784
256   11477676
256   11074784
256   11226768
256   11407040
256   9804336
256   9688432
256   9954408
256   11727940
256   11521360
256   10678468
256   10785348
256   11063536
256   10107500
256   10930924
256   11214752
256   10199688
256   10790912
256   10560932
256   10906720
256   11247544
256   10902576
256   10473436
256   10973784
256   9681244
256   10971900
256   11166680
256   10247616
256   10558724
256   11521024
256   9169096
256   11575208
256   10474508
256   11514328
256   9471256
256   9457628
256   11062856
256   10111512
256   10433600
256   11303316
256   11220996
256   11214072
256   10470820
256   11388796
256   10862708
256   10519400
256   11196100
256   11367836
256   9320580
256   10995712
256   11205028
256   11576368
256   11212444
256   10287716
256   9555864
256   10424680
256   11205992
256   11465056
256   10981024
256   10817100
256   11362008
256   10045504
256   9331900
256   11288296
256   9410424
256   10074044
256   10957024
256   10714104
256   11234672
256   10872348
256   9661868
256   10827792
256   11135656
256   11476812
256   11074656
256   9601692
256   11149624
256   11262264
256   10026576
256   10460132
256   9638136
256   11626088
256   10192780
256   10717588
256   10981788
256   9425712
256   10929524
256   10893568
256   9708736
256   10988268
256   11084560
256   10135904
256   11128496
256   10464532
256   10310696
256   10242904
256   9684928
256   11150704
256   10490036
256   11005184
256   11629760
256   10866788
256   9963576
256   10729908
256   10046240
256   11245196
256   11249300
256   10461400
256   11466112
256   10121908
256   9849760
256   10416940
256   10025400
256   11774644
256   10910808
256   10029636
256   11048792
256   10996336
256   11273864
256   10897464
256   10052888
256   10074548
256   10845420
256   9928548
256   10819648
256   10288404
256   9563940
256   10965560
256   10704240
256   10839900
256   10874300
256   10776160
256   10845528
256   10199596
256   10297204
256   10574248
256   10557688
256   11097000
256   10869924
256   9858852
256   11314648
256   11075204
256   9958212
256   11404112
256   9258064
256   10434572
256   10786948
256   10814404
256   11087004
256   10681344
256   11228204
256   11594012
256   11481768
256   9389780
256   10610092
256   11955688
256   10610892
256   11952516
256   11640476
256   12066280
256   11792732
256   15492188

