8   430036
118   4036064
256   8714944
256   8658024
256   8505696
130   4186808
256   8676264
256   8696088
256   8658980
256   8482488
256   8869388
256   9414032
256   8997116
256   7988008
256   8924672
256   9303960
256   8501848
256   8234940
256   8545720
256   8810608
256   8921440
256   8600316
256   8645476
256   8818556
256   8390164
256   8291956
256   8770832
256   8801800
256   8419328
256   8470024
256   8643832
256   8457444
256   9079432
256   9501528
256   10771104
256   9685628
256   9433968
256   11357956
256   11562916
256   10654616
256   10499852
256   11076580
256   10906552
256   9430692
256   11378252
256   10231508
256   11298376
256   11107040
256   10299416
256   10214360
256   9500184
256   10767904
256   10441192
256   9097888
256   11459316
256   11010208
256   9724336
256   10895120
256   10899928
256   9415268
256   11319436
256   10695100
256   9479516
256   10563132
256   10358700
256   11117432
256   10791100
256   9134320
256   11545872
256   10083596
256   9454812
256   11947808
256   11541616
256   10036028
256   10336860
256   11255964
256   11029004
256   11764316
256   10567700
256   9629196
256   10974400
256   9462656
256   11641144
256   10006896
256   11059296
256   11358448
256   9697788
256   9228404
256   10521204
256   9556168
256   9908432
256   10634824
256   9626904
256   11396488
256   11181912
256   9452132
256   11174560
256   10417912
256   9720024
256   11056136
256   10214500
256   11170000
256   11179872
256   10928812
256   11411052
256   9784604
256   10054244
256   11448756
256   10381412
256   9132924
256   11394708
256   10029756
256   11150000
256   10940444
256   11378872
256   10921412
256   10601436
256   9757624
256   10761948
256   9050308
256   11307408
256   10957892
256   9173692
256   9707160
256   10486976
256   10710400
256   11178312
256   9651984
256   10931736
256   11173744
256   10095564
256   10338964
256   10910452
256   9995264
256   11403064
256   10933784
256   10164464
256   11424540
256   10452376
256   9942052
256   10219576
256   10687064
256   9675476
256   10723940
256   10302096
256   10863436
256   9174700
256   10562916
256   11566016
256   10866736
256   9613704
256   11296632
256   9872916
256   11164684
256   10865636
256   11416708
256   11496736
256   10334836
256   9801620
256   11621904
256   10268128
256   9929996
256   10996048
256   10387512
256   10924536
256   10930732
256   10818704
256   11903500
256   11245752
256   11435972
256   11292440
256   10125928
256   11183772
256   10774492
256   9876224
256   10824976
256   10754028
256   9981516
256   11001752
256   10845348
256   9893772
256   10433296
256   9879604
256   11206812
256   10875572
256   10321840
256   10752788
256   9376968
256   11226380
256   11382396
256   10611292
256   10175700
256   10809360
256   9658452
256   11086952
256   11072976
256   10741552
256   10447964
256   9317064
256   11174492
256   10980452
256   9375816
256   11110600
256   10370400
256   9635248
256   10254916
256   9966628
256   10484204
256   11229268
256   9407012
256   11680216
256   10989172
256   9776728
256   10868548
256   11125144
256   9147296
256   10894560
256   10953788
256   11819540
256   10080196
256   11569284
256   11069004
256   10063400
256   9426680
256   11284708
256   10047400
256   10660188
256   9756352
256   10731296
256   11285076
256   11312496
256   11481896
256   10942288
256   9585748
256   9359008
256   11307040
256   9709172
256   10908520
256   10879468
256   10180224
256   11346424
256   10923372
256   11589960
256   10916312
256   9742852
256   11899520
256   10878620
256   10719664
256   9991048
256   11004980
256   9538720
256   10336696
256   10999672
256   10375580
256   11175404
256   10448832
256   9801200
256   11118076
256   9405864
256   9780896
256   11395180
256   10110608
256   10483272
256   11114808
256   11128460
256   10002556
256   10527248
256   9415252
256   10767604
256   10826652
256   11159092
256   11162200
256   9911412
256   11510884
256   11263952
256   9895500
256   11103036
256   11281472
256   11024096
256   11016836
256   10207988
256   9948196
256   11054336
256   9602752
256   10512244
256   11659812
256   10404804
256   10736148
256   11271112
256   9831300
256   11643116
256   11272552
256   9391504
256   11194312
256   9508368
256   10108048
256   10064844
256   10508028
256   11748256
256   9732240
256   10677820
256   11460644
256   9907096
256   9650492
256   10973100
256   9533960
256   11272308
256   10532704
256   10262720
256   11798824
256   9758004
256   10740616
256   10915556
256   9607604
256   11424544
256   10747432
256   9427192
256   10846700
256   10112676
256   10207644
256   11277556
256   10670016
256   10792312
256   11239324
256   11270252
256   10933616
256   10356604
256   10675056
256   10676284
256   11414880
256   9908476
256   11387008
256   9897916
256   10873500
256   10748256
256   8854584
256   11246208
256   10395784
256   9478248
256   11072624
256   9618412
256   11003636
256   11130356
256   10374920
256   11528436
256   11134168
256   10418400
256   11300448
256   11229904
256   11656052
256   10353800
256   9882328
256   11959276
256   9763096
256   10850588
256   11327312
256   10458696
256   11857596
256   11136752
256   9731808
256   11202264
256   11486748
256   10355220
256   11166400
256   10253772
256   9542748
256   10771788
256   9730544
256   11723452
256   10442252
256   10979228
256   10891820
256   10459228
256   9735648
256   10817444
256   10933660
256   11477028
256   9643040
256   9646148
256   11133472
256   9804344
256   11602124
256   10483656
256   9845340
256   11494556
256   11140792
256   10512872
256   12005620
256   11641184
256   11563604
256   10813416
256   11482956
256   11438864
256   8889268
256   9586064
256   9449144
256   11203272
256   11450868
256   11250220
256   9049948
256   11380536
256   11541220
256   10058632
256   10731220
256   10108500
256   10230680
256   10079100
256   10210036
256   10982760
256   11160340
256   10200248
256   11281360
256   9442936
256   11532668
256   9620348
256   10684492
256   9974924
256   9960496
256   11086488
256   10880548
256   9747252
256   11310308
256   11314816
256   9501112
256   11216912
256   11490656
256   11114836
256   10808204
256   9366516
256   11004108
256   11191536
256   8885084
256   11451820
256   11475440
256   8889696
256   10794032
256   9996960
256   10898432
256   10592156
256   10886224
256   11598896
256   9550236
256   9587540
256   11397340
256   10415832
256   10417496
256   11112756
256   10998500
256   11449776
256   10191368
256   11266196
256   11411260
256   9005556
256   10778620
256   11477384
256   9670828
256   10855944
256   10827908
256   10142064
256   11207248
256   9888840
256   9606708
256   11705544
256   10699092
256   9260020
256   11523168
256   9508096
256   11378808
256   11245724
256   11049512
256   10976068
256   10339452
256   9717456
256   11357948
256   10833648
256   11294248
256   10562224
256   9688496
256   11096420
256   9505232
256   10244788
256   10363224
256   11125080
256   11052416
256   10822640
256   9923080
256   11276040
256   9313284
256   9020428
256   10224808
256   9587212
256   11484716
256   10922100
256   10556700
256   11172460
256   11081464
256   9335644
256   10671492
256   10054080
256   11106224
256   11377036
256   9674456
256   11621576
256   11429276
256   9402832
256   11167500
256   9882660
256   9482064
256   9988772
256   9644888
256   10706004
256   10843908
256   10915696
256   11534248
256   10975612
256   10155584
256   11343364
256   9643168
256   10880752
256   11491504
256   10466028
256   11778012
256   11170044
256   9279252
256   11513984
256   10234096
256   9848272
256   10617068
256   9925792
256   11109372
256   10820848
256   10628392
256   11491620
256   9187412
256   10022568
256   11875400
256   10559296
256   9366788
256   10893216
256   11372156
256   11400540
256   10972992
256   9901484
256   11316332
256   9729600
256   10521816
256   10601384
256   10315612
256   11518260
256   10116220
256   9252240
256   10962256
256   9541964
256   11306200
256   10696756
256   9971804
256   11710164
256   10648312
256   11388124
256   10698404
256   9907612
256   8902308
256   10749924
256   10001540
256   9927980
256   10573536
256   11244832
256   11460388
256   10197732
256   9045904
256   10847580
256   9446896
256   9837888
256   11213680
256   10380720
256   11259584
256   10392416
256   9862752
256   11386836
256   9472088
256   9302296
256   10061796
256   11345184
256   10980564
256   10882604
256   9272056
256   10664852
256   10089952
256   10896888
256   11122068
256   11108468
256   9855716
256   11061284
256   11076264
256   11564464
256   10998080
256   9266168
256   11767764
256   10593208
256   10378392
256   10997204
256   10834708
256   9432740
256   10650444
256   10608368
256   11205364
256   11503344
256   10343348
256   11304824
256   10893304
256   9535436
256   10961944
256   9893760
256   10574012
256   11378440
256   10210496
256   11139680
256   10233884
256   9623416
256   11330672
256   10019996
256   11303984
256   10932860
256   10561880
256   11108640
256   9522352
256   11079700
256   10969912
256   10853572
256   10733472
256   10913988
256   10834996
256   11363988
256   10231304
256   9954744
256   10623436
256   10743260
256   9701972
256   10861356
256   9718052
256   11684244
256   10743796
256   10681272
256   11350528
256   9172240
256   8800712
256   10947964
256   10161044
256   11172548
256   11054268
256   9423324
256   11775016
256   9639268
256   10526464
256   10605284
256   10169480
256   11718944
256   10531112
256   9522692
256   10041800
256   10833448
256   10388196
256   10639860
256   10501728
256   10975688
256   11014404
256   10023452
256   11784188
256   9420528
256   10189104
256   11499176
256   9722976
256   10771552
256   10290636
256   9556704
256   11507420
256   9798068
256   10929716
256   11660368
256   9098240
256   9271252
256   11067516
256   11718136
256   11031612
256   11131116
256   11119240
256   11476520
256   10556456
256   11076100
256   11139936
256   9633160
256   11783416
256   11076220
256   9786132
256   11251956
256   11200340
256   10416564
256   11320304
256   9998188
256   9717256
256   10486780
256   10182284
256   11233756
256   10814824
256   11340824
256   10783328
256   11220388
256   9293172
256   11189652
256   10690280
256   11281616
256   9524448
256   9999276
256   11019264
256   9443064
256   11163180
256   10849572
256   9996068
256   11013584
256   10277108
256   10040408
256   10305988
256   9845236
256   11335276
256   10332424
256   10243760
256   11266828
256   10019588
256   9719264
256   10332168
256   10706616
256   11205820
256   10731088
256   11168988
256   11505080
256   10135288
256   10250808
256   9670808
256   9930856
256   9324276
256   10191480
256   11204704
256   11407636
256   10605856
256   10028500
256   10857924
256   9734240
256   9995288
256   10759744
256   9670720
256   10190708
256   11108668
256   11092248
256   10505260
256   11040556
256   10197152
256   10965324
256   11387244
256   9971340
256   11743624
256   10010956
256   10184404
256   10679344
256   9861276
256   11392204
256   10995520
256   10129828
256   10965872
256   11341708
256   9576992
256   10831408
256   10003848
256   9704676
256   10909928
256   11495936
256   11343292
256   11394944
256   11012748
256   11138856
256   9761476
256   11006272
256   10740856
256   10768600
256   11777204
256   10578660
256   11382448
256   11870356
256   9518688
256   10452436
256   10394548
256   11191596
256   10706244
256   11226172
256   9995892
256   11730776
256   9523856
256   9883284
256   11247468
256   9444964
256   11323460
256   9899880
256   9493508
256   11898020
256   9830200
256   9559008
256   10622320
256   10749016
256   11450384
256   9315824
256   8962556
256   11449612
256   9899368
256   11334804
256   10156388
256   10013600
256   10907632
256   9839584
256   9467980
256   10091520
256   10172624
256   10995388
256   10077416
256   11325744
256   11357628
256   9609908
256   9270340
256   11410640
256   9574036
256   10220944
256   10515772
256   10297060
256   10170516
256   10669104
256   10588632
256   10980424
256   11360928
256   9877980
256   11117504
256   9571772
256   9857380
256   11372420
256   10798092
256   11868808
256   11758064
256   11445336
256   11460420
256   9612444
256   9430460
256   11044588
256   10247196
256   9947608
256   11111456
256   10960456
256   9995316
256   10213932
256   10412188
256   12430096
256   9560440
256   10128148
256   11223780
256   10815764
256   9576492
256   10863724
256   11169832
256   11503776
256   10563040
256   10336108
256   11001600
256   10378896
256   11402800
256   10606456
256   10136064
256   11564556
256   9497948
256   8640288
256   11279012
256   10800796
256   10541924
256   10413668
256   11223788
256   11348188
256   11175588
256   10282652
256   11767116
256   10741708
256   9687936
256   10651164
256   11490844
256   10583808
256   10508444
256   10055648
256   10391680
256   9368956
256   10245900
256   10840308
256   9910356
256   11426448
256   11075440
256   9635376
256   12057248
256   11214176
256   8902796
256   10355512
256   10885932
256   11834336
256   11026280
256   9794456
256   11144820
256   9247604
256   10309156
256   10878792
256   9730388
256   11911496
256   8953852
256   9118240
256   10232060
256   10222244
256   10924508
256   11047508
256   9642960
256   11737444
256   10528536
256   9823272
256   11732224
256   9440212
256   9132776
256   10471044
256   9840320
256   10715524
256   10864148
256   10071584
256   11670292
256   9993344
256   10423080
256   11322452
256   10335564
256   12031176
256   10150324
256   10035288
256   11118212
256   9904572
256   10703248
256   11349832
256   11362616
256   9445276
256   11304972
256   9942744
256   9825048
256   10694376
256   11247760
256   10857576
256   10702692
256   9430760
256   11194592
256   9494276
256   9525800
256   11519540
256   10858928
256   9346068
256   10365040
256   9302376
256   10599152
256   9251280
256   10443224
256   11844748
256   10003456
256   9384796
256   10072188
256   11049364
256   11165560
256   11254228
256   9790336
256   11400376
256   10021620
256   9284180
256   10870932
256   10089324
256   10922468
256   10777796
256   10809816
256   11540012
256   11378792
256   9736576
256   10538876
256   9917980
256   9395280
256   11320504
256   10163476
256   9414600
256   9650356
256   9957940
256   11395700
256   10641480
256   9726364
256   11263040
256   9372640
256   10513468
256   11553672
256   10857472
256   11044528
256   11105360
256   9880008
256   11156860
256   11178008
256   10813344
256   10855172
256   10240876
256   11883340
256   10928100
256   9427840
256   11184592
256   10860296
256   10676516
256   10931196
256   10756840
256   10119572
256   11436352
256   9601052
256   11389760
256   10528492
256   9754808
256   11371096
256   11157296
256   10270696
256   10827308
256   11107520
256   11433896
256   10068580
256   11542336
256   11508344
256   10869188
256   9177788
256   10567252
256   10761020
256   11428808
256   10529520
256   9992412
256   11079056
256   10816024
256   9048048
256   10704844
256   9785156
256   11064820
256   10535828
256   11093276
256   11231768
256   10920536
256   11214524
256   10990712
256   9849192
256   9295608
256   10782900
256   9755932
256   11430096
256   11309200
256   10298092
256   11731828
256   11466460
256   10307200
256   10707040
256   10068348
256   11405204
256   11162440
256   10181644
256   11061152
256   10035376
256   9582828
256   11193820
256   9804196
256   11269872
256   11505856
256   10424192
256   11661008
256   9925500
256   9492152
256   11092856
256   10385284
256   9541660
256   10474908
256   10664716
256   11235332
256   11262020
256   10554316
256   10512028
256   10135812
256   11283456
256   11286040
256   10019740
256   10928188
256   9492740
256   10996496
256   9795588
256   9920568
256   11353680
256   11013732
256   9493068
256   11500228
256   10008624
256   10848220
256   10344076
256   10072516
256   10828328
256   11610056
256   11362760
256   10752192
256   10081684
256   9033512
256   11195060
256   10051276
256   9849896
256   11364952
256   9248136
256   11332336
256   9721912
256   10145164
256   10870288
256   9588324
256   11144604
256   11029536
256   9685608
256   11245724
256   11308104
256   8886184
256   11348156
256   10243532
256   9860540
256   10619804
256   10299764
256   11394020
256   10284728
256   9792520
256   11412744
256   10268532
256   10037500
256   11537552
256   9654260
256   11571488
256   10443828
256   11163196
256   11922144
256   10878012
256   9886448
256   11138004
256   9743308
256   10451868
256   11177388
256   9509400
256   11080872
256   10760236
256   9432716
256   10831808
256   11384156
256   10185060
256   11973108
256   9533536
256   10347920
256   10726484
256   9803580
256   11258512
256   10772976
256   11057428
256   11559660
256   10341192
256   10600084
256   11708896
256   10300120
256   11404720
256   10735844
256   9644760
256   11259196
256   9659052
256   10480268
256   10902576
256   10101396
256   10764000
256   10872936
256   9529520
256   11445624
256   10455952
256   10169104
256   11273084
256   10747744
256   11496020
256   10926972
256   10008240
256   11699440
256   10198220
256   9531932
256   11525664
256   10624912
256   10671468
256   11184932
256   11163580
256   11660840
256   11097180
256   10824648
256   11482092
256   11041604
256   10252188
256   11051964
256   9888216
256   11412612
256   10386636
256   9993228
256   11063076
256   10323128
256   9868360
256   10504932
256   10935780
256   11900536
256   11512324
256   9360896
256   10484444
256   10989520
256   10193248
256   10969868
256   10184284
256   11496804
256   9253032
256   9364376
256   10748616
256   10157940
256   11720548
256   10702636
256   10581376
256   11083124
256   10737048
256   9388264
256   11213720
256   9563300
256   11004272
256   10281768
256   10138528
256   11866780
256   9687548
256   9783016
256   10998108
256   9361448
256   10799192
256   9597072
256   10307156
256   11389316
256   11037040
256   10436968
256   11077340
256   10843528
256   9912804
256   10823296
256   9731656
256   11546916
256   10098048
256   10606732
256   9960044
256   11197520
256   10952636
256   10510660
256   9196488
256   11304032
256   11443536
256   11043600
256   10703024
256   10279524
256   8961060
256   10964920
256   10472056
256   10310184
256   11404076
256   9420528
256   11023052
256   10825804
256   9751648
256   10739328
256   10848080
256   10039664
256   10377408
256   10199952
256   11453980
256   10086604
256   10773340
256   10811120
256   11121928
256   11258444
256   11199120
256   10672472
256   11313316
256   10112468
256   11069460
256   10822232
256   11175408
256   11364648
256   11720476
256   10693404
256   11924464
256   10470316
256   9470888
256   11040304
256   9275476
256   9576312
256   11141052
256   10823808
256   10994616
256   10315368
256   10146108
256   11617496
256   11259508
256   10083876
256   11515636
256   9084788
256   10906952
256   11445944
256   8987080
256   11722524
256   9746976
256   11119780
256   10492352
256   10083956
256   11808052
256   10547100
256   10381452
256   10171436
256   11533344
256   9210644
256   9626760
256   10925816
256   11108444
256   10698548
256   9945896
256   11082904
256   10079752
256   11167224
256   10365960
256   9598308
256   11741720
256   11037084
256   9410296
256   11808640
256   11209640
256   10752616
256   11530704
256   11427232
256   9218704
256   10157764
256   9495572
256   12051800
256   11340728
256   9961992
256   11502192
256   10060020
256   9591800
256   10613472
256   11767000
256   11403148
256   11143472
256   10619072
256   11310472
256   10179904
256   11197152
256   10479992
256   10733620
256   11853504
256   11021836
256   11350272
256   10928504
256   11427648
256   10413048
256   10348872
256   9688076
256   11094504
256   9752212
256   10031780
256   11224052
256   11077116
256   9290984
256   10724928
256   10958956
256   11129800
256   10677836
256   9376020
256   11481036
256   9590120
256   8580792
256   11065816
256   9756692
256   9712720
256   10997632
256   10028472
256   11167728
256   10896256
256   9253948
256   10254996
256   9913144
256   11627528
256   11183420
256   10522344
256   11021088
256   10834028
256   9509864
256   11518132
256   9402032
256   10418664
256   10433288
256   11307424
256   11240928
256   11022060
256   8855000
256   11594580
256   11338944
256   9548460
256   11149824
256   11177016
256   10969116
256   10843840
256   10503948
256   11658852
256   11250872
256   10235400
256   11181288
256   9616028
256   9259572
256   10578504
256   10096300
256   10803704
256   10702408
256   10118356
256   11345380
256   9384484
256   9290428
256   10570196
256   11319984
256   11526760
256   10870892
256   9750276
256   10897312
256   9233424
256   10563212
256   10442272
256   9881800
256   11617104
256   10748336
256   9636112
256   11482500
256   10501532
256   10522168
256   11049156
256   11195260
256   9883128
256   11009836
256   9628924
256   11496732
256   11499992
256   10021492
256   11328668
256   11472296
256   9386628
256   10332932
256   10429444
256   11294700
256   10443264
256   10559196
256   11319776
256   9285864
256   11390320
256   10832900
256   10766284
256   8932396
256   11021372
256   10974588
256   12087688
256   10818328
256   9739724
256   10741996
256   9206988
256   10412216
256   11865936
256   11538888
256   10999188
256   9595972
256   10753724
256   11545052
256   10235612
256   10227840
256   10842596
256   9974400
256   11180156
256   10497216
256   9888060
256   11257812
256   9472012
256   11194912
256   10389916
256   10125408
256   11427184
256   9827468
256   9983088
256   10825984
256   10285136
256   10282692
256   11138216
256   11122412
256   11189232
256   10918316
256   10137684
256   11080184
256   11120856
256   10134568
256   10692028
256   9701872
256   11132064
256   10772164
256   10915328
256   10842696
256   9814780
256   10337240
256   11151184
256   9235784
256   11573864
256   11364024
256   10619052
256   11192668
256   10717736
256   10366340
256   11143356
256   9948744
256   10340324
256   11013032
256   9065716
256   11335488
256   10258904
256   10332536
256   11309948
256   10264164
256   11492928
256   10491848
256   11118148
256   11003380
256   10922356
256   9278192
256   11049476
256   10662892
256   10396876
256   11264056
256   9697952
256   11400112
256   9956536
256   11204280
256   9901312
256   9824112
256   10774800
256   11105976
256   8939868
256   11468324
256   10278564
256   10016420
256   11086448
256   11515684
256   9640156
256   11117248
256   9841308
256   11121936
256   9762424
256   10866636
256   10033884
256   11206044
256   9554244
256   10706672
256   10268900
256   11088380
256   10608752
256   9658372
256   11138776
256   9931076
256   10694008
256   11712768
256   9477240
256   11190380
256   10819828
256   10733792
256   11098672
256   10736960
256   9649656
256   10978868
256   9662100
256   11677060
256   11089936
256   9981596
256   11164236
256   11072424
256   11270884
256   11656060
256   10196888
256   9967932
256   10336132
256   11081568
256   10707468
256   11548032
256   10572612
256   11074860
256   9673680
256   10461620
256   10894196
256   10222688
256   11363804
256   11143496
256   11714204
256   10915316
256   10473220
256   10024816
256   10426500
256   11039828
256   11398716
256   11812632
256   9367548
256   11823792
256   10815316
256   9913284
256   11003932
256   9743300
256   11318404
256   10253192
256   9429476
256   11682524
256   10877220
256   9180336
256   10188496
256   11078640
256   11125848
256   9385764
256   10904580
256   11067992
256   9944056
256   11358000
256   11429168
256   10737296
256   11124324
256   9453412
256   10397584
256   11460288
256   9879784
256   11641228
256   10970448
256   9982268
256   11313024
256   10517376
256   10457380
256   10405684
256   10231088
256   11481076
256   11035696
256   11510652
256   11219944
256   11082684
256   9329680
256   11607780
256   11162276
256   9876016
256   11243916
256   10388836
256   11467816
256   10192452
256   9883276
256   10846784
256   9992132
256   9985932
256   10532952
256   9533936
256   11554848
256   9599940
256   9940696
256   11505448
256   10149944
256   11303080
256   10706788
256   10404304
256   11219396
256   10615124
256   10542876
256   11246772
256   10939864
256   11074708
256   10850344
256   9529180
256   11477912
256   10495352
256   9692964
256   10780616
256   10673260
256   10856640
256   10268152
256   9828132
256   11225992
256   11002720
256   10930216
256   11890040
256   11080640
256   9728480
256   11295004
256   10916452
256   11940248
256   10671976
256   11440828
256   10990824
256   10777768
256   10032596
256   10671952
256   10309728
256   11552520
256   9749172
256   10778224
256   11688400
256   11031044
256   11013020
256   11047336
256   11559160
256   11152344
256   10435420
256   11054028
256   11513584
256   9659408
256   9745860
256   11176344
256   9542664
256   11551932
256   10767216
256   10067820
256   10917476
256   9597892
256   11255296
256   9813700
256   9801776
256   11548116
256   11333576
256   11555340
256   11077384
256   11044080
256   11463336
256   9801352
256   9164108
256   11167224
256   10838112
256   10998556
256   10637444
256   10991832
256   11515364
256   10341792
256   9634992
256   10414748
256   10231684
256   11185616
256   11085192
256   10745596
256   11067664
256   9467964
256   9587416
256   11622080
256   11075040
256   11096876
256   10942048
256   11113628
256   10997636
256   10273244
256   9229444
256   10608196
256   10223388
256   11457124
256   10972652
256   11082084
256   11335892
256   9075112
256   11289456
256   10261156
256   9508440
256   10273580
256   10810048
256   11099056
256   11000376
256   11034564
256   9645464
256   10166808
256   10055256
256   10091588
256   11346372
256   10155020
256   11256276
256   9674764
256   9675196
256   10773568
256   10241644
256   10003372
256   10493036
256   10301620
256   12143244
256   10434164
256   9498152
256   10592820
256   11211172
256   10810856
256   10866324
256   10019304
256   11382064
256   10029076
256   9358200
256   9513864
256   9162908
256   10996588
256   11128160
256   11398108
256   11598576
256   10586756
256   9633988
256   11813428
256   11274132
256   9932416
256   10700852
256   10605316
256   9153192
256   10778804
256   10393268
256   11500608
256   11599896
256   10172140
256   11154668
256   9869240
256   9393880
256   10625776
256   11728484
256   11381148
256   10828828
256   10456404
256   11721712
256   10382936
256   10972904
256   10773272
256   10531784
256   9796524
256   11673808
256   10931984
256   11357348
256   11707308
256   9558600
256   11873792
256   10179644
256   9522664
256   11194048
256   10485592
256   11826624
256   10407828
256   9486548
256   11258680
256   10474424
256   10025704
256   11560064
256   9823868
256   11325124
256   11309692
256   9643148
256   10861820
256   9692984
256   11354904
256   11085952
256   11229604
256   10748216
256   10406368
256   9750060
256   10659700
256   10720912
256   11864560
256   10986908
256   10474984
256   11071792
256   9609632
256   10501152
256   10987964
256   10999836
256   11683600
256   10830244
256   10359092
256   11068604
256   10652408
256   9212288
256   10824836
256   11032768
256   11529124
256   11216520
256   9491924
256   11645400
256   9749812
256   9977836
256   9924064
256   9929076
256   11281508
256   11345592
256   10687884
256   11081500
256   10199428
256   9208560
256   11603580
256   9653580
256   11725684
256   11282408
256   10003808
256   11084832
256   11006864
256   10803856
256   10124908
256   10835364
256   11494800
256   10589296
256   9587620
256   11368292
256   10832596
256   10779204
256   11241644
256   10863540
256   10932156
256   10602764
256   9861264
256   11600948
256   10685608
256   9105648
256   10620552
256   10071248
256   9897740
256   10816568
256   9244760
256   11236940
256   10810256
256   10008520
256   10919020
256   9220356
256   10089232
256   10558712
256   9767728
256   11176200
256   10558792
256   10253132
256   10470056
256   11180472
256   11612868
256   10422856
256   11198092
256   10789356
256   9924436
256   9434036
256   10847640
256   10979160
256   11609060
256   11470056
256   10279028
256   10927872
256   11143488
256   10366304
256   11248308
256   11002756
256   10708044
256   10599692
256   9561024
256   10623952
256   11091720
256   10845816
256   10947776
256   11141432
256   10856848
256   11051092
256   11294768
256   11648364
256   10798804
256   11137372
256   11660864
256   11436384
256   9430964
256   10938092
256   10449788
256   10961584
256   10939232
256   9740116
256   11376608
256   11219756
256   10271904
256   10341300
256   9858504
256   11496956
256   10748964
256   10743340
256   11575228
256   9286944
256   9464040
256   11309188
256   10967056
256   10858060
256   11356316
256   10829880
256   10993380
256   11021688
256   11110892
256   10026884
256   10619644
256   11778572
256   9602236
256   10691364
256   10743012
256   9674876
256   10948792
256   9692356
256   11681716
256   11404216
256   10126644
256   11031552
256   10621644
256   11017172
256   11404172
256   10621300
256   9792680
256   11080944
256   9777588
256   9431132
256   10891516
256   10178472
256   9149448
256   9743876
256   10893376
256   11064628
256   10993068
256   8855640
256   11006840
256   11114552
256   10900448
256   11302976
256   10701924
256   9709060
256   11089268
256   10322088
256   11717544
256   9901480
256   11644240
256   11734128
256   10645744
256   9925932
256   10673552
256   11192240
256   11172916
256   10792740
256   9531984
256   11133212
256   10509612
256   10541144
256   11508596
256   10700932
256   9629552
256   11434868
256   10559000
256   10642492
256   10019040
256   10345048
256   11339144
256   9322264
256   11041044
256   11578812
256   10322740
256   9907112
256   10457184
256   9455732
256   11326080
256   10929508
256   11584736
256   10922684
256   10425416
256   10952804
256   10100820
256   9909936
256   11236572
256   9423024
256   9071620
256   10800508
256   9258360
256   11205916
256   11338908
256   10886956
256   11764724
256   10015140
256   10573416
256   10574508
256   10364664
256   11261120
256   10051160
256   9537232
256   11239484
256   9556784
256   9967244
256   11349748
256   10585500
256   11622404
256   11367512
256   10600632
256   11611192
256   11165680
256   9476304
256   10861928
256   10141420
256   9826056
256   11571440
256   9555564
256   11713044
256   11188368
256   9265552
256   11309928
256   10488656
256   10209864
256   10801200
256   11079252
256   11073168
256   11224564
256   9992068
256   11293056
256   9733456
256   11236952
256   11926212
256   9833616
256   11045600
256   11171496
256   10438036
256   11124864
256   11796772
256   9613688
256   10262016
256   10806644
256   10087676
256   10509572
256   10316316
256   11126592
256   10056100
256   10504488
256   11441100
256   11000232
256   10186468
256   10380392
256   9452612
256   11362768
256   10122056
256   9342608
256   10924508
256   10717124
256   11007760
256   10749536
256   9754640
256   11349124
256   9381928
256   10639548
256   10755776
256   9735268
256   11543032
256   10876992
256   11500576
256   11727920
256   10888524
256   10254292
256   10610396
256   10426104
256   10873736
256   11068028
256   10468744
256   11096108
256   9743112
256   10756256
256   11517108
256   10786548
256   11648276
256   10536836
256   10168440
256   11383160
256   10477120
256   9266628
256   11853752
256   10095164
256   9511660
256   11117632
256   11353776
256   10701296
256   10293176
256   11592112
256   10880236
256   11111852
256   9863268
256   11348508
256   10911864
256   11599488
256   9695496
256   10837464
256   11456904
256   9303944
256   10894616
256   11056868
256   11296032
256   11799596
256   9496500
256   10602704
256   11255892
256   8816660
256   9257088
256   10987352
256   10546196
256   11548612
256   10028340
256   11279060
256   11121744
256   9647652
256   10823588
256   10888676
256   9712272
256   10929712
256   9746108
256   10961620
256   10490240
256   10309548
256   11336988
256   11542816
256   9294272
256   10778948
256   11248684
256   9606964
256   10581164
256   10414252
256   10819836
256   11060064
256   9889768
256   10833656
256   10841104
256   10191480
256   11129088
256   10324192
256   11093808
256   11092924
256   11570916
256   10948012
256   11221688
256   9977688
256   10760064
256   10763696
256   9380532
256   11333996
256   10839256
256   11737832
256   11169772
256   8877864
256   10936424
256   10366600
256   10248848
256   10411264
256   10402260
256   11761780
256   10710924
256   11583164
256   10487400
256   10792332
256   10052632
256   10782948
256   10157476
256   11233860
256   10633080
256   9591356
256   11558868
256   9504448
256   9453812
256   10887084
256   10807392
256   11069700
256   11006476
256   9241672
256   11224604
256   11478516
256   10213844
256   10364152
256   9595664
256   10990956
256   10843420
256   11294524
256   11028120
256   9746316
256   9984856
256   11355968
256   9795900
256   11324216
256   10441588
256   10858384
256   11062912
256   11067700
256   10894480
256   10397172
256   9357096
256   10615340
256   10125508
256   10898856
256   11600636
256   9830780
256   10272484
256   11235812
256   10668196
256   11268632
256   10334220
256   9513752
256   10306640
256   11534892
256   9519300
256   11957736
256   11630388
256   9448072
256   11273240
256   11373264
256   9740484
256   10620328
256   9493456
256   11348740
256   11255916
256   10224792
256   11767044
256   10935452
256   9949212
256   10306856
256   10318020
256   10904976
256   11040772
256   10428976
256   11360468
256   10701284
256   10631576
256   11043204
256   9873708
256   11171456
256   11339076
256   11091068
256   11097592
256   11547940
256   9538700
256   11129528
256   9869492
256   11457228
256   10818676
256   9588208
256   10790788
256   9536660
256   10642836
256   10626912
256   10648776
256   9245424
256   11174196
256   11097712
256   11223096
256   9810472
256   9567544
256   11040536
256   9179244
256   9386608
256   11270188
256   11088928
256   11264184
256   11192872
256   9759916
256   10116564
256   9550148
256   11323184
256   11063848
256   9735128
256   11525688
256   11560572
256   9724560
256   11494880
256   10909680
256   10007996
256   10706856
256   10869896
256   10680712
256   11397876
256   9596792
256   10953132
256   9410596
256   8977272
256   10763264
256   10648332
256   10903648
256   10815760
256   10345688
256   11760896
256   11387184
256   9777508
256   11499240
256   11222160
256   9798024
256   11685904
256   10063680
256   11481100
256   9816068
256   10989768
256   10098256
256   10034160
256   11283316
256   10909812
256   11640672
256   11424800
256   11345496
256   10205396
256   11286564
256   9742616
256   10555160
256   10867956
256   10293696
256   11454160
256   10435860
256   9304584
256   11172168
256   10070704
256   11404004
256   11225560
256   9527100
256   11331328
256   9055580
256   9308804
256   11382656
256   11265104
256   9505924
256   10758712
256   9539784
256   10890328
256   9420448
256   9148548
256   10529404
256   10522392
256   11179732
256   10783688
256   10804372
256   11348116
256   10500876
256   11182780
256   10300388
256   9555732
256   9319708
256   11092148
256   9236128
256   11322524
256   10821788
256   10285056
256   10923692
256   10671780
256   9687596
256   10748404
256   9631656
256   11491608
256   11432076
256   9323268
256   11284836
256   10405964
256   10663996
256   11636048
256   10292348
256   9019492
256   10974972
256   10251348
256   11545592
256   11354100
256   11581072
256   10976320
256   11376816
256   10009720
256   11496492
256   10137712
256   9509128
256   10561812
256   10116864
256   11568984
256   11577648
256   9292680
256   11302396
256   10955064
256   11341908
256   10791784
256   11117704
256   10885700
256   10572536
256   10869996
256   11168060
256   9414472
256   10766964
256   11280184
256   9962300
256   10332028
256   10841740
256   10896080
256   11481248
256   10225816
256   10654276
256   10318860
256   10689512
256   10558964
256   11671656
256   11153384
256   11797888
256   11404736
256   9362572
256   11495548
256   10207732
256   9500092
256   10933688
256   10314616
256   11123624
256   9764704
256   10655356
256   11417212
256   10864832
256   11445880
256   11674324
256   10200916
256   10657064
256   10988744
256   9882320
256   11117232
256   9853584
256   9364764
256   10482596
256   10410704
256   11771680
256   11488988
256   9074600
256   11184624
256   9628748
256   10505232
256   10683016
256   10962136
256   10340916
256   10975188
256   11437248
256   11796376
256   9310084
256   10534844
256   10687572
256   9759404
256   11763724
256   10522564
256   9608404
256   11385428
256   10565712
256   10936888
256   10908428
256   10655380
256   10071152
256   11549992
256   9556944
256   11451444
256   11060504
256   11059588
256   11142996
256   10827864
256   9189148
256   10990460
256   11346192
256   11349012
256   9955528
256   10510968
256   10755436
256   10314068
256   10182760
256   11133560
256   9349384
256   11616116
256   11147292
256   9589012
256   11350940
256   11255284
256   9851144
256   10820812
256   11241996
256   10759868
256   10073616
256   11340600
256   11620016
256   10952300
256   10362204
256   10355384
256   11126152
256   11967012
256   10763868
256   10565780
256   11293152
256   10388944
256   10550276
256   10523648
256   9238936
256   11601264
256   10733780
256   10159316
256   11651520
256   10202064
256   11556156
256   10503564
256   9995892
256   11573224
256   10562732
256   9981356
256   11207088
256   9848088
256   11695064
256   10097588
256   10747300
256   10880776
256   9592800
256   9352484
256   10299244
256   11160080
256   11629876
256   10233272
256   10317572
256   11340488
256   11030476
256   10758700
256   11195216
256   10912772
256   11795016
256   10742424
256   9228616
256   11258996
256   10927448
256   11544648
256   9977264
256   9191864
256   11278352
256   11084632
256   11308656
256   10924484
256   10378196
256   11084196
256   10405612
256   11340024
256   11295880
256   10440856
256   10432204
256   10716456
256   9947064
256   11367576
256   10944944
256   10870380
256   11217648
256   10150968
256   11121252
256   11733828
256   9934308
256   10847264
256   11083176
256   10954068
256   11590508
256   10354168
256   10952260
256   10782040
256   11350588
256   10436976
256   10548116
256   9910828
256   11442976
256   10191656
256   9415564
256   11223728
256   10216224
256   11384012
256   10801196
256   10200952
256   10883604
256   10634248
256   9182096
256   10075896
256   10679632
256   11012132
256   11191032
256   11128780
256   11472488
256   10657836
256   9994052
256   10407452
256   10132968
256   11696400
256   10837872
256   9543308
256   10897764
256   10299640
256   10089080
256   10302528
256   10737264
256   11789852
256   10632644
256   9413336
256   11358656
256   10668396
256   10944688
256   11351984
256   10693928
256   11519712
256   11587664
256   10230868
256   11350360
256   9983460
256   11324884
256   10410760
256   11058608
256   11313440
256   10941044
256   10890520
256   11160356
256   10511668
256   9188280
256   10684068
256   9778940
256   10053896
256   10945624
256   11275620
256   11666940
256   10485432
256   9554888
256   10730104
256   9975276
256   11456620
256   11260192
256   9645620
256   10964764
256   9840204
256   10647132
256   11158100
256   10625516
256   11098048
256   10415708
256   10760584
256   11481660
256   11084604
256   11214932
256   10682556
256   11077204
256   11500148
256   11484848
256   9557216
256   11389320
256   10035220
256   9199620
256   10479708
256   10744580
256   11081292
256   9750176
256   9527904
256   10962184
256   9308432
256   11183132
256   10169932
256   10899172
256   11038344
256   10668884
256   9053296
256   11122292
256   10597152
256   10691684
256   10900400
256   10952484
256   10734468
256   10496768
256   10814156
256   10460244
256   10682776
256   11235852
256   10441956
256   10088588
256   11348820
256   10755516
256   11247568
256   11454656
256   9235856
256   10517908
256   11109816
256   10889332
256   11745972
256   10884804
256   10618372
256   11258724
256   10686912
256   10157524
256   11499248
256   9690104
256   9506276
256   11081944
256   9402836
256   11916344
256   10965532
256   10486960
256   10224264
256   10105324
256   11032356
256   10723068
256   11366888
256   11245984
256   9924680
256   9877352
256   10290048
256   10397012
256   12041568
256   10986008
256   9470628
256   11070656
256   10605124
256   9977944
256   10084480
256   10777184
256   11145220
256   10540764
256   11286732
256   10900052
256   10109816
256   11107544
256   10702520
256   10471564
256   9737812
256   9727044
256   10827184
256   11002492
256   11234444
256   10576288
256   11808260
256   11514536
256   9335688
256   10854204
256   10916000
256   11120412
256   10211836
256   10275296
256   11741756
256   10382468
256   10436908
256   11270564
256   11339380
256   9679392
256   10671396
256   9285524
256   11234592
256   10766364
256   11089924
256   11044960
256   11075668
256   10826520
256   11295204
256   9144472
256   11329448
256   9921560
256   10000196
256   11298464
256   10286836
256   10793224
256   10923800
256   10729816
256   11434880
256   9377048
256   9361836
256   10143504
256   9283304
256   11408840
256   11002476
256   11491524
256   11392348
256   10676108
256   11301080
256   11002096
256   9302412
256   11098236
256   10603332
256   9798284
256   11079176
256   10166048
256   9981656
256   9878152
256   9943664
256   9348268
256   10658864
256   10257436
256   11345280
256   9877428
256   10674232
256   11056828
256   10567724
256   9982036
256   11256088
256   10522600
256   10680724
256   9874352
256   10493384
256   11050604
256   10653972
256   11004652
256   10752056
256   10073856
256   11548036
256   10835828
256   9996836
256   11689732
256   9873144
256   9457356
256   11896752
256   9414880
256   9622868
256   10483444
256   9222944
256   11260680
256   10659496
256   10596180
256   10686684
256   10092672
256   10987376
256   10969916
256   9607460
256   11493640
256   10989260
256   10647236
256   11378968
256   10028608
256   10078536
256   10804888
256   11069288
256   11250864
256   10220272
256   9835944
256   11552720
256   10704028
256   9742704
256   11089028
256   9822340
256   9513488
256   11251068
256   10738972
256   11130600
256   10804768
256   9553072
256   11912320
256   10792320
256   8922476
256   11045728
256   11006796
256   11320668
256   11262224
256   9558760
256   11253896
256   10998668
256   11271956
256   10746432
256   10537024
256   11213740
256   10868244
256   9457132
256   10755092
256   11438972
256   11021308
256   11306248
256   10221296
256   10455836
256   11469232
256   9412672
256   11032952
256   10396728
256   10335604
256   10366400
256   10646504
256   9245412
256   10588488
256   10716856
256   11253444
256   11307300
256   11057512
256   10892852
256   10616768
256   11392260
256   11346216
256   9355892
256   11130468
256   10464180
256   10308008
256   10384060
256   10544092
256   10848992
256   11291904
256   10981536
256   11428564
256   8851188
256   9779468
256   11154080
256   8786684
256   10958192
256   10736420
256   9350532
256   11245444
256   10702060
256   9549404
256   11160480
256   9229528
256   10444324
256   10818692
256   9865068
256   11086628
256   11029888
256   11457416
256   10023032
256   9586848
256   9683944
256   10426236
256   10707716
256   11620616
256   9718732
256   9221684
256   11047244
256   9962408
256   9668224
256   10868296
256   10767996
256   11509844
256   10959888
256   9501176
256   11258044
256   11531528
256   11229724
256   10652972
256   11246784
256   9247900
256   11092828
256   10095292
256   11599432
256   11070792
256   11225996
256   11188052
256   11187992
256   10753500
256   11045168
256   9895844
256   10135928
256   11094352
256   9799280
256   10097084
256   10790280
256   11324468
256   11404772
256   10982204
256   9408172
256   11359580
256   11025240
256   11151088
256   10660112
256   9455172
256   11459028
256   9655672
256   10186844
256   11414984
256   11131000
256   10592164
256   11182104
256   10044912
256   11779360
256   9320912
256   9482024
256   11441332
256   10080060
256   11167124
256   10900256
256   9448396
256   11493004
256   9807208
256   10130388
256   10815552
256   11306072
256   11135620
256   10989548
256   11061896
256   11098664
256   10595340
256   10328328
256   11613956
256   9830148
256   9882080
256   10524708
256   10179396
256   11404644
256   10976156
256   10433048
256   11222168
256   9936744
256   9403800
256   10924072
256   10571764
256   11885028
256   10512824
256   10251760
256   11561896
256   9996260
256   10416692
256   11072088
256   8966656
256   11280720
256   10527860
256   11426704
256   11114664
256   9934848
256   9459796
256   11314288
256   10166760
256   11240892
256   10827740
256   10838200
256   11043576
256   10668548
256   9698668
256   10540872
256   11359480
256   11147884
256   11247488
256   9137976
256   11343356
256   10040928
256   9467676
256   10890556
256   10700764
256   11341044
256   11069260
256   9891888
256   11350164
256   10756600
256   11185356
256   11361712
256   10967984
256   10799000
256   10525776
256   9626864
256   11552424
256   10830052
256   9551360
256   11091044
256   9937820
256   11606812
256   10466976
256   11414960
256   11260960
256   11620876
256   10330872
256   10769196
256   9959208
256   10526432
256   10489208
256   10795668
256   11260552
256   11254216
256   10878820
256   10994476
256   9981136
256   11296340
256   11560588
256   9553788
256   10937668
256   9646824
256   10770872
256   10715960
256   11360776
256   11600712
256   10176424
256   10483296
256   11124852
256   10796064
256   10041460
256   11028068
256   10826644
256   11263888
256   10996388
256   8939724
256   11734640
256   10440760
256   11032288
256   10840824
256   9516864
256   11102864
256   10647012
256   9595192
256   11860436
256   11226120
256   9523476
256   11495000
256   10744824
256   11434840
256   11219752
256   10595740
256   11436256
256   11065628
256   11448260
256   10428208
256   10675256
256   11259508
256   11131140
256   9750896
256   10280596
256   10686228
256   11533948
256   10545076
256   10352308
256   11213072
256   10368668
256   9252096
256   10893596
256   10329712
256   11562640
256   10788040
256   10232924
256   11112972
256   9445420
256   9784092
256   10675848
256   10368076
256   11566832
256   9942484
256   10799852
256   10792900
256   9922368
256   11137204
256   9646040
256   10038388
256   11236788
256   11041224
256   10567040
256   10808564
256   10508468
256   11647104
256   10912960
256   10790124
256   11837964
256   11276688
256   9864584
256   10776812
256   10358400
256   11638224
256   11456652
256   10882936
256   10971900
256   9714312
256   11002948
256   11449096
256   10315260
256   11473544
256   10425528
256   9694800
256   11295104
256   11119352
256   9212404
256   11553340
256   11263528
256   11670152
256   10914608
256   9490876
256   11771456
256   11270728
256   9584572
256   11006036
256   9564040
256   9918200
256   10983216
256   10748708
256   11445944
256   11028372
256   10696912
256   10346252
256   11023556
256   11170820
256   11786728
256   9422928
256   10990224
256   9772244
256   9604692
256   10753388
256   11250024
256   11264572
256   10283788
256   10013108
256   11519956
256   9661904
256   10682904
256   10731680
256   11080832
256   11684664
256   11140116
256   9408488
256   11484576
256   9851032
256   11794876
256   10749132
256   10363336
256   11174112
256   10949424
256   8718588
256   10699132
256   9842644
256   11232412
256   9416344
256   10741624
256   11525236
256   11190480
256   10502532
256   11296076
256   10143520
256   9217200
256   10288688
256   11249408
256   11633724
256   11361848
256   10448908
256   11058680
256   10771432
256   10293652
256   9745728
256   11130520
256   11537596
256   10381384
256   10497220
256   11085524
256   11690676
256   8851892
256   11003980
256   9965584
256   11102304
256   11058536
256   10463252
256   11392664
256   11648016
256   10547764
256   11228064
256   9507832
256   10834272
256   11551256
256   9184740
256   11987992
256   9323072
256   10993740
256   9774416
256   10740144
256   10751400
256   10431292
256   11133972
256   10728540
256   10460476
256   10081812
256   9977756
256   10066264
256   11795608
256   9607304
256   9735008
256   11805736
256   11255616
256   10552708
256   11035244
256   10588012
256   11596200
256   9591520
256   10435684
256   11043900
256   11170452
256   10835012
256   10734648
256   9847544
256   11432492
256   11375144
256   11288820
256   11466640
256   9670944
256   11141116
256   10692700
256   10399684
256   10009128
256   10270856
256   10825652
256   11151932
256   10319644
256   9285284
256   10860096
256   10766800
256   10849180
256   9960008
256   11310552
256   11764076
256   10947296
256   9686580
256   10631176
256   9362568
256   11539508
256   11263340
256   10154008
256   10965236
256   11629156
256   10717776
256   11299044
256   9254668
256   11093660
256   11343776
256   10420232
256   11766156
256   9292840
256   9665460
256   11108044
256   10238968
256   12000724
256   10816876
256   9964084
256   11313204
256   10995728
256   9546716
256   9963080
256   11402496
256   10899960
256   11067012
256   9683456
256   11085680
256   9642136
256   10437420
256   10249412
256   9244908
256   12003480
256   11248444
256   10692932
256   10908400
256   10420164
256   11301816
256   10325996
256   9619076
256   11125664
256   10842408
256   10143308
256   11366364
256   10798148
256   9784940
256   10921516
256   11126508
256   11388496
256   11246536
256   11226384
256   11159504
256   10906204
256   11185808
256   10939148
256   11321740
256   9453644
256   10163512
256   10197216
256   11244300
256   11027612
256   9999232
256   10150208
256   10463888
256   11832504
256   10893388
256   11363692
256   11511804
256   10537884
256   10829284
256   10718184
256   10681012
256   11142040
256   10960812
256   10919536
256   11307340
256   11423260
256   9780932
256   11062004
256   10461016
256   11515060
256   10449736
256   10037864
256   11547676
256   11134492
256   10713416
256   10243944
256   10827756
256   10778688
256   10834616
256   11304092
256   11023644
256   9426772
256   11407512
256   10298352
256   10532976
256   11531020
256   10671720
256   10882444
256   11152480
256   9891452
256   11190144
256   10746820
256   10514776
256   11848020
256   11415564
256   9846696
256   10984656
256   9765860
256   11982908
256   9462248
256   9890764
256   10934388
256   9898612
256   11502540
256   10997016
256   11094152
256   10854076
256   10221280
256   10706856
256   11341084
256   10611048
256   11250392
256   10632384
256   9916544
256   11433240
256   10500260
256   9641700
256   10569468
256   9589116
256   11527512
256   11097928
256   10411428
256   11341928
256   10192544
256   10570300
256   11207088
256   9945572
256   11192588
256   10983640
256   10878940
256   11602932
256   10019984
256   9945824
256   11173084
256   9707720
256   11444340
256   11263548
256   9235920
256   10875876
256   9746828
256   10404180
256   11046136
256   9859988
256   11417804
256   10698940
256   10261968
256   11771200
256   11659164
256   10945096
256   11266916
256   11253116
256   11222512
256   10193436
256   9815328
256   11126692
256   9686528
256   11125724
256   11531968
256   9715976
256   11840484
256   10194772
256   11154656
256   11045204
256   9309880
256   9184552
256   10274820
256   10313800
256   11342844
256   11166240
256   11250504
256   11422500
256   9989284
256   10087404
256   10789396
256   9544264
256   11703376
256   10239536
256   10059288
256   10854264
256   10351992
256   11208884
256   11231024
256   10868764
256   11591868
256   11412140
256   9374956
256   10322072
256   9467900
256   11338196
256   11610744
256   9344280
256   11332988
256   10055856
256   9602416
256   11152972
256   9756412
256   11362772
256   10286456
256   10662092
256   11202452
256   9850236
256   10509136
256   11584112
256   11271856
256   9884644
256   10750408
256   10968284
256   10958132
256   9366044
256   9703740
256   11245248
256   11035356
256   10420076
256   10520384
256   10351344
256   11485916
256   11655448
256   11306368
256   10977128
256   11155552
256   9256016
256   11342888
256   11298880
256   11448640
256   10862152
256   10711192
256   11387472
256   10189736
256   9825880
256   11200120
256   11045564
256   10387396
256   10661512
256   10801992
256   10802908
256   10893124
256   11364328
256   11744712
256   9038164
256   9653380
256   10468580
256   11049156
256   11594912
256   10516596
256   11549480
256   10023172
256   11392288
256   9146156
256   11234264
256   8831200
256   9604736
256   10740352
256   10650144
256   11582876
256   11144260
256   10481528
256   10376384
256   9902552
256   10029036
256   10770724
256   10468192
256   10736868
256   11238184
256   10714724
256   10658016
256   9548220
256   10998004
256   11196856
256   10981380
256   11276404
256   10057056
256   10109840
256   10393340
256   10545496
256   12272004
256   11538160

