8   273392
55   1719520
256   8715800
256   9263040
256   8785840
193   6438804
256   8521560
256   8412440
256   8693028
256   8654544
256   7978896
256   7945428
256   9027320
256   8651568
256   8666048
256   8336060
256   8740824
256   8650220
256   8477888
256   8463204
256   8126280
256   8529344
256   9028328
256   8851196
256   8734632
256   8462104
256   8773948
256   8398524
256   8761056
256   8193872
256   8369248
256   8229260
256   8776064
256   8373012
256   8036004
256   10434812
256   10942324
256   9545504
256   11025680
256   10236092
256   9331236
256   9569888
256   11103308
256   10694900
256   9365864
256   10972428
256   10396316
256   9554400
256   9145304
256   10862300
256   9779744
256   9322612
256   11776204
256   10174100
256   9456040
256   10651816
256   10991052
256   9362524
256   10005060
256   10890648
256   10680300
256   9194392
256   11130328
256   9856124
256   8884156
256   11085252
256   10353524
256   8987208
256   10015636
256   10671744
256   10086164
256   10971112
256   10504968
256   10745408
256   10510488
256   10720496
256   10952284
256   10938492
256   10183772
256   11265524
256   10209468
256   9941896
256   11042932
256   9372668
256   9560428
256   11047800
256   9933520
256   9343832
256   10451224
256   9192944
256   9168992
256   10874260
256   10948180
256   9393160
256   10772396
256   11021756
256   10114784
256   11074892
256   9238928
256   10882252
256   10166784
256   10377304
256   10614912
256   10330840
256   9624576
256   10751304
256   9708216
256   10837844
256   10469060
256   9827988
256   10589040
256   10504460
256   10135548
256   10890096
256   11114172
256   10411108
256   11063792
256   9669660
256   9428960
256   10254380
256   10552720
256   9651716
256   10842404
256   10252036
256   11171664
256   9839216
256   9534240
256   9323076
256   10715192
256   10353536
256   11545256
256   9717020
256   9127932
256   10816844
256   10061532
256   10553588
256   10866452
256   9230416
256   9959012
256   11067316
256   9391404
256   10093600
256   11403128
256   9560912
256   8392844
256   9796352
256   9723092
256   9824360
256   9825528
256   9548684
256   11290656
256   10957960
256   10856052
256   10969656
256   10622744
256   8857528
256   11092212
256   10680972
256   10166840
256   10736048
256   10349004
256   8886240
256   11020320
256   10483580
256   9628400
256   11673504
256   11098520
256   9661640
256   10251692
256   11101488
256   8994740
256   10815524
256   10695284
256   9693756
256   10493548
256   9267844
256   9391416
256   9735460
256   10269676
256   11420716
256   9359084
256   8670468
256   11249804
256   9733936
256   9756468
256   10735116
256   9989768
256   10548852
256   11737840
256   10083632
256   9912852
256   11095748
256   9465556
256   9329624
256   10913188
256   10245132
256   10645692
256   10291480
256   8999040
256   11408708
256   9593904
256   10352360
256   11385972
256   10694576
256   9656512
256   10953372
256   10011776
256   10421164
256   10754072
256   10259252
256   10596144
256   10701692
256   10436264
256   9653768
256   10546104
256   9258036
256   10536652
256   10300328
256   9986068
256   10839152
256   10965512
256   9751260
256   11096396
256   11140632
256   10663876
256   10836064
256   10603264
256   9242220
256   10864992
256   10021836
256   9384464
256   10752492
256   9358888
256   10454016
256   10710692
256   9200724
256   11053484
256   10028836
256   11120148
256   10466240
256   10560172
256   9790392
256   10948512
256   11007960
256   8927012
256   10990144
256   9740392
256   9463884
256   9899284
256   9983436
256   9849960
256   11099552
256   11092824
256   9531052
256   10808172
256   10472700
256   10632912
256   10721840
256   9619612
256   9052416
256   11359728
256   9951552
256   10295872
256   11294340
256   9547372
256   9478624
256   10350152
256   10733316
256   10469152
256   11062572
256   9683264
256   8964448
256   11740512
256   10765360
256   10739360
256   11189944
256   9026068
256   9854836
256   11658184
256   8901932
256   9635556
256   9944008
256   10581660
256   9279308
256   10719472
256   9613556
256   9767080
256   10957036
256   9356636
256   10239220
256   9966944
256   10194224
256   9303716
256   11107876
256   9589620
256   11737252
256   10231164
256   10225412
256   11057420
256   10199964
256   9957452
256   10942980
256   10805876
256   10178040
256   10580464
256   10677136
256   11129860
256   11296080
256   10081292
256   10735000
256   10149252
256   10045980
256   10476844
256   11504524
256   10481748
256   9174884
256   10111324
256   9830696
256   10762776
256   10456960
256   9217216
256   10978936
256   10448656
256   9955896
256   10780256
256   10190820
256   10383464
256   10949308
256   10809820
256   10586516
256   9911716
256   9430784
256   9732176
256   10006584
256   9853108
256   11282264
256   10171428
256   11086732
256   10919316
256   9763592
256   9475400
256   11445344
256   10333284
256   10537472
256   10682972
256   10496580
256   9071620
256   10110976
256   10604912
256   9700872
256   10448520
256   10861328
256   10454856
256   9718084
256   10001416
256   11332284
256   10808912
256   10262208
256   11528860
256   10153832
256   9629688
256   11409976
256   10919976
256   9265312
256   9967252
256   10180248
256   10436320
256   10446188
256   9135320
256   10836112
256   10093748
256   10742784
256   10880084
256   9569956
256   9608320
256   11159072
256   10739020
256   10753620
256   11315028
256   10085172
256   9228256
256   10744804
256   10003584
256   9612476
256   10637576
256   10654552
256   11103240
256   10716976
256   8946308
256   10796232
256   10684328
256   10793504
256   10976932
256   10737424
256   10410180
256   11388856
256   9548536
256   9497764
256   9646716
256   9898208
256   9084144
256   10170736
256   9623380
256   11044004
256   9584064
256   10204656
256   11020424
256   9208916
256   10856700
256   11207724
256   9918788
256   9078932
256   10701548
256   10952444
256   10572452
256   10668504
256   9808412
256   10648200
256   10839820
256   9581800
256   10857684
256   9456128
256   9828504
256   11084520
256   10704608
256   10678700
256   10848428
256   10369812
256   10601200
256   10132020
256   10255928
256   10538916
256   10109680
256   9881308
256   8899856
256   10652320
256   10273008
256   10626544
256   10880740
256   10625876
256   11138980
256   9680076
256   10362020
256   11053096
256   10406192
256   10207412
256   10689036
256   10601488
256   10034668
256   11121576
256   9882868
256   9264880
256   10564328
256   9817236
256   11170228
256   10586172
256   10824708
256   10925636
256   10228976
256   10301972
256   10774868
256   9922560
256   10976348
256   10296648
256   10191392
256   9302232
256   11184100
256   10210576
256   9225536
256   10272664
256   11214448
256   9717564
256   10691864
256   10970904
256   11169688
256   9692420
256   10497756
256   11168724
256   9973904
256   10361040
256   10632284
256   10542040
256   9235268
256   10726652
256   9429264
256   11346688
256   10821488
256   9930676
256   11153024
256   9020908
256   9194844
256   11613476
256   10978964
256   10032172
256   11456136
256   10344572
256   8990980
256   11447076
256   8956340
256   10218828
256   9768516
256   10219136
256   10786532
256   9681664
256   9719652
256   10659048
256   9849264
256   9554708
256   10725428
256   10660728
256   9370416
256   11108644
256   10470240
256   9046724
256   10927868
256   8949092
256   9505644
256   10072008
256   9732824
256   10064148
256   10367012
256   9303956
256   11242468
256   9183076
256   9557832
256   10677664
256   10332392
256   10329492
256   10341656
256   9072200
256   9349628
256   10927848
256   10552796
256   9174800
256   11111336
256   8899724
256   10473184
256   10454120
256   9731844
256   10277116
256   11120056
256   9026812
256   11120736
256   10644780
256   9362520
256   8751456
256   9765712
256   11125208
256   11537436
256   10409216
256   8912068
256   10535092
256   9994748
256   9417296
256   10603972
256   9976432
256   10080832
256   10576368
256   9999112
256   9432632
256   10856936
256   10758960
256   9436036
256   10590728
256   10919180
256   10680340
256   11451320
256   9863156
256   9080076
256   9489784
256   9523792
256   10049696
256   11156356
256   10740304
256   10779104
256   10279492
256   10655408
256   10372748
256   10574828
256   9811928
256   11016656
256   10280172
256   9763312
256   11265464
256   10266736
256   9582552
256   10958764
256   10917468
256   9588780
256   11263508
256   10536716
256   10814772
256   11142084
256   10777536
256   10664436
256   10527756
256   9689816
256   9485720
256   10500268
256   10233136
256   11438024
256   10734876
256   9183636
256   11216900
256   10860548
256   10272748
256   11381720
256   9022620
256   9342280
256   10842948
256   10867084
256   9809012
256   9978268
256   10848848
256   10173928
256   10149888
256   9687556
256   11092628
256   9578660
256   9697172
256   10847284
256   10775916
256   9771016
256   11013056
256   9540416
256   8846880
256   11050404
256   10281440
256   11146784
256   10868096
256   10601144
256   11226560
256   10575316
256   9370204
256   10403708
256   9341008
256   9734284
256   10969152
256   10618940
256   9797048
256   11027892
256   9116588
256   9470324
256   10055472
256   10894124
256   9570312
256   11004108
256   10693912
256   11654840
256   10693992
256   9110812
256   10988020
256   11229476
256   9423772
256   10466684
256   9242428
256   9467304
256   9932764
256   9793128
256   10006984
256   9995076
256   10379124
256   9895500
256   10419208
256   9854140
256   10459468
256   11053544
256   9040788
256   10743784
256   10555292
256   9005308
256   10966212
256   9428944
256   9398456
256   10974048
256   9536224
256   8935092
256   9242056
256   11387128
256   9960492
256   9960364
256   9264440
256   10050452
256   11123744
256   9501000
256   8800076
256   10875392
256   10501472
256   11055220
256   10550468
256   10007356
256   11419168
256   9967740
256   9422308
256   11220412
256   10675488
256   9474900
256   11033496
256   10640692
256   10602852
256   10754960
256   11129208
256   9312244
256   11332116
256   11197520
256   10170096
256   10969980
256   10250188
256   10743796
256   11208064
256   9176788
256   9554840
256   11055856
256   10119528
256   9422784
256   10758384
256   10631968
256   9483756
256   10107380
256   9630388
256   11086964
256   10402168
256   11136468
256   11115960
256   11244712
256   9670904
256   11265824
256   11137596
256   10072420
256   9828108
256   10715260
256   11124720
256   10449576
256   9706180
256   11086352
256   8933536
256   9445620
256   11094240
256   9801580
256   10457744
256   10826816
256   11213924
256   10486276
256   11231360
256   9832772
256   9825784
256   9831124
256   8729280
256   10268560
256   10882204
256   8947488
256   11011808
256   10125144
256   8785760
256   10777652
256   10919884
256   9507636
256   10933604
256   9407680
256   10644676
256   11053856
256   9521760
256   11351296
256   10541520
256   9564984
256   10406136
256   9285768
256   10107880
256   10779840
256   9299332
256   10881340
256   11370768
256   9379204
256   9809940
256   10934816
256   10463668
256   9498032
256   10968848
256   9354420
256   11103488
256   10964316
256   8872572
256   9016488
256   10574324
256   8734280
256   9205272
256   10037472
256   9548872
256   10961876
256   11228752
256   11030896
256   11597328
256   10325448
256   9701736
256   11380848
256   9920624
256   9270856
256   11176520
256   9449700
256   9422464
256   10796140
256   9529976
256   9219588
256   9868068
256   9198584
256   10442308
256   11105828
256   10268520
256   9433612
256   10059404
256   10788608
256   9291316
256   10368676
256   9098720
256   9595464
256   10893492
256   9772512
256   10979956
256   9539788
256   10775584
256   10745000
256   9237968
256   9706108
256   10399836
256   9832868
256   9774640
256   11217528
256   9187920
256   9700112
256   10982084
256   10056816
256   9416096
256   10042124
256   10890520
256   9748832
256   9652804
256   9262868
256   11019868
256   10456780
256   11046016
256   11400664
256   10493540
256   11269736
256   10472408
256   9652216
256   10629440
256   11683668
256   10368748
256   9240932
256   11335752
256   9633248
256   10844872
256   10796780
256   9845792
256   10658044
256   11067824
256   9618328
256   10604728
256   11558808
256   9079128
256   10519012
256   10060756
256   10916900
256   9235500
256   10579252
256   10812808
256   11165928
256   10406828
256   10155640
256   10752904
256   9935916
256   9064568
256   10661332
256   9687340
256   9268024
256   10445036
256   10898728
256   10045236
256   10822800
256   10972616
256   11001012
256   10392052
256   10742900
256   10824068
256   9385932
256   9529988
256   11180712
256   9723836
256   9120440
256   11231912
256   11081288
256   9701500
256   10686532
256   9555388
256   11207744
256   10141552
256   9450268
256   10828408
256   11106100
256   9290572
256   11750084
256   10392080
256   10266948
256   10718932
256   9377192
256   10411048
256   10789720
256   10911988
256   9628868
256   10676708
256   10246528
256   11027288
256   10924744
256   9004152
256   10658164
256   10617312
256   8878920
256   10999752
256   9784652
256   10143476
256   10730232
256   9079344
256   9248072
256   10063684
256   9491344
256   9721756
256   10324004
256   11293100
256   11535128
256   11019820
256   10220564
256   10870108
256   10385280
256   10392776
256   11236400
256   10421888
256   9148484
256   10180628
256   11216648
256   10835904
256   9565552
256   9670792
256   8974224
256   10121836
256   11010612
256   9216352
256   10870564
256   9475664
256   10759552
256   10917696
256   9657304
256   9604696
256   10602864
256   11011868
256   11403908
256   10525288
256   9083852
256   10463108
256   9759984
256   9638312
256   10430452
256   10554916
256   9186248
256   10444384
256   9080932
256   11774332
256   10463148
256   10991536
256   10703592
256   10027928
256   10783268
256   11536172
256   10055640
256   10396968
256   11109860
256   10585952
256   10364192
256   11165856
256   9748808
256   9376152
256   11136008
256   10082496
256   10163896
256   9900140
256   10002932
256   11076628
256   10918348
256   9340512
256   11654992
256   10320380
256   9968272
256   11427268
256   9841192
256   9438260
256   10969864
256   10794824
256   9485780
256   10551216
256   10375920
256   11098028
256   10665036
256   10358836
256   11194788
256   10755736
256   9296072
256   10669368
256   10790116
256   10878688
256   11108128
256   11110260
256   8833176
256   9632668
256   9447888
256   10837544
256   10853984
256   9230616
256   11198688
256   10202184
256   10314444
256   11239380
256   10648296
256   9916460
256   11554640
256   10686916
256   9779900
256   10504060
256   9906352
256   9973688
256   9958008
256   8459828
256   10727240
256   10442364
256   10240248
256   11095612
256   10492048
256   9373052
256   10654164
256   9380092
256   9215984
256   10730252
256   9167808
256   9920076
256   11204740
256   9060724
256   10741084
256   10781964
256   10826924
256   11233200
256   10744428
256   9140052
256   11025336
256   8878840
256   10411472
256   11313768
256   10869776
256   9551392
256   11233472
256   10882412
256   10118036
256   10374104
256   10690104
256   10674328
256   10946376
256   9696584
256   10917564
256   10371980
256   10543196
256   10806744
256   10677668
256   10550576
256   10998084
256   11243316
256   10960356
256   9420048
256   10203868
256   9794084
256   11338072
256   10467084
256   10914052
256   11675212
256   10377900
256   9746968
256   11197772
256   9299944
256   10489036
256   10702384
256   9541860
256   11114280
256   10697212
256   9701748
256   10745472
256   10373972
256   10757648
256   10687060
256   10740788
256   10481900
256   10095692
256   9440164
256   9147172
256   10967984
256   10598288
256   10794804
256   10286972
256   10240288
256   10734492
256   9430476
256   10579316
256   11476204
256   11081300
256   9370836
256   10341440
256   9247988
256   9032456
256   10208912
256   10160816
256   11247284
256   10730032
256   8864048
256   10677068
256   11034468
256   9685904
256   11477124
256   10827768
256   9584080
256   10940344
256   10915728
256   9728152
256   10823960
256   9802712
256   11051988
256   10142236
256   11322476
256   11229468
256   9706248
256   11202388
256   10754040
256   10000648
256   9138892
256   10724304
256   10036896
256   9335424
256   10712556
256   9446560
256   10637836
256   10331600
256   11082348
256   9129692
256   10151876
256   10737020
256   11127360
256   9636436
256   9485316
256   11304652
256   9108216
256   9403904
256   10936256
256   9354420
256   10681064
256   9902488
256   10687792
256   11049016
256   10343400
256   10528536
256   10679568
256   10542612
256   9900576
256   10595432
256   10503248
256   10427868
256   11245332
256   9380500
256   9557496
256   10452932
256   9910340
256   9134192
256   10261904
256   10449648
256   10640952
256   11109968
256   9285748
256   10403080
256   10988720
256   10000204
256   10820056
256   10172896
256   10941024
256   10953816
256   10476296
256   10432680
256   9983320
256   9435216
256   10372616
256   10292068
256   9797920
256   11417292
256   10210960
256   9999580
256   11118628
256   9056468
256   10298896
256   11120252
256   11139100
256   11012248
256   10827280
256   9722308
256   9299444
256   10903448
256   10752060
256   9075156
256   10698184
256   10690028
256   10840476
256   10227556
256   10523312
256   10412156
256   9365516
256   9298960
256   11211440
256   11183756
256   10934048
256   11348160
256   10898940
256   9505488
256   11017180
256   9970252
256   10973428
256   10420272
256   9397300
256   11351536
256   10164180
256   11053404
256   11300836
256   10592844
256   10060076
256   11421040
256   10915304
256   9898848
256   10397564
256   10357844
256   9518008
256   11180388
256   9675588
256   9021040
256   10196736
256   10906568
256   11246056
256   9159544
256   10612456
256   11370572
256   10651080
256   10527984
256   10525084
256   9836900
256   10481588
256   10621960
256   9643972
256   10457328
256   9995284
256   9308348
256   10821796
256   9606176
256   9920476
256   10647212
256   10341864
256   11129740
256   10926312
256   11045840
256   11180744
256   10840376
256   9638056
256   11308840
256   9906452
256   10544080
256   11303116
256   9871820
256   9635472
256   10106100
256   11400864
256   10361864
256   11173740
256   9267552
256   11079064
256   10912732
256   10945992
256   10904016
256   10465564
256   10803900
256   11140872
256   10115872
256   10959676
256   11353068
256   9951376
256   9944396
256   10515716
256   9955388
256   10560012
256   10072496
256   9856296
256   11299284
256   10422556
256   8834424
256   10952044
256   10371752
256   9693256
256   10698632
256   9636796
256   10010044
256   10453496
256   10138920
256   10330772
256   10630416
256   9242972
256   10908976
256   9418316
256   9189436
256   10144368
256   10020880
256   9072956
256   10563408
256   10353888
256   10722168
256   9580888
256   10980172
256   11128560
256   9380880
256   9797068
256   11275568
256   11105084
256   9489272
256   11887460
256   9396068
256   9532588
256   10810920
256   9342864
256   10500304
256   10253008
256   10081412
256   9493628
256   10401688
256   10263808
256   9872192
256   10517440
256   9576332
256   10536100
256   9995728
256   10332964
256   9844912
256   10553772
256   9619708
256   10890672
256   10723336
256   9339124
256   11272228
256   10322880
256   11034584
256   10244796
256   10474684
256   9206088
256   10893716
256   9700228
256   9049596
256   11571760
256   10987596
256   9091036
256   10419176
256   10829448
256   10455604
256   11018076
256   9765144
256   11037684
256   10662548
256   9251520
256   11326008
256   11043968
256   10735752
256   11075320
256   10451648
256   10051780
256   11162032
256   9578668
256   10665000
256   10016460
256   10114044
256   9192936
256   10568776
256   11011564
256   9025924
256   9958304
256   10844364
256   10976048
256   9678080
256   9508808
256   11463560
256   9270360
256   9986984
256   10493904
256   10060600
256   10247700
256   10681892
256   10346864
256   11176944
256   10680488
256   9090960
256   11390912
256   10022796
256   9679780
256   10809596
256   10671340
256   9276172
256   10241396
256   9080152
256   9471672
256   9938288
256   10424680
256   11024456
256   10269068
256   9219304
256   9215820
256   10570376
256   9555096
256   8811400
256   10646964
256   9627264
256   9433888
256   10337504
256   9546948
256   11257504
256   10625608
256   10408800
256   11154376
256   10323728
256   9765500
256   9811616
256   10981032
256   10232496
256   10719776
256   9648516
256   10675996
256   10836208
256   10828928
256   11858184
256   10793812
256   8988404
256   10078648
256   10684068
256   10149456
256   9008412
256   10843208
256   9903732
256   11301232
256   10892388
256   10380452
256   10551636
256   9581772
256   10029880
256   10537392
256   10155320
256   9347772
256   10746016
256   9868200
256   10799724
256   10683984
256   10912376
256   11347988
256   9501084
256   8981880
256   10702860
256   9868492
256   11139368
256   10166224
256   9432952
256   10483692
256   9890504
256   10751176
256   10910168
256   10638964
256   9367324
256   11191264
256   10418564
256   9690256
256   11256928
256   10428372
256   9549892
256   11170536
256   9045156
256   9715220
256   10935156
256   9163100
256   11084192
256   9752396
256   10471612
256   10972980
256   9843884
256   9611856
256   11413260
256   9879064
256   9415800
256   10992912
256   9279492
256   9850196
256   10595036
256   9618208
256   10343976
256   10170080
256   10098284
256   11082948
256   10248224
256   10412612
256   11282912
256   11287964
256   9652460
256   11444164
256   10295208
256   9931596
256   11263944
256   10589980
256   10399544
256   10509256
256   10569556
256   10458272
256   10877352
256   10120936
256   9777792
256   11099876
256   10582288
256   11440432
256   10027796
256   10722816
256   11036572
256   10157664
256   10082616
256   11295092
256   9583780
256   10715880
256   10844276
256   9576076
256   10643584
256   10265284
256   10012204
256   11466116
256   11046452
256   11343212
256   11253908
256   9596412
256   10283868
256   10969252
256   9984896
256   8862212
256   10308360
256   9200028
256   10757012
256   10086652
256   9927020
256   10877036
256   10337212
256   9305412
256   11204712
256   11198800
256   9301668
256   10064376
256   9768080
256   10879628
256   10877672
256   9723608
256   10986372
256   10671328
256   10531460
256   11260164
256   10747584
256   9463548
256   10942788
256   9701152
256   9750592
256   9716556
256   10267040
256   10485388
256   10676616
256   10206564
256   9900944
256   10512840
256   9380228
256   10808232
256   10004200
256   10553652
256   10804832
256   11085176
256   9292660
256   11144012
256   9362672
256   9497032
256   10465952
256   10461704
256   9843816
256   10590572
256   8874032
256   10770268
256   10634480
256   9499252
256   11321664
256   10546388
256   10529920
256   11396200
256   9489044
256   10312760
256   10786824
256   9662004
256   9011420
256   11386580
256   9873264
256   10422116
256   10336336
256   9812116
256   9580456
256   10410264
256   9783372
256   11132408
256   10889064
256   9631628
256   11083820
256   9190248
256   9060056
256   11217860
256   10787868
256   10243952
256   11278180
256   9602104
256   9241812
256   10692112
256   9534040
256   10145096
256   10458596
256   10417924
256   11402184
256   9536636
256   10617952
256   11236480
256   10924156
256   10305564
256   11076696
256   9486944
256   9675900
256   10602568
256   10940504
256   9267384
256   10973160
256   9549292
256   10180716
256   10742424
256   10443880
256   10699632
256   10646680
256   9251044
256   11090856
256   10617660
256   9613524
256   11664176
256   9130608
256   9710336
256   11544696
256   10791928
256   10303776
256   9847016
256   9308000
256   9068096
256   10373384
256   9551192
256   11168564
256   10382284
256   11111888
256   9975656
256   10134648
256   10875640
256   10858848
256   10655020
256   8813412
256   11725120
256   9867848
256   9370920
256   10930996
256   9961148
256   10151092
256   10708360
256   10933300
256   10410264
256   10510612
256   10839856
256   11530928
256   9655804
256   9913392
256   11157132
256   11042496
256   9745272
256   10860308
256   10089276
256   9562012
256   10608476
256   10263260
256   10326556
256   10676424
256   10863396
256   8853688
256   10777436
256   10861468
256   11159144
256   10419684
256   10004760
256   11260028
256   10433972
256   10379724
256   10958244
256   9381336
256   10540740
256   11684016
256   10641140
256   10165296
256   11050276
256   10764784
256   11255372
256   10678960
256   9710732
256   10859616
256   9699676
256   10270520
256   11626652
256   11021908
256   9641116
256   10645316
256   10543740
256   9404764
256   10374232
256   10598116
256   9188204
256   11272328
256   9299772
256   11111360
256   10050052
256   10583580
256   11192652
256   9282444
256   10829296
256   9179768
256   10820416
256   8807668
256   10701004
256   10508580
256   11320164
256   10023712
256   9978428
256   10297372
256   9224396
256   10567816
256   10851008
256   10007732
256   9458308
256   10597020
256   10939764
256   9376780
256   10927752
256   9112132
256   9973388
256   11056572
256   10727432
256   10470292
256   11137816
256   10189708
256   11035312
256   10904792
256   9155828
256   9596736
256   11123772
256   10112144
256   9171304
256   10283412
256   10123164
256   9597304
256   10306488
256   9677304
256   9326448
256   10674992
256   10885532
256   10670432
256   10927584
256   10559288
256   11731132
256   10951800
256   8864184
256   10795740
256   9176584
256   9556572
256   10550712
256   10845148
256   9748936
256   11117328
256   10816776
256   9945804
256   10553972
256   10743636
256   11080984
256   10591760
256   10298192
256   11283408
256   10522888
256   9711676
256   10781112
256   9697296
256   10293032
256   11263492
256   8892216
256   10819376
256   10172620
256   9268408
256   11173492
256   11008216
256   9125868
256   10583244
256   9967820
256   9071164
256   11126556
256   9680576
256   10312100
256   10626336
256   9205092
256   10723644
256   10382820
256   10835592
256   10830336
256   9999864
256   10569040
256   11167624
256   10953340
256   10774492
256   11704060
256   10359304
256   10638960
256   10829956
256   10440920
256   10310136
256   10233688
256   11321892
256   9944816
256   10537708
256   9771976
256   10692184
256   11032544
256   9720612
256   11021532
256   10625028
256   10702544
256   11167904
256   10354616
256   10434068
256   11437540
256   10504256
256   10742324
256   10280692
256   9752040
256   10707484
256   11114920
256   9606312
256   11540008
256   11000332
256   8932364
256   10725644
256   10245044
256   11263120
256   9915936
256   10635360
256   10565640
256   10716416
256   10798796
256   10622824
256   9880420
256   10348316
256   10694784
256   9321132
256   10817332
256   10799292
256   9841064
256   10931136
256   10535764
256   9535824
256   11219788
256   10018880
256   8906152
256   10780112
256   10127804
256   10816252
256   10734568
256   10848496
256   10887724
256   10799472
256   10375780
256   9669236
256   10201236
256   10040356
256   10815104
256   10016232
256   8965160
256   11370348
256   10559656
256   10792128
256   11056624
256   9644100
256   8902448
256   10972432
256   10053956
256   9446500
256   11163016
256   10119872
256   10350180
256   11360388
256   9158528
256   11479628
256   9814984
256   10580780
256   10699112
256   10000936
256   9268456
256   11175732
256   9687548
256   9626344
256   10622900
256   10099080
256   9161100
256   9884296
256   10448744
256   11049704
256   9206088
256   9736232
256   11549720
256   11259492
256   10285200
256   11708028
256   9663460
256   9131020
256   11053604
256   9533672
256   10213940
256   10626772
256   9768920
256   9922240
256   11149556
256   8688504
256   9268216
256   10695252
256   10005468
256   11201812
256   10827168
256   9525560
256   11237264
256   10509696
256   10907720
256   11206808
256   10589980
256   9634616
256   10442756
256   10681076
256   9364628
256   10010396
256   9246420
256   9359000
256   10746136
256   9058004
256   9768532
256   9978880
256   10493940
256   10745480
256   9869436
256   10181404
256   10797956
256   10955808
256   9431704
256   11092256
256   10573396
256   10265272
256   11507272
256   9953584
256   9567300
256   10522856
256   11038508
256   8736072
256   10533472
256   10468124
256   10759608
256   10296468
256   10408256
256   9877936
256   10288936
256   8763792
256   10674004
256   11299096
256   11482804
256   10872996
256   10659864
256   9518276
256   11305176
256   8922488
256   10382692
256   10914356
256   9529636
256   10387868
256   10903184
256   10827144
256   10428236
256   11163004
256   9855124
256   10669372
256   10349384
256   10461168
256   11142072
256   10661488
256   9717060
256   11276896
256   9680288
256   10262664
256   10971820
256   9734472
256   9882060
256   10394048
256   9623248
256   10650740
256   10876420
256   9279068
256   10881952
256   10088180
256   9738480
256   11367808
256   10604408
256   9210116
256   10229892
256   9515508
256   9988736
256   11124660
256   10911696
256   10906228
256   11004160
256   10117324
256   11149972
256   10587320
256   10520288
256   11157600
256   9132948
256   11017956
256   10823992
256   10212388
256   9703344
256   10981404
256   9824040
256   11168068
256   10637548
256   10079884
256   9567524
256   11434332
256   9934436
256   10666108
256   9965116
256   9625140
256   11428060
256   9256432
256   9440032
256   11152860
256   10695144
256   10749900
256   10664964
256   10291460
256   11258596
256   11092552
256   9540932
256   11195556
256   10500052
256   9665544
256   10913048
256   10256032
256   8823856
256   10716408
256   10519692
256   10911916
256   10982684
256   11005320
256   8822808
256   11009356
256   10182824
256   10858796
256   10649312
256   11384016
256   10194328
256   10561808
256   9416428
256   10717268
256   10464296
256   10519944
256   10619132
256   9495016
256   9654012
256   10530116
256   11149484
256   9570576
256   10944780
256   8976176
256   9161964
256   10381240
256   10193096
256   11180052
256   10505428
256   9234784
256   11145056
256   10600504
256   9642136
256   10655188
256   10406472
256   10197360
256   10278688
256   9240424
256   10655276
256   10904108
256   10368740
256   11084960
256   10807580
256   10568412
256   10748468
256   9771972
256   11129620
256   11160192
256   10060856
256   10223476
256   11326828
256   10819696
256   8901288
256   11319868
256   9317448
256   9362040
256   11382476
256   9642400
256   10618696
256   10320000
256   9597112
256   10006064
256   10268756
256   9661676
256   11336484
256   10640628
256   9966388
256   11020268
256   10643432
256   9386260
256   10091720
256   10964824
256   10341836
256   10167088
256   10330744
256   10568180
256   11601524
256   10613184
256   10973776
256   10310504
256   9144968
256   10880732
256   10200068
256   9556836
256   11661072
256   10606460
256   10794836
256   9946180
256   10302888
256   10560656
256   10735544
256   9300504
256   11082660
256   10918608
256   9769500
256   10950428
256   10724084
256   10862332
256   11469588
256   10505108
256   10573636
256   11517544
256   9807944
256   11174232
256   10340380
256   9865848
256   10944608
256   9513896
256   10975448
256   10884496
256   9700564
256   10280156
256   10833200
256   10525304
256   10769940
256   9350524
256   9370048
256   10074408
256   10939840
256   8915528
256   11281724
256   10558348
256   10280616
256   10725128
256   10519044
256   9420680
256   10212008
256   10036088
256   9410868
256   10104980
256   9814580
256   11283432
256   10041556
256   9395464
256   10728020
256   10907856
256   10446220
256   9660540
256   9425036
256   10134552
256   10391708
256   9982212
256   9726376
256   11078968
256   9993564
256   10530728
256   10796036
256   10221832
256   11184864
256   10663928
256   10170116
256   10810512
256   9987828
256   9343076
256   11568564
256   9609380
256   10727440
256   11434600
256   11381088
256   9872064
256   10871528
256   9884028
256   9485224
256   10635900
256   10205816
256   10445120
256   9853028
256   9573744
256   11195232
256   11143600
256   9907852
256   10492388
256   10250120
256   10159292
256   10784560
256   9995184
256   10555520
256   9929784
256   9259952
256   8875148
256   10014488
256   10129256
256   11226024
256   9070004
256   11179612
256   11258596
256   9284392
256   10730796
256   11322816
256   9932996
256   9660988
256   10747040
256   10075476
256   10266824
256   10642804
256   10152032
256   11259384
256   11209988
256   10142944
256   10977568
256   10407932
256   9286936
256   10987744
256   10038776
256   9857156
256   10319668
256   10831908
256   10397320
256   12062440
256   8894640
256   9789248
256   9986300
256   10677140
256   11029356
256   10206392
256   10764716
256   10989236
256   11271480
256   9757892
256   10802640
256   10012680
256   10771736
256   11225704
256   9669144
256   8909408
256   10570064
256   10063452
256   11118048
256   10223144
256   9409488
256   10777552
256   9536192
256   9523300
256   11306912
256   10666488
256   10596820
256   11195964
256   10329500
256   10730912
256   10189864
256   9999356
256   11558192
256   10541612
256   10757792
256   10689024
256   10114452
256   9897132
256   11667264
256   9282004
256   10237280
256   11161968
256   8732152
256   10630748
256   10268380
256   10021352
256   9981212
256   10499024
256   9707516
256   10841292
256   10248428
256   10561420
256   11324308
256   9181824
256   8867800
256   10718728
256   10514312
256   9245632
256   10558840
256   10597896
256   11235200
256   9514212
256   10245468
256   10611656
256   10722896
256   10323972
256   10898784
256   9456152
256   10698188
256   10523552
256   9468248
256   9377284
256   10198704
256   10415504
256   11061008
256   9755164
256   10254736
256   11216892
256   10953240
256   10223312
256   10959500
256   9054680
256   10445544
256   11140648
256   9672296
256   10349940
256   10521944
256   11133080
256   10351156
256   10259516
256   10575640
256   11421588
256   10922316
256   9872352
256   11245876
256   9978124
256   8801092
256   11356244
256   9506560
256   9038044
256   11162724
256   9747524
256   9380200
256   10574420
256   11206956
256   9685372
256   11054828
256   10280512
256   10522596
256   9917960
256   10509636
256   11175580
256   9849724
256   10286172
256   9843584
256   10550844
256   9083236
256   10037768
256   10876660
256   10797732
256   10281360
256   10658856
256   10759592
256   9575244
256   9654296
256   11354904
256   9530388
256   9612360
256   11140648
256   10026560
256   10480188
256   10657924
256   10167220
256   9470688
256   10733088
256   9246736
256   10889028
256   10411464
256   10752264
256   11046592
256   9519672
256   9996540
256   10993960
256   10583060
256   9508920
256   10006972
256   9969080
256   10070660
256   10431680
256   10594264
256   9372508
256   10886776
256   9748676
256   11628860
256   10566088
256   11319440
256   11068024
256   11087092
256   9180488
256   11371544
256   9917264
256   9214860
256   10467232
256   9821684
256   9004708
256   10722348
256   9301028
256   9746580
256   10076144
256   10719336
256   10844764
256   10394940
256   9940880
256   11035116
256   10740732
256   11034220
256   11379032
256   10612388
256   9680968
256   10434112
256   9568920
256   9758808
256   10625084
256   9951104
256   11162732
256   10776896
256   11106088
256   10901628
256   9463252
256   9648124
256   11088908
256   10577432
256   10230168
256   11158684
256   10006508
256   9691292
256   11161560
256   9673336
256   11019084
256   10687464
256   9735068
256   10592968
256   10893992
256   11263784
256   10956132
256   10392352
256   9943668
256   11179512
256   9446576
256   8807432
256   10999952
256   9455972
256   10752172
256   10113352
256   10041784
256   10830500
256   10155964
256   9756864
256   10776092
256   10646592
256   9026864
256   10964008
256   9281668
256   9218436
256   9918320
256   10076512
256   9660808
256   10531668
256   9821608
256   10596000
256   9627624
256   10829600
256   11332940
256   10437836
256   11435408
256   10887580
256   9688956
256   10569000
256   9980360
256   10022744
256   10958596
256   10488412
256   9253140
256   10850548
256   9727724
256   9267084
256   10552668
256   10081216
256   10551388
256   11197660
256   10177636
256   9974196
256   10908768
256   9703640
256   9952356
256   11261312
256   10808320
256   9034012
256   10725360
256   8973368
256   11161348
256   9243232
256   9842156
256   11185276
256   10140248
256   9644276
256   11323336
256   9845680
256   9947228
256   11085844
256   9031760
256   10311584
256   10452196
256   10414604
256   10941776
256   10421968
256   9232624
256   11167144
256   9954396
256   10215880
256   11092392
256   11034140
256   9836000
256   10962628
256   9118820
256   11596168
256   10786944
256   8985716
256   10467480
256   9397168
256   10228716
256   11155040
256   9575868
256   10413176
256   10926320
256   9220192
256   10231808
256   11026608
256   10198756
256   10308408
256   10853224
256   9614068
256   8791848
256   10852100
256   10640008
256   11036924
256   11213056
256   10401712
256   11488516
256   9932660
256   9244704
256   10637532
256   9462004
256   9751080
256   11332812
256   9945288
256   11095448
256   10856616
256   11018684
256   9408476
256   11151944
256   9720260
256   11473268
256   9712400
256   10043448
256   11022408
256   10391364
256   9429708
256   11310612
256   10627760
256   9284856
256   10345736
256   9714476
256   10630680
256   10701588
256   9974404
256   10927208
256   10420280
256   10240224
256   11144916
256   9763620
256   10013100
256   11291304
256   9523372
256   9082136
256   10460900
256   9357608
256   10835700
256   9367316
256   11494836
256   10855108
256   10060240
256   9118740
256   11695092
256   10109464
256   9073172
256   11056404
256   10782892
256   10218076
256   10324696
256   9790832
256   10877204
256   10341200
256   9785672
256   10993528
256   10403936
256   9382096
256   11063348
256   10391424
256   10979508
256   10784012
256   11413164
256   9514400
256   10850864
256   9687832
256   9021540
256   10180880
256   10178032
256   11624652
256   10910372
256   9954776
256   11262972
256   10616648
256   10466648
256   11021044
256   10399552
256   9888400
256   10623164
256   9152160
256   11071536
256   10761776
256   10020864
256   9478400
256   10705296
256   11094272
256   11049056
256   10583604
256   9917396
256   11231636
256   10516756
256   10456928
256   10872448
256   10779744
256   10366692
256   10610308
256   10364480
256   10870620
256   11089456
256   9140192
256   11295704
256   11055880
256   9391852
256   10891512
256   9890600
256   10525568
256   10912420
256   11194696
256   10215332
256   10413168
256   9035196
256   11346820
256   10470292
256   8985604
256   10856516
256   10859852
256   10051300
256   10545300
256   9735448
256   11363580
256   9291624
256   11338476
256   11188024
256   10534240
256   10497812
256   10778128
256   10355776
256   8900808
256   11322568
256   10536360
256   10624436
256   10604692
256   10765272
256   10834204
256   10136156
256   10151872
256   11476184
256   10414548
256   10204264
256   11047608
256   9260552
256   8779148
256   10122752
256   8799232
256   10329840
256   10412780
256   10848220
256   10954224
256   10996816
256   8843596
256   11092752
256   10364928
256   9769772
256   10394216
256   10508988
256   9389668
256   10233240
256   9538852
256   11184296
256   11353460
256   9795948
256   10634044
256   9728168
256   9986244
256   11126356
256   10957428
256   9688756
256   10214820
256   11011776
256   9852720
256   10351936
256   10040900
256   11124504
256   10606388
256   11400268
256   10855584
256   11309484
256   9673504
256   10847040
256   10443004
256   10422504
256   11123752
256   9083084
256   8944088
256   10414076
256   10167816
256   10770420
256   10601800
256   9853888
256   11132560
256   10562628
256   9556244
256   10895144
256   9193200
256   10975964
256   9910988
256   10383908
256   9181628
256   11220252
256   9517172
256   10994544
256   10273524
256   11007876
256   10721504
256   10940192
256   11075028
256   10509992
256   10704148
256   9079408
256   10391204
256   10285276
256   9520736
256   10747612
256   10943044
256   10948412
256   10772972
256   10866396
256   10988372
256   10368816
256   9559980
256   10963392
256   10144144
256   10064096
256   10755372
256   10027412
256   9130484
256   10722340
256   10776400
256   11128148
256   10755232
256   9968316
256   11191392
256   10069408
256   9242380
256   11154260
256   9305096
256   9707804
256   10320920
256   10409760
256   10905944
256   10612676
256   9479192
256   11673248
256   10045696
256   9539544
256   10225036
256   10284904
256   9943420
256   10360436
256   9381968
256   11234624
256   11329872
256   9559464
256   11256896
256   10982172
256   9972728
256   10475020
256   9566520
256   10595704
256   10634584
256   9874192
256   8918060
256   10817052
256   9884484
256   10142560
256   10215364
256   9508984
256   10563968
256   11194280
256   9822332
256   11080476
256   9450976
256   9107016
256   10859076
256   9744672
256   9644436
256   10341780
256   10766324
256   10113804
256   10707928
256   9238080
256   10913276
256   9942640
256   9549852
256   11584868
256   9200120
256   9133916
256   10873268
256   9905164
256   10351724
256   11240124
256   10441220
256   9370468
256   10019608
256   9419156
256   10563492
256   11269264
256   10902140
256   11652928
256   9861036
256   9995384
256   10495836
256   10835796
256   10886576
256   11002048
256   11251128
256   9894016
256   11449316
256   11009248
256   9522264
256   10386328
256   9836776
256   10613796
256   10919108
256   10671020
256   10766532
256   11223644
256   11245684
256   9851672
256   10901000
256   10395316
256   10513768
256   10414984
256   11091844
256   11004656
256   10892224
256   10125820
256   11228116
256   10350796
256   8876524
256   10699200
256   10147800
256   10700872
256   10970136
256   10395748
256   10784096
256   11460944
256   8879208
256   10347516
256   9899032
256   10763840
256   9918548
256   9851264
256   11045916
256   10070280
256   9336836
256   11184388
256   9276340
256   10623944
256   10430484
256   10624984
256   11429408
256   10068080
256   10373064
256   10883096
256   11167208
256   10333520
256   11054832
256   9470068
256   10254252
256   9944136
256   9463328
256   11111968
256   11124080
256   9822424
256   10663984
256   11017376
256   9521160
256   10971720
256   10050572
256   9561168
256   10753972
256   10816764
256   8740332
256   10607668
256   10647572
256   10467716
256   10388140
256   9843632
256   11101932
256   9535840
256   10759100
256   10893172
256   10000780
256   9527984
256   10367948
256   9287812
256   9836408
256   11070436
256   9612208
256   10644476
256   10494944
256   10128280
256   11289176
256   10793104
256   9480920
256   10983484
256   9203004
256   9067256
256   10629020
256   10534816
256   9021992
256   10607016
256   10045744
256   9434576
256   10915512
256   9475944
256   10722516
256   10686732
256   9936920
256   10897192
256   9456080
256   10015824
256   11027124
256   10222192
256   9621916
256   9917128
256   10288912
256   10026124
256   10320388
256   9955256
256   10927324
256   9045764
256   9155228
256   10944448
256   9974928
256   11156880
256   10940604
256   10182656
256   9890976
256   11230068
256   10806640
256   8885708
256   9911252
256   10384800
256   10068756
256   10853872
256   10011212
256   10749176
256   11132932
256   10628184
256   10991324
256   9593312
256   10602896
256   10914820
256   8811460
256   9523144
256   11012504
256   10468028
256   10159584
256   11218104
256   9240172
256   9335980
256   10177964
256   9558392
256   11110664
256   10837348
256   10988944
256   11258300
256   10366760
256   9466396
256   10882560
256   9322688
256   10439624
256   10517548
256   9792476
256   10668408
256   10921928
256   10300116
256   11158808
256   9225156
256   9574628
256   11448092
256   10880912
256   10410784
256   10740452
256   9829772
256   10899492
256   10895476
256   10820992
256   9296100
256   10945568
256   10293452
256   10952216
256   10826852
256   10352068
256   10820420
256   10355664
256   9442388
256   10559708
256   9159368
256   8944688
256   10245988
256   9777616
256   10551752
256   11126708
256   10965468
256   10771712
256   10431024
256   9583428
256   11810652
256   10373376
256   9660448
256   11315228
256   10733820
256   9724256
256   10222284
256   10870516
256   11488084
256   9692464
256   9138696
256   11269060
256   10375112
256   9973936
256   10415340
256   10456656
256   9627272
256   10431416
256   10417528
256   10102172
256   9779232
256   10581720
256   11459900
256   10183532
256   8823740
256   11074620
256   11078272
256   9854684
256   10989556
256   10493612
256   10469464
256   10496884
256   9639424
256   11627732
256   9910672
256   9953564
256   11309632
256   10227392
256   10126492
256   10745152
256   9072228
256   10371956
256   10916448
256   9389664
256   9941320
256   10637260
256   9726204
256   10697164
256   9787600
256   10773184
256   10691592
256   10336228
256   10661036
256   11150048
256   11279488
256   10070056
256   11539368
256   10916344
256   11136036
256   10194232
256   10767036
256   10747608
256   11107892
256   9497076
256   11209536
256   10325524
256   9523540
256   10128492
256   9110016
256   10695320
256   10892836
256   10008236
256   11083292
256   10607592
256   9357488
256   10800584
256   9431776
256   10839648
256   10450048
256   10840512
256   9328904
256   10914464
256   9780856
256   11197332
256   9468092
256   11114804
256   10575908
256   9524000
256   10189648
256   10482520
256   10791092
256   11164084
256   11097084
256   10974128
256   10764640
256   11039100
256   11203620
256   10624616
256   9753888
256   9773972
256   11251928
256   9367940
256   10196452
256   9733120
256   10291228
256   10296740
256   10363992
256   11112116
256   11110728
256   10124348
256   10697544
256   11137776
256   10734368
256   10669748
256   11239308
256   9684724
256   9187496
256   10558424
256   10708120
256   10649128
256   9814424
256   10165728
256   11534388
256   9418708
256   9649972
256   11163556
256   10014852
256   10153308
256   10847456
256   9769060
256   11173400
256   10493356
256   10157720
256   11205644
256   9327240
256   9315076
256   9718812
256   10008924
256   8883056
256   11228160
256   9377800
256   11357916
256   10359856
256   9556028
256   10841308
256   9648280
256   9090716
256   10837648
256   10368328
256   10537912
256   10620592
256   10779364
256   9667244
256   10143152
256   8998244
256   11322028
256   10021940
256   9933636
256   11081080
256   10592092
256   9829912
256   11082036
256   10305580
256   10831164
256   11022108
256   11443632
256   9596496
256   10052800
256   9842924
256   9345440
256   10813440
256   9320776
256   9753272
256   10722756
256   9419752
256   10277240
256   10215836
256   10008140
256   10777192
256   10035840
256   10497664
256   10634960
256   10150728
256   9939632
256   10772372
256   9889572
256   10928792
256   10621976
256   10123488
256   11100896
256   10700372
256   9446440
256   9839388
256   10337716
256   9023676
256   10372620
256   9895068
256   9697556
256   10842952
256   9687696
256   10654104
256   10789088
256   9646276
256   10853940
256   11213560
256   10726936
256   10588268
256   9164724
256   10849552
256   10959516
256   9786036
256   9917752
256   10720368
256   9843084
256   11214068
256   10237744
256   9635204
256   10788436
256   9872692
256   9258448
256   11116872
256   10646632
256   10798932
256   11409992
256   9376536
256   9475224
256   11504848
256   9942264
256   10121500
256   10110112
256   10660088
256   11381148
256   10757832
256   9715936
256   10975892
256   9671184
256   10891280
256   11211004
256   9596280
256   8608712
256   9936148
256   10760912
256   9614636
256   10893400
256   9755188
256   10484312
256   10401428
256   10092840
256   11153484
256   9608864
256   9220488
256   10824780
256   11089236
256   9013136
256   10581572
256   10390568
256   11551120
256   10653288
256   9691536
256   11029608
256   10620532
256   10501216
256   11062164
256   10289132
256   9286096
256   10820652
256   9392432
256   10285588
256   11010108
256   10206900
256   10884892
256   10992984
256   10084400
256   11419968
256   11168392
256   10577612
256   10806424
256   9575456
256   10832684
256   10867988
256   8971528
256   9131188
256   10238740
256   10481784
256   11119488
256   9217724
256   9942252
256   11860236
256   9912320
256   10834972
256   11389500
256   9773384
256   10237632
256   10521916
256   9923676
256   11038476
256   10786064
256   10062016
256   10563384
256   10841920
256   9252300
256   9173804
256   10600504
256   10535104
256   9747640
256   8695360
256   10899208
256   10449288
256   10173796
256   10860468
256   9529796
256   10613372
256   11194056
256   10623684
256   9569488
256   10635380
256   11023848
256   9158844
256   10498904
256   10680548
256   10706356
256   10561160
256   10716036
256   10553636
256   9470012
256   9665540
256   11183372
256   10271816
256   9942944
256   10126808
256   9879424
256   10051196
256   10488128
256   10763920
256   9797060
256   10195204
256   10518204
256   10673100
256   9941096
256   9497220
256   10695856
256   10279608
256   9120980
256   11371756
256   8881360
256   9278644
256   10469176
256   9778324
256   11196140
256   10992136
256   10419156
256   11301388
256   9952276
256   9485440
256   11147852
256   10430228
256   10260060
256   11321668
256   9683152
256   10160488
256   11222080
256   9787208
256   10427808
256   10677648
256   9634276
256   10915224
256   10722620
256   10042448
256   10822800
256   10737808
256   10404884
256   11062528
256   9663640
256   9920228
256   11066724
256   10609616
256   11056268
256   11040072
256   10731108
256   9264056
256   9544016
256   9251544
256   11671364
256   9742840
256   10678668
256   11365352
256   9756044
256   9622968
256   10576876
256   9523856
256   9605580
256   10812248
256   9561376
256   10842408
256   10628840
256   9546840
256   11351912
256   10510284
256   9019180
256   10388564
256   10350756
256   10424416
256   10150520
256   9371416
256   10902024
256   10429496
256   9795880
256   10860160
256   10873776
256   9905168
256   11338880
256   9727284
256   10686456
256   10703636
256   9397308
256   9319272
256   10144848
256   10040652
256   8673088
256   11217748
256   10399512
256   10717988
256   9128916
256   11190444
256   10796264
256   10552392
256   10175156
256   10760656
256   10080040
256   11125552
256   9180232
256   10942072
256   9971952
256   10096536
256   9230492
256   10767504
256   10483360
256   10233528
256   10556624
256   10668952
256   10357824
256   11429904
256   9730428
256   10245104
256   10953928
256   10651240
256   9934072
256   10590620
256   9177028
256   10827096
256   10701244
256   10173164
256   10903400
256   9496444
256   9234964
256   11408144
256   9368660
256   10569548
256   10913600
256   10927724
256   9132512
256   10933340
256   9355664
256   9113348
256   11255228
256   9187220
256   10836792
256   11147156
256   10108384
256   10533448
256   9624576
256   9154744
256   11172004
256   9356388
256   8515492
256   10490364
256   9200556
256   11010144
256   10080964
256   10172300
256   10879672
256   10670204
256   10541748
256   11389732
256   10346432
256   9541556
256   10445204
256   9739608
256   9923504
256   10458624
256   10428036
256   9543300
256   10863676
256   9424468
256   11293684
256   10783212
256   9977960
256   10533228
256   9993200
256   10902316
256   11176444
256   10034500
256   8940676
256   11260976
256   9369600
256   9711944
256   10562944
256   11365308
256   9605364
256   10379756
256   9899148
256   11141632
256   9778576
256   10828864
256   10469856
256   9861296
256   10437980
256   11815752
256   10666608
256   10151084
256   10498808
256   10545500
256   8907776
256   10476312
256   10570728
256   11091072
256   9908104
256   11142700
256   10491088
256   9588724
256   9703272
256   11169732
256   10363808
256   10025252
256   10612292
256   9641412
256   10813268
256   10594372
256   10608608
256   11200560
256   10148204
256   9982916
256   10849456
256   10817696
256   9267340
256   9890832
256   9587348
256   11126496
256   10902040
256   9786672
256   10528084
256   10835564
256   9803028
256   11286844
256   9752712
256   10930068
256   10560160
256   9493292
256   9429964
256   10853640
256   9335220
256   9379692
256   9976784
256   10197556
256   10991104
256   10820100
256   10469384
256   10534904
256   11068292
256   10647316
256   10649096
256   9285444
256   9630008
256   10678016
256   10110792
256   10977200
256   10876492
256   10013392
256   10891776
256   10878396
256   9787444
256   10823460
256   11187800
256   10619544
256   9989712
256   10324416
256   10506064
256   10079304
256   10430464
256   9023296
256   10166868
256   10027168
256   10841272
256   10202424
256   10167784
256   11008568
256   11072464
256   10757676
256   11840228
256   10296640
256   11191064
256   10610892
256   9972184
256   10996200
256   10922972
256   9548376
256   11593268
256   9720184
256   10215180
256   10408652
256   10817952
256   9179652
256   11028480
256   10458096
256   11486596
256   10840444
256   9993864
256   11231244
256   10360504
256   10489880
256   11335584
256   10857004
256   9939456
256   9638472
256   10561772
256   10464884
256   10650952
256   9440088
256   11201580
256   9740040
256   9454656
256   9771120
256   9645520
256   9694144
256   10292620
256   10212652
256   11032124
256   11292832
256   9358488
256   10840240
256   9338192
256   11082720
256   10482776
256   9768916
256   10782436
256   10527380
256   10684664
256   11022136
256   11123784
256   9405892
256   10990620
256   8875392
256   9837204
256   10571284
256   10094900
256   9569060
256   11062104
256   9549200
256   10618480
256   11405024
256   9952092
256   9835856
256   11227764
256   9938020
256   9909652
256   10459260
256   8915156
256   11011732
256   9686468
256   10465528
256   11001764
256   9447588
256   10209720
256   11208196
256   10764700
256   9756988
256   11696244
256   10997452
256   11842644
256   10400784

