_____2250\_____

[1;33m[WARN]  malloc() allocates objects >= 1 MiB from LuaJIT memory space.[0m
[1;33m[WARN]  Install libjemalloc if you encounter out of memory errors.[0m
[1;37m[INFO]  Initializing DPDK. This will take a few seconds...[0m
EAL: Probing VFIO support...
EAL: PCI device 0000:84:00.0 on NUMA socket 1
EAL:   probe driver: 8086:10fb net_ixgbe
EAL: PCI device 0000:84:00.1 on NUMA socket 1
EAL:   probe driver: 8086:10fb net_ixgbe
[1;37m[INFO]  Found 2 usable devices:[0m
   Device 0: 90:E2:BA:CB:F5:44 ([0;32mIntel Corporation 82599ES 10-Gigabit SFI/SFP+ Network Connection[0m)
   Device 1: 90:E2:BA:CB:F5:45 ([0;32mIntel Corporation 82599ES 10-Gigabit SFI/SFP+ Network Connection[0m)
PMD: ixgbe_dev_link_status_print():  Port 1: Link Down
PMD: ixgbe_dev_link_status_print():  Port 0: Link Down
Valerio parser
Filename: /home/valerio/Ruleset/trace_shot/2k_1/acl1_seed_1.rules_trace
Error with file! /home/valerio/Ruleset/trace_shot/2k_1/acl1_seed_1.rules_trace
Tot_rules: 1868
Tcp: 1644 |Udp: 155 |Icmp: 69
Valerio parser end
[1;37m[INFO]  Waiting for devices to come up...[0m
[1;37m[INFO]  Device 1 (90:E2:BA:CB:F5:45) is up: 10000 MBit/s[0m
[1;37m[INFO]  Device 0 (90:E2:BA:CB:F5:44) is up: 10000 MBit/s[0m
[1;37m[INFO]  [0;32m2 devices are up.[0m[0m
[RX - dev]: { 0 } 
[TX - dev]: { 1 } 
Pkt size: 60
TX rate: 2250 rateq1: 2250 rateq2: 2250 rateq3: 2250
==========VVV=============
RX: 0.21 (0.00) Mpps, 107 (0) Mbit/s | 3140864 pkts, 201015296 Bytes
TX: 11.19 (0.18) Mpps, 5732 (94) Mbit/s | 168569604 pkts, 10788454656 Bytes
==========V=============
_____2250\_____

[1;33m[WARN]  malloc() allocates objects >= 1 MiB from LuaJIT memory space.[0m
[1;33m[WARN]  Install libjemalloc if you encounter out of memory errors.[0m
[1;37m[INFO]  Initializing DPDK. This will take a few seconds...[0m
EAL: Probing VFIO support...
EAL: PCI device 0000:84:00.0 on NUMA socket 1
EAL:   probe driver: 8086:10fb net_ixgbe
EAL: PCI device 0000:84:00.1 on NUMA socket 1
EAL:   probe driver: 8086:10fb net_ixgbe
[1;37m[INFO]  Found 2 usable devices:[0m
   Device 0: 90:E2:BA:CB:F5:44 ([0;32mIntel Corporation 82599ES 10-Gigabit SFI/SFP+ Network Connection[0m)
   Device 1: 90:E2:BA:CB:F5:45 ([0;32mIntel Corporation 82599ES 10-Gigabit SFI/SFP+ Network Connection[0m)
PMD: ixgbe_dev_link_status_print():  Port 1: Link Down
PMD: ixgbe_dev_link_status_print():  Port 0: Link Down
Valerio parser
Filename: /home/valerio/Ruleset/trace_shot/2k_1/acl1_seed_1.rules_trace
Error with file! /home/valerio/Ruleset/trace_shot/2k_1/acl1_seed_1.rules_trace
Tot_rules: 1868
Tcp: 1644 |Udp: 155 |Icmp: 69
Valerio parser end
[1;37m[INFO]  Waiting for devices to come up...[0m
[1;37m[INFO]  Device 0 (90:E2:BA:CB:F5:44) is up: 10000 MBit/s[0m
[1;37m[INFO]  Device 1 (90:E2:BA:CB:F5:45) is up: 10000 MBit/s[0m
[1;37m[INFO]  [0;32m2 devices are up.[0m[0m
[RX - dev]: { 0 } 
[TX - dev]: { 1 } 
Pkt size: 60
TX rate: 2250 rateq1: 2250 rateq2: 2250 rateq3: 2250
==========VVV=============
RX: 0.21 (0.00) Mpps, 107 (0) Mbit/s | 3142400 pkts, 201113600 Bytes
TX: 11.22 (0.16) Mpps, 5746 (82) Mbit/s | 168871626 pkts, 10807784064 Bytes
==========V=============
_____2250\_____

[1;33m[WARN]  malloc() allocates objects >= 1 MiB from LuaJIT memory space.[0m
[1;33m[WARN]  Install libjemalloc if you encounter out of memory errors.[0m
[1;37m[INFO]  Initializing DPDK. This will take a few seconds...[0m
EAL: Probing VFIO support...
EAL: PCI device 0000:84:00.0 on NUMA socket 1
EAL:   probe driver: 8086:10fb net_ixgbe
EAL: PCI device 0000:84:00.1 on NUMA socket 1
EAL:   probe driver: 8086:10fb net_ixgbe
[1;37m[INFO]  Found 2 usable devices:[0m
   Device 0: 90:E2:BA:CB:F5:44 ([0;32mIntel Corporation 82599ES 10-Gigabit SFI/SFP+ Network Connection[0m)
   Device 1: 90:E2:BA:CB:F5:45 ([0;32mIntel Corporation 82599ES 10-Gigabit SFI/SFP+ Network Connection[0m)
PMD: ixgbe_dev_link_status_print():  Port 1: Link Down
PMD: ixgbe_dev_link_status_print(): Port 0: Link Up - speed 0 Mbps - half-duplex
Valerio parser
Filename: /home/valerio/Ruleset/trace_shot/2k_1/acl1_seed_2.rules_trace
Error with file! /home/valerio/Ruleset/trace_shot/2k_1/acl1_seed_2.rules_trace
Tot_rules: 1841
Tcp: 1635 |Udp: 163 |Icmp: 43
Valerio parser end
[1;37m[INFO]  Waiting for devices to come up...[0m
[1;37m[INFO]  Device 1 (90:E2:BA:CB:F5:45) is up: 10000 MBit/s[0m
[1;37m[INFO]  Device 0 (90:E2:BA:CB:F5:44) is up: 10000 MBit/s[0m
[1;37m[INFO]  [0;32m2 devices are up.[0m[0m
[RX - dev]: { 0 } 
[TX - dev]: { 1 } 
Pkt size: 60
TX rate: 2250 rateq1: 2250 rateq2: 2250 rateq3: 2250
==========VVV=============
RX: 0.21 (0.00) Mpps, 107 (0) Mbit/s | 3147776 pkts, 201457664 Bytes
TX: 11.28 (0.15) Mpps, 5776 (77) Mbit/s | 169720992 pkts, 10862143488 Bytes
==========V=============
_____2250\_____

[1;33m[WARN]  malloc() allocates objects >= 1 MiB from LuaJIT memory space.[0m
[1;33m[WARN]  Install libjemalloc if you encounter out of memory errors.[0m
[1;37m[INFO]  Initializing DPDK. This will take a few seconds...[0m
EAL: Probing VFIO support...
EAL: PCI device 0000:84:00.0 on NUMA socket 1
EAL:   probe driver: 8086:10fb net_ixgbe
EAL: PCI device 0000:84:00.1 on NUMA socket 1
EAL:   probe driver: 8086:10fb net_ixgbe
[1;37m[INFO]  Found 2 usable devices:[0m
   Device 0: 90:E2:BA:CB:F5:44 ([0;32mIntel Corporation 82599ES 10-Gigabit SFI/SFP+ Network Connection[0m)
   Device 1: 90:E2:BA:CB:F5:45 ([0;32mIntel Corporation 82599ES 10-Gigabit SFI/SFP+ Network Connection[0m)
PMD: ixgbe_dev_link_status_print():  Port 1: Link Down
PMD: ixgbe_dev_link_status_print(): Port 0: Link Up - speed 0 Mbps - half-duplex
Valerio parser
Filename: /home/valerio/Ruleset/trace_shot/2k_1/acl1_seed_3.rules_trace
Error with file! /home/valerio/Ruleset/trace_shot/2k_1/acl1_seed_3.rules_trace
Tot_rules: 1870
Tcp: 1624 |Udp: 180 |Icmp: 66
Valerio parser end
[1;37m[INFO]  Waiting for devices to come up...[0m
[1;37m[INFO]  Device 0 (90:E2:BA:CB:F5:44) is up: 10000 MBit/s[0m
[1;37m[INFO]  Device 1 (90:E2:BA:CB:F5:45) is up: 10000 MBit/s[0m
[1;37m[INFO]  [0;32m2 devices are up.[0m[0m
[RX - dev]: { 0 } 
[TX - dev]: { 1 } 
Pkt size: 60
TX rate: 2250 rateq1: 2250 rateq2: 2250 rateq3: 2250
==========VVV=============
RX: 0.21 (0.00) Mpps, 106 (0) Mbit/s | 3115008 pkts, 199360512 Bytes
TX: 11.35 (0.16) Mpps, 5809 (83) Mbit/s | 170614836 pkts, 10919349504 Bytes
==========V=============
_____2250\_____

[1;33m[WARN]  malloc() allocates objects >= 1 MiB from LuaJIT memory space.[0m
[1;33m[WARN]  Install libjemalloc if you encounter out of memory errors.[0m
[1;37m[INFO]  Initializing DPDK. This will take a few seconds...[0m
EAL: Probing VFIO support...
EAL: PCI device 0000:84:00.0 on NUMA socket 1
EAL:   probe driver: 8086:10fb net_ixgbe
EAL: PCI device 0000:84:00.1 on NUMA socket 1
EAL:   probe driver: 8086:10fb net_ixgbe
[1;37m[INFO]  Found 2 usable devices:[0m
   Device 0: 90:E2:BA:CB:F5:44 ([0;32mIntel Corporation 82599ES 10-Gigabit SFI/SFP+ Network Connection[0m)
   Device 1: 90:E2:BA:CB:F5:45 ([0;32mIntel Corporation 82599ES 10-Gigabit SFI/SFP+ Network Connection[0m)
PMD: ixgbe_dev_link_status_print():  Port 1: Link Down
PMD: ixgbe_dev_link_status_print():  Port 0: Link Down
Valerio parser
Filename: /home/valerio/Ruleset/trace_shot/2k_1/acl1_seed_4.rules_trace
Error with file! /home/valerio/Ruleset/trace_shot/2k_1/acl1_seed_4.rules_trace
Tot_rules: 1819
Tcp: 1567 |Udp: 194 |Icmp: 58
Valerio parser end
[1;37m[INFO]  Waiting for devices to come up...[0m
[1;37m[INFO]  Device 0 (90:E2:BA:CB:F5:44) is up: 10000 MBit/s[0m
[1;37m[INFO]  Device 1 (90:E2:BA:CB:F5:45) is up: 10000 MBit/s[0m
[1;37m[INFO]  [0;32m2 devices are up.[0m[0m
[RX - dev]: { 0 } 
[TX - dev]: { 1 } 
Pkt size: 60
TX rate: 2250 rateq1: 2250 rateq2: 2250 rateq3: 2250
==========VVV=============
RX: 0.21 (0.00) Mpps, 109 (0) Mbit/s | 3199232 pkts, 204750848 Bytes
TX: 11.29 (0.17) Mpps, 5782 (89) Mbit/s | 169962471 pkts, 10877598144 Bytes
==========V=============
_____2250\_____

[1;33m[WARN]  malloc() allocates objects >= 1 MiB from LuaJIT memory space.[0m
[1;33m[WARN]  Install libjemalloc if you encounter out of memory errors.[0m
[1;37m[INFO]  Initializing DPDK. This will take a few seconds...[0m
EAL: Probing VFIO support...
EAL: PCI device 0000:84:00.0 on NUMA socket 1
EAL:   probe driver: 8086:10fb net_ixgbe
EAL: PCI device 0000:84:00.1 on NUMA socket 1
EAL:   probe driver: 8086:10fb net_ixgbe
[1;37m[INFO]  Found 2 usable devices:[0m
   Device 0: 90:E2:BA:CB:F5:44 ([0;32mIntel Corporation 82599ES 10-Gigabit SFI/SFP+ Network Connection[0m)
   Device 1: 90:E2:BA:CB:F5:45 ([0;32mIntel Corporation 82599ES 10-Gigabit SFI/SFP+ Network Connection[0m)
PMD: ixgbe_dev_link_status_print():  Port 1: Link Down
PMD: ixgbe_dev_link_status_print():  Port 0: Link Down
Valerio parser
Filename: /home/valerio/Ruleset/trace_shot/2k_1/acl1_seed_5.rules_trace
Error with file! /home/valerio/Ruleset/trace_shot/2k_1/acl1_seed_5.rules_trace
Tot_rules: 1835
Tcp: 1608 |Udp: 180 |Icmp: 47
Valerio parser end
[1;37m[INFO]  Waiting for devices to come up...[0m
[1;37m[INFO]  Device 1 (90:E2:BA:CB:F5:45) is up: 10000 MBit/s[0m
[1;37m[INFO]  Device 0 (90:E2:BA:CB:F5:44) is up: 10000 MBit/s[0m
[1;37m[INFO]  [0;32m2 devices are up.[0m[0m
[RX - dev]: { 0 } 
[TX - dev]: { 1 } 
Pkt size: 60
TX rate: 2250 rateq1: 2250 rateq2: 2250 rateq3: 2250
==========VVV=============
RX: 0.21 (0.00) Mpps, 108 (0) Mbit/s | 3166208 pkts, 202637312 Bytes
TX: 11.45 (0.16) Mpps, 5865 (80) Mbit/s | 172328058 pkts, 11028995712 Bytes
==========V=============
