28   816540
256   5288500
256   5355812
256   5590936
228   4927156
256   5069260
256   5096892
256   5255052
256   5346420
256   5269796
256   5644768
256   5435704
256   5151676
256   5273716
256   4863004
256   5532596
256   5317484
256   5538228
256   5464144
256   5226688
256   5152752
256   4951116
256   5538232
256   5297316
256   5503300
256   5451144
256   5147676
256   5056440
256   5496300
256   5574624
256   5316460
256   5190252
256   5444724
256   5593788
256   5190792
256   5115816
256   5064316
256   5224960
256   5183604
256   5534784
256   5455076
256   5250712
256   5258816
256   6563844
256   6738512
256   6682056
256   5258836
256   5556524
256   6784376
256   5845072
256   6445756
256   6401908
256   6030836
256   5744628
256   5525884
256   6037468
256   6864616
256   6068188
256   5923088
256   5953840
256   5810892
256   5776668
256   6822520
256   6663700
256   6685100
256   5690696
256   6852280
256   5251424
256   6624688
256   6601356
256   6178288
256   6672516
256   5455596
256   5496280
256   6658184
256   6331972
256   5729772
256   6138884
256   5729756
256   6914516
256   6673756
256   6051576
256   5545692
256   5946908
256   6730876
256   6749376
256   6074432
256   5593344
256   5912320
256   5740556
256   6719932
256   6313888
256   5455056
256   5768620
256   5207608
256   6767764
256   6596368
256   5188424
256   5419980
256   5450372
256   6729608
256   6347712
256   5645284
256   5522772
256   6346344
256   6740868
256   7015356
256   6267644
256   6253456
256   6646984
256   5590128
256   6975436
256   6628288
256   5568992
256   6234336
256   6056228
256   6482800
256   6175608
256   5893344
256   5625344
256   6096164
256   5826348
256   6738900
256   6345076
256   6467160
256   5241128
256   5620612
256   6455156
256   6914328
256   5962032
256   5722312
256   6365148
256   6416580
256   6636220
256   5487264
256   6664536
256   5555276
256   6662428
256   6358816
256   6564876
256   6282124
256   6616956
256   5912144
256   6892980
256   6721620
256   5603260
256   5622108
256   6454800
256   6868456
256   6545652
256   5627020
256   6150612
256   6079916
256   6337896
256   6062708
256   5579864
256   6404416
256   5732628
256   5577820
256   6944396
256   6846468
256   6392836
256   5666036
256   6701200
256   6782236
256   6858864
256   5748604
256   6122552
256   6743100
256   6790988
256   6344812
256   6643652
256   5726012
256   5841396
256   6873728
256   6220936
256   6359068
256   6368940
256   5362928
256   6753516
256   6462068
256   5707920
256   5355440
256   6361008
256   6686760
256   6646340
256   5705072
256   5857120
256   5722232
256   6520760
256   6677888
256   6188388
256   6332324
256   5638320
256   7065280
256   6645528
256   6358728
256   6361048
256   6535628
256   6823492
256   6926784
256   5798036
256   5962764
256   6688152
256   6542872
256   5720404
256   5462740
256   5415804
256   5788940
256   6653436
256   5729200
256   6456044
256   5331808
256   6634524
256   6685244
256   6308956
256   6414072
256   6655036
256   6707560
256   6960196
256   6636804
256   6618120
256   5346808
256   6909696
256   6237924
256   5740216
256   6573168
256   6370760
256   6865236
256   6608040
256   5667456
256   6049856
256   6012224
256   6655216
256   6098156
256   6132076
256   5499400
256   5735756
256   6782616
256   6649820
256   6067036
256   5846064
256   5734448
256   6340332
256   6459716
256   6112524
256   5313536
256   6865608
256   6731952
256   5997804
256   6462212
256   6798932
256   6581896
256   6748380
256   5367900
256   6463588
256   6774436
256   6744824
256   6766240
256   5655244
256   6143896
256   5445536
256   6815956
256   6911656
256   5557052
256   5339968
256   5707228
256   6653472
256   6757920
256   6633412
256   5440604
256   5763408
256   6602724
256   6875676
256   6219812
256   6488828
256   6606628
256   6826972
256   6188236
256   5701180
256   6416944
256   5852948
256   6956828
256   6380872
256   6020004
256   6204000
256   5511176
256   6449724
256   6704480
256   6112888
256   6204392
256   5827756
256   6498996
256   6381280
256   6434276
256   5412040
256   5711088
256   6740448
256   6267272
256   6541220
256   6011200
256   6561820
256   6945264
256   6540104
256   6117584
256   7012424
256   6964220
256   6666324
256   6684340
256   6578732
256   6684572
256   6777920
256   6854484
256   6423992
256   5755524
256   5757316
256   6629128
256   6781908
256   5816456
256   5905488
256   5181768
256   6760948
256   6795324
256   6593560
256   5781460
256   5565744
256   6854056
256   6600996
256   5299084
256   5778712
256   6383560
256   6475500
256   6872264
256   5549952
256   6818760
256   6667896
256   6577748
256   6165280
256   5763032
256   5405344
256   6683700
256   6482812
256   5954208
256   6514444
256   6041712
256   6518832
256   6624236
256   6353708
256   5938272
256   5961368
256   6938984
256   5966832
256   5335592
256   6027456
256   5407576
256   6774396
256   6744676
256   5745100
256   6023736
256   5871912
256   6704080
256   6143084
256   6100072
256   6146156
256   6031412
256   7120652
256   6582688
256   5996740
256   6213396
256   6196740
256   6547152
256   6634004
256   6677124
256   5438304
256   5642432
256   6422740
256   6376600
256   6460412
256   5892704
256   6338024
256   6617372
256   6411176
256   6142724
256   6389648
256   6725596
256   6774764
256   6689892
256   6361408
256   6047116
256   6732408
256   6864436
256   6391968
256   6041444
256   5284920
256   6684144
256   7006296
256   5619328
256   6467432
256   6260964
256   6794408
256   6739120
256   5743804
256   6487304
256   6119776
256   6792400
256   6103232
256   5781208
256   6530440
256   6559468
256   7062012
256   6368772
256   6688952
256   6293920
256   5229456
256   6699508
256   5903136
256   6500948
256   5848960
256   5826972
256   5197192
256   6868320
256   7062432
256   6133784
256   5563372
256   6318792
256   6694384
256   7226044
256   6489352
256   5803384
256   6766872
256   6636544
256   6306164
256   5530264
256   5422572
256   6044152
256   6925480
256   6814704
256   5300668
256   5906140
256   5086944
256   6977820
256   5754196
256   6360404
256   6178232
256   6281192
256   6679988
256   6638244
256   5846992
256   6039824
256   6484532
256   6810952
256   6445648
256   6374656
256   5740152
256   6368464
256   6988152
256   6201904
256   5663492
256   6725088
256   5323572
256   6636580
256   6904240
256   5679324
256   5740432
256   6515740
256   6544556
256   6279788
256   6452224
256   5711516
256   6298576
256   6909256
256   6225992
256   5917436
256   5775360
256   6076724
256   6743944
256   6477096
256   5500468
256   6508740
256   5947988
256   7134508
256   5669884
256   6011176
256   5671256
256   6770372
256   6590452
256   6778796
256   5501396
256   5551112
256   6811948
256   6793140
256   6090056
256   5952940
256   6470948
256   6997656
256   6676868
256   6566952
256   6119920
256   6015804
256   6757484
256   6780452
256   6059152
256   5840132
256   6012536
256   6769212
256   6709168
256   5513180
256   5242528
256   6267624
256   6786932
256   6400800
256   5716700
256   5764828
256   5527488
256   6767224
256   6652300
256   6673004
256   5711184
256   5788472
256   6527720
256   6556016
256   5524404
256   5473180
256   6475996
256   6656804
256   5609492
256   6263672
256   6590708
256   6142240
256   7008356
256   6726280
256   6338544
256   6472036
256   6379576
256   6648384
256   6692944
256   5474132
256   6027604
256   6558736
256   6890408
256   6555976
256   6276020
256   5878728
256   6667108
256   6435868
256   6125812
256   6430576
256   6095300
256   6017944
256   6492888
256   6107520
256   5681368
256   6739416
256   6642264
256   6636268
256   6433068
256   6409396
256   5663612
256   6667988
256   6108044
256   5884288
256   5960684
256   5591892
256   6387364
256   6495496
256   5367964
256   6288612
256   5528964
256   6616296
256   6520196
256   6007052
256   6419100
256   6312548
256   6896452
256   6973560
256   5572636
256   6751568
256   6294628
256   6571804
256   6676952
256   5854716
256   5727812
256   6593572
256   6976156
256   6692628
256   6603000
256   5608636
256   6632688
256   6816052
256   6691400
256   5581132
256   6282476
256   6701528
256   6948864
256   6567048
256   6454012
256   6047000
256   6662820
256   6313288
256   5657608
256   5708472
256   6832108
256   6560464
256   6798020
256   6838956
256   5410740
256   5874148
256   7052552
256   6540176
256   6790740
256   6509088
256   6017964
256   6754212
256   5935028
256   5518964
256   6038728
256   6665192
256   6377424
256   6818872
256   6681548
256   5808936
256   6868796
256   7151128
256   6222220
256   6522668
256   5464232
256   6620016
256   6210164
256   5812884
256   5986992
256   6646856
256   6713444
256   6667112
256   6537464
256   5536096
256   5524792
256   6725028
256   5683476
256   6091952
256   6194556
256   5859216
256   6916084
256   6623140
256   5701840
256   5884460
256   6665304
256   6917560
256   6820072
256   5821980
256   5593820
256   6783916
256   6511704
256   6685656
256   6740624
256   5785496
256   6435784
256   6270064
256   6524824
256   6265364
256   5147856
256   6879960
256   6472560
256   5613044
256   5990536
256   5829656
256   6808600
256   6135888
256   6382328
256   6484788
256   5322572
256   6762900
256   6616728
256   6061708
256   5548628
256   6299964
256   6633780
256   6385400
256   6500596
256   6574572
256   6872068
256   6744492
256   6258304
256   6362960
256   6457016
256   6541116
256   6767404
256   6430544
256   5740584
256   6230320
256   5947116
256   6525972
256   6009932
256   5975716
256   6551500
256   5326800
256   7043884
256   6254048
256   6626112
256   6840256
256   6786412
256   6568248
256   6276212
256   5879316
256   5788348
256   6908132
256   6402648
256   6000852
256   6327376
256   6641208
256   6652368
256   5945212
256   5723608
256   5496352
256   5771584
256   6539944
256   6724944
256   5695960
256   5553812
256   5644944
256   6598768
256   6557976
256   5592264
256   6598504
256   5266320
256   6623664
256   6822544
256   6070108
256   5409992
256   6805552
256   6977336
256   5954084
256   5904896
256   5795540
256   6825396
256   6292228
256   5711112
256   6584148
256   5691844
256   6982844
256   6741444
256   5378732
256   6110548
256   5486200
256   6738976
256   6830408
256   6663548
256   6761744
256   6460672
256   6572032
256   6498472
256   6353312
256   6349276
256   5860004
256   6650156
256   6807692
256   5327844
256   6117512
256   6420676
256   6774776
256   6419488
256   6579620
256   5637160
256   5927872
256   6677080
256   6193472
256   5871784
256   6845200
256   5871528
256   6710972
256   5959184
256   5997344
256   6322668
256   5981648
256   6444900
256   6604640
256   6130932
256   5762460
256   5762844
256   6615844
256   6419912
256   6027364
256   5611724
256   6023040
256   6913140
256   6324160
256   6512644
256   5743576
256   6594444
256   6656656
256   6050520
256   6264056
256   6324304
256   6785164
256   6813812
256   5343712
256   5342736
256   5652608
256   6764944
256   6600040
256   5437400
256   6796900
256   6258864
256   6596424
256   6778592
256   5560716
256   5235232
256   5571880
256   6680224
256   6442748
256   5952172
256   5506056
256   6519832
256   6789292
256   6274928
256   5696400
256   5506864
256   5712428
256   6943732
256   6458396
256   6660440
256   6560192
256   5322136
256   6826588
256   6196348
256   5626616
256   5755464
256   5587036
256   6625776
256   6894212
256   6447552
256   5728524
256   5313552
256   6937864
256   6537540
256   6222088
256   6519808
256   5733620
256   6662752
256   6935396
256   6338812
256   6753816
256   5636808
256   6768724
256   6513864
256   6147096
256   5856568
256   6403732
256   6894960
256   6411708
256   6959900
256   5492032
256   6342408
256   6582992
256   6195164
256   6500748
256   6196664
256   6129628
256   6964576
256   6286876
256   5992788
256   5979092
256   5867304
256   6590160
256   5783164
256   5537148
256   5589204
256   6823692
256   6657452
256   5538416
256   5661208
256   5838820
256   6662072
256   6269928
256   6563560
256   6689196
256   5524476
256   6730172
256   6421864
256   5967096
256   6012204
256   5620360
256   6881344
256   6693236
256   5709704
256   5636468
256   6132908
256   6848756
256   6782232
256   6072852
256   5550248
256   5654272
256   6426164
256   6799620
256   5572484
256   5937108
256   5433584
256   6527108
256   6371256
256   6526256
256   6442224
256   6575496
256   6709504
256   6583680
256   6734644
256   6563728
256   5837720
256   6593812
256   6304252
256   5883048
256   6308520
256   5936920
256   6842860
256   6331040
256   6219008
256   6150104
256   6184620
256   6785996
256   6271276
256   6667276
256   5525112
256   5930260
256   6632268
256   6371352
256   6128624
256   6558096
256   6061800
256   6585328
256   6434864
256   6078248
256   6377736
256   6839496
256   6263440
256   6126252
256   5817652
256   6830896
256   6853244
256   5944308
256   6441976
256   6004400
256   6611844
256   6649708
256   6734576
256   6188476
256   5740452
256   5597176
256   6998436
256   6522248
256   6747060
256   6509756
256   6319920
256   6660344
256   6540388
256   5838960
256   6146696
256   5951792
256   7000228
256   6139364
256   6580124
256   6328540
256   6807496
256   6604120
256   6278804
256   6339624
256   6122352
256   6634516
256   6533676
256   6469752
256   5982096
256   5780776
256   6730824
256   6315064
256   5849860
256   5574568
256   6224708
256   7014800
256   6933656
256   6075068
256   6366008
256   6463384
256   6709164
256   6170668
256   6831352
256   6100928
256   6435640
256   6718308
256   6034292
256   5790856
256   6728068
256   6306068
256   6639456
256   6212728
256   5848384
256   5578552
256   6716564
256   6307756
256   6296068
256   6257336
256   5444928
256   6586572
256   6555696
256   6735500
256   5795592
256   5463348
256   6525752
256   6513516
256   6234800
256   6513968
256   6619428
256   6775048
256   6397196
256   6297124
256   5850944
256   5706984
256   6711696
256   6594416
256   6057520
256   5623204
256   6264908
256   6673156
256   6291200
256   5838812
256   5946952
256   6779808
256   6850808
256   6519384
256   6042636
256   5616224
256   6623592
256   6221560
256   6084116
256   6204812
256   6218168
256   6962772
256   6188168
256   6315836
256   5928628
256   6510088
256   6723716
256   6436884
256   5809364
256   6446208
256   6211756
256   6911480
256   6471052
256   6603576
256   6764040
256   5479468
256   6668244
256   6418088
256   6495908
256   6864960
256   6273980
256   6643940
256   6461156
256   5723344
256   6497924
256   6477372
256   6477516
256   6297428
256   5604408
256   6099760
256   6699736
256   6678772
256   6388824
256   6326132
256   5875884
256   6619484
256   6072968
256   6815924
256   5603468
256   6052204
256   6579232
256   6770652
256   5550348
256   5391596
256   5605992
256   6394744
256   6043680
256   6176492
256   5563128
256   5625828
256   6702952
256   6118804
256   6039492
256   5772284
256   6954552
256   6695912
256   6745592
256   6300276
256   6416992
256   6798540
256   6286652
256   6324260
256   5702552
256   5319516
256   6651240
256   5967900
256   5763764
256   5894160
256   6798072
256   6869880
256   6665664
256   6533248
256   6749648
256   5879488
256   6803176
256   6150016
256   5800628
256   5653768
256   5302216
256   6814484
256   6638164
256   5690324
256   5779044
256   5826180
256   6774592
256   6489872
256   6613288
256   6454420
256   6165524
256   6437372
256   6613792
256   6195552
256   5361368
256   6123204
256   6629768
256   6631304
256   5630072
256   5842524
256   6630032
256   6960480
256   5638680
256   6259648
256   5718528
256   6666400
256   6705416
256   6516448
256   5576080
256   6281352
256   5761296
256   6798500
256   6470112
256   6505716
256   5553780
256   6522556
256   6764904
256   5609328
256   6443956
256   5651968
256   6601924
256   6729652
256   6812692
256   5612664
256   6134780
256   6729604
256   6791500
256   5582700
256   5625520
256   6124460
256   6800556
256   6420828
256   6483252
256   5452480
256   5813128
256   6575412
256   6434104
256   5838764
256   6510480
256   5849908
256   6549088
256   6628816
256   5713700
256   6274336
256   6070864
256   6852832
256   6266760
256   6452944
256   5961464
256   5785560
256   6996448
256   6808152
256   6283120
256   6523520
256   6338952
256   6684348
256   6245580
256   6366156
256   6487296
256   6580548
256   6710560
256   6906684
256   5457060
256   6516136
256   6377520
256   6738960
256   6245256
256   5371792
256   5393532
256   6817404
256   7114028
256   6499560
256   6569128
256   5314104
256   6957752
256   6166148
256   5861444
256   5240760
256   5831108
256   7015232
256   6681544
256   6514156
256   6044828
256   5579040
256   6577680
256   6600496
256   5838992
256   6278120
256   6603656
256   6419412
256   6684200
256   6430548
256   6648848
256   5170848
256   6938144
256   6724316
256   6038608
256   5804196
256   6734508
256   6594044
256   5879000
256   5553320
256   6560320
256   5602800
256   6641668
256   6739316
256   6634556
256   5774532
256   5576416
256   6767428
256   6256728
256   5767692
256   5910640
256   6035308
256   6422404
256   6297404
256   6585992
256   6841004
256   5721400
256   6494144
256   6644836
256   6213908
256   5585032
256   6729012
256   6522556
256   6505116
256   5918416
256   5902168
256   6664852
256   6341628
256   6607340
256   6572676
256   5522032
256   6300796
256   6642476
256   6523600
256   5692384
256   6814356
256   6887836
256   7015004
256   6836172
256   5868804
256   5866788
256   6541872
256   6605504
256   6395600
256   6330564
256   6154912
256   6646356
256   6781856
256   5979508
256   5670928
256   5516516
256   6756808
256   6822896
256   5996672
256   6341372
256   5949844
256   6787232
256   6376392
256   5736680
256   6516960
256   6353804
256   6861152
256   6683144
256   5808804
256   5648940
256   6664276
256   6568328
256   6037344
256   5797300
256   6019972
256   6682484
256   6500780
256   5441356
256   6490812
256   5393700
256   6606812
256   6669744
256   5813616
256   6245960
256   5557256
256   6543588
256   6829780
256   6142680
256   6855368
256   6425360
256   6719064
256   6711932
256   5583844
256   6256128
256   5843612
256   6646684
256   6476300
256   5616720
256   6451268
256   6073248
256   6872024
256   6398052
256   5814300
256   6025588
256   6709076
256   6754936
256   6812600
256   6583980
256   6210052
256   6348336
256   7088056
256   6648848
256   5247068
256   5228820
256   6803684
256   6380360
256   6397544
256   6386896
256   6912028
256   6553748
256   6265144
256   5496200
256   5743956
256   5436732
256   6414412
256   6224560
256   6216436
256   5703964
256   5583852
256   6683888
256   6788924
256   5841052
256   5473988
256   6839792
256   6726624
256   6481336
256   6088504
256   5521680
256   6693008
256   6271532
256   5405636
256   5578164
256   6046296
256   6542196
256   6578640
256   6426520
256   5551536
256   6304416
256   6326200
256   6215940
256   5715700
256   6491496
256   5823044
256   6541536
256   6184412
256   6624224
256   6549508
256   6455748
256   6954552
256   5753524
256   6514188
256   6591656
256   5794508
256   6751256
256   6179244
256   6058328
256   5681684
256   6109596
256   6659596
256   6124728
256   6051700
256   5684660
256   5965292
256   6429748
256   6839148
256   6521968
256   5681460
256   5732524
256   6495944
256   6552968
256   6819220
256   6002112
256   5427740
256   6706580
256   6518160
256   6078360
256   5358800
256   6931324
256   7087812
256   6686384
256   6605584
256   6652552
256   5981432
256   6544384
256   6619476
256   6594988
256   6479140
256   6868132
256   6722628
256   6649080
256   5687300
256   5691140
256   6663572
256   6709988
256   6528584
256   6083744
256   5677480
256   6674964
256   6283512
256   6035408
256   5804900
256   5916640
256   6669468
256   6867348
256   5950968
256   6558416
256   6578032
256   6742448
256   6562892
256   6398320
256   5666236
256   5209564
256   7009880
256   6697120
256   6397032
256   6506876
256   6911856
256   6649024
256   6360388
256   6382028
256   5313828
256   7087492
256   6435572
256   6440700
256   5684776
256   6263076
256   6491584
256   6402052
256   6970548
256   5965724
256   5549664
256   6816504
256   6913196
256   6057352
256   6059848
256   6252876
256   6662580
256   6465652
256   6641968
256   6347228
256   5648264
256   6725820
256   5967912
256   5789856
256   5728524
256   6738612
256   6807680
256   6315592
256   5513112
256   5429668
256   6515200
256   6434204
256   6365124
256   6070104
256   6418596
256   6839884
256   6672856
256   6070648
256   5768400
256   6021536
256   6931096
256   6756864
256   6774144
256   6660484
256   5644812
256   6441088
256   6743808
256   6579924
256   6590440
256   6610132
256   6818928
256   6501536
256   5912792
256   5503012
256   6743812
256   6711900
256   5810668
256   6185464
256   5971444
256   5783788
256   6680240
256   6794676
256   5810104
256   6097864
256   6603332
256   6825788
256   6473196
256   5981476
256   5230024
256   7003188
256   6845828
256   6617920
256   6452724
256   5753752
256   7113416
256   6083112
256   6401732
256   6627712
256   6010708
256   6596680
256   6427324
256   6328668
256   5503164
256   6542404
256   6611328
256   6120272
256   5991544
256   5224964
256   6643980
256   7087260
256   6495276
256   6369148
256   6410764
256   6621196
256   6716564
256   5996312
256   5815120
256   6703164
256   6717276
256   6617356
256   6414992
256   5569876
256   5373892
256   6662108
256   6630776
256   5773872
256   6393368
256   6018696
256   6652668
256   6672224
256   5871120
256   6425400
256   6432488
256   6727896
256   6556692
256   6169084
256   5637780
256   7122436
256   7059012
256   5865312
256   5520796
256   6184076
256   6653280
256   6502652
256   5424584
256   6417896
256   5797336
256   6623484
256   6745272
256   6513660
256   5915020
256   5935652
256   6757916
256   6121456
256   5475688
256   5697156
256   5674168
256   6572776
256   6333060
256   5703972
256   5610192
256   6442844
256   6914248
256   6283748
256   5976424
256   6437784
256   5521440
256   6796976
256   6352324
256   6220612
256   6003692
256   6043464
256   7054356
256   5994796
256   5378412
256   5589012
256   6229800
256   7131484
256   6107404
256   6043016
256   6446276
256   6608340
256   6795860
256   6582068
256   5532856
256   5511380
256   5627200
256   6965904
256   6299944
256   6063088
256   5821504
256   6549964
256   6630548
256   6432120
256   5753296
256   5892852
256   6479812
256   6545204
256   5928064
256   5926332
256   5284352
256   6714560
256   6845824
256   6702392
256   5654952
256   5320180
256   6679676
256   6050464
256   5734680
256   5898624
256   5485864
256   6664476
256   6795504
256   5671348
256   6516244
256   5486204
256   6901264
256   6336972
256   6177472
256   6524436
256   6927332
256   6578944
256   6810136
256   5754260
256   5572412
256   6336668
256   6649684
256   6222580
256   6522228
256   5862512
256   6681232
256   6927068
256   6532960
256   5945144
256   5633196
256   5266908
256   6776716
256   6196316
256   5419420
256   5589576
256   6137008
256   6431448
256   6558024
256   6832536
256   5824984
256   6587628
256   6554900
256   6638504
256   6321476
256   6407328
256   5585756
256   6787804
256   6759508
256   6495792
256   6471348
256   6097544
256   6665032
256   6333496
256   5745300
256   5667956
256   6152136
256   6573576
256   6271972
256   6099456
256   5366604
256   5592596
256   7038224
256   6665184
256   5942164
256   6178420
256   5548012
256   6721916
256   6491180
256   5824144
256   5346012
256   6856104
256   6549884
256   7027944
256   5664836
256   6240144
256   6574516
256   6372788
256   6040540
256   6125904
256   6063548
256   7055220
256   6529072
256   5628916
256   6305088
256   6799848
256   6646688
256   6439604
256   6210440
256   5663576
256   6689268
256   5640044
256   6789552
256   6386648
256   5899080
256   5318180
256   5515228
256   6720632
256   6404664
256   5929400
256   6216552
256   6127268
256   6604428
256   6421528
256   5616552
256   5790660
256   5462468
256   6669832
256   6794632
256   5765264
256   5391340
256   5763476
256   6619636
256   6473628
256   6543312
256   5602600
256   6617680
256   6688108
256   5687216
256   6284588
256   5954040
256   5659808
256   6628276
256   6398164
256   6201864
256   5410272
256   5964152
256   6701232
256   6283304
256   5932936
256   5619032
256   5541960
256   6548580
256   6177288
256   6572728
256   6554272
256   6142792
256   6436300
256   6702616
256   6500924
256   6387688
256   5778844
256   6790868
256   6550864
256   6426732
256   6098596
256   5971024
256   6471020
256   5774692
256   6022772
256   5553884
256   6126440
256   6862320
256   6552356
256   5186916
256   5640292
256   5866360
256   6887316
256   6394488
256   6183948
256   6255004
256   6138680
256   6703552
256   6086992
256   6521428
256   6480996
256   6600516
256   6512344
256   5730236
256   5639928
256   5668340
256   7019060
256   6556392
256   5859668
256   6272588
256   5273660
256   6748148
256   6251244
256   5781500
256   6745220
256   6561392
256   6856544
256   6708292
256   6647976
256   5864204
256   5634420
256   6348588
256   6641628
256   5934860
256   6617948
256   6057996
256   7202728
256   6264804
256   6200884
256   6244000
256   5548080
256   6714196
256   6381940
256   6076348
256   6313356
256   5564228
256   6757508
256   6809080
256   6199604
256   5995240
256   6288196
256   6840068
256   6562236
256   6661544
256   5708696
256   6219416
256   6975844
256   6738132
256   5212556
256   5851356
256   7051428
256   7037052
256   6355616
256   6420000
256   6701368
256   6431456
256   6763972
256   6566996
256   5706536
256   5958536
256   6873452
256   6732608
256   6512860
256   6562268
256   5772916
256   6617612
256   6653996
256   5575756
256   5868628
256   5627440
256   6566012
256   6280592
256   6226900
256   5567000
256   6359960
256   6847272
256   6373760
256   5463776
256   6357044
256   5705964
256   6750976
256   6773800
256   5649712
256   6425352
256   6830016
256   6607056
256   6542080
256   5876400
256   5486228
256   6720580
256   6289244
256   5973388
256   6427292
256   6367676
256   6857240
256   6504856
256   6636216
256   6598772
256   5470364
256   6717032
256   6633884
256   5907016
256   6840396
256   5436120
256   6865344
256   6572552
256   5647416
256   6125860
256   5825004
256   6790436
256   6098424
256   5332072
256   5588560
256   6624908
256   6756464
256   6819984
256   5680664
256   5747424
256   6484028
256   6760644
256   6769528
256   6822248
256   5818936
256   7136756
256   6615068
256   5549588
256   5890064
256   5869404
256   6802636
256   6591672
256   6641320
256   5497096
256   6408764
256   6892496
256   6116416
256   5882084
256   6535012
256   5780580
256   6718452
256   6586508
256   6522168
256   5411748
256   5341916
256   7061232
256   6601244
256   6643404
256   5815284
256   6343556
256   5941716
256   6860068
256   6385460
256   5492604
256   5482368
256   6862480
256   6070300
256   5331128
256   5308140
256   5471896
256   6767040
256   6814932
256   6089784
256   6632792
256   6873804
256   6922740
256   6674008
256   5858292
256   5725452
256   6534384
256   6992676
256   6715844
256   6193008
256   5408552
256   6906896
256   6183996
256   6275480
256   6251300
256   5850844
256   6851864
256   6379652
256   6716616
256   6806224
256   5699212
256   6608916
256   6544108
256   6122336
256   5970292
256   5849664
256   6676956
256   6691528
256   6148584
256   6528244
256   5251824
256   6491584
256   6229888
256   6240860
256   6595956
256   5385976
256   6889640
256   6638264
256   6252032
256   5455084
256   6187112
256   6915680
256   6624380
256   6270840
256   6537592
256   6824008
256   6434156
256   5404900
256   5736820
256   5710624
256   6550716
256   6772628
256   6288272
256   5644156
256   6949400
256   6598500
256   6412148
256   5857264
256   5524172
256   5574748
256   6689376
256   6649840
256   5805528
256   5731936
256   5930492
256   6607936
256   6269872
256   5691164
256   5654876
256   5822632
256   6307828
256   6523284
256   6367280
256   6597128
256   5661656
256   6509284
256   5847036
256   5467672
256   5865380
256   6199912
256   6680684
256   6258172
256   6057720
256   6235096
256   5625540
256   6800668
256   6261924
256   6375528
256   5686092
256   5729304
256   6615956
256   6462700
256   5436684
256   5110716
256   6010752
256   6448352
256   6786348
256   5839196
256   5593444
256   5744136
256   6744292
256   6315556
256   6320616
256   6595760
256   6636012
256   6797004
256   6147156
256   6167992
256   6653888
256   6537948
256   6687500
256   6453064
256   5670588
256   5907940
256   6298036
256   6399668
256   6737228
256   5970804
256   5969592
256   5732952
256   6496400
256   6532424
256   6425548
256   6560116
256   5810392
256   6615764
256   6627608
256   6234456
256   5765604
256   6353852
256   6767004
256   6254572
256   6367060
256   5663408
256   6880532
256   6172696
256   5298276
256   5735092
256   6184392
256   6913112
256   5695636
256   6158992
256   6087400
256   5949876
256   6561312
256   6118316
256   6174364
256   6179872
256   5871504
256   6955476
256   6465016
256   5620612
256   6078788
256   5444096
256   6705508
256   6565440
256   6260856
256   6561264
256   5676896
256   6986024
256   5999812
256   5878372
256   5633196
256   5659736
256   6831972
256   6457168
256   6144560
256   5773552
256   6451776
256   6568868
256   6297164
256   5939052
256   5901480
256   5353516
256   6909240
256   6225876
256   6177540
256   5644416
256   6257960
256   6580752
256   6329064
256   7006376
256   6489128
256   5507960
256   6741032
256   6367044
256   6921188
256   6640224
256   6301292
256   6792608
256   5861304
256   6125776
256   6094536
256   6520112
256   6506928
256   6789604
256   5908704
256   5732056
256   5903672
256   6820632
256   6302052
256   5837304
256   5894348
256   6401048
256   6667164
256   6406988
256   5925192
256   5389492
256   6829144
256   6705412
256   6374384
256   6234736
256   5895344
256   6801464
256   5855136
256   6020568
256   5696764
256   5689636
256   6704732
256   6691736
256   5825092
256   5812776
256   5531492
256   6465520
256   6316400
256   5982952
256   6117392
256   6051920
256   6705024
256   5986692
256   6168824
256   6502568
256   5528664
256   6830372
256   6610224
256   5971488
256   6382608
256   6561936
256   6859656
256   6705300
256   5724728
256   5685820
256   5445364
256   6692376
256   6565212
256   6400948
256   6437196
256   6536524
256   6953704
256   6837432
256   5556180
256   6539560
256   5704996
256   6563696
256   6416968
256   5603684
256   6268948
256   6367688
256   6845792
256   6601172
256   6315472
256   6359976
256   6678132
256   6317996
256   6765820
256   5908576
256   6180432
256   6578272
256   6802188
256   6560792
256   5612188
256   5460160
256   6854956
256   6417444
256   6781268
256   6485688
256   5821984
256   6627640
256   6055744
256   6152176
256   5911232
256   5403368
256   6692580
256   5986596
256   5652696
256   6467244
256   5232916
256   6822764
256   6631848
256   6389076
256   6652316
256   6632524
256   6402028
256   5729912
256   5611828
256   5691860
256   6895012
256   7087744
256   6588788
256   5872860
256   5396032
256   6811240
256   7059660
256   5693664
256   5776880
256   6675972
256   6993640
256   6699488
256   5870136
256   6042732
256   5740316
256   6725936
256   6966716
256   6768308
256   6472536
256   6311544
256   6754060
256   6315632
256   6393732
256   6559784
256   5640912
256   6797232
256   6540292
256   6898324
256   6395368
256   6810124
256   6774108
256   6385464
256   5760184
256   6499044
256   5600652
256   6315168
256   5741132
256   5769272
256   6609376
256   5379188
256   6957748
256   6462996
256   5703360
256   6009244
256   5659980
256   6566920
256   6323536
256   5688364
256   6312556
256   5204444
256   7159216
256   6454140
256   5746424
256   6243924
256   6176932
256   6800648
256   6607728
256   6500400
256   6481056
256   6948388
256   6795008
256   6771796
256   6556700
256   5927296
256   6094496
256   7018644
256   6357876
256   6203664
256   5850016
256   6679220
256   6732472
256   6135652
256   6028604
256   6761056
256   6238200
256   6985588
256   6338400
256   6645596
256   5950268
256   5823784
256   7057968
256   6603404
256   6697192
256   6281604
256   6873468
256   6466192
256   5885920
256   6643780
256   6193720
256   6964436
256   6395168
256   6638244
256   5787416
256   5485680
256   6857672
256   6397176
256   5862524
256   6325836
256   5782976
256   6661048
256   6212492
256   5584232
256   5503784
256   7149676
256   6174384
256   6609432
256   6263860
256   6453684
256   6501788
256   6519288
256   5735228
256   6409832
256   6081076
256   6704836
256   6613672
256   6346812
256   6058188
256   6169828
256   6832100
256   6352484
256   5739852
256   5512804
256   6360840
256   6698696
256   6631488
256   6785488
256   5788916
256   5986384
256   6785844
256   6298504
256   6065284
256   5672812
256   5506676
256   6828296
256   6057420
256   6330168
256   5741320
256   6760872
256   6444424
256   6920240
256   6359092
256   6732404
256   6744252
256   6336440
256   6666984
256   6520280
256   5680396
256   6608320
256   6666404
256   6619148
256   6059380
256   6013476
256   6658120
256   6833236
256   6281980
256   6590244
256   5587576
256   6427112
256   6676540
256   6631616
256   5942784
256   5928076
256   6864132
256   6331404
256   6190376
256   5628712
256   6081016
256   6737296
256   6189976
256   5853800
256   5589476
256   6998932
256   6696620
256   6670288
256   6346448
256   5756728
256   6858496
256   6475112
256   5789492
256   5677332
256   6370620
256   6755236
256   6837616
256   6072328
256   6394736
256   5608680
256   6785412
256   6492544
256   5379340
256   6438800
256   6619080
256   6672984
256   6345716
256   5631652
256   6696396
256   5867736
256   6764804
256   6399832
256   5735164
256   5586348
256   6766332
256   6870364
256   6080108
256   6151120
256   5366904
256   6769248
256   6621232
256   6240396
256   6537080
256   6764060
256   6634808
256   6918236
256   6064816
256   6818432
256   5956924
256   6658576
256   6669752
256   6087100
256   6378032
256   6369576
256   6821912
256   6486584
256   6181456
256   6505800
256   6659668
256   6618000
256   5579596
256   6008312
256   5521512
256   6420764
256   6651900
256   6991064
256   6151692
256   6641620
256   6650156
256   6611280
256   6198524
256   6294148
256   6235472
256   6383368
256   6701224
256   6478252
256   5751704
256   6269492
256   6521556
256   6311160
256   5674840
256   5393252
256   5323132
256   6679352
256   6101864
256   6295976
256   5813976
256   6477988
256   6671060
256   5801284
256   6097788
256   6120596
256   6615440
256   6693052
256   6509268
256   5583104
256   5596868
256   6491212
256   6821980
256   6372268
256   6209064
256   5809616
256   6635860
256   6866532
256   6600856
256   6019876
256   5502016
256   5937356
256   6847136
256   6339420
256   5583292
256   5815744
256   6783008
256   6463436
256   6573684
256   6646352
256   6065028
256   6477504
256   6667352
256   5956156
256   6211520
256   5462572
256   6595564
256   6711676
256   6546840
256   6513524
256   5966548
256   6814272
256   6149092
256   5346928
256   5360840
256   6408728
256   6474908
256   6593196
256   5743892
256   6510560
256   5949496
256   6768128
256   6539628
256   6511836
256   5931400
256   5547048
256   6661272
256   6760912
256   6436644
256   5660892
256   5973912
256   6844052
256   6409668
256   5753048
256   6190972
256   6241928
256   6651544
256   6641672
256   5966548
256   6446376
256   5634880
256   7011880
256   6304732
256   6542068
256   5552516
256   6233968
256   6783496
256   6534832
256   6474868
256   6102228
256   6535840
256   6675544
256   6267712
256   6289280
256   5678356
256   6796828
256   6475676
256   6791528
256   5923168
256   5623796
256   6394356
256   6382464
256   6543520
256   5530412
256   6441464
256   6637392
256   6443432
256   6444864
256   5914012
256   5240064
256   6710240
256   6401508
256   5540300
256   6316504
256   6287340
256   6843304
256   6782896
256   6102188
256   6414648
256   6536316
256   6904652
256   6567448
256   5643060
256   6392988
256   6244564
256   6945712
256   6469404
256   6407716
256   5864936
256   5552252
256   6676984
256   6520092
256   5706000
256   6710404
256   6690508
256   6874292
256   6547280
256   6191516
256   6372364
256   6389804
256   6666572
256   6742488
256   6239836
256   5959008
256   6637032
256   6758648
256   5632208
256   6528924
256   5425424
256   6705684
256   6395392
256   5859104
256   5542248
256   6082920
256   6993644
256   6039816
256   6178948
256   6353744
256   5627232
256   6474484
256   6073020
256   6331120
256   5478516
256   5732640
256   6683532
256   6301408
256   6672456
256   5456088
256   6858768
256   5978544
256   6523116
256   5641020
256   6606376
256   6613492
256   6364600
256   6260876
256   5551524
256   6213984
256   6814116
256   6446232
256   5607448
256   5637892
256   5608104
256   6629196
256   6243180
256   5478076
256   5285352
256   6466588
256   6968736
256   6419792
256   6651712
256   6515776
256   6883576
256   6702392
256   6739340
256   5960168
256   5908964
256   6828300
256   6729448
256   6159216
256   6612764
256   6319436
256   6638128
256   6862280
256   6560124
256   5733252
256   6382132
256   5409112
256   6799748
256   6495820
256   5834324
256   5551772
256   6224040
256   6529432
256   6941912
256   6231892
256   6486192
256   5695240
256   6812976
256   6355836
256   5716316
256   5751044
256   6691104
256   6416220
256   6259528
256   5429660
256   5876348
256   6437824
256   6644440
256   5266060
256   6138220
256   5667796
256   6612984
256   6684472
256   6113836
256   6259828
256   6447204
256   6772432
256   6817668
256   5668064
256   5812180
256   6322964
256   6669764
256   6820308
256   6480524
256   5838716
256   6337192
256   7093968
256   6771352
256   6344404
256   5441700
256   6771636
256   6561052
256   6334748
256   6295148
256   6047624
256   6189860
256   6590972
256   6142804
256   5969676
256   5803736
256   6158656
256   6736040
256   6229760
256   5972052
256   6139468
256   5862144
256   6924804
256   5899100
256   6120868
256   6376740
256   6419712
256   6821180
256   6003620
256   6525228
256   5649292
256   7018104
256   6859560
256   6215516
256   5939260
256   5709052
256   6794984
256   6395468
256   6169128
256   6434692
256   6779376
256   6653320
256   6802016
256   6434268
256   6743496
256   5998636
256   6796868
256   6690712
256   5837692
256   5818144
256   5917980
256   6441348
256   6283828
256   5756560
256   5902560
256   6254588
256   6384728
256   6293120
256   5298604
256   5294936
256   6531484
256   6922232
256   6636496
256   5595300
256   5590592
256   6842820
256   6413556
256   6637060
256   5300480
256   6392684
256   6577848
256   6626008
256   5629792
256   5988728
256   6293252
256   6533052
256   6410440
256   6895424
256   6186452
256   5623084
256   6720688
256   6667416
256   6543156
256   6314140
256   5597644
256   7006408
256   6328740
256   6322728
256   5761900
256   6636472
256   6484968
256   6211648
256   5470280
256   6176776
256   5808496
256   6906212
256   6654640
256   6339836
256   6985832
256   5936420
256   6660160
256   6328992
256   5880480
256   6529784
256   6929208
256   6663240
256   6946828
256   5698088
256   6416796
256   7005756
256   6942196
256   6201644
256   6252736
256   6092372
256   6836716
256   6293388
256   6533324
256   6332776
256   5617400
256   6941160
256   6739636
256   5951748
256   6474300
256   6570052
256   6744052
256   6016524
256   6599684
256   6283320
256   6128592
256   7009972
256   6521540
256   6343196
256   5882156
256   6622692
256   6655980
256   5777916
256   5891628
256   5862792
256   6967812
256   6550360
256   5650072
256   6310068
256   5722252
256   6834676
256   6798876
256   5651108
256   6327784
256   6277496
256   6987456
256   6161656
256   6744956
256   6715636
256   6712208
256   6458124
256   6302464
256   5418760
256   5753296
256   6473996
256   6354716
256   6066436
256   6762708
256   5480468
256   6633480
256   6522628
256   5404664
256   5389780
256   6263360
256   6939512
256   6234232
256   5923428
256   5943516
256   5971748
256   6874300
256   6750712
256   5950872
256   5712900
256   5949496
256   6683684
256   6511312
256   6022532
256   5527996
256   6533920
256   6950724
256   6625304
256   6544544
256   5662540
256   6483412
256   6400716
256   5931092
256   5741676
256   5704796
256   6586380
256   6779140
256   6228920
256   6542952
256   5313996
256   6430768
256   6887552
256   6402300
256   5709544
256   5596340
256   6783900
256   6504344
256   6480200
256   5616504
256   6280228
256   6790824
256   5975044
256   6567456
256   6747880
256   6403744
256   6675444
256   6770608
256   6336420
256   5392344
256   6323884
256   6721412
256   5999504
256   6076516
256   5430492
256   5900792
256   6503800
256   6458424
256   5568532
256   5495792
256   6253460
256   6714184
256   6480620
256   5266260
256   5888100
256   5468024
256   6624940
256   6593456
256   6688920
256   6212956
256   5713416
256   6553816
256   6719932
256   5772124
256   5761656
256   6688112
256   6631684
256   5582044
256   5852256
256   6194584
256   6063172
256   6440964
256   6543420
256   5655572
256   5792788
256   6600324
256   6821728
256   5844060
256   6934800
256   5987688
256   5805800
256   6488264
256   6685312
256   6506216
256   5992440
256   5633616
256   6601068
256   6277848
256   6269228
256   5597348
256   6330048
256   6818828
256   6680944
256   6083636
256   5338796
256   5863776
256   6863628
256   6636616
256   6092596
256   5189296
256   5823336
256   6798268
256   6420724
256   5387236
256   5990748
256   6364476
256   6700464
256   6255436
256   5454308
256   5409044
256   6616820
256   6318996
256   6259044
256   5688236
256   6820920
256   6621972
256   6743172
256   5465428
256   5914672
256   5562804
256   6675784
256   6459712
256   6421028
256   6048884
256   5709524
256   6665676
256   6349940
256   6037088
256   5664512
256   6461288
256   6817552
256   6003644
256   5839344
256   5972788
256   6609016
256   6725084
256   6273620
256   5492848
256   6062836
256   5813396
256   6988396
256   6716560
256   6352960
256   6399684
256   6215940
256   6714180
256   6453796
256   6277320
256   6691180
256   6225928
256   6787092
256   6333908
256   6345564
256   6574212
256   5709768
256   6634548
256   6650516
256   6630432
256   6234752
256   5097124
256   6595900
256   6433876
256   6523212
256   6312520
256   6560312
256   6765976
256   6669852
256   5887012
256   6383356
256   6597308
256   6690504
256   6086412
256   5927448
256   6075076
256   6535432
256   6533488
256   6536912
256   6433228
256   5742912
256   6632220
256   6974984
256   5715928
256   6704212
256   5799864
256   6473292
256   6290804
256   5790588
256   6089036
256   6655420
256   6625608
256   6811984
256   6670024
256   5800748
256   6434976
256   7003920
256   6425128
256   6518284
256   5569996
256   5364996
256   6750240
256   6742024
256   6097012
256   6206612
256   6814344
256   6856360
256   6133808
256   6838448
256   6338652
256   6886816
256   6761380
256   5463352
256   5325728
256   5465424
256   6753004
256   6438004
256   5341924
256   6555228
256   6686800
256   6643416
256   6218036
256   5712716
256   6179908
256   6021600
256   6793268
256   6475036
256   6657056
256   5685628
256   5445732
256   6630200
256   6333620
256   5921544
256   6340020
256   6554404
256   7025464
256   6362684
256   6179976
256   5712496
256   6713692
256   6811340
256   6548424
256   6108564
256   6580408
256   6511468
256   6299708
256   6625052
256   6264392
256   5988692
256   6957036
256   6989176
256   6356196
256   6491056
256   5543372
256   6698260
256   6556760
256   6053528
256   6704196
256   5769920
256   6467876
256   6649608
256   5863076
256   6619100
256   6138008
256   6948376
256   6627160
256   5520236
256   5926620
256   5500908
256   6764864
256   6396272
256   6540940
256   5735672
256   6800996
256   6992128
256   6092520
256   6889588
256   6163016
256   6482984
256   5990868
256   6397796
256   6627712
256   5422776
256   6710512
256   6520100
256   6212044
256   5436956
256   5866116
256   6869256
256   6447432
256   5987456
256   5838796
256   5570528
256   6643816
256   6472128
256   5726108
256   5550696
256   6429128
256   6494060
256   6608776
256   6140836
256   6596928
256   6511100
256   6574320
256   6819056
256   6476048
256   6468976
256   6670256
256   6482176
256   5771940
256   6334524
256   5736896
256   6634824
256   6320940
256   5712488
256   6133876
256   5575424
256   6861380
256   6967064
256   6630400
256   5858336
256   6472892
256   6662312
256   6804420
256   6550260
256   5905392
256   5327132
256   6782168
256   6079312
256   5654100
256   5765328
256   5686696
256   6429756
256   6220920
256   5851112
256   6092140
256   5784568
256   6718864
256   6370052
256   6636980
256   5542412
256   5919540
256   6827216
256   6210788
256   5673500
256   6224232
256   5919908
256   6410640
256   6297944
256   5915032
256   6231912
256   6891132
256   6831268
256   6775096
256   6701792
256   5447084
256   5992520
256   6811780
256   6303736
256   6438564
256   6292048
256   6410600
256   6916544
256   6537000
256   6020632
256   6295532
256   6433120
256   6554728
256   6754540
256   6109744
256   5631976
256   6744228
256   6622704
256   6603168
256   6451208
256   6000544
256   6811044
256   6876616
256   6754940
256   6377196
256   5724008
256   6426276
256   6416960
256   6682972
256   5977568
256   5761516
256   6738472
256   6595328
256   6063884
256   5504220
256   5943116
256   6613872
256   6335340
256   5324284
256   6220292
256   6463468
256   6684144
256   6744384
256   5619240
256   6571692
256   6743952
256   6847708
256   5608420
256   5636344
256   6210468
256   6964156
256   6921200
256   6365476
256   5901188
256   6359548
256   6392264
256   6542968
256   5757232
256   6001684
256   5752560
256   6646404
256   6155636
256   6016496
256   5454460
256   6435552
256   6639296
256   6431256
256   5426364
256   6332032
256   6382848
256   7127552
256   6570128
256   5493448
256   5340772
256   5583852
256   6702068
256   6409268
256   6046664
256   6364764
256   6835160
256   5976216
256   5655008
256   6341300
256   5770760
256   6732428
256   6406160
256   5807096
256   6056252
256   6196632
256   6880584
256   6590112
256   6597692
256   6086076
256   6678560
256   6662256
256   6105988
256   5374896
256   6911048
256   6194612
256   5806296
256   6957196
256   6259452
256   5802712
256   6519652
256   5569592
256   6569256
256   5934400
256   5693960
256   6548072
256   5666676
256   6651544
256   6833812
256   6694148
256   5844592
256   6444828
256   6861564
256   6166348
256   6227188
256   5878208
256   6615168
256   6166384
256   5869620
256   5739076
256   6274796
256   6858748
256   6713272
256   5841064
256   5798096
256   5889808
256   6808528
256   6476232
256   6257952
256   6151524
256   5429504
256   6703448
256   6066912
256   5836404
256   6627744
256   5406688
256   6744188
256   6189100
256   6260152
256   6305812
256   6220492
256   6795484
256   6786620
256   6411272
256   5995480
256   5520440
256   6732312
256   6582268
256   6349328
256   6200380
256   6110512
256   6393372
256   6900788
256   6120412
256   6323424
256   6249984
256   6362616
256   6319112
256   6729608
256   5594592
256   5495484
256   6877936
256   6369688
256   6577500
256   6694468
256   5736112
256   6880492
256   6223712
256   6662532
256   6799184
256   6417980
256   6694552
256   6450892
256   6573492
256   6004360
256   6382820
256   6192948
256   6930304
256   6014652
256   5505344
256   6717752
256   6093476
256   6468424
256   5693064
256   6374268
256   6553568
256   6095820
256   5390636
256   5883252
256   5477836
256   6875104
256   6304304
256   6172084
256   6179784
256   6098804
256   6626252
256   6635268
256   5494624
256   5822584
256   7023044
256   6911344
256   6700324
256   6319236
256   6119208
256   7004968
256   6936772
256   5721240
256   6665540
256   5387468
256   6807508
256   6475084
256   6031616
256   5355748
256   5607928
256   6538224
256   6907996
256   6552140
256   6263040
256   7062132
256   6547596
256   7181196
256   6005208
256   5681220
256   5573964
256   6283088
256   6393416
256   6361952
256   6128344
256   5907620
256   6511588
256   6560316
256   6694064
256   6200576
256   5495116
256   6502316
256   6556188
256   5987372
256   5865856
256   6667976
256   6821580
256   6581448
256   5395840
256   5456116
256   5634916
256   6686864
256   6605464
256   6086976
256   6346544
256   6800712
256   6886892
256   7100756
256   5983036
256   5220104
256   6581416
256   6696120
256   6751956
256   6040560
256   5643368
256   6934012
256   6494020
256   6394380
256   5799412
256   6365024
256   6780124
256   6508748
256   6307168
256   6677812
256   5726976
256   6678216
256   6637364
256   6752268
256   5666552
256   5988104
256   6639540
256   6473248
256   6038088
256   6292208
256   5502124
256   6696580
256   6485824
256   5644188
256   5431948
256   6257856
256   6897756
256   6466024
256   5370156
256   5975676
256   6597952
256   7020840
256   6105392
256   6600444
256   5442996
256   6696276
256   6723588
256   6751968
256   6491780
256   5720608
256   6632672
256   6915328
256   6279576
256   6731948
256   5661032
256   6710504
256   6534864
256   6543688
256   5386680
256   5417132
256   7028268
256   6481072
256   6338748
256   6658136
256   6833912
256   6852412
256   6370848
256   6212116
256   6002892
256   6749628
256   6723084
256   6785208
256   6554252
256   5419604
256   6522328
256   6768292
256   6261424
256   5490320
256   5987280
256   7064328
256   6747260
256   6246952
256   5754572
256   5662160
256   6495924
256   6894872
256   6348096
256   5635972
256   5724808
256   6589140
256   6241040
256   5669296
256   5423172
256   5313840
256   6541796
256   5986240
256   6585544
256   6181884
256   6895556
256   6886596
256   6421400
256   6432464
256   5247980
256   6856608
256   6776432
256   6352920
256   6775496
256   5284000
256   6603004
256   6865560
256   5668032
256   5479076
256   5709108
256   7067548
256   6690472
256   6503028
256   5731324
256   5729200
256   6741112
256   6833484
256   6282548
256   5723952
256   5641180
256   6706552
256   6289668
256   6218832
256   6018852
256   5696688
256   6457488
256   6413456
256   5524840
256   5690836
256   6182816
256   6416056
256   6823184
256   7019804
256   5683516
256   5417196
256   6578880
256   6732476
256   6127540
256   6107804
256   6327984
256   6788880
256   6873572
256   5649820
256   6568732
256   5881368
256   6453836
256   6592620
256   5934716
256   5817152
256   6192328
256   6674584
256   6127468
256   6261008
256   6636704
256   5699440
256   6788056
256   6569832
256   6757352
256   5465972
256   6481132
256   6372312
256   6599836
256   6622844
256   5901588
256   6763480
256   6587140
256   6481328
256   6165044
256   5911096
256   6896728
256   6700484
256   6770044
256   5565368
256   5852192
256   6685784
256   6899968
256   6147708
256   5998576
256   5592784
256   6636424
256   5618308
256   5837516
256   6226036
256   6195688
256   7149640
256   6685800
256   6443572
256   5933436
256   5853604
256   6729604
256   6317536
256   6410344
256   6470464
256   5393232
256   7127400
256   6379080
256   5587264
256   6462516
256   5956756
256   6654732
256   6438004
256   5808528
256   5973080
256   6612524
256   6520528
256   6724116
256   5577392
256   6796652
256   6204488
256   6864988
256   6837088
256   6633904
256   5666772
256   6594516
256   6925288
256   5668756
256   6129240
256   7010672
256   6680120
256   5976320
256   6785924
256   6862600
256   6837788
256   6943748
256   6593576
256   6463996
256   5866020
256   5443708
256   6724576
256   6257928
256   6185904
256   5894932
256   5525444
256   6921508
256   6279928
256   5989760
256   6626572
256   5876708
256   7002116
256   6794032
256   4973152
256   5560216
256   6538620
256   6472740
256   6742896
256   6342768
256   5605988
256   6947728
256   5982996
256   6094216
256   6199536
256   6774148
256   6725000
256   6448896
256   6533572
256   5548788
256   6799372
256   7038184
256   6637336
256   6249964
256   6417156
256   5667056
256   6583156
256   6476672
256   5726168
256   6191568
256   5188576
256   6654204
256   6373648
256   6046976
256   6613448
256   6150244
256   6901260
256   6755844
256   5695228
256   5548212
256   5801384
256   6934032
256   6650384
256   5477896
256   5594608
256   6469888
256   6638152
256   6575008
256   5506328
256   6036708
256   6868364
256   6245048
256   5647124
256   5468648
256   5579844
256   6632392
256   6419604
256   6673832
256   6489552
256   5856700
256   6608564
256   6459112
256   6689916
256   6682140
256   6170988
256   6921216
256   6440628
256   5474948
256   5807944
256   6016968
256   6814880
256   6491268
256   6390972
256   5478724
256   6663764
256   6619168
256   6427904
256   5529900
256   6107280
256   6513748
256   6660700
256   6147928
256   5549788
256   6330668
256   5662040
256   6621232
256   6451292
256   6460852
256   5771040
256   6204412
256   6690436
256   6654888
256   5420904
256   5780552
256   6483988
256   6739720
256   6291700
256   6034236
256   6462296
256   6398644
256   6547520
256   6933056
256   6385308
256   6001360
256   6502188
256   6918808
256   6019016
256   6348176
256   5389572
256   6819800
256   6659648
256   5834444
256   5988492
256   5398404
256   6658396
256   5944564
256   6669040
256   6526980
256   5898104
256   6534896
256   6151056
256   6691460
256   5868088
256   5722844
256   6541088
256   6730168
256   6212972
256   5639368
256   5627888
256   6701336
256   6376980
256   6748260
256   5641748
256   6326268
256   6815128
256   6382088
256   5907972
256   6250036
256   5424908
256   6463492
256   6609060
256   5911472
256   6038000
256   5573488
256   6904428
256   6592560
256   5510616
256   6091112
256   5725084
256   6806880
256   6776596
256   5427400
256   5844164
256   6488564
256   6353928
256   6480876
256   5414408
256   5650276
256   6526576
256   6694100
256   5923680
256   6588148
256   5770256
256   6546084
256   6563216
256   5771548
256   5305492
256   6299168
256   6865444
256   6539552
256   6060204
256   6169152
256   6576948
256   6802772
256   6702324
256   6166856
256   5697264
256   5602268
256   6661580
256   6542128
256   5681956
256   5445888
256   6080080
256   6935088
256   6707116
256   5715436
256   5311336
256   5486548
256   6553712
256   6236400
256   6773508
256   6466796
256   5585692
256   6864748
256   5924064
256   6434324
256   5930216
256   6281304
256   6733808
256   6300284
256   6645832
256   6436984
256   6153828
256   6821460
256   6408624
256   5922120
256   5602936
256   6252600
256   6684704
256   6362488
256   5593644
256   5870684
256   6148216
256   6692500
256   6401780
256   5730180
256   6497996
256   5902468
256   6934436
256   6204320
256   5622272
256   5855188
256   6312892
256   6993716
256   6413436
256   6472504
256   6110764
256   5736616
256   6839108
256   6569392
256   5773196
256   5669448
256   6097880
256   6422436
256   6737340
256   6662252
256   5888744
256   5548508
256   6785884
256   6390692
256   6599592
256   6253820
256   6976776
256   7140764
256   6135880
256   5917148
256   6605940
256   6488664
256   7019208
256   6534132
256   5420148
256   6807916
256   6760728
256   6719808
256   5654552
256   6552708
256   5846288
256   6759328
256   5867812
256   5706712
256   6438800
256   6364524
256   6834156
256   6124200
256   6115304
256   5756224
256   6240700
256   6955552
256   6681496
256   6281960
256   6349376
256   6147712
256   6570148
256   6568580
256   5427120
256   6271772
256   6375596
256   6547684
256   6105240
256   6530744
256   6681412
256   6916364
256   6332824
256   5546784
256   6023636
256   5381648
256   6894644
256   6404912
256   6058444
256   5496760
256   5523368
256   6649840
256   6888504
256   6003804
256   6599788
256   6611984
256   6552028
256   6456916
256   5781756
256   6646124
256   6078496
256   6757316
256   6514232
256   6510636
256   6570296
256   5968244
256   6593200
256   6457040
256   6046648
256   5410412
256   5606172
256   6953704
256   6443868
256   5689192
256   6058652
256   6228548
256   6775092
256   6490784
256   6081548
256   5495336
256   6096548
256   6799572
256   6347420
256   6518480
256   6622840
256   7013984
256   6756616
256   6227748
256   6106764
256   6603756
256   6768020
256   6852128
256   5905136
256   5944200
256   6828960
256   6775016
256   6704636
256   6380280
256   6503856
256   5903532
256   6685856
256   6715348
256   5646408
256   5800000
256   5756720
256   6971544
256   6218220
256   6417220
256   5404540
256   5378664
256   6561996
256   6362488
256   6748480
256   5950576
256   6535756
256   6646964
256   6890344
256   5818352
256   5704780
256   6768852
256   5681944
256   6525772
256   6721768
256   6607552
256   6704436
256   6807536
256   6207508
256   6296812
256   5699864
256   6573228
256   6589664
256   6012076
256   5576384
256   6200096
256   6976836
256   6544304
256   6132328
256   6526120
256   5623960
256   6813188
256   6807120
256   6037732
256   6298388
256   5429620
256   6438600
256   6507392
256   5598072
256   6276712
256   6138036
256   6568596
256   6543336
256   6168388
256   6249072
256   6750416
256   6320376
256   6089012
256   6722868
256   5721352
256   7030832
256   6451844
256   6113064
256   6071188
256   5551548
256   6959876
256   6239276
256   6027360
256   5418328
256   5655084
256   6873268
256   6432380
256   6177368
256   5531964
256   6467040
256   6661424
256   6353592
256   6014416
256   6324952
256   5967928
256   6934960
256   6674188
256   5576256
256   6633944
256   6468028
256   6883392
256   6925092
256   5655340
256   5637880
256   5750720
256   6737528
256   6316852
256   5919712
256   6553316
256   5942188
256   6921364
256   6153152
256   6526444
256   6461616
256   6241592
256   6880240
256   6352124
256   5623608
256   5764560
256   6727692
256   6632132
256   6072328
256   6380348
256   6398544
256   6740744
256   6742240
256   6899248
256   6019768
256   6637276
256   6476816
256   6452692
256   6163856
256   6361876
256   5814492
256   6674720
256   6512768
256   5210720
256   6443216
256   5658932
256   6560104
256   6055532
256   6038724
256   6738300
256   6254740
256   6958560
256   6684608
256   6462548
256   5350448
256   6113344
256   6612912
256   6087384
256   5683216
256   5505128
256   6770148
256   6033256
256   6104248
256   5581552
256   5764236
256   7064792
256   6919924
256   6290212
256   5493268
256   6054736
256   6872312
256   6222980
256   6737292
256   5768728
256   5360220
256   6947212
256   6349512
256   6452888
256   5898064
256   6709936
256   6704540
256   6783524
256   5456388
256   6500736
256   6094024
256   6796880
256   6659664
256   6954704
256   6525140
256   6540124
256   6464132
256   6451980
256   6249024
256   6035128
256   5922940
256   6530524
256   6405128
256   6680696
256   5618280
256   5764808
256   7011760
256   6839020
256   5694584
256   6634092
256   6079324
256   6802720
256   5994596
256   6625080
256   6540312
256   5878048
256   7259144
256   6390536
256   5467364
256   5674288
256   6802784
256   6161716
256   5483552
256   6247416
256   6407492
256   6733272
256   6338808
256   5895292
256   6328328
256   5926092
256   6839036
256   6651044
256   6430444
256   5472116
256   5910812
256   6761536
256   6837828
256   6673288
256   6321128
256   6641872
256   6323556
256   6288212
256   6384328
256   6539792
256   6935732
256   6932828
256   6379464
256   6478828
256   5679472
256   6698544
256   6792508
256   6238748
256   5586476
256   6015396
256   6850428
256   6533420
256   6631964
256   6935172
256   5367788
256   6905188
256   6235260
256   6422796
256   5568500
256   5352876
256   6677376
256   6664456
256   6379732
256   5796440
256   5330788
256   6439336
256   6454524
256   6227088
256   5454884
256   6787496
256   6635600
256   6104332
256   6324288
256   5525464
256   6950860
256   6433340
256   7019176
256   5397372
256   6860816
256   7003520
256   6544708
256   6156764
256   6209816
256   6816256
256   6647060
256   6380868
256   6321796
256   5614920
256   5425268
256   6560964
256   6452780
256   6980828
256   6180612
256   5887716
256   6525640
256   6574588
256   6456904
256   5586728
256   6260300
256   6753104
256   6453520
256   5903120
256   6085504
256   6541460
256   6709220
256   6124268
256   6678652
256   5866328
256   6925148
256   6735272
256   6414304
256   6376460
256   6777640
256   6744756
256   6388760
256   5849676
256   5339260
256   5786204
256   6522220
256   6439708
256   6260392
256   6464672
256   6821848
256   7080340
256   6694176
256   6387532
256   5843864
256   6514180
256   7020984
256   6458616
256   6335868
256   6339488
256   6717328
256   6922984
256   5885992
256   5757400
256   6539164
256   6674720
256   5846600
256   5786456
256   6239224
256   6486124
256   6505752
256   6730796
256   5450132
256   6460708
256   5562532
256   6594248
256   7019036
256   6079328
256   6519452
256   5170504
256   6481108
256   6590432
256   6358168
256   6600848
256   6410832
256   6885372
256   6195480
256   6404456
256   6357772
256   6702520
256   6537228
256   6141532
256   6148560
256   6133424
256   6810008
256   5500272
256   6241252
256   6396384
256   5872600
256   6769540
256   6579140
256   6556828
256   5750188
256   6230812
256   6834632
256   6479900
256   6273656
256   5827484
256   5915340
256   6628648
256   6559300
256   6093384
256   5532580
256   5462600
256   6864760
256   6817716
256   6718636
256   5884684
256   6661960
256   5953960
256   5873260
256   6041172
256   6043464
256   6782212
256   6528460
256   6147380
256   5747888
256   5446576
256   6573888
256   6944552
256   6372768
256   6186404
256   5999224
256   6826152
256   6419200
256   6334912
256   5275712
256   6579232
256   6519724
256   6774688
256   6242216
256   6019560
256   5465880
256   6624488
256   6579820
256   6140908
256   6782012
256   5589700
256   6620996
256   6484484
256   6163136
256   6318592
256   6468020
256   6333368
256   6162904
256   6468752
256   6089872
256   6509488
256   6780868
256   6719784
256   6503796
256   6356004
256   5910736
256   6947396
256   6594304
256   6533968
256   5525204
256   6536628
256   6966280
256   6624688
256   5513256
256   6451564
256   6893012
256   6819608
256   5798800
256   6199728
256   5546212
256   6661096
256   6026596
256   6645512
256   6697568
256   5845036
256   6934536
256   6455244
256   5979916
256   6049796
256   6049068
256   6665636
256   6612988
256   5426604
256   6539788
256   6722768
256   6798016
256   6674940
256   6410560
256   5802308
256   6550068
256   6494580
256   6206052
256   5688240
256   6608948
256   6574504
256   6210808
256   6032940
256   5392684
256   5898204
256   6705052
256   6739868
256   6366956
256   5797140
256   5659712
256   6921784
256   6322204
256   6445592
256   5683952
256   5412828
256   6758776
256   6447660
256   6236256
256   5966188
256   6693900
256   6740088
256   6331000
256   5403224
256   5654920
256   6663376
256   6438092
256   5405804
256   6474824
256   5420340
256   6706136
256   6760224
256   6529856
256   6291016
256   5637016
256   6696964
256   6683836
256   5958128
256   6026820
256   6312500
256   6852880
256   6862544
256   6029420
256   6582560
256   6251860
256   6660548
256   6540032
256   6567568
256   5432732
256   5430668
256   6812836
256   6560700
256   5461832
256   5984288
256   5732368
256   6788132
256   6721116
256   5428792
256   6435496
256   6884144
256   6944304
256   6657212
256   6521436
256   6169288
256   6982548
256   6500240
256   6151740
256   6757904
256   6440596
256   6369236
256   6957492
256   6711064
256   6660356
256   5844424
256   6605288
256   6496500
256   6128848
256   6229076
256   5306392
256   6473648
256   6618176
256   6581236
256   5548512
256   6580616
256   6557288
256   6754520
256   6330908
256   5596588
256   5605184
256   6876280
256   6420204
256   6174984
256   5597164
256   6418056
256   6814584
256   6748140
256   5388948
256   6401620
256   6721568
256   6922060
256   5407228
256   6104172
256   5744688
256   6897456
256   6618428
256   6157268
256   5478668
256   6521228
256   6823088
256   6221696
256   5744440
256   6213776
256   7077464
256   6458452
256   6308240
256   5994712
256   6181820
256   6031296
256   6535036
256   6840140
256   6463292
256   5765992
256   5938548
256   5270356
256   6476872
256   6746736
256   6570196
256   6300120
256   5683376
256   6451840
256   6834076
256   6060580
256   5383648
256   6681552
256   6968468
256   5898664
256   6169388
256   6590080
256   6777460
256   6306068
256   6525344
256   6413692
256   5426288
256   6946008
256   6300504
256   6231108
256   6303720
256   6708688
256   6691708
256   6440796
256   6624300
256   5867124
256   6001936
256   6722792
256   6439156
256   6317016
256   5769756
256   5925852
256   6623356
256   6589760
256   6571416
256   6506976
256   6148376
256   7002436
256   6450984
256   5949984
256   5424696
256   5756604
256   6944956
256   6818192
256   5646032
256   6544128
256   7002556
256   6541876
256   6567416
256   6044968
256   5976312
256   6700832
256   6477148
256   6243992
256   6906012
256   5583292
256   6852660
256   6200440
256   6450064
256   6498876
256   6688288
256   6679948
256   5674756
256   6627764
256   5968156
256   5604852
256   6719476
256   6286264
256   5467396
256   5307736
256   5414252
256   6492012
256   6643232
256   5353948
256   5860868
256   6599068
256   6178048
256   6083896
256   6312084
256   5524144
256   6602364
256   6155804
256   6717200
256   6251576
256   5322884
256   6606156
256   6300572
256   6791596
256   5845020
256   6147544
256   6738480
256   6300664
256   5635736
256   5598124
256   5946352
256   6585032
256   6416580
256   6082288
256   6597300
256   5980564
256   6885864
256   6350480
256   6915388
256   6375548
256   6502892
256   6821148
256   6756648
256   6483728
256   5477164
256   5422344
256   6621156
256   6422440
256   6220064
256   5720276
256   5324776
256   6785840
256   6170672
256   6014496
256   6929584
256   5922036
256   6851172
256   6577036
256   6412488
256   5271932
256   5730812
256   6885172
256   6556880
256   6037636
256   5764788
256   6905328
256   6392336
256   5393940
256   5736460
256   5399332
256   6543724
256   6699880
256   6192020
256   5912848
256   6282208
256   6876064
256   6949704
256   6529728
256   5762116
256   5669576
256   7222644
256   6603576
256   5449988
256   5686792
256   6171024
256   6922312
256   6600768
256   5791860
256   5755444
256   5900284
256   6603348
256   6361292
256   6238448
256   5773136
256   6424032
256   6923204
256   6648040
256   6603208
256   6382756
256   5800724
256   6809140
256   6717088
256   6372724
256   5392580
256   6255824
256   6910572
256   6329884
256   5424728
256   6434788
256   5350768
256   6534336
256   6257592
256   5546468
256   5597772
256   6214028
256   6881292
256   6774224
256   6441104
256   5326728
256   5920708
256   6776836
256   6433592
256   5886508
256   5369420
256   5925028
256   6520876
256   6418612
256   6039612
256   6420452
256   6702296
256   7054976
256   5966232
256   5501516
256   6481200
256   6186096
256   6834236
256   5934752
256   5482200
256   6775264
256   6091612
256   6949612
256   5835236
256   5931872
256   6239368
256   5821980
256   6714316
256   6359688
256   6348444
256   6495808
256   6187268
256   6907096
256   6526344
256   5738276
256   6829180
256   6679164
256   6770948
256   6691760
256   6495432
256   5399048
256   7082336
256   6448480
256   6234960
256   5879304
256   6430060
256   6613440
256   6873708
256   6577556
256   5486552
256   5679492
256   6712264
256   6387160
256   6495560
256   5617372
256   5419884
256   7174444
256   6108308
256   6582380
256   6740880
256   5443296
256   6736216
256   6260044
256   6434548
256   5810460
256   6723832
256   6788424
256   6867604
256   6429176
256   6424284
256   6737784
256   6724096
256   5846928
256   6258544
256   5201484
256   6646852
256   6018168
256   6738932
256   6626976
256   5703780
256   6569092
256   6965752
256   6376596
256   5419232
256   5613744
256   6782972
256   6407296
256   6111404
256   5739684
256   6367428
256   6470364
256   6415564
256   5396700
256   5557640
256   5702080
256   6873264
256   6680016
256   6334708
256   6512652
256   6881092
256   6807068
256   6363404
256   6437412
256   6298976
256   6785860
256   6319112
256   7073816
256   6004880
256   5981632
256   6687508
256   6779216
256   5689752
256   6154620
256   6699780
256   6515488
256   6314312
256   6603920
256   6348184
256   5901112
256   6842300
256   6805864
256   5821656
256   6754036
256   5920736
256   6990040
256   6361188
256   6222896
256   6780840
256   6230396
256   6631664
256   6189920
256   5517316
256   5702364
256   6018960
256   6880176
256   6344868
256   6388748
256   5728356
256   6383528
256   6635344
256   6755216
256   5518708
256   6545380
256   6897464
256   6344648
256   6417288
256   6451644
256   5764696
256   6719820
256   6564660
256   6630040
256   6835500
256   6378732
256   6773440
256   6230952
256   6018708
256   5930240
256   6433000
256   6802464
256   6479576
256   5912612
256   6505952
256   5499440
256   6883796
256   6446040
256   6135284
256   5470160
256   5825296
256   6722732
256   5758628
256   5640424
256   6583816
256   6700652
256   6618324
256   6020468
256   5565968
256   5897060
256   6709220
256   5966856
256   5896076
256   5799584
256   5924600
256   6567320
256   6378924
256   5575292
256   5449000
256   6301788
256   6607532
256   6421264
256   6108164
256   5153888
256   5708732
256   6840064
256   6500652
256   5444564
256   6450276
256   6787316
256   6607876
256   6426776
256   5246884
256   5744532
256   6150336
256   6676476
256   6678300
256   6758308
256   5689776
256   6909044
256   6913096
256   6974080
256   5571852
256   5915548
256   5828736
256   6448772
256   6492872
256   6952172
256   6746404
256   6603828
256   6532876
256   6963524
256   5570472
256   5851840
256   6308624
256   6657276
256   6732488
256   5681088
256   5658620
256   6698464
256   6495928
256   6393936
256   6526052
256   6475092
256   5519072
256   6631080
256   6474652
256   5653316
256   5505244
256   5188416
256   6457212
256   6413716
256   5739184
256   5637656
256   6740772
256   6306612
256   6165720
256   5430212
256   5736968
256   6588128
256   6587848
256   6435148
256   6199044
256   6479416
256   6715348
256   6767872
256   5809944
256   6379884
256   6569172
256   6603024
256   6182164
256   5360340
256   5503668
256   5580852
256   6589812
256   6291204
256   6323960
256   5590192
256   5831528
256   6510996
256   6126380
256   6394204
256   6988020
256   6466552
256   6564824
256   6648704
256   6317516
256   6157588
256   5497916
256   6663124
256   6520908
256   6543528
256   6652376
256   5707592
256   6801512
256   6452004
256   5850568
256   6084716
256   5841516
256   6576072
256   6814784
256   6235776
256   5827824
256   5321380
256   6851528
256   5918748
256   6391032
256   6317120
256   6124740
256   6877332
256   6097908
256   6450640
256   6656016
256   6966140
256   6852972
256   6838836
256   5974680
256   5942456
256   6722200
256   7036744
256   6712660
256   6024552
256   5840844
256   6491756
256   6484308
256   5713012
256   5785284
256   5395076
256   6664548
256   6088208
256   6125212
256   5734548
256   5874316
256   6892384
256   6441756
256   6301176
256   5701620
256   5764680
256   6785108
256   6463104
256   6298780
256   5910036
256   6151168
256   6969468
256   6788952
256   5811412
256   5803336
256   6985404
256   6751432
256   6568956
256   5613372
256   5878924
256   6586884
256   6706576
256   6747992
256   6608220
256   6126668
256   6770344
256   6835280
256   6446764
256   5930292
256   5361496
256   6630508
256   6486124
256   6144932
256   5443508
256   5385360
256   6533252
256   5785920
256   6228768
256   5869604
256   6533668
256   6564452
256   6778236
256   6343196
256   6351896
256   6417624
256   6786524
256   6655780
256   6451000
256   5712380
256   6801068
256   6752028
256   6382792
256   5954980
256   5944476
256   6883700
256   6811412
256   6910068
256   5903288
256   6265964
256   6541560
256   7172824
256   6241132
256   5988344
256   5717248
256   5837460
256   6851416
256   6519616
256   5698316
256   5574560
256   6655436
256   6653912
256   6675760
256   6713196
256   5983764
256   6602672
256   6457220
256   5663108
256   6794684
256   5736164
256   6495204
256   6753236
256   5949900
256   5479268
256   6234496
256   6654132
256   6518048
256   6466764
256   6762792
256   7038924
256   6845452
256   6279340
256   5477204
256   5812212
256   6455700
256   6900076
256   6373108
256   6121888
256   6868536
256   6620024
256   5686780
256   5999848
256   5779004
256   6434124
256   6998792
256   6894568
256   5494972
256   6133192
256   6175680
256   6938936
256   6552036
256   6642708
256   5934012
256   6903800
256   6827268
256   6720780
256   6598124
256   6196388
256   6268388
256   6855936
256   6550408
256   5856272
256   6247280
256   6415184
256   6627040
256   6314672
256   5575564
256   6117744
256   6715948
256   6931124
256   5916156
256   5736484
256   6575208
256   6673692
256   6446612
256   6082544
256   5891368
256   5879028
256   6675420
256   6363332
256   6729248
256   6161604
256   5375640
256   6851068
256   6621616
256   5784360
256   5632620
256   5732480
256   6613924
256   6489228
256   6380580
256   5800048
256   6699064
256   6549832
256   6303312
256   5521876
256   5375132
256   6995884
256   6606388
256   5553948
256   5258972
256   6164224
256   6318712
256   6600000
256   5510016
256   5801744
256   6728908
256   6849680
256   6678320
256   6271608
256   6323544
256   5470960
256   6526396
256   6085072
256   5589632
256   6633792
256   5597360
256   6639632
256   6523212
256   6199048
256   5686280
256   6290064
256   6617436
256   6863872
256   6854072
256   6688140
256   5939156
256   6680704
256   6438824
256   6367040
256   6082636
256   6534252
256   6597620
256   6719496
256   5684696
256   5807040
256   6530648
256   6862968
256   6817756
256   6623744
256   5899832
256   6933204
256   6526508
256   6324140
256   5843468
256   5403304
256   5430452
256   6195684
256   6440020
256   5951392
256   5319892
256   6688296
256   5975668
256   5395292
256   6011484
256   5258772
256   6384732
256   6598184
256   5731996
256   5846188
256   5568140
256   7047620
256   7006036
256   6180204
256   6548672
256   5993372
256   6854900
256   6090636
256   6382212
256   5823632
256   6775992
256   6653256
256   6746112
256   6364480
256   5657820
256   6807920
256   6579392
256   6291380
256   5700976
256   6280212
256   6323056
256   6572204
256   6656584
256   5955960
256   5516488
256   5827840
256   6489492
256   6358976
256   5866692
256   5885580
256   6050232
256   6756676
256   6606144
256   5943756
256   6434048
256   6413244
256   7088380
256   6920380
256   6121764
256   6859532
256   7022900
256   6919816
256   6430692
256   5860572
256   6033944
256   6772884
256   6686776
256   6529820
256   6245072
256   6249012
256   6995044
256   6870868
256   6736200
256   6601964
256   5908428
256   6677532
256   7056500
256   6434016
256   5809200
256   5514496
256   6793524
256   6591244
256   6378396
256   5764180
256   6315776
256   6396304
256   6025560
256   6601220
256   5202096
256   5909264
256   6778448
256   6532792
256   5419232
256   5615540
256   6573072
256   6487272
256   6237640
256   6203680
256   6390360
256   6608104
256   6715964
256   5734456
256   6564592
256   5652924
256   6683228
256   6885368
256   6892652
256   6091864
256   6900392
256   6650820
256   6618016
256   6016904
256   6566704
256   6872344
256   6839124
256   6257184
256   5322980
256   5846876
256   6514768
256   6913848
256   6506784
256   6307784
256   5532680
256   6381348
256   6620760
256   6677052
256   6750932
256   6464808
256   6777708
256   6441496
256   5963140
256   5891816
256   5715452
256   6981428
256   6638528
256   5519468
256   5455556
256   5833868
256   7057604
256   6310628
256   6032892
256   6683420
256   5667252
256   6884484
256   6284784
256   5262592
256   6352964
256   7061660
256   6596920
256   6714336
256   5752904
256   5940376
256   6695236
256   5880564
256   5776716
256   6086044
256   5741352
256   6713456
256   6195536
256   5469388
256   5878440
256   6372692
256   6811880
256   6369992
256   6583684
256   6279252
256   5411908
256   6518164
256   6378108
256   5966960
256   5540196
256   6106504
256   6762016
256   6454060
256   6451808
256   6308560
256   5967052
256   6883492
256   6571700
256   5995620
256   6696608
256   5336312
256   6902232
256   6538364
256   6592788
256   5597496
256   5996744
256   7032384
256   6403228
256   6049532
256   5615656
256   6466068
256   6758144
256   6151728
256   5704724
256   5074856
256   6463700
256   6936300
256   6840440
256   6182628
256   6058368
256   5819388
256   7089544
256   6522784
256   5885972
256   5681820
256   6758044
256   7060820
256   6300540
256   6275400
256   6685344
256   6669264
256   6303076
256   6264196
256   5777732
256   6551308
256   6606496
256   6537484
256   6624440
256   6389544
256   6186368
256   6860872
256   6336272
256   6473192
256   5513660
256   5758024
256   6793144
256   6495356
256   6218604
256   5677768
256   5884524
256   6489480
256   6330800
256   6565632
256   5939084
256   6407372
256   6535700
256   6173304
256   6266772
256   6606860
256   5876500
256   6670496
256   5502608
256   5984364
256   6022296
256   6810940
256   6093072
256   6200508
256   5994672
256   5412576
256   6684848
256   6846912
256   6152664
256   5556384
256   5525176
256   6721684
256   6489556
256   5704540
256   5488260
256   6483160
256   6442656
256   6312572
256   6295984
256   5358616
256   5394548
256   7049356
256   6643340
256   6453864
256   6031240
256   6068620
256   6439600
256   6859884
256   5755920
256   6366604
256   6420904
256   6388728
256   6713624
256   6158784
256   5779824
256   5770180
256   6704552
256   6349492
256   5874356
256   6744944
256   5514288
256   6635684
256   6086536
256   6514560
256   5731172
256   6489140
256   6721024
256   6424784
256   6429592
256   6083856
256   6483948
256   6131752
256   6231700
256   5961968
256   6813548
256   5698884
256   6946516
256   6552016
256   5618832
256   6258416
256   7076696
256   6985424
256   6387812
256   5335092
256   5601304
256   6637792
256   6966772
256   5963128
256   5748440
256   5335596
256   6786436
256   6130460
256   5519616
256   5752568
256   6102872
256   6701512
256   6497492
256   6502268
256   6426716
256   5975156
256   6785196
256   6923744
256   6444088
256   5832064
256   5486664
256   6583380
256   6266128
256   5961364
256   5580352
256   6477860
256   6158876
256   6754536
256   6632960
256   5781680
256   6032388
256   6458832
256   6909108
256   6349752
256   6205084
256   6690080
256   6947740
256   6376276
256   6537852
256   6133092
256   6744708
256   6625364
256   5947504
256   6056644
256   5332008
256   6492476
256   6623380
256   5909972
256   6526212
256   5989488
256   6858720
256   6313124
256   6443516
256   5600740
256   6232012
256   6781668
256   6497536
256   5792048
256   5432672
256   5720124
256   6719092
256   6971264
256   6097980
256   6124180
256   6407180
256   6951596
256   5603948
256   6447024
256   6129940
256   5475620
256   7027296
256   6498804
256   5737872
256   5565020
256   5850016
256   6759348
256   6273036
256   5849348
256   5684824
256   6841724
256   6659428
256   6741304
256   6357760
256   5775164
256   7165180
256   6883316
256   6749996
256   5701188
256   6299952
256   6833044
256   6791424
256   5867288
256   6392612
256   5842068
256   6797680
256   5694924
256   5831088
256   6486532
256   5740868
256   6672912
256   6035112
256   6788724
256   6689884
256   5825876
256   6672476
256   6050776
256   5634256
256   5787368
256   6315708
256   6416668
256   6238780
256   5631124
256   5875096
256   5592328
256   6738480
256   5837728
256   6665076
256   5379440
256   6568956
256   6879724
256   6504528
256   6228560
256   6366624
256   7072660
256   6754072
256   6565420
256   6437592
256   5620824
256   6932856
256   6165352
256   6282676
256   5596240
256   5914208
256   6771568
256   6438944
256   5491852
256   5720704
256   6727212
256   6877912
256   6973868
256   6665288
256   6764964
256   5547160
256   6634480
256   6326912
256   6611200
256   6698616
256   5531792
256   6634904
256   6180460
256   6154928
256   6138400
256   5364592
256   6567548
256   6702140
256   5689384
256   5555924
256   5610824
256   6819636
256   6278444
256   6487392
256   5514836
256   5900988
256   6841512
256   6305512
256   6350712
256   6471924
256   6806616
256   6628688
256   6459432
256   6330340
256   6769908
256   6821840
256   6609592
256   6118428
256   6027808
256   6017828
256   6473828
256   6652012
256   6356844
256   5773824
256   5921488
256   6575884
256   6898112
256   6569776
256   5762772
256   5939152
256   6811952
256   6690712
256   6056916
256   5401736
256   5584180
256   6613296
256   6345980
256   5796880
256   5582444
256   5972596
256   6986156
256   6389728
256   6012072
256   6676884
256   5845968
256   6734816
256   6544612
256   6986772
256   6623216
256   5625452
256   6643816
256   6599884
256   6043836
256   5823472
256   6578248
256   6684684
256   6422032
256   6014072
256   6120216
256   6812116
256   6937228
256   6394496
256   6107508
256   6502912
256   5490268
256   6953336
256   6757344
256   6813248
256   5870352
256   6539928
256   6840928
256   5986804
256   6258912
256   6514616
256   6658140
256   6035812
256   5387544
256   6750368
256   6404740
256   6773660
256   6288816
256   5736232
256   5869316
256   5744260
256   6403696
256   6043860
256   6467656
256   5919592
256   6089928
256   6676008
256   5840444
256   6083036
256   5725904
256   6618096
256   6099624
256   6046932
256   5243420
256   5895204
256   6810120
256   6395824
256   5462816
256   6520096
256   5865396
256   6764952
256   6729876
256   6670132
256   5600048
256   6656168
256   6712776
256   6666624
256   5982712
256   5908092
256   5795800
256   6694116
256   6469692
256   5493424
256   6606096
256   5848064
256   6549828
256   6412888
256   5504344
256   6677628
256   5390288
256   6728892
256   6734008
256   6334680
256   6033104
256   5652756
256   6732216
256   6660628
256   5599080
256   5810848
256   6716172
256   6797124
256   6398124
256   6566036
256   5470052
256   6115528
256   6569080
256   6825712
256   6158100
256   5232644
256   5951140
256   6743424
256   6596144
256   6235836
256   5943080
256   6278464
256   6681908
256   6384764
256   5877908
256   6014748
256   6870508
256   6564276
256   6803984
256   5871116
256   5915780
256   5548064
256   6863600
256   6310696
256   5892624
256   5341728
256   7017924
256   6357444
256   5305532
256   6084856
256   6032444
256   7093080
256   6444688
256   6579672
256   5854212
256   5495436
256   6833836
256   6091628
256   6838392
256   5609408
256   5498544
256   6907048
256   6228352
256   5940276
256   5593324
256   5816460
256   6761156
256   6660052
256   6127740
256   5624752
256   5897556
256   6710740
256   6320496
256   6473560
256   6529764
256   5531648
256   6483560
256   6411116
256   6696256
256   5609548
256   6262888
256   6750156
256   6564328
256   6301256
256   6389272
256   6103612
256   6683112
256   6489016
256   5670024
256   6101964
256   6032072
256   6737060
256   6471824
256   5596596
256   5665920
256   6603460
256   7008524
256   6845384
256   6059108
256   5776648
256   6679448
256   6938912
256   6891788
256   6184844
256   5818168
256   6330968
256   6990532
256   6613748
256   5629660
256   5669080
256   6606368
256   6791328
256   6508544
256   5547196
256   6563496
256   6751768
256   6431092
256   5532148
256   6250904
256   6507004
256   6692244
256   6155968
256   6507900
256   6027792
256   6440336
256   6654860
256   6869480
256   6504196
256   6124628
256   6392536
256   7133380
256   6616332
256   5676972
256   5687032
256   6610952
256   6956768
256   6390740
256   5809960
256   5558324
256   5745232
256   6720684
256   6431736
256   5645348
256   5709004
256   6179192
256   6878896
256   6019808
256   6908284
256   6451248
256   6810076
256   6478724
256   5418708
256   5877476
256   5465888
256   7045288
256   6350756
256   5895968
256   5753820
256   5356788
256   6699520
256   6760024
256   5865824
256   6477988
256   5356560
256   6708004
256   6335204
256   6121744
256   6539160
256   5653684
256   6706956
256   6639312
256   6002248
256   6748768
256   5507348
256   6647540
256   6520088
256   6554676
256   5912280
256   6064956
256   6554432
256   6368656
256   6365428
256   5946984
256   6840044
256   6544952
256   6496384
256   6708276
256   6972300
256   6150636
256   7070712
256   6965764
256   6891208
256   6507516
256   7024996
256   6821080
256   7646008
256   9604296

