16   412164
47   999956
256   5710076
256   5284292
256   5748136
193   4302992
256   5485236
256   5598888
256   6060288
256   5654396
256   5307236
256   5596216
256   5749576
256   5610768
256   5609388
256   5484080
256   5958848
256   5804940
256   5128688
256   5787900
256   5747084
256   5359396
256   5611264
256   6177500
256   5658612
256   5207708
256   5666172
256   5613568
256   5844924
256   5712448
256   5716108
256   5885848
256   5747720
256   5579640
256   5181328
256   5414180
256   5787412
256   5332724
256   5685808
256   5561512
256   5089168
256   5637924
256   6128824
256   6300164
256   6710456
256   6426032
256   6531524
256   6491840
256   6967196
256   7165224
256   6681752
256   7023544
256   6054564
256   5873052
256   6405756
256   6988468
256   6312464
256   5923728
256   6435472
256   5847092
256   6526320
256   7215524
256   6616172
256   5800264
256   6554844
256   5836712
256   6885808
256   7348384
256   7038904
256   5742604
256   6615820
256   6545240
256   6999780
256   7131084
256   6584288
256   6506392
256   5995108
256   6979128
256   6457336
256   5671388
256   6109632
256   5805744
256   7262772
256   6381900
256   5726568
256   6842532
256   6149908
256   6686208
256   6020116
256   5593024
256   6465164
256   6005872
256   6827952
256   6934516
256   5664928
256   6535452
256   5947784
256   6865372
256   6451412
256   6714344
256   5716524
256   5916060
256   6702600
256   5943176
256   6447060
256   6566776
256   5566528
256   6827764
256   6760372
256   5780508
256   6716376
256   5573120
256   7278888
256   6506660
256   6137832
256   5659968
256   6406256
256   7126688
256   6777468
256   6290616
256   6957940
256   6060716
256   7696396
256   6809712
256   6632520
256   6016476
256   5700564
256   6465340
256   6838892
256   6739264
256   6542960
256   6705536
256   5629348
256   7278544
256   6384796
256   5722048
256   6984860
256   5528476
256   7048736
256   7172840
256   5677652
256   5858708
256   5925132
256   6587080
256   6347672
256   5739768
256   5879680
256   6366376
256   7201468
256   6656832
256   5972960
256   6834188
256   6080204
256   7196984
256   7082004
256   6848880
256   5498384
256   6272856
256   7125728
256   6836724
256   7082656
256   6328084
256   6995888
256   7228752
256   7113244
256   6116192
256   5771208
256   7180740
256   7032984
256   6644420
256   6871804
256   5576360
256   6063832
256   6734668
256   6648604
256   6812072
256   5762184
256   6164848
256   6818092
256   6822300
256   6046212
256   5361532
256   5988596
256   7122900
256   6732412
256   6049592
256   5580008
256   7022696
256   6890340
256   6915328
256   7171644
256   5931776
256   6519328
256   6627752
256   6609512
256   6858444
256   5718516
256   6967488
256   6780524
256   6722864
256   5764476
256   6568288
256   7052928
256   7649336
256   6456496
256   5564084
256   6860204
256   6524992
256   6850512
256   6793516
256   6603904
256   6470988
256   5852596
256   6714056
256   6694764
256   5643720
256   6567716
256   6720196
256   7315620
256   6836956
256   6087128
256   5563312
256   6059312
256   7284920
256   7082280
256   6422800
256   6599744
256   7318672
256   7336308
256   5781584
256   6926824
256   6685764
256   7221816
256   6831224
256   6277564
256   6148600
256   5820788
256   6924828
256   6888296
256   6670948
256   5585868
256   6778984
256   7168832
256   6273000
256   6037484
256   6353452
256   5781176
256   6885708
256   6715556
256   5786152
256   6674100
256   6371176
256   7116904
256   6632572
256   5955356
256   5846560
256   6274356
256   7142604
256   6699408
256   6963500
256   6328500
256   5682596
256   6955704
256   6386980
256   6369672
256   7181552
256   5833712
256   7187932
256   6562088
256   7096188
256   6446244
256   6222644
256   6788696
256   6994564
256   6612080
256   5594376
256   6184540
256   6970980
256   6702000
256   6755864
256   5791772
256   6206168
256   6468212
256   6108408
256   5996764
256   5872496
256   7047000
256   6877772
256   6320732
256   7056716
256   5327708
256   6824620
256   7134508
256   6776984
256   6056348
256   5877424
256   7340956
256   6537820
256   6246692
256   6408716
256   5833400
256   6779516
256   6639920
256   6384040
256   6881436
256   7017988
256   6973484
256   6418788
256   6398936
256   6269700
256   6927448
256   7294944
256   6019056
256   6505416
256   6588780
256   6544004
256   7396100
256   6552936
256   5733348
256   6190620
256   5313212
256   6579640
256   7233204
256   6140600
256   5865060
256   5902172
256   6804416
256   6887300
256   6384164
256   5985512
256   6731556
256   6569596
256   6997800
256   6060040
256   6770564
256   5814460
256   6916060
256   6989500
256   6302796
256   5896332
256   6968428
256   7135416
256   6333092
256   5898492
256   6755344
256   7567640
256   7175104
256   6461840
256   6002668
256   5913656
256   5860220
256   6788760
256   6521400
256   6242016
256   6380044
256   6045680
256   6882436
256   6748316
256   5743272
256   5779044
256   6889984
256   6753456
256   6416484
256   5970192
256   5761868
256   5796840
256   6856748
256   6569864
256   6501832
256   6508084
256   6786092
256   6114768
256   6088220
256   5818328
256   6241536
256   7269552
256   6518080
256   5869556
256   6003664
256   5732704
256   6805488
256   5998444
256   6148468
256   6905704
256   5970592
256   6783912
256   6373724
256   7040820
256   6187320
256   5719556
256   7094520
256   7155444
256   6190332
256   7167704
256   6254172
256   7102500
256   6675312
256   5630472
256   7109104
256   5712224
256   5884192
256   7062548
256   6496504
256   6418200
256   5657892
256   5766804
256   7080244
256   6516416
256   5902108
256   6462464
256   5295168
256   6732932
256   6043508
256   6773496
256   7400188
256   6428468
256   6507564
256   6936800
256   7055988
256   6777392
256   6253508
256   5930672
256   5773412
256   6584920
256   6172300
256   6268056
256   6530480
256   6350516
256   6678692
256   6916700
256   6472044
256   7096044
256   5922092
256   6989760
256   6289636
256   7001596
256   6072404
256   5987460
256   6953104
256   7464592
256   5673956
256   6368512
256   6080236
256   6877076
256   6906692
256   5802996
256   6034012
256   6120036
256   7466528
256   6653940
256   6374912
256   6097156
256   6041920
256   6475792
256   6685224
256   6712336
256   6829916
256   6291184
256   6826864
256   6812180
256   6754268
256   5819612
256   6994144
256   6545120
256   6444416
256   6336208
256   6898264
256   6630816
256   7157052
256   6951788
256   6700840
256   6929104
256   6770660
256   6430900
256   6819724
256   6826372
256   6008512
256   6156196
256   6965880
256   6482976
256   6270772
256   5786900
256   6502912
256   6505364
256   6780240
256   6729744
256   6886840
256   5514376
256   6714152
256   6823424
256   6858408
256   5967252
256   6398488
256   7094160
256   6413552
256   7162768
256   6204664
256   5996792
256   7113432
256   6895644
256   5810856
256   6804768
256   6363224
256   6766104
256   7002148
256   6341028
256   6973352
256   5971424
256   7157916
256   6856108
256   6112372
256   6404520
256   7210984
256   6756732
256   6588172
256   5929036
256   5565152
256   7123208
256   6628864
256   6528796
256   5805476
256   5778528
256   6613236
256   6920452
256   6501084
256   6417980
256   6305896
256   7329348
256   6692568
256   6840148
256   5923084
256   6228120
256   6969252
256   6606400
256   6797984
256   6418268
256   5751520
256   6621696
256   6867408
256   7115984
256   6428192
256   6954064
256   7358556
256   6356624
256   6007856
256   6503452
256   6810908
256   7211212
256   6538732
256   5786060
256   6522452
256   5625156
256   6769740
256   7224020
256   6791276
256   5949452
256   5949476
256   7220212
256   6400112
256   6306544
256   5811948
256   5234064
256   6838008
256   6735120
256   6996140
256   5453312
256   6922700
256   6645988
256   6410648
256   5932744
256   6031856
256   7207344
256   6775328
256   5846712
256   5282568
256   6219488
256   6875728
256   6670572
256   6663904
256   5950932
256   6818592
256   7144576
256   7037044
256   5464000
256   6342608
256   5545952
256   7208960
256   6381048
256   6616288
256   6343708
256   5539608
256   6895196
256   6719544
256   6380152
256   6331820
256   6423124
256   7139440
256   6568812
256   6995144
256   6577504
256   6530104
256   6534248
256   6368888
256   6766584
256   6670644
256   6186680
256   7363488
256   6962064
256   6646424
256   6149236
256   5838960
256   7059076
256   6658216
256   6317212
256   6635420
256   6622304
256   6853056
256   7179312
256   6651276
256   6828604
256   6030988
256   7334076
256   6483780
256   6206424
256   6386928
256   6692824
256   6572532
256   6542200
256   6058008
256   5883664
256   5965608
256   7093320
256   7082644
256   6916584
256   5473904
256   5713320
256   6900160
256   6956708
256   6300348
256   5442628
256   5992456
256   6773820
256   6644808
256   6999472
256   5993224
256   7303000
256   7224184
256   6563980
256   7016740
256   6059632
256   7344556
256   6483540
256   6380120
256   6221216
256   5791160
256   7112548
256   6825056
256   5822852
256   6819904
256   6971988
256   7159988
256   6677152
256   6326844
256   5947748
256   6129264
256   6526072
256   6839624
256   5956604
256   6227884
256   7279484
256   6927992
256   6739020
256   6803768
256   5962980
256   5715960
256   6440200
256   6581868
256   6832100
256   6696208
256   6226472
256   6840964
256   6308768
256   5955392
256   6992676
256   6266284
256   6705728
256   6657052
256   6226540
256   6736000
256   6549864
256   7133992
256   6980500
256   6349440
256   6379496
256   6270556
256   6492248
256   6678780
256   5602500
256   5938272
256   6159068
256   6857472
256   6654244
256   6392912
256   6057292
256   5734596
256   6817272
256   6384436
256   6421612
256   6145444
256   6108180
256   6599364
256   6770392
256   5749828
256   6450244
256   6792880
256   7008700
256   6970984
256   5985532
256   5926896
256   6984604
256   6234756
256   5952568
256   6988000
256   5999252
256   7051964
256   6848164
256   7248404
256   5853928
256   6530004
256   6729172
256   6847708
256   6799780
256   5753484
256   6615524
256   6165208
256   6970088
256   7078572
256   6449792
256   6891744
256   6755160
256   7289036
256   6816992
256   6242832
256   6916112
256   7055140
256   6829412
256   5969556
256   6465640
256   6678912
256   6761632
256   6366840
256   6460640
256   6104772
256   6854140
256   7164728
256   6728248
256   6163228
256   5454124
256   5669688
256   6776672
256   6938692
256   6353208
256   5794100
256   5766188
256   6724096
256   6341820
256   5803552
256   6032112
256   5913020
256   6559064
256   7117384
256   6908280
256   6078724
256   6958152
256   7169772
256   6451352
256   6645228
256   6484416
256   7234956
256   6791460
256   5131896
256   6255752
256   6045292
256   7278992
256   6777776
256   6871032
256   5993916
256   6507824
256   6870484
256   6709828
256   6413600
256   6013924
256   6313768
256   6158324
256   7398092
256   6518556
256   6569000
256   6843092
256   6742740
256   7179704
256   6865040
256   5966664
256   6769452
256   6833976
256   6280472
256   6925324
256   5784456
256   6209592
256   6651528
256   6418908
256   6234180
256   5825956
256   5988344
256   6740432
256   7134204
256   6817344
256   7300860
256   5365592
256   7099176
256   6088596
256   6076412
256   6729188
256   6250944
256   6940480
256   7089784
256   6822200
256   6110380
256   5949220
256   6893272
256   6333324
256   6253692
256   5837116
256   6160596
256   6474536
256   6644472
256   5420636
256   6314712
256   6234736
256   6919740
256   6544604
256   5974284
256   7270964
256   6467960
256   7053304
256   6675380
256   5520148
256   5914936
256   6716924
256   7135512
256   6378160
256   6735880
256   6072804
256   6853196
256   6705380
256   6829116
256   6555212
256   7069360
256   7231196
256   6988808
256   6463396
256   6995976
256   5846336
256   6657868
256   7408088
256   5670520
256   6629612
256   5574208
256   6717780
256   6574732
256   5939732
256   6817492
256   6062112
256   7447204
256   7036884
256   7312320
256   6111604
256   7652940
256   7133772
256   5979488
256   6775736
256   6370988
256   7114464
256   6520604
256   6486232
256   6847616
256   7141668
256   6377172
256   7181016
256   6014556
256   5862024
256   6994476
256   6608268
256   6216836
256   6233656
256   5964368
256   6796840
256   6778240
256   7042076
256   6611520
256   6936672
256   6649256
256   5930300
256   6810488
256   6407152
256   7032536
256   6389896
256   5876908
256   5724616
256   6982324
256   6840228
256   5706928
256   6899296
256   5801572
256   6803692
256   6826168
256   5844744
256   6439496
256   5371792
256   6565920
256   7016508
256   7010944
256   5663200
256   7315812
256   6619056
256   6715204
256   5707792
256   6776756
256   7388560
256   6198176
256   6472340
256   5276720
256   5837428
256   7043768
256   6632628
256   5851896
256   6114524
256   6745640
256   6803604
256   5794456
256   6208592
256   5942612
256   6890152
256   7298920
256   6480492
256   7026056
256   6255732
256   6610084
256   6464176
256   5681084
256   6606072
256   6038448
256   7134548
256   6220768
256   6745920
256   6388692
256   7266612
256   7213712
256   6627556
256   6847432
256   5379320
256   7107556
256   6838764
256   6697656
256   6814604
256   6241292
256   6969208
256   6625508
256   6565352
256   6963464
256   6990804
256   6909712
256   6403300
256   6294432
256   5673744
256   6365548
256   7044924
256   5746864
256   5793832
256   6194404
256   6823388
256   7102224
256   6164332
256   6862416
256   6697752
256   6613724
256   6048992
256   5677668
256   6836164
256   6809324
256   7202124
256   6971920
256   5454400
256   6722472
256   6916072
256   6817040
256   6774272
256   6093368
256   7195800
256   6745760
256   6639420
256   6535268
256   6013056
256   6901072
256   6782212
256   6688740
256   6908104
256   5939432
256   7117888
256   6509724
256   6183152
256   5704032
256   7042792
256   7100744
256   6212960
256   6919276
256   5742480
256   6833748
256   6645752
256   6342620
256   5540800
256   6596400
256   6886484
256   6749096
256   5869136
256   6060816
256   6781500
256   6908412
256   5956136
256   5869460
256   6858184
256   6912508
256   6839988
256   6226768
256   6040200
256   6876384
256   6455400
256   7100544
256   6655144
256   6960652
256   7148236
256   6542956
256   6095264
256   6082284
256   6390944
256   6966532
256   6607592
256   5876204
256   5959640
256   6937016
256   6806928
256   7053988
256   5963052
256   5757368
256   6842880
256   6733440
256   5922940
256   5912652
256   6045952
256   7115548
256   6539904
256   6085056
256   5834044
256   6215864
256   7499216
256   6700156
256   5672976
256   5553184
256   6749128
256   6691420
256   6146676
256   7368832
256   6241332
256   6774340
256   6436368
256   5753288
256   5518692
256   6976432
256   7172236
256   6621816
256   6876676
256   5452740
256   7143412
256   6767404
256   6692716
256   6771572
256   6123460
256   6726528
256   6542688
256   6252756
256   6356256
256   6369712
256   6837728
256   6693452
256   6903592
256   7289344
256   5508916
256   6941628
256   7208956
256   6785032
256   6478308
256   6930060
256   7223972
256   6999032
256   5832836
256   6897916
256   7024624
256   6564892
256   6754124
256   5926832
256   6213776
256   6560052
256   7223356
256   6015592
256   5929508
256   7368704
256   6959948
256   6981140
256   6657708
256   6229972
256   7238716
256   6796092
256   6218152
256   5376504
256   6952148
256   6327260
256   6343292
256   5818604
256   5997312
256   6995604
256   6626088
256   5522980
256   6477324
256   7102004
256   6461820
256   6412180
256   6386896
256   6698436
256   6316140
256   6748000
256   6694556
256   5346872
256   6317636
256   7156400
256   6529804
256   6080724
256   6523120
256   7205224
256   6615456
256   5766144
256   6877348
256   7073852
256   7115508
256   6693244
256   6261480
256   6661820
256   6341056
256   7043852
256   7091764
256   5530388
256   6380844
256   5965392
256   7067532
256   6533708
256   6282612
256   6673600
256   6960252
256   6559308
256   6348388
256   6832024
256   5930264
256   6766084
256   6481472
256   5908592
256   6331600
256   6869360
256   7562316
256   7112164
256   7077620
256   5661160
256   7301496
256   6546860
256   6197888
256   6050540
256   5917088
256   7156760
256   6954172
256   5926596
256   6002304
256   6648976
256   6676536
256   5582552
256   6964016
256   6572432
256   7008584
256   6701396
256   6532500
256   6711872
256   6307396
256   7427196
256   6430840
256   6713348
256   6330212
256   6858288
256   6691276
256   6400384
256   6807208
256   6469876
256   6716248
256   6919276
256   6332176
256   6936412
256   5821004
256   7381024
256   6513100
256   6645712
256   6782804
256   5968764
256   6964280
256   6192892
256   5979388
256   6704064
256   7061048
256   6715272
256   6168068
256   6247432
256   6833980
256   6860072
256   6770732
256   5193192
256   6260496
256   6951736
256   6378648
256   6713764
256   6102684
256   6522204
256   7411928
256   6494752
256   5933692
256   5762400
256   7199896
256   6451040
256   6574152
256   6946852
256   6341732
256   7081368
256   6622648
256   6094776
256   6814232
256   5555772
256   7153116
256   7387548
256   7114704
256   6969284
256   7191396
256   6972500
256   6143812
256   6718052
256   6004156
256   6949340
256   7176612
256   6935828
256   6640356
256   5893348
256   6820164
256   6715376
256   6821916
256   6248256
256   6895132
256   6635884
256   7063204
256   6174568
256   5502104
256   7083536
256   6677964
256   5824872
256   6660296
256   5983988
256   6912192
256   6532624
256   6945672
256   6261188
256   6868232
256   6695384
256   7067184
256   5967284
256   6175060
256   6774284
256   6593996
256   6262604
256   6321156
256   5875640
256   6605800
256   6790840
256   7384076
256   6590620
256   7058468
256   6534424
256   6940200
256   5770272
256   6021072
256   7531124
256   6863920
256   6798492
256   6602300
256   7121256
256   6980416
256   7164096
256   6362588
256   6552956
256   6309452
256   6790208
256   7295484
256   6451132
256   5740544
256   7064540
256   7307368
256   5916344
256   6772596
256   6818036
256   7546476
256   6537204
256   7162180
256   6890876
256   6802464
256   7372652
256   6792044
256   5291776
256   5540740
256   6943492
256   7253688
256   6063696
256   6781036
256   6005072
256   7091400
256   6883796
256   6134232
256   5971108
256   7227836
256   6765396
256   6590440
256   5725080
256   5944020
256   6896160
256   6963360
256   6484764
256   6133132
256   6619432
256   6904308
256   6476804
256   6802204
256   6869204
256   6951588
256   6949112
256   6725112
256   6313280
256   7005636
256   6696336
256   6553600
256   5616700
256   6181440
256   6626220
256   6646916
256   6486808
256   5491968
256   6609624
256   7162464
256   6761788
256   6782708
256   5808464
256   6916128
256   7022212
256   6721260
256   6342532
256   6758240
256   7108388
256   6417384
256   6043780
256   5652056
256   7071180
256   6643912
256   6863844
256   6343648
256   6592400
256   6913632
256   7076184
256   7180012
256   6839848
256   6246276
256   7107160
256   6645048
256   6802664
256   6447896
256   5728772
256   7025092
256   6635804
256   5973080
256   6000576
256   7079620
256   6827720
256   6590844
256   6381956
256   6349936
256   6886960
256   6942248
256   6549772
256   7032348
256   6758324
256   7137464
256   6103844
256   6240284
256   6259264
256   6790788
256   6616644
256   6012420
256   5443300
256   7100184
256   6832616
256   6146888
256   6804336
256   5828368
256   6732320
256   7233344
256   5662508
256   6396492
256   6425496
256   6642500
256   6642924
256   6254564
256   7081264
256   7052004
256   6728700
256   6715416
256   5782464
256   5592504
256   6979000
256   6678188
256   6077684
256   5940544
256   6335672
256   6964720
256   6514732
256   5721816
256   6248652
256   7020788
256   7036608
256   5881332
256   6493560
256   5826336
256   7178536
256   6729272
256   6797072
256   6004044
256   7068632
256   6837212
256   6792400
256   6441744
256   5721260
256   7063616
256   6290644
256   6132832
256   6483080
256   6454184
256   7072420
256   6139112
256   6295384
256   6519232
256   6348044
256   6555656
256   6459772
256   6486632
256   6523580
256   6797444
256   7065404
256   6658460
256   6754032
256   6480224
256   7395432
256   6408352
256   6434164
256   6632336
256   5850228
256   6606520
256   6239168
256   6885012
256   6624168
256   6744596
256   6775524
256   6694436
256   6453772
256   6031108
256   6659872
256   6731972
256   6914876
256   7236636
256   5658628
256   7377256
256   7064592
256   5836120
256   6591676
256   6638684
256   7403460
256   6030784
256   6907064
256   6767944
256   7025436
256   6599176
256   7212972
256   6677912
256   5998612
256   7389932
256   6803676
256   6437620
256   5553240
256   7082008
256   6651712
256   6052748
256   6773680
256   5880028
256   7324244
256   6787852
256   6435100
256   6849580
256   7058896
256   7002524
256   6830168
256   6863100
256   5828768
256   6970692
256   7129744
256   6232348
256   6464876
256   7004328
256   6858956
256   6251948
256   5876028
256   6424512
256   6982416
256   7312196
256   5731388
256   6487756
256   7054480
256   7100744
256   7031572
256   5833848
256   6780864
256   6546200
256   7588700
256   5920248
256   6853184
256   5458700
256   7215132
256   6694796
256   5465248
256   6247104
256   7078088
256   6930036
256   6766212
256   6837996
256   6712292
256   7039948
256   6709400
256   6671356
256   6270052
256   5944040
256   7000476
256   7040356
256   5895160
256   6599716
256   6033740
256   7421204
256   7040816
256   5628216
256   6578996
256   6890448
256   6742904
256   6701040
256   6613752
256   6060108
256   7342352
256   6696588
256   5691504
256   7241580
256   6572136
256   7104292
256   5939060
256   6860452
256   6026308
256   7293584
256   6594032
256   6082260
256   7237732
256   6965212
256   6831592
256   7129332
256   6341568
256   5990956
256   6964936
256   6907648
256   6403764
256   7250552
256   6002312
256   6966744
256   6867420
256   6109076
256   6738952
256   6540356
256   6939128
256   6301996
256   5838280
256   6039368
256   6810892
256   6512244
256   5889116
256   5639932
256   6568464
256   7175464
256   7458332
256   6002528
256   5807640
256   6822864
256   7105756
256   6344976
256   5661188
256   5919924
256   7156924
256   7167968
256   6860124
256   6103160
256   7340100
256   6833180
256   6268096
256   5783616
256   7149164
256   6983464
256   7100828
256   5920128
256   6213360
256   5857004
256   7239784
256   7072348
256   7147904
256   5929228
256   6997252
256   7183988
256   6976524
256   7101920
256   6436056
256   6683588
256   6928856
256   6650132
256   6817948
256   6379128
256   7443152
256   6422556
256   6237804
256   6580912
256   6959172
256   7041596
256   5444368
256   6036944
256   5484984
256   7194784
256   6892032
256   6218388
256   6085220
256   6869192
256   6894284
256   6279804
256   5866228
256   5941744
256   7257632
256   6698660
256   5839928
256   5950244
256   6949972
256   7353016
256   6985360
256   6668148
256   6499360
256   6889084
256   6326712
256   6208820
256   6796228
256   5763768
256   7229832
256   6523752
256   6805976
256   6743152
256   6631480
256   7047204
256   6842340
256   6225440
256   6865020
256   7003280
256   6775864
256   6484204
256   6698676
256   6099124
256   7197092
256   6867856
256   6026820
256   5829956
256   6723732
256   7397644
256   7393776
256   6581988
256   6912672
256   7335936
256   6515168
256   6977344
256   6309848
256   6230944
256   7340920
256   6808552
256   5718368
256   5691596
256   6644980
256   6700476
256   6883976
256   6178264
256   6492392
256   6943932
256   6360260
256   6152384
256   5646644
256   7186380
256   7010324
256   7194556
256   7247480
256   6038676
256   7063224
256   6508944
256   6627188
256   5987368
256   6837828
256   6810832
256   6172332
256   6280916
256   5805928
256   7177788
256   6840112
256   6955032
256   5920716
256   7094868
256   6744724
256   7044476
256   6406784
256   5985712
256   7233060
256   6826724
256   6852944
256   5751696
256   6763100
256   7392384
256   6729244
256   7175032
256   5730700
256   7388780
256   7174300
256   6726740
256   6854124
256   6499304
256   6696660
256   6446484
256   6863404
256   6069540
256   6139808
256   6923820
256   6836088
256   6874912
256   6299980
256   7012092
256   5999480
256   6136852
256   5835276
256   5975684
256   6945168
256   6226720
256   6891548
256   6827872
256   6989884
256   6707288
256   6362612
256   6047912
256   6755380
256   6775232
256   6078752
256   5361056
256   6726960
256   7200344
256   6280544
256   5467696
256   6800400
256   5650192
256   6589724
256   6512740
256   6748524
256   6188260
256   7016648
256   6802672
256   6419156
256   6389660
256   6542728
256   7443020
256   7066036
256   7050520
256   6277304
256   6673740
256   7030260
256   7123564
256   5967428
256   6357812
256   6112756
256   7138072
256   6957756
256   7050260
256   6194544
256   6124156
256   6942360
256   7018036
256   5795472
256   6397612
256   6784168
256   6762920
256   6329484
256   6113476
256   5894728
256   6888292
256   6899088
256   6347892
256   6768804
256   7035316
256   6803316
256   6070652
256   6995916
256   7066964
256   7101324
256   7313704
256   6232716
256   6195304
256   7013764
256   6706228
256   7181492
256   6353196
256   6694596
256   7363652
256   6787872
256   6806376
256   5657572
256   5918048
256   6999092
256   6244944
256   6061248
256   5730744
256   6878152
256   7073600
256   6380764
256   5853864
256   7023264
256   6859796
256   7143464
256   6469164
256   5955712
256   6557064
256   7053636
256   6753216
256   6911536
256   5803144
256   6839252
256   7018572
256   5587888
256   6675416
256   6558036
256   7493728
256   6789880
256   5722584
256   6246888
256   6797100
256   6762060
256   6344444
256   6873436
256   6149288
256   7065408
256   6161524
256   6928060
256   6381340
256   7089848
256   7097864
256   6541416
256   6843088
256   5892056
256   6620212
256   6871836
256   6554876
256   6428564
256   6969140
256   6987912
256   6854048
256   6414760
256   6504980
256   6938476
256   7103676
256   7205400
256   5819728
256   5811028
256   6955876
256   6784956
256   6402564
256   6805304
256   5872448
256   7209792
256   7027368
256   5715644
256   5762128
256   6531956
256   6867380
256   6160248
256   6059332
256   6827776
256   6882236
256   7070096
256   6501924
256   6670232
256   6702324
256   6878640
256   6358532
256   6083680
256   5825564
256   7337152
256   6532544
256   6722388
256   6710900
256   6371536
256   6782272
256   6751060
256   7120496
256   5854384
256   6956664
256   6640444
256   6089276
256   7342548
256   5182764
256   7142340
256   6606580
256   5615256
256   5881632
256   6801924
256   7226680
256   7205360
256   6148564
256   6943628
256   6877364
256   6957600
256   6013660
256   5218992
256   5733876
256   6710032
256   6901888
256   6950484
256   6322724
256   7158884
256   6855144
256   5394760
256   6474228
256   7219512
256   6917228
256   6707456
256   5952284
256   5969192
256   6123796
256   7096128
256   6904100
256   6991200
256   5871244
256   6774104
256   7103084
256   6603432
256   5929684
256   5658516
256   7167400
256   6304052
256   6383724
256   6422376
256   5677192
256   7171280
256   6347652
256   6452448
256   5653676
256   6060380
256   6648512
256   6380288
256   6735756
256   7036256
256   6845312
256   6635168
256   6691368
256   6527952
256   6721624
256   6758516
256   7020480
256   7013756
256   5628056
256   6253064
256   7298792
256   7102000
256   6049048
256   6360788
256   6781480
256   6289172
256   6876328
256   5932232
256   5784312
256   6921280
256   6808564
256   6550536
256   5944188
256   6780992
256   6760704
256   7322368
256   6485648
256   5535352
256   6890160
256   6599596
256   5808192
256   6484860
256   6078260
256   7209268
256   6814144
256   6766252
256   6990000
256   7282512
256   7036976
256   6986448
256   6799368
256   5961084
256   6381740
256   6389744
256   6995240
256   6183704
256   6056340
256   6638052
256   6724356
256   6918840
256   6750628
256   6377332
256   7041524
256   6633472
256   6900512
256   6331964
256   7332068
256   7114608
256   5955012
256   5752268
256   6022820
256   7278284
256   7327768
256   6567740
256   6868340
256   7082916
256   6506940
256   6478688
256   6163772
256   6210044
256   7405892
256   6366988
256   7385188
256   5996600
256   6337768
256   7074104
256   6738952
256   6936852
256   6860232
256   6812068
256   6879968
256   6210788
256   7066288
256   6740724
256   6710788
256   6581884
256   5972536
256   6266104
256   6930692
256   6331420
256   7015280
256   5707556
256   6939136
256   6965476
256   6425164
256   5654724
256   5820928
256   7090036
256   6980676
256   5708192
256   6256944
256   5813740
256   7299520
256   6781128
256   6307412
256   6579552
256   6679644
256   7435772
256   7008492
256   6881456
256   6774180
256   6979856
256   6639244
256   5738164
256   6349764
256   5959828
256   6871824
256   6921636
256   6062564
256   6577688
256   7138224
256   7335932
256   6737092
256   6906800
256   6329896
256   6636656
256   6880668
256   6675840
256   5702012
256   5169632
256   6991716
256   6471736
256   6594904
256   6088884
256   6791204
256   6655936
256   7102924
256   6928624
256   5726600
256   7073852
256   7148024
256   6837724
256   5918700
256   6881600
256   6984120
256   6864504
256   6652544
256   6132764
256   7483676
256   6855976
256   6649432
256   6197764
256   5931636
256   7413116
256   6731248
256   6930168
256   6779516
256   6173792
256   6978032
256   6629316
256   6345532
256   5666188
256   6813376
256   6928068
256   6033004
256   5454152
256   6436688
256   7264700
256   6705116
256   6078828
256   6081140
256   6868996
256   6278184
256   6973432
256   7300532
256   6628228
256   6739504
256   6649264
256   5639964
256   5782404
256   7203696
256   6225612
256   6141888
256   6198752
256   5795908
256   6981684
256   6488224
256   7556012
256   6718592
256   6923424
256   6697684
256   6464488
256   6495904
256   5790524
256   7135760
256   6696640
256   6014400
256   6773248
256   6813428
256   7438544
256   6839616
256   5950652
256   6276452
256   6276340
256   7003984
256   7043356
256   5638744
256   5817732
256   7419460
256   7216944
256   7269740
256   7043508
256   5879432
256   7093852
256   6910176
256   5680324
256   5671876
256   5765112
256   7152952
256   6733944
256   5884860
256   6036996
256   6887328
256   6575924
256   7237320
256   7165192
256   6558000
256   7006100
256   6381244
256   6403696
256   7022808
256   7025492
256   7001376
256   6633956
256   5724660
256   6826448
256   7153256
256   6861452
256   6550756
256   5907936
256   6325676
256   7097116
256   6884332
256   6904780
256   6343468
256   7084900
256   7143804
256   6320396
256   6847572
256   5513532
256   7366288
256   6731604
256   6780524
256   6408768
256   6685504
256   7200780
256   5779096
256   6853472
256   6782376
256   6754324
256   6701220
256   6139684
256   6836908
256   6638936
256   6981988
256   6650176
256   5975068
256   5912580
256   6806164
256   6703632
256   6310564
256   6584216
256   6803284
256   6884820
256   6333344
256   6355444
256   6299304
256   6729468
256   6387044
256   5994368
256   7195144
256   7195892
256   6815788
256   6821764
256   5983164
256   6351960
256   7067560
256   6629940
256   6216672
256   6524644
256   5627704
256   7516124
256   6396148
256   6668408
256   5898532
256   5876792
256   6614864
256   7382960
256   5837696
256   5905468
256   7164240
256   7336352
256   5721548
256   6218456
256   6367464
256   7150628
256   7005612
256   5322020
256   5898772
256   6243488
256   6899456
256   6880536
256   6714404
256   6401412
256   6962872
256   7257964
256   6309788
256   5746552
256   5773700
256   6838804
256   7226316
256   5706928
256   6957968
256   6318648
256   7127656
256   7151336
256   6679448
256   5494964
256   6642764
256   7137968
256   6771468
256   5527708
256   6194232
256   6769360
256   7042272
256   6302168
256   6276468
256   6371308
256   7001976
256   6672408
256   5818040
256   5786272
256   7014196
256   6815904
256   6489888
256   5853012
256   6585132
256   6875992
256   6900384
256   6554112
256   6913616
256   6647588
256   7165184
256   6776164
256   6368360
256   5805328
256   5463960
256   7212808
256   6538024
256   6278696
256   6890300
256   6161304
256   6396176
256   6741368
256   6884600
256   6316556
256   6868472
256   7417168
256   6572864
256   6580228
256   6884788
256   6835268
256   6948004
256   6505984
256   6890720
256   5796024
256   6826272
256   6552176
256   6906820
256   5865432
256   7393164
256   5942848
256   6188224
256   7005792
256   6084980
256   7230584
256   6724704
256   7056748
256   6672504
256   6928944
256   6704484
256   6599612
256   5233036
256   5515084
256   6862504
256   6681720
256   6415696
256   6061256
256   6081412
256   6998896
256   6520436
256   6885256
256   6488988
256   6997644
256   6793756
256   6591752
256   6344144
256   6207352
256   7238664
256   7118364
256   5656964
256   6080556
256   6353792
256   7115628
256   6259092
256   6643868
256   5399384
256   6796352
256   6955016
256   5884712
256   5350248
256   5387632
256   7251820
256   6370944
256   6353864
256   6508632
256   6584832
256   6988244
256   7142320
256   6312688
256   6047068
256   6834944
256   6779132
256   7068580
256   7177936
256   6351596
256   7588248
256   6896684
256   6757400
256   5744240
256   6097164
256   7142900
256   6367720
256   6482688
256   6302020
256   6975952
256   7068556
256   5917692
256   5722584
256   6619624
256   6926612
256   6412616
256   6032572
256   5619472
256   6188652
256   7170864
256   6862776
256   5556680
256   6911052
256   6881504
256   6999032
256   6801924
256   6389940
256   6905872
256   7012064
256   6392832
256   6439760
256   6001380
256   6959000
256   7207548
256   6441212
256   6388640
256   6435104
256   7243228
256   6271472
256   7171672
256   5972352
256   6656200
256   6708236
256   6734524
256   6969924
256   6085788
256   6128176
256   6767620
256   6902264
256   6474504
256   5827148
256   7211448
256   6986112
256   6322400
256   6820016
256   6891304
256   6992292
256   7244164
256   6135448
256   5401068
256   7058112
256   6826884
256   6036336
256   6517500
256   6274172
256   6944408
256   6991440
256   6515832
256   6382468
256   6198772
256   6660252
256   6792848
256   6285520
256   6497972
256   6712600
256   6835572
256   6870144
256   6369164
256   6167364
256   7260868
256   6383228
256   5999724
256   6511196
256   6836352
256   7206712
256   5904648
256   6230324
256   5818376
256   6922928
256   6196600
256   7082252
256   6406516
256   6149840
256   7045444
256   6640232
256   6187516
256   5733728
256   6846252
256   6601988
256   6364744
256   7058624
256   6229236
256   7001252
256   6735508
256   6210284
256   6794072
256   6172836
256   6747820
256   6868764
256   6332464
256   6872748
256   6992276
256   5949816
256   7099316
256   7143948
256   6026928
256   6666428
256   6680696
256   6694768
256   5427108
256   6294124
256   6824920
256   6873448
256   6785912
256   5788720
256   6658376
256   6576688
256   6800732
256   6771792
256   6972956
256   7115156
256   7067560
256   6839848
256   7082788
256   5561744
256   6695452
256   7145484
256   6249620
256   5513628
256   6536128
256   6680592
256   6274276
256   6653156
256   6056500
256   7102672
256   6573700
256   7013092
256   6507356
256   6997712
256   7281140
256   7192264
256   5768236
256   5812236
256   6822020
256   7408108
256   6989912
256   5283104
256   6056824
256   6749884
256   6077372
256   6104228
256   6529816
256   7021820
256   6664244
256   6532284
256   5678640
256   7049716
256   7024660
256   6638276
256   6033124
256   5885192
256   6557848
256   6796668
256   5926920
256   5844116
256   5745508
256   7256996
256   7118240
256   6050892
256   5495028
256   6310576
256   6940348
256   6658464
256   6426920
256   5565256
256   7005992
256   7503208
256   7075244
256   6358424
256   5538816
256   7124844
256   6589488
256   6075084
256   6695696
256   6331652
256   7155788
256   6608956
256   6424588
256   6596068
256   5907872
256   7133976
256   6517100
256   6539912
256   5887520
256   7126760
256   6954352
256   6599888
256   6498348
256   5863036
256   7023968
256   6965828
256   6908020
256   6252552
256   6551524
256   6604252
256   7044816
256   6855828
256   6836452
256   6796572
256   6492200
256   5848204
256   6987668
256   5967808
256   7104528
256   7109344
256   6523856
256   7023104
256   5790984
256   6855344
256   6953240
256   6177132
256   7103472
256   7224084
256   7224996
256   6445452
256   5840752
256   5494036
256   7073076
256   6227268
256   6281628
256   5651136
256   6978848
256   6222276
256   6778796
256   6452392
256   7082432
256   7025236
256   6477728
256   5918916
256   5636580
256   6240724
256   7142948
256   6040108
256   6510180
256   7185712
256   6653180
256   6704556
256   6679532
256   6235404
256   7211440
256   6924392
256   6730552
256   6383152
256   6547136
256   6833720
256   7161900
256   6644248
256   6606812
256   6425696
256   7065240
256   6778524
256   5807492
256   5372244
256   6367404
256   6780584
256   7024780
256   6943432
256   5942296
256   6120856
256   7311712
256   6939496
256   6952608
256   6103184
256   7353020
256   6477704
256   5615896
256   5818512
256   5972188
256   6959028
256   6433240
256   6178040
256   7111184
256   6848388
256   7166480
256   6757388
256   6341388
256   5831420
256   6850376
256   6946028
256   6294564
256   6880948
256   6398628
256   7262876
256   7074352
256   6437436
256   5815684
256   7147888
256   6994516
256   6361376
256   7111332
256   6478580
256   7220976
256   6848896
256   6679016
256   6300800
256   5604936
256   6943208
256   6025692
256   6141948
256   6129524
256   6859240
256   6165508
256   6157712
256   5592580
256   6514508
256   7089168
256   6441272
256   6210648
256   5707020
256   6759268
256   7109072
256   5810960
256   5860868
256   6636308
256   6838836
256   6485816
256   6361392
256   5571708
256   6931764
256   6520904
256   7161520
256   5865824
256   6844848
256   7202272
256   6818108
256   6762084
256   5617304
256   5250088
256   7224068
256   7104304
256   6478752
256   7261156
256   5795960
256   7207028
256   6795080
256   6111908
256   5739448
256   7098964
256   6784712
256   6842172
256   6029236
256   6429508
256   7119528
256   6646992
256   5980584
256   6897368
256   5969292
256   6594740
256   7320112
256   5579156
256   6346216
256   7104940
256   7296004
256   6833104
256   7104072
256   6971324
256   6606372
256   6391848
256   5819656
256   6444084
256   5972076
256   7308584
256   6981892
256   6898584
256   6700936
256   6659120
256   6896724
256   6923024
256   5576580
256   5982724
256   6815284
256   7022592
256   6793488
256   7440508
256   7024660
256   6997588
256   6644264
256   6837936
256   6066716
256   7311216
256   6728056
256   6101860
256   6952924
256   6204680
256   7184968
256   7634412
256   5537004
256   7255756
256   7372188
256   6541076
256   6761084
256   6821804
256   6004152
256   7035304
256   6732544
256   6163544
256   6037416
256   6538180
256   6842476
256   6349724
256   6836620
256   6041288
256   6968228
256   7236488
256   6275020
256   6900800
256   6996256
256   6582332
256   6266072
256   6592456
256   6312792
256   7118092
256   6555396
256   6020552
256   6533564
256   6891856
256   6672120
256   7068200
256   7062476
256   6168084
256   7044116
256   7003496
256   7214748
256   5577016
256   6473296
256   6871768
256   6629264
256   5531600
256   5949244
256   6859292
256   6795048
256   7106660
256   6010320
256   6408416
256   6925384
256   6409636
256   5943176
256   6637032
256   7318488
256   7139468
256   6149140
256   6149244
256   7005276
256   6974004
256   6422932
256   5325064
256   6246424
256   6316436
256   6677916
256   6708016
256   6295780
256   6212428
256   7091504
256   6632540
256   6796188
256   6033324
256   6086064
256   6648660
256   6143672
256   6974232
256   6325300
256   6488580
256   7081892
256   6526216
256   5677396
256   7134916
256   7390844
256   6764172
256   6266984
256   5476140
256   6106852
256   7372464
256   6992092
256   6710292
256   7494368
256   6189172
256   7251208
256   6594776
256   6392936
256   5770272
256   7151388
256   7313672
256   5957060
256   6583052
256   6548024
256   6954964
256   6758964
256   6806636
256   6744252
256   6527468
256   7079944
256   6787532
256   6771236
256   6205616
256   7223364
256   6269036
256   7194640
256   6200956
256   7010176
256   6890132
256   6912776
256   5953864
256   6043920
256   7073060
256   6531680
256   6647960
256   6733884
256   6180188
256   7143180
256   6702692
256   5932728
256   6528316
256   6868584
256   6946336
256   5539548
256   6304660
256   5721852
256   6879128
256   6707560
256   6511612
256   6197972
256   7126356
256   6702260
256   6372748
256   6846232
256   5769900
256   6781320
256   6940444
256   6850132
256   6984132
256   5989212
256   7035116
256   6687052
256   5309656
256   5441644
256   7383668
256   6899796
256   5486136
256   6031264
256   5713916
256   7092112
256   6673552
256   5726728
256   6661756
256   6460392
256   7047092
256   6997480
256   6334804
256   6339352
256   7210540
256   7057136
256   6296112
256   7197704
256   6008492
256   7182860
256   6776864
256   5969056
256   6376720
256   7114380
256   7179996
256   6288808
256   6792008
256   6319132
256   6693612
256   7231772
256   6839684
256   6564592
256   5737160
256   7244068
256   7078320
256   7111824
256   6633624
256   5807476
256   6850288
256   6589620
256   6961368
256   5897128
256   7172260
256   6758564
256   5876412
256   5633184
256   5952808
256   6950768
256   6897932
256   6463132
256   6030352
256   7247076
256   6636056
256   6433524
256   6177048
256   6682048
256   6790776
256   6746556
256   6063004
256   5517320
256   6893180
256   6766544
256   6039092
256   6448484
256   6486328
256   7250952
256   6776956
256   6693600
256   7091088
256   6133464
256   7126908
256   6860944
256   7309448
256   6411952
256   6096408
256   7321148
256   6618264
256   6783640
256   6661100
256   6717860
256   6848700
256   6574688
256   6792420
256   6142428
256   6178296
256   6720444
256   7241336
256   5823264
256   6850524
256   6799124
256   6814216
256   7265920
256   6402996
256   5909888
256   7263204
256   6662600
256   7183940
256   5748380
256   6973884
256   6327932
256   7090044
256   6054132
256   7006176
256   7162524
256   6725600
256   5661840
256   6502496
256   7176572
256   6934048
256   6720636
256   5960024
256   6169816
256   7100400
256   6777032
256   5909308
256   6343276
256   5722872
256   6631460
256   5925888
256   6360020
256   6446264
256   7002920
256   6665324
256   6666096
256   6464468
256   6284348
256   6975532
256   5981836
256   5822500
256   7199044
256   7397248
256   6826296
256   6434296
256   6407048
256   7077424
256   6834504
256   6310212
256   6361392
256   6473636
256   6576280
256   6672956
256   5764648
256   6661052
256   5816560
256   6791356
256   6157508
256   5954832
256   6780304
256   6484324
256   7147516
256   6748384
256   6640380
256   6343036
256   6471248
256   6798064
256   6773432
256   6499116
256   5904952
256   6880744
256   6299232
256   6567992
256   5907288
256   6045128
256   7083624
256   6971016
256   5511556
256   5684664
256   6297788
256   7272752
256   6987204
256   6145120
256   5562224
256   6856676
256   6672464
256   7134656
256   6750988
256   6714076
256   7395540
256   6830764
256   5352892
256   6275848
256   7182096
256   7262020
256   6750388
256   6416644
256   6307964
256   6729184
256   6726224
256   6242056
256   5713156
256   6456828
256   7079816
256   6789980
256   5565712
256   6555032
256   6891664
256   6746012
256   6063756
256   6681760
256   5856464
256   7050916
256   6334636
256   6833864
256   6589672
256   6668992
256   7388184
256   6675532
256   6783680
256   5965692
256   7126496
256   6996388
256   5861748
256   6152940
256   6151904
256   6689612
256   7092356
256   5894704
256   6064216
256   6098824
256   7119704
256   6380704
256   6115772
256   6956824
256   6546140
256   6814724
256   6878480
256   6797632
256   6057868
256   6832640
256   7005852
256   6438516
256   5579664
256   5837648
256   7320972
256   6759660
256   6774864
256   5987724
256   6947364
256   6720484
256   6589040
256   5467200
256   7120540
256   7174604
256   6554160
256   6313140
256   6747600
256   5541656
256   6730208
256   6870084
256   6231500
256   6496508
256   7269852
256   6677304
256   6211944
256   6095920
256   5801760
256   7052284
256   7011972
256   7007100
256   6611064
256   6194788
256   7101428
256   6267360
256   6904828
256   7045020
256   7178260
256   7068304
256   6063520
256   6068684
256   6054832
256   6781084
256   6400612
256   6880064
256   6392708
256   5917968
256   6937404
256   6685308
256   5766812
256   6028020
256   6734856
256   6539596
256   6238888
256   6585092
256   6268048
256   6943208
256   6418340
256   6819440
256   6537252
256   6868288
256   6738860
256   6540428
256   5655964
256   6027060
256   7140068
256   6763136
256   6107528
256   5994884
256   5911732
256   7039708
256   7081488
256   6735236
256   6409784
256   7081580
256   6539852
256   5898536
256   6954284
256   6587336
256   7081660
256   6571068
256   5560368
256   6527248
256   6610180
256   6697716
256   6877984
256   5788492
256   5906640
256   6832812
256   7032832
256   6028108
256   6726040
256   6151472
256   7132640
256   7040780
256   6307832
256   6903420
256   5593076
256   6796108
256   7145048
256   6717684
256   7253116
256   7219472
256   6749820
256   5884868
256   6622084
256   6151644
256   6957576
256   6856260
256   6592692
256   5945060
256   5892900
256   7084876
256   7112896
256   5687240
256   6144816
256   7314752
256   7086720
256   6383112
256   6582400
256   5831720
256   7210656
256   6885520
256   5546256
256   6886928
256   5931064
256   6709508
256   6633212
256   7242300
256   6677144
256   6979352
256   6795244
256   5752720
256   6590688
256   6081984
256   7341252
256   6593544
256   6218196
256   6259784
256   6954648
256   7276276
256   7052040
256   6833968
256   5773660
256   7116068
256   7006620
256   6525596
256   6559880
256   6687256
256   6879340
256   7320364
256   6336932
256   6115720
256   6973120
256   6769768
256   7213820
256   6861164
256   5930232
256   6829444
256   7010864
256   6320152
256   6499280
256   6099344
256   7328680
256   6926548
256   6383528
256   6323028
256   7046068
256   6997136
256   5274156
256   7024016
256   5797728
256   7050048
256   6386360
256   5750416
256   5445796
256   6906336
256   6988904
256   5662444
256   6121944
256   6584096
256   6952048
256   6910728
256   6416344
256   6609860
256   6959272
256   6568696
256   6025584
256   6776264
256   6055768
256   6701608
256   6323792
256   5934660
256   6267700
256   7507636
256   7108576
256   6623736
256   5823300
256   5593460
256   7193752
256   7285416
256   5805564
256   6083484
256   6058664
256   7110268
256   6573884
256   7068852
256   6078128
256   6660916
256   6680084
256   6846148
256   6080932
256   6200612
256   6616208
256   6636304
256   6035588
256   6703732
256   6614784
256   7095344
256   6488416
256   6138408
256   6044236
256   6950820
256   6963176
256   6589648
256   6071632
256   6207136
256   6799304
256   7102944
256   6705932
256   6093412
256   7044652
256   6548208
256   6944924
256   6635280
256   7104460
256   5938260
256   7377108
256   6907232
256   6933580
256   6804668
256   7011832
256   6830548
256   6307264
256   6411500
256   6110576
256   7632336
256   6766536
256   5521676
256   5967348
256   5811284
256   6877328
256   6741700
256   6919632
256   6495084
256   6551552
256   6771412
256   6833824
256   5815776
256   5857508
256   6589452
256   6141216
256   6563832
256   5863204
256   7011800
256   7042084
256   5799724
256   5872520
256   6198480
256   6688948
256   6360948
256   6567228
256   6771020
256   7166228
256   6975580
256   7075168
256   6294060
256   6036860
256   7271048
256   6772568
256   6699096
256   6018708
256   6727448
256   6792912
256   7265848
256   5459540
256   6438960
256   5929236
256   6803156
256   6944216
256   6048248
256   6024840
256   7024260
256   6929424
256   6856744
256   6360000
256   6393900
256   7003988
256   6520064
256   6316780
256   6299984
256   5672348
256   7076704
256   6909388
256   6835416
256   6802472
256   7045492
256   7307740
256   6980264
256   6722332
256   6474304
256   7039668
256   6796844
256   6684704
256   5768292
256   6550504
256   6803408
256   7115360
256   5982180
256   5915392
256   6899172
256   6783736
256   6733196
256   5615808
256   6938272
256   7290536
256   7131420
256   6500324
256   6462780
256   6798900
256   7436768
256   6166860
256   6069888
256   6559304
256   7174928
256   7096232
256   6495512
256   6122712
256   7353940
256   6878500
256   5868016
256   6261288
256   6141844
256   7173012
256   6736940
256   5424492
256   5768044
256   5735580
256   6929164
256   7159136
256   6913012
256   6767172
256   6726812
256   6406316
256   6825748
256   6743872
256   6907324
256   7166880
256   6779960
256   6754616
256   5763880
256   6810532
256   6437380
256   6352996
256   5928924
256   5744544
256   6910284
256   6612644
256   6312224
256   6423168
256   6597232
256   7020472
256   6587416
256   6142544
256   6129416
256   6020204
256   7090328
256   6463360
256   6225272
256   5755256
256   6799344
256   6936028
256   6294500
256   6245004
256   6824396
256   6298728
256   6859384
256   6460884
256   5580592
256   7080212
256   6666268
256   6483028
256   5976760
256   6129000
256   6796472
256   6840276
256   6446564
256   5688800
256   6220192
256   6993904
256   6863544
256   6111896
256   6584412
256   7120540
256   7141008
256   7124912
256   6510656
256   5923588
256   7070116
256   6567504
256   6391784
256   5716876
256   6419232
256   6818368
256   7094948
256   6467740
256   5743996
256   7001524
256   6866764
256   6892680
256   6814644
256   5996112
256   7014016
256   6501872
256   5981212
256   5478776
256   6076640
256   6877260
256   6336004
256   6641752
256   6209632
256   7181380
256   6532972
256   6096712
256   6039588
256   5672468
256   7038188
256   6446176
256   6442284
256   6835780
256   6633908
256   7378920
256   7045020
256   6672632
256   6427348
256   6943024
256   6813340
256   6907364
256   6658288
256   7247564
256   7096544
256   6274384
256   5723692
256   5934116
256   5591268
256   7116264
256   6597888
256   6483476
256   6308796
256   5949364
256   6925872
256   5936060
256   7220408
256   5990408
256   5661800
256   6945904
256   6802564
256   6482816
256   5968232
256   7119096
256   6425948
256   6468728
256   6303192
256   6711096
256   7283772
256   6646624
256   6162152
256   6857456
256   7116200
256   7246208
256   7234828
256   6500008
256   5868548
256   6991528
256   6531560
256   6640552
256   6000796
256   5910520
256   7122028
256   6751740
256   5536092
256   6827624
256   6449188
256   6858744
256   7030760
256   6368556
256   6736620
256   6860152
256   6738088
256   6820612
256   6716672
256   7006996
256   7082180
256   6495404
256   6732420
256   6797000
256   7064616
256   6430260
256   6954984
256   6646140
256   6728888
256   7210856
256   6539660
256   6579752
256   5992380
256   5803904
256   7027696
256   6928164
256   5851932
256   6279444
256   6928164
256   6583380
256   6031788
256   6240912
256   7049444
256   7368680
256   6439704
256   6523984
256   6774808
256   7038664
256   6592188
256   6234092
256   7090532
256   6952388
256   7301488
256   6979364
256   5923432
256   6509400
256   7212788
256   6332168
256   6542300
256   5515832
256   6218116
256   7253304
256   7185732
256   5934304
256   5931496
256   5793784
256   6855896
256   6721332
256   6684460
256   6797100
256   7018908
256   6966244
256   6325036
256   5710644
256   5535328
256   6916816
256   6355244
256   5639360
256   5497908
256   6877352
256   7069900
256   6152220
256   6023596
256   6597412
256   6874504
256   7302956
256   5811752
256   6589124
256   6572108
256   7379212
256   6275052
256   5820388
256   5396484
256   6669088
256   6669632
256   6925676
256   5738024
256   6616052
256   7456080
256   6835620
256   6978964
256   6103100
256   5981576
256   6647188
256   7312176
256   6407748
256   5953468
256   6787164
256   7243156
256   6716824
256   6211044
256   5973672
256   7317932
256   6963224
256   6461028
256   6718912
256   7412240
256   6942936
256   7204252
256   6423420
256   5916376
256   6395216
256   6913148
256   6193072
256   5773808
256   6511008
256   6921452
256   6652420
256   6780940
256   6550048
256   5609572
256   7200808
256   6453596
256   7017600
256   6430120
256   7355508
256   7093152
256   6317956
256   6183920
256   5763348
256   6661308
256   6898360
256   5768728
256   6407452
256   6808896
256   6861256
256   7154228
256   6560608
256   5645288
256   7045636
256   6536152
256   6898788
256   5722508
256   7018196
256   7112036
256   6394636
256   6083288
256   6713668
256   5844984
256   6860624
256   6076628
256   6572556
256   6021788
256   6672116
256   6593296
256   6618732
256   6766348
256   6312872
256   7071928
256   7295464
256   6521992
256   6111780
256   7372908
256   7080840
256   6092756
256   6665508
256   6478152
256   7044728
256   6610404
256   6451284
256   5789080
256   5637752
256   7255824
256   6372472
256   6652092
256   5680696
256   7339940
256   7220332
256   6775860
256   6710912
256   6037668
256   7034188
256   6752704
256   5580884
256   6181076
256   6445268
256   7088392
256   6604276
256   7429280
256   6139692
256   7162096
256   6715660
256   6202784
256   6656200
256   6045292
256   7041832
256   6786976
256   5449640
256   7039376
256   6229612
256   6758852
256   6588444
256   6141824
256   5692356
256   7071724
256   7226980
256   5690464
256   7054860
256   6776496
256   7100540
256   6506840
256   5583224
256   6697948
256   6946648
256   6739080
256   6954764
256   5835108
256   6272940
256   6795432
256   6898936
256   6353564
256   5698804
256   6084956
256   7353340
256   6100376
256   6421836
256   5867800
256   6911480
256   6593780
256   7029428
256   6427644
256   6488984
256   6983896
256   6218228
256   6569420
256   6290388
256   5897012
256   6946928
256   6854612
256   6764992
256   6101260
256   7421288
256   6398236
256   7021360
256   6048592
256   6820700
256   7011864
256   6615736
256   6333740
256   6318896
256   5714816
256   7104396
256   6501096
256   6979992
256   6436540
256   6841572
256   6627040
256   5923260
256   6259376
256   6870960
256   7171064
256   6484952
256   5634388
256   6807548
256   6923276
256   6811120
256   6909740
256   6506212
256   6553472
256   7135728
256   6960036
256   6537624
256   6060244
256   6264640
256   6611896
256   6695628
256   5733332
256   6768520
256   7130484
256   7577776
256   6492100
256   5953096
256   6810332
256   7038120
256   6862096
256   6635672
256   6881620
256   6913136
256   6846308
256   6623648
256   5712532
256   6831824
256   7094236
256   6610824
256   6893032
256   6682872
256   6188168
256   6889276
256   6789664
256   6017188
256   6644052
256   6215620
256   7271872
256   6584468
256   5746864
256   5942132
256   6895512
256   6397468
256   6750068
256   6425324
256   5723748
256   6947772
256   6682952
256   6390824
256   6435768
256   7015940
256   6584484
256   5803300
256   5551112
256   6184260
256   7154092
256   7122600
256   6307400
256   5986876
256   7184604
256   6791620
256   7025896
256   6625336
256   5674724
256   6930024
256   6899584
256   6322616
256   6639664
256   6119776
256   7017312
256   6908832
256   5739840
256   5758968
256   6816484
256   6652236
256   6308996
256   6415448
256   6545088
256   6811756
256   7201200
256   6088040
256   6088520
256   6283416
256   6963676
256   6660908
256   6029732
256   6912280
256   7179140
256   6642236
256   6585128
256   6606744
256   6191656
256   7228416
256   6743396
256   6086416
256   5944324
256   6543784
256   6847536
256   6633724
256   5981924
256   6639872
256   6780296
256   6648824
256   7230848
256   6804196
256   5777836
256   7047008
256   6243176
256   6889900
256   6380504
256   6342768
256   6933848
256   6257848
256   6036796
256   5439280
256   6905456
256   7107276
256   6143744
256   6280508
256   6170968
256   7241004
256   6568928
256   6437196
256   6613232
256   5897736
256   6985784
256   6898120
256   6669804
256   7013136
256   6986400
256   6508088
256   7170940
256   7123044
256   6321668
256   7143288
256   6694732
256   6591596
256   5814768
256   6863460
256   7341108
256   7016708
256   6045404
256   6349068
256   6786972
256   6673500
256   5949648
256   6003536
256   6020964
256   6816896
256   6765740
256   6851384
256   7237956
256   6592984
256   6971080
256   6742800
256   5874600
256   6046040
256   7156672
256   6548888
256   5875908
256   6960636
256   7246880
256   7112900
256   6721444
256   6706092
256   6388388
256   6690768
256   6647304
256   6397556
256   6033600
256   6120728
256   6905492
256   6445940
256   6441764
256   6067036
256   6586964
256   6869808
256   6537096
256   6347680
256   7018812
256   6952508
256   6354196
256   6858944
256   7006264
256   6071072
256   7093052
256   7188524
256   5716040
256   5548792
256   6732188
256   6123932
256   7032728
256   6303744
256   5794108
256   6954144
256   6992424
256   6616336
256   5964000
256   7211136
256   6937388
256   6575608
256   6642360
256   5779684
256   6946592
256   6038212
256   5612672
256   5885664
256   5950960
256   6995664
256   7085528
256   6882856
256   5912652
256   6637192
256   6985712
256   5900928
256   6891848
256   5793768
256   6637064
256   6480584
256   5985376
256   6426880
256   7144452
256   7378560
256   6116608
256   6412972
256   5485072
256   6721176
256   7042224
256   6139232
256   6115268
256   5635356
256   6615980
256   6506100
256   6282576
256   5546096
256   7003492
256   6956312
256   6943544
256   6746792
256   6373792
256   6040588
256   7245624
256   7140408
256   5938300
256   6438496
256   7462188
256   6235420
256   5965732
256   5517968
256   5964384
256   7105456
256   6642168
256   6145152
256   6033796
256   5582884
256   7032756
256   6680140
256   6737276
256   6625576
256   7201560
256   6863504
256   7012808
256   6425516
256   5984124
256   7270004
256   6719272
256   6184632
256   6479188
256   6725292
256   6955380
256   6381604
256   6573828
256   6011008
256   6821484
256   6891536
256   6949184
256   5935884
256   6621020
256   7116572
256   6641304
256   6405816
256   6444836
256   6051396
256   7421868
256   7007536
256   6825780
256   6903720
256   7056784
256   6824072
256   5679072
256   5954720
256   5743664
256   7232272
256   7033944
256   6317100
256   6730156
256   6264952
256   7022032
256   6971040
256   6339600
256   5988092
256   6742048
256   6834376
256   6726264
256   7158388
256   5418040
256   7215984
256   7066368
256   5852224
256   7096684
256   7119176
256   6873340
256   6268128
256   6999652
256   7098952
256   6885128
256   5890040
256   6622048
256   6487556
256   6759116
256   6465444
256   6555360
256   5737308
256   5881040
256   6981540
256   6561520
256   5648424
256   6305036
256   6732944
256   7196716
256   6859736
256   5690800
256   5610700
256   6716744
256   7228312
256   6237616
256   6860644
256   5670440
256   7194116
256   7198024
256   5532332
256   6272472
256   6280896
256   6871512
256   6907116
256   6447308
256   6149896
256   7290780
256   6839984
256   6702444
256   6247724
256   6249084
256   7270256
256   6538492
256   6897880
256   6536760
256   6696332
256   6996540
256   6563700
256   6580028
256   7083020
256   7136276
256   6987128
256   7119968
256   6430952
256   6142392
256   7272896
256   6429524
256   5925528
256   6117216
256   6612512
256   6868664
256   6464772
256   5536032
256   5844080
256   6505428
256   6939924
256   6319436
256   6785492
256   6864508
256   7056484
256   7002208
256   6748128
256   6121896
256   6733644
256   6554988
256   6655600
256   6482916
256   6152248
256   6907968
256   6740452
256   6035924
256   5656900
256   6989340
256   6875508
256   6436352
256   6327272
256   5790788
256   6811028
256   6563752
256   5906148
256   6166300
256   6592144
256   6888864
256   7029484
256   6675116
256   6435808
256   6835468
256   7064288
256   6559384
256   5683672
256   5878068
256   7026548
256   6889444
256   6101744
256   5884944
256   6665896
256   6875468
256   7247956
256   6355260
256   7198224
256   6960584
256   7312588
256   6086176
256   6141540
256   5900944
256   6887832
256   6589744
256   6948284
256   6822776
256   6558752
256   7299184
256   6935400
256   6370596
256   6903988
256   7159408
256   6950664
256   6712080
256   5777568
256   7564240
256   7060532
256   6006204
256   6680312
256   6372500
256   6687900
256   7423252
256   6976172
256   6552340
256   5496780
256   6851964
256   7103080
256   6106844
256   5771184
256   6582004
256   7239300
256   6726008
256   6822900
256   6996712
256   6503952
256   6527748
256   6491548
256   7025964
256   6459468
256   7265896
256   6885384
256   7018360
256   6056964
256   6925040
256   6858560
256   6366548
256   6530940
256   6732856
256   6642280
256   6915352
256   6231828
256   6322292
256   5802000
256   6712228
256   6682264
256   6029904
256   6067884
256   6908568
256   6977608
256   5684920
256   5739308
256   5832572
256   6762740
256   6894696
256   5854616
256   6839044
256   6674948
256   6951504
256   6455904
256   6940944
256   6400756
256   7282928
256   6264140
256   5557724
256   6721252
256   6875820
256   6822796
256   5751928
256   6582148
256   5426232
256   7099328
256   6698096
256   6745864
256   6317668
256   6521188
256   7082448
256   6606212
256   6836600
256   6612676
256   7191408
256   6777352
256   6590252
256   6401056
256   5808948
256   6842760
256   6570144
256   6937048
256   6485476
256   5660936
256   6700768
256   6479824
256   6259112
256   6658796
256   5790008
256   7343484
256   7138816
256   5966940
256   6213100
256   7046216
256   6317960
256   6734512
256   6897196
256   5825904
256   6775376
256   6862240
256   6080060
256   6248052
256   6726388
256   6753404
256   7063336
256   5761564
256   5714808
256   7430224
256   6723960
256   6924124
256   6817480
256   5886176
256   7258180
256   6648692
256   6472128
256   6473444
256   6998148
256   7097084
256   6665920
256   6507892
256   6729452
256   6940460
256   6534452
256   6653900
256   7053212
256   6394080
256   7105208
256   7049268
256   5803184
256   6775584
256   6967356
256   7155064
256   7152836
256   5696440
256   6119352
256   7062780
256   6387856
256   6504532
256   6472520
256   7330476
256   6640376
256   7130452
256   5681456
256   5829416
256   6840408
256   6535820
256   5604712
256   5874724
256   6010096
256   7147760
256   6809816
256   6244416
256   5824208
256   7300596
256   6414688
256   5929248
256   6965668
256   7082756
256   7094932
256   6128688
256   6357576
256   6938692
256   6523508
256   6347264
256   5765212
256   7006924
256   7370300
256   6934824
256   6697312
256   6976780
256   6306260
256   5691744
256   6840396
256   6806776
256   5696232
256   7002744
256   6656308
256   6709100
256   6941780
256   5964272
256   6545196
256   6783596
256   6608092
256   6213476
256   7087224
256   6565168
256   7107676
256   6323260
256   5898688
256   6439160
256   6347624
256   6993164
256   5887772
256   5834760
256   6816156
256   7068520
256   6872848
256   6300228
256   7151024
256   6749716
256   6744608
256   6978352
256   6230908
256   6085880
256   6808448
256   6131816
256   5865132
256   6147572
256   6302524
256   6884008
256   6741504
256   6688224
256   6339520
256   6203292
256   6727960
256   6197144
256   6659084
256   6805240
256   6801608
256   7032156
256   6532940
256   5842520
256   6963052
256   6749984
256   7290092
256   6812696
256   7129272
256   6970720
256   6823332
256   6430192
256   6156452
256   6289536
256   6823916
256   7207484
256   6465536
256   5920540
256   7215384
256   6778504
256   6562520
256   7006236
256   6656044
256   5836244
256   7130656
256   6850200
256   6653796
256   5599576
256   6896772
256   6160304
256   5961692
256   6609788
256   7113656
256   6978052
256   6534380
256   7128092
256   6728908
256   7013104
256   6473224
256   5924936
256   6036604
256   7035380
256   7066976
256   6522744
256   5849036
256   6226776
256   7203088
256   6298736
256   7080720
256   5786200
256   6647668
256   6740900
256   7124804
256   7126960
256   5206708
256   6493708
256   6903176
256   6361804
256   6160712
256   6396896
256   6761068
256   6214256
256   6846056
256   5996888
256   6737980
256   6969600
256   6688756
256   6090100
256   5443432
256   6827056
256   7135536
256   6852512
256   7047456
256   5982176
256   6881672
256   6790080
256   6112820
256   7099764
256   6757280
256   7137344
256   6686564
256   6087216
256   6665676
256   6708932
256   7141940
256   6920080
256   5714356
256   6336340
256   7325224
256   6479800
256   6406596
256   6686540
256   6894108
256   6825808
256   6488052
256   6543784
256   7149984
256   6974712
256   7141020
256   5366528
256   6923176
256   5977148
256   6625436
256   6762016
256   5799632
256   6330684
256   6523328
256   7052360
256   6393572
256   5645312
256   6323952
256   6959316
256   7435944
256   6439452
256   5679764
256   6587292
256   6867284
256   6617120
256   6105600
256   6812116
256   6745112
256   6511244
256   7007552
256   6873880
256   6850024
256   7100664
256   6157784
256   7100680
256   5772528
256   6617928
256   6827732
256   6988900
256   6688388
256   6380088
256   7023016
256   6228396
256   6809604
256   5479508
256   5909212
256   6905656
256   6894988
256   6763536
256   6077592
256   6455240
256   7267772
256   6294880
256   6078460
256   6023556
256   6851648
256   6044884
256   6293536
256   5351944
256   5602716
256   7157440
256   6949696
256   5685656
256   5720932
256   6650624
256   6700588
256   6562840
256   6151788
256   6011040
256   6861124
256   7137760
256   5897340
256   7097916
256   5955100
256   7239988
256   7297960
256   5864144
256   6318152
256   7143760
256   6426800
256   6934416
256   6015000
256   5668320
256   7234072
256   6613852
256   6229872
256   5796472
256   5876288
256   6855940
256   7029624
256   6593068
256   7013392
256   6610668
256   7426696
256   7133696
256   6811004
256   6359520
256   5777264
256   7096132
256   6854372
256   6931676
256   6179460
256   6726104
256   6968404
256   6707232
256   6785996
256   6342724
256   7075544
256   6813728
256   7079608
256   5682900
256   6808684
256   7020284
256   6771144
256   6266836
256   5785524
256   7226500
256   6463752
256   6385852
256   6808428
256   6235996
256   6958812
256   6842576
256   5774404
256   5404388
256   7165100
256   6369588
256   6064548
256   5830392
256   5744828
256   7277464
256   6491300
256   6825396
256   6206308
256   6903876
256   7111464
256   6478292
256   6618072
256   5739156
256   6656944
256   6587576
256   5843100
256   6385764
256   6097044
256   6888624
256   7113292
256   6901740
256   5484572
256   7029332
256   6831408
256   5850024
256   6899704
256   7110708
256   7057652
256   6199556
256   6488540
256   6237856
256   6402452
256   6783740
256   6681388
256   6820136
256   6206460
256   6594684
256   6729908
256   5812384
256   5996348
256   5571672
256   6717992
256   6661592
256   7287560
256   6514444
256   5837752
256   6919672
256   6680784
256   5918016
256   6838852
256   6496816
256   6641288
256   7116100
256   5793596
256   5524888
256   6901576
256   6786852
256   7047708
256   6775184
256   5894236
256   7152904
256   6822432
256   5793916
256   6813440
256   6583528
256   7529280
256   6787776
256   6726704
256   5731316
256   7313328
256   6748120
256   6224028
256   5767464
256   6537048
256   6995680
256   6580852
256   5735192
256   5834772
256   6248388
256   7212532
256   6504000
256   5774196
256   6296944
256   7290128
256   6605632
256   7271396
256   5676908
256   5556672
256   6594796
256   6730964
256   6210432
256   6560004
256   6919284
256   6457180
256   5619568
256   6616156
256   6288512
256   6980688
256   6833444
256   6913428
256   5871152
256   6774576
256   7335792
256   7354320
256   6720348
256   7568788
256   7207244
256   7038068
256   6340868
256   6918132
256   6835128
256   6888960
256   6823220
256   6920932
256   6920280
256   6458252
256   6866760
256   6329916
256   6059116
256   5656072
256   5956944
256   7202728
256   6745020
256   6514880
256   6852408
256   6873912
256   7180216
256   6763584
256   6566932
256   6588316
256   7340384
256   6628540
256   6292088
256   5951732
256   6765816
256   6653156
256   6628244
256   6830476
256   6416164
256   7385900
256   6480280
256   6859172
256   6102476
256   6942388
256   6429380
256   7471032
256   6212560
256   5606468
256   6719048
256   6373916
256   6726188
256   6505132
256   6597096
256   6567784
256   6807056
256   6823068
256   6206892
256   7364920
256   7038168
256   6430184
256   6176092
256   6613548
256   6922132
256   6829040
256   6742736
256   6781336
256   7336416
256   6651868
256   6565380
256   6771992
256   6406032
256   6873084
256   6482116
256   6111048
256   6768584
256   5547276
256   7265780
256   6895176
256   6686592
256   6261592
256   7277048
256   7040836
256   6475656
256   6163580
256   6312656
256   6860468
256   7065992
256   6225224
256   6241268
256   7320980
256   6843060
256   5891968
256   6294620
256   6382796
256   6677240
256   5993176
256   6725972
256   5980644
256   7220884
256   6853916
256   6776792
256   5587128
256   5578624
256   7054236
256   7414936
256   5687636
256   6289716
256   7324236
256   7171780
256   7256824
256   6973980
256   6300196
256   6910160
256   6313920
256   6569756
256   6849444
256   6503896
256   6889468
256   6721364
256   5865428
256   5823592
256   6283860
256   7121172
256   6663632
256   5983040
256   7033064
256   6893600
256   6745248
256   6491252
256   5725912
256   6948748
256   7227060
256   6626624
256   6044764
256   6511780
256   7067976
256   6391672
256   6594436
256   5865568
256   5792944
256   7458784
256   6643532
256   5743028
256   6632456
256   6708504
256   7418564
256   6536880
256   5971644
256   6963468
256   6804252
256   6791304
256   7065128
256   6105308
256   5879528
256   7150272
256   7198316
256   6757296
256   6278808
256   7367920
256   6557772
256   6526508
256   5529508
256   6103364
256   6505056
256   7040376
256   6449364
256   6031600
256   6066148
256   6972744
256   6725420
256   6489588
256   6824136
256   7098136
256   6902680
256   6476736
256   5724420
256   6949972
256   6811092
256   6499400
256   6655412
256   6678576
256   6892200
256   7027388
256   6341144
256   6832244
256   6215496
256   6871896
256   6241064
256   5954624
256   6658884
256   7148500
256   6940808
256   6614772
256   6664224
256   6232208
256   6063748
256   6692924
256   6535224
256   6778212
256   7000356
256   6777276
256   6662488
256   5626736
256   6547412
256   6399700
256   7377960
256   6598328
256   6290612
256   6737436
256   6882384
256   6915760
256   6246984
256   6719228
256   5870936
256   7154216
256   6611972
256   6861096
256   5969192
256   6258184
256   7567848
256   7188720
256   5998140
256   6207408
256   7044008
256   6615332
256   6967344
256   5804228
256   5410628
256   7020808
256   7061524
256   6478592
256   5864980
256   5723684
256   6856804
256   7175344
256   6031260
256   5695752
256   7076384
256   6974784
256   6030480
256   5849796
256   5913600
256   7055836
256   6574440
256   6242360
256   7074016
256   7127688
256   6375484
256   5842232
256   5802836
256   5955768
256   7246196
256   6750380
256   5634312
256   6165672
256   6454344
256   6954944
256   6698764
256   6318196
256   6979260
256   6976200
256   7123592
256   6627576
256   6319980
256   6142464
256   6826084
256   6706992
256   6418488
256   6074072
256   6116628
256   6993196
256   6531060
256   6673444
256   6459988
256   6047260
256   6707908
256   6965484
256   6313608
256   5995400
256   6388268
256   6988488
256   6552296
256   6401360
256   6015344
256   7388520
256   6991688
256   6737216
256   5997776
256   5758272
256   6893004
256   6561100
256   6070376
256   6561724
256   7508908
256   6890256
256   6083816
256   6993752
256   6710184
256   7071928
256   6757592
256   5779876
256   5863484
256   7000024
256   7160524
256   6178668
256   6162824
256   5880552
256   7157200
256   6265528
256   6335700
256   6406640
256   5602780
256   6934372
256   7063972
256   5836236
256   6338428
256   6178264
256   7153004
256   5858920
256   6293648
256   6995552
256   7210164
256   7034104
256   6454940
256   6222048
256   6045740
256   7075512
256   7222460
256   6763048
256   6139128
256   6202076
256   7443904
256   7090896
256   6325436
256   7072864
256   7289008
256   6734132
256   6731064
256   7012908
256   5714224
256   6993432
256   5753992
256   5954264
256   6718572
256   6937988
256   6922500
256   6545704
256   5963060
256   5606196
256   6980772
256   7037156
256   6359300
256   7360668
256   6220652
256   6824384
256   6714244
256   6733128
256   6776248
256   7073656
256   7077988
256   6785180
256   6841732
256   5906120
256   7286428
256   6706880
256   5803368
256   5667316
256   6854220
256   7018540
256   7014396
256   5782716
256   6563184
256   6936480
256   6183448
256   5846388
256   6130020
256   6531664
256   6637080
256   7127892
256   6514524
256   7027772
256   6675936
256   7203984
256   6391984
256   6634764
256   5943068
256   7196860
256   6666732
256   7119232
256   6621808
256   6432988
256   6944756
256   7201908
256   6558080
256   6326616
256   7404328
256   7369120
256   6680772
256   6810472
256   5918248
256   6837084
256   6619220
256   6137880
256   6644108
256   5932908
256   6983888
256   6524020
256   7046456
256   5799620
256   6636532
256   6743608
256   6030532
256   6561052
256   6005860
256   6826640
256   6276776
256   6097368
256   6013008
256   7038468
256   6641112
256   6073764
256   6219992
256   5924380
256   7376216
256   7117432
256   7045172
256   5615280
256   6476748
256   6455448
256   5560808
256   6834928
256   6789396
256   6896008
256   6244892
256   6036228
256   7573360
256   6129796
256   6964604
256   7126416
256   6003336
256   6460088
256   6773312
256   7346480
256   7132900
256   6380224
256   5543160
256   6970380
256   6474512
256   6750852
256   6769272
256   7047432
256   6668316
256   7001996
256   6566476
256   6028544
256   5924820
256   6876796
256   6797136
256   5760084
256   7082728
256   6739016
256   6664736
256   5678016
256   6392080
256   6999020
256   6564408
256   6509628
256   5809280
256   5459816
256   6991700
256   7000968
256   6698272
256   6136772
256   6458000
256   7194344
256   6416364
256   6411192
256   5800592
256   7205288
256   6308672
256   6767500
256   6450456
256   6344980
256   6878832
256   6832228
256   5602952
256   6914588
256   5481388
256   6854524
256   6642732
256   6147872
256   5791856
256   7261228
256   6938260
256   6764720
256   5862432
256   5705888
256   7316180
256   7134620
256   7058468
256   5656384
256   6595000
256   7204180
256   6597592
256   5707844
256   6724012
256   7061896
256   6952760
256   6567740
256   6563504
256   7205396
256   7256568
256   6467892
256   6608652
256   5563536
256   6346624
256   7125760
256   6526448
256   6750356
256   6470128
256   5574992
256   7228928
256   6551648
256   6180572
256   5627680
256   6704652
256   6474244
256   6059508
256   6390524
256   6101140
256   6835632
256   6914660
256   5867700
256   5867836
256   6419056
256   6967196
256   6899756
256   6132652
256   7264928
256   7011080
256   7051024
256   5997312
256   6033072
256   6911288
256   6679812
256   6645832
256   6407012
256   6073588
256   7171388
256   6638576
256   6659672
256   6253012
256   6498628
256   6447968
256   6280964
256   6690668
256   5641236
256   6615068
256   7155140
256   7114084
256   5849428
256   6138548
256   6115304
256   7033212
256   6637732
256   5996880
256   7118256
256   6629008
256   6555752
256   6402512
256   6802016
256   6284828
256   7516492
256   7223684
256   5910920
256   6328584
256   6358332
256   7007944
256   6790136
256   5828160
256   6702284
256   7019132
256   7000124
256   5875576
256   5490704
256   5947856
256   6913072
256   7014048
256   6744784
256   6941464
256   7079496
256   7355124
256   6620568
256   6537576
256   5897380
256   6650292
256   6996852
256   6700864
256   6505068
256   6554952
256   6643276
256   6935496
256   5926224
256   6893884
256   6725876
256   6927308
256   6832632
256   6271964
256   6121592
256   6851664
256   6693148
256   5516948
256   6676788
256   6870684
256   7406204
256   6396436
256   5899600
256   6975764
256   6968284
256   7304624
256   6189132
256   6970932
256   6681160
256   7176656
256   6862076
256   6463548
256   6102568
256   7055048
256   6727504
256   5758808
256   5984900
256   6154672
256   6969892
256   6813688
256   5733988
256   5797340
256   6336776
256   7216108
256   6765880
256   5794420
256   6613464
256   6967748
256   6699400
256   6834092
256   6165800
256   7090040
256   6770924
256   7080500
256   6126624
256   5948804
256   7093048
256   7063204
256   5918224
256   5887924
256   5794488
256   6909720
256   6754100
256   6057496
256   7170388
256   6604708
256   6941140
256   6360076
256   6561916
256   6359160
256   6319372
256   7316532
256   6890288
256   6192904
256   6769960
256   7238916
256   6374500
256   6764596
256   5971220
256   6807024
256   7101868
256   6706372
256   6837440
256   6233560
256   7059616
256   6933324
256   6976420
256   5920648
256   6083304
256   6705896
256   6398124
256   6045876
256   6168256
256   7128892
256   6661392
256   6556048
256   7211832
256   6156236
256   6805260
256   6896984
256   6792900
256   6310576
256   6510968
256   6650580
256   6639612
256   5957416
256   6791748
256   5939976
256   6565392
256   6185192
256   6495284
256   6557032
256   6943500
256   6447708
256   6919544
256   6237756
256   6806100
256   6899488
256   6519864
256   6758696
256   5992220
256   7054552
256   6627720
256   6833476
256   6541304
256   6671320
256   6883780
256   6543928
256   6341836
256   6851220
256   6039404
256   6923972
256   6793140
256   6262436
256   5662656
256   6877596
256   7071340
256   6804076
256   6986988
256   6316572
256   6877564
256   6598524
256   5871224
256   6527492
256   6977236
256   6903384
256   6573008
256   6948240
256   5597092
256   7008904
256   6518508
256   5329752
256   6870356
256   6277108
256   6623220
256   6808016
256   5831540
256   5799856
256   7166616
256   6604812
256   6945084
256   6899512
256   6056364
256   6643640
256   6704544
256   6012628
256   6729572
256   6993448
256   6778356
256   7098892
256   5750348
256   6656420
256   7245540
256   6981756
256   6768248
256   5717548
256   5666424
256   7062152
256   6854304
256   6247156
256   7230872
256   5710732
256   7226216
256   6640456
256   5604664
256   5693908
256   6771696
256   6962428
256   7059572
256   6373952
256   6029216
256   7226948
256   6649628
256   6501412
256   6922104
256   5937604
256   7316936
256   7404952
256   5767908
256   6301208
256   7113428
256   7037060
256   6039280
256   6677704
256   5885844
256   7055012
256   6606052
256   6210192
256   6227080
256   6779184
256   6962932
256   6706704
256   6291764
256   5783596
256   6910164
256   6747336
256   5944640
256   6712080
256   5691516
256   7120684
256   6498912
256   6450912
256   7003780
256   6554156
256   6906532
256   6268392
256   6352056
256   5666580
256   6687908
256   6444580
256   5745816
256   6081572
256   5407940
256   7056156
256   6330088
256   6779488
256   6733784
256   7119276
256   7267832
256   6041648
256   5563500
256   6114504
256   6671280
256   7168312
256   5867740
256   6250080
256   6969008
256   7106488
256   7131444
256   6681052
256   6052708
256   7115148
256   6968412
256   6723552
256   6248660
256   5827668
256   7274084
256   6521328
256   6939036
256   6284864
256   6766404
256   6824116
256   6671468
256   5687648
256   6196204
256   6571136
256   7186356
256   6885544
256   6048880
256   6675732
256   7436984
256   6759596
256   6565272
256   7075116
256   5736892
256   6765316
256   6700988
256   6815812
256   5553180
256   6838020
256   7253056
256   7006548
256   6299568
256   6677448
256   7347452
256   6661332
256   6705360
256   6687196
256   5867004
256   6893492
256   6748764
256   5469324
256   5655360
256   6656240
256   7232208
256   6820880
256   5848440
256   5612936
256   7205320
256   6640584
256   6083636
256   6029816
256   5900316
256   7087220
256   6905968
256   6109332
256   5756276
256   6604444
256   6794364
256   6531912
256   6273556
256   5655836
256   6973300
256   6690316
256   6840428
256   6644268
256   6925964
256   7104316
256   6982540
256   7092184
256   5719696
256   7067572
256   6937632
256   6597340
256   6228164
256   5532412
256   6796912
256   6999980
256   6429936
256   6671648
256   6000048
256   7119836
256   6724180
256   6914296
256   6505388
256   6879620
256   6835996
256   6441180
256   5803292
256   6129264
256   7133552
256   6688172
256   6927856
256   6463392
256   5776088
256   7117516
256   6799052
256   6962076
256   5753932
256   7125100
256   7414860
256   6829184
256   6534476
256   6200616
256   6805992
256   7692520
256   6738756
256   6336972
256   7614976
256   6531660
256   6953524
256   10199996
256   10207324

