8   352916
55   1040360
189   3734796
256   5606672
256   4828156
256   5257116
4   81472
256   5217040
256   4889560
256   5210912
256   4939888
256   5617452
256   5033068
256   5003288
256   5359504
256   4911388
256   5225644
256   4886132
256   5543880
256   5107580
256   4889616
256   5320716
256   5118472
256   5112988
256   5037608
256   5298348
256   5334864
256   4822428
256   5253968
256   5260992
256   5421300
256   5315004
256   5590252
256   5393892
256   5079296
256   5298956
256   5241732
256   5257924
256   5231308
256   4934816
256   5325568
256   6528792
256   6559888
256   6064860
256   5865400
256   5126880
256   6108532
256   6393164
256   6863184
256   6130232
256   6057740
256   5194752
256   6039560
256   5670284
256   6245248
256   6164116
256   5371248
256   5378540
256   5937100
256   5803864
256   6537904
256   6307004
256   5848896
256   5119276
256   5981352
256   5642168
256   6352776
256   6349900
256   5416412
256   5505228
256   5403908
256   6577864
256   5760320
256   5837152
256   5973304
256   5661032
256   6441860
256   6607672
256   5757972
256   5584236
256   5970172
256   5726516
256   6720844
256   6203888
256   6158308
256   5718300
256   6393772
256   6470288
256   6371904
256   6340592
256   6137240
256   5585640
256   6237600
256   5713548
256   6054808
256   5410600
256   5739864
256   5118204
256   6677684
256   5877728
256   5882828
256   5341172
256   5870588
256   6686588
256   6658392
256   5928872
256   6626928
256   5265864
256   6325104
256   6436228
256   6070184
256   5982716
256   6036216
256   6128732
256   6360056
256   6485712
256   6223508
256   5301952
256   5322356
256   6817540
256   6590280
256   6114688
256   5727732
256   5492372
256   4929796
256   6351980
256   6349932
256   5996508
256   6621984
256   5552152
256   6711512
256   5853304
256   5442468
256   5511612
256   5775156
256   6526724
256   6267104
256   5559132
256   6361436
256   5442596
256   6132148
256   5568560
256   6368768
256   5659776
256   5915976
256   5725288
256   6687408
256   6277176
256   6585252
256   5540288
256   6331044
256   6332952
256   5565372
256   6106644
256   5456368
256   5511692
256   6124468
256   5506952
256   5485888
256   5293836
256   5383076
256   6513664
256   6214120
256   5808068
256   6652192
256   6142016
256   6165172
256   6318032
256   6311288
256   6268476
256   6158196
256   5640764
256   6404148
256   6367964
256   5840892
256   5690500
256   6238276
256   6355372
256   5815488
256   6085296
256   6209896
256   5193100
256   6014772
256   6622580
256   6414140
256   5866528
256   5939104
256   6490716
256   6502004
256   6366696
256   6265280
256   6267560
256   5646900
256   6328372
256   6429468
256   6050288
256   5628356
256   5601260
256   6451632
256   5912084
256   6332968
256   5493760
256   5351500
256   6832760
256   6567808
256   6282564
256   6179456
256   5975668
256   5651228
256   6627160
256   6002772
256   5853560
256   6059564
256   5450756
256   6608012
256   6058284
256   6352980
256   5358016
256   5784244
256   6596020
256   6602220
256   5757360
256   6202996
256   6044940
256   6589248
256   6643968
256   6259428
256   5807632
256   5212392
256   6523284
256   6290704
256   5615232
256   6312500
256   5676076
256   6455868
256   5828180
256   6464888
256   5757644
256   5194744
256   5626496
256   6434548
256   5774460
256   5348512
256   6063812
256   5832264
256   6166752
256   6262156
256   5300180
256   6373360
256   5460796
256   6280768
256   5912616
256   5331344
256   6099152
256   5606352
256   6164304
256   5921448
256   5575952
256   5083772
256   5193020
256   6576052
256   5965004
256   6616808
256   5586976
256   5866500
256   5664912
256   6793936
256   5680408
256   5656672
256   5602392
256   6109856
256   6414664
256   6174572
256   6441204
256   5803940
256   5827108
256   6536876
256   6172920
256   6194064
256   5354512
256   5364404
256   5081800
256   6588060
256   6594952
256   6041800
256   6229008
256   5159432
256   6581124
256   6435860
256   6223020
256   6304084
256   6028932
256   6337416
256   6431576
256   6168640
256   5583912
256   6098284
256   5774376
256   6732708
256   5704072
256   6108640
256   5772416
256   5330016
256   6146928
256   6461872
256   5377760
256   5521860
256   6386916
256   6171824
256   6085904
256   5905208
256   5361728
256   5629328
256   6177108
256   6183864
256   5721052
256   5581684
256   5870944
256   6278420
256   6391000
256   6314156
256   5642700
256   5911836
256   6136152
256   6634084
256   5881660
256   6346840
256   5402264
256   5982416
256   6309332
256   6554188
256   5898632
256   5675956
256   4982268
256   6169752
256   6325992
256   6044912
256   5180444
256   5111348
256   5449916
256   6410816
256   5867740
256   6575876
256   6202392
256   5455892
256   6304500
256   6574612
256   5440148
256   5176936
256   5497376
256   6604004
256   6158612
256   5270168
256   6306560
256   6310032
256   6400732
256   6839296
256   6195200
256   5782844
256   6171060
256   5568168
256   6137548
256   6337640
256   6177884
256   6495380
256   6275576
256   6165180
256   5485296
256   5163500
256   5393232
256   5207112
256   6256512
256   6534532
256   6109000
256   5457768
256   6129604
256   6373364
256   6767336
256   6506292
256   6530692
256   5468784
256   5970416
256   6689472
256   6409940
256   5941820
256   6800484
256   6595968
256   6670992
256   6076224
256   6154620
256   5004740
256   6208316
256   6507988
256   5783020
256   5306328
256   6271440
256   5357112
256   5245140
256   6698736
256   5813804
256   5614316
256   5760144
256   5781960
256   6591184
256   6203544
256   5466760
256   5211976
256   5450072
256   6599928
256   6034524
256   5868472
256   6527396
256   5732124
256   6176716
256   5837228
256   5777436
256   5645864
256   5248556
256   6221040
256   6399940
256   5853492
256   5496816
256   6652008
256   5377528
256   6370968
256   6153912
256   6538180
256   5363732
256   5578212
256   6425264
256   6277744
256   6018396
256   5684968
256   6161092
256   6000924
256   5149148
256   5451412
256   6592524
256   5906660
256   6064864
256   5264908
256   5690792
256   6290964
256   6561200
256   6310684
256   6010352
256   6284636
256   6203068
256   6633120
256   5897276
256   6483404
256   5797248
256   6354656
256   6066248
256   6462916
256   6045028
256   5815604
256   6350848
256   6156996
256   6642388
256   6286912
256   5835916
256   5384052
256   5634232
256   6310148
256   6526468
256   5858756
256   5543080
256   6291256
256   6514940
256   6220504
256   5826676
256   5769036
256   6422136
256   6367956
256   6058192
256   5717984
256   5724996
256   5021408
256   6438788
256   6343984
256   5948236
256   5327444
256   5281024
256   6388456
256   6577272
256   5513544
256   5536284
256   6209624
256   6470724
256   6319416
256   5951000
256   5952012
256   5363888
256   6130888
256   6578316
256   5574336
256   5642784
256   5442540
256   5123572
256   6674804
256   6551624
256   6237116
256   6153520
256   5464016
256   6441836
256   6183660
256   6496952
256   6097952
256   5199728
256   6268040
256   6467824
256   6366764
256   5736132
256   6277484
256   5688612
256   6518276
256   6247948
256   6017140
256   5583248
256   5511496
256   6124200
256   6279144
256   6240984
256   6349808
256   6259576
256   6673360
256   6445892
256   5832632
256   6495196
256   6141948
256   5612876
256   6348116
256   5923180
256   5526780
256   5166096
256   5309856
256   6319052
256   6378452
256   5641752
256   6188392
256   5716956
256   6164768
256   5793372
256   6382476
256   5955284
256   6618904
256   6335908
256   6255564
256   5387080
256   6135088
256   5512620
256   6432168
256   6282512
256   5915816
256   6083384
256   6087324
256   6668156
256   5710736
256   6289412
256   5438208
256   5477632
256   6505312
256   6544384
256   6222972
256   5613796
256   6107916
256   5926972
256   6260552
256   5999388
256   5692468
256   5331304
256   5372212
256   6807632
256   6299044
256   5232452
256   6037852
256   6158520
256   6609664
256   6396000
256   5395924
256   5972784
256   5643276
256   6472444
256   6280372
256   5636144
256   6492628
256   5719808
256   6464312
256   6041112
256   5898280
256   5410044
256   6227000
256   6825164
256   6348624
256   5807940
256   5557040
256   6195976
256   6141352
256   6342440
256   6655856
256   4851384
256   5901420
256   5658932
256   6215136
256   6475528
256   5638568
256   6003272
256   5479180
256   6188976
256   6164044
256   6455160
256   5395668
256   5410488
256   6382956
256   6207612
256   6204228
256   5319552
256   5659952
256   6221664
256   6082756
256   6056396
256   5708524
256   6407012
256   6388928
256   5876316
256   5441964
256   5585332
256   5202196
256   6506856
256   6020512
256   5499916
256   5677808
256   6332772
256   6731648
256   6401856
256   5229636
256   6034720
256   6668248
256   6301292
256   6482328
256   6306460
256   5443820
256   5284052
256   6399360
256   6174024
256   6001332
256   5425780
256   5631960
256   6390756
256   6158420
256   6424536
256   5931712
256   6515552
256   6277384
256   6379156
256   5677180
256   5172848
256   5660820
256   6768732
256   5766548
256   5852416
256   5477256
256   6641092
256   6551444
256   6152476
256   5754560
256   5676020
256   6394804
256   6636100
256   6112224
256   5946512
256   5847140
256   5285804
256   6385684
256   6229412
256   6080896
256   6329804
256   5533376
256   6383132
256   6095340
256   6129072
256   5898712
256   5668180
256   6478876
256   6161424
256   5584956
256   6186684
256   5502216
256   6741796
256   6650892
256   5818424
256   5929312
256   5375268
256   6708184
256   6451344
256   5482448
256   5252792
256   5705016
256   6369104
256   6252804
256   5540640
256   4949064
256   5945324
256   6733936
256   6421240
256   5736476
256   5800376
256   6266204
256   6539764
256   6529248
256   5347220
256   5290508
256   5374108
256   6202416
256   6733252
256   5934028
256   5134864
256   6501884
256   6347016
256   6440132
256   5647024
256   5100256
256   6002044
256   6615528
256   6359224
256   6547596
256   6510212
256   5464616
256   6188768
256   6388552
256   6247188
256   5597000
256   6269744
256   6485604
256   6021276
256   5043388
256   5705800
256   5634972
256   6628744
256   6296592
256   6344388
256   5321340
256   6329496
256   6342360
256   6212336
256   5592868
256   5553724
256   5351756
256   6706864
256   6512948
256   5376784
256   5510088
256   6659096
256   6788468
256   6175104
256   5744808
256   6133460
256   6255068
256   6288068
256   5773508
256   6245140
256   5413668
256   6378284
256   6566936
256   5451508
256   6183484
256   5567372
256   6387044
256   6153292
256   5951800
256   5855468
256   6092976
256   6724404
256   5690916
256   6122148
256   6451180
256   6581740
256   6649588
256   5884952
256   5681948
256   5376616
256   5645312
256   6500296
256   6504968
256   6504560
256   5642060
256   5741852
256   6096844
256   6315896
256   5391904
256   5572396
256   5620200
256   6362348
256   6267664
256   5809988
256   5585096
256   5423088
256   6484192
256   5592332
256   5784280
256   6580816
256   5678860
256   6765712
256   6570096
256   6599728
256   5369384
256   6373216
256   6317096
256   6272144
256   5332576
256   5448584
256   6326940
256   6260184
256   5551236
256   6249964
256   5376260
256   6817440
256   6610244
256   5461296
256   5843112
256   4983844
256   6817388
256   6397108
256   6236012
256   6089064
256   5508396
256   6353060
256   6708220
256   5893824
256   6706592
256   6163396
256   6389728
256   6154232
256   5742888
256   5331744
256   5993216
256   6315168
256   6145020
256   5984944
256   6106572
256   5362172
256   6225716
256   6125588
256   6593696
256   5645708
256   5593692
256   6362212
256   6206620
256   6345656
256   6234472
256   6431432
256   6590144
256   6359992
256   5999852
256   6069916
256   6220192
256   6112376
256   5232972
256   6204396
256   6036828
256   6706864
256   6036252
256   6088988
256   6283560
256   6404304
256   6020948
256   6030060
256   6428088
256   6114516
256   6156016
256   6601124
256   6267620
256   5666548
256   5647604
256   6617956
256   6759908
256   6202548
256   5283380
256   5337312
256   5632684
256   6726924
256   6243060
256   6038452
256   5310656
256   6010236
256   6230688
256   6041928
256   5570408
256   6355544
256   5947612
256   6717316
256   6561408
256   5905444
256   5761588
256   6590204
256   5652836
256   5585372
256   5313100
256   5352936
256   6410700
256   6578156
256   6377592
256   5272416
256   5957592
256   6311380
256   6054208
256   6152752
256   5880524
256   5658464
256   6512100
256   6571740
256   5640432
256   5543220
256   6366456
256   6853664
256   5575212
256   5425260
256   5556972
256   6147836
256   6806844
256   6656220
256   5604524
256   5230880
256   6119144
256   6097492
256   5569252
256   5382840
256   6258132
256   5282328
256   6379644
256   6666064
256   5242032
256   5779788
256   5306760
256   6540056
256   5921748
256   5646632
256   5787324
256   5445896
256   6510772
256   5763056
256   5754872
256   6434660
256   5260052
256   6214660
256   6069988
256   6740932
256   6744904
256   6572764
256   6502232
256   6249000
256   6130652
256   5059884
256   6211452
256   6555812
256   6153496
256   5065000
256   6253084
256   6120712
256   6666648
256   6432364
256   6541964
256   6125188
256   6559304
256   6614396
256   5869816
256   6364636
256   6171760
256   5198788
256   6747128
256   5807876
256   6489736
256   5458368
256   5837476
256   6392284
256   6321092
256   5823636
256   5251540
256   5195900
256   6322068
256   5955576
256   6152920
256   5213384
256   5929732
256   6540624
256   6115460
256   5171156
256   5365984
256   6426912
256   6354552
256   5647740
256   6118840
256   5216976
256   6028312
256   6057504
256   5398492
256   6299144
256   6427276
256   6345964
256   5885120
256   6029292
256   5405836
256   5609252
256   6656664
256   5904612
256   6312352
256   6418712
256   5616844
256   6621672
256   5986908
256   6200992
256   5523532
256   6011084
256   6385960
256   6512972
256   5356508
256   5387972
256   6463136
256   6488744
256   6450336
256   5708468
256   5740528
256   5588644
256   6421680
256   6296156
256   6001996
256   6166856
256   6576440
256   6642680
256   6365384
256   4975840
256   6469828
256   5076276
256   6335180
256   5955696
256   5395124
256   6216328
256   6075240
256   6825052
256   6248732
256   5807796
256   5479744
256   5825044
256   6420756
256   6151140
256   5479252
256   5966804
256   6054328
256   6832248
256   6399544
256   5585960
256   5503956
256   6425260
256   6475252
256   6250508
256   5247400
256   5608324
256   6224476
256   6629000
256   6312548
256   6160280
256   5480964
256   5158720
256   6607540
256   5746484
256   5602748
256   6193576
256   5745408
256   6241456
256   6249632
256   5669432
256   6530616
256   5556824
256   6253224
256   6226084
256   6545584
256   6342732
256   5873108
256   6541688
256   5997112
256   6430364
256   5963908
256   5775768
256   5924040
256   5928732
256   5993820
256   5888976
256   6520932
256   6218420
256   6463352
256   6141376
256   6036688
256   6715452
256   6721880
256   5949380
256   6236384
256   5967132
256   6544684
256   6787180
256   5231300
256   6045252
256   5472656
256   6343008
256   6557752
256   6572480
256   6076896
256   5475016
256   6212956
256   6049840
256   5864804
256   5981168
256   6601724
256   6168708
256   6079448
256   6345768
256   5257516
256   5480916
256   6468012
256   6654816
256   5561924
256   5716924
256   6561404
256   6113504
256   6201780
256   5378404
256   5452120
256   6377220
256   6095180
256   5905200
256   5598872
256   5686224
256   6423140
256   6779496
256   6416792
256   5495508
256   6468648
256   6385360
256   6451548
256   6337404
256   6212048
256   5783944
256   6456588
256   5941268
256   6467012
256   6166076
256   6616424
256   6478200
256   5940688
256   6056300
256   5210524
256   5558976
256   6682420
256   6201136
256   5362148
256   6245892
256   5593380
256   6547080
256   6258808
256   6441532
256   5272104
256   5637056
256   6317612
256   6163920
256   5933520
256   5676784
256   6636216
256   6795216
256   5508672
256   5556540
256   5396680
256   6528428
256   5801236
256   6128600
256   5665092
256   5837228
256   6665584
256   6002396
256   5610300
256   6251788
256   6489356
256   6391560
256   5596680
256   5786164
256   6063820
256   5285420
256   6416760
256   6142976
256   5687272
256   6064448
256   6483432
256   6614436
256   6416204
256   5999308
256   5641436
256   6075672
256   6186332
256   6295396
256   5694904
256   6466300
256   5323564
256   6726940
256   6336440
256   6223896
256   5688512
256   6225788
256   6777576
256   6122772
256   6281164
256   5343200
256   5437532
256   6335564
256   6215472
256   5603984
256   5499892
256   5409384
256   6666220
256   6271040
256   5951920
256   5341428
256   6573680
256   6359780
256   6240936
256   5355472
256   5459176
256   6331168
256   6758772
256   6126360
256   6206844
256   5618476
256   6584816
256   6259216
256   5795036
256   5485388
256   5240624
256   6620344
256   5636704
256   6295236
256   6256784
256   5805244
256   6466960
256   6011624
256   5955808
256   6449904
256   5410616
256   6585208
256   6115924
256   5657092
256   4970592
256   5544016
256   6421628
256   6039848
256   6084768
256   6602992
256   6283640
256   6481712
256   6072896
256   6486348
256   6196224
256   5438492
256   6643152
256   6399312
256   5610140
256   5277548
256   5224876
256   6675768
256   5950352
256   5805944
256   5608572
256   6532264
256   6505232
256   6180816
256   6380344
256   5865772
256   5449844
256   6151172
256   6259644
256   5557616
256   5709524
256   6212152
256   6414608
256   6125476
256   6762700
256   5453956
256   6637028
256   6614484
256   5723268
256   5429956
256   5857440
256   5174420
256   5548204
256   6386420
256   5934560
256   5782872
256   5733052
256   6358204
256   6345844
256   5072280
256   6080008
256   6177584
256   6339804
256   6306100
256   5990460
256   5923360
256   5713664
256   6461864
256   6509952
256   6076844
256   5998488
256   4853772
256   6603012
256   5912508
256   5765192
256   5876728
256   5623276
256   6641900
256   6372760
256   6295372
256   5740952
256   6369260
256   6561800
256   5861320
256   5515320
256   5227900
256   5589244
256   6527368
256   6603508
256   6099572
256   5829964
256   6012100
256   6230928
256   6310848
256   6580572
256   5486148
256   6207940
256   6334908
256   6104656
256   5710660
256   5241684
256   5699132
256   6661448
256   5971932
256   5570940
256   6184000
256   5894124
256   6450368
256   6289084
256   5538824
256   5383788
256   5365836
256   6640964
256   6290452
256   5895188
256   6380652
256   6098212
256   6211824
256   6558292
256   4882952
256   6027364
256   6046484
256   6772076
256   6560184
256   6390552
256   5807908
256   5038572
256   6607124
256   6450988
256   5544520
256   5801720
256   5397820
256   6707464
256   5943784
256   5420936
256   6117532
256   6170184
256   6406116
256   6282692
256   5615724
256   6244508
256   5746548
256   6483176
256   6274676
256   6362120
256   6113032
256   5846152
256   6675448
256   6553072
256   6286336
256   6369712
256   6218664
256   6412212
256   6609536
256   5239516
256   5828832
256   6041228
256   6448140
256   5891284
256   5785444
256   6322880
256   5669612
256   6525320
256   6487792
256   5590592
256   6261368
256   6258412
256   6579780
256   5636944
256   6320820
256   5448780
256   6557864
256   6517164
256   5546280
256   5598924
256   5484956
256   6405316
256   6228212
256   6206200
256   6585028
256   6326608
256   6492436
256   6138700
256   5319208
256   5269408
256   5685200
256   6370828
256   5907928
256   6265104
256   5425828
256   6344032
256   6491796
256   6210188
256   6235984
256   5345740
256   6447520
256   6215260
256   5986036
256   5108736
256   6005568
256   6320808
256   6631464
256   6225436
256   6421276
256   5773212
256   6397616
256   6714072
256   6264844
256   5649664
256   5534708
256   6198092
256   6010352
256   5328284
256   5353608
256   5408040
256   6501176
256   6201664
256   5751224
256   6411404
256   5321240
256   6395564
256   6312328
256   6058116
256   6374056
256   6485404
256   6386020
256   5820640
256   5887704
256   5367996
256   6207820
256   6378456
256   6560112
256   5462484
256   6488032
256   6496568
256   6709500
256   6343456
256   5970492
256   5687488
256   6179332
256   6516152
256   5853052
256   5740324
256   5686192
256   6125236
256   6255608
256   6462924
256   5589748
256   5478752
256   6854696
256   6182716
256   6047444
256   6010132
256   5403776
256   6553564
256   6019800
256   5811212
256   6332372
256   5134796
256   6552972
256   6588996
256   6108140
256   6108588
256   5584792
256   6696080
256   6296356
256   6111752
256   5388308
256   5787708
256   6220456
256   6296440
256   5540084
256   5614028
256   5609620
256   5814672
256   5551716
256   5796704
256   5438392
256   6236700
256   6503040
256   6184336
256   6236512
256   5946516
256   6048780
256   6481956
256   5920796
256   6045248
256   6643000
256   6408052
256   6407504
256   6420792
256   5010760
256   5937604
256   6623724
256   5729096
256   6171728
256   6312668
256   5050160
256   6479052
256   6596528
256   6753068
256   5980832
256   5522948
256   5989576
256   6786476
256   5727452
256   5549504
256   5225100
256   6538832
256   6239188
256   5885672
256   6197808
256   6461768
256   6361536
256   5694272
256   5397812
256   5828836
256   5144204
256   6150160
256   6396664
256   5822064
256   5979128
256   5393052
256   6463096
256   6309700
256   5787968
256   6070900
256   5381052
256   6580364
256   5950796
256   5646600
256   5617064
256   6259208
256   6539648
256   6221976
256   5898644
256   5703340
256   5372556
256   6232960
256   6012056
256   5575632
256   5963488
256   6032072
256   6260928
256   6055744
256   5855024
256   5588988
256   5530660
256   6381316
256   5881888
256   5833216
256   5468488
256   5009788
256   6508432
256   6425740
256   5515372
256   6374948
256   5863744
256   6162704
256   6252312
256   5558424
256   6473480
256   5542768
256   6361608
256   6108320
256   5831876
256   6258312
256   5406472
256   6593508
256   5736520
256   5404828
256   6004348
256   5531520
256   6489536
256   6505672
256   6332396
256   6172740
256   5889784
256   6232456
256   6278668
256   6253428
256   6230824
256   6268752
256   6526424
256   6462248
256   5983644
256   5767636
256   6240068
256   6253988
256   6451468
256   5287424
256   5802600
256   6491724
256   6345744
256   6244908
256   6281048
256   6111264
256   5898744
256   6495692
256   6387068
256   6490216
256   5436276
256   6643584
256   6061380
256   5732508
256   5926848
256   6325888
256   6632184
256   5797048
256   5446024
256   6249764
256   5514256
256   6306824
256   5904400
256   6561728
256   5576056
256   6494620
256   6615196
256   6560148
256   5572768
256   6188276
256   6546596
256   6469252
256   6545840
256   6087016
256   5451304
256   6776432
256   6290488
256   6498832
256   5231272
256   5144728
256   6373444
256   6107216
256   6716088
256   6335152
256   5822800
256   6764776
256   6025364
256   5865576
256   5805672
256   5285104
256   6479860
256   5708568
256   5519856
256   5420808
256   5578148
256   6334828
256   6362216
256   5467464
256   6356608
256   6608880
256   6646452
256   5845684
256   5768352
256   5759064
256   6581080
256   6637732
256   5817996
256   5767864
256   5124332
256   6442572
256   6243604
256   5729140
256   5830624
256   5706904
256   6510468
256   6194480
256   6585536
256   5411160
256   6120772
256   6222476
256   6335104
256   5610424
256   5964964
256   5883996
256   5916624
256   6691420
256   5688808
256   5744524
256   5892836
256   6369444
256   6029668
256   5349248
256   5937048
256   5092196
256   6204904
256   5827140
256   5851976
256   6245672
256   4976100
256   6369260
256   6393896
256   6159244
256   5642572
256   6336032
256   6733964
256   5922308
256   6222692
256   6159676
256   5644756
256   6621568
256   6711184
256   6355636
256   5075208
256   6440496
256   6418280
256   6177976
256   5669452
256   6418972
256   5894360
256   6315720
256   6508548
256   6064388
256   6466520
256   6286380
256   6757312
256   6364332
256   6513984
256   6023052
256   5889656
256   6599820
256   5929592
256   5413608
256   5993468
256   5856088
256   6341324
256   6638736
256   6373288
256   5793580
256   5465620
256   6884940
256   6546416
256   5421840
256   5521472
256   6419740
256   6369204
256   6301500
256   5921584
256   5815880
256   6446436
256   5937180
256   6070188
256   6234508
256   6209648
256   6630640
256   5364664
256   5021488
256   5415728
256   5667128
256   6639032
256   5755020
256   5753812
256   6032624
256   6434232
256   6597816
256   6139112
256   5371760
256   5332848
256   5047356
256   6446260
256   6229904
256   6585828
256   5107532
256   5369320
256   6529968
256   6485404
256   5782788
256   5228884
256   5513808
256   6082024
256   6261804
256   5236252
256   5689540
256   5765844
256   6518792
256   5906588
256   5719296
256   5515224
256   6167440
256   6482256
256   6150616
256   5828908
256   6314480
256   5504764
256   6577988
256   6638800
256   5480640
256   5805640
256   5372812
256   5424864
256   6725352
256   5400992
256   5326952
256   6030456
256   5807548
256   6670156
256   6114980
256   5379060
256   5921364
256   5213260
256   6387644
256   5611852
256   6323768
256   5925640
256   5827692
256   6436380
256   6153616
256   5616228
256   5774620
256   6191760
256   6549912
256   6046696
256   4987984
256   5684064
256   6739480
256   6620460
256   6204972
256   5513968
256   4979340
256   5331220
256   6514252
256   6210464
256   5529752
256   6112808
256   5675848
256   6406176
256   5634228
256   6001688
256   6295688
256   5365316
256   6430832
256   6554468
256   6126016
256   5616088
256   6359616
256   6588004
256   5931164
256   5848920
256   6085000
256   5765164
256   6679828
256   6410984
256   5351948
256   5676480
256   5675844
256   6431456
256   6082660
256   6675268
256   5762864
256   5733000
256   6762920
256   6183920
256   5627104
256   5631872
256   5147640
256   6755972
256   5954652
256   5763712
256   6282216
256   6112252
256   6436132
256   5455700
256   4988160
256   6037684
256   6390500
256   6129064
256   6333388
256   5308928
256   5765764
256   6483924
256   6691044
256   6402756
256   6250528
256   6108780
256   6671420
256   6203236
256   6439516
256   5302168
256   5801132
256   6432560
256   5762324
256   6205140
256   5996912
256   5548216
256   5977480
256   5842460
256   5974216
256   6174396
256   5622148
256   6273308
256   6128072
256   5939404
256   5766140
256   5358172
256   6508384
256   6123868
256   6535516
256   6417328
256   6698728
256   6431152
256   6133188
256   6097708
256   5797208
256   5139728
256   6441768
256   6077500
256   6366304
256   6249552
256   6434424
256   6481688
256   5796068
256   5093316
256   5493204
256   6553124
256   6683416
256   6194660
256   6544280
256   5988188
256   6235628
256   6538084
256   5559788
256   6000856
256   6721996
256   6421628
256   6122664
256   6339724
256   5642864
256   5282412
256   6219704
256   6216644
256   5426596
256   5721520
256   6520928
256   6393920
256   5954616
256   5783188
256   5368436
256   6242176
256   6371856
256   6613580
256   6137988
256   5587512
256   5992156
256   6636172
256   5818052
256   5558656
256   5553356
256   5784124
256   6503416
256   5362896
256   5523432
256   5179444
256   6045364
256   6419372
256   5593180
256   5542032
256   6451028
256   6665828
256   6566948
256   6147744
256   5068244
256   6254260
256   6614216
256   6023468
256   6307156
256   5850044
256   5657696
256   6356780
256   6207724
256   5330096
256   5535196
256   5693836
256   6923676
256   6195008
256   6436096
256   5059316
256   5906368
256   6756348
256   6193996
256   6529900
256   5690112
256   6602216
256   6508380
256   5914272
256   5586536
256   5987868
256   5511284
256   6573860
256   6375116
256   5951236
256   5704128
256   5466568
256   6536056
256   6497732
256   5669020
256   4922576
256   5681788
256   6387032
256   6573444
256   5558732
256   5903692
256   6576816
256   6289084
256   6476804
256   5122756
256   5253076
256   5451476
256   6452048
256   5466268
256   5785288
256   5425024
256   5640672
256   6678940
256   6166424
256   5791876
256   6027568
256   5174608
256   6239760
256   5761748
256   5911916
256   5797032
256   6773828
256   6554876
256   5916964
256   5736468
256   5219832
256   5333036
256   6529036
256   5754512
256   6110072
256   6394224
256   6119988
256   6702864
256   6227144
256   6375552
256   5494740
256   6104564
256   6384632
256   5919196
256   6677376
256   6346076
256   5632948
256   6637500
256   6626680
256   5169132
256   5995760
256   5195132
256   6569020
256   6458492
256   5911732
256   5519744
256   6188792
256   6606476
256   5983772
256   5463432
256   5879404
256   6450560
256   6561552
256   6615572
256   5828768
256   5881076
256   6569824
256   6768656
256   5611776
256   4918608
256   5479632
256   6672980
256   6150692
256   6012532
256   6078892
256   6054260
256   6504584
256   6535584
256   5586776
256   6407904
256   5298124
256   6722788
256   6222624
256   5669972
256   5514508
256   5837072
256   6852204
256   6414424
256   6100212
256   5885632
256   5603616
256   6475260
256   6277712
256   5645716
256   5936948
256   5729096
256   6693784
256   6244592
256   5083868
256   5730152
256   6505132
256   6350568
256   5880992
256   5561040
256   6046012
256   6110628
256   6613788
256   6611524
256   5805296
256   5709228
256   6450456
256   6085508
256   6267284
256   5705492
256   5881920
256   6570336
256   6579968
256   6074912
256   6058728
256   5869272
256   6574760
256   6319164
256   6062932
256   5478872
256   5525788
256   6085488
256   6511160
256   5817340
256   6592812
256   5919916
256   6754728
256   6465228
256   6201372
256   5511164
256   5764888
256   6626316
256   6437592
256   6099952
256   6599208
256   6432672
256   6279736
256   6211992
256   5407184
256   5793972
256   5631268
256   6807940
256   6609480
256   5811196
256   5890360
256   5467460
256   6337436
256   6085208
256   6267356
256   6156100
256   5734300
256   6311872
256   6303456
256   5467108
256   5620288
256   6285852
256   6535964
256   5568416
256   6258528
256   5937380
256   6383544
256   6335320
256   5472952
256   6528868
256   6319308
256   6126992
256   6179804
256   5512812
256   4569152
256   5494996
256   6548704
256   6159812
256   5266948
256   5798908
256   6286952
256   6719568
256   6214516
256   6371288
256   5598780
256   5302156
256   6674112
256   6476920
256   5810736
256   6458964
256   6445972
256   6478888
256   6314460
256   5472092
256   5664924
256   6382860
256   6157964
256   6074124
256   5592304
256   6110172
256   5350056
256   6248604
256   5814204
256   5642372
256   6329056
256   5483100
256   6491548
256   6215640
256   5475904
256   5446048
256   5311244
256   6714924
256   6583120
256   5684116
256   6097124
256   6542492
256   6259244
256   6402360
256   6494844
256   5364048
256   6692980
256   6575132
256   6460844
256   5805792
256   6338012
256   6202672
256   6393020
256   6145592
256   6588500
256   5488248
256   6355992
256   6539752
256   5277964
256   5259660
256   5429344
256   6637444
256   6376084
256   5773740
256   5408176
256   6426220
256   6305452
256   5951816
256   5927048
256   5740876
256   5692992
256   6344828
256   6149672
256   5785720
256   5240008
256   5863508
256   6561064
256   6426144
256   5538036
256   5513480
256   6585384
256   6608180
256   5332196
256   5433316
256   6020680
256   6290544
256   6714296
256   5598364
256   6525500
256   5996564
256   6278004
256   6333236
256   6244680
256   6380584
256   5938784
256   6181816
256   6624956
256   6252880
256   5730280
256   6592280
256   6172644
256   6452212
256   6210916
256   5294920
256   5398568
256   5733664
256   6609704
256   5420264
256   5910916
256   6002376
256   6263724
256   6606988
256   5619204
256   6129872
256   5136468
256   6614216
256   6062812
256   6080648
256   5706796
256   6320088
256   6440104
256   6472464
256   6580996
256   6414116
256   6258068
256   6439380
256   6260408
256   5172268
256   6668956
256   6359856
256   6504968
256   6475080
256   6637096
256   5624340
256   5498844
256   6615060
256   5942508
256   6473640
256   6664528
256   5307076
256   6468456
256   5640668
256   6596540
256   5738360
256   6103092
256   6283944
256   6312972
256   6309168
256   5578768
256   5957712
256   6204064
256   5224276
256   5659380
256   5763480
256   6776028
256   6555168
256   5648832
256   5518228
256   5605996
256   6541760
256   6117440
256   5679084
256   5598268
256   6026200
256   6707244
256   6145884
256   5584164
256   6213028
256   6529328
256   6781552
256   5797884
256   6364896
256   6381848
256   6684320
256   5931384
256   6109296
256   6279572
256   5330236
256   5309828
256   6450564
256   6437036
256   5597420
256   6511596
256   6390836
256   6526932
256   6259404
256   5825996
256   5685772
256   5024380
256   6473980
256   6259692
256   5958092
256   6158376
256   5427192
256   6454444
256   6894852
256   6203360
256   6083216
256   5642860
256   6047876
256   6426908
256   6116108
256   6509056
256   5591948
256   6813884
256   5612268
256   5574052
256   6213276
256   6580832
256   6263776
256   6202400
256   5933476
256   5379880
256   6196980
256   6472228
256   5976988
256   5777948
256   6133376
256   5360416
256   6522220
256   5670256
256   5908728
256   5241052
256   6416276
256   5977804
256   5857788
256   5784996
256   5122920
256   6876492
256   6322628
256   6331328
256   6163492
256   6033600
256   6587136
256   6563416
256   5692924
256   5865724
256   6065828
256   6846800
256   6392020
256   6243976
256   6048560
256   6224032
256   6725324
256   6459968
256   5510308
256   6444652
256   5173960
256   6351540
256   6663348
256   5437120
256   5422532
256   5413508
256   6506156
256   5973896
256   5469324
256   6481392
256   6312648
256   6498188
256   5885696
256   5897288
256   6491268
256   6617716
256   6773056
256   5547832
256   6049888
256   6433784
256   6096060
256   6309036
256   5723044
256   5497140
256   5548660
256   6272112
256   6373140
256   6233612
256   5375944
256   5399736
256   6620076
256   6504948
256   5504992
256   5112264
256   5529832
256   6735000
256   6465280
256   6555548
256   5236280
256   5629652
256   6757356
256   5532872
256   5252280
256   5444432
256   6296724
256   6668808
256   6542464
256   5785556
256   6187436
256   5810692
256   6797596
256   5911340
256   5587000
256   6445024
256   6025448
256   6479192
256   6177600
256   6063372
256   6068776
256   6395620
256   6397856
256   6083860
256   6401476
256   6357612
256   6196872
256   6754048
256   6065536
256   5829044
256   6428832
256   5718684
256   6634684
256   5954960
256   5845920
256   6199496
256   6459668
256   6575312
256   6282748
256   5442132
256   5795036
256   6764808
256   6278048
256   5344164
256   5187460
256   5606992
256   6783972
256   6074844
256   6043056
256   6503048
256   5911740
256   6096252
256   6207888
256   5258804
256   6382628
256   6029792
256   6507116
256   6184060
256   6065488
256   5378560
256   6937280
256   6554304
256   5933340
256   5262996
256   5622272
256   6641908
256   6231204
256   6183104
256   5491252
256   5448244
256   6546348
256   6026632
256   5436204
256   5369164
256   5829192
256   6097648
256   5836436
256   5755588
256   5307340
256   5953988
256   6261312
256   5641164
256   5298592
256   6467192
256   5690636
256   6551096
256   6201476
256   5937956
256   5762560
256   5308148
256   6516596
256   5931472
256   5372536
256   6141144
256   6156844
256   6458460
256   6721780
256   6517124
256   6083844
256   5797620
256   6444996
256   6251264
256   5754020
256   6109420
256   5435680
256   6318092
256   6514232
256   6511424
256   5467812
256   5626788
256   6606448
256   6439072
256   5672708
256   5592320
256   6468008
256   6542592
256   6498944
256   5379580
256   6128832
256   5742656
256   6816000
256   6495868
256   5996392
256   6801632
256   6437424
256   6769204
256   6442752
256   5509640
256   5437144
256   5197436
256   6446780
256   6390392
256   6068516
256   5429904
256   6403468
256   6189820
256   6616688
256   6042192
256   5611324
256   6032304
256   5932064
256   5568540
256   5758176
256   5455560
256   6740744
256   6294572
256   5409540
256   5341948
256   5956108
256   6171784
256   6502472
256   6075532
256   6245308
256   6533632
256   6710460
256   5902344
256   5954788
256   5679116
256   6654492
256   6356252
256   6348488
256   5375392
256   5488564
256   6312356
256   6661508
256   5261144
256   6279908
256   5392316
256   6795784
256   6648472
256   5656868
256   5591628
256   5338496
256   5877356
256   6616892
256   5993120
256   5194676
256   5772108
256   6485688
256   6257068
256   5810732
256   5623056
256   5705224
256   6570020
256   6408456
256   6493788
256   5557944
256   5214016
256   6646496
256   5253780
256   6377128
256   5610120
256   5700180
256   6705536
256   6431860
256   5897320
256   6673028
256   6209956
256   6441292
256   5876220
256   6189380
256   5649392
256   5886032
256   6387304
256   6201360
256   5688796
256   6151540
256   6585588
256   6432984
256   5977316
256   6384736
256   5357552
256   5878456
256   6664384
256   6097580
256   5997560
256   5901112
256   5118368
256   6458908
256   6285688
256   5856304
256   5889696
256   6103984
256   6283772
256   5965112
256   6157632
256   5674476
256   6571208
256   6487608
256   5754620
256   5608568
256   5254600
256   6582832
256   6721884
256   5559464
256   5581704
256   6448244
256   6525932
256   5638040
256   5315764
256   5835564
256   5095440
256   6593824
256   6431124
256   5824124
256   5864304
256   6587044
256   6535412
256   5997456
256   5483844
256   5437060
256   6075852
256   6563676
256   6649180
256   5398208
256   5951084
256   5323960
256   6456572
256   6549328
256   6467100
256   5430912
256   5638004
256   6361616
256   5435952
256   5275892
256   5774340
256   5936272
256   6400956
256   6400976
256   5594332
256   5828564
256   6108824
256   6151072
256   6275500
256   5563200
256   6085280
256   5718328
256   6134252
256   6274284
256   5554404
256   6624836
256   6718232
256   6334096
256   6727920
256   5621368
256   5146312
256   6561912
256   6426020
256   5991176
256   5395896
256   6487240
256   6002172
256   6612500
256   6463144
256   6664256
256   5650796
256   6901112
256   6301612
256   6286184
256   6299904
256   6126732
256   6334092
256   6611484
256   5938716
256   5833016
256   5322032
256   6836368
256   5809048
256   5561192
256   5573256
256   6045828
256   6555992
256   6212004
256   5856924
256   5875312
256   5548500
256   6316756
256   6492940
256   5215748
256   5385552
256   5675888
256   6592380
256   5584504
256   5774664
256   5898304
256   5954160
256   6419688
256   6192808
256   5541380
256   6037116
256   6362292
256   6347264
256   5923940
256   5407884
256   5524044
256   6179516
256   6477484
256   6135584
256   6193072
256   5119592
256   6410592
256   6717700
256   5223548
256   6250228
256   5491840
256   6470288
256   6270064
256   6140068
256   6750332
256   5566680
256   6370980
256   6612472
256   6287060
256   5596928
256   5722156
256   6522424
256   6465288
256   5629212
256   5393752
256   5792560
256   6507952
256   5917648
256   5400860
256   6617884
256   5427264
256   6239372
256   6504500
256   6046516
256   5762480
256   6318164
256   6272296
256   6376420
256   5724428
256   6168624
256   5295252
256   6562984
256   6446796
256   5907996
256   6171484
256   5959284
256   6685208
256   6025152
256   5687676
256   6356108
256   5637760
256   6533468
256   6422248
256   6301924
256   6184780
256   5961232
256   6326008
256   5991560
256   6034988
256   5520600
256   6082084
256   6379288
256   6208104
256   5342940
256   6567640
256   5313040
256   6562404
256   6006716
256   6640028
256   6050364
256   5179052
256   6104324
256   5394200
256   5786264
256   5817492
256   6523736
256   6353744
256   6266816
256   6320136
256   5461896
256   6601392
256   6747168
256   5478372
256   5000248
256   5124888
256   6266400
256   5733104
256   5346112
256   5675680
256   5795432
256   6527180
256   6264100
256   5355656
256   5763516
256   6424840
256   6364496
256   6151864
256   6364180
256   6362856
256   6271248
256   6546556
256   6045736
256   5354676
256   6501272
256   5806700
256   6838296
256   6026092
256   5460180
256   5865492
256   5745260
256   6447928
256   6594768
256   6085532
256   5330972
256   5505252
256   6687912
256   6017344
256   5824336
256   4979264
256   5308348
256   5963312
256   5656340
256   6225956
256   5368376
256   6103340
256   5287984
256   5155944
256   6421664
256   6243284
256   5798320
256   5820300
256   6598472
256   6336888
256   6180452
256   6290048
256   4956852
256   5572144
256   6418160
256   5945896
256   5716400
256   5972164
256   6198980
256   6481676
256   6046904
256   5690608
256   5854668
256   5795380
256   6585196
256   5664168
256   5467084
256   5359264
256   5587028
256   6096380
256   6528156
256   6804980
256   5428416
256   5864172
256   6649488
256   6732612
256   6039124
256   5308220
256   5470888
256   5702336
256   6733096
256   4953936
256   5609744
256   5882596
256   6409680
256   6165380
256   5514056
256   6309740
256   5538796
256   6632260
256   6206680
256   5633104
256   6491668
256   5762260
256   6002776
256   6536036
256   6375452
256   6696148
256   5156404
256   6368520
256   6809612
256   5825716
256   5279880
256   5872288
256   6666604
256   6272976
256   6385020
256   5617088
256   6129392
256   6302116
256   6367516
256   6403888
256   6290784
256   5686132
256   6162352
256   5894392
256   6583068
256   6384808
256   5131712
256   6265516
256   6312272
256   5460604
256   5971480
256   5119516
256   6721444
256   6539284
256   6391848
256   5489496
256   5623416
256   6665908
256   6077612
256   5640568
256   6254076
256   5892704
256   6531216
256   5995812
256   5127836
256   5370284
256   6458824
256   6589988
256   6011600
256   6043516
256   5894628
256   6571800
256   6637324
256   6203496
256   5555172
256   5257028
256   6509648
256   6435244
256   5796288
256   6027684
256   5377048
256   6500100
256   6753044
256   5045328
256   6513812
256   6358460
256   6696160
256   5948720
256   5612356
256   5438600
256   5585500
256   6278860
256   6089984
256   6048840
256   5817608
256   5736928
256   6412192
256   6619008
256   5368748
256   5932388
256   5686232
256   6495932
256   6394632
256   5575952
256   6281424
256   6593280
256   6395968
256   6249604
256   5351660
256   5107516
256   5756972
256   6587944
256   6560592
256   6117836
256   5481416
256   5445420
256   6748756
256   6042188
256   5454900
256   5716956
256   5830608
256   6674592
256   6241328
256   6178452
256   6424888
256   5361504
256   6315364
256   6129444
256   5670964
256   6361316
256   6628004
256   6804140
256   6005696
256   5730144
256   6189100
256   6247216
256   6763832
256   6011200
256   6196628
256   6290728
256   6006140
256   6534980
256   6580200
256   5588332
256   5921900
256   5469748
256   6395084
256   6161140
256   6558620
256   6004808
256   5657852
256   6715876
256   6373012
256   5798616
256   6344312
256   5942160
256   6418368
256   5842464
256   5971076
256   5430644
256   6247688
256   5826896
256   5963284
256   5821660
256   5727924
256   6776400
256   6172172
256   6489316
256   5679448
256   6107680
256   6423496
256   5911896
256   5574096
256   6099052
256   5578636
256   6667088
256   6318988
256   6058000
256   6019796
256   5916164
256   5852140
256   6559004
256   6374660
256   5251580
256   6193960
256   6480124
256   6184788
256   6247340
256   5302424
256   5011984
256   6825400
256   6164996
256   5982788
256   6069056
256   6533800
256   6066504
256   5576000
256   5461728
256   5614960
256   6133416
256   6493748
256   6107284
256   5193428
256   6026728
256   6631952
256   6475424
256   5562536
256   6361640
256   5728996
256   6751580
256   6458028
256   6561264
256   5709952
256   5589652
256   6530740
256   5944192
256   6291180
256   5678612
256   5465576
256   6764568
256   6276140
256   6117808
256   6271428
256   5051040
256   6467364
256   5812368
256   5975560
256   6416996
256   5732308
256   6509608
256   6036220
256   5618832
256   5857096
256   6271644
256   6646340
256   6354236
256   6344440
256   6105552
256   6173688
256   6546996
256   6219592
256   6152932
256   6291480
256   5645456
256   6542884
256   6033448
256   6086296
256   5301684
256   6729592
256   6531144
256   5546800
256   5140988
256   5218500
256   6550248
256   6225708
256   5264944
256   5910980
256   5748800
256   6602932
256   5904220
256   5572668
256   5434344
256   6038092
256   6713452
256   6356368
256   5707336
256   5719664
256   5854436
256   6498868
256   6066968
256   5203660
256   5332316
256   6251772
256   6276244
256   6235772
256   5813984
256   6381996
256   6292096
256   6638480
256   6402504
256   6279840
256   5746052
256   5944452
256   6542520
256   6443616
256   5476416
256   5687524
256   5454148
256   6593416
256   6402048
256   6377776
256   5549876
256   5425652
256   6750872
256   5895348
256   5054476
256   6080360
256   5486340
256   6635148
256   6150508
256   6120928
256   6147056
256   5967124
256   6419648
256   6199056
256   5373828
256   6621828
256   6616800
256   6403896
256   5935544
256   6340784
256   5694872
256   5380460
256   6284664
256   5915984
256   5310932
256   6148060
256   5600684
256   6378328
256   6329880
256   5370704
256   6301484
256   5610812
256   6487644
256   6142452
256   6500772
256   5532320
256   5102368
256   6337564
256   6341716
256   6122720
256   5775840
256   5164464
256   6205324
256   5320240
256   6082864
256   5835664
256   6615796
256   6883396
256   6467596
256   6023860
256   5614992
256   5325500
256   6499716
256   6550044
256   5610332
256   5755704
256   6338432
256   6353984
256   6245732
256   6122544
256   5758240
256   6672560
256   6450520
256   5672792
256   6306512
256   5527724
256   6896008
256   6533452
256   5881320
256   5926620
256   6126860
256   6044680
256   6739500
256   6246840
256   6107684
256   5226700
256   6174932
256   6368204
256   6384760
256   6388748
256   5593256
256   6464664
256   6033284
256   6474536
256   5837372
256   6392420
256   6586828
256   5993276
256   5966296
256   5411948
256   6005720
256   6704580
256   6427676
256   6370604
256   6444256
256   5316064
256   6415256
256   5755996
256   6238864
256   5662924
256   5109020
256   6375556
256   6508344
256   5503788
256   5378200
256   6436692
256   6322164
256   5818000
256   5686340
256   5211876
256   6821612
256   6218396
256   5854492
256   5874204
256   5882412
256   6075360
256   5816652
256   5548364
256   5194284
256   5882924
256   6509840
256   6430804
256   5571216
256   5952392
256   6171712
256   6329820
256   6393484
256   6140352
256   6311192
256   5423280
256   6643664
256   5943696
256   6051800
256   5907880
256   5760336
256   6427584
256   6602628
256   6236924
256   5628476
256   5640108
256   6460404
256   6032640
256   5626088
256   6667256
256   5335776
256   6572280
256   6264792
256   6198484
256   5610988
256   6576080
256   6531800
256   6096472
256   5662008
256   5583084
256   6336860
256   6508308
256   6018860
256   5406388
256   5573400
256   6304800
256   6810468
256   6184156
256   5445480
256   5572864
256   6831408
256   6447256
256   5966892
256   6120584
256   5570940
256   6662632
256   5918732
256   6635036
256   6080036
256   5718452
256   6114060
256   6300044
256   6047512
256   6232336
256   6141888
256   6459296
256   6266084
256   6344148
256   5724064
256   5907436
256   6705032
256   6128808
256   5673960
256   6244848
256   6252916
256   6065452
256   6558536
256   6185860
256   5979544
256   7029632
256   6311900
256   6627836
256   6370672
256   5851144
256   6561224
256   6191872
256   6337912
256   5439160
256   5425048
256   6383944
256   6066224
256   5267012
256   5678976
256   6006808
256   6608520
256   6287724
256   6561056
256   6082936
256   5540232
256   6692172
256   6380016
256   6321764
256   5614556
256   6608576
256   6545900
256   5819652
256   6156620
256   6693568
256   6508764
256   6370084
256   5433428
256   5424132
256   5435392
256   6470720
256   6258512
256   5898020
256   5008772
256   6008424
256   6478400
256   6067944
256   5702152
256   5329624
256   6648212
256   6496880
256   6179412
256   6661124
256   5206276
256   6411088
256   6479888
256   6096436
256   6054032
256   5415268
256   6358196
256   6087696
256   5201992
256   6347544
256   5731824
256   6627516
256   6151608
256   5802728
256   5823892
256   5978284
256   6691852
256   6431184
256   5481796
256   6042460
256   6092056
256   6464004
256   6421692
256   6249916
256   5201196
256   5885956
256   6393096
256   6494444
256   5854312
256   5822324
256   6523548
256   6579508
256   6213872
256   5316876
256   6396248
256   6319316
256   6524820
256   5454584
256   5636392
256   5114388
256   6525564
256   6105068
256   6291804
256   6097620
256   5485448
256   6603100
256   6243124
256   5969108
256   5276848
256   5415580
256   6655332
256   6183800
256   5440724
256   5537156
256   5736772
256   6475624
256   6379268
256   5772252
256   6316812
256   6423960
256   6492932
256   5905664
256   6617096
256   6617448
256   5335340
256   6452352
256   6177320
256   5127508
256   6550880
256   5860912
256   6763416
256   6210740
256   5828068
256   6197212
256   5953792
256   6516116
256   6552300
256   6242860
256   5822056
256   5198828
256   6860340
256   6058852
256   6138268
256   6590008
256   6190548
256   6297748
256   6005564
256   6600444
256   5334996
256   6170068
256   6442956
256   5770316
256   5497032
256   5848012
256   6559452
256   6149436
256   6214832
256   5851304
256   5670856
256   6317540
256   6366404
256   6564756
256   5559012
256   5680504
256   6440792
256   5865692
256   6442216
256   5631140
256   6591824
256   5765648
256   6038212
256   5641584
256   5851104
256   6578768
256   6345804
256   5659448
256   5925664
256   6717824
256   6655688
256   6553156
256   5463824
256   5489284
256   5313752
256   6581244
256   6650460
256   5525688
256   5767112
256   6369628
256   6697644
256   6239940
256   5693404
256   4994176
256   5433096
256   6202436
256   5892244
256   6308644
256   5705880
256   5631544
256   6411220
256   6454612
256   5681780
256   5959984
256   5223280
256   6549980
256   5427596
256   6600516
256   5217892
256   6308752
256   6510164
256   6006660
256   5564940
256   6478380
256   6758272
256   6033160
256   6186604
256   5591928
256   5759308
256   6911548
256   6726236
256   6330024
256   5950432
256   5211624
256   6212756
256   6104108
256   4946328
256   6184416
256   5782500
256   6458836
256   6602772
256   5605324
256   5878972
256   5658128
256   6535656
256   6428612
256   5541736
256   5839968
256   5724336
256   6497496
256   6125000
256   6084788
256   6081168
256   5943104
256   6378732
256   6106768
256   5774268
256   6106892
256   5750432
256   6553116
256   6502912
256   5752584
256   5442796
256   6231504
256   6341552
256   6064164
256   5525796
256   5444472
256   6134272
256   6165732
256   6436192
256   6234828
256   6670532
256   5904276
256   6359784
256   5924244
256   5446476
256   5278604
256   6649872
256   6538744
256   6435652
256   5447868
256   5421612
256   6552492
256   5727868
256   6546024
256   5937120
256   5522244
256   6531536
256   6352272
256   5335756
256   6329552
256   5925396
256   6195268
256   6408044
256   5469048
256   6132592
256   5836556
256   6452804
256   5990600
256   5940276
256   5941676
256   5833824
256   6557564
256   5524312
256   5852076
256   6265688
256   5449924
256   6500744
256   6313160
256   6236632
256   5158056
256   5851680
256   6544256
256   6171700
256   5996924
256   5409028
256   6265152
256   6551020
256   6305324
256   5889900
256   6028044
256   6401236
256   6326828
256   5295220
256   6119984
256   5523416
256   6556948
256   6064084
256   6198412
256   5432736
256   5208192
256   6400020
256   6313044
256   5634436
256   5166424
256   5307752
256   6330044
256   5940828
256   6468456
256   5037924
256   5729080
256   6725992
256   6255112
256   5926356
256   6642112
256   5167596
256   6082112
256   6372084
256   6030168
256   5704332
256   5240132
256   6293520
256   6140848
256   5961244
256   6083864
256   6205832
256   6377412
256   5943196
256   5641112
256   5835416
256   5441096
256   6580712
256   5800696
256   6664172
256   5417316
256   6564924
256   6490660
256   6376560
256   6347980
256   5605380
256   5885224
256   6641780
256   6126136
256   5363172
256   5699056
256   5216528
256   6378408
256   6199064
256   5573788
256   5619028
256   5531412
256   6530760
256   5777180
256   6315468
256   6197556
256   5684052
256   6468908
256   6126964
256   6386268
256   5249152
256   6351152
256   6375512
256   6038576
256   5653084
256   5348740
256   6803268
256   6678744
256   6406548
256   5171740
256   5567928
256   6736908
256   6476324
256   6441640
256   5246152
256   6024816
256   6415812
256   6586792
256   6643732
256   6001260
256   5165792
256   6482392
256   6498604
256   5686552
256   5475480
256   5559616
256   6534644
256   6406624
256   6229980
256   5372164
256   5627916
256   6401732
256   6154600
256   5640768
256   5765628
256   6581836
256   6388100
256   6139276
256   6207064
256   6241648
256   5645176
256   6533764
256   6061260
256   6118036
256   5855784
256   6333052
256   6622460
256   5866424
256   5999880
256   6030120
256   5764416
256   6248596
256   6052376
256   6515084
256   5738572
256   5858464
256   6581276
256   5995312
256   5282828
256   5527680
256   5486884
256   6675480
256   6161856
256   5864632
256   5528300
256   6680188
256   6116732
256   6218656
256   5508088
256   6365520
256   6869772
256   6249416
256   6570184
256   5927620
256   5559704
256   6271644
256   6128152
256   6444624
256   5233340
256   6298196
256   6328464
256   6105636
256   5595800
256   5648688
256   5890196
256   6760552
256   6617320
256   5410620
256   6491788
256   5634400
256   6595128
256   6118444
256   6605748
256   5503680
256   5705560
256   6486492
256   5846552
256   5831772
256   5798564
256   6555044
256   6559436
256   6273688
256   6163308
256   5213996
256   6501848
256   6184936
256   5553300
256   6079216
256   5876868
256   6596832
256   6444252
256   5818156
256   5755508
256   6323196
256   6265064
256   5950660
256   6349984
256   5492740
256   6382348
256   6464916
256   6667428
256   6046852
256   5639752
256   5200220
256   6671028
256   6202092
256   6078144
256   5515872
256   6154412
256   6699120
256   5906876
256   6107680
256   6041020
256   6209480
256   6351008
256   6218992
256   5157712
256   5342016
256   5800044
256   6689800
256   6024788
256   5305712
256   5944808
256   5568680
256   6278116
256   5488624
256   6012564
256   5039696
256   6699216
256   5910232
256   6358364
256   5383600
256   5798292
256   6341644
256   6071256
256   5599704
256   6278984
256   5736604
256   6451444
256   6348076
256   5808360
256   5654376
256   4998428
256   6511664
256   6212424
256   5238052
256   6288196
256   5446492
256   6532152
256   6014604
256   5567552
256   6425336
256   5877032
256   6717488
256   6421408
256   5429400
256   5568056
256   5191248
256   6524352
256   6093836
256   6188356
256   5714092
256   5644752
256   6386196
256   6123012
256   5613392
256   5334912
256   6399328
256   6484192
256   6194192
256   5987456
256   5316588
256   5474028
256   6484488
256   6217644
256   5996376
256   5771772
256   5610384
256   6527612
256   6431112
256   5583960
256   6031532
256   5976148
256   6672000
256   6542964
256   5413964
256   5564708
256   5840568
256   6457068
256   5810624
256   6322016
256   5965632
256   5788052
256   6394048
256   6228332
256   6302420
256   5883596
256   6070280
256   6562108
256   6015196
256   5754692
256   6371980
256   5617560
256   6517356
256   6069984
256   5635380
256   5235364
256   5691572
256   6688496
256   5854188
256   5933448
256   5197372
256   5958624
256   6787332
256   5800696
256   5400064
256   6019636
256   5375876
256   6428648
256   6287532
256   5835432
256   6203492
256   6719080
256   6523808
256   5551824
256   6258200
256   6296404
256   6281860
256   6207192
256   5514444
256   5609512
256   5783984
256   6335124
256   6471564
256   6433192
256   5722308
256   5535896
256   6368624
256   6339060
256   5643996
256   6544844
256   5441300
256   6304928
256   6261768
256   5958800
256   6172160
256   6275608
256   6407184
256   6557316
256   5640860
256   6555496
256   4847400
256   6241744
256   6084644
256   5741728
256   5372308
256   5961860
256   6353392
256   6586848
256   5958048
256   5564500
256   5048116
256   6749096
256   6419360
256   5513724
256   5738680
256   5598420
256   6669752
256   5864248
256   6293504
256   5413840
256   6243640
256   6696356
256   6140208
256   6388088
256   6337984
256   6389632
256   6108776
256   5922660
256   6485384
256   5698952
256   6466612
256   6533896
256   6413580
256   6076392
256   6230796
256   6372476
256   5842304
256   5506856
256   6448592
256   6570668
256   6355324
256   6671004
256   6598744
256   5372384
256   5823040
256   6335396
256   6344872
256   6168436
256   6415216
256   6149744
256   6413516
256   6149488
256   5873248
256   6384204
256   6602752
256   5608960
256   5702232
256   6241084
256   6292800
256   6478144
256   6169536
256   5568764
256   5492588
256   4879008
256   6679036
256   6215552
256   5435824
256   5456108
256   6313388
256   6924648
256   6371168
256   5450336
256   4968988
256   6607240
256   6043404
256   5100272
256   5721220
256   5418160
256   6398620
256   6014676
256   5832364
256   5619316
256   6089332
256   6454136
256   6152144
256   5525972
256   6298164
256   5750184
256   6606724
256   6025596
256   5341080
256   5845792
256   5782172
256   6581996
256   6302708
256   6291768
256   6525948
256   5504912
256   6160316
256   6055108
256   5779288
256   5645624
256   5407408
256   6448372
256   6476956
256   6493928
256   5653340
256   6679356
256   6565968
256   5979084
256   5155248
256   5774764
256   5226684
256   6605488
256   6001384
256   5531872
256   5815376
256   6196960
256   6746672
256   6440124
256   6259736
256   5664684
256   5904632
256   6169312
256   5956400
256   5993804
256   5703352
256   6533988
256   6643252
256   6083228
256   6388528
256   5467164
256   6778852
256   6310740
256   5564232
256   5537820
256   6188220
256   6266264
256   6609392
256   6057496
256   6485732
256   5416740
256   5787908
256   6513052
256   5231824
256   5350024
256   6240268
256   6489200
256   5887952
256   6428968
256   6004344
256   6167712
256   6603992
256   5338248
256   5979768
256   5178320
256   5512068
256   6587724
256   6313872
256   6186040
256   6131240
256   5505716
256   6602884
256   6711056
256   5486436
256   5399848
256   6152556
256   6582400
256   5837020
256   5460224
256   6432168
256   5281304
256   6395916
256   6157244
256   5893436
256   5981392
256   6475712
256   6598448
256   6501400
256   5540808
256   5624968
256   6616984
256   6600908
256   6392384
256   5872732
256   6090580
256   6411640
256   6416912
256   6156316
256   5614668
256   5327624
256   6455796
256   6758876
256   5417208
256   6426416
256   5342804
256   6371420
256   5828480
256   5405336
256   5734472
256   5630976
256   6573800
256   5962272
256   6262204
256   6067168
256   5610476
256   6525068
256   6580912
256   5435968
256   5759416
256   5480064
256   6720108
256   6219032
256   6065928
256   6285276
256   5754748
256   6420796
256   6208024
256   5845804
256   5697448
256   6447452
256   6623796
256   6084864
256   6077704
256   5706024
256   5679140
256   6337568
256   6628576
256   6114800
256   6492084
256   6480228
256   6426240
256   5792156
256   5881384
256   5919044
256   6880952
256   6619064
256   6212928
256   6303536
256   5198860
256   6247488
256   6330036
256   6197212
256   6587000
256   5231080
256   6309148
256   6521092
256   5318916
256   6080984
256   6752800
256   6332592
256   6459652
256   5517628
256   6204780
256   5097904
256   6429672
256   6017556
256   5667704
256   5751484
256   5889212
256   6589904
256   6499580
256   6095308
256   5838916
256   6525588
256   6442888
256   5431992
256   6151504
256   5471936
256   6407940
256   6241900
256   5570852
256   5658256
256   5550876
256   6553052
256   6221528
256   5786708
256   6129972
256   5927800
256   6423964
256   5917132
256   5904972
256   5291240
256   5433632
256   6636348
256   6692360
256   5929800
256   6397900
256   6332180
256   6491988
256   6120296
256   5477592
256   5714312
256   5652592
256   6543328
256   6466924
256   5105248
256   5486620
256   6173808
256   6614380
256   5992240
256   5381836
256   5931224
256   5797012
256   6240312
256   6001392
256   6823564
256   5990868
256   6116196
256   6215612
256   5964888
256   5559936
256   6149468
256   6130044
256   6306364
256   6009752
256   5310248
256   5354336
256   6507040
256   6814424
256   5360820
256   6631888
256   5159556
256   6652636
256   6238932
256   5955048
256   6468280
256   5624484
256   6341340
256   6206932
256   5725576
256   6273620
256   5937788
256   6701904
256   5651700
256   6172152
256   5784452
256   5565708
256   6372728
256   6355828
256   6063344
256   5707152
256   5983984
256   6811980
256   6081168
256   5618596
256   6248160
256   6339796
256   6378384
256   6438640
256   5968648
256   6583484
256   5645796
256   6522516
256   6390048
256   6277884
256   5037280
256   5329280
256   6633324
256   6244856
256   6563520
256   5305592
256   6230396
256   6179252
256   6627428
256   6508348
256   5735592
256   6248660
256   6534660
256   6165424
256   5352996
256   5427436
256   6206256
256   6601812
256   5882176
256   6209728
256   5584616
256   6618752
256   6313752
256   5794944
256   6296176
256   5500688
256   6255588
256   6247672
256   6475368
256   5323964
256   5832592
256   6624840
256   6338368
256   5251944
256   5448312
256   6371696
256   6397304
256   5342884
256   5919044
256   6123836
256   6261924
256   6899188
256   6199092
256   6698552
256   5780892
256   6449072
256   6491300
256   5249524
256   5594872
256   5977496
256   6306520
256   5797728
256   6758596
256   5724756
256   5703492
256   6374316
256   5832444
256   6448876
256   5403400
256   5081452
256   6433568
256   6510264
256   5877248
256   5983112
256   6670700
256   6555456
256   6180348
256   5888812
256   5840508
256   5574284
256   6439856
256   6113972
256   6047252
256   4891684
256   5378888
256   6465576
256   6681196
256   6211412
256   6160948
256   6160904
256   6268360
256   6495140
256   5856864
256   6345824
256   6221716
256   6654524
256   6438212
256   5633560
256   5571480
256   6118220
256   5941144
256   6370896
256   6471588
256   5772804
256   6392132
256   6223828
256   5436572
256   6293028
256   5572416
256   6508704
256   6011848
256   5545380
256   6027476
256   5406312
256   6267352
256   5770928
256   5864316
256   5746092
256   5615804
256   6481684
256   5481060
256   6437684
256   5158052
256   6380856
256   6490676
256   5771256
256   5359312
256   6211288
256   6490636
256   6610704
256   5553904
256   5962716
256   6077236
256   6538808
256   6620072
256   5894664
256   5423900
256   6751772
256   6630208
256   6705744
256   6575560
256   5316560
256   5933708
256   6485320
256   6122296
256   6172420
256   5626052
256   6743316
256   6706980
256   6307220
256   6626620
256   5395716
256   5529968
256   6186912
256   6361696
256   5608552
256   5139648
256   5284844
256   6750236
256   6124088
256   6207084
256   5378932
256   6056040
256   6340144
256   6296352
256   5399912
256   6355584
256   6103796
256   6317008
256   6418896
256   5903988
256   6159308
256   6433404
256   6220556
256   5806168
256   5849516
256   5813340
256   6592024
256   5925900
256   6017388
256   5462012
256   5391364
256   6188116
256   6207396
256   5904656
256   5374972
256   5571688
256   6657716
256   6490556
256   5944596
256   5615496
256   6172084
256   5618944
256   6653928
256   6160596
256   5981176
256   5494828
256   6044508
256   6592504
256   6020416
256   5769560
256   5731688
256   6816428
256   5934312
256   6425984
256   6654432
256   6204320
256   6656796
256   5768008
256   5354180
256   5611296
256   5532972
256   6756996
256   6013024
256   6320316
256   6243836
256   5457120
256   6438960
256   6383304
256   5255572
256   6064804
256   6357840
256   6217872
256   6025032
256   6512488
256   5609588
256   4971652
256   6149100
256   6553248
256   6057984
256   6779900
256   6416736
256   6925864
256   5659000
256   5776276
256   5565920
256   5916856
256   6504952
256   6450828
256   5818140
256   6358852
256   6231276
256   6175240
256   5761120
256   6022956
256   5662460
256   6389564
256   6128724
256   6533108
256   5836320
256   5094384
256   6390944
256   5792436
256   5870616
256   5733412
256   6494084
256   6260244
256   6257456
256   5331572
256   5844152
256   5334812
256   6646308
256   5877984
256   5169396
256   5688660
256   5613828
256   6742700
256   5545476
256   6325120
256   5499516
256   6518808
256   6515524
256   5532792
256   5300004
256   5897452
256   6514664
256   6279712
256   6305056
256   6183696
256   5367832
256   6379456
256   6380176
256   6233880
256   5931296
256   5552676
256   6327972
256   6282480
256   5599576
256   5517940
256   5658176
256   6705628
256   6254280
256   6274892
256   5896476
256   5064644
256   6689640
256   6405836
256   5937580
256   6417868
256   5933652
256   6414556
256   5954100
256   6220116
256   6037856
256   5731380
256   6665168
256   6181428
256   5251140
256   5701760
256   5501996
256   6507008
256   6578760
256   5676884
256   5743040
256   5437120
256   6393344
256   5797788
256   5707744
256   5524508
256   5892124
256   6392468
256   5992712
256   5836704
256   5431688
256   5991344
256   6491632
256   6020036
256   6554280
256   5258196
256   6335864
256   6586036
256   6123260
256   6076672
256   6126868
256   6223124
256   6692424
256   6793200
256   5455424
256   5321896
256   6577340
256   6457036
256   5328308
256   6182504
256   6095020
256   6452800
256   6538232
256   6242552
256   6009624
256   6568232
256   6206312
256   6563588
256   5796228
256   5703792
256   6057904
256   6763568
256   6245556
256   6480900
256   6160168
256   5920052
256   6699060
256   6269924
256   6189316
256   5368928
256   6480984
256   6374148
256   6093216
256   5876368
256   5535220
256   5205824
256   6311840
256   6550648
256   6024704
256   5310348
256   5598168
256   6430004
256   5514400
256   6048868
256   6351852
256   6678876
256   6556620
256   6085680
256   5620372
256   5684216
256   6683488
256   6133344
256   5981428
256   5589464
256   5444644
256   6619344
256   6463164
256   5700984
256   6688728
256   6491656
256   6310264
256   6364576
256   5546812
256   5017356
256   5578568
256   6572444
256   6149064
256   6356416
256   5203056
256   6119808
256   6913384
256   6596652
256   6432508
256   5256680
256   6476736
256   6562164
256   5436200
256   6074252
256   5236744
256   6407948
256   6189292
256   5930216
256   5347172
256   5502556
256   6898800
256   6208556
256   6122464
256   5503968
256   5312996
256   6826808
256   5989352
256   5536276
256   5421688
256   6394552
256   6545708
256   5866056
256   5480724
256   6141748
256   6702396
256   6883972
256   5717676
256   6714344
256   5541632
256   6386876
256   6530732
256   6190920
256   5463120
256   5458224
256   6535132
256   6448816
256   6009800
256   5344092
256   5279780
256   6546180
256   6342948
256   5827676
256   5774188
256   5048116
256   6692640
256   6276012
256   5951056
256   5410952
256   5695976
256   6316812
256   5689652
256   5217792
256   6525372
256   5091600
256   6532696
256   5945456
256   6099268
256   6006100
256   5670848
256   6602592
256   6185400
256   6229332
256   5530240
256   6135560
256   6355272
256   6589348
256   5118452
256   5497144
256   6366472
256   6370124
256   6409996
256   5705280
256   5458972
256   4983924
256   6232876
256   5724692
256   6377628
256   5924304
256   5760668
256   6446280
256   5880592
256   5415964
256   6003528
256   6017852
256   6688412
256   6152684
256   6665076
256   5617824
256   6709852
256   6666740
256   6430512
256   6075736
256   5783284
256   6567128
256   6276072
256   6483388
256   5956836
256   5541136
256   6393752
256   6521488
256   6437648
256   5709388
256   5652756
256   6402684
256   5933152
256   5404264
256   6070164
256   5277820
256   6385324
256   6290060
256   6092536
256   5358344
256   4954296
256   6685348
256   6051092
256   5421364
256   5661676
256   6368052
256   6695188
256   6102444
256   5529952
256   5326964
256   6634388
256   6573440
256   5724484
256   6209352
256   5819888
256   6834252
256   6353148
256   5977560
256   6405108
256   5132976
256   6451932
256   6422944
256   6045408
256   5039680
256   5956088
256   6583556
256   6442920
256   6339464
256   6120304
256   5254728
256   6310304
256   6398784
256   6181460
256   6267596
256   5588264
256   6609252
256   6469744
256   5446536
256   5665536
256   5454736
256   6924032
256   6018724
256   6245248
256   6320968
256   6043568
256   6741460
256   6121892
256   6288228
256   5981736
256   5394532
256   6422552
256   6374888
256   5700388
256   5162852
256   6687000
256   6840648
256   6508856
256   6290172
256   5700976
256   6665512
256   6026212
256   5691392
256   6802360
256   5967244
256   6525168
256   6235604
256   5297760
256   5353884
256   6147272
256   6534532
256   6090848
256   6323112
256   5566952
256   6491504
256   6627392
256   6211684
256   6231492
256   6164844
256   6351188
256   6403624
256   5257280
256   6448488
256   5518040
256   6533764
256   6408340
256   5337560
256   6087788
256   5332788
256   6499516
256   6227120
256   5620544
256   5487528
256   6006792
256   6425472
256   6236436
256   6039520
256   5477216
256   6371524
256   6555640
256   5470320
256   6500700
256   5994448
256   6520160
256   6568668
256   5779324
256   5879292
256   5546508
256   6328428
256   6258028
256   5471068
256   6168544
256   5883220
256   6397052
256   6124864
256   5973916
256   5624880
256   5533600
256   6281916
256   6072560
256   5462436
256   6214364
256   6109140
256   6650568
256   6441480
256   5826208
256   5297964
256   6146684
256   6457576
256   6208452
256   5496400
256   5705084
256   6591848
256   6759648
256   6749840
256   5570336
256   6633432
256   6764064
256   6481056
256   5733648
256   6349656
256   4905612
256   6708328
256   6300516
256   6614660
256   6061024
256   5535508
256   6214788
256   6304324
256   5524880
256   5402396
256   5980364
256   6611180
256   5790492
256   6454776
256   6424308
256   5187680
256   6310964
256   6654720
256   5165896
256   6287528
256   6754340
256   5988944
256   6612284
256   5678676
256   5855748
256   6348724
256   6044228
256   6327636
256   5652188
256   6345200
256   6455652
256   6151116
256   5406616
256   6450416
256   6474700
256   6556264
256   6093484
256   5534864
256   6428932
256   5410780
256   6288492
256   6532452
256   6031640
256   6094272
256   5241468
256   6594020
256   5999604
256   5466536
256   5967244
256   6820272
256   6089936
256   6629672
256   6568336
256   5465372
256   6768836
256   6034420
256   6046928
256   6053632
256   5930104
256   6449200
256   6454032
256   5456436
256   6052680
256   5664040
256   6264168
256   6302120
256   5554024
256   5907664
256   6290500
256   6194552
256   5446896
256   5212356
256   5611448
256   6261988
256   6466384
256   6093360
256   5514860
256   5590148
256   6276272
256   6212032
256   6375124
256   5565980
256   6246248
256   6697660
256   5789120
256   5705316
256   6207792
256   5544572
256   6293200
256   6053200
256   5580796
256   5996952
256   5695184
256   6360620
256   6149156
256   5789840
256   5518092
256   5294044
256   6494092
256   6303252
256   5240232
256   5187604
256   5317700
256   6619140
256   6352604
256   6190520
256   5680756
256   6006348
256   6649200
256   5541360
256   6123052
256   5279880
256   6632032
256   5980392
256   6129408
256   5503312
256   5168704
256   6365344
256   6173208
256   6032436
256   5497372
256   6250016
256   6473596
256   6167268
256   5802304
256   6210916
256   6305920
256   6302204
256   6377808
256   6044864
256   6443932
256   5426144
256   6544652
256   6487140
256   6419100
256   6393464
256   5052828
256   6496452
256   6276044
256   6276960
256   6028280
256   5430868
256   6856464
256   6087264
256   6125312
256   5370780
256   5397856
256   6678232
256   5808888
256   5716796
256   5698020
256   5466984
256   6624732
256   5917112
256   6401316
256   6190032
256   6314268
256   6530636
256   6629308
256   5959440
256   6368816
256   6850176
256   6500808
256   6377500
256   5904816
256   5933308
256   6640488
256   6161724
256   6304376
256   5628184
256   5361460
256   6512944
256   6097348
256   6133408
256   6528060
256   5635920
256   6504748
256   6548916
256   6273304
256   6063032
256   6465560
256   6671268
256   6770536
256   6229216
256   6031072
256   5427140
256   6326552
256   6344092
256   5773248
256   6148748
256   6519236
256   5658560
256   5821884
256   6283356
256   6043624
256   6452444
256   6510628
256   5498332
256   5455908
256   5223236
256   6326272
256   6123492
256   5946280
256   5442928
256   5828060
256   6453832
256   6328924
256   6167332
256   5892588
256   5842564
256   6032464
256   6242328
256   5240344
256   4944892
256   6429804
256   6267340
256   5395380
256   5091304
256   5467092
256   6437816
256   6287956
256   5993924
256   5406100
256   5425192
256   6674428
256   6759416
256   6171588
256   6615960
256   6389064
256   6286304
256   6475608
256   5892748
256   5103696
256   6601516
256   6618544
256   6571460
256   5419116
256   5574360
256   5596636
256   6487316
256   5933412
256   5493756
256   5968548
256   5377920
256   6023284
256   6418564
256   5410492
256   5660240
256   6274336
256   6705080
256   5779384
256   5637140
256   5445740
256   6541548
256   6841144
256   5949472
256   5766736
256   5750008
256   6211028
256   6040700
256   5641416
256   5140484
256   5414020
256   6618160
256   6328188
256   5660636
256   5450208
256   6462064
256   6370020
256   6288380
256   5811672
256   6527452
256   5651316
256   6273332
256   6539248
256   6075420
256   5905904
256   5362492
256   6286784
256   6365228
256   6205592
256   6099476
256   5748880
256   6720776
256   6324592
256   6397732
256   6658848
256   6377432
256   6703836
256   6175340
256   6042164
256   5512212
256   6213320
256   6396644
256   5967868
256   6586432
256   5221428
256   5368388
256   6449760
256   6397432
256   5881984
256   5476312
256   6382508
256   6298768
256   5766068
256   5615648
256   6281520
256   6586956
256   5910380
256   5890644
256   6275296
256   5447016
256   6268096
256   6252952
256   5721884
256   5692536
256   6698176
256   6551580
256   6394992
256   5778804
256   6022096
256   6595108
256   6579036
256   5445704
256   5588856
256   5601044
256   6463280
256   5810220
256   5549020
256   6118072
256   5826752
256   6422484
256   6403880
256   5539732
256   6532700
256   6050664
256   6733624
256   5678984
256   6343472
256   6329816
256   6684264
256   6503592
256   6100760
256   5726512
256   5624004
256   5814892
256   6362304
256   5818708
256   5630868
256   5499696
256   6759020
256   6275424
256   5888228
256   5972996
256   6626276
256   6721836
256   5695708
256   5640308
256   5699944
256   5522772
256   6537660
256   6663068
256   6278304
256   5573616
256   5525580
256   6240160
256   6158740
256   5552440
256   6367012
256   5794112
256   6541420
256   5917544
256   6005324
256   6409652
256   6166256
256   6556600
256   6254180
256   5435828
256   5472504
256   6525136
256   5753420
256   6459788
256   5862888
256   5781868
256   6578568
256   6042792
256   6194344
256   6385068
256   5825824
256   6647708
256   6028420
256   6012236
256   5115344
256   5942364
256   6489060
256   6459488
256   5748072
256   5724472
256   5394132
256   6558304
256   6271464
256   5546408
256   5429424
256   5743448
256   6145852
256   6106044
256   5971400
256   5583548
256   6696816
256   6496436
256   5542180
256   5356192
256   6032276
256   6842336
256   6224460
256   5318232
256   6298756
256   5314016
256   6414392
256   6079408
256   6189652
256   6420016
256   5655516
256   6648992
256   6418432
256   6236308
256   6501508
256   6250032
256   6459808
256   5955008
256   5910968
256   5198224
256   5540156
256   6393812
256   5715860
256   6759756
256   5499816
256   5695632
256   6667508
256   6540152
256   5828024
256   5935452
256   5042800
256   6231164
256   6290232
256   5423576
256   5009864
256   6187824
256   6284020
256   5600672
256   6116400
256   5354420
256   6287144
256   6499892
256   5098980
256   5759496
256   5892616
256   6392956
256   6178680
256   5561128
256   6176004
256   5381440
256   6719736
256   6004880
256   6216652
256   6107876
256   5326768
256   6567252
256   6107188
256   6586572
256   5953588
256   5572284
256   6497408
256   5818504
256   6018216
256   5662872
256   5442204
256   6351848
256   6019076
256   5395508
256   5682004
256   5323176
256   6629016
256   5974324
256   5361068
256   5622464
256   5397684
256   6349124
256   5933184
256   5855828
256   6474840
256   6297324
256   6768372
256   6235036
256   5310192
256   6473784
256   6603328
256   5738512
256   6222852
256   6389960
256   5187508
256   6335644
256   6211040
256   6476816
256   5347524
256   5872868
256   6301940
256   6557604
256   6328816
256   5441416
256   5217396
256   6392000
256   6800060
256   6543972
256   6165864
256   5652336
256   6677140
256   5913024
256   5667848
256   6323784
256   5477552
256   6246644
256   5908708
256   5850028
256   5413420
256   6718512
256   6395364
256   6033744
256   6423804
256   6231284
256   5240968
256   6469852
256   6044152
256   5983380
256   6361824
256   6333520
256   6485100
256   6612964
256   5250188
256   5573600
256   6723664
256   5855928
256   5917472
256   5285776
256   5280532
256   6273776
256   6456820
256   5558036
256   6115844
256   6424340
256   6535248
256   6570188
256   6403556
256   5730960
256   5820548
256   6544764
256   5935640
256   6049208
256   6360324
256   6391296
256   6303032
256   5983912
256   5867856
256   5449896
256   6674152
256   6716668
256   5777608
256   6218864
256   5266852
256   6420220
256   6162692
256   6002632
256   5144092
256   5232588
256   6763744
256   6054512
256   5968976
256   5597992
256   5987912
256   6565456
256   6505944
256   6027992
256   5306924
256   5799972
256   6402172
256   6127268
256   6318668
256   6518640
256   5809972
256   6575512
256   5712724
256   5589452
256   5297048
256   6777632
256   6840288
256   6265628
256   5415364
256   5523416
256   6507864
256   6526512
256   5588280
256   5985128
256   5429444
256   6314844
256   5824236
256   6042516
256   6707512
256   5211108
256   6569432
256   6287084
256   5413740
256   6174272
256   6176660
256   6382720
256   6676268
256   5189176
256   6011576
256   5658300
256   6593052
256   6569924
256   5556068
256   6200600
256   6450924
256   6658028
256   6278100
256   6626232
256   6386308
256   6722088
256   6523912
256   5936580
256   6129948
256   5087916
256   6303748
256   5921904
256   5766708
256   5905868
256   5493672
256   6797104
256   5901364
256   5723492
256   5684996
256   5964932
256   6305780
256   6463152
256   5192572
256   5161632
256   5082092
256   6559516
256   6539876
256   5841964
256   6016048
256   6626000
256   6242132
256   5692860
256   5787048
256   5553900
256   6227916
256   5854256
256   6025628
256   5628696
256   6184348
256   6267496
256   5963380
256   6145708
256   5988344
256   5681928
256   6557020
256   6367020
256   5674480
256   5724556
256   5951880
256   6164396
256   6226960
256   5664584
256   5633232
256   5586884
256   6649572
256   6246808
256   6354812
256   5282772
256   5825900
256   6443176
256   6328304
256   6651764
256   6472116
256   5251820
256   6473620
256   6284776
256   6559112
256   5312340
256   6465828
256   6383248
256   6357268
256   5648164
256   5794160
256   6751092
256   6315684
256   5697840
256   5288836
256   5709996
256   6451692
256   6707676
256   5988472
256   6670252
256   5928252
256   6538244
256   6049056
256   5309572
256   6592280
256   5893992
256   6366500
256   6021744
256   6432768
256   5583060
256   5869936
256   6083084
256   6196488
256   6200676
256   5466808
256   6093596
256   6454656
256   6255504
256   5464556
256   5373296
256   5652936
256   6676044
256   6471384
256   5767888
256   5412632
256   6427888
256   6206620
256   6032772
256   6149684
256   5319448
256   6610380
256   6448072
256   6209384
256   6144372
256   5619456
256   6369032
256   6061756
256   5594228
256   5602856
256   5234340
256   6571224
256   6379916
256   6316092
256   6132464
256   6098708
256   6303456
256   6256612
256   5229212
256   5781084
256   5927612
256   6615336
256   6361700
256   5547212
256   6324820
256   6255760
256   6446048
256   6169756
256   5594572
256   6040192
256   6233756
256   5891400
256   5747328
256   6310704
256   5711036
256   6352664
256   6241696
256   5157420
256   6131504
256   5205940
256   6363396
256   6408164
256   6166324
256   5193392
256   6274804
256   6821496
256   6320736
256   5336512
256   6174088
256   6125616
256   6233772
256   6115240
256   6565480
256   5608196
256   6306376
256   6480756
256   6110212
256   5760256
256   5501032
256   6607456
256   6735772
256   6096096
256   5720496
256   6079596
256   6686412
256   6927428
256   6382176
256   6577540
256   5966600
256   6827336
256   5849988
256   6043160
256   5353820
256   6446288
256   6632264
256   6648368
256   5809928
256   5902396
256   5833216
256   6140060
256   6144296
256   6400008
256   6238516
256   5387776
256   6462224
256   6010680
256   5205092
256   6293644
256   5596136
256   6542676
256   6720440
256   5117888
256   5131592
256   6153968
256   6317548
256   5317044
256   6491612
256   5520984
256   6624560
256   6381816
256   6626572
256   5528032
256   6150264
256   6263300
256   6704128
256   5741764
256   5796440
256   6257932
256   6326412
256   6448828
256   6056756
256   5165516
256   6108176
256   6369632
256   6420652
256   5998084
256   6193384
256   6827908
256   6524076
256   5887860
256   5614728
256   5582008
256   6362260
256   6363724
256   6282704
256   6469452
256   5665444
256   6449772
256   6426320
256   6213804
256   6211860
256   5816392
256   6438484
256   6125660
256   6311752
256   5863092
256   5933436
256   6277228
256   6450532
256   6054588
256   5595472
256   6247516
256   6398640
256   5936868
256   5071064
256   5341712
256   6617288
256   6480992
256   5640760
256   5605848
256   5755012
256   6373628
256   6099372
256   6043952
256   5284032
256   5469732
256   6372988
256   6618984
256   6287868
256   6618688
256   6697364
256   6687496
256   6063068
256   5564704
256   5645092
256   6257960
256   6079136
256   6002236
256   5979916
256   4986648
256   6224476
256   6464840
256   6592812
256   5540076
256   5473836
256   6350176
256   6487616
256   5590368
256   6459504
256   6498436
256   6639260
256   6179584
256   5631156
256   5859520
256   5240036
256   6249660
256   5959380
256   5988404
256   5566592
256   6237908
256   6562492
256   6063336
256   6418656
256   5011984
256   6563944
256   6251076
256   6543836
256   6514208
256   5638568
256   6510908
256   6161908
256   6514368
256   5528088
256   6340768
256   6688416
256   6736204
256   6492416
256   5899672
256   5327968
256   6159092
256   5667076
256   6168548
256   6152952
256   5793348
256   6543444
256   6147776
256   5702956
256   5306020
256   5596204
256   6450976
256   5613172
256   6411048
256   5801288
256   6565872
256   6625268
256   5614312
256   5872940
256   4919852
256   6157936
256   6167444
256   6027900
256   5157108
256   5761620
256   6493092
256   6645800
256   5418728
256   6426808
256   6013056
256   6908744
256   5998004
256   5433232
256   5812540
256   5495964
256   6608632
256   6584080
256   5529744
256   5104000
256   6703240
256   6330776
256   6133336
256   5427300
256   6231468
256   6121584
256   6142096
256   6364632
256   6481368
256   5670984
256   5337000
256   6834440
256   6272728
256   5525996
256   5790144
256   5882364
256   6717820
256   5849000
256   5422288
256   4883596
256   6553140
256   6671136
256   5645764
256   5584432
256   6188780
256   6809136
256   6072004
256   5239156
256   5369464
256   6507492
256   6451836
256   6003508
256   5561628
256   5591908
256   5648256
256   6440932
256   6242332
256   5677400
256   6044428
256   5434008
256   6422980
256   6243008
256   6280868
256   6102860
256   5327452
256   6395124
256   6263124
256   5895232
256   6257608
256   5650520
256   6577832
256   6344180
256   5299688
256   5831116
256   6584156
256   6513008
256   6533740
256   6134296
256   6107864
256   5180224
256   6536328
256   5848336
256   6247988
256   5558248
256   5810760
256   6745272
256   6254300
256   5724112
256   6064140
256   6257196
256   6373832
256   5944176
256   6105328
256   5859420
256   6498144
256   6595176
256   5446980
256   6065620
256   6021100
256   6190788
256   6044504
256   6351808
256   6715460
256   5906032
256   6630560
256   6133492
256   5173120
256   5458452
256   6063616
256   6577108
256   6566504
256   6117164
256   5470804
256   6087720
256   6656732
256   6047192
256   5723436
256   5642484
256   5306320
256   6713432
256   6663232
256   5910380
256   6665912
256   6348228
256   6205484
256   5663668
256   6151848
256   5361176
256   6480272
256   6363640
256   5912512
256   5492084
256   6193428
256   6601860
256   6534160
256   5329908
256   6357640
256   5989424
256   6689508
256   6530560
256   5473972
256   5775492
256   5769568
256   6411728
256   6506752
256   6549984
256   5970188
256   6623688
256   6565412
256   5308088
256   5955992
256   5133296
256   6559488
256   6050044
256   6485048
256   5533248
256   5625292
256   6572388
256   6419612
256   6051344
256   6304764
256   5735724
256   6434948
256   6431256
256   5483648
256   5155496
256   5591436
256   6656228
256   6501472
256   5962268
256   5479428
256   6626172
256   6447564
256   6489192
256   5511820
256   4959652
256   6227664
256   5983648
256   6482556
256   5486192
256   5818248
256   6604700
256   6356204
256   6411172
256   5653156
256   5544140
256   5622912
256   6319824
256   6372244
256   5153460
256   5671576
256   5774104
256   6681400
256   6689748
256   5766044
256   5722516
256   5998080
256   6594064
256   5978524
256   5960672
256   6037400
256   6325328
256   6655588
256   5155816
256   6021452
256   5576100
256   6790088
256   5456536
256   5400152
256   6214752
256   6370784
256   6389488
256   6169664
256   6096440
256   5946944
256   5526220
256   6389696
256   5604432
256   6256944
256   6372696
256   6350784
256   6373908
256   6584444
256   5613480
256   5549864
256   5713612
256   6283116
256   6408664
256   6004084
256   5829100
256   6343756
256   6173008
256   5418300
256   5282808
256   5918748
256   6804156
256   6411736
256   6580676
256   5704380
256   5661592
256   6582184
256   6300796
256   6276520
256   5380104
256   6364324
256   6546928
256   6571296
256   5292940
256   6367056
256   6463240
256   6366312
256   6471668
256   5440552
256   5460716
256   5865916
256   6603588
256   6774360
256   5737552
256   5750660
256   5946388
256   6383764
256   6320728
256   6332860
256   5298740
256   6260832
256   6456608
256   6262060
256   5492200
256   5472148
256   6636980
256   5884932
256   5410040
256   5118156
256   6114544
256   6391508
256   6318992
256   6526380
256   6436308
256   5407088
256   6297168
256   6522252
256   5558116
256   5588340
256   6630808
256   6514824
256   6524860
256   5932624
256   5266976
256   6438788
256   6058412
256   6308888
256   6136544
256   5817020
256   6516796
256   5900008
256   5626000
256   6232972
256   5454248
256   6455584
256   6191844
256   6064468
256   5857384
256   6244968
256   6401916
256   6206040
256   5266624
256   5941656
256   5967052
256   6540560
256   6564564
256   5293796
256   6455176
256   6984504
256   6920348
256   6054420
256   6497372
256   5785804
256   6876932
256   5694228
256   6589436
256   6595276
256   9104548

