3   169052
60   1137748
126   2562480
256   5312080
256   4994984
256   5345016
67   1403936
256   5073080
256   5539440
256   5517748
256   5016600
256   5353888
256   5065440
256   5389724
256   5114092
256   5476328
256   5535172
256   5039764
256   5324264
256   5084236
256   5392912
256   5116864
256   5454584
256   5546396
256   5010304
256   5341228
256   5135808
256   5346128
256   5123172
256   5462176
256   5495532
256   5006344
256   5322028
256   5125304
256   5423772
256   5228720
256   5267720
256   5309220
256   5400748
256   5274136
256   5576476
256   5426488
256   5957468
256   6308564
256   6190324
256   6274312
256   6279400
256   5397988
256   6049760
256   6310384
256   6023580
256   5355536
256   5670980
256   5682932
256   6120976
256   6137328
256   5529712
256   6063300
256   5454604
256   5573512
256   6599408
256   5871128
256   5830260
256   5571256
256   6343596
256   5495688
256   6374520
256   6805568
256   5775376
256   6154244
256   5913652
256   6377300
256   6078236
256   6533616
256   5761672
256   5554892
256   6227680
256   5805648
256   6399552
256   5616304
256   5397192
256   6263820
256   6159136
256   6424040
256   5135512
256   5601516
256   6335928
256   6810960
256   6783900
256   5596396
256   5348248
256   5526648
256   6262620
256   5635800
256   5420316
256   5665928
256   5679664
256   6455972
256   6451344
256   6312352
256   6026672
256   6461560
256   6766380
256   5754456
256   5789596
256   5714068
256   5353364
256   5570512
256   6578388
256   6263448
256   5605984
256   5567052
256   5932300
256   6290836
256   6116816
256   5746436
256   6483404
256   4986216
256   6062496
256   5637760
256   5896548
256   5937196
256   5481972
256   6402760
256   5996568
256   5389520
256   5532912
256   6117248
256   6204548
256   6633776
256   5451636
256   5950664
256   5743616
256   6092980
256   6288020
256   6413616
256   5224820
256   5526160
256   5779772
256   6266008
256   5996320
256   5972212
256   5831532
256   5603776
256   6336148
256   5748928
256   6224428
256   5063756
256   5583344
256   6416936
256   6395276
256   5544052
256   5522152
256   5137020
256   5943464
256   6299196
256   5961840
256   5126932
256   6437468
256   5918360
256   6552080
256   6058148
256   5712336
256   5436088
256   5543292
256   6180776
256   6451096
256   5447348
256   6115612
256   5492816
256   6669336
256   5977548
256   5920164
256   5508456
256   5890404
256   6673204
256   6495292
256   6101448
256   5607036
256   5923548
256   5505124
256   6721932
256   6026036
256   5469508
256   6364164
256   5813292
256   6406124
256   6476296
256   5817732
256   6005816
256   5540468
256   6370584
256   5670876
256   5705248
256   5229896
256   5840936
256   6773712
256   6028948
256   5841056
256   6386556
256   5795768
256   6478300
256   5624352
256   6024532
256   6001764
256   6115004
256   6754764
256   5949580
256   5289240
256   5258268
256   6712444
256   5830176
256   6610064
256   5750500
256   5288548
256   6458372
256   5831344
256   5978144
256   6287472
256   5970908
256   6729800
256   6274332
256   5509236
256   5754608
256   6096868
256   6616368
256   5567652
256   6042616
256   5984244
256   5643508
256   6274732
256   6463040
256   6183748
256   6247168
256   5974492
256   6180168
256   6256540
256   5563416
256   5746012
256   5570616
256   6276644
256   6271584
256   5478200
256   5561212
256   5944216
256   6453252
256   6283432
256   5603436
256   5895536
256   5519176
256   6409564
256   6247660
256   6396864
256   6210500
256   5559084
256   6562572
256   5834064
256   5192492
256   5283436
256   5448512
256   6491840
256   6193428
256   6198940
256   5551308
256   6405888
256   6223620
256   6397188
256   5810056
256   5879404
256   5764888
256   6323276
256   6008464
256   6216888
256   5335112
256   5779996
256   6358604
256   6557096
256   6305712
256   5747024
256   6422668
256   6231376
256   5772616
256   5727340
256   6125352
256   6018968
256   6648068
256   6446048
256   6294956
256   6112688
256   5412428
256   6109676
256   5994012
256   5596848
256   6053960
256   5465464
256   6760408
256   5829888
256   6271912
256   6108628
256   6131456
256   6422152
256   5948404
256   5583004
256   5710868
256   5756772
256   6713592
256   5732952
256   5839664
256   6553152
256   6138992
256   6287952
256   6294224
256   5950136
256   5161324
256   6290104
256   6404040
256   6388548
256   5544884
256   6755684
256   5511120
256   6544884
256   5940780
256   6276956
256   5835072
256   5420984
256   6337324
256   5747064
256   5549900
256   5716180
256   5997620
256   6242472
256   6396084
256   5280500
256   6396128
256   6163708
256   6553068
256   5835400
256   5581888
256   5645968
256   5822760
256   6471444
256   5323612
256   5664868
256   6454640
256   6463556
256   5875800
256   5938508
256   6589336
256   5483272
256   6329112
256   6406176
256   6228336
256   5733056
256   5463816
256   6357312
256   6102836
256   5924368
256   5462040
256   5256432
256   6032744
256   6002048
256   6143644
256   5916460
256   5111752
256   6370252
256   5953392
256   5935760
256   6743964
256   6243740
256   6442628
256   5930952
256   5796684
256   6357872
256   6274536
256   6122952
256   6265688
256   5490336
256   5336324
256   5448928
256   6556836
256   5717488
256   5497684
256   5275780
256   6176680
256   6447608
256   6269500
256   6315700
256   6271672
256   5489460
256   5322744
256   6489320
256   5554680
256   6803632
256   5311248
256   6666940
256   5794888
256   5307524
256   6136536
256   5862004
256   6485728
256   6239860
256   5679996
256   6261324
256   5770544
256   6336444
256   6106968
256   6139468
256   5475704
256   5572548
256   6428132
256   5974232
256   5482376
256   5701932
256   5755992
256   6131756
256   6305472
256   6080124
256   5937464
256   6070236
256   6190732
256   6421924
256   5987836
256   5674504
256   5613908
256   6473552
256   6305928
256   6511972
256   5726656
256   5295420
256   6231172
256   5757608
256   6703404
256   5668396
256   6354768
256   5621084
256   5011456
256   5747080
256   6311116
256   6081536
256   5776956
256   5195240
256   5692732
256   6293956
256   6270120
256   5483132
256   4999088
256   5305684
256   6495240
256   6390428
256   5984476
256   5854440
256   5401244
256   6708280
256   6153992
256   5594568
256   5660348
256   5714656
256   6484264
256   5824928
256   5337848
256   5246544
256   6306404
256   6465572
256   5549424
256   6417748
256   6165952
256   6484724
256   6507860
256   5271096
256   6463428
256   5706644
256   5659684
256   6249448
256   6181724
256   5538544
256   5831868
256   5616132
256   6462928
256   6317016
256   5245792
256   5339352
256   5575440
256   6368808
256   6162648
256   6398228
256   6521896
256   5229920
256   5994920
256   6144008
256   5352988
256   6421620
256   5526468
256   6723928
256   6665864
256   5575408
256   5655552
256   5509900
256   6237964
256   6300048
256   6581892
256   6307144
256   5947012
256   6181516
256   6400012
256   5424344
256   5969908
256   5540208
256   6407300
256   6435600
256   6140924
256   5819676
256   5721448
256   6480108
256   5813544
256   5020236
256   5398076
256   6208204
256   6297476
256   5868856
256   5912380
256   6509408
256   5394932
256   6276688
256   6227736
256   5937264
256   6238480
256   5529104
256   6471792
256   6188512
256   6337088
256   5523692
256   5427400
256   5985976
256   6096844
256   5754360
256   5451652
256   6659092
256   6440340
256   5992356
256   5519592
256   5864984
256   6194796
256   6300600
256   5901992
256   5297684
256   5848964
256   6317940
256   6144612
256   6220096
256   6140860
256   5808148
256   5819668
256   6236264
256   6049316
256   5526140
256   5498832
256   5958024
256   6532296
256   5850260
256   5948664
256   5421896
256   5252276
256   6479832
256   5205832
256   5936788
256   5640904
256   6145076
256   6181044
256   6256076
256   5760568
256   6270544
256   6051644
256   6400520
256   5426368
256   6701880
256   6451256
256   5320324
256   6597560
256   6146756
256   6183640
256   5139008
256   5970620
256   6309932
256   6005592
256   6283032
256   6326660
256   6222436
256   6577296
256   6389520
256   5717316
256   5692312
256   5560476
256   6438004
256   6134192
256   5613684
256   5182912
256   4875548
256   6561376
256   6498596
256   5707980
256   6144844
256   6014012
256   6460672
256   5883408
256   5328476
256   6502680
256   5001612
256   6212920
256   5882620
256   5600080
256   6283472
256   6258100
256   6120760
256   6232568
256   5514316
256   6054412
256   6353072
256   5812548
256   5428048
256   5331772
256   5225172
256   6573660
256   6658604
256   6311772
256   5678124
256   5231668
256   6145916
256   5989884
256   6172936
256   6246280
256   6089844
256   6364248
256   6490788
256   6128108
256   6459780
256   6409456
256   5912864
256   6725084
256   5925616
256   5353060
256   5266748
256   5868316
256   6451652
256   6134332
256   6072904
256   5504076
256   5755076
256   6364088
256   6260664
256   6585764
256   5826792
256   6213668
256   6416808
256   5763048
256   5162460
256   5739404
256   5691656
256   6350596
256   6050112
256   6095756
256   5742128
256   6296160
256   5987700
256   5230728
256   5895456
256   6701996
256   6474992
256   6455552
256   5943552
256   6276664
256   5479368
256   6157972
256   6412424
256   6385348
256   5641020
256   5284832
256   6337964
256   6412996
256   5973952
256   6244760
256   5748672
256   6546472
256   6258100
256   5578968
256   5630036
256   5573012
256   6184896
256   5476396
256   5529772
256   5927844
256   6557200
256   6206656
256   6200312
256   5435868
256   6178936
256   5096788
256   6543688
256   6034572
256   5782716
256   6192508
256   6181068
256   6387136
256   5525920
256   5605924
256   5791580
256   5197484
256   6085956
256   6372648
256   5516756
256   6529896
256   6305020
256   6020408
256   5650096
256   5908588
256   6283248
256   5279568
256   6191172
256   5914788
256   5501584
256   5206564
256   5224488
256   6720480
256   6547436
256   5637648
256   5195608
256   6309484
256   6347920
256   6428356
256   6107952
256   5692108
256   5995344
256   6562040
256   6197576
256   6164128
256   5326080
256   5025704
256   6677188
256   6103920
256   6647632
256   6317304
256   5961248
256   6655700
256   5249648
256   6083448
256   5957376
256   5650500
256   6120136
256   6229596
256   6136004
256   5532948
256   5428632
256   6465708
256   6299360
256   6502776
256   5986236
256   5492292
256   5327840
256   6385876
256   6295156
256   5509004
256   5829644
256   6048140
256   6295648
256   6163264
256   5127640
256   5753284
256   6147316
256   6000368
256   5979188
256   6256200
256   5670168
256   5717924
256   6109896
256   5778620
256   5734148
256   5538252
256   5554484
256   6529964
256   5845988
256   5922540
256   6584532
256   5256112
256   6142536
256   5673912
256   6412604
256   5714784
256   5825788
256   6488344
256   6367064
256   5874948
256   5844296
256   6206336
256   6512604
256   6014232
256   6550528
256   5643704
256   6495128
256   6572740
256   6017188
256   6386544
256   6313040
256   6186632
256   6337732
256   5453676
256   5418816
256   5781956
256   6755372
256   6500768
256   6297484
256   5633436
256   6330324
256   6563540
256   6674656
256   5231816
256   6056056
256   5126264
256   6511176
256   5804656
256   5807208
256   6082360
256   5499332
256   6412504
256   6345196
256   5553276
256   6059712
256   5506556
256   6370216
256   5890680
256   5238168
256   5336480
256   6080508
256   6318324
256   6751496
256   5401920
256   5783076
256   5292864
256   6477900
256   6335680
256   6399436
256   5601700
256   6355944
256   6577960
256   6512160
256   5412816
256   5682096
256   5726324
256   6456132
256   6151000
256   5665700
256   5602656
256   5850444
256   6327320
256   5983896
256   5924648
256   5233988
256   6681408
256   6187444
256   6161332
256   5359188
256   5242536
256   6221516
256   6534480
256   5940268
256   6231072
256   6292992
256   5803660
256   6436376
256   6686164
256   5910292
256   5829064
256   5552124
256   6283748
256   5277732
256   5857068
256   5242616
256   6347896
256   6347176
256   6399972
256   5853268
256   5450924
256   6229608
256   6006776
256   6140496
256   6319836
256   6067388
256   5469392
256   6306564
256   6108580
256   5207908
256   5574084
256   6370672
256   6277292
256   5346504
256   6723336
256   5665444
256   6419588
256   5833436
256   5551244
256   5912724
256   5018232
256   6249216
256   5812584
256   6417952
256   5801096
256   6444716
256   6506800
256   6076736
256   5219176
256   5387504
256   6470968
256   6354120
256   5795696
256   5468328
256   5292868
256   5505448
256   6508856
256   6281648
256   5822412
256   5821464
256   6056376
256   6577032
256   6597484
256   5023308
256   6241236
256   5380796
256   6303076
256   5853144
256   6080272
256   6295704
256   5789060
256   6520260
256   5599588
256   5327952
256   5265200
256   5732240
256   6640860
256   6104972
256   6588388
256   5224028
256   6188740
256   5978852
256   6455012
256   5717320
256   5733804
256   5310600
256   6210008
256   6038560
256   6175248
256   5619692
256   5389516
256   6495596
256   5553704
256   6161460
256   6057332
256   5775284
256   6092428
256   5671320
256   5778672
256   6311204
256   6034676
256   5804820
256   6511468
256   5817480
256   5704892
256   5567020
256   6228140
256   6238912
256   6548728
256   5760364
256   6058316
256   5633240
256   6409908
256   5527608
256   5986320
256   6354116
256   5969468
256   6423568
256   6549748
256   6117260
256   5352884
256   5807156
256   6482496
256   5831732
256   5855632
256   5851408
256   6187444
256   6621540
256   6470732
256   6229616
256   6251956
256   6039320
256   6511920
256   6493164
256   5746540
256   5726412
256   6413080
256   6347276
256   6017260
256   5596820
256   5701300
256   6378872
256   6639764
256   5975020
256   5994384
256   5338576
256   6380092
256   6433188
256   6592692
256   6329056
256   5588224
256   6486384
256   6036144
256   6583368
256   5755680
256   5213904
256   6271680
256   6178168
256   5349728
256   5399688
256   6120244
256   6289356
256   5973996
256   5506024
256   5787428
256   6276512
256   6679184
256   6228604
256   5715680
256   5707000
256   5407220
256   6595688
256   5673280
256   6164388
256   5776160
256   5908956
256   6825768
256   6005548
256   5666020
256   5304232
256   6259544
256   6281080
256   5694300
256   5682284
256   6380340
256   5753192
256   6058280
256   6474608
256   5236304
256   5718156
256   5223992
256   6407768
256   5799184
256   6380764
256   6140452
256   5265548
256   6442492
256   6344904
256   6745064
256   6470024
256   6435564
256   6567876
256   5727160
256   6327308
256   6475316
256   5257904
256   6403432
256   6411640
256   6026480
256   5750444
256   5340792
256   6390628
256   5982040
256   5922988
256   5931056
256   5238860
256   6465348
256   6648792
256   5545816
256   5491928
256   6219724
256   6537152
256   6298892
256   6497336
256   5878204
256   6604232
256   6196648
256   5595312
256   6255108
256   5642744
256   6291444
256   6266816
256   6163048
256   6028116
256   5722332
256   6625828
256   6533064
256   5450580
256   6177280
256   5415584
256   6595092
256   6586708
256   6339112
256   5541952
256   5940368
256   5594180
256   6623428
256   6350896
256   5991984
256   5815076
256   6763692
256   6251464
256   6359812
256   6011108
256   6002900
256   6336144
256   6191092
256   5558804
256   5648752
256   5229520
256   6269932
256   6461040
256   5669652
256   5549704
256   5566656
256   6085748
256   6120888
256   5342072
256   5782312
256   5478604
256   6597556
256   6168384
256   6481840
256   5202432
256   6224272
256   6602668
256   6221812
256   5870620
256   5625780
256   5281616
256   6567052
256   6332760
256   5625832
256   5581612
256   5912672
256   6616488
256   5781908
256   6325692
256   5958900
256   5189380
256   6548676
256   5791044
256   5731868
256   5851696
256   6126484
256   6447696
256   5539292
256   5486000
256   5155360
256   5264896
256   6187028
256   6152984
256   5236836
256   5431248
256   5553060
256   6589556
256   6368676
256   5098364
256   5718412
256   5416996
256   6505220
256   5895824
256   6139336
256   5636024
256   5722452
256   6284964
256   6329420
256   5551344
256   5751564
256   5570028
256   6626848
256   6047252
256   5838176
256   5202940
256   6313536
256   6706552
256   5955868
256   5466808
256   6057440
256   5581356
256   6414540
256   5977508
256   6446568
256   5573740
256   6298856
256   6470744
256   6218592
256   5127228
256   6008224
256   5243656
256   6503664
256   6239348
256   5966936
256   5528500
256   5192380
256   6545616
256   6461416
256   5781072
256   5909236
256   5815728
256   6879512
256   5973208
256   5529868
256   6479376
256   6163040
256   6474756
256   5669580
256   5627220
256   5667492
256   5634224
256   6332020
256   5818956
256   6655528
256   5402372
256   6207700
256   6465384
256   5975088
256   5816996
256   6301880
256   5506748
256   6499044
256   5852652
256   6175560
256   6403176
256   5252008
256   6382940
256   6255680
256   6107840
256   5697872
256   5319428
256   6535920
256   6285528
256   5585940
256   5489744
256   5899948
256   6662720
256   6442816
256   6420184
256   5422284
256   6071072
256   6316612
256   6281000
256   5463924
256   5737072
256   5474592
256   6366624
256   6185028
256   6111324
256   6121476
256   5309320
256   6740780
256   5818584
256   5575188
256   5256668
256   5311016
256   6508536
256   6048740
256   5822240
256   5111160
256   5992900
256   6613452
256   6056348
256   6558968
256   5425576
256   6041600
256   6268680
256   6593884
256   6285804
256   5478596
256   5380520
256   6547964
256   6227968
256   6402204
256   6038372
256   5642164
256   6465348
256   5994588
256   6003356
256   5344092
256   5787544
256   6372608
256   5956240
256   6479776
256   5385108
256   5676884
256   6558312
256   6510928
256   6306516
256   5473208
256   5767700
256   6626048
256   6038640
256   6332692
256   5615208
256   6112508
256   6389024
256   6148652
256   5919844
256   5877756
256   5582676
256   6076656
256   6191740
256   5865032
256   5650500
256   6544632
256   6567996
256   6344596
256   5813304
256   5744604
256   5083628
256   6307440
256   6034112
256   5751452
256   5342640
256   6230900
256   6352120
256   5709992
256   5491840
256   5996532
256   6335724
256   6377164
256   5212788
256   5331272
256   6410524
256   6603780
256   6044032
256   5495420
256   6083836
256   6192404
256   6262324
256   5931188
256   5416084
256   6249064
256   5656548
256   6354968
256   5416624
256   6413476
256   5266240
256   5661776
256   6698052
256   6701220
256   6376124
256   5987784
256   6037268
256   6003708
256   6201440
256   5597280
256   5388772
256   5537624
256   6400004
256   6014944
256   5345376
256   5427308
256   5665776
256   6179336
256   6308196
256   6071032
256   5585848
256   5368572
256   5890584
256   6518412
256   5886812
256   5439332
256   5710528
256   6644036
256   6491340
256   6219936
256   5463744
256   5214704
256   6516172
256   6214044
256   6500272
256   5865848
256   5125396
256   6449132
256   6167956
256   6146832
256   5923896
256   6339676
256   6570880
256   6601672
256   6003044
256   5411252
256   5423976
256   6381324
256   5831456
256   6035128
256   5554652
256   5792976
256   6655192
256   6119668
256   5973536
256   5807068
256   6442380
256   6315072
256   5904928
256   6204168
256   6223532
256   5406096
256   6119440
256   5855284
256   5690432
256   5740112
256   6010396
256   6434572
256   5910284
256   6307032
256   5672084
256   6060064
256   6295840
256   6550720
256   6001872
256   6009876
256   5281956
256   6548624
256   6037924
256   5248332
256   5102172
256   5543056
256   6317368
256   6289280
256   6588860
256   5777156
256   5481240
256   6456880
256   6313512
256   5850776
256   5525356
256   5801840
256   6085712
256   5900296
256   5571320
256   5408304
256   5816904
256   6438584
256   6342700
256   5451300
256   5340116
256   6367708
256   6427472
256   6333132
256   6155944
256   6134888
256   5619336
256   6139916
256   6066612
256   6517692
256   6200924
256   6255960
256   6511320
256   5867848
256   5838180
256   5516732
256   6493964
256   6538136
256   6176864
256   5448788
256   5550764
256   5130388
256   5754096
256   5453652
256   6489876
256   5490016
256   6352804
256   6645152
256   6477976
256   6103072
256   6068964
256   6306932
256   6345432
256   6179392
256   5375976
256   5845360
256   6291240
256   6696472
256   6502924
256   6436872
256   5478688
256   5325844
256   6568608
256   6613236
256   6545428
256   5713100
256   5729052
256   6213652
256   6262852
256   5345612
256   6046872
256   5782232
256   6502176
256   5779540
256   5634272
256   5666552
256   6549444
256   5778672
256   6221204
256   6535072
256   5520768
256   6385112
256   6565556
256   5072536
256   6417108
256   5860464
256   6766928
256   6286888
256   5864232
256   5545704
256   5856424
256   6346468
256   6041080
256   5954848
256   5670844
256   5441292
256   6866032
256   6140244
256   5498964
256   5175520
256   5503648
256   6415900
256   6418052
256   6052500
256   5395032
256   6012948
256   6219360
256   6347552
256   5279920
256   5866252
256   5647956
256   6803676
256   6446360
256   5829040
256   5765780
256   5806120
256   6405584
256   5824948
256   6459124
256   5291760
256   6155316
256   6160520
256   5700556
256   5692584
256   5704356
256   5221872
256   6778124
256   6013188
256   5912784
256   5490036
256   5747344
256   6637156
256   6224728
256   5239548
256   5506668
256   6022924
256   6368572
256   5803320
256   5177788
256   5608780
256   5693128
256   6489580
256   6658452
256   5903756
256   5693872
256   5746828
256   6492656
256   6299600
256   5464760
256   5665348
256   5976928
256   6425436
256   6550876
256   6319864
256   6563260
256   5324068
256   6170228
256   6380956
256   5419164
256   5900620
256   5639980
256   6102056
256   6224588
256   5501528
256   6400692
256   5791224
256   6450092
256   5973864
256   5723240
256   5374032
256   5359276
256   6373992
256   6242272
256   6629700
256   5938432
256   6226144
256   6646808
256   5804284
256   6329576
256   6203964
256   5251016
256   6196256
256   5514940
256   5667604
256   5363656
256   5602728
256   6563336
256   5996836
256   6133660
256   6217628
256   5297424
256   6717356
256   5680144
256   5061608
256   5249992
256   6236268
256   6616052
256   6355800
256   5697588
256   5713144
256   6416956
256   5981116
256   5552916
256   5400068
256   5621144
256   6520620
256   6465308
256   5998560
256   6029812
256   5707600
256   6171444
256   6279312
256   6193036
256   6281228
256   5094856
256   6405956
256   6237176
256   5997080
256   6090104
256   6208676
256   6366552
256   6466236
256   6274508
256   5885024
256   6251880
256   5842876
256   6351052
256   5818776
256   5627212
256   5546212
256   6546940
256   6472956
256   6141148
256   5758224
256   5930844
256   6227000
256   6609000
256   5883644
256   5603992
256   5366772
256   5946712
256   6812440
256   6217648
256   6207024
256   6134740
256   6034540
256   6227660
256   6353980
256   5654620
256   5542212
256   6716792
256   6262316
256   5661432
256   5748424
256   5210552
256   6438688
256   6267992
256   5814496
256   5992300
256   5742956
256   6214588
256   6452132
256   5808928
256   6075428
256   5204956
256   6331808
256   6175208
256   5723136
256   5567816
256   5501236
256   6214424
256   6466196
256   5478656
256   5296024
256   5767300
256   6691608
256   6024068
256   6765328
256   5193972
256   5788688
256   6503828
256   6318284
256   5472732
256   6148796
256   6013876
256   6685032
256   5864844
256   6592348
256   6350296
256   5369012
256   6503604
256   6044328
256   6279204
256   5323468
256   6187996
256   5981060
256   6282904
256   6239244
256   5322096
256   5965460
256   5451564
256   6329000
256   6428768
256   5666952
256   5273384
256   5976368
256   6405272
256   6229444
256   5632488
256   5719508
256   5350016
256   6309652
256   6121128
256   6653196
256   5245188
256   5929076
256   6393060
256   6375324
256   6105404
256   5040332
256   4994660
256   6424756
256   6481004
256   5608372
256   5777448
256   5539184
256   6282272
256   6322116
256   6125156
256   5530816
256   4992140
256   6346196
256   6048168
256   5465172
256   5824444
256   5919648
256   6275204
256   6116056
256   5424492
256   5834596
256   6094084
256   6311548
256   5595088
256   5282764
256   5679968
256   6633448
256   6168308
256   5114284
256   5065988
256   5393836
256   6514840
256   6376904
256   6142272
256   5421620
256   5742068
256   6433856
256   6429508
256   6127712
256   5615012
256   5714944
256   6150768
256   6627348
256   5669704
256   5636244
256   5838584
256   6576880
256   6641176
256   6335856
256   5869128
256   5450168
256   6197788
256   6456116
256   6435816
256   5477136
256   5749516
256   5909828
256   6617080
256   5441088
256   5785864
256   6288176
256   5575792
256   6469716
256   6016084
256   5893012
256   5352992
256   5998272
256   6337856
256   6057840
256   6252596
256   5243812
256   5814200
256   6328632
256   6415564
256   6339420
256   5313824
256   5669916
256   6411184
256   5746056
256   6371908
256   5331688
256   6733788
256   6735048
256   6196344
256   5494900
256   5844504
256   6625724
256   6352596
256   5675804
256   5895292
256   5838696
256   5514456
256   6512720
256   6318380
256   6078872
256   6197488
256   6322928
256   6473284
256   6486084
256   5901296
256   5748108
256   6259148
256   6187084
256   5746124
256   6233316
256   5588836
256   6597932
256   6307128
256   5734876
256   6606820
256   5663248
256   6493412
256   5474672
256   5925948
256   6100760
256   6337044
256   6345176
256   6348600
256   5398628
256   6389040
256   6143228
256   6456384
256   6383060
256   6390096
256   6617672
256   5566344
256   6791236
256   5944340
256   6269900
256   5319076
256   6320052
256   6862428
256   5684400
256   6054212
256   5688792
256   6169944
256   6358268
256   6051568
256   6084360
256   5649876
256   5592788
256   6640176
256   6152304
256   6167676
256   5362756
256   6352464
256   5821548
256   5633664
256   5154072
256   5256792
256   6379252
256   5961556
256   5984148
256   6609540
256   6063744
256   6380328
256   6486088
256   5583876
256   6144060
256   6151976
256   6284180
256   5764964
256   5697656
256   5185360
256   5337748
256   6447684
256   6643840
256   5655720
256   6154224
256   6012268
256   6443572
256   6146228
256   6414168
256   5646740
256   5326528
256   6299968
256   6244232
256   5847000
256   5830652
256   6168992
256   6577640
256   6128748
256   5572664
256   5492784
256   6324880
256   6206388
256   6533708
256   5739832
256   5502516
256   5141612
256   6706124
256   5975404
256   5340808
256   6108416
256   5391464
256   6514800
256   6139948
256   6319260
256   5742616
256   5837076
256   6348336
256   5599496
256   5862988
256   5655048
256   4976808
256   6583324
256   5612716
256   6331012
256   5524808
256   6666356
256   6449372
256   5092356
256   5877200
256   5655968
256   6215232
256   6546784
256   6101396
256   5295324
256   5302252
256   6204584
256   6431356
256   6203432
256   5328648
256   6204020
256   6345956
256   6654424
256   5735832
256   5545020
256   5474540
256   6198100
256   6457304
256   5524572
256   5879060
256   6209032
256   6385236
256   5694028
256   5640548
256   5437488
256   5338668
256   6226160
256   6468172
256   5302812
256   5369408
256   5487808
256   6580272
256   6287568
256   6794012
256   5870988
256   6273424
256   5882676
256   6485588
256   6383248
256   5471392
256   5296388
256   5737520
256   6695244
256   5102356
256   5282584
256   6167148
256   6203204
256   6544160
256   5617296
256   5861996
256   6012816
256   6314684
256   6183184
256   5863476
256   5507668
256   6203812
256   5835004
256   6267336
256   6616204
256   5255356
256   5580496
256   6583272
256   5561320
256   5886440
256   6292948
256   5391568
256   6422868
256   6096884
256   6211996
256   6039324
256   6317500
256   6406844
256   6213928
256   6128512
256   5643116
256   5637112
256   6027304
256   6114200
256   5950676
256   6708828
256   6330004
256   6519576
256   6000732
256   6260688
256   6319832
256   5320236
256   6333676
256   6448720
256   6078928
256   6612856
256   5461776
256   6275544
256   6397144
256   6413704
256   6241112
256   6255124
256   6493612
256   6338904
256   6285992
256   6084520
256   5294660
256   6732956
256   6319868
256   6361268
256   5430212
256   6032980
256   6322728
256   6049012
256   5715336
256   6133904
256   6242900
256   6142740
256   6297172
256   5095764
256   6258012
256   6549672
256   6436472
256   6074272
256   5559444
256   6487508
256   6485108
256   6205888
256   5648212
256   5312004
256   6563288
256   5944496
256   6413924
256   6238852
256   5658184
256   6711648
256   6029440
256   5493112
256   5892340
256   5840692
256   6205992
256   6373588
256   6026956
256   5782888
256   5478072
256   6385612
256   5856432
256   6091928
256   5471688
256   5988436
256   6436716
256   6537368
256   5188756
256   6043376
256   5970808
256   6589448
256   5932764
256   6117092
256   5535604
256   6538492
256   6297712
256   6572356
256   5340760
256   5370620
256   5341152
256   6199812
256   6351640
256   5615432
256   5635560
256   6332640
256   6650224
256   5801356
256   5409180
256   6382880
256   6473488
256   6461004
256   5706540
256   5376944
256   5710160
256   6687672
256   6369016
256   6010804
256   5571900
256   5983652
256   6523912
256   5868868
256   6121388
256   5698968
256   5424000
256   6208200
256   6077184
256   6170872
256   5280856
256   5858220
256   6483244
256   5925884
256   5524572
256   5690028
256   6164028
256   6524024
256   6230040
256   5769512
256   6427140
256   6014244
256   6330308
256   6282744
256   5687212
256   5852652
256   5848592
256   6812276
256   5842048
256   6365060
256   5039544
256   6116424
256   6753140
256   5807976
256   5880784
256   5551816
256   5118508
256   6399216
256   6227496
256   5461788
256   5496776
256   6370328
256   6034736
256   6213952
256   5360684
256   5178912
256   6336088
256   6145768
256   5837032
256   5892620
256   5508784
256   6417840
256   6074032
256   5375144
256   6417384
256   5593592
256   6222424
256   5925292
256   5918872
256   5395016
256   5727200
256   5679760
256   5617176
256   5832436
256   5913856
256   5701216
256   6435572
256   6168380
256   5508532
256   6781960
256   5724496
256   6709484
256   5694052
256   5518052
256   6701280
256   6000448
256   6470164
256   6728380
256   6002208
256   5095292
256   6378880
256   6686528
256   6272752
256   6246520
256   6050644
256   5550480
256   6377184
256   6671240
256   5653372
256   6070816
256   5859752
256   5888316
256   5703364
256   5786696
256   5798596
256   5582360
256   6524620
256   6164944
256   6307552
256   6359268
256   5430708
256   6437048
256   5972972
256   5895428
256   6594988
256   5515800
256   6228316
256   5640624
256   5322300
256   5997564
256   6021856
256   5781388
256   6273048
256   6170916
256   5600724
256   6660188
256   6100968
256   6467220
256   5464820
256   6090744
256   6382884
256   5690368
256   5126456
256   5703292
256   5609176
256   6117552
256   5834780
256   6260828
256   6476312
256   6365368
256   6398008
256   5676164
256   5159540
256   5522168
256   5381072
256   6478540
256   6474232
256   6286192
256   5452636
256   5409876
256   6382908
256   6074116
256   5464600
256   6183212
256   6424368
256   6291616
256   6484652
256   5564796
256   5847236
256   5743564
256   6685440
256   5828312
256   5552920
256   6413328
256   6643548
256   5746660
256   6289584
256   5606664
256   5373860
256   6227604
256   6508708
256   6195420
256   5489216
256   5335164
256   6170444
256   6452324
256   5792140
256   5451548
256   6425472
256   6367916
256   6179060
256   5467272
256   5415776
256   5465448
256   6408636
256   6097272
256   5783392
256   5659148
256   5823084
256   6372376
256   6040116
256   6456656
256   6047412
256   5670892
256   6747192
256   6294004
256   6136956
256   5544616
256   5385268
256   6398036
256   6112288
256   6157548
256   5583716
256   5096292
256   6601724
256   6033832
256   6190844
256   5696012
256   5309640
256   6057336
256   5937116
256   5918968
256   6122176
256   5465892
256   6210040
256   5973668
256   6036092
256   5706160
256   5803436
256   6520840
256   6458628
256   6302980
256   5526556
256   6747152
256   6306716
256   5940284
256   5489588
256   6186732
256   5551432
256   6143952
256   6143708
256   6675224
256   5634468
256   6316292
256   6189880
256   5668056
256   6498232
256   6267136
256   5683828
256   6271460
256   5973680
256   6275260
256   5295508
256   5663988
256   6466528
256   5614664
256   5617032
256   5344592
256   5969884
256   6781744
256   6188532
256   6439280
256   5695248
256   6273552
256   6105216
256   5746988
256   6589304
256   5711400
256   6225192
256   6385328
256   5928944
256   5493768
256   6058128
256   6172372
256   6479956
256   6229052
256   6229720
256   5599812
256   6641488
256   6137540
256   5853368
256   6289052
256   5828848
256   6634244
256   6397280
256   5500428
256   6283904
256   5549776
256   6286480
256   6194508
256   5684696
256   5485524
256   6006912
256   6154052
256   5840396
256   6318820
256   6410412
256   5284892
256   6471404
256   5952688
256   5487748
256   6528908
256   5419972
256   6295052
256   6541052
256   5027332
256   5436512
256   5698604
256   6419196
256   5706256
256   5388436
256   6068468
256   6717524
256   6630228
256   5501524
256   5197072
256   5857988
256   6357468
256   6558240
256   6007616
256   6099884
256   5396968
256   6444088
256   6240964
256   6470084
256   5701404
256   5106672
256   6597204
256   6075788
256   5720768
256   6086196
256   5230464
256   6828172
256   6190992
256   6379356
256   6432532
256   5434148
256   6316412
256   6571780
256   5227476
256   6294688
256   5634428
256   6261192
256   6770572
256   5449632
256   5995552
256   5359280
256   6516028
256   6702628
256   6491948
256   5487212
256   5270644
256   6317840
256   6162404
256   5992580
256   5467436
256   5204860
256   6549524
256   5803820
256   6130832
256   6489664
256   5044608
256   6478816
256   6547940
256   5624168
256   5422036
256   5494620
256   6451116
256   5984980
256   6142728
256   5429288
256   6294048
256   6475960
256   6092440
256   6104804
256   6712908
256   5510456
256   6344208
256   5964608
256   6087584
256   5311476
256   6227928
256   6377572
256   5965228
256   5776184
256   5665264
256   6312412
256   6207868
256   6092900
256   6563400
256   5317636
256   6478016
256   6521204
256   6168628
256   5509844
256   5072696
256   6325308
256   6454700
256   5303268
256   6650120
256   5171952
256   5178756
256   6210540
256   6271596
256   5533108
256   5849992
256   6121740
256   6810372
256   6204852
256   5661016
256   5038452
256   6157828
256   6425624
256   5868616
256   6200692
256   5472104
256   6604736
256   5971304
256   5766040
256   6336524
256   5939956
256   6133784
256   6138988
256   6053148
256   5714092
256   5208040
256   6304264
256   6391368
256   5551156
256   5559872
256   5537352
256   6373664
256   5806712
256   5855952
256   5311732
256   5112672
256   6411608
256   5676672
256   5629976
256   5846924
256   5269688
256   6592360
256   6606040
256   6005208
256   5511228
256   5826480
256   6366060
256   6284740
256   6256088
256   6345812
256   5397732
256   6408632
256   6016944
256   5703772
256   6089736
256   6455412
256   6398816
256   5699992
256   5994156
256   5483816
256   5549108
256   6361672
256   5651032
256   5679816
256   5582060
256   5487772
256   5234988
256   6495864
256   6013568
256   5877956
256   5648348
256   6527260
256   6249660
256   6232676
256   6492392
256   5993040
256   6155080
256   5560792
256   6264804
256   5299700
256   4942800
256   6079608
256   6302264
256   6435600
256   5746540
256   5152668
256   6419288
256   6566296
256   5479496
256   5293796
256   5938552
256   6643076
256   6183492
256   5203224
256   6494472
256   6332104
256   6067144
256   6243364
256   5947632
256   6105160
256   5660892
256   6064760
256   5774596
256   6236728
256   5811264
256   5296140
256   6464976
256   6064404
256   6589720
256   6584940
256   5231204
256   6415476
256   5759668
256   5942536
256   6049688
256   6144976
256   6350176
256   6276628
256   6463412
256   6332300
256   6120932
256   6627664
256   5862172
256   6519092
256   5594404
256   5420076
256   6396060
256   6096024
256   6283612
256   6019500
256   6470668
256   6561172
256   6099616
256   5826872
256   6262196
256   6162548
256   6601840
256   6527348
256   6345780
256   5715408
256   5357056
256   6395164
256   6045568
256   5586744
256   5590380
256   5844100
256   6335812
256   6500076
256   5595404
256   5756308
256   6510060
256   6628236
256   6179576
256   6082884
256   6188340
256   6090468
256   5939484
256   5868932
256   5413220
256   5156284
256   6472672
256   6105068
256   5428864
256   5593296
256   5105412
256   6266036
256   6579780
256   5258088
256   5356292
256   5681384
256   6517540
256   6013712
256   6053528
256   5833260
256   5367756
256   6465896
256   6377844
256   5805148
256   5570324
256   5662560
256   6547024
256   6055972
256   5206436
256   5540680
256   5597188
256   6343344
256   6055340
256   6050484
256   5634220
256   6355572
256   6584444
256   6110436
256   6059940
256   5348552
256   5108372
256   6403976
256   6356648
256   5927136
256   5329760
256   5902596
256   6186224
256   5879064
256   6576148
256   6416424
256   5767180
256   6325632
256   5718496
256   5046208
256   5561464
256   6678088
256   6293788
256   5865864
256   6221116
256   5859540
256   5247064
256   6447016
256   6200876
256   6529072
256   5523428
256   5427188
256   6248544
256   6120064
256   6233844
256   6322964
256   5954716
256   6292936
256   5904664
256   5785572
256   6022316
256   5729056
256   6367092
256   6225400
256   6400608
256   5552840
256   5653860
256   6155176
256   5758712
256   5764364
256   5163356
256   6374260
256   6452820
256   6275088
256   5187972
256   6349288
256   6133828
256   6195860
256   6503396
256   5938532
256   5157572
256   5563196
256   6248304
256   5629120
256   5655540
256   6059492
256   6055296
256   6204808
256   6175736
256   5770508
256   6371252
256   6296812
256   6361908
256   5773936
256   5901568
256   6477716
256   5471516
256   6569516
256   5692744
256   5638968
256   5882284
256   6556528
256   5814116
256   5412104
256   6386884
256   5902164
256   6478344
256   6425372
256   6117900
256   5896376
256   5747072
256   6261696
256   5598996
256   5634608
256   6265472
256   5659520
256   6746780
256   6140520
256   6540516
256   6193828
256   5415648
256   6458232
256   6041584
256   6499512
256   5949860
256   5165684
256   6305460
256   6308560
256   5489628
256   6450260
256   5509968
256   6468784
256   5667948
256   6102736
256   5378912
256   5673124
256   6522016
256   5921048
256   5360908
256   6216884
256   6002628
256   6582356
256   5495120
256   5503088
256   5374368
256   5259360
256   5940248
256   6438868
256   5061040
256   6350620
256   6496580
256   6505100
256   6457936
256   6124184
256   6093940
256   6347604
256   6574160
256   5642400
256   5853452
256   6585564
256   5423248
256   6611604
256   5933204
256   6151692
256   5561584
256   6057692
256   6266500
256   6346140
256   6062416
256   6430836
256   5347076
256   6380420
256   5535712
256   6494972
256   6263152
256   5621996
256   6408556
256   6170720
256   5447996
256   5405248
256   6106376
256   5860476
256   6231984
256   6213252
256   6094976
256   6337224
256   6019136
256   5568540
256   6440196
256   5378652
256   6545176
256   6377644
256   6586648
256   5282752
256   6490496
256   6228236
256   6429016
256   5909524
256   5763572
256   5600696
256   6529264
256   6203724
256   6076364
256   5903812
256   5493292
256   6273024
256   5835324
256   5099900
256   6299584
256   5337656
256   6450316
256   6209560
256   6269140
256   5919164
256   5872220
256   6389104
256   6033848
256   5715216
256   6167560
256   5632388
256   6541852
256   6155212
256   5401420
256   5374020
256   5346668
256   6835488
256   5825624
256   6225084
256   5751360
256   6232464
256   6564456
256   5739152
256   6014492
256   6120496
256   5902888
256   6177380
256   5726668
256   5802352
256   6030844
256   6464160
256   6567448
256   6448776
256   6039636
256   6050364
256   6568772
256   6360036
256   5301996
256   5177136
256   6395776
256   6599588
256   6300400
256   6532136
256   5589032
256   6372476
256   6632644
256   6312872
256   5759600
256   6552276
256   5510984
256   6468236
256   5870656
256   6371332
256   5845400
256   5631156
256   6645360
256   5669596
256   5443352
256   5654628
256   6146676
256   6260136
256   6127660
256   6543972
256   5983588
256   5481524
256   6663172
256   5834888
256   5503404
256   5855540
256   6167616
256   6421708
256   6733312
256   6245792
256   5891100
256   6596596
256   6618340
256   6095544
256   6001680
256   5457344
256   6108576
256   5754424
256   6183792
256   5452224
256   6129532
256   6333092
256   6110644
256   5402828
256   5419040
256   6398412
256   6729564
256   5655452
256   5979972
256   5348392
256   5348268
256   6442704
256   6079112
256   6345332
256   5776352
256   5268036
256   6570212
256   5983188
256   5443492
256   6138940
256   5555196
256   6903880
256   6021120
256   5181932
256   5276376
256   5986840
256   6037588
256   6366820
256   5729732
256   6402236
256   5653212
256   6516792
256   6452132
256   5499012
256   5204328
256   6123304
256   6704996
256   5802160
256   5333940
256   6162296
256   5531396
256   6198456
256   6425420
256   5778876
256   5151804
256   5514868
256   6430120
256   6412440
256   6336960
256   5930036
256   6015364
256   6290616
256   5481704
256   6210760
256   5839108
256   5886484
256   6751024
256   5922724
256   5348484
256   5757648
256   6240672
256   6091948
256   5803912
256   5566876
256   5254844
256   5824232
256   6324964
256   6076444
256   5381092
256   5256648
256   5525748
256   6173348
256   5960988
256   5281336
256   5134712
256   6183472
256   6353004
256   5970800
256   6109320
256   5495952
256   5559660
256   6118328
256   5936248
256   5741144
256   6345112
256   5627952
256   6656580
256   5153820
256   6314168
256   5965864
256   5450004
256   6500444
256   5751140
256   6464032
256   6062992
256   5198052
256   6089456
256   5726392
256   5705168
256   5794988
256   5672524
256   6506448
256   6422160
256   6287572
256   4972876
256   5842876
256   6606904
256   5796824
256   5861816
256   5741768
256   5780380
256   6530312
256   5870936
256   6433576
256   5127388
256   5605696
256   6354156
256   6442212
256   5892244
256   5489596
256   5202344
256   6338704
256   5977220
256   6150656
256   5304688
256   5945204
256   6157972
256   5927304
256   5205816
256   6044616
256   5615364
256   6171172
256   5831880
256   5467232
256   5218648
256   5537920
256   6475904
256   5741056
256   5469904
256   6375520
256   5632296
256   6372932
256   6619800
256   5576040
256   5512544
256   5350728
256   6326288
256   6091940
256   6347468
256   5527016
256   5621976
256   6179152
256   5750220
256   5275852
256   6169064
256   5289664
256   6496876
256   6246396
256   6044916
256   5782076
256   5305208
256   6366772
256   6131944
256   6386864
256   5309672
256   5509676
256   6589604
256   6161964
256   6069152
256   6151624
256   5542264
256   6438632
256   6561156
256   6622356
256   5720672
256   5334536
256   6486468
256   6188784
256   6370712
256   5740144
256   5121224
256   5661060
256   6371772
256   5988908
256   5509460
256   5636864
256   5951064
256   6242412
256   6692724
256   5403672
256   5476132
256   6390788
256   5643036
256   5865960
256   5441296
256   6471624
256   6644568
256   6457092
256   5645824
256   5046428
256   5617824
256   6758976
256   6361948
256   6092524
256   6454884
256   6402720
256   6416688
256   6427916
256   6299788
256   6519360
256   5720192
256   6373356
256   6485716
256   5306112
256   5262836
256   6270652
256   6253632
256   5976324
256   5652600
256   5520376
256   6271128
256   6300692
256   6431136
256   5557500
256   5426408
256   5785640
256   6502920
256   5822664
256   5404020
256   5632668
256   6856696
256   6123984
256   6198284
256   5557540
256   5765408
256   6530300
256   6267920
256   5101152
256   5571652
256   6354164
256   6320464
256   6378620
256   5827196
256   6430804
256   5755108
256   6249236
256   5996852
256   5870708
256   6364732
256   6259588
256   6775024
256   6363736
256   5402712
256   5285276
256   6198352
256   6398856
256   5752184
256   5857948
256   6171388
256   6836036
256   6226884
256   6192144
256   5669056
256   6292796
256   6260288
256   6112152
256   5160328
256   5291972
256   5635168
256   6501756
256   6124868
256   6656320
256   5835400
256   6383696
256   6323304
256   6389568
256   6237700
256   5605804
256   6498616
256   6454052
256   6266940
256   5517072
256   5233664
256   6072628
256   5937424
256   6521772
256   6609416
256   5404220
256   6520296
256   6339620
256   6297336
256   6024160
256   5377112
256   6487772
256   5624652
256   5231808
256   5524264
256   6243124
256   6409344
256   6184180
256   5465712
256   5593668
256   6188572
256   6587592
256   5387972
256   6379704
256   5405172
256   6240092
256   6133220
256   5452700
256   5529728
256   6594544
256   6490712
256   5936340
256   6145452
256   6208240
256   5401824
256   6430368
256   6132672
256   5730112
256   6088268
256   5928620
256   6354420
256   6323224
256   5537728
256   6169192
256   6686432
256   6202172
256   6490064
256   6133344
256   6577496
256   5431316
256   6238308
256   6402552
256   6104132
256   5421124
256   5750184
256   6334016
256   5798764
256   5689840
256   5289636
256   6366540
256   6547680
256   5315064
256   6231784
256   6281348
256   6459888
256   6170380
256   5428216
256   5462932
256   5550712
256   6435608
256   6237864
256   5516812
256   6171400
256   6468652
256   5452808
256   5117040
256   6416628
256   5524304
256   6367108
256   5888944
256   6069188
256   5765272
256   6174772
256   6658260
256   6447632
256   6153908
256   6150288
256   5555400
256   6414516
256   6130216
256   6268388
256   5739384
256   5826128
256   6494980
256   6265360
256   6138788
256   5741420
256   5603156
256   6329276
256   6035260
256   6165148
256   5568564
256   6082228
256   6586804
256   6238308
256   5594548
256   5394344
256   5845548
256   6408244
256   6540400
256   5295180
256   5882856
256   5979884
256   6348264
256   6043956
256   5328784
256   5573204
256   6552748
256   6723124
256   6176424
256   5311840
256   6689316
256   6381704
256   6149756
256   5784552
256   5526792
256   6040456
256   6591932
256   5754708
256   5669504
256   5573308
256   5166356
256   6263680
256   6331644
256   6272808
256   5198500
256   5422112
256   6874404
256   6142464
256   5321356
256   5362132
256   5351560
256   6119872
256   6266568
256   5996624
256   5201044
256   5794356
256   6366792
256   5847516
256   6019168
256   6421528
256   6046000
256   6079636
256   6318568
256   5990952
256   5506740
256   5402728
256   6708696
256   6160856
256   6654340
256   6520832
256   5442392
256   6239008
256   6284904
256   6382948
256   5935844
256   5270972
256   6175432
256   6099148
256   5970644
256   5357888
256   5611928
256   6450832
256   6152028
256   5748764
256   5236188
256   5715332
256   6309816
256   5906008
256   5461652
256   5287736
256   6505920
256   6209576
256   6219064
256   5864508
256   6033288
256   5378628
256   6469028
256   6044068
256   5566940
256   6341740
256   6302764
256   6716056
256   6212864
256   6550080
256   5547364
256   5212812
256   6639576
256   5600440
256   6281176
256   5990952
256   5513856
256   6692180
256   5568812
256   6329256
256   5635876
256   6277896
256   6627760
256   6280316
256   5907140
256   5936388
256   5375292
256   6557588
256   6004548
256   5544764
256   6372844
256   5911032
256   6309972
256   5794212
256   4985116
256   6432524
256   6212896
256   6597476
256   6436116
256   6250348
256   5809048
256   5828672
256   6379240
256   6291948
256   5230036
256   5412104
256   5785752
256   6238408
256   5627432
256   5849300
256   5844188
256   6596588
256   6363932
256   6257956
256   5679924
256   6247148
256   6117336
256   6114584
256   6358524
256   6298568
256   5468012
256   6430956
256   5653768
256   5781176
256   4953544
256   5831328
256   6449172
256   5901932
256   5663928
256   5854944
256   6121240
256   6258964
256   5988492
256   6367300
256   5548928
256   6358832
256   6438732
256   6227508
256   6148616
256   5491816
256   6171428
256   6387880
256   6364512
256   6418332
256   6038832
256   5395992
256   6108280
256   5826260
256   6215744
256   6430396
256   5663152
256   6108972
256   5943396
256   5634892
256   5565336
256   6285204
256   6556196
256   5844484
256   5570316
256   6141236
256   5849124
256   6045552
256   6170548
256   5445692
256   5083508
256   5782252
256   6625948
256   5904908
256   5795456
256   6167868
256   6113612
256   6741356
256   6551512
256   5633612
256   5848048
256   5499564
256   6532876
256   5919396
256   6134504
256   6069560
256   5313560
256   6196728
256   6397364
256   5151472
256   5681408
256   5283904
256   6067860
256   5686248
256   5764496
256   5555616
256   5671880
256   6916124
256   6167944
256   5289504
256   5537000
256   5720948
256   6442060
256   6294100
256   6537016
256   5492160
256   5664452
256   6616844
256   6270352
256   5173444
256   5887284
256   5868624
256   6119964
256   6091616
256   5618988
256   6590416
256   6108356
256   6347540
256   6106792
256   5763352
256   5597836
256   5558632
256   6367032
256   6566680
256   6193872
256   6095360
256   6228516
256   6135992
256   5697504
256   6276844
256   6404516
256   5332808
256   6152288
256   6516216
256   5280376
256   5239556
256   6201984
256   6459456
256   6337256
256   5456880
256   5527116
256   6001332
256   6869056
256   5867764
256   5380912
256   5492812
256   5650400
256   6661428
256   6021648
256   5743988
256   5779728
256   5740028
256   6588220
256   6611156
256   6021148
256   5879180
256   6662268
256   6263564
256   5863596
256   6017408
256   6183872
256   5853708
256   6521368
256   6279628
256   6547444
256   6204248
256   6030068
256   6297988
256   5895964
256   5629516
256   6267508
256   5787124
256   6158608
256   5540856
256   6107700
256   6084756
256   6485988
256   6662304
256   6559556
256   6261588
256   6257352
256   6373940
256   6215000
256   5648612
256   6290108
256   6289200
256   6470928
256   5985328
256   6279864
256   6070552
256   6517924
256   6467552
256   6212696
256   5012584
256   5340352
256   5296096
256   6383156
256   5842784
256   5859932
256   5536996
256   5828044
256   6429560
256   6079868
256   5372716
256   5923592
256   6248636
256   5924500
256   5731152
256   5204392
256   5257332
256   6316816
256   6574412
256   5677548
256   5745080
256   6195484
256   6252088
256   6275348
256   5323328
256   6247848
256   5509232
256   6585628
256   5739248
256   5597412
256   5404540
256   5983592
256   6629984
256   5898188
256   5467592
256   5348912
256   5512636
256   6363712
256   6443616
256   4975596
256   6293564
256   5365364
256   6318520
256   6464852
256   4894080
256   5470272
256   5917044
256   6606244
256   6417864
256   5328836
256   6194216
256   5854112
256   6797260
256   5930232
256   5795596
256   6134444
256   5629044
256   6370952
256   5806432
256   5577156
256   6073352
256   4955604
256   6403948
256   6192812
256   6586524
256   5479500
256   5309448
256   6297536
256   6580000
256   5516648
256   5622044
256   5543220
256   6591040
256   6231108
256   6320624
256   6318504
256   5365704
256   6303020
256   5798020
256   6118468
256   5733096
256   5667884
256   6450312
256   6055972
256   5870964
256   5950712
256   6462420
256   6565904
256   6298960
256   5576264
256   6017808
256   5274088
256   6423576
256   6316252
256   5540412
256   6222468
256   5271328
256   6107692
256   6319220
256   5539616
256   5357068
256   5489104
256   5831160
256   6078180
256   6306644
256   5477480
256   5362148
256   5447420
256   6301320
256   6162860
256   6176044
256   6078076
256   5973688
256   6596172
256   5579632
256   5846484
256   6012276
256   5392420
256   6550336
256   5985052
256   5620476
256   6175364
256   5380924
256   6569752
256   6379700
256   5386596
256   5056464
256   5707524
256   6386804
256   5882976
256   5604200
256   5254024
256   5195736
256   6546832
256   5993608
256   6073428
256   6459212
256   6223064
256   6532860
256   6347608
256   5719944
256   5884080
256   5719208
256   6463276
256   5418824
256   5318380
256   5944296
256   6677192
256   6353712
256   5559096
256   5953112
256   6345340
256   6222096
256   6565544
256   6200424
256   6139212
256   5568056
256   5416700
256   6443028
256   6223000
256   5667536
256   5280076
256   5386540
256   6401104
256   5945264
256   6108056
256   6240384
256   5379708
256   6407524
256   5990176
256   5744936
256   5462752
256   5978272
256   6759524
256   6330536
256   6407144
256   6254348
256   6546220
256   6477572
256   5534236
256   6033308
256   5517480
256   6381260
256   5817760
256   5152128
256   5492616
256   5513744
256   6327464
256   6006288
256   6266548
256   6483932
256   6452884
256   6647476
256   5966008
256   6466916
256   6260592
256   6230572
256   6554432
256   5836080
256   6643728
256   5844780
256   5404952
256   6383936
256   5910720
256   6079012
256   5251176
256   6044184
256   6558408
256   6443944
256   5473124
256   5957752
256   5515816
256   6498572
256   6144792
256   6422836
256   5735912
256   6558964
256   6360948
256   6057160
256   6222040
256   5358488
256   5775100
256   6181780
256   6478508
256   5156996
256   6106472
256   6489916
256   6250120
256   5504936
256   6140928
256   6402300
256   6329064
256   6556500
256   5884708
256   5753588
256   6464288
256   6498912
256   6209376
256   6746144
256   5972728
256   4980668
256   6362368
256   6260956
256   5454100
256   5728176
256   5664916
256   6497680
256   6547072
256   6001000
256   6024124
256   5614304
256   6467740
256   6072272
256   6349268
256   5522096
256   5007916
256   6220748
256   6532532
256   6360780
256   5902412
256   6536764
256   6220356
256   5653724
256   6006984
256   5823300
256   6422976
256   6247284
256   6130120
256   6076576
256   5562776
256   6643388
256   6332932
256   6159836
256   5229604
256   6542800
256   6227796
256   5956432
256   5509328
256   5718668
256   5538100
256   6137744
256   5494664
256   5911484
256   5608748
256   6208392
256   6385292
256   5968156
256   5390644
256   6114812
256   5400532
256   6464752
256   6487012
256   6650156
256   6225396
256   6283976
256   6254348
256   5751420
256   5777668
256   6222896
256   6605664
256   6083392
256   6256868
256   6453332
256   5672236
256   6316824
256   5961480
256   5866140
256   6172660
256   5334940
256   6537732
256   6138080
256   5403552
256   5963420
256   6306632
256   6440100
256   6379544
256   5431508
256   5986788
256   6511488
256   6603988
256   5538188
256   5527376
256   5483412
256   5323908
256   6390076
256   5898052
256   6005444
256   6385188
256   5554052
256   6131520
256   5645856
256   5808728
256   5483420
256   5595632
256   6708696
256   6134672
256   5573068
256   5518200
256   5773908
256   6441352
256   6502104
256   5417632
256   5922832
256   5714124
256   6650340
256   6585768
256   5628792
256   5789540
256   5490080
256   6524736
256   6102560
256   6269120
256   5791944
256   5209904
256   6139204
256   5999644
256   6296544
256   6504832
256   5375172
256   6628444
256   6324276
256   6229548
256   5821076
256   5996400
256   6418776
256   6231372
256   5384912
256   6297160
256   5343360
256   6468464
256   6492312
256   5852432
256   6520432
256   5440384
256   6480204
256   6007120
256   5402744
256   6564512
256   6116204
256   6796612
256   5556032
256   5629124
256   6361396
256   6776104
256   6334864
256   5655240
256   5495076
256   5691792
256   6601512
256   6122136
256   5502976
256   6795944
256   6242200
256   6445008
256   6149556
256   6316924
256   5404428
256   6265952
256   6374496
256   6284668
256   6338636
256   5645224
256   5962984
256   6526500
256   5868600
256   5129472
256   5628784
256   5339836
256   6240860
256   6210296
256   5446556
256   5830868
256   5431644
256   6389268
256   6275556
256   5254988
256   6133028
256   5393752
256   6404848
256   5854524
256   6277664
256   5198876
256   5878140
256   6167644
256   5506036
256   5598052
256   5596500
256   6355764
256   5296552
256   5813300
256   5633068
256   6270792
256   6325356
256   6490172
256   6123432
256   6672952
256   6142864
256   6129580
256   6481708
256   6025052
256   5577696
256   5511276
256   5947792
256   6622276
256   6349372
256   6340264
256   6617276
256   6121772
256   6405768
256   6239672
256   5828884
256   5341768
256   5749548
256   6605772
256   6086592
256   5865532
256   6037476
256   5837396
256   6490544
256   5875312
256   6428880
256   5737812
256   6263976
256   6665784
256   5801460
256   6157488
256   6421580
256   6705152
256   6116540
256   5907796
256   6049508
256   5523796
256   6666684
256   6143828
256   6227764
256   5615008
256   6492652
256   5975056
256   6206992
256   6374560
256   5658532
256   5665892
256   6447972
256   6187196
256   6418328
256   6406992
256   6001192
256   6424400
256   5931732
256   5610524
256   5199812
256   6606316
256   6295692
256   5932416
256   5730568
256   6076992
256   6326812
256   6126180
256   6033620
256   5886828
256   6175244
256   6563996
256   6251868
256   5671544
256   5408492
256   6122336
256   6245512
256   6061832
256   6293108
256   6203916
256   5580400
256   6385392
256   6316028
256   5611768
256   5820464
256   6200152
256   6491788
256   6562356
256   6306660
256   5941456
256   6230772
256   6530720
256   5635076
256   5808268
256   5539856
256   6532876
256   5702040
256   5508496
256   5925936
256   6066652
256   6788364
256   5946900
256   6069144
256   5940720
256   5630900
256   6275420
256   6441064
256   5481452
256   6294788
256   6262592
256   6389788
256   6203116
256   6385692
256   6160576
256   5899992
256   6093148
256   6019416
256   6081000
256   5956496
256   5685548
256   6306684
256   5536596
256   6266596
256   5713172
256   5979020
256   6782288
256   6198580
256   6224660
256   6199420
256   6022456
256   6069456
256   6835116
256   5427632
256   6152440
256   6294564
256   6417088
256   5390116
256   5605872
256   5432848
256   6404236
256   5906932
256   5905008
256   6642220
256   5653552
256   6097996
256   5916936
256   6196796
256   5703092
256   6317552
256   6064164
256   6257972
256   5546188
256   5815000
256   5786528
256   6447952
256   5785508
256   5532400
256   6575296
256   6486412
256   6445196
256   6654252
256   5495608
256   5600396
256   6450584
256   6440208
256   6236016
256   5232660
256   5787672
256   5583440
256   6437996
256   6381180
256   5811492
256   5369036
256   6222156
256   6232932
256   6434892
256   6532328
256   6560072
256   6438576
256   6457076
256   6277764
256   5342756
256   6568708
256   6511696
256   6096880
256   5799556
256   6313932
256   5438060
256   6598408
256   5876588
256   6334188
256   5631956
256   5537652
256   6009000
256   5950360
256   5830320
256   5724680
256   5570488
256   6230544
256   6324568
256   5506968
256   5872464
256   4874608
256   6562472
256   6117184
256   5831864
256   5426524
256   6116972
256   6475160
256   6815816
256   5551852
256   5907560
256   6416780
256   6571640
256   5908624
256   5180012
256   5842864
256   6638224
256   5945048
256   5857588
256   5962012
256   6006016
256   6507628
256   6242812
256   5411768
256   6115512
256   5264644
256   6408776
256   6345088
256   6012376
256   5898008
256   5415640
256   5973552
256   5990696
256   5146700
256   6297728
256   5569644
256   6640084
256   6040600
256   5755824
256   6021084
256   5586228
256   6414984
256   6475056
256   6007216
256   5803440
256   6082276
256   6255852
256   6102240
256   5453736
256   6199004
256   5892644
256   6677440
256   6031344
256   5934012
256   5304164
256   6394852
256   6397064
256   6029656
256   5354144
256   5431028
256   6269016
256   6491308
256   5552980
256   5500996
256   5650164
256   5974560
256   6352256
256   6354848
256   5428536
256   6089208
256   6605280
256   6373560
256   5828120
256   6209616
256   5494844
256   6402180
256   6603664
256   5674488
256   6269468
256   6251400
256   6108916
256   6035208
256   6446224
256   5559348
256   5533508
256   6338196
256   6366608
256   5896004
256   5403532
256   6356716
256   6143760
256   6091956
256   5790232
256   6368044
256   5106292
256   6482296
256   6483504
256   5452940
256   5917928
256   5670168
256   5954824
256   5904128
256   6084648
256   5089424
256   5176148
256   6339968
256   5869520
256   6450464
256   5957812
256   5440896
256   6475284
256   6477684
256   5304132
256   6666520
256   5497912
256   6627248
256   5807964
256   6103524
256   6793000
256   6202048
256   6359328
256   5770940
256   6031684
256   6385948
256   6275492
256   6361036
256   6483912
256   5633156
256   5093064
256   6043956
256   6363040
256   6286456
256   5809988
256   5569248
256   6380228
256   6301728
256   6171788
256   6160652
256   6441916
256   5554528
256   6607708
256   6431792
256   5850228
256   5557596
256   6285180
256   6466992
256   5398984
256   5541812
256   5329676
256   6200396
256   5853880
256   5399608
256   5853444
256   6118820
256   6428472
256   5833304
256   5526064
256   5324396
256   5518216
256   6426876
256   6538256
256   6082644
256   5364176
256   5821312
256   6173204
256   6208340
256   5347692
256   5992592
256   5206880
256   6232824
256   6003724
256   5976360
256   5251304
256   6498608
256   6504928
256   6546448
256   6004008
256   6326680
256   5671344
256   6560532
256   5953956
256   6060740
256   5702780
256   5164204
256   6521904
256   6346040
256   5333604
256   6165324
256   6224508
256   6394784
256   6324800
256   6692752
256   6075672
256   5940132
256   6449360
256   6183024
256   5515036
256   5442776
256   5174208
256   6460952
256   6305324
256   5975164
256   6226780
256   6102280
256   6596012
256   6512348
256   5336848
256   6308700
256   6433080
256   6267824
256   6212556
256   5616796
256   5848148
256   5687016
256   6309892
256   5879424
256   5522812
256   5965504
256   6187708
256   6619468
256   6372328
256   5582760
256   5260116
256   5649676
256   6414868
256   5480864
256   5956468
256   6607260
256   5982724
256   6775616
256   5764824
256   6080972
256   5983320
256   6603620
256   6336064
256   6277492
256   5890300
256   6269328
256   6433408
256   5965612
256   5969736
256   5821180
256   6147596
256   6265048
256   6364448
256   5448640
256   6016048
256   5365140
256   6163864
256   6018096
256   6281788
256   5580564
256   6358768
256   6473360
256   6502924
256   5849300
256   4850352
256   5667428
256   6366348
256   6325328
256   5932864
256   5651764
256   5406272
256   6210712
256   6508476
256   5963844
256   5890212
256   5584404
256   6365920
256   6259164
256   6191168
256   5189532
256   6407692
256   6306876
256   5761224
256   6504440
256   5661844
256   6116944
256   6695024
256   5401236
256   6327816
256   5070692
256   6229620
256   6592688
256   6155840
256   6289676
256   5403708
256   6312524
256   6753692
256   5695676
256   6345984
256   5235336
256   6453552
256   5845788
256   6398440
256   6123056
256   4978704
256   6287784
256   5830624
256   5575012
256   6186940
256   5701164
256   6649288
256   6420308
256   5436948
256   5905444
256   5732820
256   6318984
256   6286612
256   6167372
256   6365348
256   5250552
256   6465032
256   5718844
256   5816692
256   5509428
256   5492920
256   6302808
256   6320536
256   5632032
256   5967232
256   5946304
256   6404520
256   5665584
256   5495512
256   6071672
256   6735588
256   6947332
256   6215912
256   5437740
256   5445644
256   5852384
256   6469904
256   5804992
256   5634180
256   6329780
256   6850544
256   6493612
256   5953316
256   6374096
256   6513340
256   6342216
256   6490912
256   6265656
256   5561916
256   5157004
256   6586288
256   5949396
256   6273672
256   5205724
256   5391292
256   6606740
256   6511728
256   5534920
256   5504864
256   6476768
256   6396480
256   6334372
256   5856500
256   5539604
256   5617100
256   6364748
256   5963972
256   6622536
256   5836676
256   5175592
256   6395660
256   5994032
256   5208644
256   5417228
256   6315664
256   6710908
256   5740440
256   5425928
256   5832264
256   6246024
256   6526660
256   5911640
256   6152080
256   6176988
256   5463500
256   6111980
256   6602664
256   6274768
256   6015608
256   6151604
256   6592332
256   5964120
256   6024020
256   5234764
256   6338680
256   6566464
256   6215568
256   5540436
256   6171636
256   5812848
256   6284112
256   6339328
256   5535336
256   5432836
256   5491240
256   6241356
256   5878652
256   5512240
256   6272468
256   5628428
256   6434952
256   6146156
256   5413844
256   6381680
256   6350276
256   6175932
256   5383340
256   6354888
256   5999124
256   6528932
256   5839512
256   6411732
256   5301624
256   6171492
256   6602092
256   6241064
256   5393296
256   5953076
256   5483728
256   6519056
256   6015268
256   6131052
256   6121540
256   6247100
256   6391152
256   6051528
256   6091324
256   5516236
256   5480940
256   6265236
256   6556152
256   6149964
256   5631676
256   5061796
256   6497004
256   5746832
256   5526936
256   5657304
256   6227948
256   6412788
256   6306592
256   5568312
256   5947584
256   5913984
256   6383184
256   6610048
256   5357724
256   6277548
256   5704940
256   6304288
256   6190496
256   5292476
256   5910380
256   6153152
256   6437080
256   6173436
256   5977124
256   5974152
256   5921068
256   6394132
256   6159632
256   5367536
256   5913220
256   5861852
256   6530084
256   6358952
256   6553000
256   5230376
256   5609036
256   6213780
256   5668884
256   5749332
256   6170148
256   6141444
256   6480788
256   6576116
256   5538436
256   6232144
256   6311016
256   6097096
256   6313668
256   6475220
256   6427032
256   6292040
256   6321668
256   5875132
256   5544540
256   5733420
256   6310196
256   6479476
256   5849708
256   6545036
256   5256220
256   6058496
256   6013264
256   5874864
256   6219328
256   5226232
256   6107000
256   6256984
256   5407820
256   5570084
256   5892140
256   6390088
256   5536688
256   5835628
256   5805616
256   5482432
256   6272212
256   5859100
256   6258728
256   5815492
256   5342528
256   5938172
256   6412296
256   6219080
256   5536196
256   5807600
256   6687584
256   6206192
256   6295580
256   5303404
256   5745468
256   6334836
256   5761808
256   5525828
256   6088488
256   5415124
256   6647184
256   6185040
256   5513032
256   5236764
256   6420332
256   6761828
256   6295636
256   6089732
256   5491540
256   6190172
256   6686160
256   5957960
256   5444884
256   5423540
256   5960588
256   6347392
256   6759936
256   6460544
256   5740300
256   6220936
256   6552952
256   6237984
256   6331884
256   5395912
256   5624188
256   6466768
256   5774420
256   5667564
256   6431176
256   4882660
256   6464772
256   6046424
256   5844112
256   5760440
256   6256036
256   6043076
256   5806604
256   6268712
256   6137492
256   6176048
256   6594544
256   6016764
256   6006056
256   5303408
256   5783324
256   6404828
256   5465232
256   5310312
256   5753056
256   6347100
256   5656544
256   6111076
256   5749840
256   5627632
256   6198496
256   6278308
256   5971800
256   5876732
256   5334364
256   6448368
256   6113220
256   5644224
256   5320856
256   5477760
256   6281232
256   6207972
256   5538756
256   5594372
256   5017212
256   6237572
256   6344252
256   5518520
256   6473036
256   5855884
256   6340028
256   5710792
256   5926300
256   5781984
256   6677952
256   6103876
256   6313932
256   6398120
256   6305656
256   5136460
256   5828716
256   5924656
256   5481108
256   5404732
256   5405388
256   5251140
256   6537684
256   6775084
256   5793356
256   6217612
256   5366492
256   6194140
256   6121892
256   5948868
256   6568940
256   6127284
256   6155532
256   5929296
256   5539260
256   5678640
256   5921920
256   6440844
256   6295364
256   5482216
256   5519096
256   6497416
256   6394480
256   5441524
256   6251476
256   5456732
256   5189968
256   6592368
256   6214784
256   5341832
256   6115212
256   6510240
256   6610660
256   6107120
256   5716616
256   5448280
256   6281912
256   6096292
256   5729408
256   5340368
256   5481416
256   6413372
256   6392420
256   5696564
256   5416320
256   5578180
256   6773488
256   6502876
256   6427752
256   6417640
256   6073132
256   6574880
256   6400028
256   5423412
256   5816604
256   5832072
256   6275032
256   5774848
256   6048380
256   5162308
256   6239272
256   6019128
256   5817076
256   5591504
256   5266904
256   5868872
256   6704888
256   5890536
256   5607876
256   6037536
256   5780180
256   6291604
256   5578020
256   6524424
256   6449620
256   5429628
256   6346912
256   6198560
256   5870184
256   5817316
256   5477888
256   6553976
256   6518872
256   5138432
256   5347044
256   5957800
256   6696840
256   5924328
256   5393128
256   5712432
256   6254788
256   6254180
256   6264264
256   5836032
256   5241648
256   5282784
256   6130388
256   5469196
256   6393008
256   5869708
256   5612960
256   6473520
256   6158412
256   5581036
256   5305068
256   5248676
256   6629108
256   6071152
256   5404628
256   5477240
256   5258868
256   6271444
256   6129340
256   5627240
256   5792064
256   5879156
256   6013968
256   6856548
256   5981684
256   5547164
256   5956980
256   6596828
256   6538316
256   6603972
256   6120804
256   5108224
256   6338996
256   6196304
256   5173124
256   5318788
256   6221464
256   6302416
256   6325128
256   5702880
256   6524756
256   5677484
256   6729820
256   6086268
256   6422836
256   5731300
256   5133172
256   6710840
256   6029020
256   6100220
256   6085056
256   5449200
256   6433668
256   6162716
256   6012568
256   5895148
256   6066208
256   6657732
256   5785936
256   5626224
256   6609896
256   5560800
256   6152884
256   6153384
256   5491384
256   5634512
256   5827232
256   5958904
256   5658920
256   6294052
256   5600868
256   6416056
256   6318628
256   6428916
256   5101208
256   5393380
256   6568056
256   6382936
256   5740180
256   6496108
256   5295176
256   6550800
256   5812716
256   5911460
256   5350020
256   5440668
256   6246888
256   5191732
256   5492008
256   5307552
256   5706108
256   6359492
256   6116388
256   5911340
256   5794616
256   6019812
256   6267372
256   6040656
256   5690316
256   6419944
256   6195608
256   6543380
256   6371364
256   5640636
256   6037252
256   5374728
256   6232924
256   6552476
256   5827728
256   5557332
256   5764604
256   6334992
256   5538476
256   5508720
256   6190900
256   6468076
256   6155824
256   6181472
256   5854300
256   5842144
256   6346588
256   5742452
256   6298908
256   6095892
256   5273868
256   5933040
256   6373400
256   5785096
256   5343024
256   6385968
256   6219428
256   6624272
256   6228060
256   6059924
256   5726168
256   5531204
256   6393636
256   5534828
256   5493208
256   5813600
256   5986256
256   6762828
256   6234224
256   5418828
256   5831980
256   5529124
256   6381524
256   5842400
256   6007792
256   5499552
256   5197860
256   6177324
256   6130488
256   5417004
256   5672260
256   5409144
256   6230988
256   6130516
256   5555608
256   4994500
256   6055056
256   6510372
256   6104484
256   6304668
256   6305768
256   5480536
256   6409364
256   5965964
256   5318380
256   6274384
256   5995760
256   6371728
256   5764120
256   6315316
256   5235800
256   5017936
256   6499028
256   5955104
256   5423168
256   6217204
256   5752792
256   6613448
256   6519224
256   5959760
256   5461292
256   5383664
256   6134308
256   6239264
256   6370216
256   5062668
256   5010100
256   6425524
256   5803520
256   5687816
256   5228704
256   6141084
256   6468340
256   6436244
256   6167244
256   5519064
256   6234976
256   6444268
256   5970548
256   6131104
256   6037256
256   6483064
256   6236920
256   6402752
256   5754432
256   5924660
256   6455892
256   6215416
256   6653988
256   5615804
256   6521040
256   5518496
256   6099916
256   5840624
256   6403684
256   5452524
256   5357912
256   6505876
256   6257440
256   6126416
256   5296236
256   5332844
256   6431756
256   6106964
256   5305008
256   5365656
256   6106300
256   6580908
256   5396128
256   5801444
256   5400820
256   6635256
256   5640288
256   5705968
256   5313412
256   5757796
256   6541044
256   6171952
256   6292928
256   5653864
256   5146100
256   6565924
256   6284744
256   5944132
256   5460700
256   5507852
256   6327516
256   6738640
256   5173812
256   5594472
256   6297796
256   6585244
256   6391692
256   5738632
256   6017140
256   5805760
256   6542540
256   6198240
256   5544016
256   5304668
256   5570700
256   6336516
256   6162404
256   5594088
256   5266496
256   5578944
256   6374048
256   6577372
256   5550916
256   5673964
256   5753344
256   6595932
256   6558524
256   5404172
256   5721256
256   5471072
256   6266096
256   6491360
256   6468692
256   5331736
256   5521704
256   6524220
256   6083088
256   5868504
256   5317932
256   6164632
256   6347060
256   6409488
256   5733964
256   6162608
256   6148924
256   6213540
256   5813996
256   5662532
256   5455012
256   5615256
256   6513404
256   6146360
256   6403396
256   6444384
256   5867540
256   6626456
256   6200272
256   5742996
256   6100876
256   6556776
256   6588852
256   5996064
256   6108636
256   5940124
256   6812040
256   5975592
256   6075548
256   6308416
256   5979836
256   6261592
256   5688132
256   6143868
256   5555024
256   5416684
256   6454172
256   6047860
256   6275140
256   5137688
256   5383308
256   6588468
256   6312624
256   5496624
256   6511344
256   6691504
256   6435572
256   6655040
256   5858728
256   5972384
256   6243532
256   6401128
256   5604476
256   6487412
256   5126600
256   6298636
256   6120248
256   5890212
256   6255492
256   5543684
256   6473916
256   6421360
256   5867416
256   6080820
256   5817612
256   6655012
256   5492428
256   5217984
256   6330976
256   5039284
256   6731288
256   6128008
256   5128204
256   5588172
256   6229584
256   6279384
256   6075944
256   5276416
256   6119036
256   6678140
256   5973648
256   6088596
256   6244756
256   5508980
256   6284788
256   5739540
256   5782888
256   5038720
256   5560192
256   6197316
256   6517496
256   5779516
256   6015412
256   5562488
256   6516708
256   6050016
256   6592648
256   5224300
256   6098940
256   6761772
256   6544016
256   5712476
256   6386016
256   5583204
256   6896308
256   6340428
256   5394408
256   5420192
256   6443548
256   6198296
256   6270632
256   5516716
256   5559680
256   6337308
256   6254084
256   5343324
256   5680236
256   5816292
256   6204264
256   5853884
256   5616508
256   5537524
256   5621180
256   6346828
256   6413160
256   6066792
256   5632424
256   5510612
256   6372692
256   5764968
256   6181696
256   5097108
256   6029788
256   6387116
256   6081500
256   5479040
256   5722504
256   5436988
256   6107572
256   6108664
256   6175244
256   5639428
256   5431344
256   6682164
256   6195788
256   5625180
256   6350360
256   6032272
256   6377240
256   5894608
256   5579464
256   5535116
256   5889640
256   6199452
256   6156392
256   5994732
256   5442300
256   5948280
256   6582348
256   6360252
256   6083036
256   6120504
256   5882316
256   6211492
256   6224404
256   6242916
256   5325400
256   5591964
256   6497808
256   5714316
256   6182232
256   5161864
256   6416728
256   6127968
256   5413536
256   5129876
256   5462008
256   6682484
256   6424004
256   5097456
256   5660952
256   5485216
256   6719132
256   6304456
256   5143900
256   6203496
256   5615580
256   6392768
256   6377144
256   5600788
256   5695296
256   5336160
256   6354304
256   6109512
256   5838856
256   5943940
256   6301032
256   6332908
256   6394836
256   5355536
256   5912792
256   5840480
256   6266668
256   6661732
256   5241156
256   5828012
256   5406940
256   6572228
256   5628572
256   5675756
256   5578780
256   5573812
256   6131252
256   5965484
256   6284864
256   6104324
256   5336108
256   6429752
256   6503840
256   5257308
256   5687036
256   5630596
256   6316556
256   5915692
256   6255776
256   6607396
256   5615356
256   6270180
256   6059996
256   6175372
256   5909972
256   6030952
256   6655268
256   6747776
256   6596592
256   6411084
256   5226720
256   6667212
256   6332876
256   5899620
256   5418420
256   6393556
256   6488528
256   6274600
256   6282952
256   4883152
256   6704216
256   6187356
256   5607816
256   5957548
256   5099080
256   6509824
256   6219200
256   5811256
256   6011936
256   6627484
256   6408316
256   6254656
256   5192976
256   6005296
256   6084108
256   6015152
256   6148888
256   5290808
256   6108956
256   6402592
256   6140184
256   6375968
256   6242660
256   6219196
256   6578708
256   5953212
256   6240364
256   6295664
256   5082604
256   6356152
256   5689652
256   5506872
256   5915108
256   5618292
256   6184060
256   6350744
256   5616960
256   5440276
256   5605104
256   6541940
256   5988452
256   6123752
256   5539336
256   6265840
256   6439744
256   6161980
256   5157632
256   5975828
256   6511104
256   6206980
256   6175052
256   5245528
256   6345152
256   6639212
256   5919336
256   5765464
256   5928260
256   5829792
256   6235624
256   6282204
256   6356000
256   6429256
256   5426876
256   6494284
256   6431588
256   5616352
256   5441008
256   6212336
256   6386620
256   6354172
256   5682948
256   5863568
256   5649628
256   6473620
256   6241976
256   6299836
256   5673136
256   5008680
256   6459856
256   6284416
256   5256828
256   6174456
256   4957552
256   6039836
256   6378224
256   5596268
256   6216368
256   6623192
256   6370408
256   6300152
256   6509168
256   5881000
256   6648136
256   6046828
256   5938808
256   6567272
256   6108304
256   6666908
256   6043488
256   5989952
256   6184624
256   5428824
256   6495076
256   6501296
256   5903528
256   6190632
256   5423640
256   6763156
256   6289788
256   5308380
256   6063284
256   5239852
256   6414372
256   6528120
256   5933140
256   6123892
256   5222800
256   6136564
256   6531980
256   6249848
256   6284340
256   6317692
256   5911496
256   6064148
256   5671236
256   5345460
256   6439868
256   6175748
256   5733204
256   6043104
256   5764508
256   6466744
256   6520984
256   5784128
256   5572660
256   6088344
256   6755712
256   6274844
256   5645352
256   6182808
256   6547280
256   6338064
256   6031044
256   6532040
256   5372920
256   6071760
256   5847880
256   5787836
256   6063136
256   5826444
256   6291148
256   6224224
256   6122240
256   5732328
256   5870804
256   6118272
256   5590420
256   5707940
256   5563656
256   5235664
256   6507304
256   6013960
256   5601068
256   5916908
256   5791132
256   6303396
256   6130236
256   5728240
256   5760464
256   6284352
256   6347072
256   6237340
256   5871692
256   5716400
256   6347980
256   6434960
256   5912880
256   5998232
256   5722172
256   6373052
256   6010228
256   5629964
256   5190776
256   5289428
256   6738256
256   6447004
256   6415700
256   5416000
256   5138456
256   6488260
256   6418616
256   5887504
256   5639964
256   6013148
256   6152132
256   5618504
256   5608640
256   6134960
256   6168468
256   6359824
256   6370236
256   5617740
256   5613696
256   6048012
256   6500404
256   6051824
256   5056120
256   6134252
256   6136296
256   6415712
256   6598916
256   6528844
256   5274712
256   5476368
256   6519240
256   6471044
256   6540236
256   5675448
256   5743568
256   6173124
256   5926368
256   5381776
256   5561428
256   6331772
256   6153036
256   5671824
256   6056092
256   5391240
256   6617032
256   6587312
256   5862252
256   5709612
256   5333680
256   5597852
256   6480964
256   5737580
256   5343540
256   5588840
256   6451208
256   5919600
256   6484876
256   6084536
256   5227012
256   6323416
256   6483688
256   5627104
256   5508020
256   5595580
256   6577124
256   6351180
256   6264912
256   5365784
256   5957620
256   6507652
256   6139040
256   5620344
256   5499884
256   6773484
256   6469808
256   6608556
256   5746660
256   5015984
256   5129808
256   6369592
256   6519824
256   6034816
256   5416740
256   6104704
256   6339244
256   6070464
256   6543136
256   6178624
256   6313444
256   6495132
256   5993112
256   6320984
256   6197964
256   6453840
256   6587040
256   5215024
256   5856468
256   5742332
256   6823592
256   6395768
256   5596460
256   5507352
256   5680336
256   6464108
256   6138328
256   5440292
256   6023944
256   5346040
256   6492912
256   6072024
256   5494884
256   6263896
256   6090948
256   6722764
256   6473604
256   6041824
256   5561516
256   6627848
256   6190660
256   5553668
256   6304384
256   5550756
256   6022252
256   6069964
256   5602600
256   5689928
256   5517576
256   6423080
256   5826240
256   6537824
256   5307076
256   5174108
256   6210836
256   6374780
256   5648808
256   6360060
256   5846860
256   6453156
256   6169760
256   5838064
256   5350200
256   5958944
256   6148068
256   6378460
256   5448984
256   5478544
256   6486500
256   6586108
256   5757596
256   6308944
256   5801396
256   6394324
256   6425140
256   5517660
256   5913712
256   5703960
256   6178344
256   6646676
256   5890648
256   6386260
256   5599992
256   6697784
256   6520724
256   5752416
256   6192172
256   6458632
256   6273828
256   6120140
256   6200716
256   6376276
256   5409300
256   6435936
256   5884300
256   5565336
256   5513972
256   5191328
256   6380276
256   5626316
256   6313824
256   5678504
256   6100600
256   6431412
256   5726808
256   5949304
256   5979992
256   5884612
256   6331224
256   5740820
256   5536228
256   5402300
256   6251632
256   6344264
256   5523424
256   5738048
256   5897900
256   6192620
256   6225532
256   5304616
256   6204076
256   5139372
256   6582228
256   6150220
256   5420124
256   5728480
256   6304112
256   6380240
256   6301952
256   5826712
256   5575620
256   5380180
256   6379840
256   6060880
256   6345836
256   5303364
256   6101900
256   6582388
256   6566828
256   5802320
256   5851844
256   5575504
256   6291140
256   6229412
256   5365352
256   5987976
256   6060764
256   6588500
256   6171300
256   5957956
256   6026376
256   6456016
256   6308008
256   6235212
256   5587076
256   5655760
256   6607304
256   6691464
256   5690188
256   5429164
256   5266532
256   6296952
256   5981160
256   6138592
256   5708640
256   5690536
256   6374472
256   6152260
256   6577356
256   6289292
256   5081472
256   6506496
256   5865364
256   5780396
256   6275664
256   5814656
256   6213792
256   5772188
256   5547836
256   5227644
256   6456672
256   6638592
256   5624328
256   5434412
256   5794364
256   6934820
256   5827328
256   6345716
256   5436800
256   5698456
256   6663388
256   5921844
256   6445236
256   5829720
256   5556436
256   6337068
256   5869192
256   5958000
256   6090848
256   5042244
256   6149892
256   6327424
256   5655240
256   6201500
256   6656312
256   6318640
256   5929772
256   5560984
256   5291724
256   5703488
256   6291172
256   5693560
256   5604176
256   6468724
256   5445228
256   6443164
256   6158704
256   6053440
256   5625832
256   6427000
256   6195308
256   5497044
256   5473588
256   5358120
256   6486152
256   6515288
256   5444028
256   6230348
256   6285380
256   6254488
256   6449764
256   5623404
256   5415580
256   5309512
256   6353180
256   5725640
256   6273456
256   6539192
256   5247628
256   6470704
256   6506020
256   6195012
256   6156216
256   5607540
256   6138304
256   6489592
256   5433448
256   5670640
256   5414592
256   6428620
256   6034344
256   5627336
256   5423964
256   4929652
256   6579660
256   6416216
256   6190464
256   6079812
256   5823680
256   6226024
256   6414676
256   5959592
256   6202164
256   6417888
256   6402796
256   6546552
256   5830880
256   5708928
256   6203948
256   6266952
256   5910316
256   6061116
256   5613100
256   6712140
256   6116000
256   5045488
256   5443848
256   5437132
256   6644628
256   6337192
256   5947336
256   6363656
256   5874708
256   6090652
256   6021276
256   5358912
256   6156740
256   5929900
256   6338560
256   6321852
256   6433612
256   5627912
256   4933780
256   6309020
256   6253048
256   6361820
256   5581232
256   6574680
256   6402064
256   5818208
256   5851904
256   5564408
256   6169392
256   6691376
256   5267520
256   5918324
256   5299504
256   6407240
256   6679432
256   5169192
256   5625244
256   5912260
256   6261832
256   5991316
256   5445656
256   5757964
256   5541292
256   6667196
256   6285444
256   5952020
256   5789008
256   6208236
256   6326384
256   6295256
256   5513252
256   5493304
256   5613620
256   6556916
256   6236044
256   5519068
256   5937608
256   6388232
256   6176680
256   6129144
256   5122512
256   5483036
256   5504864
256   6647632
256   6226108
256   5931708
256   5027872
256   6063380
256   6579424
256   5250868
256   6481296
256   5880136
256   6738216
256   6017632
256   6305648
256   5881648
256   6609360
256   6543724
256   5996968
256   5686280
256   5875652
256   6064436
256   6433264
256   6668216
256   5150152
256   5633516
256   5324044
256   6432780
256   6340612
256   5612296
256   5766024
256   6396428
256   6267160
256   6475980
256   6098752
256   5600880
256   5865792
256   6157068
256   6274384
256   6388504
256   5403868
256   6042772
256   6706660
256   5759644
256   5917156
256   5189260
256   6325684
256   6378924
256   6320548
256   5676180
256   5408668
256   6793784
256   5634652
256   6184908
256   6342640
256   6375308
256   6354716
256   6469436
256   5696836
256   5340812
256   5519396
256   6536168
256   5597708
256   5957764
256   6119688
256   6207784
256   6613976
256   5812924
256   5351552
256   6239372
256   5765372
256   6288060
256   6443168
256   5067928
256   5313064
256   6581448
256   6747368
256   6239748
256   5294252
256   5309208
256   6263932
256   6348236
256   5368664
256   6097068
256   6396896
256   6096240
256   6475612
256   6617024
256   5166220
256   6358484
256   6397896
256   6173064
256   6289740
256   6320940
256   5478728
256   6315092
256   6131192
256   5587296
256   5240216
256   6179072
256   6166764
256   6332500
256   6332832
256   5941256
256   6044996
256   6606260
256   6544732
256   5130824
256   6366516
256   5538264
256   6364704
256   6253380
256   6210460
256   5994600
256   6163356
256   6104080
256   5644128
256   6327072
256   6492504
256   6295084
256   6104916
256   5678896
256   5059668
256   6284532
256   6251356
256   6006076
256   6274544
256   5258152
256   6273112
256   6744384
256   5609052
256   5745616
256   5805424
256   6166120
256   5945220
256   6003332
256   6216064
256   5854968
256   6207312
256   6151000
256   6236444
256   5598712
256   5788680
256   6598060
256   6344912
256   6244264
256   5442628
256   6045752
256   6741968
256   6000116
256   6214848
256   5866112
256   5530412
256   5926548
256   6206688
256   6041012
256   5759728
256   5298228
256   6310280
256   6151252
256   5417996
256   5522844
256   5901148
256   6689412
256   6012348
256   5653924
256   6225936
256   5929264
256   6703048
256   6457740
256   6203736
256   6464196
256   5789444
256   6325652
256   6756596
256   5418084
256   5510016
256   6466520
256   5916820
256   6210312
256   5542588
256   5523528
256   6154676
256   6308976
256   6047468
256   6069248
256   5228412
256   6197884
256   6281468
256   6233996
256   5656732
256   5497528
256   6719256
256   6011772
256   6299580
256   5396924
256   5837644
256   6610512
256   5463380
256   6023448
256   6161780
256   6196012
256   6507024
256   6207304
256   5072180
256   5823020
256   6526844
256   6145320
256   6189732
256   5300484
256   5877964
256   6507512
256   6350916
256   5199176
256   5724992
256   5474980
256   6228408
256   6359880
256   5956188
256   6373920
256   5808180
256   6494556
256   5956844
256   5709432
256   6237880
256   6204548
256   6769224
256   6048088
256   5481344
256   5332864
256   6131808
256   6338908
256   5707468
256   5340000
256   5720992
256   5962656
256   6392280
256   5562632
256   5848088
256   6439008
256   5972484
256   6383980
256   6131276
256   5493872
256   5824532
256   6719552
256   6742400
256   6270568
256   4971656
256   6674364
256   6534128
256   5737556
256   6012060
256   5475544
256   5495164
256   6322332
256   5778272
256   5354368
256   6296812
256   5436876
256   6213476
256   6025852
256   5661180
256   5685316
256   5596992
256   6736156
256   6090180
256   5901472
256   5828288
256   5360272
256   6269944
256   6251660
256   6392152
256   5813636
256   6038444
256   6613660
256   6376384
256   6090480
256   5905640
256   6552772
256   6663704
256   6447536
256   5904388
256   5966592
256   6721240
256   6633536
256   6863092
256   6041308
256   5967812
256   7186544
256   7378908
256   6193484
256   6810804
256   9017084

