4   157756
185   4000272
256   5499684
256   5464840
256   5546520
67   1360080
256   5512392
256   5410464
256   5811256
256   5400320
256   5597260
256   5504168
256   5428824
256   5607928
256   5352688
256   5628164
256   5589672
256   5451532
256   5555864
256   5399916
256   5540916
256   5556472
256   5543172
256   5600844
256   5375148
256   5544080
256   5502252
256   5521732
256   5650836
256   5486820
256   5786780
256   5224616
256   5510732
256   5430188
256   5474288
256   5626556
256   5420552
256   5579232
256   5510736
256   5590004
256   5766348
256   5616300
256   5504428
256   5422152
256   6696160
256   5847440
256   6509028
256   5847908
256   6192036
256   6113648
256   6571988
256   6734924
256   6140476
256   5803188
256   6527628
256   6590300
256   6687780
256   5748280
256   6035700
256   6793308
256   5469388
256   5259120
256   6936544
256   6579072
256   5617360
256   6537032
256   5740096
256   5255968
256   6703280
256   6130948
256   5982080
256   5791228
256   5691628
256   6908412
256   6599784
256   5676184
256   6786824
256   5990828
256   6879280
256   5907780
256   5466664
256   6035872
256   5499624
256   7111680
256   6189932
256   5476824
256   6574872
256   6423088
256   6932976
256   5564572
256   6515836
256   6280732
256   5490276
256   6838080
256   6338240
256   5581940
256   6573476
256   5879792
256   6524772
256   6530804
256   6109352
256   5583024
256   6106804
256   6648168
256   6609076
256   6452304
256   5532808
256   5678432
256   5751900
256   6848992
256   6512292
256   6145484
256   5428464
256   5858220
256   6696236
256   6386320
256   6684644
256   6107336
256   6161160
256   6636860
256   6441436
256   6315316
256   6744384
256   6141988
256   7053460
256   6379168
256   5500452
256   6292168
256   5852636
256   6844252
256   6633880
256   6037488
256   6530132
256   5699624
256   6681212
256   6617768
256   6498408
256   6362268
256   5719816
256   6611596
256   6305592
256   6022600
256   7068568
256   5562660
256   6633636
256   6439624
256   6428124
256   6026052
256   5515480
256   6806464
256   6351240
256   5536640
256   6149924
256   6000208
256   7037828
256   6614816
256   5807740
256   5301584
256   5880880
256   6746952
256   6631780
256   5689016
256   5584252
256   5331068
256   6257472
256   6180288
256   5757084
256   5883844
256   6302284
256   6512476
256   6262092
256   6629056
256   6113760
256   5759724
256   6677668
256   6538980
256   6402380
256   5442632
256   5944596
256   6516020
256   6017944
256   5730328
256   5935432
256   5690672
256   6673664
256   6845652
256   5785996
256   6572228
256   5944592
256   6953948
256   6712616
256   6483232
256   6538628
256   5977436
256   6716100
256   6978852
256   6929504
256   6961448
256   5301000
256   6860916
256   6812608
256   5775792
256   6016308
256   5604368
256   5315292
256   6599308
256   6848476
256   5790840
256   5455716
256   6487068
256   6665024
256   5495740
256   6607052
256   6921148
256   6726560
256   6939444
256   6428124
256   5663976
256   5403968
256   6768644
256   6741620
256   5912196
256   6211620
256   5592752
256   6775148
256   6640984
256   5854288
256   6113592
256   6131352
256   6621344
256   6484304
256   6349828
256   6016404
256   6513972
256   5510060
256   6631408
256   6003564
256   6094388
256   5718500
256   6796196
256   6433512
256   6647452
256   5834892
256   5458280
256   6361596
256   5972872
256   6389956
256   5340172
256   5995592
256   6937776
256   6782972
256   6131600
256   5511036
256   6587976
256   6398456
256   6339260
256   6039760
256   5732656
256   6124748
256   6882276
256   6823680
256   5713292
256   5497220
256   5709308
256   6852860
256   6574320
256   6090996
256   6684628
256   5483680
256   6624372
256   6518928
256   5288888
256   5527740
256   5684020
256   6210164
256   6849560
256   6418544
256   6851312
256   5622536
256   6595556
256   6810676
256   6926012
256   6621304
256   5549988
256   6844548
256   6304480
256   6041688
256   6383352
256   6297768
256   6536532
256   6964432
256   5819676
256   5566900
256   5856868
256   6605968
256   6700356
256   6225324
256   5541220
256   5934952
256   5945828
256   6589600
256   6324700
256   7073568
256   6187644
256   6523884
256   6753728
256   6738604
256   6699432
256   5701596
256   6562356
256   6207592
256   6171748
256   5475720
256   5604524
256   6764900
256   7080364
256   5620596
256   5663472
256   6545668
256   7026420
256   6734424
256   6095964
256   5531056
256   5761260
256   6429032
256   6697168
256   6719736
256   6253924
256   5795548
256   6722952
256   6828048
256   6293032
256   5922440
256   5676688
256   6630944
256   6276448
256   5806000
256   5334384
256   5477832
256   6783808
256   6657568
256   5903308
256   5756388
256   5824176
256   6758240
256   6294972
256   6833344
256   6531248
256   5773756
256   6548588
256   6716208
256   6481600
256   6723456
256   5490592
256   6983048
256   6540076
256   5683856
256   5806004
256   6461712
256   6756860
256   6287376
256   6331724
256   6329472
256   6025024
256   5672052
256   6626140
256   5561988
256   5900220
256   5674016
256   6282436
256   6596932
256   6624576
256   5660544
256   5776996
256   6846412
256   6710364
256   6030340
256   5922876
256   6420256
256   6367168
256   6399168
256   7063660
256   5980196
256   5584892
256   6684908
256   6241348
256   5689160
256   5636176
256   6104696
256   6734136
256   6525064
256   5960044
256   6040944
256   6233140
256   6561472
256   6207260
256   5613472
256   5807788
256   5415088
256   6721764
256   6681216
256   6147060
256   5891604
256   5556724
256   6586208
256   6284756
256   6121804
256   6254812
256   5927956
256   6704280
256   6430472
256   6819676
256   6937168
256   5612160
256   6840736
256   6579048
256   6394072
256   6758304
256   6867808
256   6007148
256   5150484
256   5689980
256   6915160
256   6509012
256   6609496
256   6029860
256   6148488
256   6520280
256   6202728
256   5696580
256   5757888
256   6055564
256   6722984
256   6425968
256   6169556
256   6002436
256   6538220
256   6720444
256   6461832
256   5897340
256   5745020
256   6597644
256   6957072
256   6538376
256   5613808
256   6329384
256   5655736
256   6402732
256   6966032
256   5586480
256   6228152
256   6514740
256   6653552
256   6728328
256   6152744
256   5847032
256   6385756
256   7130124
256   6023256
256   6495048
256   5860504
256   6641276
256   6691132
256   6904712
256   5870956
256   5776988
256   6253012
256   6816944
256   6345864
256   5812656
256   5429856
256   6413856
256   6739032
256   6493988
256   6376704
256   6028476
256   6386304
256   6903636
256   6024868
256   6405936
256   6231168
256   6056240
256   6848444
256   5618256
256   6153064
256   6976204
256   6650968
256   6439272
256   5473560
256   6488840
256   5753928
256   6841012
256   6244236
256   6490624
256   5930372
256   5148940
256   7029148
256   5918204
256   6758472
256   5563780
256   5995608
256   6749288
256   5687544
256   6758084
256   5506952
256   6227684
256   6801392
256   6810132
256   6211620
256   5659512
256   6823328
256   6873724
256   6314372
256   5621700
256   6160404
256   6601536
256   6758868
256   6657644
256   6278396
256   6368392
256   6310376
256   6857440
256   6606908
256   5883492
256   6477984
256   6100616
256   6961912
256   6425352
256   6652868
256   5679784
256   6083032
256   6626912
256   6284940
256   5987072
256   5355248
256   6805820
256   7253080
256   6515612
256   5913652
256   5922728
256   5789880
256   6708392
256   6435452
256   6158672
256   5880732
256   5789732
256   6909864
256   6716060
256   5721428
256   5321524
256   6672416
256   6672360
256   6488068
256   6550204
256   6436152
256   6234440
256   6864132
256   6760896
256   6198292
256   5488164
256   5569904
256   6412408
256   6051412
256   6484468
256   5815476
256   6711052
256   6703016
256   5956180
256   5610052
256   5551540
256   6723136
256   6942220
256   6761400
256   6557220
256   5551220
256   5887264
256   6397600
256   6313908
256   5726332
256   5995168
256   6837020
256   5720436
256   6368540
256   6586908
256   5531812
256   6532144
256   6587208
256   5593612
256   6309432
256   5818932
256   6992324
256   6501044
256   6295860
256   6073204
256   6759480
256   6391576
256   7137936
256   6596064
256   6848592
256   6417544
256   6889096
256   6806660
256   5561988
256   5586348
256   6381196
256   5804648
256   6721208
256   6477396
256   5880192
256   6377268
256   6618500
256   6823540
256   6223208
256   5324336
256   6913916
256   6368236
256   6631672
256   6523820
256   5612548
256   5779776
256   6264660
256   6388568
256   5842852
256   6888860
256   5392948
256   6947212
256   6952940
256   6324220
256   5431312
256   5762436
256   6397156
256   6593048
256   6486020
256   5580516
256   5712772
256   6667112
256   6571320
256   6541848
256   6490324
256   5994028
256   6245604
256   6367372
256   6733696
256   5762592
256   5977596
256   6845412
256   6236496
256   5717776
256   6745448
256   5445104
256   6540064
256   6290700
256   5464212
256   5648288
256   6689216
256   6981288
256   6175352
256   6498172
256   5874508
256   5840164
256   6854008
256   6047240
256   6549200
256   5692188
256   6305176
256   6595376
256   6751120
256   6386092
256   5834536
256   5532764
256   6838904
256   6111620
256   6147108
256   5959204
256   5545644
256   6334016
256   6563252
256   6528300
256   5891008
256   5675248
256   5521132
256   6653740
256   5809116
256   5640060
256   5383400
256   6021652
256   6713484
256   6741880
256   6618752
256   5701916
256   5888192
256   7072908
256   6085816
256   6385392
256   5943332
256   6072096
256   6824932
256   6645140
256   5907740
256   5868524
256   6613844
256   6800820
256   6308092
256   6726468
256   5822524
256   5659268
256   6922980
256   6834836
256   6105520
256   5436784
256   6566188
256   6850744
256   6455856
256   6384936
256   6589324
256   6342844
256   6684816
256   5957240
256   5381724
256   6098952
256   6571840
256   6543300
256   6389136
256   6675312
256   5550288
256   5789548
256   6853568
256   6381928
256   6036976
256   6623708
256   5873160
256   6626080
256   5990436
256   6911032
256   6174016
256   5699068
256   6762340
256   5824280
256   6276144
256   5910664
256   5913780
256   6706896
256   6679572
256   6814672
256   6489264
256   6159244
256   6566740
256   6772416
256   5729640
256   6441464
256   5913092
256   6638548
256   6161312
256   5527228
256   5818980
256   6487776
256   6633764
256   6556012
256   6673400
256   5746064
256   5393928
256   7173092
256   6751516
256   6237328
256   6966480
256   5840432
256   6633552
256   6758476
256   5687284
256   6410816
256   6475768
256   6736412
256   6083228
256   5978664
256   5558168
256   5426424
256   6811936
256   7031008
256   6149748
256   6152292
256   5472892
256   6660700
256   5999792
256   6568960
256   5639440
256   6706864
256   6734928
256   6015504
256   6168536
256   6158752
256   6684360
256   6925284
256   5931612
256   6521652
256   5674760
256   6691208
256   6409920
256   5782272
256   6340756
256   6200964
256   6747716
256   6672968
256   6634200
256   5550508
256   5954884
256   6564772
256   6902620
256   6399360
256   5645544
256   5618132
256   6609224
256   6953880
256   6170744
256   5740156
256   5674004
256   6415572
256   6144084
256   5513092
256   5684064
256   5723820
256   6382604
256   6285400
256   5902352
256   6218460
256   5684720
256   6567368
256   6456992
256   6929024
256   5951924
256   6033852
256   6530460
256   6307140
256   6537696
256   6680896
256   6566212
256   6805192
256   6746716
256   5613128
256   5865464
256   5654800
256   6499804
256   6350404
256   6394616
256   6427416
256   5710060
256   6581880
256   6596544
256   6206848
256   5699924
256   6570512
256   5462208
256   6597412
256   6538696
256   6560312
256   5797852
256   6622680
256   6868088
256   5733392
256   6476576
256   5987396
256   6696784
256   6297800
256   6707720
256   5500332
256   6465308
256   6723456
256   6031780
256   5586608
256   6075188
256   5553452
256   6468008
256   6389232
256   6267596
256   6835392
256   5901984
256   7087824
256   6966332
256   5901024
256   5891748
256   6610076
256   7039124
256   6543816
256   6374120
256   6736560
256   5489332
256   6762616
256   6629624
256   6048128
256   6087852
256   5858724
256   6587996
256   6479800
256   6073496
256   6795136
256   6206184
256   6825020
256   6080764
256   6269260
256   6503400
256   5303852
256   6292056
256   6654220
256   6192068
256   6870548
256   5845660
256   6663828
256   6748964
256   6119512
256   6057692
256   5591924
256   6816780
256   6667700
256   5689860
256   6465496
256   6378764
256   6863852
256   6527636
256   5718708
256   5201320
256   5792524
256   6854620
256   5811184
256   5948856
256   6089040
256   6414424
256   6588328
256   6453876
256   6352784
256   6043568
256   6128600
256   6805968
256   6429392
256   5695616
256   5469980
256   5738288
256   6866300
256   5795312
256   5627968
256   6455940
256   6640740
256   6621856
256   5729408
256   5661704
256   5659764
256   6026292
256   6835516
256   7179840
256   6630716
256   6071676
256   5772984
256   6823412
256   6921816
256   5590988
256   6167792
256   6785036
256   6926700
256   6491500
256   5523604
256   6549764
256   5579836
256   6341476
256   6493500
256   5683848
256   6295352
256   6483868
256   6620488
256   6753388
256   5850016
256   5950428
256   5994120
256   6992040
256   6712488
256   5845000
256   5762224
256   5653256
256   6501696
256   6236700
256   6455292
256   5467688
256   6477760
256   6641468
256   6542372
256   6398396
256   6970904
256   6750844
256   6816164
256   6495596
256   5599328
256   6962052
256   6421380
256   6429588
256   6873908
256   5493328
256   5706072
256   5854732
256   6959320
256   7040840
256   5509744
256   6049220
256   5441932
256   6671052
256   6539780
256   5678952
256   5984728
256   6512364
256   6709688
256   6444768
256   5822052
256   6330964
256   5662632
256   7018304
256   5488732
256   5366412
256   5985320
256   6632516
256   6545132
256   6474096
256   5817448
256   5290476
256   6814504
256   6833444
256   6358236
256   5420240
256   5692540
256   6543872
256   6828628
256   5364152
256   5883804
256   5641508
256   6584896
256   6668720
256   6195992
256   6549116
256   6504568
256   6669360
256   6561960
256   5725576
256   5355908
256   6290172
256   5941840
256   6487164
256   5730640
256   6383708
256   6432984
256   6339052
256   6556420
256   6677432
256   6788428
256   5274640
256   6346336
256   6780112
256   6948228
256   5893832
256   6953976
256   5825444
256   6613276
256   6453020
256   6678652
256   5370628
256   6540396
256   6788644
256   5913308
256   5811616
256   5573540
256   5714264
256   6397820
256   6071316
256   6337148
256   5691928
256   6258280
256   6765488
256   6449976
256   6121512
256   5787688
256   6999672
256   6667936
256   6346572
256   6069756
256   5999352
256   6845876
256   5953500
256   5654936
256   6135000
256   5818876
256   6299680
256   6476356
256   6076380
256   5307900
256   5505192
256   6582888
256   6619220
256   5828768
256   5652012
256   5656688
256   6445540
256   6706976
256   6780576
256   6488568
256   5542212
256   6491600
256   6699552
256   6680420
256   5639284
256   5890796
256   6261784
256   6007832
256   6515000
256   5997388
256   5632992
256   6711168
256   6477480
256   6501940
256   6649896
256   6562456
256   5545252
256   6884936
256   6688824
256   5417088
256   5818212
256   5798272
256   6604944
256   6795584
256   5644480
256   6380308
256   6595244
256   6765588
256   6285456
256   6459980
256   5595564
256   6030360
256   6663312
256   6474752
256   6636176
256   5991060
256   6323504
256   6716308
256   6075168
256   5861880
256   5834356
256   6476676
256   6618428
256   5865096
256   6615384
256   6876624
256   5612408
256   6851560
256   6584604
256   6726368
256   6463232
256   5553592
256   6766288
256   6126300
256   6253424
256   6062384
256   6466016
256   6656464
256   6918696
256   5873808
256   5395012
256   6609852
256   6283976
256   5537552
256   6597816
256   5499896
256   6948364
256   6626704
256   6445264
256   5724928
256   5261652
256   6565060
256   6672896
256   5443360
256   6154064
256   6555104
256   7038464
256   6614392
256   5947100
256   5691500
256   5830756
256   6710524
256   6644496
256   6790604
256   6596616
256   5918892
256   6623524
256   6281508
256   5928296
256   6770300
256   5903112
256   6615584
256   6338528
256   6138764
256   5577860
256   6540884
256   7108876
256   5697988
256   5703148
256   6180132
256   6809332
256   6367668
256   5969656
256   5667620
256   6860112
256   5920584
256   6642968
256   6424584
256   5648864
256   5918480
256   6053460
256   6869620
256   6708648
256   5388488
256   6595576
256   6504496
256   6717888
256   6398824
256   5713396
256   5610476
256   6188220
256   6894296
256   6429540
256   5790640
256   6678948
256   6324888
256   6608100
256   6628096
256   6681544
256   6450664
256   5426004
256   6991780
256   6483524
256   6303508
256   5828896
256   6443460
256   6872748
256   5941404
256   5481776
256   5722100
256   6024960
256   6854576
256   6691772
256   6172904
256   6704428
256   6036872
256   6991316
256   6367880
256   5681216
256   6200800
256   6144564
256   6903340
256   6615032
256   6348244
256   5291348
256   6045796
256   6625912
256   6350312
256   5672700
256   5215372
256   5959016
256   6794128
256   6262684
256   6389984
256   5692028
256   6236672
256   6784316
256   6236960
256   6393952
256   5749208
256   5467884
256   6833164
256   6600880
256   5858668
256   5225964
256   6176908
256   6926608
256   6361192
256   5495584
256   6057176
256   5595540
256   6747456
256   6826952
256   5648372
256   6418644
256   5378280
256   6651792
256   6626476
256   5841424
256   6017788
256   5612628
256   6879868
256   6563252
256   6344600
256   6911096
256   6584232
256   6667492
256   6255644
256   5996772
256   5552328
256   5417956
256   6685136
256   6393072
256   6218336
256   6147104
256   6145624
256   6856944
256   6583572
256   5972036
256   6132200
256   5445264
256   6690008
256   6567400
256   6500760
256   6776924
256   5676156
256   5973756
256   6679332
256   6809716
256   6320396
256   5784468
256   6881936
256   6446960
256   5878104
256   5228276
256   6507872
256   6373500
256   6641320
256   6526820
256   6015120
256   5824328
256   6538732
256   6728304
256   6102768
256   5851952
256   5582400
256   6608084
256   6345376
256   6562488
256   5309648
256   6063976
256   6607500
256   6363960
256   6400652
256   5465776
256   6758520
256   6777240
256   6607156
256   6377596
256   5732140
256   6157872
256   7050752
256   6691700
256   5942380
256   5414720
256   6079732
256   6186544
256   6979560
256   5379064
256   6271752
256   6078376
256   7110600
256   6358036
256   5971260
256   5207276
256   6009212
256   6669660
256   6628632
256   5694136
256   6080584
256   6203224
256   6764932
256   5998864
256   6071544
256   5734688
256   6702664
256   6727792
256   6214764
256   5979272
256   6116668
256   6926056
256   6454452
256   5934600
256   5903640
256   5823336
256   6770704
256   6506668
256   6484292
256   6357892
256   6787720
256   6743264
256   6094748
256   6211980
256   5932692
256   6949316
256   6682108
256   6576596
256   6540320
256   6105848
256   6799576
256   6551616
256   6358864
256   6486588
256   7067192
256   6593228
256   6482768
256   5785868
256   6569804
256   6647828
256   6174524
256   6499304
256   6335808
256   6282108
256   6862708
256   6504388
256   5712780
256   5508788
256   6663472
256   5696348
256   5459412
256   5793504
256   5648180
256   6722992
256   5979704
256   6368240
256   5763900
256   6937392
256   6030668
256   5728300
256   6664148
256   5752744
256   6416200
256   6410140
256   6016920
256   5640944
256   6844868
256   6725064
256   5963912
256   6523028
256   5849220
256   6737628
256   6509240
256   6505852
256   6294704
256   6872692
256   6758672
256   6402568
256   6198780
256   5836164
256   5632220
256   6809548
256   6588696
256   5788652
256   6737132
256   6069720
256   6963236
256   6551552
256   6752644
256   6542588
256   6610048
256   6674036
256   6447204
256   5496232
256   5516328
256   7004672
256   6470664
256   5584072
256   5457556
256   6574800
256   6679696
256   6226636
256   5667468
256   5869260
256   6730768
256   6139632
256   6552412
256   6015656
256   6854708
256   6958856
256   6249452
256   5482060
256   5801784
256   6923092
256   6061068
256   6691796
256   6613036
256   6541012
256   6680176
256   6620900
256   5725112
256   6712748
256   6449160
256   6766548
256   6563324
256   6015464
256   5944272
256   6688224
256   6591992
256   6269164
256   5511052
256   5512736
256   6934968
256   6523376
256   5777232
256   5621016
256   6963620
256   6764208
256   6175684
256   6181860
256   6411636
256   6890740
256   6820564
256   6290936
256   5639396
256   6639512
256   6426360
256   6667256
256   5908408
256   5544128
256   5764772
256   6976096
256   6665800
256   6770880
256   5718592
256   6758476
256   6718856
256   6166572
256   5631992
256   5952176
256   6910176
256   6099436
256   6555400
256   5968684
256   6107412
256   6376824
256   6678268
256   5803736
256   5802964
256   6643844
256   6392284
256   5581052
256   5792972
256   5814536
256   6691852
256   6677420
256   5621676
256   5908840
256   6771740
256   6316416
256   6798504
256   5587660
256   5759852
256   6915628
256   6865092
256   6648984
256   5784840
256   5317812
256   6823200
256   6766876
256   5505696
256   5668476
256   6121888
256   6475268
256   6893240
256   5619996
256   6365632
256   6869756
256   6674680
256   6901592
256   5783092
256   6281536
256   6642092
256   6342360
256   6626104
256   6666704
256   6387948
256   6787344
256   6625556
256   5648732
256   5423016
256   6469240
256   6962852
256   6150848
256   6627592
256   5786944
256   6716464
256   6229684
256   5307192
256   5370008
256   5991196
256   6666364
256   6651772
256   5903084
256   6392828
256   5576864
256   7074660
256   6117884
256   6043156
256   5829208
256   6791872
256   6514816
256   6473992
256   5539852
256   6619784
256   6855104
256   6303600
256   5847100
256   5492792
256   6574260
256   6620940
256   5754184
256   5357296
256   6168712
256   6745312
256   6063228
256   5963888
256   6316884
256   5621704
256   6915968
256   6497296
256   5541568
256   6499828
256   5433340
256   6936888
256   6635772
256   5825464
256   6012180
256   6737532
256   6704300
256   5819392
256   5511680
256   5868296
256   6688364
256   6772384
256   6611620
256   6055876
256   5796632
256   6655180
256   6959964
256   6071188
256   5846180
256   5749676
256   6298236
256   6146444
256   5700416
256   6470656
256   6688192
256   6451000
256   6548876
256   6436812
256   6275344
256   6987156
256   5791096
256   6789496
256   6456644
256   5845724
256   5596916
256   7103224
256   5853724
256   6487996
256   5887840
256   6449112
256   5801508
256   6138888
256   5600712
256   6720192
256   6534848
256   6333644
256   5960920
256   5646768
256   6319100
256   6727716
256   6658836
256   6560184
256   6328252
256   7124516
256   6664816
256   6610404
256   6778104
256   6442156
256   7103980
256   6897580
256   5473316
256   6652776
256   6343144
256   6839756
256   6304924
256   5708584
256   5739480
256   6988628
256   6716804
256   6485204
256   6224324
256   6437620
256   6648552
256   6371192
256   6286172
256   6197440
256   5843384
256   6588516
256   6096508
256   5995644
256   5893164
256   6900980
256   6313912
256   5710888
256   6776456
256   6267164
256   6861600
256   6495344
256   6308920
256   6019284
256   6271768
256   6592236
256   5858344
256   6870524
256   6268672
256   6441504
256   5977372
256   6144548
256   6579628
256   6804088
256   6744284
256   6394728
256   6027616
256   5773624
256   7160296
256   6242704
256   6803528
256   6324368
256   5837016
256   6689808
256   6584816
256   5900284
256   6290948
256   6989428
256   6569452
256   5461028
256   6089784
256   5727900
256   6531848
256   6305740
256   5734264
256   6009924
256   5464508
256   6930220
256   6679144
256   5752192
256   5663544
256   6371020
256   6223732
256   6616188
256   6716836
256   6680816
256   6857932
256   6403132
256   6179780
256   5971744
256   6587964
256   6429648
256   5350496
256   6292376
256   6489124
256   6819260
256   6035020
256   5660124
256   6233488
256   5650708
256   6826644
256   6252344
256   6100892
256   6848828
256   5860348
256   6921228
256   6195984
256   6058640
256   6038472
256   6565844
256   6570724
256   5973432
256   6974264
256   6134432
256   7067308
256   6207824
256   6345844
256   6644940
256   5635872
256   6691716
256   6975820
256   5549560
256   6507544
256   5834992
256   7164648
256   6515672
256   5518404
256   5550684
256   6608712
256   5856048
256   5886920
256   5734832
256   6797064
256   6853904
256   6640112
256   6082264
256   6030888
256   5875428
256   6872944
256   6382176
256   5905524
256   6937432
256   7035988
256   7066992
256   5383108
256   6405232
256   6458932
256   6729664
256   6239336
256   5842868
256   5991536
256   6660388
256   6213524
256   5818956
256   6023636
256   5335076
256   7057924
256   6455668
256   6684736
256   5897452
256   6380884
256   6742184
256   6610044
256   6810464
256   5660116
256   6671600
256   6920652
256   6067696
256   6522596
256   6800864
256   6377940
256   6694448
256   5956756
256   6674436
256   5485780
256   6860500
256   6461596
256   5443504
256   6155148
256   6644168
256   6680116
256   5997324
256   6573432
256   6410992
256   6905192
256   6650580
256   5670852
256   6273944
256   6540292
256   6487440
256   6643392
256   5072848
256   5659004
256   7014596
256   6665800
256   6302588
256   6147596
256   6377648
256   6506788
256   6235988
256   5746184
256   6581284
256   6110336
256   6803888
256   6522968
256   6641040
256   6031008
256   6640192
256   6685748
256   6332480
256   6409340
256   6562516
256   6694504
256   6833176
256   5856748
256   5858940
256   6420836
256   6881644
256   6882940
256   6617248
256   6876864
256   6434468
256   6089504
256   6156640
256   6250676
256   5360244
256   6764744
256   6776380
256   6172956
256   6345872
256   6623932
256   6130004
256   5345108
256   6715756
256   5719208
256   6789552
256   6688252
256   6048356
256   6415612
256   7035012
256   6513216
256   6885124
256   5550644
256   5741260
256   7092156
256   6521524
256   5937672
256   6419564
256   6097808
256   6506868
256   6628476
256   6640308
256   5367332
256   6657324
256   6427520
256   6571160
256   5326960
256   5781968
256   6925244
256   6519796
256   6253164
256   6196000
256   5420884
256   6982652
256   6656856
256   5855368
256   6434160
256   6479976
256   6757348
256   5765576
256   6327520
256   6573280
256   7190012
256   7162452
256   6959032
256   6395060
256   6629328
256   5906260
256   6750604
256   6111232
256   6142324
256   6704636
256   7149816
256   6588008
256   5615696
256   6026844
256   6651172
256   6174616
256   5997420
256   5710732
256   6711892
256   6328640
256   6791728
256   6097568
256   6074820
256   6545784
256   6557464
256   6611048
256   6301340
256   6674484
256   6079808
256   5742536
256   6643240
256   5470124
256   6774088
256   6434980
256   6731228
256   5984740
256   6994176
256   6383496
256   5898304
256   6402372
256   6789016
256   6640148
256   6243200
256   6236736
256   6113096
256   6236836
256   6386312
256   6457688
256   5647484
256   6025988
256   6638944
256   6791112
256   5497956
256   5780936
256   5857032
256   6304228
256   6150252
256   5832940
256   6054716
256   5476380
256   6716480
256   6626252
256   6421856
256   5358380
256   6670304
256   6277356
256   5875540
256   6611712
256   5554568
256   6784648
256   6623432
256   5604100
256   5617644
256   6473768
256   6964188
256   6348448
256   6107016
256   5626724
256   6786712
256   6447212
256   5974732
256   5959464
256   6764824
256   7134084
256   6964864
256   6696768
256   6659316
256   6569640
256   6937296
256   6254508
256   5883812
256   6646220
256   5800328
256   6835892
256   6671776
256   6680060
256   6237440
256   7025400
256   6673184
256   5915068
256   6389272
256   5145624
256   7101720
256   6473444
256   6351168
256   5916268
256   5609468
256   7014432
256   6700372
256   6685984
256   6238088
256   6683892
256   6880712
256   5848812
256   5935240
256   5735896
256   7033468
256   5863580
256   6392784
256   6138940
256   7039788
256   6979488
256   5653024
256   6252976
256   5815464
256   6955720
256   6363580
256   5684148
256   6707908
256   6871536
256   5920176
256   6823716
256   6178888
256   6877384
256   6997660
256   6516452
256   6375212
256   6541144
256   7062732
256   6599668
256   5790528
256   6259924
256   6034436
256   6825800
256   6139356
256   5444664
256   5919688
256   6409180
256   6887016
256   6281960
256   6500732
256   6641504
256   6940132
256   6875972
256   6667556
256   5719884
256   6825412
256   7069960
256   6656572
256   6431132
256   6695812
256   6741904
256   6754004
256   6275060
256   5795480
256   5555684
256   7009044
256   6371944
256   6163448
256   6263476
256   6612540
256   6764932
256   6378920
256   6696204
256   5533428
256   6901768
256   6320184
256   6472468
256   5752028
256   6236460
256   6873216
256   6512836
256   6655144
256   6783592
256   6388496
256   6684692
256   6641456
256   6794356
256   6249308
256   6883492
256   6387604
256   6314788
256   5774864
256   7037940
256   6613172
256   6480904
256   6009292
256   5744960
256   6967820
256   6682412
256   5850700
256   5817812
256   6660252
256   6864092
256   6071124
256   6170248
256   5687932
256   7089200
256   6604724
256   5536432
256   5701992
256   6514140
256   6724192
256   6514548
256   6458168
256   6244064
256   6830888
256   5939364
256   6546016
256   6535384
256   5445264
256   6822860
256   6866228
256   6694844
256   6112832
256   7030624
256   6031860
256   6398784
256   6015800
256   6516352
256   6737772
256   6491232
256   6458076
256   5472312
256   6494964
256   6903088
256   6609408
256   6651824
256   6474452
256   6790968
256   6549832
256   5785708
256   5717684
256   5597532
256   6604940
256   6264044
256   6607468
256   5867252
256   6622184
256   6537848
256   6414344
256   6538384
256   6431080
256   7047520
256   6580436
256   6998192
256   6774084
256   6983608
256   6696100
256   6549980
256   6208048
256   5508312
256   6833048
256   5995796
256   6772020
256   5861628
256   6624212
256   6795932
256   6284836
256   5994412
256   5578276
256   6548572
256   6268020
256   5937064
256   6515924
256   6314228
256   7083204
256   6739976
256   6365648
256   6622084
256   6875612
256   6644916
256   6765184
256   5858692
256   6394952
256   6683280
256   7063060
256   5413928
256   6035220
256   6828004
256   6193668
256   6034712
256   6141828
256   6265292
256   6338048
256   6121308
256   6048672
256   5839596
256   6454152
256   6792056
256   6279640
256   5544140
256   5553660
256   6680900
256   6520804
256   6444780
256   6090660
256   6207584
256   6989264
256   6267192
256   5683640
256   5266152
256   6863800
256   6912056
256   6645988
256   6919688
256   6219864
256   6997236
256   6422832
256   5709448
256   6002164
256   5797724
256   7002832
256   6606908
256   5642872
256   5852740
256   6901396
256   6592432
256   6703788
256   6141828
256   6195568
256   6710944
256   6309716
256   6779504
256   6160196
256   5533488
256   6842608
256   6653856
256   6663628
256   6118600
256   7145176
256   6201984
256   6849412
256   6189388
256   6353752
256   6652888
256   6618504
256   6213256
256   6844980
256   5604132
256   6679504
256   6346392
256   6407636
256   6294832
256   6911312
256   6156348
256   6557148
256   6329204
256   5468684
256   6829636
256   6509868
256   5949480
256   5941756
256   6457984
256   5943712
256   5772824
256   5682656
256   5267972
256   6324376
256   6788204
256   6061328
256   6988184
256   6834844
256   6854764
256   5843756
256   5658672
256   6388404
256   6930072
256   6573240
256   6077232
256   6110356
256   6315788
256   7129224
256   6824820
256   5965888
256   6856196
256   6658168
256   6856576
256   6291052
256   6603304
256   5590108
256   6919848
256   6699516
256   5438288
256   5700296
256   6884880
256   6729560
256   6595028
256   6881020
256   6242108
256   6722172
256   6608732
256   6949500
256   6573196
256   6439792
256   6809624
256   5867472
256   5887252
256   6262956
256   5783216
256   7264108
256   6515320
256   5794164
256   6532496
256   6522888
256   6254672
256   5901880
256   5706556
256   6688124
256   6695280
256   6654068
256   6708924
256   5694796
256   6550996
256   6791400
256   5971736
256   6879560
256   5232520
256   7040684
256   5971544
256   6574244
256   6711168
256   6735920
256   6333036
256   6417668
256   5567324
256   6157056
256   6363944
256   6358716
256   5984736
256   5793624
256   6080732
256   6779704
256   6309380
256   6195988
256   5659256
256   6886688
256   6431272
256   5714592
256   6337336
256   5686604
256   6438996
256   6848296
256   6455580
256   6518428
256   6037924
256   6196816
256   6077908
256   5658096
256   5781276
256   6683824
256   6646548
256   6766748
256   5748328
256   6557752
256   6695552
256   6872120
256   6237884
256   6219804
256   6921968
256   6726432
256   6977320
256   6011208
256   5451724
256   6255140
256   6647076
256   5386916
256   6531780
256   6036144
256   6624540
256   6761792
256   5577916
256   6258048
256   6005824
256   6598792
256   6445796
256   5241664
256   6030684
256   6529168
256   6342392
256   6543948
256   6384220
256   5665256
256   6710800
256   6245428
256   5432852
256   6256036
256   7068364
256   6752760
256   6155296
256   6138148
256   6014328
256   6789308
256   6519492
256   6092260
256   5592388
256   6029816
256   6882328
256   6395552
256   6321572
256   5682504
256   6486508
256   6629644
256   6459156
256   6854760
256   5676260
256   6597728
256   6524784
256   5824712
256   5850472
256   5467476
256   6628180
256   6882468
256   5900636
256   6438460
256   6554368
256   6753604
256   6185444
256   5841760
256   6083184
256   6672832
256   6514576
256   6572536
256   6314880
256   5385644
256   7146456
256   6165192
256   6224192
256   6111876
256   5977684
256   6916760
256   6653796
256   5613712
256   6617632
256   6866592
256   6537020
256   6898548
256   6707024
256   5870300
256   6753592
256   6762164
256   5527776
256   6597072
256   5848460
256   6642532
256   6506092
256   6113688
256   6017600
256   6521000
256   6813836
256   6267140
256   5557416
256   6708748
256   6912468
256   6816228
256   5906936
256   5958040
256   6188016
256   6577816
256   6741836
256   5894404
256   6441684
256   7079032
256   6950616
256   6141328
256   5855736
256   5802048
256   7151980
256   6282180
256   5359520
256   6147872
256   6494568
256   6853232
256   6437756
256   6124152
256   6124552
256   6924580
256   6558872
256   5798064
256   5432228
256   6471456
256   7255556
256   6529288
256   6467944
256   5729288
256   6449460
256   6563696
256   6563432
256   5314088
256   5800244
256   6581148
256   6527648
256   6164384
256   6247548
256   6859396
256   6896836
256   6565056
256   6256284
256   5591112
256   6638016
256   6656332
256   5852672
256   5808664
256   5438704
256   6705972
256   6248528
256   6110040
256   5651964
256   7006440
256   6223100
256   6622528
256   5818596
256   5657192
256   6706488
256   6827276
256   6956144
256   6228988
256   5572532
256   6405844
256   6613344
256   6025252
256   5352908
256   6799608
256   6216392
256   6031236
256   6123888
256   6671940
256   6904812
256   6599796
256   5702848
256   6199612
256   5944984
256   7069972
256   6637040
256   5753040
256   5577032
256   6538560
256   6373056
256   6034704
256   5956696
256   5923264
256   6634188
256   6415016
256   7006964
256   5641648
256   6579332
256   6605576
256   5659532
256   5779044
256   6743884
256   6942276
256   6205852
256   5902584
256   6986776
256   6201668
256   6580836
256   6193144
256   6005052
256   5571844
256   5418700
256   6741512
256   6213068
256   5613276
256   6017568
256   6658720
256   6048232
256   6855984
256   6482508
256   5847120
256   6748948
256   6778804
256   6487508
256   6591340
256   5524592
256   6916540
256   6500672
256   5529088
256   6194280
256   6467132
256   6110192
256   6964460
256   6326852
256   6085936
256   6499036
256   6619940
256   6415956
256   6041512
256   6450552
256   6706728
256   6632192
256   6105560
256   6640112
256   6198720
256   6596304
256   6488060
256   5393460
256   5720844
256   6818060
256   6653584
256   6361768
256   5948364
256   6061348
256   6810384
256   6506884
256   6289484
256   6289172
256   6738864
256   6700972
256   5870568
256   5469872
256   6626432
256   6812792
256   6275216
256   6153136
256   5829748
256   6569920
256   6792172
256   6336216
256   5997716
256   6339720
256   6660124
256   6321660
256   6448240
256   6194788
256   5863432
256   6609788
256   6158200
256   6162828
256   5535176
256   5789364
256   6946704
256   6341376
256   5959916
256   5419284
256   6782364
256   6254120
256   6197244
256   6337336
256   6022304
256   6780100
256   6157216
256   6357740
256   5601752
256   6223204
256   6949420
256   6743556
256   5561668
256   6790504
256   6943480
256   6739744
256   6510224
256   5959804
256   6144208
256   6937580
256   6379972
256   5766092
256   6315288
256   6544180
256   6809812
256   6232068
256   6528720
256   5661876
256   6731920
256   6478896
256   5991852
256   6477316
256   5805128
256   6741476
256   6294752
256   6431112
256   5892536
256   6722604
256   6921952
256   6007960
256   5977084
256   6446868
256   7005080
256   6661008
256   5977764
256   5273688
256   6648244
256   6986588
256   6685924
256   6626352
256   5474788
256   6749872
256   6812816
256   6597028
256   5716412
256   5648992
256   6689316
256   6486212
256   6736148
256   5600724
256   5907164
256   6781580
256   6341176
256   5478304
256   5889580
256   6967604
256   5992828
256   6082896
256   5900712
256   6622024
256   6736436
256   6696396
256   5515088
256   5808576
256   6406164
256   6419568
256   6374700
256   6351628
256   6490732
256   6617692
256   6006820
256   6196840
256   5415100
256   6732376
256   6590992
256   6167564
256   7058508
256   5793108
256   7010716
256   7144536
256   6339656
256   6780992
256   5515248
256   6782480
256   6664552
256   6003348
256   5762440
256   5433440
256   6941696
256   6322120
256   6187364
256   6031592
256   5610836
256   6807364
256   6419876
256   5522112
256   6271312
256   6742560
256   6380004
256   6433712
256   6309932
256   5640344
256   6907452
256   6911188
256   6105368
256   5931772
256   6957172
256   6116896
256   5393076
256   6378644
256   6305032
256   6618640
256   6429908
256   5860496
256   5665452
256   5727204
256   6650596
256   6104940
256   5794068
256   5584184
256   6929396
256   6692392
256   6560284
256   6813836
256   5696208
256   7135540
256   6216844
256   6118744
256   5549276
256   5593928
256   7052880
256   6048748
256   6655552
256   5634064
256   6890952
256   5995700
256   5824644
256   6347732
256   6297328
256   6699480
256   6073028
256   6503428
256   5648584
256   5980944
256   6449664
256   6807272
256   6345636
256   5997364
256   5518088
256   6730520
256   6785660
256   5602200
256   5682272
256   6856640
256   6881632
256   5602640
256   6317728
256   6231928
256   7089104
256   6432964
256   5779592
256   6342564
256   5868152
256   6745700
256   6428184
256   5936916
256   5381832
256   6252384
256   6752512
256   6026372
256   6304020
256   5647720
256   6795568
256   6549360
256   5837544
256   6681448
256   6071732
256   6806232
256   6854964
256   6660972
256   5495636
256   6631728
256   6184192
256   5343248
256   6666900
256   6516624
256   6687276
256   6541472
256   6539236
256   5839600
256   6644412
256   7006172
256   6748912
256   6778476
256   5320184
256   6351976
256   6342340
256   6251940
256   6765004
256   5567224
256   6794556
256   6043892
256   6017200
256   5983888
256   5376568
256   6639728
256   6532612
256   6980612
256   5271092
256   6308176
256   6794540
256   5717400
256   5605244
256   5696924
256   6926288
256   6853444
256   5752900
256   5632960
256   6605044
256   6399076
256   6606956
256   5968588
256   5680240
256   6722988
256   6231648
256   5787856
256   5763348
256   5993280
256   6494208
256   5983396
256   5123872
256   6086236
256   5632612
256   7146244
256   6786508
256   6209944
256   5794972
256   6581884
256   6971268
256   6646708
256   5640496
256   6106520
256   6637764
256   6397648
256   7143416
256   5671636
256   5591844
256   6911312
256   6019680
256   6537424
256   6315436
256   6128184
256   6997684
256   6645508
256   6034444
256   6260952
256   6022564
256   6796920
256   6675252
256   5570096
256   6650476
256   6812464
256   5780908
256   6886612
256   5726952
256   5516320
256   6868456
256   6406212
256   5737864
256   6169732
256   6438932
256   6693040
256   5720776
256   5915044
256   5791948
256   6713076
256   5998140
256   6477068
256   5463580
256   5437988
256   6745916
256   6731288
256   6631584
256   5938360
256   6767916
256   6258832
256   6332712
256   5725616
256   6180092
256   6732464
256   6329036
256   6113076
256   5993004
256   6438960
256   6773792
256   6117972
256   6772436
256   5752040
256   6497604
256   6821884
256   6502416
256   5803344
256   5112176
256   6628588
256   6499244
256   5902476
256   6073808
256   6043520
256   6863040
256   6814864
256   5477072
256   5536512
256   5780964
256   6644336
256   6331692
256   5551256
256   5314104
256   6397812
256   6408548
256   5838092
256   6552164
256   6053936
256   6396240
256   6408296
256   5927460
256   5583540
256   6271964
256   6887580
256   7099708
256   5524304
256   5690732
256   7062580
256   6607852
256   6580972
256   6522452
256   5627216
256   6635888
256   6339320
256   6734800
256   6635956
256   6456216
256   6739492
256   6766072
256   5184364
256   5916100
256   6579288
256   6560260
256   6622292
256   6107864
256   5783480
256   6468704
256   6770164
256   6051168
256   5429640
256   5937852
256   7074344
256   6038732
256   6391748
256   6469180
256   5608208
256   6255004
256   6304208
256   5694124
256   5495912
256   6754212
256   6328260
256   6129756
256   6109260
256   6019256
256   6889560
256   6639384
256   6003512
256   5822548
256   6046200
256   6671008
256   6344684
256   6351056
256   5758952
256   6672208
256   6083240
256   6107540
256   5870728
256   5883704
256   6373860
256   6154436
256   6544300
256   6100496
256   6889232
256   6713748
256   6377068
256   6573836
256   5578208
256   5835732
256   6842532
256   6594252
256   6297036
256   5451440
256   6905760
256   6556372
256   6102688
256   6710744
256   6716912
256   6661248
256   6622684
256   6143676
256   6862728
256   5852044
256   6792400
256   6505356
256   5890760
256   5948124
256   6762640
256   6443836
256   6383708
256   6029312
256   6043816
256   7036836
256   6467180
256   5931768
256   5871320
256   6407784
256   6519268
256   7081408
256   5807128
256   5628820
256   6356948
256   6290868
256   5956044
256   6307100
256   6679112
256   6879176
256   6573816
256   5667264
256   6229132
256   6807784
256   6906412
256   6088108
256   5894220
256   6107952
256   6691752
256   6222016
256   5969472
256   5834348
256   6426540
256   6804560
256   6588476
256   6198324
256   6518028
256   6922756
256   6498020
256   6239568
256   5710380
256   6335524
256   6691564
256   6578976
256   6480732
256   5540180
256   6540836
256   6711684
256   6901012
256   6731384
256   6219008
256   6676960
256   6285428
256   6497524
256   6741376
256   6586824
256   6830800
256   5966520
256   6724976
256   5315112
256   6777196
256   6600232
256   6451956
256   5742640
256   5829732
256   6719164
256   6228692
256   5833852
256   6546700
256   5715056
256   7114416
256   6326720
256   6426748
256   6548732
256   6924592
256   6004748
256   6171996
256   5629460
256   6423284
256   6767644
256   6481252
256   6574812
256   5684420
256   6530256
256   6728496
256   6651988
256   6197852
256   5311068
256   7144656
256   6986352
256   5999068
256   6293600
256   6616824
256   7015824
256   6339228
256   5647920
256   5707016
256   6823132
256   6507444
256   5207440
256   5616724
256   5825572
256   7114004
256   5874816
256   6809908
256   6210508
256   6409624
256   5896936
256   5761760
256   5646412
256   6446144
256   6754012
256   6371592
256   6995932
256   6612664
256   6910980
256   6962400
256   6064228
256   5833636
256   5368684
256   6418180
256   6239552
256   6148012
256   5459940
256   6207620
256   6703452
256   5967184
256   6378780
256   5496720
256   5757368
256   6964132
256   6554100
256   6498796
256   6067332
256   6818016
256   6840072
256   5678968
256   6010508
256   5784572
256   6930792
256   6674276
256   5335744
256   5714952
256   6660700
256   6870208
256   6917384
256   5401688
256   5702064
256   6686892
256   6633940
256   6290360
256   5968216
256   5962480
256   6962816
256   6755152
256   5435076
256   6421312
256   5637908
256   6717604
256   6354740
256   6382836
256   6551580
256   5788068
256   6837824
256   6290532
256   6616688
256   6017312
256   6872036
256   6646344
256   6425032
256   6709780
256   5491784
256   6565144
256   6544484
256   6735764
256   6139220
256   5432236
256   6696684
256   6504368
256   6365608
256   5960824
256   7127312
256   6463552
256   5734028
256   5747708
256   5526784
256   6702492
256   6446752
256   5977792
256   5814132
256   6504292
256   6606388
256   5796804
256   5854900
256   5929732
256   6540132
256   5643172
256   5655204
256   6161500
256   6360184
256   6652144
256   6569908
256   6175700
256   5775052
256   6674596
256   6604484
256   5560348
256   6478540
256   5708668
256   6300020
256   7130704
256   5518172
256   6164296
256   5330372
256   6539396
256   6332460
256   5879956
256   6283776
256   6931332
256   6580772
256   6528304
256   6010760
256   5679024
256   6700748
256   6722560
256   6547028
256   6530684
256   6239696
256   6753484
256   6678968
256   5729140
256   5893996
256   5827092
256   7173388
256   6498664
256   5736212
256   6254436
256   6653256
256   6907556
256   6152064
256   6358568
256   5983868
256   6419252
256   6379360
256   6505980
256   6368576
256   5849008
256   6788444
256   6952256
256   5280600
256   6365684
256   6856164
256   6645144
256   6862752
256   6742136
256   6377508
256   6683660
256   6956788
256   6176764
256   6482872
256   5456728
256   6771052
256   6175952
256   6618988
256   5829732
256   6829272
256   6600236
256   6634536
256   6378428
256   6174516
256   6616412
256   6473772
256   5599348
256   5661724
256   6601116
256   6756240
256   6536208
256   6516032
256   5871812
256   6776308
256   6437300
256   6416196
256   6149216
256   6695616
256   6682940
256   6292584
256   6707388
256   5717984
256   6669092
256   6790468
256   5465256
256   5834740
256   5585884
256   6692684
256   5767520
256   5724556
256   5468868
256   6902664
256   6593652
256   5196208
256   5809640
256   5591960
256   6690660
256   6591172
256   5640996
256   5640252
256   6278368
256   6683160
256   6507144
256   6091128
256   5716984
256   6596976
256   6519088
256   6442788
256   5581644
256   6348388
256   6830540
256   6815776
256   5996548
256   5868764
256   5539820
256   7000700
256   6601264
256   6358124
256   5766432
256   5359188
256   6234400
256   6336264
256   6719864
256   5553004
256   6840744
256   6676220
256   6005312
256   6330916
256   6062244
256   6587200
256   6134700
256   6385152
256   6485848
256   5862700
256   6758260
256   6251688
256   5758620
256   5701996
256   6657496
256   7034988
256   6366348
256   5859956
256   6037376
256   6965432
256   6813196
256   5396784
256   6192532
256   6030572
256   6787328
256   6748872
256   6237040
256   5938848
256   5785472
256   6731576
256   6718500
256   6752208
256   5833072
256   6710160
256   6125616
256   6195044
256   6276140
256   6150636
256   6687896
256   6624188
256   5800340
256   5594276
256   6442120
256   6505284
256   6042088
256   6031108
256   6777884
256   6391224
256   6346444
256   6593440
256   6404376
256   6296212
256   6626052
256   6542452
256   6794132
256   5381768
256   6816520
256   6669028
256   6427252
256   6795288
256   6468032
256   6647688
256   6645428
256   6852936
256   6563920
256   5974204
256   6701232
256   6648184
256   5740508
256   6628308
256   6682488
256   6863700
256   6225088
256   6893544
256   6294916
256   6613716
256   6010532
256   5918504
256   5747984
256   5740864
256   6700232
256   6499328
256   6713736
256   6455156
256   6612808
256   6815204
256   5422800
256   6174472
256   6427056
256   7090404
256   5899316
256   5639536
256   5798252
256   6698952
256   6622812
256   5672780
256   6419260
256   5848188
256   6805932
256   6594672
256   6867520
256   5509876
256   6818788
256   6987088
256   6658632
256   5953396
256   5856296
256   6905916
256   6906836
256   5836504
256   6638252
256   6071224
256   7085864
256   6307856
256   6761808
256   5981996
256   6803864
256   6924544
256   6462300
256   5901808
256   5389176
256   6833432
256   6662632
256   6620436
256   6288140
256   5878516
256   6521084
256   6623888
256   6918768
256   5374944
256   6600468
256   6907604
256   5975036
256   6715800
256   5251540
256   6711840
256   6192688
256   5957624
256   5968428
256   6587996
256   6686328
256   6151692
256   6357292
256   5719192
256   6805780
256   6585568
256   6058280
256   6436384
256   5882672
256   6699716
256   6762652
256   6013816
256   6010324
256   6655532
256   5970428
256   5541760
256   6216912
256   5617212
256   6646712
256   6440336
256   6638492
256   5462036
256   6205672
256   6425496
256   6582224
256   5629700
256   5432396
256   5781444
256   6692792
256   6388240
256   6693856
256   6215436
256   5844372
256   6673096
256   6357068
256   5882212
256   5868372
256   6872492
256   6625944
256   6721388
256   5251332
256   5651264
256   6801280
256   6355348
256   6705076
256   5615608
256   5663248
256   6918896
256   6679380
256   6374116
256   5487108
256   6712360
256   6439124
256   6103324
256   5888272
256   5483792
256   6607000
256   6693472
256   6386272
256   5953944
256   5809340
256   6748804
256   6313640
256   6224980
256   5726072
256   6482032
256   6274196
256   6572628
256   6513236
256   6550044
256   6739428
256   6939920
256   7067700
256   6013688
256   6466648
256   6840380
256   6646680
256   6749796
256   6256168
256   5624584
256   7012300
256   6238484
256   6430748
256   6546660
256   6326256
256   6662772
256   6547904
256   6014720
256   5471612
256   6605012
256   6620412
256   6825668
256   6262624
256   6319252
256   6743888
256   6579468
256   6417932
256   6104492
256   6547504
256   6626240
256   6180124
256   6817156
256   6176024
256   7159800
256   6014548
256   6356748
256   6504776
256   6537284
256   6009272
256   5830892
256   5675208
256   5996820
256   6789148
256   6508376
256   5948532
256   6360976
256   5689296
256   6667164
256   5737060
256   5542932
256   6136072
256   6731028
256   6700240
256   6196156
256   6939120
256   6233516
256   6462744
256   5992456
256   6796252
256   6207668
256   6602404
256   6563408
256   5723884
256   6781360
256   5786128
256   6801016
256   6321368
256   5908252
256   6159072
256   5730692
256   6790228
256   6816980
256   5950796
256   6817560
256   6702320
256   6482072
256   5780292
256   5830348
256   6772972
256   6381268
256   6476368
256   6429904
256   5481948
256   5440912
256   6564384
256   6709312
256   5810216
256   6455996
256   6647220
256   6447836
256   6668280
256   5839792
256   5541292
256   6976484
256   6081216
256   6086032
256   6669572
256   6670604
256   6685528
256   6622056
256   5428780
256   6301060
256   6560192
256   6050188
256   7056168
256   5352560
256   6615572
256   7034056
256   6018648
256   5774444
256   5822932
256   6723920
256   7225736
256   5892892
256   6370916
256   6413616
256   7069296
256   5852944
256   6967396
256   5379668
256   6827616
256   6648048
256   6235080
256   5925352
256   5913140
256   6782108
256   6766980
256   6818904
256   6048056
256   6864740
256   6856712
256   5943536
256   6742660
256   5753796
256   5858904
256   6692220
256   6373276
256   5956960
256   5460064
256   7182900
256   6468848
256   6698924
256   6681732
256   5291392
256   6431664
256   6666952
256   5409548
256   6076560
256   5841000
256   6914852
256   6720376
256   6107124
256   6111912
256   6500336
256   6406812
256   6605196
256   5783792
256   6329708
256   6662476
256   6463704
256   6801260
256   5326288
256   6433528
256   6925732
256   6395556
256   6204976
256   6724780
256   6641980
256   6364552
256   6017036
256   6206144
256   6156924
256   6384052
256   6559388
256   6056952
256   6063844
256   6541856
256   6038916
256   6599640
256   6430336
256   6356660
256   6527132
256   6542232
256   6150308
256   6091584
256   5673440
256   6610244
256   6605568
256   6443092
256   4945292
256   6498740
256   6669292
256   6903508
256   6543136
256   6753792
256   6654700
256   6458784
256   6064564
256   5500536
256   6509076
256   6870364
256   6605512
256   6760072
256   5294012
256   6864492
256   6482184
256   6621436
256   6094656
256   6670356
256   6479548
256   6612392
256   5454908
256   5719584
256   6873436
256   6511752
256   6078984
256   5513340
256   6295244
256   6914812
256   6696940
256   5777424
256   6121684
256   5820812
256   6452876
256   6523960
256   6715424
256   5918784
256   7047760
256   6424020
256   6491800
256   5710464
256   6577888
256   6565168
256   6704516
256   6185088
256   5781232
256   6877384
256   6906784
256   6606620
256   6181776
256   6004580
256   6674292
256   6503400
256   5832748
256   5925408
256   6390368
256   6994828
256   6499324
256   6531520
256   6332412
256   6656796
256   6372132
256   5958008
256   5579676
256   5845748
256   6398240
256   6937128
256   6236900
256   6780032
256   6227776
256   6934688
256   6395276
256   6172624
256   5627276
256   6496096
256   6712640
256   5529496
256   5482608
256   6434828
256   6433016
256   6366656
256   5495748
256   5922124
256   6883812
256   6385732
256   6312116
256   6199460
256   5232876
256   6634196
256   6718492
256   5757720
256   5339112
256   5574540
256   6458624
256   6332880
256   6408592
256   5704332
256   6379140
256   6702284
256   5738676
256   6417240
256   6652696
256   6569272
256   6345496
256   6348524
256   6306372
256   6241108
256   6511208
256   6325620
256   5744504
256   6175148
256   6351116
256   6756608
256   6592384
256   5918288
256   6006072
256   6447720
256   6854184
256   6485668
256   6348920
256   5655788
256   6825336
256   6629456
256   6511748
256   5835328
256   6346392
256   6558632
256   6324380
256   5438608
256   5663804
256   6355836
256   6619188
256   6678436
256   6572848
256   6452764
256   6916540
256   6500016
256   6620524
256   6073860
256   6838948
256   6588892
256   6255124
256   5555372
256   6497184
256   6893184
256   7005772
256   6451464
256   5609060
256   6228696
256   6788620
256   6534492
256   6601684
256   5672824
256   5726952
256   6793920
256   6689068
256   5932340
256   6710504
256   6640252
256   6813812
256   6619048
256   5682692
256   6575920
256   6852968
256   6561180
256   6423640
256   6633684
256   6196756
256   6763832
256   6594328
256   6465088
256   5896600
256   6483300
256   6538484
256   6001004
256   6316152
256   5809272
256   6669788
256   6797276
256   5698428
256   5780364
256   6800632
256   6403996
256   6268104
256   6753316
256   6157648
256   6152808
256   5983096
256   5749364
256   5985560
256   6846960
256   6752556
256   6470320
256   6013820
256   5396744
256   6836488
256   6843172
256   5713600
256   5504360
256   6381228
256   6758668
256   6597264
256   6060840
256   5668032
256   6787848
256   6916464
256   5973276
256   6439620
256   5353404
256   6586152
256   6307412
256   5868020
256   6501804
256   5644936
256   7015780
256   6051464
256   6790080
256   5637456
256   6412256
256   6342196
256   5759492
256   6179068
256   5666188
256   6722432
256   6643660
256   6088072
256   5983376
256   5890768
256   6559056
256   5972232
256   5351368
256   5688128
256   6743136
256   6551368
256   6550160
256   6411476
256   6858028
256   6637684
256   6842144
256   5729408
256   6536588
256   6324684
256   6435724
256   5963076
256   6515988
256   5115376
256   5783916
256   6849312
256   6487388
256   5558316
256   6209012
256   6993320
256   6349096
256   5858672
256   5774992
256   5608056
256   6436392
256   6445220
256   6819688
256   6619792
256   5510004
256   6886472
256   6519060
256   5562436
256   5595140
256   6954236
256   6853668
256   5771876
256   6637432
256   5750172
256   6979048
256   6121436
256   5756736
256   5595716
256   6120440
256   6823700
256   6287248
256   6149856
256   5356732
256   6830704
256   6847676
256   6764196
256   6640912
256   6063568
256   6687348
256   6412696
256   6364208
256   5686348
256   5623440
256   6727076
256   6648448
256   6149768
256   6366384
256   6470036
256   6016872
256   6426164
256   6529520
256   6394028
256   6530912
256   6519732
256   5528012
256   5512616
256   5290476
256   7096124
256   6242072
256   6960684
256   5910316
256   6715448
256   6341568
256   6693804
256   5586296
256   5840988
256   6688936
256   6315344
256   5824380
256   6616280
256   6052272
256   6845540
256   7179296
256   6798280
256   5250188
256   6801544
256   6102216
256   6069572
256   6784460
256   6444420
256   6654492
256   6743852
256   5649376
256   5589180
256   5669160
256   6667728
256   6545368
256   5923168
256   5512476
256   6922112
256   6179056
256   5852396
256   5236644
256   5967868
256   7120828
256   6522544
256   6843032
256   5642232
256   5931180
256   6411924
256   6339940
256   5851940
256   6498728
256   6402488
256   6179180
256   6512868
256   5885532
256   6152240
256   6649756
256   6590240
256   5617660
256   5438988
256   6091424
256   6740764
256   6171060
256   6708204
256   6373120
256   7068092
256   7063744
256   6474400
256   6634708
256   6210244
256   6818124
256   6386948
256   6419860
256   6877380
256   5800868
256   6753184
256   6798316
256   6409484
256   6162936
256   5776592
256   6809440
256   6568620
256   6612456
256   5769376
256   6607144
256   6657000
256   6274144
256   6157520
256   5819496
256   7019324
256   6432324
256   5953212
256   6195352
256   6436364
256   6138008
256   6461872
256   6193164
256   5542196
256   6883808
256   5760088
256   6269280
256   6221164
256   6481640
256   6385376
256   6457168
256   6477248
256   5705360
256   6682340
256   6529748
256   6113836
256   5814068
256   6030536
256   6766072
256   6759644
256   6181244
256   5532556
256   6547248
256   5958796
256   6774408
256   5677584
256   5815708
256   6652588
256   6675864
256   5939604
256   6631004
256   5508124
256   6825992
256   6924600
256   6361984
256   5674344
256   6519936
256   6859920
256   6425304
256   5617212
256   6357712
256   6888244
256   6700076
256   6172264
256   5962284
256   6490644
256   6655012
256   6232044
256   6505264
256   5815420
256   6780320
256   5645084
256   6851416
256   6442628
256   6925288
256   6804916
256   5958952
256   6571968
256   5712512
256   6571620
256   6807860
256   6382156
256   6824300
256   5511620
256   6940588
256   6714136
256   5497864
256   5997296
256   6134940
256   6513608
256   6644080
256   5987032
256   6029052
256   6705208
256   6547156
256   6112124
256   6399380
256   5681160
256   6471920
256   6359416
256   6871940
256   5692388
256   5633912
256   6878268
256   6719888
256   6152616
256   6296512
256   7201588
256   6588476
256   5798820
256   6316548
256   5561012
256   6982772
256   6481228
256   6852484
256   5617788
256   6418200
256   6844436
256   6068672
256   6233012
256   5581840
256   6576088
256   6736772
256   6561736
256   6309992
256   6405504
256   6388304
256   6637056
256   6599392
256   6276512
256   6843160
256   6838516
256   6635220
256   5930200
256   5503884
256   6875116
256   6673912
256   6156308
256   6867196
256   5684604
256   6750488
256   6477360
256   6565776
256   6247988
256   6909128
256   6431176
256   5719864
256   6141104
256   5762068
256   6938972
256   6784248
256   5815860
256   6710680
256   6430660
256   6846332
256   6326052
256   5380036
256   6189436
256   6465928
256   7045360
256   5960244
256   6307004
256   6630204
256   6768416
256   6095028
256   5993664
256   6626588
256   6845180
256   5745880
256   5929484
256   6680524
256   5763264
256   6884616
256   5981644
256   6221816
256   5629524
256   6289128
256   6014196
256   6572028
256   5687312
256   5712684
256   6845460
256   6850208
256   6359872
256   5467964
256   5752620
256   6661504
256   6055748
256   6173652
256   5470540
256   6870652
256   6448520
256   5238372
256   6631204
256   6548888
256   6347840
256   6410180
256   6385692
256   5779756
256   6203188
256   7116128
256   6291708
256   6291716
256   6353756
256   6745460
256   6663712
256   6743724
256   6758264
256   6539676
256   6885124
256   6616784
256   5723752
256   6617520
256   5594556
256   6896380
256   6094804
256   6013008
256   5780288
256   5751740
256   6781508
256   6357520
256   6868832
256   5463516
256   6591304
256   6314076
256   6597216
256   6122316
256   6395416
256   6590800
256   6115404
256   6347104
256   6550048
256   6818628
256   6500448
256   6050924
256   5475284
256   5724884
256   6313060
256   6310188
256   5520748
256   6568024
256   6972252
256   6544768
256   6450852
256   6501440
256   6564352
256   6886380
256   6280728
256   6047552
256   6099248
256   6006656
256   6877312
256   6155532
256   5902512
256   6790136
256   6609900
256   7057220
256   5492784
256   6388772
256   6702508
256   6843708
256   6695132
256   5693044
256   6466116
256   6653936
256   6753072
256   6471260
256   5563844
256   7028812
256   6310108
256   6770064
256   5753692
256   5694096
256   6816572
256   6625192
256   6372180
256   5585288
256   6447760
256   6207824
256   6574228
256   5708972
256   6326532
256   5509952
256   6764260
256   5857924
256   6705064
256   6086784
256   6148048
256   7316772
256   7062072
256   5126892
256   6518504
256   6550112
256   6805812
256   6797816
256   5891572
256   5814900
256   6797648
256   6857324
256   6506316
256   6446612
256   6394524
256   6617584
256   6491836
256   6584296
256   6639980
256   6537360
256   6886912
256   6630164
256   6627516
256   5568420
256   6618704
256   6229952
256   6588652
256   6337408
256   5519216
256   7019088
256   6111032
256   6526088
256   5805776
256   6922260
256   6288904
256   5790912
256   5582896
256   6186460
256   6977336
256   6226716
256   5934632
256   5809780
256   6742696
256   6475044
256   6907120
256   6690844
256   6474636
256   6710816
256   6177928
256   5845000
256   5530160
256   7099756
256   6068400
256   6114192
256   5273160
256   6455664
256   6756780
256   6576012
256   6586356
256   6681232
256   6765468
256   6618320
256   6403828
256   6011044
256   6019436
256   7107164
256   6954956
256   6478700
256   5579924
256   6170380
256   6679804
256   6820316
256   6743796
256   5849696
256   5451140
256   7057068
256   6557920
256   6553968
256   5765300
256   6793656
256   6696056
256   6073064
256   5556520
256   5689988
256   6808224
256   6711928
256   5893188
256   5630340
256   6864240
256   6846652
256   5845476
256   5623520
256   5716384
256   6838516
256   6393860
256   5731076
256   6281636
256   6207452
256   6635104
256   6586724
256   5783288
256   6314896
256   6744988
256   6018676
256   6087424
256   5807776
256   5900580
256   7273076
256   6499476
256   5740440
256   5652192
256   5974324
256   7025480
256   6627680
256   5892676
256   5851752
256   6658900
256   6735084
256   5604588
256   5777680
256   6003628
256   6892396
256   6432244
256   6162580
256   5938908
256   6243464
256   7005292
256   6006580
256   5736092
256   5604544
256   6746808
256   6457036
256   6669192
256   6187656
256   5698216
256   6917212
256   6648964
256   6233684
256   6662508
256   5700568
256   6733936
256   6385180
256   5819624
256   6654600
256   6628788
256   6874620
256   6699216
256   6233636
256   6884896
256   6667892
256   6692892
256   5812472
256   6661984
256   6048612
256   6700072
256   5279140
256   5872132
256   6633492
256   5640060
256   6843996
256   5908632
256   5707496
256   6972856
256   6669888
256   6691192
256   6303108
256   5957192
256   5780336
256   6487944
256   6271848
256   6872440
256   5584908
256   6860564
256   6297952
256   6252840
256   6800448
256   5522148
256   7018580
256   7061256
256   5992672
256   6233100
256   6154672
256   6925684
256   6273792
256   6779516
256   6230108
256   6696936
256   6700140
256   5337784
256   5764780
256   6409800
256   6972284
256   6607308
256   6256920
256   5337460
256   6025504
256   6553108
256   6231680
256   5664824
256   6139152
256   7212152
256   6464096
256   5996664
256   6597776
256   5605772
256   6743896
256   6529820
256   6344408
256   6796896
256   6520092
256   6203544
256   6797628
256   6368972
256   5938964
256   7111908
256   6535092
256   6559676
256   5424372
256   6710756
256   6562164
256   6199728
256   6001316
256   6601908
256   6690488
256   6396908
256   6745012
256   6571092
256   5667452
256   6559064
256   6087148
256   6809360
256   5812632
256   5780580
256   6590224
256   5712124
256   5772524
256   5522704
256   6513236
256   6426732
256   6095152
256   5551744
256   5941480
256   6529124
256   6175564
256   5820100
256   6133680
256   6513520
256   6693852
256   5641428
256   5870464
256   5950812
256   6675684
256   6537012
256   5836808
256   6285604
256   6889280
256   6518396
256   6098632
256   5671576
256   6160936
256   6785308
256   6366956
256   5195704
256   5582144
256   6965920
256   6713680
256   6445292
256   5668560
256   6339540
256   5570732
256   6976396
256   6560904
256   5655928
256   7002128
256   6309276
256   6539240
256   6704996
256   6142724
256   5684860
256   6785204
256   6752764
256   5656680
256   5895936
256   6178512
256   6689932
256   6760432
256   5643400
256   5815444
256   6164676
256   6811140
256   6467820
256   5867984
256   6178920
256   6756384
256   6199196
256   6622564
256   6566732
256   5654188
256   7073672
256   6893732
256   6543936
256   6351476
256   6322080
256   6547848
256   6395852
256   5650264
256   5901276
256   6233672
256   6199700
256   6085168
256   6456632
256   6300396
256   6534088
256   6275092
256   6592972
256   6283016
256   5830820
256   6839132
256   6371748
256   6316256
256   5633232
256   6670236
256   6527808
256   6021244
256   6069684
256   6446664
256   6704636
256   6606608
256   6195128
256   5717972
256   6538040
256   6738828
256   6085512
256   6015872
256   5749892
256   6792988
256   6365700
256   5830044
256   5451684
256   5845680
256   6707444
256   6554532
256   6646468
256   5541628
256   6797852
256   6220612
256   6352472
256   6655304
256   5739928
256   6657472
256   6735264
256   5830916
256   6145836
256   6905780
256   6140540
256   6484428
256   6345656
256   6630396
256   6315196
256   6828356
256   5368056
256   6070948
256   5546068
256   6732588
256   5958688
256   6492440
256   5811640
256   6701240
256   6679192
256   6291100
256   6488176
256   5891196
256   6799712
256   6625864
256   5720212
256   6291236
256   6596348
256   6721436
256   6550532
256   5776908
256   6810112
256   6537128
256   6337676
256   5791660
256   6095572
256   6115512
256   6958152
256   6696212
256   5877300
256   6230280
256   6004124
256   6463376
256   6158908
256   5584116
256   6328632
256   6268584
256   6449980
256   5697724
256   5749888
256   6343988
256   7218032
256   6629744
256   5892236
256   5699264
256   6188004
256   6563536
256   6653512
256   6128340
256   6353404
256   6973820
256   6340980
256   6836660
256   6370064
256   5990296
256   7020480
256   5959816
256   6768932
256   6516040
256   5799968
256   6656948
256   6578880
256   5589920
256   5831280
256   6859148
256   7090660
256   6407884
256   5743956
256   5953260
256   6693656
256   6658884
256   5659004
256   5647040
256   5772600
256   6814864
256   6429244
256   6365100
256   5691820
256   6832876
256   6380048
256   6418008
256   5756464
256   5780968
256   6800772
256   6761728
256   6746256
256   5309568
256   7048264
256   6272076
256   6171732
256   6698024
256   6573072
256   6734452
256   6432596
256   6406940
256   6001804
256   6740480
256   6703432
256   6503752
256   6394932
256   5680088
256   6580604
256   6586340
256   5798852
256   6122428
256   5535784
256   6872812
256   6714820
256   6300972
256   6136276
256   5804504
256   6527804
256   6506192
256   5886792
256   6453316
256   6854744
256   6639640
256   6464720
256   5616476
256   5674744
256   6530712
256   6085820
256   6479884
256   6158412
256   6274108
256   6796312
256   5735468
256   6175476
256   6368428
256   7047612
256   6667072
256   6383848
256   5748816
256   6606180
256   6697912
256   6951620
256   6480160
256   6185552
256   6955148
256   6570412
256   5987604
256   6886840
256   6416504
256   6516300
256   6285280
256   6455400
256   5508928
256   6178444
256   6738552
256   6369868
256   5952188
256   6359328
256   6673576
256   6632600
256   5428672
256   6227968
256   5845536
256   6965444
256   6594148
256   6315628
256   5570872
256   6712456
256   6576444
256   5773916
256   5626660
256   6521032
256   7028536
256   6246380
256   5288012
256   6582020
256   6712280
256   6618272
256   6327716
256   5498332
256   5733572
256   6933680
256   6248252
256   6218148
256   5655376
256   6978120
256   6974524
256   6266528
256   5454672
256   5865336
256   6184076
256   6411248
256   6570604
256   6522712
256   5857352
256   6785944
256   6198068
256   6426924
256   6507028
256   6093088
256   6856252
256   6517744
256   5863948
256   6332272
256   6927396
256   6685072
256   6753400
256   5594532
256   5482552
256   6243984
256   6988012
256   6101792
256   6039840
256   6770968
256   6855340
256   6894652
256   6731248
256   5551840
256   6746720
256   6451860
256   6196668
256   6713204
256   6573524
256   6683044
256   6009860
256   6153796
256   5965832
256   6612196
256   6969084
256   5882872
256   5567724
256   6252788
256   6922712
256   6442000
256   6627700
256   5880288
256   6398304
256   6913224
256   6415440
256   5555472
256   5714660
256   6466516
256   6385672
256   6266268
256   5401272
256   6546504
256   6892072
256   6321968
256   5665936
256   5945992
256   6707588
256   6498296
256   6226872
256   5769836
256   6577964
256   6566212
256   6760256
256   6538700
256   6555556
256   6742304
256   6704596
256   6707096
256   5802924
256   5681672
256   6847576
256   6808812
256   6262156
256   6493920
256   5758480
256   6714740
256   6369392
256   5676864
256   6232224
256   6915056
256   6888160
256   6409344
256   6589720
256   5718964
256   6738320
256   6703100
256   6253592
256   5545772
256   6625328
256   6672596
256   6575248
256   5543820
256   6096072
256   6757624
256   6456840
256   5517876
256   5744948
256   5913188
256   6897980
256   5836260
256   5846324
256   5987848
256   6978340
256   6724088
256   7055544
256   6297380
256   6031316
256   6507320
256   6441272
256   6572008
256   6820392
256   6238204
256   6922632
256   6776268
256   6510276
256   5788044
256   6837944
256   6233912
256   5960880
256   5508140
256   6765800
256   6776772
256   6434208
256   6505492
256   6582928
256   6335028
256   6989828
256   6416980
256   5957312
256   5650088
256   6923396
256   6646280
256   6071556
256   6325664
256   5761528
256   6840388
256   6651284
256   6484240
256   6863500
256   6585908
256   6245908
256   6074912
256   6309876
256   5848228
256   6850868
256   6627708
256   5743192
256   6730256
256   6796004
256   6396884
256   5949352
256   6615584
256   5233056
256   6660040
256   6498964
256   6384588
256   5837112
256   6233536
256   6832908
256   6630180
256   6594896
256   5536468
256   6656812
256   6522788
256   6652160
256   6052576
256   5719884
256   6724668
256   6399776
256   5941792
256   6331560
256   6865604
256   6387048
256   6227544
256   5860356
256   6676088
256   6286268
256   5956824
256   5967796
256   5679824
256   6119536
256   6789720
256   7020520
256   5924888
256   6329960
256   7089208
256   6332344
256   6574896
256   6796900
256   5842000
256   6956824
256   6237588
256   6454052
256   5496696
256   6762036
256   5941508
256   6270900
256   6354608
256   6720900
256   6263992
256   6524192
256   6280224
256   5989388
256   5689616
256   6699532
256   6863808
256   5254140
256   6615468
256   6483052
256   6793104
256   6412168
256   6558608
256   5916988
256   6700360
256   6657072
256   5877704
256   5895036
256   6878704
256   6675408
256   5912156
256   6079208
256   5613832
256   7067932
256   6610628
256   6600984
256   5951712
256   6786576
256   6626280
256   6132268
256   5960772
256   6719972
256   6527944
256   6261412
256   6581412
256   5641352
256   6089740
256   7015472
256   6084068
256   5802700
256   6085332
256   6857504
256   6688552
256   6655800
256   5775404
256   6076292
256   6802192
256   6434300
256   6777120
256   6322048
256   5835784
256   6723076
256   6808624
256   5693476
256   5876392
256   6976204
256   6658480
256   6350412
256   5554464
256   6538084
256   6813528
256   6255204
256   5729696
256   5844544
256   5853120
256   6620416
256   6334272
256   5811432
256   5936900
256   6984388
256   6200480
256   5534648
256   6742632
256   5711904
256   6802052
256   6281640
256   5398392
256   6475172
256   6675724
256   6718120
256   5669688
256   6563232
256   5641380
256   6323420
256   6539028
256   5606696
256   6144012
256   6720868
256   6717172
256   6274572
256   6661664
256   5769728
256   6851168
256   6610472
256   5340188
256   5767836
256   6495164
256   7006196
256   6473152
256   6827320
256   6460508
256   6557768
256   6601824
256   6740128
256   5861772
256   6263688
256   6928956
256   6171184
256   5971572
256   5898632
256   6558848
256   6777220
256   6664924
256   5415760
256   5620652
256   5564308
256   6985176
256   6492468
256   6515792
256   6342384
256   6801032
256   6500796
256   6060084
256   6385992
256   6975580
256   6610388
256   6452196
256   6629704
256   5772656
256   6982144
256   7118676
256   5880948
256   5538912
256   5556496
256   6543708
256   6408240
256   6475080
256   6366044
256   6490312
256   6555568
256   6616832
256   5458240
256   6567824
256   6751144
256   6399908
256   6607960
256   5496888
256   5602236
256   6857824
256   6714156
256   6506188
256   5758236
256   6617204
256   6482268
256   6555488
256   6546712
256   5851604
256   6602504
256   6335832
256   6467836
256   5530032
256   6509328
256   6876592
256   6862332
256   5989576
256   6062148
256   6613648
256   6110320
256   6672488
256   5874716
256   6242572
256   6535268
256   6721984
256   5681120
256   5741140
256   5483716
256   6608304
256   6811944
256   6147836
256   6712700
256   6543652
256   6242472
256   6043232
256   6295772
256   6176092
256   6720524
256   6290508
256   6899220
256   6517864
256   6883904
256   6576784
256   6559896
256   5406720
256   5666272
256   6702776
256   6515644
256   6636300
256   6884468
256   5984432
256   6997824
256   6841340
256   5591432
256   6286844
256   6729960
256   6377660
256   6287612
256   5657504
256   5547700
256   6908596
256   6718688
256   6529344
256   5526352
256   5750628
256   6716284
256   6378868
256   5951324
256   5627600
256   7109568
256   6644616
256   6338852
256   6712732
256   6624372
256   6664444
256   6495612
256   6452588
256   6522036
256   6609060
256   6503120
256   5509952
256   5302012
256   6347468
256   6690588
256   6267068
256   6076980
256   6461676
256   6924128
256   6407896
256   6741908
256   5240140
256   6574036
256   6871100
256   6055064
256   5778476
256   5514712
256   6050940
256   6172924
256   6841972
256   6629588
256   5511220
256   6747872
256   6585876
256   6056716
256   5876012
256   6670620
256   6951432
256   6773004
256   5556452
256   6683396
256   5450684
256   6879380
256   6878012
256   6633900
256   5668764
256   6727388
256   6605456
256   6417640
256   5803552
256   5563092
256   6555320
256   6456168
256   6950640
256   6873676
256   5979664
256   6860016
256   5921704
256   6490952
256   6814988
256   6876120
256   6590000
256   6382020
256   6996036
256   6606624
256   7007888
256   5950004
256   5609432
256   6063740
256   6769212
256   6438448
256   6014912
256   5794860
256   6185760
256   6750372
256   6149956
256   6623540
256   6784204
256   6016464
256   7087860
256   5939440
256   6387728
256   6737892
256   6943368
256   6446496
256   6289460
256   6539332
256   6384932
256   6709132
256   5976044
256   5547780
256   6122676
256   7057692
256   6808592
256   6274524
256   5527292
256   6121452
256   6466248
256   6092636
256   5852224
256   5653148
256   6764420
256   6506780
256   6213364
256   6464532
256   6334084
256   6769440
256   6843548
256   5704268
256   5926688
256   6873496
256   6102988
256   7116292
256   6083900
256   6945384
256   6677544
256   6199524
256   5786708
256   5288068
256   5968012
256   6777300
256   6179688
256   6014908
256   5730924
256   6794792
256   6327304
256   5857236
256   6336180
256   5742380
256   6595612
256   6588992
256   5856568
256   5730592
256   6344932
256   6924884
256   5862664
256   5717776
256   5711232
256   6669164
256   5840288
256   6705712
256   5599836
256   6391196
256   6817504
256   6721008
256   5540944
256   5975984
256   6518856
256   6780696
256   6548896
256   5345764
256   5774536
256   6761436
256   6384524
256   6530752
256   5311480
256   6124452
256   6886588
256   6548304
256   6423784
256   5734528
256   5360816
256   6698528
256   6789872
256   6576272
256   5682900
256   6487416
256   6535440
256   6289680
256   5558212
256   5761652
256   6745492
256   6442572
256   6238116
256   5585372
256   6541020
256   6803596
256   6211756
256   6075944
256   5493508
256   5336208
256   6386196
256   6418432
256   5791476
256   6023120
256   7085960
256   6262616
256   5691540
256   6252904
256   5456904
256   7190580
256   6060456
256   5606648
256   6289644
256   6409588
256   6947660
256   6698508
256   5920552
256   5697768
256   6806032
256   6073380
256   6383448
256   5913364
256   5342576
256   6558880
256   6582556
256   5791916
256   6352048
256   5555504
256   6694956
256   6793612
256   5396396
256   5787188
256   6671160
256   6756860
256   5840224
256   6338940
256   5842136
256   6448084
256   6718152
256   6450764
256   6185616
256   5600956
256   6893032
256   6580592
256   5766032
256   5837708
256   5990424
256   6610820
256   6452700
256   5637832
256   6636436
256   6723096
256   6622968
256   6839084
256   6131088
256   6056756
256   6502844
256   6174800
256   6188976
256   5917648
256   5845780
256   6583500
256   6547356
256   6178340
256   5802612
256   6328792
256   6670124
256   6679116
256   6144052
256   6723500
256   6810844
256   6615984
256   5610108
256   5472972
256   5856736
256   6548808
256   6381220
256   6257044
256   6716244
256   5656668
256   7008408
256   6429764
256   6353516
256   5787720
256   6933220
256   6259724
256   6637816
256   6478256
256   5512368
256   7167932
256   6687836
256   6490232
256   6461484
256   5811544
256   6536904
256   6841856
256   6379000
256   6519848
256   6607212
256   6104612
256   6424284
256   5999824
256   5307080
256   6921792
256   6389732
256   6427328
256   6450088
256   5667144
256   6914992
256   6896920
256   5713492
256   6394484
256   6602764
256   6170988
256   6028840
256   6444760
256   5906216
256   6912716
256   6824136
256   6714188
256   6447532
256   6668176
256   6590980
256   6139140
256   6460948
256   6473416
256   6871188
256   6619432
256   6622576
256   5856928
256   6721176
256   6715488
256   6468048
256   5728576
256   5951204
256   6690184
256   6131336
256   5643008
256   6252344
256   5883900
256   6664436
256   6422112
256   6386952
256   5898216
256   6875184
256   6172760
256   6123652
256   5612200
256   5554096
256   6636184
256   6710496
256   5681016
256   5886260
256   6660604
256   6012348
256   6038516
256   5320372
256   6388656
256   6585620
256   6857844
256   6185236
256   6845516
256   6694900
256   6594248
256   6147492
256   7201896
256   5612088
256   6767512
256   6422676
256   5536324
256   6382764
256   5907800
256   7065224
256   6305552
256   6151276
256   5970252
256   6562776
256   6351860
256   6172408
256   6561948
256   6551248
256   6581684
256   6927880
256   6401020
256   5299800
256   6584440
256   6858424
256   6570720
256   7031420
256   5535136
256   6704444
256   6889216
256   5937364
256   6602948
256   6137228
256   7011904
256   6733976
256   6742096
256   6433552
256   6482216
256   6977996
256   6445172
256   6054236
256   6517684
256   6758328
256   6667012
256   6256256
256   5639432
256   5660960
256   6689428
256   6292044
256   6064980
256   6009968
256   6640672
256   6468984
256   6666368
256   6757516
256   6303788
256   6778468
256   6020416
256   6677504
256   6474760
256   6705188
256   6471956
256   6436132
256   5365136
256   6718780
256   6692628
256   6026292
256   5863344
256   5548068
256   6771876
256   6898192
256   6547192
256   6108308
256   5717352
256   6370616
256   6537868
256   5573064
256   5589520
256   6368280
256   6688808
256   6548808
256   5854504
256   5577032
256   6452404
256   6653620
256   5576168
256   5841016
256   5691624
256   6709728
256   6401188
256   5231172
256   6203196
256   6843248
256   6824088
256   5663552
256   6544176
256   6678220
256   6939976
256   7024284
256   5847692
256   6713112
256   6346468
256   6871416
256   6543640
256   5834528
256   5739304
256   6770996
256   7004492
256   6452804
256   6019472
256   5956924
256   6779532
256   5821640
256   5563976
256   5704196
256   6035656
256   6539480
256   6209964
256   6419648
256   6520816
256   7038612
256   7038776
256   5635172
256   6683376
256   5745056
256   6875620
256   6610304
256   6689752
256   6895864
256   6478976
256   6490948
256   5854904
256   6271752
256   6263008
256   6856252
256   6191648
256   6302456
256   5665488
256   5951364
256   6652852
256   6504748
256   5900884
256   5586128
256   6806628
256   6748404
256   6312004
256   6887028
256   6088940
256   7060024
256   6105756
256   5800152
256   5589532
256   5976280
256   6927212
256   6022344
256   5471244
256   5516192
256   6405832
256   6339700
256   6116916
256   6697168
256   6235844
256   6965756
256   6611656
256   6432640
256   6100100
256   5802976
256   6805156
256   6518724
256   5597580
256   5798052
256   6945608
256   6650296
256   6045520
256   5960564
256   5964196
256   6887408
256   6084472
256   5997156
256   5830900
256   5562884
256   6823872
256   6553588
256   5673176
256   5995048
256   6936676
256   6230776
256   6404292
256   5771192
256   5568128
256   6554684
256   6330900
256   6682952
256   6247740
256   6955924
256   6895620
256   6495760
256   6559628
256   5456576
256   6540828
256   6429188
256   6469812
256   5746640
256   5489516
256   6855984
256   6790424
256   7064804
256   6171224
256   6487300
256   6784752
256   6392068
256   6935124
256   6440700
256   6457296
256   6100728
256   6597620
256   6115192
256   6337244
256   7189636
256   6735324
256   6046840
256   5929412
256   6748072
256   6286288
256   6622128
256   6249716
256   5480188
256   6512224
256   6384456
256   6114932
256   5799880
256   5589736
256   6428972
256   6230352
256   5738704
256   5513740
256   6649832
256   6037260
256   5940652
256   6896148
256   5984916
256   6960808
256   6422448
256   6617644
256   6564896
256   6501852
256   6443020
256   6555092
256   5797512
256   6674684
256   6938976
256   6345900
256   5701116
256   6437744
256   6241516
256   6897808
256   6383540
256   5477788
256   6213924
256   6924912
256   6954512
256   6384820
256   5430228
256   5716476
256   6487988
256   6747416
256   5775904
256   5590596
256   5973704
256   6934144
256   6751072
256   6000776
256   6042032
256   7064792
256   6747936
256   5733708
256   5830796
256   6001644
256   6451056
256   6831784
256   5924376
256   6053268
256   6905536
256   7010912
256   6471340
256   5637400
256   5535640
256   6884748
256   6582544
256   6531588
256   6200056
256   5325192
256   6495480
256   6570460
256   5533180
256   5340228
256   6548016
256   7157992
256   6315728
256   5829420
256   5592576
256   6577960
256   6827044
256   5883816
256   6500312
256   5567128
256   6880060
256   5959936
256   5786196
256   6537284
256   6957868
256   6491680
256   5712128
256   6455172
256   6145188
256   6703540
256   6262632
256   5960800
256   5881288
256   5791208
256   6696860
256   6862088
256   6484476
256   6165444
256   6561676
256   6571560
256   6740092
256   6854916
256   6755196
256   7457068
256   6753572
256   6790436
256   6222512
256   9576080
256   9772816

