12   451812
51   1225172
126   3453192
256   6847312
256   7261132
256   7034248
67   1944040
256   6863332
256   6619384
256   7188208
256   6529784
256   6818588
256   6900812
256   6657624
256   6682256
256   7057584
256   6679892
256   6987460
256   6954412
256   7430064
256   6869912
256   6548264
256   6582684
256   7089284
256   6812564
256   6772836
256   7083524
256   6444108
256   6892244
256   7004272
256   6769692
256   6780768
256   7003756
256   7231072
256   6734120
256   6625380
256   7066692
256   6873196
256   7205372
256   7217724
256   6680132
256   6857644
256   7079544
256   7324396
256   7206252
256   6997188
256   6323656
256   6657188
256   6683724
256   7079428
256   6802228
256   6844284
256   6826952
256   7458416
256   6712192
256   7855068
256   8756888
256   9068844
256   9453664
256   8883476
256   8775992
256   9128056
256   9627640
256   9265164
256   9023012
256   9410480
256   11188912
256   9447156
256   9312416
256   9219204
256   9209372
256   9756644
256   9362412
256   8459684
256   8942668
256   9175700
256   9641204
256   9577104
256   8956468
256   9421392
256   9283672
256   8973428
256   9136944
256   8984524
256   9812420
256   9416340
256   9756196
256   9530368
256   9115784
256   9057376
256   9263544
256   9290224
256   9099576
256   8957292
256   9216840
256   9261204
256   9081884
256   9598432
256   9348888
256   9992308
256   9247648
256   10139276
256   8873528
256   8938676
256   9258020
256   9330636
256   7917792
256   8990892
256   9258188
256   9094808
256   9390196
256   9005616
256   9880204
256   10055724
256   9464832
256   9624960
256   9137312
256   8967120
256   9689924
256   8989904
256   8471408
256   9247956
256   9546676
256   9377828
256   8789032
256   9640960
256   9199100
256   9616668
256   10250764
256   9169272
256   9155472
256   8775888
256   9096724
256   9335980
256   9377960
256   8915876
256   8937004
256   8783860
256   10249512
256   9295196
256   9141864
256   9714820
256   9511524
256   9393648
256   9195756
256   9337412
256   9252780
256   9152856
256   8271936
256   9271632
256   9432304
256   9229880
256   9320816
256   9079112
256   9672512
256   9450752
256   9852424
256   9482080
256   8554364
256   9100812
256   9066900
256   9249072
256   9578416
256   9369640
256   9059352
256   8918708
256   9286184
256   9337088
256   8689724
256   9311764
256   10054712
256   9541420
256   9322576
256   8838664
256   9049628
256   9050716
256   8826104
256   9303556
256   9316716
256   9242812
256   9028916
256   8989024
256   9608916
256   9784096
256   8985368
256   8864164
256   9167864
256   9038836
256   8848096
256   8957856
256   8819384
256   9338928
256   9058124
256   9257548
256   8820368
256   9366572
256   9365436
256   9317552
256   9072936
256   9917956
256   9458412
256   9458612
256   8658452
256   9208580
256   9076288
256   8897664
256   9075364
256   9527872
256   9753580
256   9605012
256   9365288
256   9809972
256   9844044
256   8973076
256   9040128
256   9196640
256   8747760
256   9284840
256   9385116
256   9718748
256   9091464
256   9041664
256   9726960
256   9638628
256   9595448
256   9750300
256   9312800
256   8489260
256   9420392
256   8868948
256   9198544
256   9080180
256   9098056
256   9181780
256   9587496
256   9392184
256   9040808
256   9210820
256   9502752
256   9407736
256   9045364
256   8890804
256   9219232
256   9028392
256   8424024
256   8958128
256   8556288
256   9560344
256   9016928
256   9309820
256   9289040
256   8892164
256   9304484
256   9913752
256   9074464
256   8890648
256   8914152
256   8971492
256   8940616
256   8785724
256   8934120
256   9271012
256   9547400
256   9524880
256   9791448
256   8716576
256   9358120
256   9240548
256   8898912
256   9297804
256   9759732
256   9029084
256   9502576
256   9713068
256   9027540
256   8712372
256   9683552
256   9353364
256   9138100
256   9284984
256   8895116
256   9060516
256   9219904
256   9315844
256   9118732
256   9223356
256   8917304
256   9217900
256   9414224
256   8375316
256   8735000
256   8907112
256   9139460
256   9253288
256   9375672
256   9179988
256   9544304
256   9533976
256   9286340
256   8733216
256   9654440
256   9107020
256   9427144
256   8112216
256   8405884
256   9478356
256   9248852
256   9685404
256   9309232
256   9971148
256   8778340
256   8912396
256   9290412
256   9207444
256   9258796
256   9467944
256   9375532
256   8449528
256   8931912
256   8573708
256   9144712
256   9701148
256   8856096
256   10274208
256   8996584
256   9320596
256   9350860
256   9765268
256   9378952
256   9671964
256   9127120
256   9384444
256   9431372
256   9119468
256   9543152
256   8873284
256   9489480
256   9000712
256   9475596
256   9732780
256   9358088
256   9126568
256   9785056
256   9465700
256   9424320
256   9268656
256   9087576
256   9114728
256   9114364
256   8994916
256   9324596
256   9358920
256   9048060
256   9298068
256   9219048
256   9343904
256   8826900
256   9381560
256   9088028
256   9046784
256   8717260
256   8718824
256   9521756
256   9016804
256   9366476
256   9624272
256   8991732
256   8161644
256   9317012
256   9297164
256   8956588
256   8824292
256   9063960
256   8917620
256   8867580
256   9252288
256   9704124
256   9818112
256   8899204
256   8675080
256   9473704
256   9357308
256   9368996
256   8907984
256   9065572
256   9161656
256   8831312
256   8963276
256   9105404
256   9416340
256   8751676
256   9207148
256   9418712
256   9508532
256   8952052
256   9430484
256   8743732
256   8971960
256   9232744
256   8773468
256   9099272
256   9339456
256   9411672
256   9521600
256   9692000
256   9382364
256   9783636
256   9313776
256   9357008
256   9217216
256   8670676
256   8998764
256   8930456
256   9334200
256   9143980
256   9282364
256   9300828
256   9332088
256   9666148
256   9209776
256   9422664
256   9139120
256   8910716
256   9238440
256   8690380
256   8910228
256   8916508
256   8941540
256   9000980
256   8484160
256   9263544
256   10150148
256   9201592
256   9465540
256   10209388
256   9484028
256   9208820
256   9520532
256   8924836
256   9323844
256   9310820
256   9064240
256   9268596
256   9141120
256   10530660
256   8682400
256   8750672
256   9096008
256   9684156
256   9212340
256   9213804
256   9115920
256   9022244
256   9291544
256   8699720
256   9040296
256   9082052
256   8985444
256   9543788
256   9298972
256   9028132
256   8724668
256   9503960
256   9184904
256   9151980
256   9086036
256   9319432
256   8866520
256   9422692
256   9018164
256   8726620
256   9077912
256   9323660
256   9319308
256   8771824
256   9387696
256   9705420
256   9307708
256   9260376
256   9278200
256   9597132
256   9236068
256   9065700
256   9832160
256   9242296
256   9257228
256   9354444
256   9111968
256   9310096
256   8950488
256   9690756
256   9167336
256   9142048
256   8719500
256   9155416
256   9515768
256   9371216
256   9497736
256   9571788
256   9736140
256   9146684
256   9089772
256   9717116
256   8808028
256   10603140
256   8771148
256   9280756
256   8766888
256   9826108
256   9366712
256   9414484
256   9228240
256   9408652
256   9918128
256   9648092
256   9595844
256   8996072
256   9876156
256   9757204
256   9889108
256   9158500
256   8323380
256   9097972
256   9251408
256   9159776
256   9713232
256   9725548
256   9312896
256   9267632
256   9357224
256   9400812
256   9696104
256   9357160
256   8979724
256   8286424
256   9287068
256   9222200
256   9288424
256   9026732
256   8741136
256   9347896
256   9179176
256   8987072
256   9595152
256   9151392
256   9756268
256   9227188
256   8781636
256   9240860
256   8785900
256   8854508
256   8622560
256   8571572
256   8583272
256   9394272
256   9229808
256   9227128
256   9147560
256   9337252
256   10277860
256   9269380
256   9491536
256   9241304
256   8653668
256   9134996
256   9074832
256   8739384
256   8886840
256   9576908
256   9903312
256   9408116
256   9718856
256   9334752
256   8976604
256   9421652
256   8965280
256   9320496
256   8960416
256   9269864
256   9004940
256   9134204
256   9222952
256   9275320
256   8832508
256   9717572
256   9403576
256   9559368
256   9092552
256   9278580
256   8722320
256   9022412
256   9070176
256   9307616
256   9290700
256   9121756
256   8836264
256   8553348
256   9268508
256   9147776
256   9672380
256   9697060
256   9533080
256   9335656
256   9200740
256   9098016
256   9588460
256   9250976
256   9192044
256   8976680
256   9430316
256   9310788
256   9264536
256   9070488
256   9976172
256   9716796
256   9727276
256   9192028
256   9472260
256   9217280
256   9273712
256   9742564
256   8898636
256   9024916
256   9810948
256   8418752
256   9388452
256   9536656
256   8909984
256   8813132
256   10208808
256   9241468
256   9366344
256   9026980
256   9363436
256   9026128
256   8930524
256   9119760
256   9107788
256   9506160
256   8309956
256   9312824
256   9455184
256   10179968
256   9113896
256   8994816
256   9443768
256   8837340
256   9329868
256   8677380
256   8767304
256   9073476
256   9380876
256   9119592
256   9418360
256   9498424
256   9074100
256   9276360
256   8147552
256   9525004
256   9387724
256   9005840
256   9069488
256   8822416
256   9124480
256   9287812
256   9603980
256   9253884
256   9303688
256   9327152
256   8856232
256   9355600
256   9096392
256   8927860
256   8339204
256   8987776
256   8699956
256   9496396
256   8943196
256   9382856
256   9226576
256   9203908
256   9341052
256   8963812
256   9402448
256   9380956
256   9368356
256   9268260
256   8908440
256   8754352
256   8769320
256   6613852
256   8818380
256   9068576
256   9367768
256   9266884
256   9237724
256   8902812
256   9737020
256   9589404
256   9853560
256   9482136
256   8718428
256   9078688
256   8719372
256   8999776
256   8791640
256   9216732
256   8925696
256   9290652
256   9778768
256   9083368
256   9253912
256   9225540
256   10015108
256   9174872
256   9218976
256   9447892
256   9066788
256   9413032
256   9494588
256   9143888
256   8779012
256   9259572
256   9534752
256   9081020
256   9219448
256   9969028
256   9777072
256   9476096
256   9576364
256   9869360
256   9729920
256   9064724
256   9100148
256   9304660
256   8805976
256   8747340
256   8952908
256   9710272
256   9378904
256   9433684
256   9201568
256   9541620
256   8880700
256   9683176
256   9062620
256   9003324
256   9125952
256   8829640
256   9554244
256   8665328
256   9318492
256   8820068
256   9453876
256   8981180
256   8865020
256   9135680
256   9384044
256   9003132
256   9155528
256   9617880
256   8935728
256   9167068
256   9001848
256   9617696
256   9709172
256   9820260
256   9273176
256   9311744
256   9371532
256   9132240
256   8981452
256   9537224
256   9461444
256   9229232
256   8851576
256   9331124
256   9128344
256   9391248
256   9015852
256   9823068
256   9095564
256   9773524
256   9591328
256   9157444
256   9357028
256   8763964
256   9545828
256   9696428
256   9427992
256   9750540
256   9525776
256   9482784
256   9031888
256   9279852
256   9794272
256   9494988
256   9365264
256   9345304
256   9046976
256   8873916
256   8945748
256   8972568
256   9168388
256   9003180
256   9491620
256   9141212
256   9512312
256   9109120
256   9146512
256   9834332
256   9711648
256   8267160
256   9106984
256   9134588
256   9421188
256   8753752
256   9147240
256   9248072
256   8911496
256   9165744
256   9529184
256   9149128
256   9189260
256   8933800
256   9245096
256   9174600
256   8539452
256   8665084
256   9233956
256   9772036
256   8738452
256   9293980
256   9265168
256   9141388
256   9582488
256   9240272
256   10239796
256   9083956
256   9593116
256   8918376
256   9083500
256   8948488
256   9612004
256   8990088
256   8922808
256   9557532
256   8840624
256   9382428
256   9125048
256   9098896
256   9574528
256   9489948
256   9315680
256   9396784
256   9050888
256   9070608
256   9183724
256   9160520
256   8853768
256   9188844
256   8996864
256   9439920
256   9324960
256   8688556
256   9045852
256   10499376
256   9329952
256   9212192
256   9355988
256   9208304
256   8975440
256   9143644
256   8547132
256   9686208
256   9367400
256   9052700
256   9588228
256   8924288
256   10223988
256   9019244
256   9511944
256   8772440
256   8724756
256   8976428
256   9090180
256   9003384
256   9143732
256   9331780
256   9648840
256   9163536
256   9963076
256   9841936
256   10151428
256   9555964
256   9260836
256   8820456
256   9432016
256   9201324
256   9578560
256   9191808
256   8780932
256   9238344
256   8505656
256   9632024
256   9095996
256   9479052
256   9289208
256   10207944
256   9298112
256   9158024
256   9223656
256   9856852
256   8615632
256   9461308
256   9100104
256   8946500
256   8955564
256   9278512
256   8970880
256   9535312
256   9423452
256   9613316
256   9004356
256   9196196
256   9602996
256   9528680
256   9304612
256   9136724
256   9487896
256   8875100
256   9147000
256   8890408
256   9550872
256   9296852
256   9206820
256   9492916
256   9037736
256   9247648
256   9143100
256   8896964
256   8707536
256   9192764
256   9401364
256   8939200
256   9437860
256   9678760
256   9610652
256   10170900
256   9426116
256   8250100
256   9168164
256   9759296
256   8979688
256   9362724
256   9258720
256   9393296
256   9036900
256   9338676
256   9071848
256   9190248
256   9112828
256   9905720
256   8450032
256   8424304
256   8866288
256   9548708
256   9257736
256   9101808
256   9193904
256   9367800
256   9333108
256   8799396
256   8799968
256   9226992
256   9237384
256   9300972
256   9627528
256   9071932
256   9147300
256   8479600
256   9283032
256   9238872
256   9336568
256   9266596
256   9150760
256   9623424
256   9142564
256   8787940
256   9216612
256   9643548
256   8962872
256   9017668
256   8748792
256   8930848
256   8761288
256   9277092
256   9331640
256   9038976
256   8830764
256   9101720
256   8491256
256   9302024
256   9287180
256   9075384
256   9558736
256   9670776
256   9460208
256   9346812
256   8838844
256   8418052
256   9122724
256   9051084
256   9018348
256   9128648
256   9402120
256   9717372
256   9360652
256   9826072
256   9553908
256   9254068
256   8900176
256   9200580
256   9187240
256   8919380
256   9331684
256   8795068
256   8989320
256   8992436
256   9059508
256   8706636
256   9555520
256   9887804
256   8732772
256   8931496
256   9568120
256   9300048
256   9486048
256   9163244
256   8940100
256   9696392
256   9230140
256   9127816
256   9330612
256   9552552
256   9660848
256   9194444
256   9093872
256   9090172
256   9530112
256   9890268
256   9220692
256   9004472
256   9442128
256   9057868
256   9418916
256   8789972
256   9409020
256   9041128
256   9501584
256   9934260
256   9296980
256   9177752
256   10013420
256   9217004
256   9224416
256   9389432
256   9153052
256   9526876
256   8883852
256   9207740
256   9347348
256   9899892
256   9185188
256   8982620
256   9571948
256   9301472
256   8783248
256   9274368
256   8899052
256   9168792
256   9222680
256   9055672
256   9345652
256   9298748
256   9249968
256   9644752
256   8633072
256   9305172
256   8813196
256   9070212
256   9061124
256   9011444
256   9628364
256   9579816
256   9423800
256   9285784
256   9208832
256   8805968
256   9914028
256   10181780
256   9440412
256   9237004
256   8905128
256   9309992
256   9378264
256   9168868
256   9103868
256   9198056
256   8905448
256   9089540
256   9097644
256   9320632
256   8973404
256   8745636
256   9876760
256   9434636
256   8994856
256   9498460
256   9039180
256   9474316
256   9281476
256   9217628
256   9217436
256   9664108
256   9486356
256   9257756
256   9307516
256   9530032
256   8761748
256   9537624
256   8617760
256   8989568
256   8899108
256   8853068
256   9257236
256   8854612
256   9409020
256   8986048
256   9315632
256   9232020
256   9030444
256   9793976
256   9223740
256   9349556
256   9285252
256   8990480
256   9201920
256   9124588
256   8899408
256   9839672
256   9044952
256   9028240
256   8944636
256   9050608
256   10021112
256   9593380
256   9747520
256   9351248
256   8928180
256   9011620
256   8789460
256   8881488
256   9376080
256   9090056
256   9400560
256   8935128
256   9359156
256   8935804
256   9480772
256   9404232
256   9315904
256   9083896
256   9205472
256   8915384
256   8937252
256   9185300
256   9304072
256   9319796
256   9395680
256   9415632
256   9495176
256   9266276
256   9045444
256   9105788
256   9030500
256   9680732
256   9191980
256   9182776
256   8949680
256   9095912
256   9118980
256   9440300
256   8827456
256   9362036
256   9159824
256   9095700
256   9684524
256   10271020
256   9146752
256   8931000
256   8812800
256   8989360
256   9519988
256   8778200
256   9231060
256   9189360
256   9185092
256   9378100
256   9405612
256   9476424
256   9370392
256   9275204
256   8771604
256   9060720
256   9509632
256   9063568
256   8847428
256   8963516
256   9058492
256   8889600
256   8742788
256   8354988
256   9578588
256   9338256
256   8869148
256   9696096
256   9434928
256   8703608
256   8843120
256   9017324
256   9387540
256   9134204
256   9311392
256   9000640
256   9228552
256   9091228
256   8691184
256   9267800
256   9050728
256   8742956
256   9240216
256   9412440
256   8825500
256   9190552
256   9443208
256   9043776
256   9246500
256   9069788
256   9494888
256   9034960
256   9509868
256   8998888
256   9524008
256   9082536
256   9323196
256   9482344
256   9744396
256   9041852
256   9418616
256   9723580
256   8834664
256   9264344
256   9341412
256   8998400
256   9193924
256   9356140
256   9164752
256   9474476
256   9893180
256   9164664
256   9215656
256   9467940
256   9397184
256   8962308
256   9307388
256   9018544
256   8702112
256   9373068
256   9547236
256   8699800
256   9462068
256   9818940
256   9548824
256   8839380
256   9583660
256   8958116
256   9459448
256   9211212
256   8818536
256   9495900
256   8796252
256   9101556
256   9077316
256   9885360
256   9062216
256   9403736
256   9162260
256   8882376
256   9364700
256   9435052
256   9203092
256   8962588
256   9243092
256   9725736
256   9167812
256   9074892
256   9356380
256   9224032
256   11322380
256   9078160
256   9530340
256   10040216
256   9014732
256   8982160
256   9671716
256   9152080
256   9081656
256   9585052
256   9189912
256   9057548
256   9503540
256   9449384
256   9361060
256   9160812
256   9243436
256   8881908
256   9854688
256   9299024
256   9292476
256   9741384
256   9520352
256   9300716
256   9463088
256   9943272
256   9150580
256   9176484
256   9494184
256   9395384
256   9188264
256   8934452
256   9445016
256   8873016
256   8981160
256   9612600
256   9219640
256   9641840
256   9321528
256   9957804
256   9819564
256   9306772
256   9233544
256   9619440
256   9218804
256   9070012
256   9196144
256   9280600
256   8842736
256   9627964
256   8937988
256   9568368
256   9342424
256   8896388
256   9578136
256   9520692
256   8732204
256   9065040
256   9221500
256   8738584
256   9119572
256   9039456
256   9803084
256   9368592
256   9525768
256   8824292
256   9425300
256   9427048
256   8893920
256   8998560
256   9672672
256   8969188
256   9466276
256   9534216
256   9371156
256   9496888
256   9112412
256   8786888
256   8690176
256   9355496
256   9130080
256   9300616
256   9803276
256   9596580
256   9441132
256   9293784
256   9282908
256   9180436
256   9735876
256   9506140
256   9131324
256   8858792
256   9589976
256   9098652
256   9379872
256   8921676
256   9338956
256   9435060
256   9084180
256   9347720
256   9618952
256   9430136
256   9399920
256   9553244
256   8686596
256   8749052
256   9231928
256   9362828
256   9294236
256   9106968
256   9152436
256   9381276
256   9389684
256   9208428
256   8577280
256   9048704
256   8948404
256   8984848
256   9232692
256   9018064
256   8903176
256   8841120
256   9754628
256   9099956
256   8897724
256   9103980
256   9233244
256   9184364
256   8951444
256   9257572
256   9320380
256   9293252
256   8875748
256   8968320
256   8990324
256   8903604
256   8923020
256   8933968
256   9115804
256   9454092
256   8917388
256   8820676
256   9007524
256   9269136
256   9241192
256   9176248
256   9024556
256   9196912
256   9512720
256   9114044
256   9776832
256   9247704
256   9151300
256   8989928
256   9265812
256   9314576
256   9334012
256   9092676
256   9069168
256   9427464
256   9027068
256   9736208
256   9107240
256   9423884
256   8989440
256   10478220
256   8926596
256   8948276
256   9288492
256   9339744
256   8822004
256   9173824
256   9243064
256   8950112
256   9479944
256   9246068
256   8540352
256   9482736
256   9089832
256   9424620
256   8862928
256   9227432
256   8719124
256   9679836
256   8947480
256   9069888
256   9045020
256   9174268
256   9150612
256   9396056
256   9446392
256   9222120
256   9155684
256   9303448
256   8965216
256   8890848
256   8763848
256   9349612
256   9545688
256   8854708
256   9728432
256   9231660
256   9424192
256   9100648
256   8965348
256   9558156
256   9427192
256   8959908
256   9172636
256   8738248
256   9069772
256   8924840
256   9458572
256   8792920
256   9224076
256   9364812
256   8844592
256   8700784
256   8978388
256   9221912
256   9375124
256   9015440
256   9071856
256   9425220
256   9189380
256   9131348
256   9650944
256   9140368
256   9279148
256   9348580
256   9445372
256   8860716
256   8978644
256   9296032
256   9352280
256   8729012
256   9445740
256   8987004
256   8640244
256   9317600
256   8847968
256   9227944
256   9401672
256   9177504
256   8966756
256   9268704
256   9371164
256   9386936
256   9307144
256   8949856
256   9427108
256   9477796
256   9229996
256   9322284
256   9069284
256   9060144
256   9408548
256   8859776
256   9749508
256   9141336
256   9067940
256   9325320
256   9471184
256   9421904
256   9355440
256   9513936
256   9282320
256   8651480
256   9460708
256   9163564
256   8802608
256   9510252
256   8795168
256   9016020
256   9452820
256   9771060
256   8930608
256   9996332
256   9358124
256   8728264
256   9138628
256   9034676
256   8830168
256   9224352
256   9280604
256   9160968
256   9487852
256   9449108
256   9299564
256   9592188
256   9637040
256   8898180
256   9479680
256   9051924
256   8915720
256   8973576
256   9232772
256   9297464
256   9874988
256   8702748
256   9367128
256   9856472
256   9584988
256   8881988
256   8904236
256   9450108
256   9229708
256   9072024
256   9290876
256   9274616
256   9500840
256   8993532
256   9405096
256   9319372
256   9307616
256   9214120
256   9081940
256   9203792
256   8710952
256   9351728
256   9218828
256   9199600
256   8854068
256   9683788
256   8814696
256   9065228
256   9581928
256   9554256
256   9232016
256   9187080
256   9132044
256   9067192
256   9379400
256   8755632
256   9137372
256   9036540
256   9358140
256   9437700
256   9011600
256   9336728
256   9227360
256   8830072
256   8857236
256   9042888
256   9203472
256   8958472
256   9502752
256   9790248
256   9371216
256   8828096
256   9184628
256   9257912
256   8940548
256   8252444
256   9454816
256   9174488
256   8924212
256   9147648
256   9357100
256   9636780
256   9457572
256   9270332
256   9091004
256   9160856
256   8926884
256   9167760
256   9188364
256   8961084
256   9405792
256   9309528
256   9136308
256   9799036
256   8943484
256   9410832
256   9073392
256   9210412
256   9573076
256   8899568
256   9447436
256   9636012
256   8891136
256   9816476
256   8621088
256   9418568
256   9925724
256   9662664
256   9064160
256   9483492
256   9634064
256   9036596
256   8544468
256   8890948
256   9775708
256   8844524
256   9762868
256   9224372
256   8975880
256   9137048
256   8962176
256   9048576
256   9478800
256   9016364
256   9547748
256   9663628
256   9079796
256   8971220
256   10195788
256   9009536
256   8796292
256   9587168
256   9487264
256   8824656
256   8709212
256   9142920
256   9150916
256   10189980
256   9265940
256   8944352
256   9282168
256   9237784
256   8457284
256   9143064
256   8993432
256   8671408
256   9144688
256   9081756
256   9380040
256   9569564
256   9782812
256   9095492
256   9803168
256   9044876
256   9107776
256   8927092
256   9417676
256   10606840
256   9195360
256   9551352
256   9275296
256   9326408
256   9454156
256   9117392
256   9425428
256   9417940
256   8865500
256   9352584
256   9278340
256   9179168
256   8873280
256   8759656
256   9007972
256   9446700
256   9224992
256   8877964
256   9394068
256   9313692
256   9555312
256   9301324
256   9098988
256   9451480
256   9562600
256   9392796
256   8743976
256   9322284
256   9295892
256   9857144
256   9774992
256   9040908
256   8898240
256   9128688
256   9405172
256   9926440
256   8900756
256   9377612
256   9498756
256   9497792
256   9648184
256   8899084
256   9017540
256   9531948
256   9585488
256   9150860
256   9170428
256   9224148
256   9045292
256   9124444
256   8850232
256   9105256
256   9066268
256   9089836
256   8981760
256   8819072
256   8979180
256   9250004
256   9239748
256   8930716
256   8844588
256   8968036
256   9891268
256   9060996
256   9612588
256   8858044
256   9263960
256   8769576
256   9275880
256   9056340
256   9619608
256   9605768
256   9290440
256   9433832
256   9226048
256   9704964
256   9014800
256   9524916
256   9677004
256   8659516
256   9163760
256   9455988
256   9095524
256   9679460
256   9095308
256   9406900
256   9234636
256   9357248
256   9195240
256   9459020
256   9696032
256   8936040
256   9111756
256   9635004
256   9200200
256   8912644
256   9565448
256   9614544
256   9028604
256   9205996
256   9284072
256   9133720
256   9486704
256   9289096
256   9143572
256   9152248
256   9386960
256   9193364
256   8871292
256   9273356
256   8724900
256   9246316
256   9251816
256   8977016
256   9468032
256   9477196
256   9198244
256   9331016
256   9795152
256   8851720
256   8970836
256   9072636
256   9257976
256   9109640
256   9556940
256   9091236
256   9449984
256   9140828
256   8773312
256   8498384
256   9023896
256   9302888
256   9802776
256   9154492
256   9051300
256   9933536
256   9086240
256   9293900
256   8821268
256   9448548
256   9171144
256   9451260
256   9259056
256   9199760
256   9381328
256   9421148
256   9099332
256   9015972
256   9129084
256   9384648
256   9065560
256   9083548
256   9382560
256   9332708
256   9063332
256   9183960
256   9070908
256   9013340
256   9277160
256   9123232
256   9776484
256   8705264
256   9410508
256   9411304
256   9206584
256   9271300
256   9813508
256   9016844
256   9085912
256   9078640
256   9052852
256   8623376
256   9282240
256   9001328
256   9546096
256   8564100
256   9272396
256   9064824
256   9052024
256   9302580
256   9289140
256   9159184
256   9167028
256   9140120
256   9278544
256   9713768
256   8872748
256   9430508
256   10201856
256   9258828
256   9070556
256   9011664
256   9495412
256   9566660
256   8953864
256   9523380
256   8791200
256   9030320
256   9261956
256   9274728
256   9493312
256   9382708
256   9000900
256   9073768
256   9173836
256   9460712
256   9251296
256   9146728
256   9330348
256   9174996
256   9001700
256   9313692
256   8816828
256   9412960
256   8823448
256   9074144
256   9180556
256   9239124
256   9470264
256   10042724
256   8708264
256   9477752
256   9575972
256   9430576
256   9039848
256   9584012
256   8695128
256   9462204
256   9300316
256   9256248
256   9114400
256   8850992
256   9032552
256   9042656
256   9063188
256   9163152
256   9051836
256   9513284
256   9470880
256   8468552
256   9551320
256   9713940
256   9094744
256   8763028
256   9604856
256   8864720
256   8956480
256   9457016
256   9225212
256   9351776
256   8974332
256   9349680
256   8926016
256   9381232
256   9156768
256   9292216
256   9523892
256   9431128
256   9038672
256   9119320
256   9034312
256   8601156
256   10109852
256   9331368
256   9277736
256   9412388
256   9418036
256   9148048
256   9537460
256   9939436
256   9189872
256   9033756
256   9311080
256   8930080
256   9252272
256   9418536
256   9456368
256   9465656
256   9214152
256   9210972
256   8859268
256   9340380
256   9270728
256   9287700
256   9687188
256   9515168
256   9510836
256   9089492
256   8976708
256   9046372
256   9018572
256   9506764
256   8859012
256   9180148
256   9079376
256   9114728
256   8789700
256   9396020
256   9593124
256   9173776
256   9305068
256   8837808
256   9050288
256   8782644
256   9551828
256   8775176
256   8835000
256   8759880
256   9559056
256   9505832
256   9049380
256   9430872
256   9472336
256   9153296
256   9534208
256   9180752
256   9022644
256   9679928
256   8797244
256   9591720
256   9292440
256   8670120
256   9341636
256   9588056
256   9551952
256   9195476
256   8803880
256   8939968
256   9135968
256   9006564
256   9204720
256   8937704
256   9481972
256   8792136
256   9607836
256   8944536
256   9529628
256   8915012
256   9134176
256   9358144
256   9052896
256   8509920
256   8971388
256   8899988
256   9336204
256   9286032
256   9586916
256   9115184
256   9153356
256   9205140
256   9125196
256   8984052
256   9454900
256   9556448
256   9538276
256   9768680
256   9487424
256   9642756
256   9495120
256   9237436
256   9061492
256   9098980
256   8924552
256   8862128
256   9429172
256   9265264
256   9445860
256   9858172
256   9202424
256   9841628
256   9174836
256   8959580
256   9113352
256   9685192
256   8943944
256   9228792
256   9629228
256   8966700
256   9792292
256   9015376
256   8893892
256   9412460
256   9394688
256   9337316
256   9287140
256   9849956
256   8456808
256   9267916
256   8889060
256   9220800
256   9196584
256   8888636
256   9296232
256   8931352
256   9081168
256   9264736
256   9380076
256   9848484
256   9141992
256   8976036
256   9427768
256   9334856
256   9325648
256   9373056
256   9141092
256   9231208
256   9541004
256   9785528
256   9210172
256   10018016
256   9120660
256   8723884
256   8758980
256   9070136
256   9110804
256   9225236
256   9075324
256   9179948
256   9231488
256   9097952
256   9410484
256   9864768
256   9368188
256   8698128
256   9289156
256   9477884
256   8915336
256   9434192
256   9402696
256   9234900
256   8585956
256   9326252
256   9668612
256   9582984
256   9292380
256   9697428
256   9090368
256   9044884
256   9218944
256   8798688
256   9654116
256   8836956
256   9404364
256   9516212
256   9118004
256   9589128
256   9541716
256   9051504
256   9118840
256   9457048
256   9635008
256   9334728
256   9264652
256   8642836
256   9142248
256   9482168
256   8922952
256   8920068
256   9214328
256   9364256
256   9378340
256   8898536
256   9036328
256   8869748
256   9516708
256   9621648
256   8859276
256   9249888
256   9318712
256   9183484
256   9381428
256   9837396
256   9319600
256   9371908
256   9026376
256   9458060
256   9052556
256   9275692
256   9036720
256   8750400
256   9258292
256   8974392
256   9282604
256   8989224
256   9045212
256   9528396
256   9320704
256   9206272
256   9346188
256   9284056
256   9004452
256   9306628
256   9882240
256   9584252
256   9193484
256   9401336
256   9253960
256   10645356
256   8895020
256   9033208
256   9596224
256   9440652
256   9236628
256   9083012
256   8846276
256   9332736
256   9328912
256   9212036
256   9348840
256   9462892
256   8924172
256   8978860
256   9013644
256   9360436
256   9436392
256   9019856
256   9780512
256   9255288
256   9186512
256   9299624
256   9365648
256   9288432
256   8868952
256   9111464
256   9231120
256   9262280
256   9204372
256   8762144
256   9166644
256   9265604
256   9632288
256   9106924
256   9562708
256   9862904
256   9463992
256   9681156
256   8650360
256   9298244
256   8495060
256   8966084
256   9351516
256   9283552
256   9267936
256   9075692
256   9039744
256   9336356
256   9188120
256   9359180
256   8706796
256   9196288
256   9694148
256   8666692
256   9174688
256   9260080
256   9384668
256   9041016
256   9462624
256   9535588
256   9382728
256   9242640
256   9332216
256   9201456
256   9192340
256   8968200
256   9425776
256   9151236
256   9419552
256   8973076
256   9549988
256   8727832
256   9343152
256   8823796
256   9191192
256   9054592
256   8671348
256   9373552
256   9522760
256   8992048
256   9503416
256   9786052
256   9201232
256   9258944
256   9147468
256   9397252
256   9228680
256   9190432
256   9005896
256   9428852
256   9177212
256   9451204
256   9551364
256   9372416
256   9035440
256   8931740
256   9150936
256   8790948
256   9123680
256   9638448
256   9236916
256   9131836
256   8447912
256   8822836
256   9257768
256   9185760
256   9115784
256   9410844
256   9591148
256   9178644
256   9146860
256   9090764
256   9256088
256   9258144
256   9762988
256   9344360
256   8837808
256   9474244
256   9755772
256   9190156
256   9325084
256   8547284
256   9343160
256   9036212
256   9145952
256   9251196
256   9057340
256   8687652
256   9474456
256   9151528
256   8743784
256   9060572
256   9508112
256   9168396
256   9551012
256   9061144
256   9833324
256   9202676
256   9096608
256   8960668
256   9522856
256   9535956
256   9207460
256   9127684
256   9586656
256   9003692
256   8693632
256   9556068
256   8849284
256   9144844
256   8907316
256   8785268
256   8751052
256   9064516
256   8938464
256   8906304
256   9464984
256   9085796
256   9459188
256   8901272
256   9646188
256   9135264
256   9256752
256   8723544
256   9522912
256   9176992
256   9330176
256   9233964
256   9170320
256   9072132
256   8849716
256   8650228
256   8965020
256   9197488
256   9088780
256   9373228
256   9009988
256   9381460
256   9703720
256   9130116
256   9651748
256   9202184
256   9319616
256   9530840
256   9151228
256   10007280
256   9610960
256   9149596
256   9586364
256   9218992
256   9137724
256   9209720
256   9079536
256   9030356
256   8881348
256   9750512
256   9142116
256   9066132
256   9597732
256   9066908
256   9407492
256   9584572
256   9127500
256   9386080
256   10042224
256   8953524
256   8903184
256   8825452
256   9140856
256   9005144
256   9326372
256   9181036
256   9038088
256   9021608
256   9547972
256   9714428
256   9434612
256   9258072
256   9057572
256   9094488
256   9240296
256   8938192
256   9323792
256   8933892
256   9082796
256   9141860
256   9062264
256   9170056
256   8742324
256   10126852
256   9176864
256   9249084
256   8922648
256   9288592
256   9155732
256   8768124
256   9375260
256   9574588
256   8810188
256   9291168
256   8678208
256   9638812
256   9429988
256   9589284
256   9836492
256   9483216
256   9292992
256   9035780
256   9053780
256   9064028
256   9265272
256   8806376
256   9103156
256   8975472
256   8885056
256   9068436
256   9073844
256   9332248
256   9217856
256   9576060
256   9130396
256   9671692
256   9415356
256   9594124
256   8777320
256   9021784
256   9454332
256   9460768
256   9316680
256   9557984
256   9293796
256   9180332
256   9024760
256   9851928
256   9065380
256   9615336
256   9035424
256   9432992
256   9685124
256   9358608
256   9533696
256   9015572
256   8939876
256   9181804
256   9040356
256   9316688
256   9247204
256   9047092
256   9294096
256   8617176
256   9554244
256   9117580
256   9123700
256   9499708
256   8712936
256   9235864
256   9293352
256   9325268
256   9496792
256   9684028
256   9073056
256   9316396
256   8823944
256   9304496
256   8914148
256   9143988
256   8800004
256   8890244
256   8731924
256   9102612
256   9595448
256   8765900
256   9642596
256   8533040
256   9340948
256   9302040
256   9129248
256   9336424
256   9138668
256   9102980
256   8562356
256   9852280
256   9198832
256   9962156
256   8827488
256   9518676
256   8959596
256   9159260
256   9068768
256   9769208
256   9376152
256   9283380
256   9736408
256   9061540
256   9129628
256   9294448
256   9369140
256   8946888
256   9401788
256   8691592
256   10045376
256   9162308
256   8972460
256   8927336
256   9264824
256   9476796
256   9451316
256   8613900
256   9435200
256   8678356
256   9174972
256   9297240
256   9177904
256   8934728
256   9359200
256   9062380
256   9381544
256   9574508
256   9230268
256   9180808
256   9564668
256   8940396
256   8759060
256   8812352
256   9271136
256   9143324
256   8939284
256   9391352
256   9111788
256   9323068
256   9281084
256   8993236
256   9065368
256   9159280
256   9129988
256   9247604
256   9225300
256   9317904
256   9036052
256   9244500
256   8916096
256   8844316
256   9545724
256   8517468
256   9013164
256   8938220
256   9236656
256   9217640
256   8708224
256   9252720
256   8650480
256   9541232
256   9598036
256   9237156
256   9127956
256   9714072
256   9163932
256   9290256
256   9278612
256   9145600
256   9322244
256   9314012
256   9074772
256   8431024
256   9149676
256   8704852
256   8902676
256   9325292
256   8984768
256   9119104
256   9717672
256   9208208
256   9332224
256   9192068
256   8682060
256   8953980
256   9071704
256   9386324
256   9427008
256   9316264
256   9284048
256   9222428
256   9200924
256   10311220
256   8615980
256   9522156
256   9177788
256   9191752
256   9039732
256   8935192
256   9136264
256   9331620
256   8928452
256   9677532
256   9380504
256   9093492
256   9430316
256   9424136
256   9375592
256   9354180
256   9284440
256   9233020
256   9127504
256   8999676
256   9370808
256   8961032
256   9502912
256   9096252
256   9134216
256   8835048
256   8979936
256   10346668
256   9103340
256   9103524
256   8853576
256   8780092
256   9223720
256   9586604
256   9804828
256   8740660
256   8988952
256   8616628
256   9931528
256   9625480
256   9525912
256   9362512
256   8960504
256   9459824
256   9025432
256   9030536
256   9154944
256   9369224
256   9366496
256   9032552
256   9185468
256   9370172
256   9218572
256   9732068
256   10002916
256   8954632
256   8811352
256   8881808
256   9304820
256   9277544
256   9470964
256   8680904
256   9113888
256   9010808
256   9299768
256   8675704
256   9280128
256   9226872
256   9401680
256   9194712
256   9046572
256   8850860
256   9676660
256   9113856
256   9194412
256   9352896
256   9335504
256   8938016
256   9569496
256   8823772
256   9051900
256   9467852
256   8913908
256   8922940
256   9178412
256   9801380
256   9427536
256   8935440
256   9150936
256   8967864
256   9205032
256   9313316
256   8962460
256   9170360
256   9639628
256   9212400
256   9555944
256   8675636
256   9176664
256   9227472
256   8702444
256   9222060
256   9128336
256   8897144
256   9164676
256   9421660
256   9230680
256   9111956
256   8679428
256   9075216
256   9588616
256   9068668
256   8971240
256   9025712
256   8832944
256   9135740
256   8898976
256   9448820
256   9317784
256   9649120
256   8815336
256   8972152
256   9505812
256   9587416
256   9115564
256   9703464
256   9320504
256   8851840
256   9290204
256   9152096
256   9041496
256   8966664
256   9638988
256   9317032
256   9771680
256   9244376
256   9404284
256   9560216
256   9909896
256   8809792
256   9214056
256   9409776
256   8893572
256   9250508
256   9292504
256   8893256
256   9191828
256   9791532
256   9132708
256   9467376
256   9393872
256   8818196
256   9071380
256   9123268
256   9521964
256   9032308
256   9189012
256   9128992
256   9206728
256   8717956
256   8778772
256   9220160
256   9226520
256   9605824
256   8965880
256   8883336
256   9315800
256   9541828
256   9182220
256   9172104
256   9403700
256   8944708
256   9018120
256   8821408
256   9681816
256   9048520
256   8934228
256   9032040
256   9316308
256   8937112
256   9361256
256   9065544
256   9526232
256   9274720
256   9346552
256   9834532
256   8774084
256   8911784
256   9361992
256   9585928
256   8941348
256   8934856
256   9178424
256   9339144
256   9021900
256   9250044
256   9020308
256   8915772
256   9038340
256   9099916
256   9408604
256   9093508
256   9104040
256   9458656
256   8811096
256   8819104
256   8843468
256   8960076
256   9578360
256   9093220
256   9387556
256   8973616
256   9017748
256   9292992
256   9402360
256   9030124
256   9892668
256   9419640
256   9311436
256   9041660
256   9069392
256   9552100
256   8882292
256   8959336
256   9383160
256   9378376
256   9275088
256   9107172
256   9259184
256   9526292
256   9279392
256   9136948
256   9435364
256   9096556
256   9254460
256   9114844
256   10022836
256   9203512
256   9237000
256   8976224
256   9135968
256   9056488
256   9411184
256   9140900
256   9391972
256   9485696
256   9261032
256   8955676
256   9256848
256   9334340
256   8943524
256   9406416
256   9130356
256   9243160
256   9096952
256   9074320
256   9582060
256   9508712
256   9122232
256   9292148
256   9471308
256   10123576
256   9824448
256   9437736
256   9004892
256   9328744
256   9299492
256   9364764
256   9216168
256   9292248
256   9555984
256   9804396
256   8868068
256   9396464
256   8980852
256   9459832
256   8777508
256   9441464
256   8704228
256   9294940
256   9024760
256   9636228
256   8992840
256   9021772
256   8858280
256   9100756
256   9204856
256   8983020
256   8616880
256   9383320
256   8984256
256   9127172
256   9843940
256   9347548
256   9291936
256   9902440
256   8835280
256   8747428
256   9355408
256   9249356
256   8821788
256   8510832
256   9524860
256   9222600
256   9433636
256   9370316
256   8595632
256   9289932
256   8778456
256   8917184
256   8844144
256   8892088
256   9110788
256   9048060
256   8897640
256   9326088
256   9427696
256   9396060
256   9025860
256   9575224
256   9574136
256   8721664
256   9330780
256   9735292
256   9207372
256   8894832
256   9641012
256   9173220
256   9156184
256   9043892
256   9002560
256   9549072
256   9135044
256   9547192
256   8925348
256   9207088
256   8943396
256   8740020
256   9001036
256   8840948
256   9322000
256   9298908
256   9247576
256   9456724
256   9129236
256   9031656
256   8642628
256   9058876
256   9348488
256   9114216
256   9334520
256   8910788
256   9040248
256   9449708
256   9146708
256   9664580
256   10295324
256   9475452
256   8937568
256   10098192
256   10718844
256   9599280
256   9216588
256   8313236
256   9031920
256   9344608
256   9509208
256   9892868
256   9417688
256   8803036
256   8901164
256   9328968
256   8853808
256   8804404
256   8653760
256   9668208
256   8789600
256   9349500
256   9016240
256   8981312
256   9219304
256   8794288
256   8877056
256   8940272
256   8930564
256   9005700
256   9143088
256   9960708
256   9534592
256   9175276
256   9469044
256   9296020
256   9106804
256   9807768
256   9177092
256   9332236
256   9573388
256   9065536
256   9599084
256   9231064
256   9374924
256   8979304
256   8976124
256   9594080
256   9297320
256   9095596
256   9217824
256   8988240
256   9408204
256   9221956
256   9267292
256   9200572
256   9427320
256   9025156
256   9585336
256   9268804
256   9163744
256   9230180
256   9082008
256   9008052
256   9322456
256   9275560
256   9155732
256   9051956
256   9733052
256   9219232
256   9691620
256   9233252
256   9251720
256   9586276
256   9378368
256   9115024
256   8978836
256   9283072
256   9580952
256   8972104
256   9491536
256   9248076
256   9348000
256   9214908
256   9396536
256   9151284
256   10090292
256   9156104
256   9390924
256   9004576
256   9318652
256   9632992
256   9403716
256   8914672
256   8848508
256   9020832
256   9038460
256   9406368
256   9339920
256   9077248
256   9410524
256   9125808
256   8736104
256   9093900
256   9277072
256   9378556
256   9316144
256   9039308
256   9530112
256   9226208
256   9409556
256   9204656
256   9420216
256   8940784
256   9010728
256   8464772
256   9332992
256   9276832
256   8946672
256   9451720
256   8984552
256   9181992
256   8863324
256   8854128
256   8762724
256   9142564
256   8845292
256   9027780
256   8773676
256   9310464
256   9065764
256   8800632
256   9837836
256   8963272
256   9325596
256   8864456
256   8735200
256   9310164
256   8672524
256   8859460
256   8727064
256   8823224
256   9439456
256   9055344
256   9516700
256   9002712
256   9245896
256   9035432
256   9081200
256   9585244
256   9317504
256   9232920
256   9354520
256   9551892
256   9010488
256   9043628
256   9728240
256   9469640
256   9138996
256   8937428
256   9617108
256   8571104
256   9087324
256   9112200
256   9212372
256   9313828
256   9445236
256   9708816
256   8822692
256   9402496
256   10052036
256   9230080
256   9212632
256   8934152
256   9009308
256   8867364
256   9413004
256   8938328
256   9465740
256   9533336
256   8863804
256   9013564
256   9571708
256   9295612
256   9475968
256   9503848
256   9417432
256   9069208
256   9476380
256   9026372
256   9636892
256   8621960
256   9077052
256   9141212
256   9025472
256   8721592
256   9042164
256   9136996
256   9897968
256   8926428
256   8724524
256   9225672
256   9440160
256   9555088
256   9590356
256   8680108
256   8985080
256   9470336
256   9224456
256   9254836
256   9443652
256   8955816
256   9818740
256   9592044
256   8907336
256   9095936
256   9537632
256   9031336
256   8740072
256   9798264
256   9196956
256   9549944
256   9191032
256   9059292
256   9530020
256   9863676
256   9011972
256   8537016
256   9053116
256   9635244
256   8987232
256   9545652
256   9214852
256   9343392
256   9158844
256   9362084
256   9107068
256   8639792
256   9614936
256   9241384
256   9223644
256   8868416
256   8852028
256   9785464
256   9099944
256   9368924
256   9455616
256   9548192
256   8967704
256   9663508
256   9107796
256   9374880
256   9201860
256   9187408
256   9451640
256   9050692
256   9060608
256   9376856
256   9643864
256   9000440
256   9276944
256   9479640
256   9539688
256   9178248
256   8848708
256   10406496
256   8989152
256   9286984
256   9479316
256   8377988
256   9294336
256   9335016
256   9394716
256   9319912
256   9427116
256   8758524
256   9191448
256   9541256
256   9040824
256   9523656
256   9194236
256   8938148
256   9276284
256   8838392
256   9217392
256   9701444
256   9199680
256   9149788
256   8774440
256   9663396
256   8510736
256   9028348
256   9116224
256   9371964
256   8799260
256   9701240
256   8968220
256   8959772
256   9263916
256   9517900
256   9653828
256   9358816
256   9261052
256   9357384
256   9812224
256   9309928
256   8957940
256   8798652
256   9258616
256   9382712
256   9083704
256   9392912
256   9029292
256   10093624
256   8919732
256   9329428
256   9195312
256   8888836
256   9238004
256   8624088
256   9125132
256   8963544
256   9043060
256   9768000
256   8652356
256   9027164
256   9032560
256   9041004
256   8661944
256   9074068
256   8949692
256   9652576
256   9444892
256   9552520
256   9157772
256   8830152
256   9464236
256   8904524
256   9455908
256   9371804
256   9163148
256   9012732
256   9642488
256   9212668
256   8785292
256   9150492
256   9287552
256   9055964
256   9329004
256   9242516
256   9475880
256   9393896
256   9116892
256   8904152
256   9616136
256   9186552
256   9108808
256   8836604
256   9843120
256   8656588
256   9061196
256   9690904
256   9227056
256   9586364
256   9158344
256   9074688
256   9460128
256   9111928
256   9295736
256   9686620
256   9384316
256   9474120
256   9313344
256   9621088
256   9361324
256   9209320
256   8872920
256   9356516
256   9628136
256   9028676
256   9240112
256   9124084
256   9442400
256   9085284
256   9571812
256   9680112
256   9177460
256   9171204
256   9233252
256   9063696
256   9372184
256   9164688
256   9384112
256   9423692
256   8924956
256   9192128
256   9038440
256   9500612
256   9389056
256   9429984
256   9263828
256   9245012
256   9061796
256   9673424
256   8735300
256   8912868
256   9925032
256   8582256
256   9081792
256   9047604
256   9484924
256   9033496
256   9365612
256   9502472
256   9144148
256   9030984
256   8975368
256   9509852
256   9115828
256   9351164
256   9184028
256   9307312
256   9258224
256   8853692
256   9266892
256   9247808
256   9092772
256   8993972
256   9088816
256   9331560
256   8963004
256   8977532
256   8981680
256   9299392
256   8905844
256   9801328
256   9563140
256   9410340
256   8792664
256   8750400
256   8871012
256   8998484
256   9729400
256   8830792
256   9058020
256   9360812
256   9070632
256   9557976
256   9229092
256   9663944
256   9520604
256   9211104
256   9426964
256   9199596
256   9168992
256   9370288
256   9086396
256   9357068
256   9565240
256   9437320
256   9334816
256   9158496
256   9381316
256   9127504
256   8938868
256   8722852
256   8925752
256   8932964
256   9064876
256   8975364
256   9127444
256   9609516
256   9272076
256   9130312
256   9593556
256   9616436
256   8872624
256   8579632
256   8498072
256   9313052
256   8774572
256   9452044
256   9289032
256   9577560
256   8914288
256   9420476
256   9632408
256   9443524
256   9263800
256   9245456
256   9314944
256   9193032
256   9201680
256   9279444
256   8935412
256   9529896
256   9020420
256   9115136
256   9058884
256   9112404
256   9100952
256   9362856
256   9973208
256   9109524
256   9112140
256   9082836
256   9509216
256   9367860
256   8640920
256   9127592
256   8974112
256   8993060
256   9580612
256   9385888
256   8974524
256   9159044
256   9516656
256   9233060
256   9122128
256   9525340
256   9734668
256   9492444
256   8585664
256   8876256
256   9156516
256   9155308
256   9104592
256   8828276
256   9188960
256   9084164
256   9193304
256   9382752
256   9128436
256   9366032
256   8650480
256   9285204
256   8646484
256   9205396
256   9301908
256   9286064
256   9225184
256   9149520
256   9769704
256   9450092
256   8707332
256   9244952
256   9383668
256   9095060
256   8758332
256   9285340
256   8897076
256   8865544
256   9346176
256   8960208
256   9512116
256   9445260
256   8762080
256   9131796
256   9672104
256   9054036
256   9142212
256   9553744
256   9071692
256   9308124
256   9481572
256   8802392
256   9314108
256   9328460
256   9312760
256   9127220
256   9172568
256   9120480
256   9210932
256   9399908
256   9340788
256   9220452
256   9381228
256   9566376
256   9138296
256   9014732
256   9088636
256   9409408
256   9246524
256   9590112
256   9205256
256   9193896
256   9438232
256   9906012
256   8883084
256   8844784
256   8944584
256   9020452
256   9514696
256   9441744
256   9107528
256   8877100
256   9217992
256   8944464
256   9277540
256   9467028
256   9535160
256   9491936
256   9309508
256   8988396
256   9077940
256   8906080
256   9187076
256   9272588
256   9387852
256   9233520
256   9476280
256   9734772
256   8799012
256   9566860
256   9317016
256   8840836
256   9155808
256   9589240
256   9010156
256   8814264
256   9221572
256   8748788
256   9720556
256   8854716
256   9396260
256   8810884
256   9195652
256   9356856
256   9170804
256   9191884
256   9436936
256   9452648
256   9367824
256   8755012
256   8846816
256   9513304
256   9071156
256   9126612
256   8604208
256   8985748
256   9251664
256   9224604
256   9440980
256   9138132
256   8988964
256   8491984
256   9473424
256   8974664
256   9251880
256   8979344
256   9088136
256   9345704
256   9022348
256   9408736
256   9274300
256   9086672
256   9600112
256   9134352
256   8743900
256   9401228
256   9223220
256   8964584
256   9123204
256   8876148
256   9098492
256   9575980
256   9398020
256   9001944
256   9938456
256   10291144
256   9133520
256   9464308
256   9169480
256   9128464
256   8943120
256   9291836
256   8864660
256   8923032
256   9442156
256   9388180
256   8673644
256   9686844
256   9227480
256   9249824
256   9821020
256   9609984
256   9369052
256   9276436
256   8781344
256   9066124
256   9075808
256   8832496
256   9319828
256   9525772
256   8972920
256   9371568
256   9559080
256   9044012
256   8597664
256   9162424
256   9248012
256   8900720
256   9423092
256   9110916
256   9079760
256   9331872
256   8704100
256   9131920
256   8775296
256   9096044
256   9109052
256   9526260
256   9595212
256   10196580
256   8944404
256   9279424
256   9647672
256   9472200
256   8977324
256   9326448
256   9526580
256   9469588
256   9576236
256   9818552
256   10136412
256   9428436
256   8665800
256   9094696
256   9460820
256   8955648
256   9126552
256   9266696
256   9365276
256   9250456
256   9482028
256   9348096
256   8906248
256   8959236
256   8674264
256   8921148
256   9043308
256   9454960
256   9502316
256   8770896
256   8920456
256   9413928
256   9154932
256   8365544
256   9258212
256   9574932
256   9244936
256   9391028
256   9553764
256   8759200
256   9599888
256   9281024
256   9630364
256   9048252
256   9366060
256   9206420
256   9521624
256   9489804
256   8855252
256   9394896
256   9158524
256   9308936
256   9207056
256   8948432
256   9260052
256   9470544
256   9351384
256   9390620
256   8855852
256   9360364
256   8488840
256   8745284
256   9148036
256   9362860
256   9204640
256   9322176
256   9932268
256   9128488
256   8860188
256   9416380
256   8963772
256   9545368
256   9704740
256   8998720
256   9056204
256   9652152
256   9070180
256   9730212
256   9299060
256   9577324
256   9542868
256   9074328
256   8999188
256   9234460
256   9382532
256   8897412
256   8625576
256   9874144
256   9203764
256   9231180
256   9631848
256   9318016
256   9549024
256   8818384
256   9194576
256   9406272
256   9313484
256   9659620
256   8782428
256   8650536
256   9041408
256   9424596
256   8985248
256   9168492
256   9054672
256   9187896
256   10076232
256   9102500
256   9045992
256   9353372
256   8885100
256   9319052
256   9526896
256   9539744
256   9832128
256   9348704
256   9330252
256   9280112
256   9193396
256   9068192
256   9296952
256   9651792
256   9191028
256   9214076
256   9331712
256   9484876
256   9168696
256   9457464
256   9728456
256   9386032
256   9291536
256   9369268
256   9575348
256   9926004
256   8655164
256   9101804
256   9686260
256   8846228
256   9298636
256   9712836
256   9266728
256   8930596
256   9312616
256   9008252
256   9712596
256   8718620
256   9366204
256   9464528
256   8807444
256   10081192
256   9012924
256   9354932
256   9179228
256   9436196
256   9154544
256   8767632
256   9219008
256   9369184
256   9274916
256   9341264
256   9389696
256   8456432
256   9299848
256   8969856
256   9707212
256   9510356
256   8915140
256   9235492
256   9108608
256   9182876
256   8831408
256   9045508
256   9138668
256   9490916
256   9517568
256   8947536
256   9461128
256   9517368
256   9401428
256   8933844
256   8784960
256   9145912
256   9279588
256   9204556
256   9362808
256   9049748
256   8249224
256   9117084
256   9658584
256   9287576
256   9122700
256   9356188
256   9340676
256   9399756
256   9159152
256   9306732
256   9580548
256   9336828
256   8927860
256   9173268
256   9325172
256   9273284
256   8836000
256   9409976
256   9690692
256   9186068
256   9697032
256   9029688
256   9233292
256   8863144
256   9266512
256   8918732
256   9224156
256   8990840
256   9185972
256   9488728
256   9451808
256   9411196
256   8900500
256   9195692
256   9022224
256   9369188
256   9626648
256   9233244
256   8622228
256   9748740
256   9276776
256   8710980
256   9229676
256   9473120
256   9072496
256   9481596
256   9156232
256   8789516
256   9470176
256   9089796
256   9352736
256   9068164
256   9387276
256   9006156
256   9541224
256   9507012
256   9562216
256   9139632
256   9090896
256   9348936
256   8690176
256   9454316
256   8757804
256   9070232
256   9228520
256   9569136
256   9193200
256   9171324
256   9225668
256   9540896
256   9099740
256   8547372
256   9111272
256   9232976
256   8968408
256   9076452
256   9103252
256   9342596
256   9277688
256   9375964
256   9257140
256   9338852
256   9271364
256   8740640
256   8970808
256   8670160
256   9583736
256   9193788
256   9220496
256   9215460
256   9367900
256   8937924
256   9309888
256   9470512
256   9164716
256   9154132
256   8686316
256   9188904
256   9220612
256   9104232
256   9038808
256   9227408
256   9183356
256   9322256
256   9224904
256   8639016
256   9439784
256   9064292
256   10046836
256   9228840
256   9068148
256   9245656
256   9081776
256   9154212
256   9360564
256   9192052
256   9109772
256   9440324
256   9356888
256   9301084
256   8708812
256   9183416
256   8860428
256   9185600
256   8964864
256   9538212
256   9482864
256   9450000
256   9127916
256   9607464
256   9391568
256   8815192
256   8529548
256   9019332
256   9028828
256   9323884
256   9178216
256   9140992
256   9100024
256   9407096
256   9586396
256   9067828
256   9483628
256   8955764
256   9247044
256   9155396
256   9166488
256   8866540
256   9287956
256   9381268
256   9590764
256   9099724
256   9010264
256   9493412
256   9524720
256   8533632
256   8963996
256   9292696
256   9304420
256   8989408
256   9555004
256   9159592
256   8857840
256   9430648
256   8738768
256   9430640
256   9043092
256   8941572
256   8898772
256   8967068
256   8823640
256   9081572
256   9544728
256   9133032
256   9346672
256   9275656
256   9243256
256   9544828
256   9448908
256   9281076
256   9400156
256   9045896
256   9510744
256   8964336
256   9225432
256   9657916
256   9283444
256   8831848
256   8902632
256   8947556
256   8854760
256   9408912
256   9352472
256   8294748
256   9522648
256   9178056
256   9181252
256   9583888
256   8926972
256   9340324
256   9151720
256   8674148
256   9230628
256   9144704
256   9159040
256   9478660
256   9010120
256   8984256
256   9631176
256   9097984
256   9434884
256   9175412
256   8716728
256   10461536
256   9260940
256   9438016
256   9650752
256   9209424
256   9042776
256   9233672
256   9094400
256   9694028
256   9583128
256   9008584
256   9558684
256   9815764
256   9703488
256   9023280
256   9228004
256   8557664
256   9314132
256   9501924
256   9349192
256   9277940
256   9699416
256   9209048
256   8868728
256   8892508
256   8874772
256   9355284
256   9133444
256   9790220
256   9226888
256   9062196
256   9444772
256   9070768
256   9413048
256   8993252
256   8808876
256   8626684
256   9552916
256   9461548
256   8821680
256   9286580
256   9322328
256   9213740
256   9308444
256   8821572
256   9287668
256   9627736
256   9175484
256   9409204
256   8702836
256   9308472
256   8931920
256   8967836
256   8816996
256   9752632
256   10059300
256   8935844
256   9058764
256   8971292
256   9171252
256   9347228
256   9543384
256   9848044
256   9160916
256   9397992
256   9117740
256   9406452
256   8933168
256   9088384
256   9097720
256   9331544
256   9333236
256   9032320
256   8954256
256   9344916
256   9002452
256   9076412
256   8973788
256   9404100
256   9018004
256   9133464
256   9467332
256   9755360
256   9011344
256   10896592
256   10866304
256   11301144
256   10992920
256   10870148
256   10593044
256   10927548
256   11319256
256   10718888
256   10365476
256   11259840
256   11209884
256   11299548
256   11310064
256   11510284
256   10590360
256   10853792
256   11046788
256   11357144
256   11304864

