7557414   9313520815834136576
57   1694808
256   6494692
256   6720248
256   6214436
193   5747068
256   7055132
256   7432844
256   7032136
256   6520668
256   7323592
256   7544728
256   7736252
256   6724816
256   7290420
256   6997336
256   6750256
256   6775512
256   6265036
256   7341536
256   7046696
256   7429552
256   7052224
256   6476828
256   7294108
256   7546572
256   7659264
256   6803260
256   7690256
256   6928136
256   7700488
256   6540588
256   7377680
256   7505736
256   7518972
256   6386068
256   7429996
256   7064916
256   7485332
256   6910316
256   7095756
256   6949368
256   7346608
256   7166132
256   7700936
256   7267988
256   7439592
256   7303304
256   7063012
256   6547108
256   6907124
256   6589052
256   7457316
256   6979064
256   6740844
256   7494872
256   7038928
256   7249296
256   7538016
256   7990844
256   7537116
256   9841580
256   9936780
256   9708600
256   9382092
256   9638132
256   9749936
256   9660892
256   9686316
256   9661972
256   8927116
256   10102612
256   9723652
256   9524868
256   8995168
256   9447408
256   9716860
256   9563800
256   8955080
256   9566020
256   9301700
256   9493560
256   9841204
256   9433596
256   10380556
256   9185512
256   9177812
256   9585216
256   9502232
256   9363180
256   9465232
256   9713140
256   9987840
256   9570532
256   9388572
256   8612520
256   9452896
256   9481784
256   10061388
256   9193268
256   9704192
256   9694604
256   9535796
256   9602192
256   9208724
256   9807660
256   9452216
256   9199872
256   9197308
256   8946912
256   10109672
256   9438324
256   9290568
256   8706320
256   9043408
256   9194100
256   9375436
256   9376444
256   9291876
256   9272308
256   9465624
256   9653100
256   9793220
256   9609448
256   9325836
256   9576544
256   9521076
256   9227456
256   8849112
256   9796296
256   9457904
256   8775064
256   9159116
256   9300980
256   8888812
256   8910408
256   9614180
256   9258680
256   9476236
256   9711168
256   9395808
256   8860880
256   9527020
256   9773824
256   9021968
256   8948364
256   9763816
256   9812004
256   8900520
256   8963740
256   9365344
256   8661284
256   9279256
256   9544864
256   9673804
256   10022548
256   9989096
256   9701316
256   9432384
256   9607508
256   9346936
256   9649084
256   9110596
256   9081048
256   9680788
256   9250592
256   9697736
256   9777016
256   9190236
256   8296724
256   10265340
256   9433024
256   9538564
256   8688776
256   9808936
256   9479912
256   9995448
256   9401240
256   9693400
256   9489900
256   9797532
256   9156888
256   9040212
256   10165444
256   9125796
256   9238304
256   9387920
256   9598968
256   9082580
256   9862528
256   9587184
256   9317964
256   9382492
256   9731032
256   9112100
256   9444704
256   9576308
256   10026636
256   9717572
256   9322492
256   8975072
256   9315904
256   9234636
256   8400884
256   8425232
256   9066616
256   8972860
256   9026732
256   9742344
256   8748868
256   9620040
256   9206704
256   9236656
256   9103316
256   9627552
256   9927752
256   8922228
256   9546936
256   9026160
256   9187764
256   9614572
256   9060872
256   9183840
256   9432816
256   9127608
256   9865776
256   10146584
256   9780476
256   10057364
256   9550600
256   9316544
256   9871600
256   9483876
256   9311536
256   9482828
256   8802036
256   9078932
256   9407772
256   9933452
256   9926404
256   11037468
256   9260648
256   9388000
256   9274352
256   10008580
256   9722716
256   9517384
256   9473408
256   9563200
256   9387516
256   9288632
256   9310588
256   9635960
256   9242116
256   9778724
256   9813676
256   9213472
256   9903120
256   9859484
256   9576096
256   9151588
256   9647484
256   9210232
256   9877092
256   8869928
256   9845644
256   9647268
256   9917188
256   9850628
256   9530544
256   9439992
256   9887132
256   9708128
256   9251388
256   8874012
256   9234052
256   9305784
256   9333604
256   9755712
256   8865760
256   8513408
256   9779212
256   9692168
256   9870300
256   9519256
256   9033480
256   9346172
256   9311860
256   7614352
256   9501900
256   9298368
256   9559048
256   9888520
256   8915720
256   11098960
256   9074740
256   8762396
256   9315384
256   9520392
256   9911088
256   9881892
256   9551260
256   9215564
256   9371460
256   9526912
256   9427632
256   8831332
256   9171184
256   9647236
256   9498932
256   9366852
256   9469268
256   8724400
256   8772220
256   9460328
256   9032160
256   9637216
256   9438248
256   9699256
256   9321120
256   9464808
256   9767956
256   9120616
256   9407824
256   8542208
256   9132752
256   9860880
256   7990728
256   9526976
256   9635360
256   9836660
256   9928016
256   9530708
256   9587896
256   9378208
256   9111780
256   9369068
256   9710304
256   9548884
256   9588868
256   9301676
256   9103196
256   9475132
256   8595712
256   9109692
256   9528712
256   9499404
256   9123176
256   9721180
256   9035512
256   9395000
256   9632980
256   9218856
256   9562888
256   9381220
256   9873316
256   9567200
256   8781828
256   9276520
256   9045368
256   9346124
256   9086716
256   8954576
256   9345572
256   8874048
256   9283480
256   9232820
256   9835388
256   9350024
256   10122452
256   9253348
256   9664048
256   9768464
256   9131052
256   9733288
256   9148476
256   9465460
256   9774556
256   9181840
256   9386112
256   9671196
256   9375148
256   9403328
256   9872304
256   8954460
256   9639032
256   9711684
256   9147948
256   9298336
256   9261636
256   9502884
256   9149776
256   8901244
256   9194660
256   9239880
256   9534892
256   9400308
256   9693568
256   10945932
256   9298260
256   9268064
256   8903564
256   9336632
256   9741712
256   9488732
256   9296260
256   9598752
256   9308780
256   9597992
256   9480388
256   9483104
256   9245304
256   9324100
256   9334124
256   9281312
256   9589712
256   9182644
256   9719140
256   9695616
256   9304928
256   9054152
256   9605276
256   9313288
256   9861036
256   9749840
256   9482448
256   9407660
256   9881192
256   9400300
256   9513824
256   10168068
256   9313600
256   9606344
256   9546396
256   9408936
256   9790112
256   8952008
256   9708372
256   9760472
256   9419656
256   9360464
256   9172804
256   9823784
256   9755044
256   8830356
256   9787476
256   9418212
256   8850904
256   9063928
256   9193336
256   9438100
256   9544064
256   9308632
256   9387492
256   9153648
256   9082200
256   9599800
256   9589568
256   9253544
256   9311936
256   10305272
256   8973352
256   9471620
256   9393112
256   9060608
256   9292660
256   9408040
256   9199280
256   9712424
256   9682232
256   9668584
256   9596644
256   9594828
256   9566468
256   9448632
256   9738128
256   9359052
256   9121020
256   9544776
256   9896656
256   9769220
256   9794012
256   9290740
256   9851008
256   9046156
256   9776172
256   9839128
256   9360800
256   9364248
256   9539420
256   9620648
256   9888640
256   9289916
256   9557548
256   9563152
256   9439824
256   9712460
256   9554108
256   9285260
256   9648712
256   9273872
256   9159872
256   9684552
256   9199268
256   8811600
256   10005920
256   9303496
256   9479672
256   9437684
256   9248232
256   8964116
256   9794776
256   8853704
256   9669188
256   8949612
256   9714616
256   9829024
256   9346388
256   10074840
256   9216332
256   9223996
256   9523516
256   9516736
256   9122600
256   9255188
256   9366832
256   8620040
256   9282020
256   9676160
256   9149576
256   9408732
256   9073112
256   9450640
256   9350064
256   9723176
256   9477060
256   9698788
256   9041384
256   9229460
256   9475472
256   9944416
256   8444340
256   9726640
256   8948468
256   9480164
256   9128444
256   9662164
256   9214256
256   9025084
256   9454112
256   9196596
256   9518088
256   9698012
256   9747648
256   9657228
256   9689264
256   9559616
256   9661240
256   9765616
256   9196736
256   9959132
256   9518944
256   8786708
256   9182368
256   9110856
256   9449496
256   10135548
256   9293284
256   9851820
256   9519732
256   9507360
256   9441524
256   9651716
256   10229552
256   8252612
256   9583948
256   9474400
256   9449888
256   9375064
256   9110304
256   9459084
256   10513780
256   9651160
256   9264116
256   9588660
256   9032912
256   9764464
256   8756788
256   9499780
256   7770320
256   8981888
256   9658192
256   9588328
256   9559516
256   9092212
256   8781920
256   8947156
256   9866732
256   9629200
256   9541848
256   9440196
256   9631256
256   9868988
256   9568288
256   9823420
256   9471172
256   9587060
256   9860972
256   9256916
256   9450844
256   9986468
256   8430372
256   9401204
256   9328184
256   9255852
256   9413740
256   9437856
256   9755012
256   9847784
256   9342148
256   8829340
256   9334000
256   9700136
256   8683556
256   9589764
256   9890104
256   9695208
256   9752580
256   9468008
256   9632860
256   9445316
256   9205840
256   9124560
256   9935156
256   9791920
256   9103520
256   8980208
256   9129212
256   9643536
256   9319724
256   9323272
256   9174984
256   9750696
256   9105624
256   9360460
256   9736556
256   9095808
256   9896792
256   8884880
256   9414600
256   8931772
256   9245852
256   9616716
256   10223396
256   9129756
256   9298876
256   9088244
256   9136620
256   9707464
256   9488944
256   9334608
256   9235640
256   9326020
256   8843212
256   9647076
256   9779980
256   9794148
256   10191248
256   9163096
256   9790832
256   9382544
256   9893568
256   9353620
256   9336180
256   9408940
256   9374796
256   9462176
256   9694952
256   8740812
256   10100652
256   9304476
256   10088292
256   9190292
256   9842300
256   9268252
256   9638212
256   9735424
256   9430632
256   9696420
256   9770292
256   8811664
256   9715028
256   9290692
256   9585480
256   9227176
256   8986136
256   9165292
256   9173356
256   9447520
256   8903432
256   9957224
256   9532272
256   9559424
256   9186992
256   9214588
256   9127228
256   9096976
256   9827480
256   9780656
256   9512260
256   9365728
256   9837420
256   10035128
256   9350436
256   9302024
256   9424420
256   9201160
256   9035576
256   8820244
256   9558864
256   9720464
256   9459124
256   9300892
256   9550012
256   9218280
256   9130608
256   9676744
256   9254564
256   9291596
256   9724964
256   9519476
256   9406684
256   9468872
256   10090508
256   9972856
256   9337016
256   9422040
256   9670204
256   9285168
256   8941356
256   9664616
256   9139264
256   9215640
256   9155100
256   9767672
256   9789704
256   9651336
256   9291700
256   9302644
256   9567368
256   9506260
256   9198684
256   9442416
256   8708832
256   9706440
256   9237408
256   9590576
256   8192844
256   9592432
256   9267812
256   8811436
256   9818832
256   9627344
256   9301660
256   9477976
256   9585744
256   9221044
256   9563528
256   9399180
256   9422724
256   9289956
256   9407628
256   9277428
256   9350044
256   9803204
256   9470448
256   9775160
256   9455600
256   9953476
256   9365796
256   9385288
256   9027576
256   10053696
256   9215880
256   9680652
256   9239772
256   9635508
256   9608304
256   9751472
256   9603628
256   9614952
256   9434108
256   9362132
256   9397672
256   9102004
256   9644216
256   9339416
256   9602080
256   9126168
256   9205548
256   9285436
256   9297672
256   9209680
256   9741568
256   9471216
256   9203148
256   9354952
256   9323628
256   9661024
256   8823472
256   9372224
256   9400716
256   9087212
256   9516092
256   9330720
256   9199740
256   9830844
256   9820988
256   9172924
256   9349212
256   9725712
256   9730740
256   9209420
256   9547816
256   9355716
256   9061992
256   9708616
256   8984080
256   9795120
256   9514908
256   9072004
256   9759372
256   9282788
256   8837548
256   8972724
256   9751716
256   9584264
256   9139840
256   9082624
256   9535668
256   9933896
256   9487436
256   9679076
256   9446232
256   11215520
256   9570176
256   9741432
256   9108324
256   9718384
256   9306384
256   9806872
256   9235160
256   10121112
256   9830944
256   9894668
256   9606140
256   9560256
256   9405964
256   9540884
256   9438380
256   9884040
256   9954404
256   9130476
256   9965504
256   8855720
256   9354212
256   9284700
256   9451404
256   9883700
256   9879132
256   9637176
256   9138876
256   9091160
256   9132240
256   9276360
256   9581212
256   9142220
256   9416008
256   9682008
256   9376228
256   9661768
256   10212316
256   9274164
256   9356032
256   9309728
256   9693788
256   9628432
256   9726840
256   9046876
256   9373388
256   9305756
256   9704668
256   9754844
256   9505100
256   9967236
256   9804196
256   9399972
256   9647492
256   9381464
256   9409956
256   10315724
256   9357936
256   9598960
256   9521412
256   9431652
256   9524036
256   8816456
256   9338168
256   8894840
256   8958188
256   9008016
256   9391832
256   9317680
256   9298132
256   9555608
256   9613644
256   9709448
256   10032920
256   9454480
256   9501628
256   9002440
256   9268912
256   9435300
256   9208320
256   9906628
256   9311944
256   9121580
256   9312988
256   9949276
256   9127556
256   9323936
256   9515148
256   9528328
256   9567112
256   9665492
256   9685984
256   9018392
256   9622180
256   9138164
256   9255460
256   9821308
256   9601064
256   9562148
256   9603004
256   9463860
256   9113604
256   9403996
256   9239364
256   9449872
256   9279760
256   9141304
256   9871700
256   9334484
256   9209604
256   9527536
256   9459896
256   9067840
256   8655636
256   9686308
256   9190208
256   9260648
256   9284780
256   9168228
256   9099348
256   9306836
256   9373788
256   9742052
256   9806620
256   9611768
256   9186384
256   8541400
256   9795864
256   8882552
256   9570156
256   9659480
256   9879852
256   8839944
256   9522784
256   9198236
256   9254780
256   9570368
256   9028228
256   8725092
256   9654532
256   9164892
256   9474820
256   9850756
256   9651344
256   9283968
256   9894004
256   8935936
256   9321364
256   9837168
256   9458276
256   8915764
256   9734388
256   9523940
256   9435392
256   9918064
256   9000740
256   8751484
256   9678780
256   9284448
256   9074904
256   9624572
256   9281488
256   9223752
256   9168368
256   9548672
256   9493460
256   9826556
256   9564240
256   9949072
256   9187856
256   9527084
256   9470776
256   9023776
256   9747192
256   9118892
256   9611384
256   9866584
256   9495676
256   9469640
256   9639132
256   9415556
256   9476368
256   8972988
256   9121112
256   9302376
256   9037304
256   9532824
256   9057000
256   9742236
256   9587960
256   8944844
256   9536908
256   9291992
256   9893420
256   9518080
256   9265980
256   9817960
256   9660188
256   9485960
256   9331700
256   9516312
256   9244588
256   8924168
256   9554252
256   9844424
256   9458484
256   9282516
256   9721132
256   9730020
256   9617804
256   9963748
256   9720712
256   9640488
256   9106116
256   9291608
256   9243264
256   8904952
256   9067116
256   9320552
256   9404136
256   9698964
256   9620904
256   9811248
256   9302624
256   9494436
256   9612060
256   9442928
256   9365628
256   9666096
256   9153568
256   9169612
256   9647980
256   9290640
256   9381676
256   9034008
256   9203792
256   9416932
256   9555616
256   9791956
256   9719528
256   9831084
256   8776960
256   9380612
256   9462432
256   9317560
256   9284220
256   9330540
256   8808200
256   9648464
256   9910728
256   9455136
256   9610940
256   9070416
256   9101236
256   9211912
256   9464732
256   9296920
256   9626112
256   9695200
256   9804088
256   8568872
256   9381032
256   9340692
256   9183680
256   9113900
256   9712044
256   10392276
256   9724804
256   9546980
256   9071088
256   9884508
256   9577508
256   8755864
256   9376608
256   9434516
256   9107044
256   8915080
256   9141912
256   9503324
256   9499224
256   9156312
256   9777412
256   9722428
256   9897908
256   9585248
256   9359924
256   9153912
256   9819492
256   9474756
256   8816232
256   9252368
256   9477584
256   9773008
256   9497688
256   9859384
256   9190332
256   9496272
256   9883852
256   9700672
256   9495632
256   9252140
256   10019712
256   9229704
256   9394244
256   9577552
256   9176668
256   9580348
256   8957144
256   8642080
256   10181696
256   9036308
256   8790632
256   9011132
256   9587844
256   9387228
256   9088352
256   8825580
256   9371788
256   9319820
256   9203484
256   9491292
256   9079672
256   9331044
256   9468836
256   9692556
256   9127436
256   9154456
256   9395472
256   9023208
256   9583440
256   9362716
256   9668680
256   9010144
256   9345768
256   9197516
256   9509508
256   9000932
256   9699068
256   9408752
256   9620384
256   9346384
256   8966792
256   9224864
256   9189392
256   9011204
256   9425712
256   9102188
256   9182460
256   9338924
256   9101592
256   8927728
256   9178948
256   9412252
256   9280800
256   9249808
256   8779968
256   9239260
256   9639876
256   8960908
256   9379696
256   9274388
256   9797796
256   9588608
256   9552856
256   9474528
256   8955124
256   9373296
256   9382640
256   9998756
256   9848132
256   9743364
256   9511720
256   9813216
256   8562448
256   10028680
256   9543036
256   9248792
256   9436480
256   9327696
256   9135104
256   9551896
256   8986616
256   8818524
256   9514752
256   9312860
256   9663164
256   9562888
256   9609764
256   9650408
256   9112108
256   9803256
256   9808388
256   8880592
256   9344940
256   9541824
256   9565608
256   9696824
256   9679420
256   9426340
256   9145792
256   9570964
256   9347436
256   9325164
256   9544020
256   9392972
256   9242972
256   9608764
256   9575124
256   9306584
256   9599996
256   9393644
256   9545160
256   9127360
256   9133000
256   9795292
256   9771740
256   9269552
256   9489104
256   9280732
256   9280804
256   9444148
256   8632252
256   9367840
256   9806980
256   9633004
256   9435596
256   9992544
256   9608276
256   9822920
256   9593200
256   9207576
256   9303904
256   9355032
256   9858812
256   9431772
256   9278440
256   9324800
256   9239400
256   9318948
256   8973804
256   9585732
256   9945884
256   9603520
256   8917016
256   9664000
256   9459212
256   9101156
256   8450108
256   9264996
256   9268672
256   9366880
256   9689672
256   9019812
256   9807948
256   9151088
256   9370928
256   9447216
256   9288548
256   9389196
256   9813636
256   9416792
256   9573108
256   9889544
256   9206496
256   9293112
256   9611184
256   9215608
256   9282772
256   9339016
256   9230404
256   9181828
256   9879572
256   9123496
256   9341028
256   9189720
256   9006772
256   9761780
256   9388052
256   9940676
256   9811040
256   9699220
256   9391432
256   9753828
256   9155548
256   9335668
256   9600612
256   9446688
256   9274448
256   9251852
256   9733788
256   9505052
256   9535252
256   9680304
256   9003312
256   9576652
256   9829132
256   9704384
256   9334224
256   9011892
256   9153400
256   9604532
256   9253588
256   9382208
256   9337672
256   8933000
256   10005228
256   9311468
256   8691156
256   9041056
256   9361280
256   9362844
256   10070920
256   9280560
256   9027736
256   9817264
256   9677020
256   9340144
256   9328140
256   8965812
256   9479708
256   9729512
256   9762416
256   9679900
256   9865792
256   9491236
256   9936716
256   9360456
256   9120572
256   9864504
256   9711440
256   9703688
256   9300592
256   9600008
256   9476136
256   9238172
256   9786512
256   9390864
256   9519656
256   9794556
256   9185832
256   9914996
256   9415920
256   9393080
256   9297420
256   9783636
256   9309248
256   9576696
256   9754800
256   9089156
256   9490800
256   9353288
256   9780684
256   9408200
256   9654444
256   9194196
256   9472828
256   9666816
256   9231736
256   9249580
256   9183124
256   9229220
256   9240288
256   9792092
256   9520420
256   8766644
256   9450276
256   9382808
256   9717508
256   10002516
256   8959176
256   8993844
256   9774492
256   9717576
256   9903992
256   9919012
256   9790228
256   9313828
256   9532148
256   9385624
256   9428724
256   10091640
256   9543084
256   9700848
256   9535896
256   9611476
256   9461152
256   9610116
256   9234896
256   9222220
256   9411380
256   9246892
256   9314972
256   9579304
256   9369668
256   9882204
256   9024732
256   9723580
256   9635096
256   10080080
256   9968136
256   9590896
256   9879964
256   9163324
256   9511716
256   9912492
256   9434712
256   8827108
256   9216464
256   9595808
256   9363452
256   9173004
256   9469440
256   9423128
256   9780860
256   9434248
256   9605040
256   9409452
256   8883836
256   9039560
256   9784228
256   8983204
256   8690652
256   9772420
256   9097996
256   9319916
256   9222204
256   9030352
256   9780268
256   8733808
256   8903900
256   9138784
256   9405236
256   9384992
256   8990076
256   9916280
256   9463976
256   9944872
256   9585632
256   9624796
256   9784388
256   9526408
256   9466244
256   9501872
256   9460216
256   9822504
256   8940444
256   9524292
256   9523808
256   9531480
256   9163724
256   9451644
256   9150560
256   9419808
256   9143372
256   8946476
256   9115908
256   9753536
256   9414012
256   9136616
256   9336092
256   8858700
256   9196844
256   9264276
256   9736736
256   9638804
256   9777064
256   9003956
256   9078228
256   9553524
256   9008248
256   9871892
256   8905128
256   9726388
256   9714036
256   9436916
256   9429976
256   9527356
256   9518676
256   9140620
256   9829320
256   9374252
256   9927080
256   10170424
256   9640164
256   9637828
256   9447732
256   9545764
256   9253588
256   8888512
256   9886832
256   9380304
256   9561700
256   9539020
256   9517880
256   9544572
256   9803712
256   9563448
256   9743556
256   9296492
256   9313024
256   9386968
256   9369140
256   9473744
256   9259152
256   9319472
256   9491964
256   8586448
256   9541556
256   9172348
256   9965008
256   9495004
256   9518928
256   9924864
256   9487980
256   9898692
256   9020024
256   9743996
256   9318320
256   9369392
256   9507084
256   9026984
256   9446768
256   9376616
256   9560836
256   9573692
256   8746060
256   9923672
256   9280472
256   9777176
256   9525036
256   9451168
256   8766636
256   9669880
256   9170348
256   9774944
256   9244448
256   9372680
256   9083864
256   10186428
256   9347788
256   9246596
256   9100608
256   9527624
256   9508076
256   9411660
256   9219896
256   9738220
256   9424732
256   9145564
256   9624704
256   9540232
256   9845136
256   9725844
256   9288196
256   9476036
256   9612812
256   9500080
256   9483980
256   9253064
256   9482564
256   9556148
256   9381064
256   9485156
256   9649296
256   9638460
256   9825812
256   8792368
256   9274304
256   9623416
256   9667940
256   9434564
256   9417604
256   9178932
256   9365592
256   9050596
256   8833848
256   8920712
256   9086684
256   9426440
256   9287528
256   8813952
256   9532304
256   9480276
256   9608908
256   9458200
256   9831536
256   9415380
256   9813240
256   9131864
256   9093872
256   9164640
256   9643996
256   9350148
256   9707936
256   9293412
256   9665964
256   9540648
256   8938876
256   9065808
256   9355468
256   9572136
256   9026352
256   9744404
256   9746372
256   9571824
256   9836252
256   9374108
256   10112996
256   9606872
256   9189436
256   9568936
256   9123172
256   9430768
256   8810144
256   9768496
256   9698792
256   8910900
256   9487772
256   9094740
256   9865344
256   9805464
256   9590008
256   9276504
256   9136860
256   9579488
256   9163064
256   9447276
256   9019932
256   7194144
256   9145636
256   9293988
256   9829612
256   9486744
256   9595916
256   9302272
256   9384432
256   9454816
256   10028300
256   9871636
256   9506184
256   9070640
256   9686752
256   9066728
256   9468948
256   9252556
256   9133188
256   9204332
256   9493192
256   9721556
256   9331792
256   9215816
256   9440216
256   9443992
256   9507432
256   9601496
256   9794136
256   9237384
256   9389488
256   9781344
256   9318904
256   9203620
256   9627820
256   10003464
256   9695864
256   9245552
256   8836512
256   9475612
256   9367740
256   9454564
256   9818868
256   9098768
256   9646232
256   9854484
256   9516392
256   9420464
256   9319832
256   9239948
256   9398228
256   9221776
256   9688020
256   9568140
256   9668344
256   9196236
256   9733648
256   9733436
256   9249524
256   9384264
256   9578260
256   9489020
256   9562804
256   9559644
256   9143528
256   9652684
256   9697404
256   9089792
256   9295140
256   9704756
256   9228224
256   9661344
256   9854248
256   9133284
256   9565592
256   9892516
256   9599108
256   9134552
256   8983800
256   9750104
256   9313004
256   9358716
256   9842732
256   8988328
256   9990116
256   9245252
256   9221140
256   9940380
256   9709996
256   10040528
256   8924704
256   9135120
256   10036224
256   9117436
256   9085596
256   9481156
256   9359660
256   9300784
256   9419620
256   9504636
256   9417420
256   9820568
256   9586628
256   9293756
256   9689836
256   9587848
256   9583368
256   9298548
256   9639052
256   9669764
256   9601640
256   9104712
256   9536372
256   9049692
256   8943692
256   9275772
256   9729332
256   9682476
256   9321592
256   9387504
256   10044672
256   9518316
256   8584320
256   9301396
256   9117864
256   9434676
256   9060272
256   9302956
256   9773676
256   9569232
256   9809444
256   9334952
256   9731348
256   9751292
256   9485000
256   9717020
256   9646832
256   9887516
256   9401352
256   9914928
256   9958460
256   9583704
256   9366720
256   9428228
256   9627920
256   9202380
256   8959324
256   9025752
256   9548996
256   9620496
256   9178604
256   9522832
256   10077584
256   8805904
256   9475484
256   9586852
256   9632984
256   9376988
256   9232484
256   9086172
256   9696136
256   9569912
256   9365384
256   9830728
256   9176748
256   9695728
256   9460568
256   9283220
256   9387200
256   9049208
256   8957144
256   9611264
256   9662476
256   9823680
256   9177432
256   9595956
256   9219368
256   9237668
256   9368976
256   9460956
256   9162016
256   9440780
256   9655292
256   9837372
256   9267304
256   9051308
256   8547348
256   9486300
256   9312088
256   9010704
256   9536372
256   9439312
256   9402588
256   9300488
256   8838164
256   9223204
256   9758392
256   9625960
256   9105700
256   9891368
256   9717896
256   9284116
256   9558292
256   9312808
256   8822000
256   9334448
256   9759488
256   9296888
256   9469904
256   9465576
256   9311288
256   9682536
256   9529244
256   9297940
256   9450456
256   8946456
256   9472184
256   9189356
256   9691012
256   9543956
256   9213784
256   9371704
256   9831432
256   9605980
256   9379568
256   9633272
256   9375536
256   9341496
256   9306384
256   9569788
256   9311080
256   9308260
256   8892636
256   9781360
256   9447996
256   9098744
256   9961388
256   9285828
256   8465556
256   9542824
256   9676644
256   9143144
256   9396864
256   8624700
256   9321608
256   9615592
256   9191252
256   9365008
256   9614540
256   9838912
256   9339720
256   10133844
256   9470572
256   9184936
256   9173168
256   9251712
256   9652096
256   9337380
256   9520232
256   9336900
256   9836752
256   8977612
256   9541768
256   9475584
256   9963912
256   9304976
256   9234072
256   9575020
256   9396684
256   9894284
256   9747136
256   9287488
256   8760616
256   9172776
256   9550524
256   9473972
256   9581784
256   9262556
256   9338056
256   9362796
256   9078488
256   9272988
256   9254060
256   9345280
256   9737688
256   9501768
256   8738856
256   9167800
256   9239088
256   9092228
256   9774724
256   9154000
256   9074008
256   9949588
256   9149476
256   9822188
256   9550076
256   9542484
256   9408620
256   9593348
256   9340368
256   8888300
256   9449428
256   9767544
256   9855788
256   9119292
256   9456980
256   9104700
256   9499928
256   9467040
256   9452964
256   8962644
256   9816704
256   9494012
256   8889912
256   9805004
256   9454704
256   9118948
256   9352800
256   9525116
256   9452876
256   9795808
256   9087936
256   8959564
256   9281840
256   9406520
256   9322728
256   9290124
256   9593548
256   9641120
256   9036256
256   9338348
256   9031140
256   8930496
256   9426372
256   9584972
256   9595592
256   9731764
256   10017944
256   9062500
256   9736148
256   8749152
256   8871332
256   9804756
256   9146080
256   9371936
256   9179576
256   9135364
256   9800932
256   9274364
256   9322404
256   9488304
256   9040464
256   9409256
256   9751460
256   9507624
256   9600048
256   9227924
256   9129704
256   8971972
256   9217576
256   9090424
256   9159724
256   8836448
256   9518788
256   9236008
256   9691272
256   9135412
256   9212036
256   9452160
256   9733744
256   9246596
256   9913576
256   9287060
256   9884588
256   9121120
256   9429740
256   9522824
256   8963564
256   9621296
256   9473516
256   8548356
256   9299520
256   9066280
256   9813176
256   9498836
256   9701624
256   9278800
256   9811868
256   9271780
256   9549012
256   9735928
256   9508500
256   9600768
256   9214564
256   9530328
256   9518088
256   9211124
256   9730628
256   9631732
256   9506548
256   10026360
256   9405744
256   9031556
256   9041592
256   8800800
256   9191608
256   8854768
256   9566276
256   9634936
256   9127752
256   9345480
256   9121528
256   9532468
256   9217440
256   9033940
256   9591336
256   8965796
256   9353388
256   9392780
256   9134876
256   9383860
256   9546916
256   9494776
256   9316944
256   9940660
256   9476656
256   9398400
256   9226644
256   9545048
256   9246516
256   9501248
256   8911432
256   9333924
256   9556440
256   9123608
256   9134804
256   9438528
256   9447184
256   9618324
256   9966536
256   9331508
256   9410532
256   9226748
256   9724316
256   9755472
256   9215080
256   9282656
256   9054136
256   9349364
256   9212200
256   9172496
256   9346848
256   9576676
256   9248048
256   9719540
256   9572856
256   9114400
256   9588108
256   9491292
256   9095584
256   9377788
256   9635280
256   9363136
256   9811756
256   9665128
256   9633720
256   9294448
256   9202584
256   9604420
256   10069608
256   9683736
256   9612068
256   9518988
256   9724148
256   9744384
256   9523228
256   9247600
256   9348596
256   9684568
256   9718416
256   9488620
256   9747116
256   8873744
256   9016092
256   9122172
256   9609976
256   10273448
256   9582424
256   9088200
256   9464876
256   9453512
256   9223584
256   8923272
256   9457924
256   9457604
256   8717904
256   9540384
256   9693876
256   9524736
256   9836912
256   9609596
256   9524676
256   9813492
256   9330552
256   8933136
256   9095360
256   9611308
256   9416104
256   9341628
256   9290668
256   9311456
256   9411380
256   9403088
256   9466652
256   10010684
256   9052652
256   8783044
256   9135000
256   9155176
256   9784772
256   9552032
256   9232268
256   9351824
256   9082496
256   9130828
256   9736276
256   9673196
256   8696356
256   10590268
256   9624304
256   9289188
256   9032872
256   9533276
256   9557436
256   9887764
256   9332604
256   9553560
256   8872352
256   9169448
256   9453156
256   9363404
256   9043980
256   9672900
256   9904500
256   9215544
256   9884904
256   9230652
256   9238744
256   10023016
256   9783944
256   9492484
256   9695168
256   9600320
256   9265776
256   9290384
256   9516240
256   9493080
256   9627272
256   9841232
256   9054640
256   9591952
256   9334828
256   9343472
256   9816864
256   9126432
256   9114232
256   9589456
256   8933904
256   8781268
256   10062840
256   9340184
256   9677036
256   9549296
256   9526164
256   9975164
256   9069860
256   9029664
256   8962016
256   9522912
256   9489972
256   9203092
256   9234880
256   9327364
256   9405572
256   9603568
256   9011216
256   10056380
256   9263052
256   9068804
256   9733828
256   9585088
256   9474992
256   9516264
256   9571124
256   9239744
256   9375268
256   9500752
256   9581580
256   9415264
256   10007952
256   9081504
256   8945352
256   9466620
256   9557844
256   9395548
256   9370328
256   9005784
256   9324468
256   9321336
256   9057036
256   8969536
256   9241628
256   9278020
256   9226844
256   9858008
256   9434388
256   9725412
256   9466724
256   9351404
256   9069972
256   9790856
256   9445984
256   9234252
256   9758668
256   9515364
256   7903940
256   9977560
256   9321164
256   9384116
256   9583308
256   9699996
256   9617960
256   9260032
256   9749400
256   9267864
256   9535644
256   9513520
256   9379960
256   9261664
256   9121360
256   9351904
256   8732948
256   9550256
256   9760512
256   9286820
256   9876968
256   9682088
256   9032672
256   10103844
256   9058720
256   8906484
256   9586568
256   9478996
256   9506484
256   9446980
256   9746776
256   9360140
256   8984592
256   9685796
256   9778760
256   9555736
256   8806160
256   9234116
256   9408868
256   9600456
256   9320440
256   9564600
256   9156448
256   9454236
256   8857856
256   9199512
256   9927572
256   9474104
256   9414600
256   9391124
256   9989564
256   9090124
256   9065056
256   9680440
256   9398000
256   9170104
256   9323796
256   9124832
256   8772884
256   9324212
256   9378660
256   9134636
256   9721912
256   9796580
256   9462120
256   9355588
256   9805832
256   9428160
256   9767056
256   9610988
256   9173696
256   9500340
256   9586384
256   9512172
256   8547492
256   9790996
256   9206596
256   9106836
256   9209640
256   9365932
256   9763824
256   9556008
256   9191352
256   9323236
256   9551428
256   9080912
256   9750512
256   10283184
256   9301628
256   8710584
256   9954076
256   9228672
256   8775836
256   9330368
256   9427952
256   9432596
256   9281080
256   9764460
256   8956436
256   9865812
256   9943784
256   9780752
256   9191940
256   9741328
256   9260040
256   9853244
256   10043020
256   8627832
256   9772356
256   9298312
256   9026232
256   9810048
256   9562840
256   9165248
256   9296728
256   8994028
256   9133368
256   9984760
256   9436952
256   9475844
256   9301532
256   10089864
256   9573628
256   9985416
256   9457712
256   9084056
256   9444848
256   9415044
256   9349500
256   8978292
256   9453724
256   9408860
256   9357540
256   9098172
256   9444148
256   9465136
256   9731268
256   9594920
256   9997652
256   9108612
256   9063576
256   9444356
256   9746536
256   9209692
256   9373480
256   9611960
256   9012992
256   9963604
256   9292808
256   9720440
256   9137960
256   9443088
256   9388276
256   9157780
256   9552528
256   9494580
256   9532400
256   9616800
256   9077876
256   9278268
256   9830140
256   8992056
256   10682468
256   9208360
256   9284788
256   9779276
256   9370648
256   9328436
256   9626396
256   9075824
256   9514372
256   9310876
256   9569808
256   9412732
256   9662976
256   9650428
256   9627920
256   9431792
256   9580624
256   9165100
256   9321744
256   9409740
256   9521192
256   9535240
256   9136812
256   9418804
256   9779424
256   9755772
256   9387988
256   9517572
256   9928464
256   9452716
256   9281388
256   9202348
256   9199820
256   9476800
256   9411472
256   8905656
256   9738064
256   9491084
256   9940336
256   9341000
256   9547880
256   9475880
256   9012632
256   10006980
256   9248092
256   9671388
256   9478344
256   8794876
256   9811388
256   9628876
256   8992780
256   8950968
256   9324848
256   9006476
256   8679268
256   9769640
256   9621884
256   9411324
256   9872428
256   9689944
256   9133252
256   9460180
256   9136464
256   9846304
256   9545804
256   9588776
256   9436896
256   9498676
256   9712428
256   9154056
256   9508048
256   8995736
256   9587240
256   9628712
256   9654204
256   9415404
256   9921324
256   9397928
256   9493916
256   8952896
256   9078588
256   9121504
256   9744812
256   9478312
256   9361672
256   9545880
256   9498768
256   9840024
256   9428892
256   9489540
256   9556236
256   9495532
256   9238340
256   9724384
256   9315908
256   9569600
256   10080912
256   9304908
256   9521312
256   9394588
256   9402952
256   9540356
256   9113216
256   9675692
256   9804440
256   9524260
256   9300964
256   10022928
256   9364520
256   9354900
256   9650904
256   9496328
256   9358040
256   9721692
256   9286896
256   9979440
256   9862720
256   9124268
256   9176144
256   9763244
256   9486336
256   9708708
256   9131828
256   9245168
256   8971692
256   9350904
256   9204480
256   9433368
256   9531720
256   9488864
256   8892424
256   9425180
256   9604092
256   9625224
256   9512696
256   9557056
256   9866004
256   9635440
256   9224064
256   9752340
256   9518548
256   9258004
256   9155328
256   9408316
256   8795072
256   8970708
256   9559076
256   9328248
256   9534264
256   9245936
256   9136596
256   9591136
256   8782144
256   9521416
256   9800620
256   9623196
256   9004788
256   8875616
256   9558688
256   9265948
256   9254328
256   9337804
256   10093072
256   9528804
256   9198908
256   9464512
256   9246192
256   9291512
256   9112624
256   9451220
256   9552024
256   9363568
256   9110796
256   9565236
256   9526696
256   8769652
256   9536940
256   9469540
256   8795608
256   9493856
256   9359184
256   9311148
256   9670676
256   9899888
256   9134600
256   9208068
256   9326000
256   9536816
256   9550184
256   9260536
256   9880380
256   9686532
256   9375052
256   9877912
256   9415396
256   9172020
256   8757008
256   9651372
256   9501388
256   9302500
256   8667356
256   8906688
256   9187728
256   9160252
256   9426684
256   9576208
256   8748928
256   9409080
256   9503792
256   9535400
256   9352216
256   9068400
256   9616880
256   9740068
256   9549548
256   9665496
256   9835792
256   9350532
256   9072020
256   9031568
256   9480784
256   9117900
256   9176784
256   9706764
256   8866452
256   9729404
256   9605712
256   9246748
256   9497204
256   9532056
256   9021628
256   9668164
256   9503232
256   9331684
256   9579916
256   9795760
256   9550924
256   9254328
256   9723024
256   9242696
256   9777020
256   9309676
256   9189784
256   9357448
256   9857612
256   9588940
256   9192672
256   9246592
256   8623296
256   9553420
256   9845140
256   9223172
256   9421016
256   9560080
256   9458564
256   9339052
256   9424584
256   9098968
256   8843928
256   9344452
256   9088148
256   9113632
256   9341836
256   9046592
256   9105932
256   9651308
256   9269544
256   9176244
256   9265664
256   9192152
256   9101880
256   9931812
256   9702080
256   9771012
256   9382392
256   9690232
256   9938860
256   9394320
256   8978688
256   9472788
256   9797612
256   9478128
256   9895772
256   8956696
256   9091756
256   9475664
256   9552024
256   9792132
256   9431200
256   9718976
256   8900800
256   8901136
256   9505400
256   9305800
256   9626040
256   9245880
256   9433276
256   9336568
256   9543776
256   9247300
256   9158140
256   9133084
256   8889248
256   9045104
256   10013820
256   9811688
256   9588124
256   10307932
256   8972488
256   9420212
256   9653572
256   9106164
256   8682228
256   9870028
256   9478656
256   9637864
256   9690828
256   8953524
256   8937764
256   9376692
256   9169368
256   9166912
256   9440516
256   9701904
256   9435668
256   9184844
256   9224736
256   9244368
256   9123732
256   9364392
256   9503868
256   9116208
256   9145384
256   9577572
256   9581416
256   9353008
256   9355384
256   9474292
256   9648836
256   8882788
256   9458732
256   9730336
256   8791584
256   9223028
256   8965628
256   9433708
256   9385476
256   8823552
256   9523184
256   9583532
256   9571760
256   9660296
256   9031612
256   9614328
256   9169780
256   9750328
256   9477768
256   9612804
256   9094708
256   9744600
256   8866956
256   9137208
256   9855772
256   9192472
256   8922196
256   9079120
256   9458428
256   9290412
256   9406828
256   9210864
256   8883396
256   9318696
256   8793928
256   9636800
256   9220788
256   9540424
256   9431988
256   9689856
256   8955068
256   9572452
256   9104236
256   9338500
256   9521144
256   8690016
256   9502960
256   9671872
256   8998956
256   9893980
256   9372736
256   8050368
256   9764552
256   9545312
256   9382656
256   9050532
256   8879056
256   8870552
256   9730928
256   10175292
256   9109612
256   9751448
256   8716264
256   9772752
256   9487056
256   9180536
256   9391364
256   8885208
256   9589568
256   9227900
256   9824248
256   10181920
256   8998632
256   9153404
256   9241008
256   9023480
256   9718840
256   9336120
256   9256360
256   9498604
256   9369224
256   9756344
256   9825312
256   9518176
256   8963904
256   9320172
256   9579116
256   9557484
256   9279444
256   9405844
256   9623460
256   9231336
256   9448900
256   9533688
256   9203520
256   9555788
256   9255556
256   9617460
256   9262956
256   9136820
256   9567504
256   9278160
256   9524116
256   9385940
256   9965728
256   9573696
256   8936880
256   9825220
256   9781212
256   9646480
256   9465228
256   8950132
256   8533408
256   9411700
256   9614316
256   9363036
256   9456424
256   9904520
256   9288928
256   8699472
256   9293516
256   9431516
256   9348424
256   9626296
256   9186692
256   9738052
256   9019352
256   9053412
256   9796460
256   9996528
256   10422272
256   9796464
256   9727852
256   9134260
256   9776524
256   9526292
256   8912736
256   9500556
256   9351704
256   9272884
256   9370124
256   9366948
256   9153716
256   9441312
256   9398460
256   9750260
256   9337156
256   8709428
256   9257832
256   9628324
256   9112884
256   9984476
256   9189784
256   9687972
256   9221332
256   9388828
256   9605436
256   8964240
256   9474548
256   9602644
256   9917756
256   9025032
256   9536424
256   9759864
256   9487228
256   9119216
256   9661556
256   9501352
256   9489724
256   9578508
256   9800988
256   9187692
256   10181148
256   8041424
256   9295624
256   9517020
256   9397116
256   9540800
256   9683232
256   10044744
256   8943972
256   9128616
256   9475060
256   8945112
256   8852116
256   9759552
256   9205124
256   9351364
256   9285124
256   9101980
256   9060332
256   9514268
256   9016248
256   9372044
256   9405420
256   8725444
256   8919860
256   9207988
256   9601280
256   9405648
256   9290620
256   9262032
256   9332656
256   9083644
256   9719280
256   9277284
256   9111908
256   9450004
256   9517764
256   9559900
256   9199712
256   9136804
256   8930408
256   9362984
256   9043604
256   9516296
256   8874368
256   9355736
256   8891860
256   9161808
256   9879536
256   8855324
256   9108560
256   9461528
256   9735992
256   9071052
256   9592916
256   9601668
256   9236820
256   9600048
256   9719664
256   9394184
256   9078764
256   9188512
256   8998568
256   9393136
256   9615128
256   9459956
256   9604180
256   9334868
256   9737004
256   9783984
256   9616260
256   9462592
256   9509164
256   9945896
256   9124220
256   9534244
256   9369528
256   9640412
256   9769320
256   9271204
256   9683944
256   9361368
256   9229052
256   9462016
256   9435692
256   9158544
256   8957752
256   9599692
256   9429752
256   8826376
256   9332476
256   9569084
256   9531260
256   9367452
256   9592692
256   9666572
256   9527764
256   9533296
256   9751324
256   9383616
256   9960932
256   9692180
256   9580980
256   9569576
256   9756976
256   9227276
256   9006152
256   9952072
256   8649184
256   9426872
256   9184396
256   9736012
256   9556752
256   10045720
256   9273320
256   9337404
256   9552892
256   9506984
256   9310664
256   9181144
256   9108912
256   9301048
256   9257228
256   9616212
256   9510472
256   9656236
256   9352612
256   9146936
256   9420992
256   9451492
256   9616620
256   9422680
256   9756400
256   9392896
256   9332900
256   9577072
256   9342632
256   9414280
256   9104796
256   9337888
256   9447876
256   9888224
256   9630528
256   9342964
256   9663396
256   9541692
256   9155520
256   9695672
256   9411500
256   9516460
256   9486244
256   9448740
256   9783016
256   9733692
256   9199060
256   9039052
256   9734084
256   9131728
256   9509932
256   9003832
256   9314328
256   9469676
256   9656548
256   9736888
256   8935804
256   9329532
256   9509096
256   9850888
256   9300820
256   9855252
256   9671744
256   9084140
256   9510680
256   9640816
256   9279528
256   9390936
256   9538544
256   9726320
256   9241396
256   9551388
256   9341452
256   9129688
256   9500576
256   9436332
256   9716892
256   9700836
256   9058340
256   10100204
256   9870308
256   10029432
256   8821832
256   9800064
256   8940496
256   10126348
256   9493972
256   9492932
256   9133716
256   9189176
256   9638992
256   9051468
256   9661140
256   9334300
256   9849752
256   9806028
256   9229296
256   8991788
256   9518696
256   9310848
256   9332300
256   9906520
256   9386896
256   9371492
256   9755672
256   9250676
256   9818700
256   9572020
256   9433808
256   9432252
256   9749192
256   9196424
256   9249612
256   9820740
256   9908032
256   9335608
256   9668012
256   9235456
256   9423804
256   9724972
256   9598884
256   9420468
256   9774244
256   9899636
256   9056704
256   9233752
256   9294776
256   9181720
256   9998712
256   9584776
256   9338376
256   9231808
256   9639480
256   9521736
256   9491348
256   9752772
256   9677912
256   9839980
256   9234028
256   9188368
256   9871396
256   9408780
256   9636104
256   9789792
256   9043148
256   9532284
256   9535792
256   9352144
256   9023256
256   9451928
256   9473524
256   9634344
256   9382520
256   9748988
256   10009296
256   8676860
256   9330240
256   9558880
256   9573924
256   9296648
256   9402068
256   9438256
256   9361308
256   9139612
256   9723732
256   9368576
256   9236392
256   9611768
256   9414932
256   9270572
256   9533244
256   9102144
256   9533996
256   9353824
256   9096652
256   9186924
256   9438632
256   9641340
256   9549316
256   9587236
256   9283392
256   9201708
256   10394708
256   9082408
256   9293324
256   9319192
256   9455292
256   9348172
256   9253620
256   9545900
256   9260828
256   9182988
256   9795448
256   9516528
256   9768152
256   10026512
256   9164560
256   9400224
256   9478972
256   9247296
256   9721780
256   8777752
256   9304380
256   9263432
256   9626732
256   8834220
256   9306760
256   9599124
256   9503768
256   9109268
256   9452916
256   9091896
256   9803448
256   9443560
256   9175600
256   9673844
256   9822352
256   9851512
256   9246276
256   9721124
256   9012788
256   9412736
256   9201212
256   8459356
256   9416348
256   9844152
256   9213988
256   9602384
256   9193268
256   8688904
256   8924992
256   9398624
256   9189128
256   9422344
256   9215484
256   9715892
256   9052560
256   9479820
256   9460336
256   9174828
256   9369164
256   8918256
256   8976604
256   9411308
256   9277508
256   9573944
256   9326924
256   9400020
256   8663920
256   9440772
256   10027932
256   9657388
256   9403080
256   9485952
256   9551156
256   9428268
256   9321420
256   9960068
256   9007184
256   9171728
256   8838496
256   8463076
256   9294264
256   9129220
256   9353656
256   9673564
256   9355100
256   9300932
256   9787856
256   9131184
256   9701792
256   9286308
256   9204908
256   9087784
256   9701028
256   9620696
256   9555780
256   9180816
256   9358736
256   9075956
256   9440404
256   9209992
256   9322312
256   9327712
256   9474252
256   9274612
256   9530084
256   9279764
256   9613828
256   9302312
256   9843456
256   9424776
256   9256436
256   9400808
256   8828792
256   9907096
256   9179844
256   9321024
256   9685624
256   9113484
256   9377936
256   9913956
256   9268688
256   9045852
256   9249468
256   9683148
256   9168908
256   9322216
256   9207636
256   9709008
256   9233756
256   9213616
256   9375500
256   9126332
256   9653952
256   9090000
256   9909500
256   9661324
256   9262284
256   9632408
256   9422296
256   9773940
256   9021772
256   9121596
256   9759416
256   9592312
256   9911792
256   9264684
256   9759636
256   9222424
256   9690628
256   9298940
256   9297912
256   9015404
256   9066628
256   9625892
256   9252428
256   9829912
256   9467296
256   9413480
256   9510780
256   9937848
256   9093512
256   9867836
256   10015288
256   9413104
256   9039252
256   9560284
256   9490604
256   8823756
256   9469880
256   9815204
256   8848312
256   9553148
256   9795624
256   9333348
256   9297648
256   8950880
256   9033496
256   9426140
256   9084792
256   8986008
256   9607440
256   9670356
256   9417428
256   9915552
256   9483068
256   9252192
256   9486444
256   9159408
256   9466364
256   9982380
256   9962972
256   9299352
256   10418548
256   9355756
256   9558028
256   8944072
256   9646692
256   9049772
256   9284920
256   9572124
256   8988692
256   9319752
256   9201432
256   9380848
256   10081456
256   9385116
256   9368704
256   9291100
256   9936252
256   9425768
256   8823792
256   9135532
256   9273248
256   9381644
256   9205324
256   9213336
256   9218208
256   9415956
256   9919424
256   9374900
256   9509976
256   9164308
256   9340008
256   9402208
256   9506164
256   9576392
256   9382900
256   9319028
256   8860984
256   9330992
256   9315856
256   9108528
256   9157512
256   9513984
256   9122560
256   9226956
256   9021616
256   9332344
256   8963772
256   9330420
256   9953528
256   9201668
256   8850972
256   9727192
256   9532400
256   9414640
256   9300968
256   10046860
256   9197476
256   9272284
256   9544044
256   9682280
256   9665976
256   9250064
256   8787300
256   9733304
256   9487300
256   9115044
256   9667828
256   9015188
256   8721628
256   9353912
256   10012988
256   9412200
256   9444380
256   8985528
256   8588884
256   8777876
256   9148904
256   9154420
256   9001204
256   9625916
256   9033336
256   9754856
256   9438468
256   9305584
256   9283980
256   9336324
256   9454928
256   9368704
256   9086824
256   9036308
256   9827908
256   9841804
256   9271232
256   9570280
256   9183568
256   9835900
256   9689732
256   9172900
256   9647264
256   9721768
256   8904908
256   9519132
256   9276656
256   9356692
256   9693464
256   9362748
256   9546196
256   9293592
256   8990440
256   9214080
256   9913876
256   9932152
256   9496248
256   9458688
256   9103012
256   8945208
256   9614448
256   9321020
256   9325140
256   9736824
256   9057652
256   9206004
256   9553464
256   9121072
256   9219736
256   9500680
256   9170008
256   9357076
256   9234120
256   9487540
256   8903460
256   9504644
256   9539592
256   9583500
256   9555160
256   9623032
256   9364632
256   9720888
256   9286996
256   8981304
256   8868396
256   9650468
256   9114280
256   9380248
256   9490188
256   9772264
256   9682012
256   9027408
256   9185052
256   9194868
256   9235880
256   9465332
256   9522680
256   9898868
256   9377332
256   9102244
256   9331040
256   10014064
256   9084288
256   9059112
256   8894564
256   9208640
256   9414360
256   9901896
256   9489104
256   9787428
256   9557740
256   9289512
256   9104252
256   8470660
256   9698884
256   9338432
256   9235816
256   9338016
256   9774156
256   9203088
256   9260552
256   9579952
256   9266420
256   9685692
256   9622516
256   9026568
256   9667520
256   9745760
256   9202652
256   9250588
256   9532628
256   9060348
256   10155948
256   8937276
256   8957740
256   9392908
256   9322248
256   9378084
256   9268452
256   9810216
256   9535244
256   8863144
256   9703052
256   9396884
256   9514976
256   9159284
256   9422056
256   9499348
256   9418596
256   9364184
256   9081948
256   9256604
256   9186204
256   9323256
256   9315896
256   8868672
256   9111200
256   9799388
256   9498076
256   8991504
256   9774656
256   9340004
256   9450120
256   9856684
256   9830316
256   8789148
256   9532144
256   8785092
256   9574388
256   9633288
256   9607092
256   9638064
256   9218252
256   9084796
256   9711912
256   9847992
256   9403940
256   9189540
256   9837204
256   9537992
256   9710304
256   9085476
256   9389504
256   9606472
256   8611800
256   9595904
256   8823916
256   10370788
256   9551324
256   9479544
256   9643884
256   9369972
256   9593620
256   9575812
256   9610608
256   9138076
256   9650732
256   9911648
256   9446940
256   9603448
256   9487440
256   9458072
256   9666488
256   9162796
256   9170488
256   9325316
256   9110988
256   9437960
256   9507412
256   9091096
256   9628256
256   9510376
256   9362616
256   8918188
256   8932512
256   10239836
256   9045716
256   9854808
256   9299344
256   8829480
256   9634192
256   9477120
256   8990124
256   8939388
256   9284212
256   9430828
256   9063524
256   9757148
256   9704080
256   9805264
256   9707336
256   9012948
256   9343220
256   9116296
256   8643188
256   9391552
256   9424692
256   8923588
256   9477204
256   9544752
256   9077400
256   9494760
256   9610428
256   9691384
256   9010468
256   9500452
256   9991128
256   9092776
256   9242400
256   9496996
256   9622372
256   9663652
256   9577436
256   9762284
256   9756048
256   9569444
256   9298372
256   9862616
256   8858160
256   9199312
256   9372248
256   9586508
256   9518456
256   9524608
256   9758140
256   9436168
256   9329748
256   9688712
256   9069724
256   8907564
256   9033104
256   9172024
256   9935020
256   9205068
256   9155204
256   8755044
256   9865236
256   9853688
256   9442164
256   9788000
256   9737888
256   9401772
256   9698896
256   9294128
256   9218768
256   9568216
256   9767972
256   9534088
256   9081336
256   9305788
256   9191780
256   9588456
256   9569696
256   9269708
256   9533224
256   9028220
256   8744380
256   9096260
256   8858304
256   9557024
256   9503220
256   9289468
256   9103768
256   9223688
256   9434300
256   9027436
256   9448784
256   9139884
256   9727660
256   9447628
256   9320392
256   9367768
256   9284644
256   9575568
256   8820700
256   9557264
256   9514928
256   9934840
256   8995928
256   9810320
256   9107756
256   9462044
256   9973688
256   9346036
256   9540408
256   9385372
256   9317148
256   9829472
256   9847956
256   9044668
256   9521028
256   9483920
256   9480552
256   9740520
256   9388720
256   8947024
256   9245260
256   9352632
256   9361240
256   9745208
256   9252812
256   9493640
256   9615536
256   9690140
256   9459944
256   9424580
256   9495584
256   9211924
256   9371056
256   9142228
256   9685556
256   9895564
256   9617968
256   10000116
256   9356848
256   9482156
256   9000760
256   9713344
256   9650784
256   10142816
256   9548924
256   9910520
256   9467680
256   9745048
256   9817528
256   8870308
256   9608228
256   9384528
256   9729844
256   9371972
256   8991148
256   8906280
256   9521516
256   9461060
256   9610184
256   9654864
256   9321712
256   9602616
256   9317988
256   9844836
256   9347532
256   9617972
256   9520640
256   10116764
256   9163100
256   9553484
256   9557784
256   9840632
256   10260508
256   9380528
256   9451016
256   9725688
256   9605468
256   9516868
256   9264164
256   8561908
256   9541556
256   9256376
256   9759924
256   9554624
256   9826996
256   9176108
256   9779316
256   8689160
256   9347352
256   9357680
256   9003000
256   9521876
256   9295300
256   9712640
256   9313236
256   9956652
256   9640732
256   9728356
256   9073904
256   9409300
256   9119864
256   9759964
256   9160460
256   9137288
256   9626024
256   9620956
256   9291216
256   10031728
256   9552472
256   9328760
256   9030668
256   8676336
256   9200600
256   9587328
256   10007824
256   8953808
256   9081420
256   9374116
256   9275492
256   9635300
256   9793444
256   9344668
256   9209972
256   9358304
256   9504160
256   9196428
256   9300568
256   9175864
256   9858128
256   9712400
256   9511116
256   9433588
256   9799248
256   9540068
256   9479248
256   9345800
256   9249632
256   9446324
256   9632200
256   9113064
256   9260972
256   9147740
256   9410632
256   9823760
256   9822276
256   9459740
256   9383872
256   9903604
256   9433320
256   9736032
256   8746436
256   9637604
256   9607072
256   9274268
256   9041020
256   8964176
256   9357088
256   9516156
256   9736040
256   9370052
256   9232624
256   9785688
256   9444432
256   9524696
256   8919892
256   9517632
256   9191764
256   9455512
256   9656876
256   9882380
256   9478772
256   10054384
256   9754520
256   9411848
256   9207460
256   9184872
256   8913804
256   9244172
256   10032444
256   9087392
256   9670592
256   8940708
256   9558040
256   9977144
256   9351440
256   9278816
256   9470748
256   9570148
256   9260752
256   8968092
256   9282316
256   9386248
256   9382372
256   9742692
256   9139968
256   9586424
256   9528560
256   9284480
256   9475296
256   9614732
256   9277748
256   9177300
256   9747192
256   9042548
256   8977632
256   9207528
256   9268524
256   9677900
256   9630904
256   9744636
256   9299996
256   9356868
256   9385536
256   9209512
256   9233720
256   9571160
256   9428724
256   9298176
256   9356816
256   9254432
256   9305168
256   9076612
256   9685288
256   9964448
256   9493220
256   9017756
256   9092940
256   9305744
256   9903384
256   9583532
256   9650040
256   9943104
256   9538652
256   9535980
256   9357416
256   9125960
256   9687824
256   9577864
256   9666876
256   9580684
256   9151160
256   9587724
256   8954376
256   9217016
256   9676920
256   9078280
256   9723500
256   9301252
256   9767224
256   9400644
256   9467492
256   9261140
256   10041480
256   9299456
256   9364728
256   10195140
256   9114428
256   9311048
256   9558744
256   9339136
256   9248540
256   9789212
256   9469988
256   9312984
256   8676776
256   9224428
256   10018324
256   9344292
256   9537988
256   9387712
256   8803100
256   9167832
256   9738684
256   9218916
256   9100804
256   8896452
256   8773452
256   9247744
256   9866020
256   9373292
256   9877596
256   9166288
256   9061592
256   9485008
256   9382688
256   9316704
256   9562328
256   8989636
256   8599368
256   9719688
256   8781868
256   9340152
256   9639892
256   8984448
256   9491052
256   10022260
256   9735144
256   9050084
256   9186452
256   9357792
256   9300056
256   9694208
256   9471296
256   9056800
256   9557284
256   9750180
256   9623752
256   9148528
256   9379876
256   9194556
256   8963720
256   9562736
256   10511092
256   10966588
256   11084984
256   11048572
256   11412084
256   11039084
256   11139472
256   10804436
256   11306568
256   10932716
256   10858408
256   10751440
256   11489660
256   11259144
256   11005412
256   10633668
256   11271128
256   11170456
256   11079780
256   11142780
256   10609180
256   11164032
256   11336884
256   11356488

