63   1828344
189   5236536
256   6575252
256   6562796
256   6762560
4   116716
256   6779052
256   6903392
256   6383712
256   6970400
256   6626620
256   6178900
256   7072672
256   6708560
256   6743100
256   6781056
256   6878264
256   6617864
256   6606324
256   6692372
256   6916696
256   6744228
256   6657964
256   6477980
256   6778404
256   6244596
256   7307236
256   6323416
256   6726888
256   6557672
256   6490600
256   6557376
256   6724576
256   6542744
256   7119492
256   6511236
256   6530208
256   6646436
256   6897564
256   6692892
256   6804444
256   6960384
256   6761772
256   6443628
256   6481976
256   7607984
256   8476128
256   9077884
256   9094800
256   8991476
256   8997708
256   9366852
256   9415428
256   9521668
256   10002396
256   8669584
256   8649176
256   9256956
256   8955360
256   9084056
256   8828964
256   9543868
256   8794192
256   9045040
256   8595828
256   8832104
256   9001480
256   9145928
256   9106252
256   9264432
256   9249804
256   9864484
256   9447456
256   8962600
256   9382752
256   8900000
256   9205092
256   8947200
256   9187500
256   8951264
256   8554808
256   8672264
256   8957096
256   8663500
256   9500720
256   9819332
256   9214024
256   9493956
256   8966512
256   8889276
256   9242528
256   9086136
256   9277412
256   8991272
256   8838156
256   8095692
256   9115840
256   8688972
256   8778628
256   9007460
256   9528232
256   8998692
256   9181304
256   9289504
256   8748460
256   8794340
256   8931748
256   9514832
256   9342736
256   8936920
256   9277136
256   9039148
256   9018460
256   8597120
256   8794200
256   8890500
256   8841800
256   9558536
256   9200980
256   9078736
256   9191992
256   8746548
256   8565444
256   8758916
256   8988880
256   8698476
256   8801584
256   9120480
256   9106104
256   9086068
256   8983948
256   9548724
256   8666600
256   9199036
256   8914368
256   8835628
256   9156860
256   8517356
256   8821568
256   9138436
256   8916624
256   8753376
256   9152264
256   8939792
256   9745396
256   9059588
256   8968504
256   9846668
256   9203916
256   9061224
256   8696512
256   9083008
256   8910060
256   9085368
256   8814180
256   8957744
256   8539888
256   9423840
256   8540324
256   8865688
256   8459580
256   8979632
256   9154928
256   9159996
256   9064696
256   8977948
256   9143700
256   8927752
256   8814208
256   8470672
256   8877964
256   9008432
256   9183152
256   8810108
256   8871404
256   9190500
256   9184312
256   8581892
256   9084888
256   8696332
256   8703060
256   8792276
256   9054416
256   9015188
256   8922764
256   8952424
256   9502128
256   9352424
256   9130000
256   9210180
256   8867412
256   9425952
256   8995740
256   8666200
256   8616812
256   8862412
256   8620340
256   9076344
256   8714024
256   8964384
256   8975876
256   8611032
256   9114092
256   9177344
256   9231564
256   8752972
256   8958376
256   8879464
256   9505748
256   9270060
256   8653768
256   9085368
256   8831188
256   8847060
256   8876376
256   9283936
256   9121532
256   8944096
256   8979944
256   9495596
256   8531300
256   8971132
256   8784484
256   9710176
256   8258412
256   8990388
256   8151700
256   9031152
256   9013136
256   9225116
256   8946220
256   8830028
256   8683448
256   9055792
256   8940276
256   9247348
256   9183024
256   8847624
256   9010416
256   9595124
256   8958708
256   9046508
256   8840760
256   9156928
256   9294136
256   8839552
256   8884980
256   8438644
256   9155104
256   9082304
256   9052452
256   9167648
256   9256460
256   8746748
256   8950228
256   9291800
256   8812280
256   8863032
256   8958424
256   8670836
256   8599672
256   8380392
256   9031968
256   9138784
256   8857356
256   8957752
256   9079260
256   8671216
256   8987948
256   9097320
256   9122128
256   9142924
256   8573572
256   8804412
256   8871152
256   9225584
256   9358404
256   8566412
256   8860008
256   8738528
256   9072852
256   9375304
256   9296316
256   8884044
256   9283836
256   9669264
256   8714120
256   9184148
256   9398528
256   8986824
256   9040024
256   8540412
256   8753472
256   9149336
256   9155768
256   8766044
256   8549656
256   9255696
256   10535380
256   9753276
256   9172304
256   9357092
256   8857044
256   8703748
256   8672936
256   8959340
256   8704740
256   8111860
256   8287436
256   8735272
256   9578336
256   9366956
256   9182928
256   9317244
256   8996488
256   9712488
256   8788424
256   8969648
256   9323088
256   8822460
256   8980968
256   9380492
256   8869696
256   8629356
256   8770816
256   9230276
256   9446632
256   8688820
256   9101108
256   9252296
256   8845820
256   8778140
256   8736200
256   8839336
256   8703068
256   8482988
256   8732568
256   9235232
256   8965196
256   9362572
256   8832976
256   8365432
256   9279988
256   9057504
256   9074324
256   8890984
256   9537040
256   8837684
256   9220872
256   8725636
256   8972548
256   8994428
256   9038820
256   8685916
256   8529504
256   8735844
256   9197092
256   9188348
256   9568212
256   9000108
256   9085320
256   9121812
256   8964816
256   9264864
256   9080140
256   8764764
256   9439284
256   8825804
256   8620224
256   9293236
256   8924108
256   9075012
256   9248112
256   9393536
256   9374412
256   9108948
256   8412824
256   8751624
256   9019700
256   8729448
256   8580168
256   8961612
256   9078612
256   8846736
256   9111232
256   9205192
256   8676980
256   8861772
256   8677060
256   9192796
256   9463328
256   9722900
256   8618244
256   9060840
256   9150596
256   9027268
256   8798620
256   9167504
256   8918604
256   9132040
256   9060620
256   9258912
256   8739812
256   9015484
256   9410212
256   9741928
256   9344048
256   9139996
256   9287028
256   9080296
256   8694780
256   8978484
256   9138028
256   8806864
256   8832348
256   8809588
256   9026664
256   8532980
256   9014888
256   9017548
256   8715868
256   8776884
256   9221872
256   9203040
256   9394648
256   9004852
256   8808776
256   9144920
256   9106140
256   8977000
256   8734988
256   9234120
256   8900364
256   9930168
256   8836332
256   9193976
256   8742268
256   7575584
256   8948268
256   9030920
256   9157548
256   8844340
256   8639880
256   9159516
256   8454748
256   8654720
256   8883680
256   9784676
256   8956640
256   8948452
256   9005764
256   9023304
256   8266884
256   9384724
256   8773464
256   8940092
256   9389776
256   9370020
256   8871376
256   9155692
256   8969924
256   8989724
256   8918232
256   9219092
256   8629712
256   8720260
256   8436404
256   9020644
256   9652752
256   8845116
256   8573752
256   8912796
256   9192532
256   9375400
256   9093816
256   8980704
256   9428304
256   9830932
256   9375340
256   8915548
256   8410820
256   9344960
256   9085212
256   8551704
256   9257004
256   9348520
256   9317696
256   8668992
256   8913484
256   9406312
256   8845840
256   8426872
256   9399736
256   9339560
256   8885444
256   8979596
256   9920184
256   8698640
256   8668928
256   8911256
256   8635456
256   8879300
256   8977176
256   8839168
256   9216908
256   8852004
256   9168756
256   8320708
256   9629032
256   9605864
256   8972072
256   8909676
256   9071988
256   9235680
256   8806392
256   9416544
256   8936788
256   8910716
256   9012736
256   9168496
256   8495916
256   8703992
256   8861920
256   8702820
256   8446580
256   9341388
256   9037984
256   9239368
256   9184592
256   9430120
256   8923400
256   9346024
256   8500704
256   8988760
256   8737520
256   9222268
256   9130828
256   8598300
256   9005692
256   9030304
256   8493824
256   8876488
256   8742848
256   9063636
256   8980028
256   8855520
256   8604868
256   8510928
256   8865888
256   8618928
256   8996732
256   8761712
256   8929824
256   9229464
256   8605872
256   9286004
256   9077096
256   9420652
256   8970724
256   9084812
256   8997600
256   8868964
256   9199656
256   9086208
256   9037324
256   8945836
256   9221188
256   9347156
256   9591016
256   8998964
256   8867668
256   9552872
256   9476476
256   9158432
256   9000540
256   8885828
256   8675852
256   8754432
256   8606844
256   9233916
256   8722204
256   8912784
256   9301828
256   9070396
256   9307244
256   9779252
256   9082716
256   8979024
256   9529440
256   8750904
256   9375596
256   8728088
256   9248432
256   9466220
256   8932512
256   8926148
256   9045988
256   8182044
256   8774856
256   9162236
256   9232432
256   9750604
256   9121156
256   8969488
256   9232436
256   9151840
256   8825484
256   9027192
256   8868648
256   8635688
256   9209888
256   9243464
256   8541976
256   8477340
256   8203292
256   9153832
256   8754240
256   9332864
256   8499412
256   9047828
256   8835992
256   8631896
256   9388780
256   8577832
256   9433868
256   9258624
256   8804844
256   9095032
256   9162908
256   8712916
256   9162852
256   9547328
256   8992392
256   8973384
256   9208028
256   8663024
256   9757412
256   9362656
256   8651252
256   9074016
256   8921696
256   9206852
256   9173756
256   8681448
256   8985916
256   9071532
256   8582524
256   9031772
256   8660460
256   8685820
256   9413852
256   9197752
256   9347608
256   9156472
256   9159704
256   8576852
256   8721364
256   8999128
256   9197968
256   9201668
256   8822612
256   8604704
256   8635356
256   8639260
256   8800664
256   9100308
256   8526248
256   9199104
256   9593720
256   8759944
256   9125080
256   8961348
256   8867012
256   8699320
256   8995672
256   9193704
256   8936472
256   9275828
256   9134000
256   8982436
256   9148744
256   8813500
256   8850248
256   9427880
256   8716380
256   8885556
256   8346528
256   9148064
256   8782124
256   9185392
256   8444964
256   9146052
256   9193224
256   9291136
256   8388324
256   8847428
256   9043792
256   9033512
256   9589940
256   9163476
256   8894616
256   9273596
256   9096388
256   9050804
256   8581084
256   9171520
256   9212160
256   8859784
256   8567584
256   8653348
256   9039616
256   9577960
256   9006424
256   8549500
256   9129236
256   8947688
256   8984372
256   9128612
256   8866072
256   9460612
256   8782268
256   9383736
256   8697612
256   9094908
256   9201288
256   8722292
256   9143972
256   8952160
256   9042160
256   9143524
256   9035592
256   9002900
256   9166236
256   8794512
256   8737216
256   8850916
256   8820244
256   9650320
256   9750204
256   8876908
256   8725056
256   8526016
256   8667756
256   8831488
256   9146512
256   8952496
256   9248256
256   8371316
256   8854192
256   8945832
256   9219448
256   9339696
256   8723460
256   9438836
256   9190016
256   8843436
256   8934700
256   9226412
256   9054764
256   8863516
256   8688156
256   8961672
256   10186828
256   9535004
256   8594836
256   9176188
256   8679120
256   8935360
256   9214928
256   8958088
256   8946808
256   8906688
256   8362244
256   8865060
256   8848324
256   8958220
256   9250920
256   9140672
256   8564536
256   9380164
256   9127168
256   9751128
256   9126600
256   8701884
256   8468844
256   9305968
256   9246196
256   9086784
256   9173836
256   9233352
256   8777972
256   8787520
256   8887240
256   8814224
256   8950872
256   10043324
256   8753800
256   9167488
256   9499288
256   8941688
256   9094328
256   8592412
256   9206780
256   9432400
256   8885272
256   9248628
256   9049128
256   8847404
256   9090416
256   9197784
256   8606476
256   8472972
256   9781472
256   9362716
256   8601492
256   9061436
256   8712352
256   8539080
256   8978392
256   9151356
256   8545664
256   9250204
256   9124564
256   9195376
256   8971696
256   9333336
256   8347828
256   9348500
256   8887988
256   9298520
256   9115136
256   9425128
256   9134616
256   8734852
256   9340088
256   8969904
256   9200032
256   9002060
256   8625164
256   9086272
256   8719556
256   9213932
256   9169108
256   8613180
256   8936036
256   9098208
256   8905884
256   8887384
256   8888312
256   8826336
256   8839600
256   9211528
256   8672140
256   9295828
256   9210768
256   8699808
256   9538688
256   8849084
256   8855220
256   9090532
256   9289624
256   8935496
256   9189816
256   9253024
256   9269708
256   8915676
256   8837676
256   8648356
256   8898240
256   8956356
256   8973920
256   9161104
256   9034800
256   9503584
256   8918024
256   8907920
256   8918248
256   8751692
256   8770464
256   9262920
256   8946220
256   9354012
256   9115936
256   9409556
256   8827152
256   9216592
256   9138120
256   8534696
256   9406548
256   10883360
256   9764852
256   9011144
256   9104128
256   8552628
256   9094260
256   8923136
256   9096828
256   8701552
256   8987684
256   9084736
256   8378104
256   9187400
256   9483040
256   8545712
256   9422048
256   8760992
256   9168396
256   9461812
256   8857036
256   8812652
256   9131420
256   9077324
256   8617076
256   9076156
256   9389936
256   8824268
256   8606772
256   9008460
256   9384596
256   8978584
256   9344880
256   8901136
256   8878572
256   9111516
256   9115340
256   9309100
256   9580076
256   9081148
256   9180920
256   9027772
256   9582320
256   8606072
256   9055848
256   9254580
256   8998268
256   8740740
256   8233324
256   9211892
256   8751912
256   9332136
256   9085252
256   8989880
256   9099868
256   8983828
256   9049952
256   8990100
256   8920924
256   8908632
256   9182236
256   9075612
256   8685448
256   9120336
256   9134648
256   9058028
256   9125324
256   9076356
256   9350376
256   9202780
256   9134908
256   8829056
256   9228824
256   9010264
256   8756860
256   9006384
256   9238204
256   9433876
256   9530656
256   8680732
256   8887396
256   9271164
256   8911968
256   8580996
256   9457048
256   8975904
256   8791652
256   9115432
256   8759836
256   8768340
256   8780352
256   9280792
256   9000144
256   8725512
256   8753412
256   9495364
256   9029024
256   8930816
256   8643992
256   8778552
256   9590908
256   8935268
256   8743432
256   9256228
256   9032452
256   8911492
256   8712732
256   9602540
256   9204908
256   9201168
256   9443956
256   8844896
256   9188880
256   9369556
256   9241340
256   8825484
256   9338160
256   8477016
256   8868696
256   8739068
256   9328016
256   9222440
256   9010244
256   8991748
256   9060796
256   9123124
256   9350600
256   8744740
256   9329796
256   9457996
256   8962584
256   8854064
256   9186200
256   8780408
256   9182096
256   8722736
256   8343780
256   8426424
256   9147032
256   8836180
256   8789604
256   9105084
256   8861276
256   8491748
256   8970956
256   8697872
256   8645620
256   9028868
256   9121340
256   9224732
256   8974920
256   9762980
256   8767824
256   8759128
256   8814456
256   9105952
256   9259344
256   8740900
256   9018764
256   9322840
256   9003088
256   8760084
256   8994024
256   9339404
256   8769952
256   9398960
256   8835392
256   8744912
256   8980720
256   9022328
256   9039180
256   9423452
256   9202932
256   8851280
256   8763532
256   8699568
256   8668072
256   9026608
256   9004052
256   9438448
256   8902564
256   9128352
256   9096552
256   9034132
256   9092448
256   9142200
256   8752948
256   8751048
256   8737796
256   8573988
256   9246008
256   9043384
256   8956984
256   8863472
256   9352492
256   9135812
256   8979552
256   9235436
256   9054112
256   9018092
256   9442652
256   9676320
256   8956208
256   9009056
256   9231324
256   8763584
256   9104772
256   9107488
256   8707348
256   9072896
256   9483780
256   9163536
256   8666960
256   8771136
256   8837656
256   8876496
256   9444736
256   9165048
256   9341376
256   9452384
256   9057972
256   9454300
256   9324952
256   8894984
256   9137680
256   9286896
256   8818864
256   8847472
256   8857560
256   8989072
256   9005404
256   9155984
256   9010008
256   8865672
256   8991868
256   8894044
256   9330656
256   9325588
256   8804504
256   8886372
256   8366376
256   9068936
256   8768168
256   8486796
256   8967468
256   9333296
256   9115636
256   8807300
256   9106192
256   8873724
256   9078600
256   9406848
256   8644632
256   9036520
256   8930612
256   9013896
256   8867388
256   8536752
256   9182896
256   9352256
256   8895200
256   9003860
256   9000712
256   9287416
256   8597328
256   8801740
256   9191640
256   9069588
256   9473816
256   8876508
256   9496276
256   9486964
256   8951804
256   9315484
256   9117192
256   8590572
256   9130120
256   9251036
256   9077948
256   9009164
256   9191456
256   9027444
256   8559748
256   9239060
256   9289344
256   8499016
256   8701464
256   9402020
256   8679152
256   9123436
256   8864392
256   8603756
256   9183740
256   8447976
256   9017300
256   9259336
256   9437724
256   8981052
256   9062288
256   9285248
256   9077456
256   9119668
256   8455716
256   9515984
256   8755720
256   9243688
256   8695876
256   9128588
256   9207924
256   9091084
256   8791168
256   8801104
256   8469908
256   9521872
256   9272840
256   9202916
256   9046992
256   9034980
256   8726096
256   9007180
256   8944332
256   9078612
256   8607484
256   9520144
256   8685120
256   8789392
256   9156416
256   8934192
256   9101020
256   9229396
256   8943760
256   9584168
256   9302276
256   8263120
256   8786244
256   9226960
256   8554492
256   8613160
256   8344880
256   9080408
256   9385408
256   9456340
256   9124612
256   9335448
256   9197000
256   9087444
256   9016552
256   9533540
256   9044236
256   8954004
256   8760448
256   8897392
256   8665184
256   8650840
256   8546944
256   8982108
256   8960340
256   8612104
256   9110344
256   8918088
256   9144620
256   9068808
256   9493660
256   8667896
256   9023756
256   9085256
256   9258392
256   9116732
256   9481520
256   8473700
256   8895036
256   8497700
256   9349436
256   8934572
256   9151924
256   8866728
256   8777036
256   9278092
256   8967656
256   9158780
256   9378120
256   8759992
256   8338068
256   8939384
256   8689968
256   8805944
256   9404992
256   9349532
256   8966596
256   8847724
256   8667224
256   9238444
256   9367800
256   8553884
256   8864840
256   9281696
256   8853168
256   8763064
256   8872936
256   8717768
256   9415432
256   8688308
256   8921408
256   8581364
256   8917312
256   8806584
256   9346160
256   9824324
256   8734684
256   9263516
256   8966616
256   8681148
256   9214912
256   8572932
256   9028960
256   9606880
256   9089892
256   8931812
256   8859212
256   9155608
256   9247972
256   8814196
256   8738228
256   9100552
256   9291036
256   9367968
256   8882980
256   8873208
256   8971772
256   8995108
256   9428784
256   9461552
256   9030820
256   9088440
256   8713112
256   8792108
256   9061516
256   9286240
256   9610344
256   9064928
256   8745024
256   8690480
256   8704776
256   9437592
256   9136804
256   8848984
256   9142520
256   8843900
256   8927940
256   9235344
256   8952040
256   9253176
256   9146284
256   9411012
256   8869752
256   9004560
256   9474976
256   9112584
256   8908436
256   9392568
256   8774688
256   8634820
256   9067720
256   8789692
256   9246988
256   8721732
256   8908620
256   9441548
256   9054272
256   8914128
256   9025076
256   8671220
256   8905344
256   8953364
256   8814688
256   9094836
256   8528920
256   8927596
256   9305560
256   9294652
256   9012268
256   9198000
256   8763684
256   8811228
256   10095576
256   8698532
256   9459004
256   9223352
256   9266260
256   8927808
256   8710288
256   8758192
256   9092932
256   8540088
256   9001320
256   8917412
256   9170788
256   9068324
256   9302848
256   8919272
256   9039148
256   9546620
256   8904936
256   8909356
256   9101312
256   8924748
256   9173844
256   9578816
256   8589128
256   9180052
256   9101940
256   9055232
256   9117392
256   9276172
256   8740212
256   9064856
256   9541708
256   8658888
256   8893240
256   8673760
256   8720184
256   9002992
256   9165592
256   9214056
256   9296268
256   9121884
256   9202132
256   9065584
256   8719252
256   9081104
256   8589728
256   8700132
256   9321232
256   9434688
256   8560700
256   9258468
256   8845400
256   9013940
256   9056960
256   9114380
256   9029364
256   9064032
256   9062544
256   8942740
256   8822832
256   8591704
256   8691180
256   8834536
256   8966792
256   8923020
256   9282000
256   8751808
256   8910480
256   8627008
256   9234852
256   9199012
256   8964628
256   9386148
256   9029056
256   8815572
256   8651292
256   9045160
256   9307028
256   8978612
256   8891180
256   9038152
256   8841832
256   9222828
256   9299620
256   8809336
256   8943132
256   8949568
256   9105792
256   8883044
256   9017832
256   8879488
256   9116700
256   9013808
256   9051452
256   9308328
256   8734412
256   9391264
256   9218760
256   8935980
256   9033188
256   8791408
256   8624756
256   9155276
256   8867700
256   9183128
256   8856420
256   9005020
256   9649272
256   8908036
256   9424932
256   8733052
256   8674804
256   9378696
256   8656908
256   8935868
256   9003192
256   9132496
256   8929412
256   9155964
256   8906612
256   8815768
256   9312400
256   9305680
256   8747888
256   8715844
256   9932676
256   9121060
256   9160404
256   8644380
256   8988632
256   9233680
256   8797060
256   9205812
256   9012208
256   9161628
256   9007092
256   9256756
256   8957152
256   9107340
256   9186236
256   8828040
256   9308608
256   8340160
256   9254644
256   9342704
256   9029380
256   9485056
256   9337164
256   8953984
256   9046928
256   9297880
256   8707140
256   8680020
256   9167656
256   8633560
256   9260152
256   9142392
256   9174012
256   9002072
256   9049860
256   8655780
256   9117908
256   9076848
256   9042268
256   9518680
256   9269816
256   8625956
256   8985684
256   9266008
256   8969812
256   8908704
256   9089316
256   9171576
256   9290528
256   8802492
256   8867916
256   9230688
256   8976384
256   9145144
256   8847476
256   8769180
256   9183736
256   9152820
256   8832144
256   9116208
256   9134500
256   8827920
256   9434204
256   8919940
256   9063232
256   8723352
256   8917196
256   9323592
256   8662084
256   9749676
256   8732048
256   9081776
256   8664120
256   8940340
256   9152572
256   9306756
256   8521496
256   9525044
256   9235124
256   9282764
256   8627236
256   8269876
256   9104148
256   8560876
256   9520120
256   9606072
256   9148480
256   8930308
256   8992152
256   8844720
256   9095260
256   9322712
256   8956512
256   8911820
256   9516728
256   8795080
256   8269460
256   8341920
256   8949072
256   8750552
256   8437316
256   9196272
256   8733696
256   9089460
256   9156804
256   9303904
256   8913556
256   8709320
256   8666112
256   9030724
256   8952476
256   8791328
256   9237524
256   8905200
256   8669872
256   9068144
256   9352292
256   9177740
256   8847644
256   8885924
256   8605248
256   8906780
256   8546312
256   8968132
256   8972644
256   8969164
256   8894104
256   8538260
256   9079240
256   9568716
256   9190276
256   9459140
256   8534888
256   8935720
256   9352820
256   8439376
256   8754008
256   8892196
256   8735420
256   8947204
256   8979204
256   8950772
256   9144832
256   8458180
256   9013512
256   8813548
256   8408176
256   9381516
256   9159732
256   8915236
256   9293284
256   9213752
256   9373552
256   8953624
256   8705412
256   9249908
256   9222584
256   9150888
256   8686748
256   8919632
256   9090908
256   8746200
256   8642060
256   8768468
256   9375540
256   9154472
256   8205084
256   9348272
256   9025784
256   9160964
256   8993124
256   9132896
256   8487812
256   8718544
256   8898004
256   9006436
256   8704812
256   8869384
256   9460404
256   8756176
256   9280472
256   9093788
256   8636156
256   9474968
256   8717992
256   9147400
256   9252880
256   8987744
256   8865148
256   8767584
256   8953340
256   9318156
256   9249408
256   9463392
256   8436048
256   9024516
256   9239016
256   8908428
256   9232800
256   8898012
256   9018676
256   8787928
256   8839200
256   8949996
256   8679456
256   8741556
256   9101916
256   9131584
256   9426628
256   8969772
256   9340808
256   8619032
256   9353600
256   9695376
256   8880448
256   9156376
256   8794640
256   8431104
256   8817716
256   9421760
256   9256792
256   9186732
256   8671628
256   8715860
256   9055648
256   9012356
256   8844108
256   9009980
256   9244268
256   8939928
256   8932108
256   8912704
256   8981000
256   8789500
256   9137628
256   9164940
256   8787304
256   9298280
256   8793000
256   9215204
256   8672400
256   8938220
256   8850376
256   9010388
256   9313668
256   9133980
256   9615704
256   9176012
256   8948972
256   9145864
256   9038300
256   9355012
256   9249948
256   8948000
256   8923636
256   8630032
256   9382092
256   8733856
256   8523588
256   8708236
256   9296572
256   8980700
256   8844668
256   9193932
256   9009224
256   9246272
256   9262100
256   8912516
256   9198512
256   9494160
256   8883588
256   9094208
256   8961360
256   9099740
256   8736676
256   9128332
256   8883552
256   8850424
256   9138532
256   8795140
256   9589932
256   8807224
256   9450184
256   8891324
256   9242288
256   9183860
256   8915776
256   9160728
256   9417780
256   8795036
256   9080232
256   8961784
256   9026516
256   8839160
256   8971612
256   9022368
256   8945828
256   9099260
256   8785228
256   8997356
256   8815736
256   8732872
256   8821732
256   8469860
256   8946588
256   8525132
256   9007140
256   8940488
256   9209280
256   8776116
256   9314988
256   8862720
256   9407704
256   8893272
256   8555100
256   8882836
256   8941568
256   8780336
256   9266384
256   9480528
256   8989644
256   8695224
256   9606516
256   9279972
256   8483600
256   9298176
256   8974984
256   8972180
256   9420952
256   9164400
256   8765148
256   8999852
256   9242944
256   8727312
256   8765716
256   9189832
256   9323140
256   9006744
256   8797952
256   9060008
256   8952348
256   9092464
256   9214940
256   9192536
256   8778460
256   8899228
256   9148856
256   9096748
256   9159704
256   9278864
256   8911612
256   9045556
256   9132488
256   9360064
256   9284504
256   8724984
256   9323728
256   9095728
256   9326164
256   9062940
256   9424572
256   8622152
256   8848412
256   9130384
256   8915372
256   8723968
256   8940232
256   8853448
256   8893912
256   9338576
256   8889052
256   8734192
256   9333452
256   8737788
256   9148072
256   9255952
256   9039660
256   8710792
256   9025544
256   8903880
256   8532996
256   9521804
256   9438292
256   9304168
256   8767676
256   8986280
256   9098876
256   9574332
256   8981500
256   9083828
256   9112860
256   9038760
256   8924908
256   8699920
256   9667752
256   8898564
256   8781980
256   9003856
256   9194244
256   9023812
256   9582464
256   9399920
256   8959912
256   8536708
256   8716248
256   9259492
256   9502724
256   9454076
256   8791948
256   8681828
256   9535648
256   9051652
256   9433016
256   9082928
256   8868944
256   9146688
256   8815608
256   8743380
256   9175652
256   8763832
256   8511260
256   8678448
256   8896368
256   8503560
256   9057048
256   8995016
256   8962672
256   8926852
256   9212252
256   9084444
256   9065748
256   8696716
256   8851704
256   9018004
256   9672284
256   8894644
256   9073476
256   8931528
256   8769032
256   8593504
256   8680904
256   9477756
256   8730880
256   8940872
256   8726932
256   8950592
256   9093516
256   9635544
256   9384040
256   9206940
256   8877960
256   8772512
256   8711816
256   8998704
256   9143820
256   9069872
256   9275344
256   9052740
256   9128224
256   9398440
256   9317300
256   9463620
256   10446964
256   9680372
256   8921076
256   8945784
256   8967872
256   8694324
256   9047884
256   8980612
256   9199476
256   9392464
256   8919856
256   9096728
256   8587472
256   8844856
256   9116124
256   8887896
256   9112316
256   9177784
256   9159756
256   9113196
256   8691920
256   8872468
256   9036200
256   9058928
256   9032988
256   8699232
256   9276736
256   9114620
256   9158560
256   9141532
256   8804380
256   8699468
256   8737656
256   8959164
256   9241208
256   9291492
256   9241160
256   8900104
256   9229660
256   9408696
256   8973348
256   9095060
256   8882420
256   8996956
256   8722788
256   9827680
256   9263040
256   8970504
256   9212128
256   8852512
256   8974312
256   8948028
256   9040268
256   8956084
256   7551904
256   8823228
256   9019472
256   8979084
256   8330048
256   9494748
256   9091092
256   8923252
256   8973584
256   8740912
256   8624780
256   9073764
256   8953864
256   8608320
256   9029588
256   9279784
256   8888920
256   8826476
256   8927332
256   9018160
256   9684760
256   10941864
256   9180352
256   8824376
256   9260120
256   8795564
256   8572436
256   9178596
256   9067168
256   9071892
256   9203044
256   9348388
256   8622012
256   9012492
256   9384136
256   8778524
256   9097168
256   9399836
256   9742128
256   8364024
256   9358420
256   9131544
256   8905872
256   8678376
256   9288352
256   8632588
256   8770760
256   9178888
256   8616508
256   8865240
256   9036756
256   8636852
256   9041084
256   9282128
256   9101900
256   9240856
256   8272268
256   8721792
256   9103960
256   9097768
256   9030100
256   8586072
256   9044500
256   8915264
256   8968160
256   8865768
256   8739496
256   9213040
256   9049820
256   9024756
256   9178028
256   8850524
256   9197660
256   9188180
256   9184048
256   9197368
256   8832556
256   8690592
256   9363936
256   8760912
256   8841716
256   9279176
256   9050708
256   8924920
256   9265368
256   9218196
256   8926312
256   9465244
256   8602072
256   8690788
256   9024376
256   9553232
256   8791808
256   9338172
256   8860984
256   8976764
256   8729676
256   8575092
256   8421428
256   9147612
256   8930308
256   8890236
256   8964880
256   9234456
256   8726872
256   9210912
256   9421328
256   8955336
256   8899068
256   9503056
256   8665372
256   9190436
256   8915004
256   8881620
256   8559604
256   9460360
256   9162860
256   9344672
256   8830516
256   8948604
256   8628744
256   9166040
256   8540084
256   8389212
256   9114636
256   9201052
256   9161080
256   9042604
256   9018704
256   8726932
256   8978540
256   9429124
256   8706804
256   9333780
256   9109656
256   9283532
256   8915096
256   8934484
256   8703576
256   8960596
256   9084924
256   8970012
256   8871644
256   8514608
256   8854708
256   8839268
256   8516708
256   9515584
256   8419688
256   8612460
256   9085732
256   8963116
256   8509960
256   8703416
256   8803888
256   8462748
256   8858756
256   9307944
256   8840440
256   9155096
256   9144432
256   9451232
256   8856216
256   8914724
256   9074764
256   9301380
256   9129004
256   9162580
256   9146396
256   8903440
256   9216536
256   9005140
256   9406808
256   9880280
256   8869416
256   9046596
256   8658140
256   8734708
256   8843356
256   8872644
256   9409252
256   8880952
256   9602724
256   9103936
256   8755716
256   9177036
256   8984396
256   8911676
256   9238004
256   8904504
256   8736248
256   8779404
256   8896880
256   8838912
256   9185204
256   8951084
256   8702636
256   8703656
256   9156436
256   8973968
256   9176556
256   9426836
256   9398240
256   9115160
256   8790952
256   8914040
256   9304804
256   8583368
256   8985448
256   8684496
256   8742568
256   9057644
256   8874412
256   8915832
256   9134308
256   8663964
256   8691792
256   8858472
256   9167852
256   9479740
256   8804960
256   8912596
256   8613060
256   8883648
256   8783636
256   9389208
256   8257108
256   8861752
256   8824648
256   9131540
256   8966856
256   9269484
256   9046588
256   8606004
256   8764732
256   9021596
256   9518484
256   8561192
256   8965164
256   8944956
256   9194824
256   8442856
256   8711368
256   8950764
256   8944060
256   9043448
256   8904176
256   8797464
256   9668212
256   9755108
256   8824244
256   9231028
256   9061376
256   9135632
256   8772160
256   8533328
256   9147996
256   9150964
256   8835440
256   8891152
256   9095452
256   9161144
256   8915796
256   8846992
256   8737628
256   9611620
256   8906560
256   9143924
256   8676784
256   9127776
256   9134224
256   8524404
256   9126680
256   8786436
256   9256256
256   8734292
256   8948144
256   8676072
256   8753700
256   9038328
256   8677756
256   8846912
256   9422972
256   8586940
256   9217908
256   9388560
256   8913832
256   9451956
256   9170108
256   9044556
256   8621120
256   8625716
256   9554136
256   9512132
256   8906128
256   9235976
256   9011552
256   8990268
256   9088364
256   9090412
256   8760292
256   8910260
256   8619832
256   9427272
256   8849328
256   9116092
256   8989572
256   9043408
256   9377408
256   10087372
256   9327740
256   9553696
256   8991324
256   9244544
256   9298904
256   9046348
256   8660588
256   8988692
256   9051000
256   8696396
256   8717560
256   9169052
256   8883684
256   8692324
256   8450284
256   9102620
256   8796880
256   8865536
256   9506384
256   8851600
256   8895708
256   9182780
256   8648072
256   8631976
256   8845832
256   9746676
256   9354728
256   9237964
256   9152288
256   8884268
256   9122936
256   8251084
256   8636480
256   8866064
256   8807216
256   8894868
256   9137888
256   8715356
256   9212280
256   9194200
256   8948904
256   8854720
256   8632176
256   9653684
256   8915624
256   8744128
256   9494492
256   8875248
256   8823428
256   8753532
256   8715172
256   9205720
256   8863112
256   8795208
256   9117236
256   9225376
256   9356128
256   8915332
256   8756632
256   8657992
256   9023548
256   8919612
256   9088580
256   8886672
256   9084448
256   8578448
256   9146788
256   9154328
256   9459668
256   8631628
256   9271988
256   9060816
256   9280756
256   9028016
256   9373700
256   8841348
256   8929684
256   9326272
256   8909432
256   8637808
256   8813104
256   9168208
256   9166812
256   9173724
256   9542292
256   8949656
256   8959904
256   9306564
256   9077916
256   9383604
256   9775708
256   8857540
256   9096096
256   9164860
256   8786292
256   8906560
256   8906604
256   8681952
256   8839356
256   9208408
256   8895508
256   9237188
256   8659060
256   8845620
256   9038800
256   8987968
256   9057416
256   8576904
256   9688364
256   9105808
256   9456188
256   9377460
256   8595916
256   8565344
256   9054364
256   9252996
256   9114612
256   9084560
256   9189480
256   8841960
256   9072904
256   9490272
256   9024484
256   8864784
256   9353404
256   8892396
256   8816192
256   9150608
256   9154828
256   9099200
256   9248076
256   9166684
256   9208836
256   8611292
256   8673668
256   9453472
256   9127700
256   8383560
256   9177956
256   9027976
256   9251176
256   8953968
256   9564876
256   8685532
256   9506776
256   9237896
256   8718316
256   8795192
256   8891260
256   9206440
256   8900528
256   9063080
256   8965368
256   8944664
256   8949756
256   9120372
256   9115220
256   8937092
256   9114120
256   8657848
256   8584220
256   8971552
256   9338568
256   8907836
256   9473840
256   9584916
256   9187452
256   9214876
256   9351356
256   8756408
256   8932100
256   8932408
256   8602124
256   8581112
256   8678168
256   8957476
256   9126732
256   9569024
256   8876092
256   8814260
256   9794748
256   8717584
256   9075136
256   9078140
256   8904208
256   8992356
256   9094644
256   9051532
256   9232300
256   9292160
256   9306060
256   8885980
256   9486112
256   8995008
256   8646452
256   9067384
256   9088308
256   9003036
256   9228720
256   9137132
256   9112020
256   9136660
256   8844452
256   9163360
256   9060376
256   9130852
256   8506612
256   9037208
256   9189524
256   8676004
256   8499136
256   9350956
256   8946628
256   8890172
256   8938940
256   9035280
256   9223172
256   9406488
256   8889284
256   9282900
256   8764576
256   9217244
256   9390084
256   8748804
256   8949952
256   9130880
256   8647456
256   8730972
256   9011436
256   9179068
256   9117940
256   8701676
256   9021496
256   8961888
256   9027852
256   8729980
256   9160728
256   8799456
256   9292116
256   8884520
256   8727040
256   9214648
256   9144112
256   8753136
256   9082968
256   8895852
256   9222320
256   8867952
256   8975500
256   9083540
256   9042092
256   8634624
256   8633664
256   9488584
256   9252312
256   9143560
256   9583432
256   8742072
256   8844652
256   9333160
256   9264148
256   9118220
256   9286552
256   8869432
256   9041088
256   8957768
256   9204548
256   9045432
256   9393544
256   8146084
256   8958848
256   8807732
256   9034568
256   9000380
256   9210736
256   9167076
256   9158612
256   8842064
256   9223700
256   8951664
256   9342768
256   8774608
256   8520888
256   9184584
256   9227220
256   8860344
256   9181492
256   8513068
256   9297128
256   8791288
256   8924972
256   9453936
256   9140176
256   8729848
256   9060208
256   8750412
256   8798024
256   8793328
256   9303288
256   9301644
256   8874488
256   9238352
256   9070700
256   9298200
256   8887876
256   8958932
256   9468616
256   9217084
256   9051528
256   8850844
256   8766268
256   8455196
256   8668644
256   9217704
256   9287744
256   9316328
256   8817992
256   9140824
256   8828360
256   8799916
256   8361856
256   8979400
256   9020636
256   8987104
256   9356264
256   8736356
256   9060016
256   8692472
256   8791052
256   9000572
256   9212460
256   9038384
256   9018404
256   9276216
256   8696860
256   8853996
256   8728640
256   8598140
256   9469772
256   8650560
256   8762064
256   8993524
256   8770936
256   9017576
256   8857488
256   9217576
256   9164772
256   9670824
256   8795252
256   8906832
256   8746940
256   9032704
256   9212968
256   8925948
256   8983780
256   8523688
256   9044504
256   8682836
256   9729072
256   8818892
256   8565132
256   8734944
256   9016948
256   9255968
256   9002568
256   8734056
256   9111108
256   8957620
256   8831164
256   9312904
256   8865200
256   8885996
256   8854420
256   8818176
256   8932120
256   8863316
256   8973884
256   9416900
256   8298968
256   9330384
256   8870604
256   9618140
256   9214640
256   9010780
256   8849684
256   9081880
256   9022324
256   8825328
256   8485496
256   8856448
256   9240660
256   9116144
256   9468376
256   8984244
256   9372892
256   9279696
256   8869500
256   8944976
256   9035008
256   9211560
256   9019504
256   8672692
256   9149860
256   8678636
256   9245840
256   8768340
256   8935140
256   9154776
256   9006424
256   9279080
256   8887560
256   9003656
256   8635964
256   9185244
256   8729108
256   9353768
256   8912796
256   8951944
256   8846236
256   8792948
256   8922060
256   9186472
256   9294512
256   9459232
256   8829204
256   8598396
256   9334720
256   8748552
256   8767620
256   8772560
256   9387584
256   9355444
256   9341552
256   8906668
256   9168048
256   8593008
256   9120252
256   9199004
256   9380560
256   9022180
256   8964928
256   9291356
256   9021744
256   9262184
256   8706272
256   9254592
256   8752668
256   8853608
256   8320216
256   9461936
256   9423764
256   9140468
256   9463892
256   8639820
256   8786304
256   8470964
256   9360724
256   8683928
256   9154004
256   8498908
256   8992464
256   9234916
256   9148404
256   8944624
256   8730188
256   8749928
256   8971224
256   9187680
256   8845128
256   8823268
256   9159064
256   9069196
256   9682492
256   9168668
256   8843768
256   8646072
256   9256600
256   8548628
256   9085016
256   8992728
256   8847012
256   9536204
256   9359992
256   8759400
256   9461440
256   8938368
256   8738924
256   8844736
256   9549284
256   8833244
256   9055112
256   9378304
256   8918988
256   8882656
256   9236624
256   9863312
256   8797688
256   9171204
256   9019676
256   9386644
256   8713268
256   8730852
256   8952964
256   9111656
256   9065072
256   8821516
256   9431816
256   9788496
256   8523280
256   8876268
256   8945240
256   9370856
256   9040548
256   9905804
256   9174880
256   8920776
256   8934244
256   8946220
256   9133768
256   8346188
256   9229208
256   8600504
256   8996868
256   9028452
256   8895516
256   9002192
256   8650248
256   9132324
256   8738888
256   9297408
256   8634812
256   8532072
256   9302084
256   8734916
256   9118108
256   9285744
256   8905040
256   9008440
256   8465380
256   9215844
256   9030612
256   8675672
256   8800040
256   8944464
256   9056592
256   9099324
256   8620656
256   8978008
256   9081832
256   8984600
256   9371776
256   9009196
256   9135000
256   9473992
256   9147492
256   8962048
256   8755948
256   8632496
256   8753800
256   9288284
256   8809376
256   8960840
256   9303660
256   9122532
256   8888780
256   9109888
256   9359184
256   8895304
256   9202964
256   8651752
256   8722636
256   8798776
256   9260112
256   9146428
256   9186132
256   8966552
256   9206792
256   8784828
256   9152700
256   8504948
256   8950936
256   8895228
256   9486068
256   8518840
256   9021844
256   9447940
256   8889784
256   9025776
256   9043024
256   9335116
256   9216816
256   9088696
256   8922888
256   8710936
256   8854700
256   9062064
256   8841844
256   8936188
256   8956496
256   8395888
256   8944228
256   8147728
256   8989540
256   8874788
256   8859520
256   8874476
256   8796980
256   9061368
256   8889804
256   8668168
256   9177188
256   8868416
256   9080332
256   9084452
256   9398224
256   9327364
256   8886168
256   8856316
256   8822720
256   8761464
256   8968360
256   9074924
256   9048168
256   8905372
256   8799028
256   8717004
256   8856724
256   9105968
256   9112640
256   8893216
256   9472420
256   8873576
256   8441204
256   9697236
256   9093716
256   8953444
256   9244540
256   8997484
256   9285924
256   9045444
256   8987672
256   8850316
256   9390716
256   9077428
256   8777440
256   8928112
256   9539848
256   8725344
256   9025148
256   9331760
256   8980660
256   9156228
256   9018180
256   8832692
256   8975320
256   9241812
256   8574856
256   8826204
256   9138668
256   8613692
256   9123484
256   8836960
256   9075420
256   9079540
256   8865760
256   9110996
256   8587440
256   9233776
256   9226488
256   8912596
256   9317564
256   9319888
256   9405344
256   9461856
256   9013044
256   8603756
256   9235384
256   8906520
256   9217692
256   9597072
256   9050112
256   8729244
256   8948144
256   8994848
256   8455756
256   9033632
256   9201496
256   8917132
256   9145236
256   9111612
256   8078052
256   8803376
256   9062024
256   9784264
256   9069284
256   9233044
256   9021464
256   9123020
256   8427868
256   9229288
256   8906420
256   8873572
256   9458472
256   8863244
256   9254452
256   9037368
256   8703124
256   8954052
256   8835204
256   9451696
256   8662932
256   9295104
256   9089468
256   9557880
256   8566572
256   8994536
256   8998116
256   9071976
256   8839592
256   8877200
256   9219876
256   9672396
256   8372596
256   8816820
256   9432496
256   8789776
256   9380908
256   9002128
256   8849632
256   9345700
256   9074760
256   9153448
256   8726612
256   9186432
256   8553428
256   8662768
256   9011376
256   9349240
256   8823196
256   8938144
256   9579092
256   9206572
256   8959692
256   8960568
256   9004204
256   8867552
256   9400576
256   9694416
256   9069628
256   9081152
256   9034176
256   9071316
256   9618052
256   8947420
256   8932816
256   9509260
256   8946196
256   8867732
256   9235664
256   8936912
256   9021532
256   9009192
256   8902168
256   8895076
256   9403864
256   9044708
256   8892228
256   9360548
256   9335872
256   9522848
256   9020864
256   9004484
256   8580924
256   8869056
256   9146504
256   8996792
256   8866812
256   9394520
256   8967792
256   9000524
256   9007404
256   8816644
256   9238236
256   9167540
256   9122064
256   9162124
256   8714144
256   8835120
256   8830200
256   9264832
256   8965752
256   9153644
256   9077376
256   9060884
256   8905024
256   9078588
256   9259104
256   9809532
256   9336264
256   8992676
256   9022984
256   9032504
256   8854368
256   8666864
256   9217592
256   9286392
256   8686324
256   9387012
256   8766276
256   8905384
256   9117224
256   9384544
256   9299072
256   9546004
256   9543228
256   9098508
256   9008148
256   9506012
256   9150880
256   9016200
256   9013636
256   8829800
256   8820496
256   9414140
256   8828776
256   9103932
256   8922272
256   9682484
256   9032284
256   9824480
256   9815756
256   9166580
256   8888764
256   9283416
256   8870364
256   9301312
256   9033596
256   8752464
256   8889692
256   9085292
256   8383584
256   9049324
256   8854824
256   9319812
256   9007392
256   8842816
256   9381340
256   9316240
256   9030536
256   9049376
256   8556648
256   8733876
256   8638516
256   8506876
256   9215496
256   8911384
256   9503896
256   9060344
256   9619856
256   8844996
256   9220228
256   9095712
256   8811124
256   8960084
256   9356232
256   8505696
256   8663252
256   9175032
256   9330924
256   9385004
256   8894844
256   9317292
256   9270616
256   8850956
256   8829428
256   8674472
256   8952372
256   9789232
256   8705040
256   9293788
256   9064056
256   8916092
256   9327472
256   9167820
256   9015708
256   9211956
256   8762108
256   8911672
256   8838592
256   9427680
256   8760452
256   8918008
256   8979212
256   9214164
256   9050584
256   9428680
256   9086576
256   9011992
256   9092780
256   8975876
256   8771508
256   9042044
256   9339168
256   8925792
256   8889360
256   9508200
256   8759860
256   8589548
256   9339656
256   8598464
256   9225460
256   8942772
256   9000396
256   9286732
256   9402224
256   9069836
256   8753448
256   9063900
256   9122724
256   8899032
256   9055180
256   9258328
256   9280308
256   9118948
256   9219708
256   8527616
256   9371276
256   8960196
256   9019108
256   9197960
256   9012232
256   8620772
256   9512648
256   8971408
256   8843728
256   9227876
256   9425372
256   8631072
256   9271584
256   8842540
256   9044484
256   8654740
256   9251448
256   8860452
256   9152320
256   9132168
256   9837448
256   8723372
256   9237916
256   9472092
256   9032248
256   8932308
256   9054220
256   8708312
256   9693084
256   9173244
256   8875844
256   8817300
256   8937100
256   9059668
256   9033988
256   9415200
256   8890196
256   9145004
256   10356776
256   9108096
256   9030684
256   9264584
256   9005144
256   9091136
256   8872016
256   8720520
256   9010576
256   9018780
256   9536216
256   8754868
256   8435628
256   9545216
256   8898212
256   8724816
256   9474876
256   9505324
256   8501452
256   9260812
256   8938436
256   9294700
256   8985760
256   8545596
256   9060068
256   9203944
256   8983492
256   9232852
256   9339448
256   9256764
256   9325148
256   9028740
256   9566356
256   9240228
256   9200912
256   8752324
256   9042828
256   8725612
256   9169968
256   8801616
256   9248812
256   9063668
256   9003460
256   9171468
256   8652272
256   9033744
256   9474484
256   8461480
256   9154748
256   8827232
256   9279448
256   9073416
256   8587856
256   8755796
256   8891908
256   8546888
256   8832872
256   8940776
256   8513844
256   9426904
256   8671740
256   8997624
256   8958864
256   8984408
256   8648300
256   9613416
256   8832168
256   8977328
256   8984012
256   9156396
256   8924004
256   8869248
256   9329164
256   8932992
256   9313116
256   9516004
256   8583312
256   9272668
256   9030696
256   9184080
256   8952056
256   9275944
256   9576228
256   9194360
256   8628324
256   9017708
256   8975288
256   8613292
256   8835496
256   9085412
256   9255204
256   9222168
256   8706244
256   9001064
256   9012720
256   9009408
256   8964416
256   8964100
256   8610260
256   9258640
256   9076824
256   8755220
256   9003164
256   8733024
256   9019548
256   8659960
256   9050736
256   9004912
256   9150840
256   9146192
256   8979224
256   9183532
256   8744096
256   8992352
256   9170772
256   9373808
256   8956164
256   9033984
256   9009928
256   9078480
256   9055980
256   9356648
256   9444200
256   8826908
256   9604604
256   9167116
256   8875024
256   8919820
256   9089752
256   9340732
256   8902524
256   8923284
256   9367440
256   8848584
256   8763952
256   9253124
256   8954812
256   9118316
256   9131060
256   8753408
256   9369784
256   8582148
256   8893888
256   8878088
256   9788344
256   8987296
256   8909840
256   8721056
256   8282756
256   9880680
256   9440540
256   9380984
256   8834588
256   8720772
256   9191312
256   9119844
256   8971264
256   8904544
256   8890556
256   9088308
256   8737396
256   8915012
256   9054596
256   8531616
256   9005736
256   8806320
256   10235648
256   9130092
256   9319544
256   9349604
256   8950496
256   8600208
256   9193384
256   8633956
256   8787632
256   8824456
256   9190536
256   9039752
256   8729068
256   9145988
256   9000180
256   8776972
256   8578660
256   8761696
256   8847784
256   8931492
256   9140872
256   9055296
256   9012404
256   8969736
256   8868636
256   9164396
256   8542640
256   9095284
256   8772740
256   9297960
256   9415500
256   9096652
256   8622692
256   9207776
256   9117720
256   9098664
256   8802992
256   9249268
256   8901804
256   9221348
256   9120948
256   8830852
256   9093556
256   8840644
256   9151472
256   8920224
256   8762724
256   9287080
256   9306600
256   9332920
256   8965008
256   9091216
256   9109048
256   9067520
256   8613632
256   8673980
256   9497076
256   8809412
256   9162284
256   9013524
256   8989324
256   8986804
256   9363000
256   8606980
256   8417464
256   8787800
256   8434804
256   8813508
256   9298676
256   9587064
256   9141476
256   8989504
256   9119568
256   8724768
256   9101388
256   9057148
256   9198992
256   8973064
256   9456580
256   8644156
256   9019240
256   8752888
256   9227968
256   8616148
256   9086404
256   9014916
256   8784848
256   8842904
256   9045156
256   9268620
256   9202704
256   8891164
256   8795300
256   8983616
256   9125476
256   8833560
256   8821744
256   8641488
256   9076972
256   8866936
256   9216604
256   8672988
256   9361868
256   9525216
256   8639984
256   8626896
256   9665172
256   9004716
256   9054812
256   9055224
256   8987036
256   9180604
256   9493488
256   9248360
256   8987748
256   8456164
256   8902072
256   9191712
256   8851228
256   8953600
256   9232944
256   8828624
256   9356652
256   8915216
256   9022828
256   8890520
256   8691628
256   9375576
256   8503184
256   9160028
256   8370300
256   8957848
256   8922376
256   8848776
256   8876040
256   9583104
256   9033992
256   8826732
256   8865192
256   9178376
256   9155680
256   9053204
256   9449464
256   8655412
256   9487444
256   8620812
256   9695372
256   9205244
256   9178860
256   8645884
256   8905412
256   9241448
256   8978096
256   8919052
256   8799000
256   9304920
256   9464700
256   8456444
256   9058332
256   8785212
256   8998616
256   9257572
256   9442992
256   9017536
256   8907580
256   8935228
256   8815148
256   8878312
256   9365540
256   9038248
256   9103240
256   9512080
256   9245756
256   9338864
256   8970464
256   9147980
256   8384816
256   8819916
256   8742716
256   9285320
256   9029796
256   9178480
256   9001976
256   8727188
256   8567108
256   9012392
256   8916032
256   9029300
256   9117008
256   8618280
256   9070088
256   9171188
256   8623528
256   8368440
256   9047888
256   9076188
256   9006184
256   8728136
256   9259096
256   9098436
256   9081792
256   9500884
256   8952540
256   8965324
256   8670560
256   9044092
256   8932528
256   8774620
256   8890000
256   8927396
256   8790464
256   8907168
256   8635400
256   8938048
256   9116864
256   8961980
256   8725504
256   9084128
256   8390324
256   8344276
256   9094704
256   8651680
256   9030792
256   9248784
256   9292460
256   9107408
256   9822208
256   9055040
256   8934888
256   9410496
256   8892928
256   8860140
256   9105568
256   8941944
256   9085192
256   9005796
256   8955160
256   9259184
256   8377468
256   8849056
256   8864380
256   9255540
256   8972000
256   9258940
256   8977852
256   9119204
256   8580504
256   8993564
256   8744160
256   8693536
256   8830012
256   9753676
256   8497024
256   8624440
256   9169072
256   9286524
256   9040424
256   8591876
256   9024596
256   8988344
256   9135020
256   8636404
256   9011832
256   8229480
256   9503880
256   9170580
256   9411948
256   8726644
256   8643732
256   9015620
256   9266016
256   9313196
256   8931128
256   8683556
256   9089304
256   9356652
256   9196448
256   9069636
256   8558628
256   8415132
256   8999120
256   8696704
256   9092920
256   8915768
256   9300976
256   9007460
256   8664060
256   9238052
256   9646448
256   9080880
256   9156808
256   8624720
256   8833264
256   9119644
256   9163240
256   9453812
256   8815820
256   8854780
256   9113024
256   9363272
256   9002008
256   8969844
256   8655812
256   9175204
256   9096240
256   8411584
256   9233572
256   9650156
256   9062260
256   8595124
256   8741596
256   9360336
256   8819524
256   8953112
256   9746648
256   8738148
256   9478292
256   8844300
256   8995904
256   9146480
256   8781136
256   9094432
256   9252564
256   8592084
256   9093912
256   8864976
256   9297820
256   8989500
256   8678416
256   9016664
256   8904064
256   8973432
256   8910268
256   9536168
256   9064796
256   8870500
256   9970452
256   8866892
256   8615736
256   8939644
256   8789892
256   9035296
256   8977016
256   8971796
256   9612616
256   8987352
256   9171644
256   9174692
256   8707172
256   9113808
256   9304492
256   8769748
256   8524660
256   9136068
256   8519056
256   9220000
256   9266228
256   9058016
256   9514452
256   8958952
256   9100508
256   9343156
256   9287048
256   9093408
256   8840308
256   8993156
256   8920384
256   9602152
256   8668516
256   8875432
256   9186388
256   9232012
256   9345788
256   9216648
256   8799392
256   8943452
256   8886540
256   9136660
256   8911016
256   8977268
256   8782188
256   8765244
256   9807096
256   9107424
256   8825096
256   9078204
256   9063068
256   8978212
256   9124660
256   9171044
256   8901428
256   9583956
256   9325752
256   9275940
256   9053788
256   9319724
256   9032296
256   8895316
256   8855372
256   8625764
256   9016012
256   9050112
256   9054220
256   9014348
256   8968812
256   9217604
256   8871360
256   9186332
256   9228524
256   9094404
256   9304128
256   9059252
256   9394116
256   8671872
256   8871784
256   8923712
256   9103328
256   9318648
256   9120228
256   9152996
256   9120336
256   9288576
256   8858588
256   9076204
256   8583536
256   9086280
256   8676944
256   9021584
256   8730540
256   9113540
256   8486448
256   8983988
256   8982480
256   8863924
256   8935292
256   8951088
256   9486544
256   8756316
256   8641424
256   9277832
256   9137760
256   9069120
256   9186752
256   8976668
256   9153756
256   9581392
256   9209436
256   8935672
256   9056024
256   8695808
256   9033120
256   9100872
256   9429916
256   8879112
256   9480932
256   8858504
256   9022396
256   9394608
256   8907808
256   9229564
256   8991916
256   9175060
256   9098160
256   9466496
256   9119788
256   8709992
256   9241852
256   9620920
256   8675004
256   9237800
256   8770772
256   9041428
256   8827676
256   9102264
256   8840616
256   8988836
256   8749804
256   9145748
256   8988064
256   9233712
256   8760244
256   8748836
256   9002684
256   8982728
256   9025356
256   8784572
256   9373472
256   8933856
256   8706112
256   8950048
256   8603276
256   9044864
256   9456760
256   9482572
256   9135036
256   9325836
256   9257448
256   8780628
256   9229576
256   9378776
256   9134816
256   9269464
256   8885968
256   8728848
256   9340232
256   9142488
256   9148340
256   9376520
256   8943736
256   8824096
256   9069908
256   8418220
256   9280640
256   9792048
256   8485512
256   9185748
256   8984948
256   8541408
256   8480184
256   9204428
256   9084268
256   8795132
256   9255020
256   9336956
256   9084868
256   9031664
256   8657868
256   9161864
256   8947436
256   8994712
256   8633684
256   9393564
256   9026236
256   9191432
256   8998336
256   9294548
256   9060120
256   8837372
256   8876404
256   8767800
256   9357088
256   9134324
256   9114880
256   8855660
256   9087252
256   8916348
256   8334052
256   9330916
256   8917640
256   9197756
256   8723128
256   9036744
256   8776512
256   8846108
256   9570964
256   9072684
256   8650948
256   9436628
256   8511860
256   8441748
256   8871288
256   9307092
256   9155024
256   9177772
256   9170888
256   8827228
256   8987988
256   8804604
256   8946988
256   9065876
256   9233184
256   9143000
256   8882096
256   9297788
256   8613152
256   9842012
256   9216820
256   8732928
256   8620776
256   9008180
256   8925684
256   9146820
256   8770564
256   9314548
256   9348484
256   9245692
256   8778360
256   9253356
256   9104728
256   8748460
256   8641768
256   9273464
256   9258644
256   8862180
256   8421552
256   9525444
256   9304324
256   8690236
256   8185820
256   8919276
256   9007420
256   8809332
256   9203896
256   8740236
256   9093040
256   8754264
256   8958868
256   9044128
256   9373152
256   8748868
256   9624844
256   9491340
256   8968004
256   9128732
256   9124724
256   9160260
256   9042464
256   9364548
256   8996904
256   8996528
256   8971028
256   9033780
256   8650276
256   9447504
256   8945056
256   8814708
256   9208256
256   9085088
256   9286120
256   8664300
256   8834392
256   9132048
256   9192948
256   8762804
256   8886960
256   8857552
256   8546492
256   8882052
256   9279124
256   9328632
256   8962280
256   8678456
256   9393560
256   8642348
256   8807500
256   8962924
256   8476056
256   9213400
256   8841592
256   9005020
256   8477868
256   8938276
256   9212396
256   8630224
256   9077420
256   9020468
256   9141708
256   9316196
256   9101800
256   8983452
256   9083360
256   8969968
256   8911420
256   9076840
256   9544752
256   8837964
256   8861160
256   8893740
256   9329240
256   8822896
256   8857776
256   9114640
256   9195196
256   9137508
256   8477876
256   9081924
256   8840680
256   9121240
256   8981140
256   8948968
256   9241208
256   8818412
256   8668924
256   8787504
256   9079828
256   9181616
256   8862732
256   8822396
256   8999384
256   9073068
256   8478972
256   9331108
256   9064832
256   9038620
256   9268304
256   9291144
256   8707392
256   9192908
256   8478032
256   8731964
256   8899936
256   9368944
256   9279736
256   9017648
256   8942392
256   9412120
256   8704320
256   9368528
256   8871708
256   8967380
256   9202716
256   8583696
256   8836424
256   9190064
256   8994684
256   8986752
256   8675064
256   8927620
256   9011240
256   8613136
256   8989432
256   9641584
256   8828508
256   8371548
256   9229124
256   9516016
256   9233696
256   8760460
256   8917552
256   9344916
256   9389564
256   8986580
256   8851160
256   9496628
256   8454620
256   9258680
256   9318028
256   8516508
256   8506824
256   9085656
256   8914764
256   8582520
256   8840992
256   8916072
256   9113404
256   9371492
256   9405788
256   8824856
256   8887200
256   9202096
256   8764528
256   9557852
256   8966648
256   8594028
256   8793604
256   9716016
256   9229268
256   9368312
256   9347292
256   8949972
256   9153256
256   9312868
256   9284924
256   9261764
256   9248416
256   9261376
256   9001964
256   9126648
256   8430280
256   9580460
256   9164372
256   8773412
256   8963476
256   8939448
256   9404488
256   9227212
256   9127348
256   8994976
256   9043892
256   8736216
256   9051180
256   9279532
256   9006656
256   9015996
256   8694212
256   8884340
256   8773548
256   8692272
256   8372228
256   8642444
256   9132708
256   9355428
256   8939024
256   8730132
256   8993512
256   8593348
256   9044760
256   8816964
256   9597924
256   9531396
256   9289548
256   8990540
256   8933860
256   9565888
256   8674724
256   8578148
256   8895372
256   9000080
256   9239612
256   8819284
256   8744768
256   9709380
256   9517144
256   9020576
256   9036564
256   9008868
256   8762260
256   8546024
256   9058608
256   8915200
256   8840088
256   9308176
256   8879664
256   9175064
256   9237820
256   8769872
256   8994924
256   9011920
256   8958788
256   8971256
256   9589956
256   9115308
256   8819580
256   8862060
256   8707084
256   8458624
256   8923184
256   9480248
256   8698512
256   9352728
256   8883920
256   9140372
256   8675944
256   9163760
256   8492784
256   9261148
256   9288228
256   8486996
256   8867408
256   7902228
256   9173332
256   9094648
256   9523440
256   8743176
256   8854628
256   9348244
256   8409560
256   10624080
256   11341900
256   10361676
256   10317352
256   10799840
256   11299392
256   10063888
256   10799368
256   10788212
256   10552832
256   11600752
256   11552712
256   10566060
256   10627232

