63   1678288
256   7063796
256   6614468
256   6790684
193   5065784
256   7178416
256   6489552
256   7422552
256   7460072
256   7344872
256   7048776
256   6945628
256   6907380
256   6623232
256   6241504
256   7064760
256   6904116
256   6621436
256   6708544
256   7062004
256   6683620
256   7327288
256   7569348
256   7397664
256   7025224
256   6928508
256   6555296
256   6865088
256   6691048
256   7137272
256   7037496
256   6611744
256   6901500
256   6509112
256   6609816
256   7281108
256   6890776
256   7345648
256   6543960
256   7647756
256   6699560
256   6770660
256   7299864
256   6805840
256   7240120
256   7264352
256   9331624
256   9950532
256   10602376
256   9134356
256   9166636
256   9710456
256   10166536
256   9372876
256   9169152
256   8549836
256   8502340
256   9085068
256   9156432
256   9086528
256   9243456
256   9066792
256   9134768
256   9226700
256   9238804
256   9706168
256   8975856
256   9113072
256   9207568
256   9846228
256   9051948
256   9415908
256   9862272
256   9413856
256   8710320
256   9538276
256   8586168
256   9391644
256   9503424
256   9511552
256   9319300
256   9174632
256   9012092
256   8924160
256   8969568
256   10247440
256   9290988
256   8553432
256   9384708
256   9350964
256   8970480
256   9880500
256   8601104
256   9654656
256   9046812
256   8960132
256   9737404
256   9374900
256   9694124
256   9714164
256   8919456
256   10059304
256   9127376
256   9195184
256   8739412
256   9404412
256   9175172
256   8821272
256   8935572
256   8839076
256   8813212
256   8971748
256   8661704
256   9005640
256   9154636
256   9031368
256   8788364
256   9357660
256   9615640
256   9309252
256   8941564
256   9354796
256   8783072
256   9315164
256   8381808
256   9201352
256   9075560
256   9172632
256   9167892
256   8856968
256   9857880
256   9053932
256   8484228
256   9295376
256   8989588
256   9414284
256   9779356
256   8917572
256   9201628
256   9435852
256   8613076
256   9275484
256   8534636
256   10033988
256   9442908
256   9848684
256   9553160
256   9289672
256   8934444
256   9298680
256   9409856
256   9537956
256   9367808
256   9244836
256   8600644
256   9375648
256   9641340
256   9163596
256   9295500
256   9483400
256   9824756
256   9093788
256   8657404
256   8582840
256   8955924
256   9270020
256   9001464
256   9014056
256   9743264
256   9192920
256   8792428
256   9335620
256   8549156
256   8733832
256   9706292
256   9564796
256   8787896
256   9076904
256   8670396
256   8687156
256   9283016
256   8905012
256   9485684
256   9086284
256   8584064
256   9714440
256   8984128
256   9145044
256   9891056
256   8900492
256   9442596
256   9509304
256   9515556
256   9098056
256   9407248
256   9188152
256   9267712
256   9620368
256   9132040
256   8971320
256   8765656
256   9229788
256   9382536
256   9806060
256   9748368
256   9594060
256   8806328
256   9768112
256   9053728
256   9851816
256   9371344
256   9105776
256   9294444
256   9122972
256   8773216
256   9186456
256   9218188
256   8910312
256   9632364
256   9254960
256   9627264
256   9598948
256   9249572
256   9215396
256   8537208
256   9193580
256   9420956
256   9370512
256   9300380
256   9297028
256   9088868
256   9387008
256   8994216
256   9599624
256   9271956
256   9824832
256   9355336
256   9625572
256   9642720
256   9696744
256   9185248
256   9050176
256   8794160
256   9510316
256   9443400
256   7865380
256   9308384
256   8733052
256   9584500
256   9508612
256   9704148
256   9281252
256   9478468
256   8806568
256   8693180
256   9357860
256   8582008
256   8863036
256   9175320
256   9657908
256   9665808
256   9686652
256   9219328
256   8988712
256   9325328
256   9021764
256   9285364
256   9642276
256   8790256
256   9747480
256   9251152
256   8784412
256   9343924
256   9430660
256   9240568
256   8807632
256   9054972
256   9673060
256   9021692
256   9553184
256   9528020
256   9628196
256   9220912
256   9782308
256   8665600
256   8986232
256   9301040
256   9586556
256   9317576
256   9459212
256   9321280
256   9338500
256   9130148
256   9348896
256   9125052
256   9733068
256   9600280
256   8934616
256   9647300
256   9391240
256   9207672
256   8981352
256   9198760
256   8782988
256   9169844
256   9051732
256   9437460
256   8636624
256   9915840
256   9480676
256   9389488
256   8983152
256   9176380
256   9639384
256   8811748
256   9094008
256   9087916
256   9401800
256   9088236
256   9044516
256   9739024
256   9174636
256   8956556
256   9346580
256   8452896
256   9536672
256   9286384
256   9037688
256   9283616
256   9096224
256   9051200
256   8594876
256   8981848
256   9271468
256   8761484
256   8803404
256   8587612
256   9700624
256   8383780
256   8954896
256   9275368
256   8861816
256   9437928
256   9470032
256   9000276
256   8769176
256   8880700
256   8938040
256   9899060
256   9202768
256   9396972
256   8967376
256   9436172
256   9559588
256   9384100
256   8998604
256   9275168
256   8868700
256   9403588
256   9366892
256   8714984
256   9629880
256   9296104
256   9025020
256   8809088
256   9163296
256   9266484
256   8923692
256   9335192
256   9347172
256   9327984
256   9119496
256   8891528
256   9268088
256   9433764
256   8737348
256   8990280
256   8935252
256   9549512
256   8674848
256   9251724
256   9289352
256   9132608
256   9029956
256   9658464
256   9190204
256   9553380
256   9485816
256   9067808
256   9581644
256   9573520
256   8933664
256   8933072
256   9398288
256   8843268
256   8680516
256   9466112
256   8878708
256   9045520
256   9098628
256   9420760
256   9199688
256   9699300
256   9142480
256   8636924
256   9145152
256   9056668
256   9667888
256   9347836
256   9584860
256   9415728
256   8649040
256   8922924
256   9513900
256   8463488
256   8525468
256   9432120
256   8707832
256   9241640
256   9306632
256   9426252
256   9329588
256   8796360
256   8741584
256   9193848
256   9501212
256   9812340
256   9523352
256   9391852
256   9095516
256   9431324
256   8661492
256   8600264
256   9475508
256   9449492
256   9636876
256   9432944
256   8774972
256   8581916
256   9320872
256   8977668
256   8930820
256   9580860
256   8769908
256   9376164
256   8620828
256   10571844
256   9023352
256   9274660
256   9505328
256   8840544
256   8885308
256   8978808
256   9304320
256   9574104
256   9143016
256   9217052
256   9247712
256   9118500
256   8780004
256   9621836
256   9643864
256   9186804
256   9342092
256   8981880
256   8922148
256   8757104
256   9558620
256   9047236
256   9314920
256   8965516
256   9760768
256   8994892
256   9685996
256   8757316
256   8951604
256   9407740
256   9819456
256   9288164
256   8847240
256   9306924
256   9303700
256   8506968
256   8764968
256   9345344
256   9754316
256   9756432
256   9289520
256   9139216
256   10227492
256   9707664
256   9058816
256   9480364
256   9561524
256   9238652
256   8420288
256   9320332
256   9151652
256   9593600
256   8834652
256   9162024
256   9528116
256   9056832
256   9117108
256   9091444
256   9148972
256   9088004
256   9331480
256   8620612
256   9209172
256   9302504
256   8829948
256   9275724
256   9132108
256   9592008
256   8900820
256   9434624
256   9080164
256   9100260
256   9400060
256   9219236
256   9336624
256   9456048
256   9321580
256   9224424
256   8755860
256   10137704
256   8678524
256   8726628
256   9280172
256   9563488
256   9134476
256   9407608
256   9232928
256   9116168
256   9694912
256   9232908
256   9587292
256   8669644
256   8467204
256   9406124
256   9278784
256   8734728
256   9433612
256   8754408
256   9544236
256   9813520
256   9845396
256   9245632
256   9413148
256   9575944
256   10141700
256   9508032
256   8940916
256   8730908
256   9623980
256   8850428
256   9241012
256   9445680
256   9374820
256   8743100
256   9158224
256   8930176
256   9126540
256   9014980
256   9247884
256   9263200
256   9361000
256   9576264
256   9459900
256   9048300
256   9305132
256   9305608
256   9376656
256   9596260
256   9178948
256   9381084
256   8607036
256   9292976
256   8921644
256   9078452
256   9150808
256   8934392
256   9579104
256   9118072
256   9201960
256   9231128
256   9339780
256   8915968
256   9469608
256   9194300
256   9072164
256   8499436
256   9271604
256   9820808
256   9153484
256   9255384
256   9366496
256   8788148
256   9113904
256   9361896
256   9378804
256   9105164
256   9418960
256   8739712
256   9430064
256   8919500
256   9157968
256   9252664
256   9404572
256   9140164
256   8660020
256   10061608
256   8830824
256   9455432
256   9422336
256   9490480
256   9196856
256   9653972
256   9249740
256   8920960
256   9197688
256   9298280
256   9145084
256   8631456
256   8951020
256   9425084
256   9595612
256   8668720
256   8740540
256   9192164
256   8834256
256   9256208
256   9183896
256   8854180
256   9283148
256   9659428
256   9299592
256   9234208
256   9242732
256   8600700
256   9142412
256   8477264
256   9162436
256   8565108
256   9380492
256   9184224
256   8865884
256   8361540
256   8874364
256   9373720
256   8597068
256   8771836
256   9020728
256   9119880
256   9141348
256   9767884
256   8859476
256   9420548
256   9443616
256   8927504
256   8903744
256   8886368
256   9266848
256   9225724
256   8994780
256   9418636
256   9197000
256   8931092
256   9195496
256   9194532
256   9096636
256   9053464
256   9354768
256   8882228
256   9283436
256   8880852
256   8661272
256   9356296
256   9048524
256   9425972
256   9315392
256   9560028
256   9225156
256   9128796
256   8988140
256   9322756
256   9547868
256   8870712
256   9188112
256   9201396
256   8925096
256   8964728
256   8201364
256   9370872
256   9364692
256   9134660
256   9554924
256   9457808
256   9474760
256   9311716
256   9155228
256   9238752
256   9178584
256   9088508
256   8951504
256   8693688
256   8642408
256   9474576
256   9293776
256   9300872
256   9160448
256   9131020
256   9281884
256   9461848
256   8821236
256   9745704
256   9340764
256   8613928
256   9256660
256   9178700
256   9890380
256   9254292
256   9148428
256   9140604
256   9653872
256   8726796
256   9176516
256   8610004
256   8830364
256   9017368
256   9437392
256   9036040
256   9355992
256   9149804
256   9373704
256   9082132
256   9147552
256   9479540
256   9239464
256   9217656
256   9309104
256   9666228
256   9496720
256   8951132
256   9992732
256   9343568
256   9284164
256   9224172
256   9652936
256   9074048
256   9347604
256   8764704
256   8907820
256   9083244
256   9607436
256   9141516
256   9297024
256   8569660
256   8801288
256   8829688
256   8927452
256   9204208
256   9133232
256   9175772
256   8466660
256   9236768
256   9758384
256   8619204
256   9738904
256   8330244
256   8479072
256   9399820
256   10009844
256   9399960
256   9841280
256   8714584
256   8670272
256   9209108
256   9398476
256   9773092
256   9182008
256   9435636
256   9460612
256   9270076
256   9014908
256   9291564
256   9370132
256   8525324
256   10102596
256   8607752
256   9027580
256   9615176
256   9618016
256   9594880
256   9788520
256   8958004
256   9334084
256   9053952
256   8965872
256   9140420
256   9123692
256   8673668
256   9715192
256   9061504
256   9582668
256   9157028
256   9664808
256   8386260
256   9097588
256   9294772
256   8813284
256   8770096
256   9449112
256   9371768
256   8986880
256   9026196
256   9054244
256   9591252
256   8905964
256   9237852
256   9482712
256   9086452
256   9453888
256   9095780
256   9028112
256   8730008
256   9822644
256   9677636
256   9648308
256   9431884
256   9589164
256   9319984
256   9605272
256   9150872
256   8621800
256   8494996
256   9216484
256   9260208
256   9327904
256   9838716
256   9582888
256   8840492
256   9113888
256   9034180
256   9100952
256   8867924
256   9576904
256   8941632
256   9117560
256   9456504
256   8903508
256   8735116
256   9447140
256   8979572
256   8599660
256   9431548
256   9674528
256   9438304
256   9151656
256   9306520
256   8777208
256   8574684
256   9806888
256   9505044
256   9196128
256   8903792
256   8972756
256   9015480
256   9645512
256   8531652
256   9397444
256   8924828
256   8582296
256   9095720
256   8525300
256   9104088
256   9169256
256   9146716
256   9602004
256   9410372
256   9190504
256   8911620
256   8928988
256   9448724
256   8641132
256   9051336
256   8954652
256   8841568
256   8748504
256   8787836
256   9303400
256   9457912
256   8986396
256   9623420
256   9185516
256   9031904
256   8837712
256   9452384
256   9209668
256   8815928
256   9474200
256   9576616
256   9282088
256   8720940
256   9536956
256   9665632
256   9435588
256   9296856
256   9334140
256   9385868
256   9582656
256   9041260
256   9518468
256   8899300
256   8927272
256   9231472
256   9235144
256   9556248
256   9348188
256   9138900
256   9343344
256   8750144
256   8571368
256   8881632
256   9087484
256   9196296
256   9673612
256   8854640
256   9047284
256   8759856
256   9253508
256   9071396
256   9732208
256   9214332
256   8968796
256   9147024
256   9529704
256   8636600
256   8757524
256   8496012
256   9629680
256   8947056
256   8550684
256   9526892
256   8760760
256   9001608
256   8882520
256   9172704
256   8540640
256   9414916
256   9190188
256   9556300
256   9534176
256   9631828
256   9510496
256   8694708
256   8939976
256   9553600
256   8826632
256   9329816
256   9105552
256   9290176
256   9114024
256   9565772
256   9620352
256   9581552
256   8863004
256   9338160
256   9105080
256   8554520
256   8633668
256   9677564
256   9173776
256   8938892
256   9514276
256   9723796
256   9172008
256   9098468
256   9386200
256   9628904
256   9220276
256   9358100
256   9299296
256   8071312
256   9261412
256   8940584
256   9052708
256   8902268
256   9055520
256   8693316
256   8550028
256   9757532
256   8692680
256   8425964
256   9162092
256   9293740
256   8786256
256   9735676
256   9559092
256   9219472
256   9297096
256   9651712
256   8896576
256   9146892
256   9479540
256   9193604
256   9446844
256   9345332
256   8873316
256   9186828
256   9021128
256   9437340
256   9232032
256   9433620
256   9376008
256   9907724
256   9750560
256   9308876
256   9161960
256   8195900
256   9875304
256   9498864
256   9536648
256   9624940
256   9286476
256   9090196
256   9513056
256   9646244
256   9612720
256   9511484
256   9016964
256   8945320
256   9652744
256   9424780
256   8931084
256   8667832
256   9059012
256   8754696
256   9336996
256   9189220
256   9227484
256   8467248
256   9128544
256   9328564
256   9314204
256   9509640
256   9311388
256   9045560
256   9248808
256   8987360
256   9653340
256   9251236
256   9242124
256   9142380
256   9463064
256   9989812
256   9427088
256   9678264
256   9785616
256   9468088
256   8896324
256   9691948
256   9153540
256   9387708
256   8640652
256   8952024
256   8792140
256   9150960
256   9273104
256   9775416
256   8964512
256   8821192
256   8697544
256   9185224
256   8187852
256   8794700
256   8853764
256   9605028
256   8810368
256   9298068
256   8629244
256   9201008
256   9107720
256   9384212
256   9069812
256   9309632
256   9098632
256   9153324
256   9062984
256   8712932
256   8938932
256   8336408
256   8471136
256   9122140
256   9324604
256   9263792
256   8990564
256   9223296
256   8985548
256   8615996
256   10002536
256   9192088
256   9556940
256   9553392
256   9614212
256   9875428
256   9202960
256   10294240
256   8746324
256   9128404
256   8996752
256   8662748
256   9307652
256   9072020
256   9070512
256   9678020
256   9465732
256   8647728
256   9570076
256   9236136
256   9474556
256   9167172
256   9005660
256   9577440
256   9154604
256   9087856
256   9846428
256   8972664
256   9185272
256   8813900
256   9528120
256   8841092
256   8826596
256   9075072
256   9202984
256   9146212
256   9118644
256   9399992
256   9440624
256   8602816
256   8844764
256   9608000
256   9171548
256   8819796
256   9595872
256   8794512
256   9322720
256   8974100
256   9467080
256   9051396
256   9509968
256   9475888
256   8914288
256   9760416
256   9241280
256   9730232
256   9963604
256   9252208
256   8852208
256   9340924
256   9269168
256   9385508
256   9049300
256   9469496
256   9707804
256   8913228
256   9045080
256   9457776
256   9074660
256   9416872
256   9302912
256   9349552
256   9731744
256   9266820
256   9446948
256   8870996
256   9853544
256   8968968
256   9040660
256   9128304
256   9241960
256   9301152
256   8824160
256   9379520
256   8766384
256   9626016
256   9050148
256   9501200
256   9344664
256   8863968
256   9227200
256   9606112
256   9572856
256   9525840
256   9402516
256   9192156
256   9435368
256   8707568
256   9344828
256   9580048
256   8820280
256   9159364
256   9144316
256   9353292
256   8884384
256   9178152
256   10698772
256   9515896
256   9234092
256   9788820
256   9362904
256   9594932
256   8775764
256   9044376
256   9002968
256   9434092
256   9841508
256   8902164
256   9247988
256   9288800
256   9446072
256   9447068
256   9820412
256   8651484
256   8988704
256   9157124
256   9425004
256   9371208
256   9725416
256   9783980
256   9202132
256   8790424
256   8929808
256   9011136
256   8950592
256   9731500
256   9195780
256   9410488
256   9374220
256   9516928
256   9470004
256   9155932
256   8737244
256   9729200
256   9067996
256   8801284
256   9761720
256   9220736
256   9040432
256   9033184
256   9336224
256   8932568
256   9007144
256   8835284
256   8501104
256   8797408
256   9076044
256   8364088
256   8282904
256   9549140
256   9365192
256   9165248
256   9568400
256   9335604
256   9078888
256   9078136
256   8812064
256   9862724
256   9781380
256   9456540
256   8871868
256   9377440
256   9074836
256   8843668
256   8856948
256   8959592
256   8939700
256   9396436
256   9161108
256   9161692
256   9483588
256   9692844
256   9379736
256   9211448
256   9063884
256   9103636
256   9397368
256   9611284
256   9245152
256   9245500
256   9113532
256   9156148
256   8996828
256   9666936
256   8895416
256   9091076
256   8906080
256   9673296
256   9012664
256   9079408
256   8878660
256   9246260
256   8912868
256   9314856
256   8862540
256   9160552
256   9141724
256   9638232
256   9405840
256   9214104
256   9096776
256   9816872
256   8709060
256   8962084
256   9381436
256   9574720
256   9350448
256   9527972
256   8704700
256   8430608
256   8901924
256   9097300
256   8575448
256   9208984
256   9357048
256   9460292
256   9100564
256   9056976
256   9465764
256   9430600
256   8739372
256   9088508
256   8837400
256   8804980
256   9106636
256   9011864
256   9203188
256   9183540
256   9229628
256   9280544
256   8616316
256   9446432
256   9442000
256   9795660
256   9113596
256   9590868
256   8816124
256   9237532
256   9382908
256   9079292
256   9477608
256   9354184
256   9228464
256   9229440
256   9396880
256   8810920
256   8816832
256   9755496
256   9188600
256   8656824
256   9058072
256   9130556
256   8944536
256   9191484
256   9037828
256   9089484
256   9650244
256   9001948
256   9262880
256   9231280
256   9029176
256   9239900
256   9111476
256   9474028
256   9026896
256   9118108
256   8993036
256   9074976
256   9160204
256   9368720
256   9258144
256   9687252
256   9508008
256   9387384
256   9123176
256   9686360
256   9537516
256   9197588
256   9081812
256   9101224
256   9057156
256   9583916
256   9188056
256   9682400
256   9437296
256   9241224
256   9453508
256   9416444
256   9717052
256   8677692
256   9525288
256   9321104
256   9038044
256   9352872
256   8749416
256   9124304
256   9151560
256   8407276
256   9440132
256   9551736
256   9098920
256   9243264
256   8620252
256   9530376
256   9272048
256   9603444
256   9701452
256   9121160
256   9286584
256   10295208
256   9284716
256   9087084
256   9549616
256   8833296
256   9405336
256   9234960
256   9063240
256   9160944
256   9374328
256   8732100
256   9249664
256   9109616
256   8906848
256   9179916
256   9527112
256   9167332
256   8653308
256   9792584
256   9023500
256   9363228
256   9101004
256   8909644
256   8542088
256   8728304
256   8737228
256   9432920
256   9525224
256   9116180
256   9736556
256   9539628
256   9406044
256   9179432
256   9484808
256   9020736
256   8684596
256   8785564
256   9166808
256   9044736
256   9413296
256   9134224
256   9080180
256   9175748
256   9868064
256   8905948
256   9257516
256   9133684
256   9279916
256   9544608
256   8697720
256   9321268
256   9467988
256   9239740
256   8617084
256   9180132
256   9380956
256   9362188
256   9085804
256   9164932
256   8725608
256   9153420
256   9382536
256   9073348
256   8784056
256   9068100
256   9229728
256   8581688
256   8960068
256   9409656
256   8823728
256   9439964
256   9559312
256   8762012
256   9229456
256   9192440
256   9167512
256   9337436
256   9642820
256   8947472
256   9033744
256   9733000
256   9347416
256   9527212
256   8676124
256   9181000
256   9328436
256   9364480
256   9309772
256   9305440
256   9076128
256   9286112
256   8865088
256   8655444
256   9872816
256   9277312
256   10059976
256   9072216
256   9576312
256   9082924
256   9267532
256   9115600
256   9285076
256   9485604
256   8891508
256   9605548
256   8641288
256   8935732
256   9615352
256   9157116
256   8820036
256   9009348
256   9668920
256   8946164
256   9493868
256   9373352
256   8913648
256   9145592
256   9383328
256   9122588
256   9114044
256   9666464
256   8997764
256   9066900
256   9193976
256   9314468
256   8565132
256   8771232
256   8786848
256   9159760
256   9252340
256   9050404
256   9163168
256   9365832
256   9755488
256   9316252
256   9299256
256   9351192
256   9153100
256   9293388
256   9396328
256   9797220
256   9242600
256   8909712
256   8469604
256   9267172
256   9543444
256   9651500
256   9341492
256   9622364
256   8830548
256   8814640
256   9095804
256   9182872
256   8743548
256   8931916
256   9538308
256   9068576
256   8782356
256   9585036
256   9579092
256   9176320
256   8898652
256   9512364
256   9213492
256   8831216
256   9087520
256   9612300
256   9194380
256   9005412
256   9374480
256   9814948
256   8840108
256   9795324
256   9030944
256   8954564
256   9334792
256   8564836
256   8910876
256   8695676
256   9717516
256   9309544
256   8860616
256   8734964
256   9575708
256   8548860
256   9095008
256   8706748
256   9449036
256   9505148
256   9229128
256   8911936
256   9412688
256   8596380
256   9339088
256   9098928
256   9340244
256   8597332
256   8841116
256   9037704
256   9050188
256   8819120
256   9253688
256   8787056
256   9577684
256   9217580
256   9079776
256   9092616
256   9211156
256   8813144
256   9290468
256   9355608
256   9002224
256   9164364
256   9527820
256   8922352
256   9245364
256   9520572
256   9171200
256   9043008
256   9090272
256   9101308
256   9048740
256   8957124
256   9453064
256   9174728
256   8683748
256   8904036
256   9279808
256   9422848
256   9002848
256   9144340
256   8526852
256   8391316
256   9564464
256   9198100
256   9205768
256   8816632
256   8972852
256   9258636
256   8787208
256   9392192
256   9167592
256   8847720
256   9180108
256   9119140
256   9712388
256   9161456
256   8714880
256   9607616
256   9604200
256   9804748
256   9671168
256   8715828
256   9133116
256   9385512
256   9305708
256   9394112
256   8962056
256   9347016
256   9434708
256   9613600
256   9105564
256   9672392
256   9617920
256   8801040
256   9450992
256   9535216
256   9211328
256   9273032
256   8988612
256   9406104
256   8920560
256   9444032
256   9120112
256   9503208
256   8917304
256   9756004
256   9350844
256   9119608
256   8766532
256   8847120
256   8821132
256   9570716
256   9241508
256   9656128
256   9681604
256   9179864
256   9432680
256   8908024
256   8827140
256   9158644
256   8854696
256   9515224
256   9361680
256   9201484
256   8859620
256   8756112
256   8898512
256   9375908
256   9282756
256   9101072
256   8788648
256   9374420
256   9367088
256   8975784
256   9054120
256   8840304
256   8884156
256   9684156
256   9377456
256   8939672
256   9055132
256   9644232
256   9242672
256   9155012
256   8524908
256   8887312
256   9109728
256   9113708
256   9236168
256   8709300
256   9511352
256   9163260
256   8854292
256   9675244
256   8716056
256   9169744
256   8955152
256   9322824
256   8838168
256   8389612
256   9220532
256   8684456
256   8837804
256   9387376
256   8870376
256   9130768
256   9237900
256   9252620
256   9167224
256   9528768
256   9496120
256   9376228
256   9685020
256   9019412
256   8688876
256   8808300
256   8574940
256   8847776
256   9016112
256   9131584
256   9348208
256   9287252
256   9077696
256   9500344
256   10278420
256   9001000
256   8855924
256   8725736
256   8700628
256   9325912
256   9066508
256   9221860
256   9391372
256   9426876
256   9357916
256   9384544
256   9092444
256   8928828
256   9504952
256   9616344
256   8638640
256   8850604
256   8466964
256   9676396
256   9668932
256   9508052
256   8137684
256   8499952
256   9886604
256   8781468
256   9223124
256   8589284
256   8848464
256   9792268
256   8593696
256   8602772
256   9101756
256   8283872
256   8991876
256   9069640
256   9900916
256   8908060
256   8852372
256   10168192
256   8782788
256   8850364
256   9625112
256   9422516
256   8726716
256   9845964
256   8506128
256   9300320
256   10226948
256   9891780
256   8976452
256   9601940
256   9375936
256   9246928
256   9624960
256   9113052
256   9472348
256   8767388
256   10040708
256   9257680
256   8410588
256   8739436
256   8625912
256   9451540
256   8783764
256   9408572
256   9100788
256   9223080
256   9373744
256   9233044
256   9038472
256   9208712
256   9056440
256   9167944
256   9171444
256   9454640
256   8684500
256   9096616
256   8856444
256   9900724
256   8907560
256   9150532
256   9081376
256   9384892
256   8734424
256   9123968
256   9453416
256   9117908
256   9356152
256   9333368
256   9337820
256   8955124
256   8941748
256   9273196
256   9370424
256   8964548
256   9103240
256   9410864
256   9379004
256   9429008
256   9311596
256   8734248
256   9648224
256   9450936
256   9767552
256   9553152
256   9149776
256   8789436
256   9210804
256   9401760
256   8793544
256   9368844
256   9319592
256   9463496
256   9639192
256   9288624
256   9101884
256   9090752
256   9403460
256   9049624
256   8738392
256   8339496
256   9642356
256   9247732
256   9792388
256   9372356
256   9040320
256   8900168
256   8785256
256   8827264
256   9604532
256   9363504
256   9425000
256   9280536
256   9485172
256   9042908
256   9623600
256   9973956
256   9300624
256   8836916
256   9142464
256   8531388
256   9760656
256   9149980
256   9551244
256   8939428
256   9281284
256   9328044
256   9445464
256   9196852
256   9199572
256   9715852
256   9197380
256   8837128
256   8879420
256   9855420
256   8815416
256   8864796
256   9006800
256   9049916
256   9573116
256   9487744
256   9116604
256   8827556
256   9287724
256   9035564
256   8825880
256   9264732
256   9250584
256   9361352
256   9341756
256   9426988
256   9306576
256   9163644
256   9582688
256   8813368
256   9534600
256   9199996
256   8874224
256   9408800
256   9022756
256   9593416
256   8973876
256   9207572
256   9388984
256   8591512
256   9246792
256   8984168
256   9103076
256   9566368
256   9465760
256   9181468
256   8673144
256   9187948
256   8971708
256   9096004
256   9303532
256   8794932
256   9412452
256   10121220
256   9687776
256   8861524
256   9179228
256   9097308
256   8727044
256   9182628
256   9064600
256   8846616
256   9485504
256   8237600
256   9072452
256   8726120
256   9905448
256   9332716
256   9104228
256   9046892
256   8777800
256   8985136
256   9544556
256   9364140
256   9030176
256   9648060
256   8854212
256   9446748
256   9204752
256   8625700
256   9034620
256   8547884
256   9278064
256   9434968
256   9751288
256   9127720
256   9330108
256   9618428
256   9334196
256   9326592
256   9075468
256   9211916
256   8321704
256   9226852
256   9090232
256   9824532
256   9328892
256   9435808
256   9615028
256   9069924
256   9056480
256   9189448
256   9001364
256   9357576
256   8953056
256   8964680
256   9752532
256   9287788
256   8847716
256   8665540
256   8847368
256   9348484
256   8889604
256   8756488
256   9497920
256   9798852
256   8613568
256   9274628
256   9301748
256   8384668
256   9953484
256   8696840
256   9063644
256   9215908
256   9243792
256   9140872
256   9024520
256   9341512
256   8877232
256   9478672
256   8999708
256   8949684
256   9097580
256   10071716
256   9142896
256   9314588
256   8985024
256   8888704
256   9310932
256   8664608
256   9319564
256   9899584
256   9183044
256   9463852
256   9439536
256   8801680
256   9213304
256   8858696
256   9318772
256   9579068
256   9531268
256   9258964
256   9539316
256   9812008
256   9625188
256   9312920
256   8982492
256   8397684
256   9000332
256   9102312
256   8829620
256   9300932
256   9119508
256   9180968
256   8938348
256   9064052
256   9265960
256   9208772
256   9034368
256   8739168
256   9292784
256   8512984
256   9757780
256   9195740
256   9818864
256   9662756
256   9472036
256   9570548
256   9784640
256   8961720
256   8865628
256   9603472
256   8966704
256   8939068
256   9199124
256   8951368
256   9559792
256   9131104
256   8345880
256   9271180
256   9277708
256   9357804
256   9326340
256   9002688
256   9462228
256   8520468
256   9412664
256   9116444
256   9413024
256   9802928
256   9001460
256   9346384
256   9231652
256   8978892
256   9179196
256   9200116
256   9469528
256   9574304
256   9186844
256   9056604
256   8995516
256   8803520
256   9087416
256   9625680
256   9371048
256   9237852
256   8384200
256   9144296
256   9232852
256   9530248
256   9413388
256   9746852
256   8915436
256   8988332
256   8795440
256   9187972
256   9447236
256   9483988
256   9525856
256   8711980
256   8882004
256   8675716
256   8571156
256   8744268
256   8586320
256   9081096
256   9081180
256   8954564
256   9530272
256   9365196
256   9421624
256   9470940
256   9396252
256   8888196
256   9262024
256   9020604
256   9236004
256   9192320
256   9229524
256   9065000
256   9507788
256   9442280
256   9389540
256   9417436
256   9267964
256   8959456
256   8906472
256   9341928
256   8599900
256   9863700
256   9697212
256   9137820
256   9687364
256   9988332
256   9723320
256   9210956
256   9517968
256   9673052
256   8653368
256   9120260
256   8800036
256   8884864
256   8698156
256   9281772
256   9299388
256   8745204
256   9278632
256   9164412
256   8896796
256   9590044
256   9215440
256   9518372
256   9079568
256   9084124
256   9397100
256   9368868
256   8868300
256   9266128
256   9134592
256   9429008
256   9027600
256   8693768
256   9206164
256   9489060
256   9397548
256   8981920
256   9536748
256   9088904
256   9282800
256   9342800
256   9324088
256   9715800
256   9207764
256   9285416
256   9019312
256   8652740
256   9906980
256   9372712
256   9750368
256   9399980
256   8964496
256   9232924
256   9095208
256   9219128
256   9401336
256   8537484
256   9627512
256   9570224
256   9075860
256   9494656
256   9331340
256   9143712
256   9080128
256   9067880
256   9148908
256   9132540
256   9221952
256   9245464
256   9308152
256   9181264
256   9659564
256   9323708
256   9439696
256   9573220
256   8642460
256   9268340
256   9341992
256   8837036
256   9518096
256   9421072
256   9273340
256   9041768
256   9125704
256   9659120
256   8660900
256   9267788
256   9208380
256   9452796
256   9522768
256   9138628
256   8984656
256   8637044
256   9191292
256   8827336
256   9106960
256   9442592
256   9149792
256   8683572
256   8983800
256   9657628
256   9478924
256   8982096
256   9231380
256   8872048
256   9361320
256   9376392
256   9361352
256   9146008
256   9318284
256   8595528
256   9593428
256   9510952
256   9421144
256   8928324
256   9320796
256   8892336
256   9138448
256   9669004
256   8985204
256   9199176
256   9232120
256   9422376
256   9033468
256   8908704
256   9604688
256   8926656
256   9476400
256   9283540
256   9099104
256   9174744
256   8933124
256   8967076
256   9317104
256   9403224
256   9091704
256   8474984
256   10383212
256   9245516
256   8871244
256   9642332
256   8702292
256   9599756
256   8978136
256   8934768
256   8905180
256   9739316
256   9238468
256   8922492
256   9299364
256   9285744
256   9416204
256   8820872
256   8962580
256   9393448
256   9618824
256   9069632
256   9349876
256   8916264
256   9579028
256   9297220
256   9442416
256   9238412
256   9267548
256   9566440
256   8995852
256   8903224
256   8805648
256   9615196
256   9689068
256   9757140
256   9131660
256   8910052
256   9635892
256   9389380
256   9706020
256   9358504
256   9649692
256   9633036
256   9358088
256   9638124
256   9428520
256   9048752
256   8627816
256   8774112
256   9260956
256   9415612
256   9044456
256   8289416
256   9108780
256   9466312
256   9347240
256   9331712
256   9520860
256   9220648
256   9620852
256   9021300
256   9428448
256   9472648
256   9304664
256   9024376
256   9498028
256   9259540
256   9620120
256   9486904
256   9214112
256   9238868
256   9372876
256   9474264
256   9702720
256   9018500
256   8597876
256   9719280
256   9124168
256   9171948
256   9899448
256   9249380
256   8779632
256   9477048
256   8601648
256   9408028
256   8832604
256   9739940
256   9353184
256   9168396
256   9512992
256   8691320
256   8979952
256   9646128
256   9459220
256   9548164
256   9078980
256   9275996
256   9527068
256   9095864
256   8618788
256   8918968
256   9319260
256   9692960
256   9473200
256   9582816
256   9001544
256   8924820
256   9353040
256   9438464
256   9706864
256   9513444
256   9080948
256   8706404
256   8723352
256   9171056
256   8496884
256   9434296
256   9310652
256   9020136
256   9354008
256   9087664
256   9270204
256   9503368
256   9085096
256   8826912
256   9008364
256   9063312
256   9084076
256   9466844
256   9230244
256   9510108
256   9164660
256   9116188
256   8620528
256   9571456
256   9460368
256   8881900
256   9470488
256   8913044
256   8960412
256   9401788
256   8282512
256   9579900
256   8015252
256   9461112
256   8351044
256   8948516
256   9557072
256   9143124
256   9387340
256   9577752
256   8967844
256   9361496
256   8754696
256   8716900
256   9272464
256   9232660
256   9428532
256   8491240
256   8717496
256   9070832
256   9200348
256   8721304
256   9337016
256   9263392
256   8989728
256   9009716
256   9273760
256   9108244
256   8276180
256   9193932
256   8997132
256   8855112
256   9155656
256   8913908
256   9223128
256   9763152
256   9784984
256   9045820
256   9777396
256   8628368
256   9143436
256   9409620
256   8854432
256   9136180
256   8884244
256   9186092
256   9273432
256   8836900
256   8803820
256   9254808
256   9488944
256   8931756
256   9489996
256   9680372
256   9830860
256   9063404
256   9715044
256   9064516
256   8931692
256   9187232
256   9406788
256   8882540
256   9768856
256   8984084
256   9397624
256   9019992
256   9924160
256   9274776
256   9550584
256   9178376
256   9348896
256   8584312
256   9139204
256   9269816
256   9148948
256   9884672
256   8957032
256   8782712
256   9289080
256   8890284
256   9070228
256   9748516
256   8588620
256   9381496
256   9363928
256   8494968
256   10108776
256   8981568
256   9346616
256   9314256
256   9900504
256   8810388
256   8397340
256   9498688
256   8906076
256   9464404
256   9317896
256   9099820
256   9315952
256   9398256
256   9396964
256   9166484
256   9429880
256   8896056
256   9129160
256   9941056
256   9165868
256   9191172
256   8293240
256   8918624
256   9642196
256   9171248
256   9187468
256   8843648
256   9938324
256   8337404
256   9674668
256   8625540
256   9270708
256   9692372
256   9377496
256   8779912
256   9595832
256   9079980
256   9055188
256   8869808
256   8941348
256   8807244
256   9494876
256   9780092
256   9267644
256   9079412
256   9285056
256   9038936
256   8770640
256   9099144
256   8904748
256   9372632
256   9051748
256   9115052
256   9416004
256   8941072
256   9469584
256   8807236
256   9669292
256   8844780
256   9827556
256   9447288
256   8887944
256   8958152
256   9708872
256   9203144
256   9187908
256   9307340
256   9050428
256   9525240
256   9075560
256   8945996
256   8500880
256   8884056
256   8737220
256   8491980
256   9138192
256   9096200
256   9212872
256   9033284
256   9093268
256   8809392
256   9264128
256   8994140
256   9560968
256   8674100
256   9095396
256   9457316
256   9765824
256   8002400
256   9452040
256   9313876
256   9335992
256   8584160
256   8384756
256   8980820
256   9324440
256   9449108
256   9196464
256   9196004
256   9371796
256   8580944
256   9228564
256   9412080
256   9915772
256   8968104
256   9071092
256   9533996
256   9553184
256   9259556
256   9037908
256   9418396
256   8878108
256   9042732
256   8980480
256   9177636
256   8832860
256   9295004
256   8691472
256   9792496
256   9514776
256   9019256
256   9545084
256   8977780
256   9536484
256   9488364
256   9119940
256   9334284
256   8927480
256   8652752
256   8982824
256   8985500
256   9123392
256   9659460
256   9379180
256   9433016
256   8532920
256   9259456
256   9473924
256   8906860
256   9251440
256   9380084
256   9398272
256   9248384
256   9010772
256   9668484
256   8625236
256   9498068
256   9398288
256   9221432
256   8913328
256   8914028
256   9358792
256   9315044
256   9087644
256   9337824
256   8781448
256   8807552
256   9557596
256   9338972
256   8959676
256   8990892
256   8856612
256   9351248
256   9594960
256   8824076
256   9354672
256   9284944
256   9418916
256   9128584
256   9021552
256   8395716
256   9066692
256   9031064
256   9467468
256   9051484
256   9147888
256   8904096
256   8947316
256   9467448
256   9788420
256   9053428
256   9135068
256   8776400
256   9137980
256   9232996
256   9514528
256   9167164
256   9074144
256   8875448
256   9103588
256   8734048
256   9858832
256   9617728
256   8862964
256   9517144
256   8928596
256   9446652
256   9003448
256   9426540
256   9360584
256   9258300
256   9038068
256   8743668
256   8714020
256   9351020
256   9523560
256   8977988
256   9498560
256   9499096
256   9422160
256   9173424
256   9078388
256   9577332
256   8552964
256   9648220
256   9346468
256   8778248
256   9266404
256   8907932
256   9390944
256   9011764
256   9096700
256   8903824
256   9877776
256   9390240
256   8903964
256   9244060
256   8903372
256   9086844
256   8980864
256   9419012
256   9584280
256   8861524
256   8945904
256   9323440
256   9430856
256   9120288
256   9417636
256   8921800
256   9134016
256   8637240
256   8753160
256   8834020
256   9189460
256   8989720
256   8706488
256   9513896
256   9991016
256   9488940
256   9335840
256   9186188
256   9571232
256   9357840
256   8692088
256   9468288
256   9523144
256   9379860
256   9354716
256   8800956
256   9025412
256   8873804
256   8994140
256   9738400
256   9670668
256   9407236
256   9120436
256   9691000
256   8924564
256   9298528
256   9343452
256   8915256
256   8921720
256   9236220
256   9712148
256   9399760
256   9122120
256   9132076
256   9686200
256   9052804
256   9763028
256   9561188
256   9478988
256   9336464
256   9431436
256   8964328
256   9374760
256   9446648
256   9022092
256   8552744
256   9124960
256   9828904
256   9255072
256   9079128
256   9109132
256   9125340
256   8780240
256   8882568
256   9369676
256   8997860
256   9101864
256   9187292
256   9087096
256   9666396
256   9335160
256   8899032
256   8911704
256   9232164
256   9623428
256   8281300
256   9300944
256   9474932
256   9837700
256   9105220
256   9494028
256   10215628
256   9496388
256   8819024
256   9555800
256   9251112
256   8987824
256   8764876
256   9690080
256   9333588
256   9073632
256   9625788
256   9606412
256   9855496
256   9444376
256   9175308
256   8901360
256   9193376
256   9049772
256   9373284
256   9539860
256   9572052
256   8861720
256   9382004
256   9380064
256   8874512
256   9043768
256   9202336
256   9161716
256   9904952
256   9213660
256   8854844
256   8929988
256   8867432
256   9265660
256   8868460
256   9305952
256   8999688
256   9233256
256   9176028
256   8857684
256   9134416
256   9196516
256   9112876
256   9211032
256   9167828
256   9146464
256   9306564
256   9351844
256   9594748
256   9282328
256   9326636
256   8848484
256   9251692
256   9172796
256   8664392
256   9953888
256   9209660
256   9255104
256   9204420
256   9291904
256   9363072
256   9209908
256   9255408
256   9331420
256   9427784
256   8942620
256   9146744
256   9169684
256   8994932
256   8950180
256   9079836
256   9221424
256   9141132
256   9458940
256   9389216
256   9436076
256   9371760
256   9138304
256   9410484
256   8777644
256   9062040
256   9444184
256   9053728
256   9186680
256   8774024
256   8383840
256   9042256
256   9214880
256   9788656
256   9641532
256   8872104
256   9227632
256   9275332
256   9110896
256   9303248
256   8997200
256   9393452
256   9598072
256   8437100
256   8794816
256   9148244
256   8770364
256   9028108
256   10168332
256   8706232
256   9755812
256   9422296
256   9720344
256   8436028
256   9662852
256   9267480
256   9190384
256   9507404
256   9227208
256   8963000
256   9467192
256   9698964
256   9020220
256   9179144
256   9334916
256   9081168
256   9570296
256   8917896
256   9151404
256   8742284
256   9343420
256   8956916
256   8851464
256   9271220
256   8658248
256   9052736
256   8637120
256   9074356
256   9021988
256   9271800
256   8725324
256   9483996
256   9181668
256   8834292
256   9292288
256   9116800
256   9236932
256   8846488
256   8461876
256   8714344
256   9464060
256   9172576
256   9124240
256   9536276
256   9149396
256   9239524
256   9345000
256   8992520
256   8739160
256   8543496
256   9581316
256   9088196
256   9437480
256   9679412
256   9381636
256   9372416
256   9641160
256   8572264
256   9300564
256   8372812
256   9487812
256   9001568
256   9619448
256   8955404
256   9573392
256   8480316
256   9133528
256   9489040
256   9300868
256   9587972
256   9218008
256   10187968
256   8484260
256   8894436
256   8928016
256   9321584
256   9087212
256   9145148
256   9476776
256   9012344
256   8947724
256   9158080
256   9624000
256   9123732
256   9212812
256   9216736
256   8732868
256   9512740
256   9569056
256   9337680
256   8821292
256   9162520
256   9238824
256   9302240
256   9099840
256   9129428
256   8722008
256   9338216
256   9829452
256   8887820
256   9754044
256   9454436
256   9224080
256   8871284
256   8768644
256   8700696
256   9193136
256   9096780
256   9361616
256   9442064
256   9213564
256   9440372
256   8809012
256   8992752
256   8783884
256   9009400
256   9043548
256   9686068
256   8522360
256   9243000
256   9268484
256   9605680
256   9842908
256   8613636
256   8726900
256   9911704
256   9306408
256   9187360
256   9314748
256   9429268
256   9353788
256   9340384
256   9850524
256   8799580
256   9126712
256   9308924
256   9459316
256   8997664
256   9192308
256   9266316
256   8965248
256   9040516
256   9158388
256   9336840
256   8829952
256   8818220
256   9665396
256   9431252
256   9198948
256   9240928
256   9033720
256   8855976
256   9653696
256   8630064
256   9080932
256   8657884
256   9135776
256   8770404
256   9398020
256   9266452
256   9027592
256   9344260
256   9508140
256   9704876
256   8821884
256   9612932
256   9369916
256   9423796
256   9087480
256   9092152
256   9512044
256   9171708
256   9279256
256   9488664
256   9189088
256   9165312
256   9205176
256   8892880
256   9265540
256   9273264
256   8668972
256   9816056
256   9265656
256   8909672
256   9355072
256   8879808
256   8889384
256   8747940
256   8835960
256   9619028
256   9095620
256   8902796
256   8863964
256   9479832
256   8931124
256   9177876
256   8946556
256   9425668
256   9005260
256   8942508
256   9595184
256   9057820
256   9519884
256   9061172
256   8980136
256   9184212
256   9184872
256   9742028
256   10194304
256   9471020
256   9228416
256   9153748
256   9081300
256   9829960
256   9191788
256   9023236
256   9349112
256   9140908
256   9046908
256   9466556
256   9366320
256   9201732
256   9538148
256   9156328
256   9072492
256   9604048
256   9446416
256   9051896
256   9281456
256   9292212
256   8497660
256   9287840
256   9437140
256   9638692
256   9394148
256   9246156
256   9425632
256   9329968
256   9775652
256   9699948
256   9491264
256   9617412
256   9286720
256   8751124
256   9309664
256   9460592
256   8732872
256   9353844
256   9124796
256   8630964
256   9427496
256   8937976
256   9133328
256   9230536
256   9049340
256   9681232
256   9072840
256   9607616
256   9516988
256   9311780
256   8963860
256   9624892
256   9750744
256   8827676
256   9021376
256   9261788
256   9178628
256   9353676
256   9751156
256   8869512
256   9221808
256   9768736
256   9347140
256   8968448
256   8898332
256   9333260
256   9283664
256   9468068
256   9254536
256   9740828
256   9455332
256   9502452
256   9582408
256   9437480
256   9215080
256   8600336
256   9558576
256   9458464
256   9225480
256   9081176
256   8751036
256   8487532
256   7632132
256   9030584
256   9136560
256   9327420
256   9146368
256   9112156
256   8438728
256   9340080
256   8856536
256   9216632
256   9689024
256   9455708
256   9297436
256   9216960
256   8774344
256   9394876
256   9354080
256   9361384
256   9819312
256   9109676
256   9676584
256   9309772
256   9107832
256   9036316
256   9924560
256   8922304
256   8751600
256   8565636
256   9121544
256   9480216
256   9092944
256   9509804
256   9015380
256   9616340
256   9125592
256   9413080
256   9128140
256   9122528
256   8953568
256   9521552
256   9135184
256   9559684
256   9247368
256   9097956
256   8842420
256   8701196
256   8906724
256   9012236
256   9618932
256   9402192
256   8981700
256   8725012
256   9039268
256   9244984
256   9188752
256   9063884
256   8905024
256   8814320
256   8658292
256   8399880
256   9512468
256   8598108
256   9279224
256   8656672
256   9402252
256   8859472
256   9501772
256   8587184
256   9079696
256   8770504
256   8870804
256   8961236
256   8932240
256   9510316
256   9416368
256   8778476
256   8950924
256   8919964
256   9394568
256   9400096
256   9263172
256   8641696
256   8968672
256   9128236
256   9511000
256   8464912
256   8686556
256   9309056
256   9117340
256   8690620
256   9445616
256   9167532
256   8757336
256   9302644
256   8963880
256   9102424
256   9951980
256   8942824
256   9231104
256   8823208
256   9211740
256   9184612
256   9763604
256   8580580
256   9637380
256   9645440
256   8648324
256   9346492
256   9310408
256   9730360
256   9394108
256   8890596
256   8952748
256   9410996
256   9176000
256   9245180
256   9094204
256   9906324
256   9314012
256   8950012
256   9188820
256   8706676
256   8445452
256   8838380
256   9470664
256   9208872
256   8754652
256   9533440
256   9211320
256   9015392
256   9334596
256   8826720
256   9320224
256   9242628
256   8490976
256   9221188
256   9551480
256   9280960
256   9041880
256   9026940
256   9060708
256   9294612
256   9538076
256   9493208
256   9749208
256   9920400
256   9280888
256   9523832
256   8901768
256   8915132
256   9083680
256   8692764
256   9374060
256   9294012
256   9458160
256   8866572
256   8869044
256   9502384
256   8338804
256   8972828
256   9402212
256   9435248
256   9138304
256   9200060
256   9260704
256   9112692
256   9279268
256   8799860
256   9364552
256   9236988
256   10087472
256   9081972
256   9465388
256   8793004
256   9178556
256   9461924
256   8914220
256   8635988
256   9863744
256   9309324
256   9087312
256   9648204
256   9830540
256   9111332
256   9061904
256   9425008
256   9372064
256   8706528
256   8955048
256   9516880
256   8989072
256   9228880
256   9118656
256   9206028
256   9193204
256   9418276
256   9196012
256   9025636
256   8978140
256   9173612
256   9293048
256   9322364
256   9428464
256   8467964
256   9101632
256   9231136
256   9809684
256   8741432
256   9497416
256   8845148
256   8760668
256   9159536
256   9791156
256   9366176
256   9378448
256   8617808
256   9421312
256   9203336
256   9420896
256   9195512
256   9743232
256   9163964
256   9656272
256   9093560
256   9282652
256   8742992
256   8839760
256   9434588
256   9237356
256   8981400
256   9950088
256   9792004
256   9409060
256   8992436
256   9150944
256   9769232
256   8983216
256   8812784
256   8788508
256   9554040
256   9209988
256   9426080
256   9506604
256   9413408
256   9162184
256   9358520
256   9581184
256   9630712
256   9536100
256   9581436
256   9484460
256   9947584
256   9169988
256   9055524
256   9371080
256   9453160
256   9243964
256   9281316
256   9030968
256   9471340
256   9192132
256   9599112
256   9203268
256   9366680
256   9296888
256   9554476
256   8556840
256   9560688
256   9398796
256   9180580
256   9246728
256   8957280
256   9015064
256   9235248
256   9595752
256   9513756
256   9063212
256   8795848
256   8657944
256   9291644
256   9545952
256   8585016
256   8968880
256   9267080
256   9426684
256   9527708
256   8915028
256   10238492
256   8951756
256   9133088
256   8834460
256   9234556
256   9354356
256   9248532
256   9229180
256   9400164
256   9629288
256   9233632
256   9229548
256   9141700
256   8958736
256   9355096
256   9485996
256   9251964
256   8568376
256   9893300
256   9734468
256   9563160
256   8667300
256   8727368
256   9265328
256   8801404
256   9461688
256   8852260
256   9699700
256   8749236
256   9111196
256   9490520
256   9448332
256   9797776
256   8413668
256   9237920
256   9275376
256   9150316
256   9552284
256   8881844
256   9564732
256   9128104
256   9273908
256   9387164
256   9027708
256   9183024
256   8950560
256   9013508
256   9243368
256   9263212
256   9142072
256   9603364
256   9152404
256   9437192
256   9579212
256   9457392
256   8846192
256   9606180
256   8453672
256   8615916
256   8918080
256   9026528
256   9153204
256   9330016
256   9330388
256   9548408
256   8684616
256   9862884
256   9164980
256   9320184
256   9575020
256   9760868
256   8490404
256   9226284
256   8973080
256   9433928
256   8914220
256   9677132
256   9368440
256   9334096
256   8994448
256   9369424
256   8781000
256   9300028
256   9315204
256   9145848
256   9024904
256   9264432
256   8740476
256   8758724
256   9639588
256   8858216
256   9875204
256   9315848
256   9101576
256   9075424
256   9359120
256   9145140
256   9466196
256   8958296
256   9503936
256   9065148
256   9059188
256   9258552
256   9165848
256   9252288
256   9215516
256   9835428
256   8813996
256   9019132
256   8617976
256   9243516
256   8921272
256   9691232
256   9025988
256   9203064
256   9292000
256   9427376
256   8773944
256   9140788
256   9168228
256   9087084
256   9117664
256   9482892
256   9246776
256   9720416
256   9214940
256   9303492
256   9330844
256   9310168
256   9423440
256   9091136
256   8876416
256   9251432
256   9310760
256   8744248
256   8824516
256   9689024
256   9539528
256   8639104
256   9611048
256   9569788
256   8915928
256   9330484
256   8911272
256   8963264
256   9530312
256   9185500
256   9380368
256   8831480
256   9225860
256   9344956
256   8976456
256   9376740
256   8922464
256   9007784
256   8704056
256   9586964
256   9700304
256   9038384
256   9107120
256   9293248
256   9216336
256   9405624
256   8737028
256   9736980
256   9617240
256   9643928
256   9167812
256   9057376
256   8920312
256   9406540
256   9025048
256   8778648
256   8447932
256   8619828
256   10077596
256   9073824
256   9567000
256   8766392
256   9082732
256   8609872
256   8857072
256   9327496
256   9273520
256   9352492
256   9202168
256   9157620
256   9203336
256   9333160
256   9048032
256   9095276
256   8935216
256   9268460
256   9001220
256   9095904
256   9384140
256   8865688
256   9374616
256   8584812
256   8990600
256   8941676
256   9072752
256   9412128
256   9120240
256   8914232
256   8847516
256   8852340
256   9062728
256   9047212
256   9375312
256   9206868
256   9124488
256   9180316
256   9544732
256   8850732
256   9186860
256   8691956
256   9201756
256   9157332
256   9527472
256   9225440
256   9726920
256   9226328
256   9713328
256   8924940
256   9197524
256   9283440
256   9852364
256   9812284
256   9276840
256   9073556
256   9642452
256   9361056
256   9446564
256   9206644
256   9380760
256   9306036
256   9273184
256   9232900
256   9619292
256   9263912
256   9550348
256   8618272
256   8868368
256   9239624
256   8733392
256   9321132
256   9422140
256   8990116
256   9613932
256   9215452
256   9117244
256   8965328
256   9266508
256   9277780
256   9338832
256   9658884
256   9453108
256   9054292
256   8839924
256   9157356
256   8750536
256   8372500
256   8904492
256   8585324
256   9273020
256   9675000
256   9102468
256   9682728
256   9240324
256   8965348
256   9229800
256   8567604
256   9282396
256   9525184
256   9143812
256   8714520
256   9322564
256   9495700
256   8964272
256   9312500
256   9086652
256   9035856
256   8338416
256   9881864
256   9850020
256   9562704
256   9424108
256   9627220
256   9381084
256   9479112
256   9184408
256   9019848
256   9448800
256   8599920
256   9049228
256   9353576
256   9045036
256   8956484
256   9414684
256   9210444
256   9251336
256   9198248
256   8657972
256   9001868
256   8725444
256   9385984
256   8950316
256   9347324
256   9790376
256   9901620
256   9231976
256   8502012
256   9084564
256   9308876
256   9091700
256   9392020
256   9121692
256   9212836
256   9301372
256   9571712
256   8733788
256   9318536
256   8681584
256   9521536
256   9214772
256   9234904
256   8812188
256   8726000
256   8846516
256   9060060
256   8507460
256   9384592
256   8939460
256   8578408
256   9268148
256   8988832
256   8812164
256   8874868
256   9379252
256   9561460
256   9110360
256   8668948
256   8994544
256   9066676
256   9377940
256   9089128
256   8910352
256   9598276
256   8774732
256   9145340
256   9464448
256   9169484
256   9282124
256   9379488
256   8671492
256   9540332
256   9345472
256   9381876
256   9688864
256   9382940
256   9333832
256   8831820
256   9419984
256   9348424
256   9290628
256   9579792
256   9367656
256   9350796
256   8960016
256   8827248
256   9295148
256   9482400
256   9317448
256   9249412
256   9081972
256   9427656
256   8925604
256   9845036
256   9351776
256   9909956
256   8764420
256   8386960
256   8958332
256   10005424
256   9517124
256   9117912
256   9224556
256   9271516
256   9031092
256   9264080
256   8715204
256   9168788
256   8824604
256   9112700
256   8679720
256   9448552
256   9567272
256   9143420
256   9291764
256   8566520
256   9206300
256   9673480
256   8776476
256   9122604
256   9584120
256   9398596
256   9606764
256   8971920
256   9432528
256   9295672
256   9396160
256   9226272
256   9390244
256   9681200
256   9062080
256   9163016
256   9331476
256   8977024
256   9174412
256   9494620
256   9644924
256   8762404
256   8760904
256   8757300
256   9459024
256   10064984
256   9137328
256   8965676
256   9027868
256   8615300
256   8984180
256   8437364
256   9341916
256   9374308
256   9356836
256   9222840
256   8743140
256   8815036
256   9477844
256   8754820
256   8916228
256   9067232
256   8860400
256   9899932
256   9375488
256   9487044
256   9139944
256   9148108
256   9493180
256   9050500
256   9470308
256   9146764
256   9090384
256   9274280
256   8808736
256   8627096
256   8624528
256   9063192
256   8967932
256   9210044
256   9090928
256   9150356
256   9520832
256   8965528
256   9079824
256   8928456
256   9242520
256   9126848
256   9382568
256   9155908
256   9108248
256   8996648
256   9483016
256   9776000
256   8856492
256   9441948
256   9246096
256   8981584
256   9261312
256   9009128
256   8499652
256   9371560
256   9301240
256   9477408
256   8987696
256   9116120
256   9426748
256   9156908
256   8758008
256   9570652
256   9062920
256   9428900
256   9286912
256   9526260
256   9497056
256   8824300
256   8838224
256   9245240
256   9372904
256   9527728
256   9265504
256   9250920
256   9326944
256   9300200
256   9228336
256   9626220
256   9115412
256   9478276
256   8703988
256   8659916
256   9281884
256   9110904
256   9528060
256   9265420
256   9623832
256   8990816
256   9553340
256   9667016
256   8852112
256   9486696
256   9249140
256   8942100
256   8972608
256   10024644
256   8912928
256   9533696
256   10079096
256   9233252
256   9376440
256   9424956
256   9307520
256   9542724
256   9056664
256   9089156
256   9009300
256   8912480
256   8979932
256   9549280
256   8860836
256   8565204
256   9185844
256   8719200
256   9088732
256   9060604
256   9406496
256   8380116
256   9039736
256   9347920
256   9478704
256   8997296
256   8962008
256   8888396
256   8954336
256   9483468
256   9775996
256   9236600
256   10039936
256   9345284
256   8796492
256   9200936
256   9019652
256   9041716
256   9603172
256   9085504
256   8703480
256   9205788
256   9185920
256   8934880
256   9733432
256   8903316
256   9132616
256   9085980
256   9006668
256   8974840
256   9086976
256   9135452
256   9153516
256   9024068
256   9483412
256   8559756
256   9012004
256   9816580
256   9273532
256   8878512
256   8950940
256   9655316
256   9743832
256   9151320
256   8880332
256   9491276
256   9385888
256   8981408
256   9024728
256   8687088
256   9267464
256   9241496
256   9349568
256   9334384
256   9099656
256   8442988
256   9618144
256   9513816
256   9042308
256   9518428
256   8278028
256   8945444
256   9423112
256   8977160
256   8699508
256   8625152
256   9276428
256   9499088
256   9291672
256   9306424
256   9797972
256   9321420
256   9531476
256   9328296
256   8983592
256   9220420
256   9402120
256   8930588
256   9022688
256   9447284
256   9064440
256   9121544
256   9315184
256   9351196
256   9058152
256   8899680
256   9198172
256   9329888
256   9121580
256   9811460
256   9093016
256   8631748
256   9893332
256   9310040
256   9655632
256   9398428
256   9587408
256   8989252
256   9298884
256   9742760
256   9147312
256   10151560
256   9100524
256   8695716
256   8974864
256   8938616
256   9386356
256   9432928
256   9214332
256   9111780
256   9623052
256   9243924
256   9501880
256   9098052
256   8784160
256   9484424
256   9065060
256   9216788
256   9392716
256   9623816
256   9314896
256   8820660
256   9139152
256   9390800
256   9722292
256   9475284
256   9532104
256   9507816
256   8754008
256   9644696
256   9185396
256   9214560
256   9357300
256   8716216
256   8923440
256   8344756
256   9245364
256   9287252
256   8989236
256   9592656
256   10776248
256   10943524
256   10585184
256   11154532
256   11075884
256   10877984
256   10760140
256   10825028
256   10898152
256   11652876
256   10641260
256   11114012
256   12108808
256   11500952

