12   353528
51   1353328
256   7037720
256   6501960
256   6996216
193   5205476
256   6757112
256   7220200
256   6579796
256   7127852
256   6836800
256   6902852
256   6871104
256   6787460
256   7436216
256   7030488
256   6994072
256   6485088
256   7171728
256   6685820
256   6915172
256   6999956
256   6849904
256   6987308
256   6857172
256   6834752
256   7034600
256   6869340
256   7028996
256   7086908
256   7095184
256   7001188
256   6946376
256   7556544
256   6991472
256   6754412
256   7370780
256   6729976
256   6758080
256   7011660
256   6517092
256   6883104
256   6757256
256   6754024
256   7382500
256   6925324
256   7405616
256   6861748
256   6569104
256   6895260
256   6396164
256   7129672
256   8372788
256   8849104
256   9624984
256   9498216
256   9180888
256   9191956
256   9027340
256   9424740
256   8796832
256   8648956
256   9054644
256   9451572
256   9301424
256   9544752
256   9426764
256   9694272
256   9626704
256   9070068
256   9215276
256   9499844
256   8798472
256   9685480
256   9501068
256   9726468
256   9197220
256   8968144
256   9318216
256   9489704
256   9441528
256   9106712
256   9076692
256   9075216
256   9377188
256   9492948
256   9315316
256   8726028
256   9309056
256   9199320
256   8507692
256   8873804
256   8930304
256   9261896
256   9035556
256   9661064
256   9439124
256   9219664
256   9861836
256   9027256
256   9716064
256   9438056
256   9605268
256   9792032
256   9002988
256   8739632
256   9492688
256   8996304
256   8893288
256   9023352
256   9739488
256   9663604
256   9286716
256   9350004
256   8853436
256   9206584
256   9459348
256   9158096
256   9406344
256   8290728
256   9238956
256   9527348
256   9728788
256   9377348
256   9389244
256   9421284
256   9326536
256   9190424
256   9116412
256   9102292
256   9118532
256   9408600
256   9183320
256   9794668
256   9491672
256   9107500
256   8679188
256   9427032
256   8650632
256   9399240
256   9645848
256   9540808
256   9337404
256   9353376
256   9052104
256   9065592
256   9456832
256   9105932
256   9529248
256   9518648
256   9606424
256   8561188
256   9277936
256   8707780
256   9518248
256   9544920
256   9187568
256   9416820
256   9642792
256   9334556
256   8560664
256   9407976
256   9530976
256   8963244
256   8821508
256   9110440
256   9076632
256   8876056
256   9047664
256   9129248
256   9172664
256   9191364
256   8891128
256   9490832
256   9538012
256   8754312
256   9272784
256   9563612
256   8991032
256   9600028
256   8768752
256   8178916
256   9465824
256   9460364
256   9325852
256   9413576
256   9359288
256   9078224
256   8975116
256   9440168
256   8792588
256   10346664
256   8775680
256   9204324
256   9263776
256   8618964
256   8837384
256   8644016
256   8702664
256   9344256
256   9654916
256   9311568
256   8981936
256   8990564
256   9243928
256   9565228
256   9040712
256   9362124
256   8882720
256   8995156
256   8903112
256   9182632
256   9570648
256   8489296
256   9475376
256   9782128
256   9458568
256   9536916
256   9413364
256   9170788
256   9639748
256   9293016
256   9150040
256   8820140
256   9514288
256   9533404
256   8811492
256   8915212
256   9052632
256   9253172
256   9496952
256   9703772
256   8859664
256   9524496
256   9514128
256   9280088
256   8897180
256   9884740
256   9578532
256   9506612
256   9316344
256   9737516
256   9570632
256   8863116
256   9556252
256   9389112
256   9560716
256   8829420
256   9304268
256   9899408
256   9256396
256   9197292
256   9776512
256   9121668
256   8661428
256   9422516
256   8869588
256   9119300
256   8797464
256   9038140
256   8909412
256   9655548
256   9851528
256   9194788
256   8943312
256   9433008
256   9674532
256   9312952
256   9439288
256   8923832
256   8650688
256   9202216
256   9124480
256   9253912
256   9135788
256   8646248
256   9481292
256   9694148
256   9846348
256   9383900
256   9425072
256   9973784
256   9421580
256   9125460
256   8933580
256   9706568
256   8947588
256   9215484
256   9385172
256   9245964
256   8904316
256   8889148
256   9327860
256   8952448
256   10083192
256   9787724
256   9856548
256   10010264
256   9795764
256   9016424
256   9388072
256   9445472
256   8433212
256   9082444
256   9021224
256   8920824
256   8995716
256   9333500
256   9914364
256   8508320
256   9189868
256   9737112
256   8978616
256   9485900
256   9357024
256   9250396
256   9001284
256   9113624
256   9353996
256   9217992
256   9870520
256   9067848
256   9162784
256   9378328
256   9448628
256   9339480
256   10012196
256   9149968
256   9623592
256   8924368
256   9075908
256   8862500
256   9137048
256   9001060
256   9003516
256   9366040
256   8722856
256   9293404
256   9080880
256   8840472
256   8721608
256   9040284
256   9112012
256   9018160
256   9578068
256   9342144
256   9430640
256   9595260
256   9411120
256   9594624
256   9299248
256   9680160
256   9418348
256   9196340
256   9434624
256   9108044
256   9101384
256   9369288
256   9072700
256   9773968
256   9226516
256   9930524
256   8885176
256   8991696
256   9369372
256   8648248
256   9446752
256   8827468
256   9007332
256   9394536
256   9029188
256   10164736
256   9271912
256   9321108
256   8392500
256   8919476
256   9186352
256   8842156
256   9119308
256   9086192
256   9134312
256   9072872
256   9130864
256   9219876
256   9792156
256   9349772
256   9436916
256   9312376
256   9155268
256   9729640
256   8904412
256   9639372
256   9354512
256   9074132
256   8706440
256   9107240
256   8664212
256   8998320
256   9192516
256   9425300
256   9438056
256   9861308
256   9797820
256   9159604
256   9650948
256   9059796
256   9429076
256   9608876
256   8684444
256   9398572
256   8956712
256   9054448
256   9005540
256   9228124
256   8937264
256   9242984
256   9706740
256   9822804
256   9310960
256   9320528
256   9075256
256   9249848
256   8997764
256   9185420
256   9376424
256   9033752
256   9155280
256   8923276
256   8845372
256   9459600
256   8923692
256   9633016
256   9723040
256   9236640
256   9380720
256   9098192
256   9307640
256   9879560
256   9228192
256   9151288
256   9539356
256   9704676
256   9170296
256   9101556
256   9680112
256   9761816
256   9042908
256   9369748
256   9412792
256   9384840
256   9250748
256   8960992
256   8808708
256   9534692
256   8558324
256   9457760
256   8822012
256   9342508
256   9232056
256   9024564
256   9596476
256   9084144
256   9338700
256   9381884
256   9607316
256   9247728
256   9453192
256   9045692
256   9937548
256   9236460
256   9109968
256   9189072
256   9740584
256   9693948
256   9409704
256   8697376
256   9406816
256   8887816
256   9031752
256   9032376
256   9601212
256   9583932
256   9332024
256   9770660
256   9093752
256   9283572
256   9622292
256   10193500
256   9299600
256   9076012
256   9521580
256   9454248
256   8897308
256   9245524
256   9279124
256   8711984
256   9214520
256   9416012
256   9526384
256   9542076
256   9733720
256   9336820
256   9552896
256   9186960
256   9368176
256   9301024
256   9356568
256   9419688
256   9466164
256   8649512
256   9518480
256   9678500
256   8789044
256   9422196
256   9178520
256   9971444
256   9126976
256   9635368
256   9011668
256   9073084
256   9268324
256   9243504
256   9481244
256   9163260
256   9143728
256   9065836
256   9368256
256   9094692
256   8854072
256   9339972
256   9205276
256   10051580
256   8771792
256   9174728
256   10205612
256   9068800
256   9336092
256   9450508
256   9424216
256   9103772
256   8517736
256   8879804
256   9658480
256   9786764
256   9308372
256   9595780
256   9133444
256   9562824
256   8696416
256   9500968
256   9105748
256   9502308
256   9760604
256   9715764
256   9001480
256   9367308
256   9088352
256   9620940
256   9373320
256   9174948
256   9003636
256   9228596
256   9610060
256   9033616
256   9458724
256   9539920
256   9296340
256   9424296
256   9868768
256   9633488
256   9735128
256   9598568
256   9168176
256   9535784
256   9345600
256   9648316
256   9005452
256   9510060
256   9332936
256   9003292
256   8672500
256   9072000
256   9437728
256   8996008
256   8922172
256   8306292
256   9579848
256   9219244
256   8604520
256   9379984
256   9260220
256   9465296
256   9192956
256   9133604
256   9166848
256   9393716
256   9046076
256   9239528
256   8953516
256   8753716
256   9029092
256   9586256
256   9125728
256   8926796
256   9327772
256   9092668
256   9090844
256   9301816
256   9549616
256   8099932
256   9143580
256   9753856
256   9290192
256   9860704
256   8970108
256   9119644
256   9260836
256   8897368
256   9184812
256   8918380
256   9818692
256   8791540
256   9560024
256   8698048
256   9727428
256   9658272
256   9024060
256   9417512
256   9467576
256   8598268
256   9286220
256   9206444
256   8977884
256   9246252
256   9380608
256   9188148
256   9199912
256   9132064
256   9402540
256   8295736
256   9397988
256   9796896
256   9406692
256   9004008
256   8907416
256   9051100
256   9237860
256   9216188
256   9390676
256   8886360
256   9372200
256   9185036
256   9436580
256   9408460
256   9520808
256   8870404
256   9203400
256   9296720
256   9171460
256   9315496
256   9242872
256   9532024
256   9047268
256   9368368
256   9522428
256   10579028
256   8950960
256   8702212
256   8356296
256   9147388
256   8838768
256   9849776
256   9071000
256   9689204
256   9425948
256   8978284
256   8864728
256   9531460
256   9330464
256   9181956
256   9707232
256   9746392
256   9712752
256   9699768
256   9258972
256   9125060
256   9434816
256   9361984
256   9188804
256   8751660
256   9149024
256   9266132
256   9558500
256   9782368
256   9625792
256   9388208
256   9279084
256   9318952
256   8916252
256   8787064
256   9104524
256   9167896
256   9133496
256   9716856
256   9640904
256   9196360
256   9596540
256   9241208
256   9387940
256   8686516
256   8974820
256   9508972
256   9278492
256   9441840
256   9266320
256   9473228
256   9342704
256   9162440
256   8703392
256   9579612
256   6974196
256   9193996
256   10015748
256   9022860
256   9354480
256   9600412
256   9302232
256   9529752
256   8855760
256   8879056
256   9738680
256   9728416
256   8975240
256   8956724
256   9482780
256   9255336
256   8699500
256   9386576
256   9154016
256   9119540
256   9161984
256   9547792
256   9358784
256   9450236
256   9430656
256   9345708
256   9421240
256   9111220
256   8942748
256   9475344
256   9906884
256   9120880
256   8710272
256   9690600
256   9384680
256   9361584
256   9511632
256   9915796
256   9363496
256   9069552
256   9299140
256   8856980
256   9689320
256   9372048
256   9493272
256   8833412
256   9504556
256   8561836
256   9770228
256   8870516
256   9492784
256   8757732
256   8694800
256   8846772
256   9055828
256   9704732
256   9129300
256   9172468
256   8965044
256   9674540
256   9135040
256   9089452
256   8835372
256   9125388
256   9045456
256   9700900
256   8593644
256   9033300
256   9639776
256   9483976
256   9476876
256   9415008
256   9243520
256   9251636
256   9745800
256   9572820
256   9588948
256   9027956
256   9463564
256   9372896
256   9084624
256   9706172
256   8938216
256   9273416
256   8779188
256   9615876
256   9057824
256   9602464
256   9091788
256   9031472
256   9082692
256   9083644
256   9012820
256   8606908
256   9606096
256   8976060
256   9744760
256   9363108
256   9431200
256   9227544
256   9221220
256   9233784
256   9415180
256   9015288
256   9597712
256   9479028
256   9074448
256   8565132
256   9379460
256   9624228
256   9402344
256   9499916
256   9156068
256   9078664
256   9167616
256   9627224
256   9271292
256   8992260
256   9533096
256   9459544
256   8997244
256   9145840
256   9568060
256   9623660
256   9566248
256   8925680
256   9544104
256   9364220
256   9122744
256   9165024
256   9486992
256   9250632
256   9244060
256   9549552
256   9302708
256   9295496
256   9040540
256   9988516
256   9254984
256   8915704
256   9275964
256   9353916
256   9364176
256   9654036
256   9180876
256   9004124
256   9428240
256   8920872
256   9488576
256   8934852
256   9309448
256   9110492
256   9488288
256   9706580
256   9512920
256   9300588
256   9817032
256   9258172
256   9289516
256   9431476
256   9158628
256   8993380
256   9025588
256   9190752
256   8950612
256   9480100
256   8960312
256   9356580
256   9031732
256   8938672
256   8541056
256   9251148
256   9181252
256   8878736
256   10142088
256   9321248
256   9204724
256   9418708
256   9126056
256   9524768
256   9198244
256   9391320
256   9457368
256   9235708
256   9302324
256   9380040
256   9257428
256   9317816
256   9358272
256   9108804
256   9149456
256   9371536
256   9365064
256   9442692
256   9977752
256   8816252
256   8912380
256   8972832
256   9403212
256   9013124
256   9143168
256   9326340
256   9710012
256   9945328
256   9202596
256   8346044
256   9426900
256   9784848
256   9442804
256   9221544
256   9321712
256   9361160
256   9417532
256   8901788
256   9442552
256   9257804
256   8709420
256   9666128
256   9528628
256   9198120
256   9668196
256   9385580
256   9796748
256   9141428
256   9642356
256   9003672
256   9219020
256   9487288
256   8862356
256   8997084
256   9541840
256   8661916
256   9339320
256   9266904
256   10037164
256   9518080
256   9288300
256   9251284
256   9721120
256   8340588
256   9770364
256   8812284
256   9205944
256   8975404
256   9724968
256   9407440
256   9411344
256   8998520
256   8760288
256   9338156
256   9930104
256   8703052
256   9234860
256   9198808
256   9030572
256   9213784
256   9062688
256   9718544
256   8889756
256   9489600
256   9079640
256   9801504
256   9015548
256   9049920
256   9165312
256   10033316
256   9010444
256   9443920
256   9093356
256   9415544
256   9299536
256   8913324
256   9504688
256   9376872
256   9574224
256   9595544
256   9547760
256   9096912
256   8967896
256   9030368
256   9106676
256   9112856
256   9556828
256   8514140
256   9385840
256   9294868
256   8997220
256   9485612
256   9215800
256   9058272
256   9079852
256   8988032
256   9399004
256   9120328
256   9334528
256   9103372
256   9144208
256   8990616
256   9190268
256   9428184
256   9149172
256   9629260
256   9750452
256   9109720
256   9242500
256   9438964
256   9342580
256   9034340
256   9195488
256   9060604
256   8921960
256   9144484
256   9453332
256   9425980
256   9064684
256   8952764
256   9574472
256   9465168
256   9426436
256   9278376
256   9904264
256   9792716
256   9566688
256   9575476
256   8881448
256   9063800
256   9341168
256   8856168
256   8750136
256   9147824
256   9831908
256   9566904
256   9395048
256   9487764
256   9331140
256   9329864
256   9020188
256   9092840
256   9524724
256   8897616
256   8835172
256   9344268
256   8850788
256   9092836
256   9100956
256   9297160
256   9158092
256   9101040
256   9239024
256   9247704
256   9460928
256   9143928
256   9494908
256   9720156
256   9501564
256   9916348
256   8941224
256   9156072
256   9805280
256   9287228
256   8889228
256   10122200
256   9621980
256   9616604
256   9226908
256   9357276
256   9085672
256   9191740
256   9015652
256   9069336
256   9265716
256   9596572
256   8884312
256   9336976
256   8942416
256   9593852
256   9145232
256   9383656
256   9404980
256   9281012
256   9162088
256   9338304
256   8869720
256   9058448
256   9552076
256   9282880
256   9125060
256   8746440
256   9423340
256   9306408
256   8966436
256   9140620
256   9816256
256   9526012
256   9048772
256   9430780
256   9134736
256   9418552
256   9248712
256   8706308
256   8796488
256   9615936
256   9057320
256   9478516
256   10132500
256   8963844
256   8998100
256   9614444
256   8728796
256   10163656
256   9279584
256   8919412
256   9237504
256   9110052
256   9100852
256   9464216
256   8902760
256   9693256
256   9103780
256   9344064
256   9357860
256   9381356
256   9047228
256   9324412
256   9516732
256   9405912
256   9097308
256   8892260
256   9149792
256   9368656
256   9598700
256   8899932
256   9292112
256   8750568
256   9055836
256   8987460
256   9372704
256   9214156
256   9462296
256   9360744
256   9559792
256   9283216
256   8749556
256   9082548
256   9482112
256   9306844
256   8943580
256   9434732
256   9033916
256   9393168
256   9093756
256   8948964
256   8724492
256   9559204
256   9486456
256   8904380
256   9109828
256   9383748
256   8849124
256   9187436
256   8955072
256   9798756
256   9400980
256   9552116
256   9139996
256   9225632
256   9240304
256   9188368
256   9018124
256   8929012
256   9470788
256   9830892
256   9142036
256   8929696
256   9061812
256   9361364
256   9238604
256   8871396
256   9534928
256   9272760
256   9667924
256   9124784
256   9044156
256   9216124
256   9800668
256   9556120
256   9080992
256   9544520
256   8937796
256   8818180
256   9127440
256   9643080
256   9198208
256   9188512
256   8856108
256   9840364
256   9401904
256   9278284
256   9455468
256   9100876
256   8961960
256   8922436
256   9401384
256   9622260
256   9087676
256   9644096
256   9682836
256   9613568
256   9616436
256   8988756
256   9221764
256   8664136
256   9312640
256   8892036
256   8972248
256   9363204
256   8684064
256   9461792
256   9148536
256   9491668
256   9865016
256   8702520
256   9093320
256   9757340
256   9456452
256   9562268
256   9441184
256   8988148
256   9379176
256   9712832
256   8793540
256   9247108
256   9466152
256   8867540
256   9107384
256   8777116
256   8999248
256   9309812
256   9009612
256   9310920
256   9694628
256   9143080
256   8902672
256   8969664
256   9649348
256   8798772
256   8758416
256   9264668
256   9392040
256   9363308
256   8911308
256   9595420
256   9275812
256   9353064
256   8941992
256   9896456
256   9343348
256   9576068
256   9139620
256   9464792
256   9180952
256   9756724
256   9528192
256   10086988
256   9274380
256   8731788
256   9248628
256   9043016
256   9900496
256   9020024
256   9672916
256   9723720
256   8860188
256   9472680
256   9299496
256   9004476
256   9417996
256   9317996
256   9245040
256   9202884
256   9430084
256   9406376
256   9629288
256   9369704
256   9073988
256   9656788
256   9423168
256   9397772
256   9174448
256   9365068
256   8914540
256   9496904
256   8977436
256   8809992
256   9787732
256   8757776
256   9945352
256   9274600
256   9366684
256   9159396
256   9438352
256   9376064
256   9093360
256   8958824
256   9552376
256   9329140
256   8705132
256   9328612
256   9319452
256   9070296
256   8373028
256   9471372
256   9252788
256   8749732
256   9001664
256   9153432
256   9512272
256   9444812
256   9212000
256   9245132
256   9006204
256   9873904
256   9299572
256   9677708
256   9253356
256   9461048
256   9302524
256   9211580
256   9207012
256   9041636
256   9373524
256   9094152
256   10217080
256   9735936
256   8976404
256   8985156
256   9171048
256   9254840
256   9445324
256   8817284
256   9113152
256   9706668
256   9488532
256   8624620
256   9308780
256   9315656
256   9076216
256   10013124
256   9170672
256   9185472
256   9379708
256   9116800
256   9064048
256   9664480
256   9044948
256   9364092
256   9200524
256   9363004
256   9683124
256   9232488
256   9626276
256   8594888
256   9553588
256   9063008
256   9329068
256   8920852
256   9122712
256   9561212
256   9265676
256   9312228
256   9220324
256   8471624
256   9347468
256   9156068
256   9012116
256   9540784
256   9325068
256   9566940
256   9316384
256   8388408
256   8955916
256   9109568
256   9300112
256   9151480
256   8942740
256   9183616
256   9511468
256   9421152
256   9189364
256   9256800
256   10059420
256   8805192
256   9615824
256   9008356
256   9238352
256   9471112
256   9518272
256   9208996
256   9519952
256   9134636
256   9433448
256   9388220
256   9188452
256   9124280
256   9107288
256   9268168
256   9132764
256   9818772
256   8734296
256   9463664
256   9414836
256   9657800
256   9110720
256   8954360
256   9346944
256   9031156
256   9474508
256   9263568
256   9334200
256   9132712
256   9550268
256   9369104
256   9536132
256   9692076
256   9419776
256   9217700
256   9566792
256   8758740
256   10023256
256   9090564
256   8671096
256   9225956
256   9189156
256   9514904
256   9337204
256   9358952
256   9491612
256   9788912
256   9284304
256   9836696
256   9207020
256   9530496
256   9718984
256   8824932
256   9393136
256   9291660
256   9318984
256   9194220
256   8736204
256   10070232
256   9634276
256   8991900
256   9171560
256   9343380
256   9247692
256   8865772
256   9442800
256   9160796
256   9751124
256   9344208
256   9425460
256   9197468
256   9502904
256   9338088
256   8651296
256   9058420
256   8907240
256   9403504
256   9307196
256   9031824
256   8904328
256   8983836
256   8973756
256   9525696
256   9220228
256   9083968
256   8714692
256   9322156
256   9165008
256   9034252
256   9657808
256   9252044
256   9333160
256   8963276
256   9756696
256   9322716
256   9391260
256   9051612
256   8871924
256   9033280
256   9376936
256   9582768
256   9068556
256   9422192
256   9347420
256   9086640
256   8473908
256   9463068
256   9054180
256   9557372
256   9180052
256   9029436
256   9440172
256   9416956
256   8645748
256   9421240
256   9856336
256   9242428
256   9470092
256   9788760
256   9211032
256   9214816
256   9240228
256   9132452
256   9130384
256   9459568
256   9128108
256   9198520
256   9379280
256   7949124
256   8968276
256   9488820
256   9230284
256   9496180
256   9814096
256   9583596
256   9794976
256   9423476
256   9516300
256   10256644
256   8815340
256   9536252
256   9468176
256   9614312
256   9176880
256   10000308
256   9013008
256   9076700
256   8837168
256   9398324
256   9171240
256   8975184
256   8778448
256   9278260
256   9337368
256   8789320
256   9366128
256   9073804
256   8952440
256   9503352
256   9620456
256   9208580
256   9186004
256   9266644
256   9332388
256   9422796
256   9520800
256   9048516
256   8969560
256   8705612
256   8776388
256   8937776
256   9517156
256   9141592
256   8989420
256   8915960
256   9750304
256   8820168
256   8779272
256   7865216
256   9730272
256   9169652
256   9694976
256   9370652
256   9565548
256   8696864
256   9269408
256   8654340
256   8935344
256   7905064
256   9230924
256   9072536
256   9174800
256   9589940
256   9517944
256   9915716
256   9533860
256   9166656
256   9163780
256   9167824
256   8863488
256   8964152
256   9567440
256   8724032
256   8607792
256   9105880
256   9639728
256   9034404
256   9646500
256   9523772
256   8842380
256   9723380
256   9280108
256   9195488
256   9471716
256   8856684
256   9596224
256   8609932
256   9090652
256   8793484
256   8829680
256   9966212
256   7568212
256   9063444
256   9939016
256   9009948
256   9786164
256   8798316
256   9526432
256   8958236
256   9287380
256   9406212
256   8644060
256   9349156
256   9148976
256   9473432
256   8870836
256   9178032
256   10146256
256   9443076
256   8974412
256   9703236
256   9300200
256   8611932
256   8657872
256   8837904
256   8884636
256   9486528
256   9119768
256   9449160
256   8799896
256   9039584
256   8953900
256   8945460
256   9277060
256   9522160
256   9461684
256   9087700
256   9305076
256   9775836
256   9166464
256   9365436
256   9112420
256   8837064
256   8716936
256   9163868
256   9001232
256   9260560
256   9183612
256   9334848
256   9249672
256   8666928
256   8937596
256   9296676
256   9717348
256   9633548
256   9438312
256   9677560
256   9829372
256   9302584
256   9283288
256   9156652
256   8717376
256   8919292
256   9341976
256   9738480
256   9025416
256   9081632
256   10227064
256   9050184
256   9215468
256   9158840
256   9259120
256   9414880
256   8876368
256   9333952
256   9023780
256   9089064
256   9105172
256   9234524
256   9426412
256   9017276
256   9294196
256   9029476
256   8720924
256   9186704
256   9213032
256   8940616
256   9343912
256   9031836
256   9394696
256   9397168
256   9343160
256   9523212
256   9191872
256   9652976
256   9252096
256   8444388
256   9437568
256   9355140
256   8960676
256   8867004
256   8875068
256   9419828
256   9300844
256   9216436
256   9664764
256   9429356
256   9067204
256   8843940
256   9318920
256   8644668
256   9080664
256   9232484
256   8805140
256   9281740
256   9579508
256   9577152
256   9263164
256   9427592
256   9367932
256   9248460
256   9685284
256   8372532
256   9083996
256   8821260
256   9398612
256   9446408
256   9424884
256   8996376
256   9212680
256   9651028
256   8679340
256   9206880
256   9081584
256   9064580
256   8975840
256   9495864
256   9809200
256   9368668
256   9176660
256   9487124
256   8931204
256   9008536
256   9205008
256   9292536
256   9379736
256   9242252
256   9055728
256   9433936
256   9338868
256   9295608
256   9437388
256   9298308
256   9531708
256   9168200
256   9577956
256   9600824
256   9223764
256   9984320
256   9508544
256   9232324
256   9515596
256   9496204
256   9102664
256   9913456
256   9076124
256   8979012
256   8872928
256   9088688
256   9218668
256   8884768
256   9459100
256   8742740
256   9544908
256   9326468
256   9455036
256   9066660
256   9269068
256   8888352
256   8989424
256   9441480
256   9668984
256   9257200
256   9050048
256   9455716
256   8921620
256   9330236
256   9509780
256   9270840
256   9136808
256   9326128
256   9017784
256   9721104
256   9369136
256   9045308
256   9008900
256   9313540
256   9048624
256   9557796
256   9661928
256   8963276
256   9146860
256   9295916
256   8950384
256   10214960
256   9246788
256   9023804
256   9277412
256   9260360
256   9629512
256   9620240
256   9311108
256   9224920
256   8872340
256   9429628
256   8935092
256   8960080
256   9740932
256   8808976
256   9284440
256   9517508
256   9284304
256   9338008
256   9043912
256   9272336
256   9139132
256   9163620
256   9033868
256   9430364
256   9550532
256   9377088
256   9087820
256   9375800
256   9093728
256   9267472
256   9306644
256   9146592
256   8956408
256   8458116
256   9845172
256   9305940
256   9129932
256   9077656
256   9037776
256   8593232
256   8929184
256   8938916
256   9845504
256   9185840
256   9172760
256   8873776
256   9674644
256   8942576
256   8503896
256   9004480
256   9279344
256   9453156
256   9218760
256   9574288
256   9534928
256   8888864
256   9618608
256   9512364
256   8517460
256   9143124
256   9132988
256   9339140
256   9496544
256   9672540
256   9154084
256   9576456
256   8829164
256   9885072
256   9022164
256   9308128
256   9796768
256   9519228
256   9846104
256   8787540
256   9284496
256   9404176
256   9603008
256   9043544
256   9285272
256   9313848
256   8869628
256   9422192
256   9756328
256   8967096
256   9905008
256   9373756
256   9303372
256   8715028
256   8679228
256   9236220
256   9143316
256   9068884
256   8806940
256   9618072
256   9708144
256   9413632
256   9378652
256   9482356
256   8890520
256   9026744
256   9216328
256   8991008
256   9069816
256   8922392
256   9271096
256   9450824
256   9229516
256   9057804
256   9025640
256   9022496
256   9278968
256   8949396
256   8948528
256   8701188
256   9303856
256   9298300
256   9226312
256   9387504
256   9376604
256   9695808
256   10129964
256   9082616
256   9123832
256   9031152
256   9396068
256   9207144
256   9271212
256   9259568
256   10109408
256   10247784
256   9388632
256   9295628
256   8915720
256   8945744
256   9335800
256   9381096
256   9167252
256   9431892
256   9180432
256   8873800
256   9223660
256   8725504
256   8890720
256   9167108
256   9519140
256   9361492
256   9329312
256   9223808
256   9909940
256   9121092
256   8981384
256   9244084
256   9053848
256   8729788
256   9490968
256   8792780
256   9046104
256   8973196
256   9518480
256   9574052
256   8918288
256   9000892
256   9077316
256   9644816
256   9538044
256   9247120
256   9101720
256   8955556
256   9209452
256   9245652
256   9596120
256   9420696
256   9570516
256   9504448
256   9625700
256   9728804
256   9464292
256   8971964
256   9081452
256   9052932
256   9409356
256   9248512
256   8746240
256   9434384
256   9339016
256   9911124
256   9612160
256   9171960
256   9374600
256   8691904
256   8649752
256   9339760
256   9336892
256   9647812
256   9430456
256   9664072
256   9342544
256   8981624
256   8966960
256   9612908
256   9281900
256   9092164
256   9687300
256   9078652
256   9031092
256   9295712
256   9392324
256   9301872
256   8855324
256   9387212
256   9658124
256   9580948
256   9381920
256   9264800
256   9395196
256   9305568
256   9389728
256   9204736
256   9091108
256   9214180
256   9496932
256   9130296
256   8955580
256   8934948
256   9310908
256   9188340
256   9078680
256   9046176
256   8571920
256   8612068
256   9062932
256   9384272
256   9555960
256   9249832
256   9077824
256   9276700
256   9496000
256   8978804
256   9211044
256   9633832
256   9425548
256   9428092
256   9052128
256   9201388
256   9704356
256   8830012
256   9399680
256   9069996
256   9174932
256   9197120
256   9142844
256   9386512
256   9350320
256   9705104
256   8820384
256   9406260
256   9548620
256   9096448
256   9064020
256   9506296
256   9521144
256   8894516
256   9110336
256   9190776
256   9576388
256   8939436
256   9180116
256   9377792
256   9498196
256   9620320
256   9177648
256   9998912
256   9647464
256   8666252
256   9183372
256   9367304
256   9071736
256   8755080
256   8939444
256   8813580
256   9433040
256   9313828
256   8975872
256   9206416
256   9770700
256   8981408
256   8866936
256   9212016
256   9226076
256   8843356
256   9604920
256   8892664
256   9103456
256   9167360
256   9261996
256   9149328
256   9208512
256   8861260
256   9033704
256   9240380
256   9330944
256   9757140
256   9315128
256   8764052
256   9448692
256   9001032
256   9387468
256   8871600
256   9323064
256   9722836
256   8763252
256   8443144
256   9215868
256   9775880
256   9584232
256   9170364
256   9213720
256   9406080
256   9173228
256   8804872
256   9551652
256   9501744
256   9567348
256   8472120
256   9384548
256   9416020
256   9627472
256   8897224
256   9664668
256   8682612
256   9065224
256   9455200
256   9304080
256   9294680
256   9459240
256   8758464
256   9696824
256   9577256
256   9914320
256   9000636
256   9820064
256   9597964
256   9581044
256   9103580
256   8901612
256   9438296
256   9325380
256   9441892
256   9140380
256   8832808
256   9336640
256   9180912
256   9306236
256   9124440
256   8906048
256   9426272
256   9123064
256   8341716
256   9641656
256   9103432
256   9041076
256   8986484
256   9354044
256   9115700
256   8728912
256   9342688
256   8673428
256   10131820
256   8909960
256   8824020
256   9017868
256   9062604
256   9429760
256   9095732
256   9362856
256   8830060
256   9542180
256   9247584
256   9700840
256   9913732
256   9419844
256   8968516
256   9353596
256   9228228
256   9442648
256   9204944
256   9397364
256   9331516
256   9780580
256   9688888
256   8284608
256   8996224
256   9583744
256   9369960
256   9688176
256   9224264
256   9201996
256   9236744
256   9259308
256   8752152
256   8956796
256   9135596
256   8944196
256   9015592
256   8883172
256   9453172
256   9093600
256   9082036
256   9276328
256   9285788
256   8999700
256   9496704
256   9222524
256   9479160
256   9115532
256   9171784
256   9392928
256   9292128
256   9311556
256   8788468
256   8140472
256   8894584
256   9820812
256   9080392
256   9506888
256   9071332
256   9196136
256   8815868
256   9383756
256   9142008
256   8933476
256   9103676
256   9705752
256   8911624
256   8924592
256   9465928
256   9691312
256   9263768
256   8891192
256   9736600
256   8846988
256   8699704
256   9458904
256   8999932
256   9597700
256   9275100
256   8994144
256   9371968
256   9154580
256   9139480
256   9252908
256   9128048
256   9118556
256   9100536
256   9538512
256   9137628
256   8978884
256   9109988
256   9330860
256   9164048
256   9690176
256   9060328
256   9202312
256   9120128
256   9305064
256   8988292
256   9275208
256   9439028
256   9345928
256   9259124
256   9134244
256   9557460
256   9020848
256   9143692
256   8988524
256   9247944
256   9390132
256   9298068
256   8980036
256   9719620
256   10253816
256   9417172
256   9132700
256   9149236
256   9007468
256   9334692
256   8515200
256   9480268
256   9032988
256   9165548
256   9742336
256   9837216
256   9201608
256   8692652
256   9823964
256   9077828
256   9085236
256   9531280
256   8884704
256   9233292
256   9667500
256   9376892
256   9897984
256   9269808
256   8987004
256   9180464
256   9061180
256   9543140
256   9353196
256   9135048
256   9740584
256   9210636
256   9440948
256   8590852
256   8949412
256   8773820
256   8845636
256   9580704
256   9192232
256   9393340
256   9555008
256   8841216
256   9901948
256   9391448
256   9007840
256   9276996
256   9099064
256   9302740
256   8867184
256   9336640
256   9167368
256   9036128
256   9465980
256   9035128
256   9194176
256   9796912
256   9357472
256   9436400
256   9214704
256   9281780
256   9000524
256   9215240
256   9074192
256   9369528
256   8926112
256   9019760
256   9539024
256   9913952
256   9198672
256   9585832
256   9029332
256   9080800
256   9425608
256   8980936
256   8837876
256   8754604
256   9178220
256   9074432
256   8897860
256   9155456
256   9715728
256   9381632
256   9076956
256   9199024
256   8902448
256   9036976
256   9659144
256   9513528
256   8817576
256   9723324
256   8921288
256   9362860
256   9161144
256   9096700
256   9536108
256   9809660
256   9527892
256   9396724
256   8986240
256   9307212
256   9281936
256   9147488
256   8910692
256   9116960
256   9378072
256   9073960
256   9206508
256   9181128
256   9347068
256   9095936
256   9075108
256   8870728
256   9563804
256   9678924
256   9239332
256   9287276
256   9194868
256   9033544
256   9524092
256   9280892
256   8972572
256   9341152
256   9736216
256   9649644
256   9167096
256   9088736
256   9401268
256   9442236
256   9224444
256   9425900
256   9364716
256   9222108
256   9132020
256   8981132
256   9322408
256   9014396
256   8786188
256   8850956
256   9121320
256   9685104
256   9532216
256   9062868
256   9808028
256   9696704
256   8630264
256   9427016
256   8886860
256   9836344
256   8875896
256   8820840
256   8707992
256   9467880
256   9216728
256   9362696
256   9429248
256   9785652
256   9624836
256   9625816
256   9309876
256   8916128
256   9174164
256   9049924
256   8818688
256   8846828
256   8990692
256   9260624
256   8973912
256   9791420
256   9035408
256   8848044
256   9180348
256   9937728
256   9918684
256   9384272
256   8955792
256   9238424
256   8995380
256   9012756
256   9144528
256   9004336
256   9479472
256   9329412
256   9157860
256   9268792
256   9432660
256   8557476
256   9412248
256   9365540
256   9041888
256   9073520
256   9531876
256   9461100
256   9540848
256   8745488
256   8908684
256   9679824
256   10091112
256   8949388
256   9671128
256   8838820
256   8641336
256   8330844
256   9303004
256   9075096
256   9315600
256   9187148
256   9174912
256   9559900
256   8678100
256   8656120
256   8922700
256   9800652
256   9242648
256   8858752
256   9990312
256   8982788
256   9352412
256   9168856
256   8902844
256   9705908
256   9096140
256   9646744
256   8980944
256   9152060
256   9444508
256   9678428
256   8889808
256   9542812
256   9221064
256   9041244
256   9020880
256   9320172
256   9114484
256   8838276
256   9699248
256   9212256
256   8663464
256   9483180
256   9088556
256   9231836
256   9469344
256   8540000
256   9087920
256   8857008
256   9314936
256   9814784
256   8899964
256   9302420
256   9203720
256   8656068
256   9424940
256   9312832
256   9333400
256   9604172
256   9174500
256   9218964
256   9120380
256   8956876
256   9549852
256   8415120
256   10066388
256   9084248
256   9787652
256   9167752
256   9202688
256   9579800
256   8800608
256   9897176
256   8767700
256   9491948
256   9715996
256   9429004
256   9179220
256   9382048
256   9346820
256   9484608
256   9205884
256   9549964
256   8814384
256   9137040
256   9110056
256   9557144
256   9838348
256   8658040
256   9017112
256   9486900
256   8909384
256   8826428
256   8943744
256   9231116
256   9445080
256   9006292
256   9433752
256   9095812
256   9024708
256   9059820
256   9348904
256   9000172
256   9447752
256   8968640
256   9015788
256   8885812
256   9604804
256   9151148
256   9090256
256   9492884
256   10347292
256   9725296
256   9224172
256   9198492
256   9173884
256   8923444
256   9241932
256   9141068
256   8274472
256   9252516
256   9538376
256   9322760
256   9954360
256   9543804
256   9172796
256   8911012
256   9365796
256   9334496
256   9105344
256   9879224
256   9731264
256   9088748
256   9425520
256   9211412
256   9060608
256   9176416
256   9457516
256   9087232
256   9614392
256   8822512
256   9123004
256   9416664
256   8513744
256   9549596
256   9427096
256   9166256
256   9219496
256   9147404
256   9887436
256   9210296
256   9187936
256   8922468
256   8930608
256   9529584
256   9203832
256   9352456
256   9397888
256   9490520
256   9314784
256   9297124
256   9293412
256   9664044
256   9097304
256   9256836
256   8727376
256   9707292
256   8974576
256   9171092
256   9160276
256   9312560
256   9237040
256   9675900
256   9151896
256   9304116
256   8929692
256   8952144
256   8688928
256   9492720
256   9001148
256   8731440
256   8743016
256   9470488
256   9062500
256   9415204
256   8933972
256   8906000
256   9675656
256   8822936
256   9677404
256   9390712
256   8652020
256   9467344
256   9343952
256   9340784
256   8922932
256   8661884
256   9726028
256   9132280
256   8721312
256   10192576
256   9084364
256   9251504
256   9603700
256   9830704
256   9626748
256   9367900
256   9356076
256   9693944
256   9462608
256   8995976
256   8831512
256   9083212
256   9295520
256   9018648
256   9598300
256   9333168
256   9256440
256   9242392
256   8917660
256   9268316
256   9219308
256   8864976
256   9773624
256   9284180
256   9218792
256   8997804
256   9038576
256   9746944
256   9285040
256   9334968
256   9179532
256   9798232
256   9259548
256   9285136
256   9593720
256   8978552
256   9537532
256   9023764
256   8816024
256   9302876
256   9547452
256   9399044
256   9479704
256   9055328
256   9138752
256   9705592
256   8766680
256   9452220
256   9869768
256   9460372
256   9002108
256   9374288
256   9201508
256   9316380
256   9284600
256   9152708
256   9480392
256   8984392
256   9969884
256   9576240
256   9464400
256   9258296
256   9009408
256   9249948
256   9787080
256   9044316
256   9069076
256   9319648
256   9336980
256   8738072
256   9052676
256   9282932
256   9441968
256   9412072
256   9474860
256   9470848
256   9152260
256   8793016
256   9032968
256   9390832
256   9144544
256   8894228
256   9378072
256   9372576
256   9607384
256   9473792
256   9240800
256   9935256
256   9540524
256   8585860
256   8653860
256   9113036
256   9205060
256   9195784
256   9388460
256   8691712
256   9210324
256   9302628
256   9155632
256   9228124
256   8754784
256   9248056
256   9258548
256   9277400
256   9670404
256   10021492
256   9282772
256   9371024
256   9077268
256   9609884
256   9347452
256   9325456
256   8607548
256   8593844
256   9419676
256   9097164
256   8848420
256   9128364
256   9384332
256   9634700
256   8848800
256   9472500
256   9138104
256   9231828
256   9132716
256   9416756
256   9458976
256   9284908
256   8766548
256   9298672
256   9405060
256   8681564
256   8754872
256   9054836
256   9120856
256   9383140
256   9296632
256   9774700
256   9514380
256   8890924
256   9369424
256   9176432
256   9055660
256   9032476
256   9162600
256   8810056
256   9666160
256   9551164
256   9409092
256   9198996
256   9717160
256   9566796
256   8983644
256   8964740
256   9538056
256   9358436
256   8985732
256   9283392
256   8982064
256   9309148
256   9285932
256   9345276
256   8990000
256   8962012
256   9384880
256   9170384
256   9313788
256   9552828
256   8782632
256   8932408
256   9161252
256   9313976
256   9166048
256   9163632
256   8695276
256   9260988
256   9307992
256   9311600
256   9760836
256   9491048
256   9290080
256   9660040
256   9060080
256   9417548
256   9318448
256   10317396
256   9738964
256   9135824
256   9370344
256   9329268
256   9392096
256   9374404
256   9137404
256   9388552
256   9149524
256   9553936
256   9298940
256   8752572
256   8964204
256   9705164
256   9145788
256   9723648
256   9294336
256   9043332
256   9619036
256   9337076
256   9722572
256   9329496
256   9122628
256   9391352
256   8747404
256   9248760
256   9211100
256   9267500
256   9086004
256   9240964
256   9202488
256   9670920
256   9502784
256   9139724
256   8947984
256   9313964
256   9160892
256   9690556
256   9265932
256   9327296
256   9488136
256   9923556
256   8990204
256   8812104
256   9087712
256   9391452
256   9437856
256   9476456
256   9214040
256   9995472
256   8969200
256   9074560
256   9115544
256   9561364
256   9542088
256   9361272
256   9189808
256   8881600
256   9277468
256   9462232
256   9401684
256   9089156
256   9352684
256   9245520
256   9202584
256   9359296
256   8906044
256   9769932
256   9215156
256   9148624
256   9217864
256   9215884
256   9269980
256   8861824
256   9480920
256   9423488
256   9069660
256   9669668
256   9208024
256   9313584
256   8896624
256   9331044
256   8794976
256   9290240
256   9330072
256   8893664
256   9630860
256   9673496
256   9304184
256   8922936
256   8765104
256   9357748
256   9092748
256   8911256
256   9219940
256   8642660
256   9370472
256   9424232
256   9301692
256   9457704
256   9585904
256   9558680
256   9617376
256   8535848
256   8389280
256   9470684
256   8774648
256   9206056
256   9015324
256   9399384
256   9396916
256   9584628
256   9216584
256   8979204
256   9480436
256   9237944
256   9040268
256   9302504
256   9317512
256   9543264
256   9218600
256   8917052
256   9370844
256   9228432
256   8989272
256   9240928
256   9209152
256   9463088
256   9837288
256   9188356
256   8920696
256   8795156
256   9390268
256   8411620
256   9678176
256   8746580
256   9554652
256   9625968
256   9367104
256   9209960
256   8986020
256   9257992
256   8710184
256   9692504
256   9407412
256   9507272
256   9452952
256   9290436
256   9313296
256   9612544
256   9360992
256   9482264
256   9075836
256   9399484
256   9376016
256   9327428
256   9260556
256   9343200
256   9613924
256   9661304
256   9469020
256   9515144
256   9684208
256   8448904
256   8974952
256   8841804
256   9135000
256   8599596
256   9503984
256   9069616
256   9290544
256   9369852
256   9344028
256   9539388
256   8951660
256   9290580
256   8694800
256   9451648
256   9657980
256   9980480
256   8711308
256   9137052
256   9554448
256   9622080
256   9368660
256   9531616
256   9682328
256   9632700
256   9502040
256   9258124
256   9578652
256   9908416
256   9132296
256   9085124
256   8961080
256   8600216
256   9289428
256   8650976
256   8450128
256   9503312
256   8956620
256   8639676
256   9034308
256   9208680
256   9413584
256   9643444
256   9217616
256   8957872
256   9956388
256   9577068
256   9086556
256   9473904
256   9282936
256   9195868
256   9319784
256   9168264
256   9075544
256   9108820
256   9631368
256   9423220
256   9089120
256   8747360
256   9222148
256   9157224
256   8822996
256   8911152
256   9287944
256   9251948
256   9528880
256   8832872
256   9353748
256   9549472
256   9312180
256   9318536
256   8730380
256   9280464
256   9036052
256   8857136
256   9537276
256   9005468
256   9827248
256   9385896
256   9049668
256   9326400
256   9600796
256   8908680
256   8867896
256   8769312
256   9769212
256   9111148
256   9706524
256   9246160
256   9553704
256   8981868
256   9340260
256   9587692
256   8865772
256   9264460
256   9372220
256   9984280
256   9164108
256   9114452
256   9543244
256   9686808
256   9560832
256   9660508
256   9331080
256   9666156
256   9874724
256   9249812
256   9329088
256   9955636
256   9367672
256   8939828
256   9366332
256   9915516
256   9098780
256   9918100
256   9253348
256   8997200
256   9109864
256   9339592
256   9386952
256   9150292
256   8896328
256   9098720
256   8846388
256   9389068
256   9189924
256   9208892
256   9735752
256   9672800
256   8768204
256   9751824
256   8910736
256   9409824
256   8735616
256   9234972
256   8796524
256   9702136
256   9770748
256   8952444
256   8837720
256   9432432
256   8959900
256   9425356
256   9856468
256   9623784
256   9114324
256   9112644
256   9444040
256   8591852
256   8779560
256   9249784
256   9319964
256   9423576
256   8958616
256   9862136
256   8939160
256   9185764
256   9350804
256   8973520
256   9256020
256   9433956
256   9247880
256   9309260
256   9585752
256   9933796
256   9471776
256   9340932
256   9252180
256   9045960
256   9509708
256   9195564
256   9470128
256   9164760
256   9183500
256   8812164
256   9159188
256   9033700
256   9869672
256   9212816
256   9198984
256   9015072
256   9239764
256   9229084
256   9025684
256   9234584
256   9490964
256   9021876
256   9206924
256   9636156
256   9270424
256   9502980
256   9600556
256   8566152
256   9275280
256   9018752
256   9054052
256   9009320
256   9508404
256   9631868
256   8741132
256   9369824
256   9440136
256   9213568
256   8835364
256   9837684
256   9396360
256   9491852
256   8908488
256   9138524
256   9153692
256   9362676
256   9224196
256   9358828
256   9100480
256   9060644
256   9810536
256   9096644
256   9490836
256   8953624
256   9086716
256   9529316
256   9213852
256   9560044
256   9150988
256   9152572
256   9223724
256   8708872
256   8787776
256   9441984
256   9063136
256   9004212
256   9228604
256   9847308
256   8899260
256   9003172
256   9457764
256   9575824
256   9241472
256   9307076
256   8696572
256   9352532
256   9298460
256   8894156
256   9353396
256   9089448
256   9190536
256   9899920
256   9162744
256   9489236
256   9124536
256   9290040
256   9237528
256   9222312
256   9559800
256   9292272
256   9311036
256   9439764
256   9228600
256   9162260
256   9598576
256   9195348
256   9322252
256   9133760
256   8978012
256   9058880
256   9068112
256   8869176
256   8667612
256   9276464
256   9507188
256   9419504
256   8952724
256   8676900
256   9524916
256   9167004
256   9101320
256   9392792
256   9112352
256   9882608
256   9668984
256   9536648
256   9330128
256   9211432
256   9235764
256   9604644
256   8942212
256   9275360
256   9211052
256   9557032
256   9017560
256   8971056
256   9491420
256   9790264
256   9014632
256   8336976
256   9562032
256   9444908
256   9227248
256   9726644
256   9414820
256   8971248
256   9266396
256   9812380
256   9315308
256   9705364
256   9152656
256   9054300
256   9089412
256   9261932
256   8597336
256   9137800
256   8981532
256   9189008
256   9069352
256   9352416
256   9292352
256   9927388
256   8979040
256   9262116
256   9715184
256   9235336
256   9474736
256   8690384
256   9074956
256   9249536
256   9685104
256   9790004
256   9356148
256   9162552
256   10191344
256   8815688
256   9586900
256   9240584
256   9119344
256   9105272
256   9466060
256   9051712
256   9213988
256   8833944
256   9946540
256   9650932
256   9495140
256   9648012
256   9364000
256   9911180
256   8999348
256   9466116
256   9694620
256   9437148
256   9310332
256   8920076
256   9162624
256   9264336
256   10294712
256   9310160
256   8861864
256   8677600
256   8868204
256   9820660
256   8773944
256   9183676
256   9340932
256   9142912
256   8739888
256   9073764
256   9488560
256   9050996
256   9669088
256   9645412
256   9666948
256   10076184
256   8656232
256   9519056
256   9083412
256   9431400
256   8938224
256   9140960
256   9218792
256   8898248
256   9204256
256   9562244
256   8761280
256   10050548
256   9545288
256   9150048
256   8877112
256   9763884
256   10043096
256   9895252
256   9508936
256   9548024
256   9019224
256   9546292
256   9278128
256   9214428
256   9413576
256   8935788
256   9150800
256   9350064
256   8073872
256   9181036
256   9119696
256   9421908
256   9489216
256   8866300
256   9368672
256   9411588
256   9286576
256   8873124
256   9668320
256   9387120
256   9321000
256   9214096
256   9072620
256   8730944
256   9360412
256   9180776
256   8925820
256   9224868
256   9477332
256   8705020
256   8854924
256   8839424
256   9172132
256   8926844
256   9016936
256   9700152
256   9834156
256   9844772
256   9490436
256   9367036
256   8832160
256   8933156
256   9016280
256   9383288
256   9589748
256   9052912
256   9216692
256   9444996
256   9390468
256   9556592
256   9169340
256   9439368
256   9737128
256   9634756
256   8585176
256   8867360
256   8962076
256   9777964
256   9208408
256   9288288
256   9080432
256   9237216
256   9483472
256   9406988
256   9192856
256   9005088
256   8872048
256   8740324
256   9012140
256   9083880
256   9413500
256   8800572
256   9281280
256   9019732
256   9597140
256   8727164
256   9689472
256   9283112
256   9438968
256   9489044
256   9604312
256   9045708
256   9721604
256   9331748
256   9331740
256   9359184
256   8426188
256   9147240
256   8837716
256   9512176
256   9109380
256   9447544
256   9375228
256   9167460
256   9173608
256   9472408
256   8860776
256   9150892
256   9086768
256   9199920
256   9288324
256   8688552
256   9189860
256   9721524
256   8864328
256   9369472
256   9157592
256   9106764
256   9338996
256   9105128
256   9452804
256   9583700
256   9212536
256   9362780
256   9448644
256   9379160
256   8749068
256   9503160
256   9277844
256   9667788
256   9264840
256   9579488
256   9154772
256   9030492
256   9182676
256   9663060
256   9256648
256   9386724
256   9527860
256   9218880
256   9026988
256   9033532
256   9372200
256   9313840
256   9246992
256   9240696
256   9308164
256   9091740
256   9197984
256   9387280
256   9389704
256   9564496
256   9258868
256   9355212
256   9162900
256   9123344
256   9424808
256   9471636
256   9265912
256   8854580
256   8819372
256   9147136
256   9605548
256   9462272
256   8985124
256   10006116
256   9312444
256   8641632
256   8889808
256   9203068
256   9111144
256   9566892
256   9325576
256   9255624
256   8976228
256   9089988
256   9134128
256   9235264
256   9138616
256   9321352
256   9241672
256   9905620
256   9445828
256   9164024
256   9783488
256   8986136
256   9059628
256   8907720
256   10154544
256   9403596
256   9237748
256   9472804
256   9674420
256   9407872
256   9567184
256   9084328
256   9756312
256   9535440
256   9032456
256   9166412
256   9344324
256   9082592
256   9292144
256   8846472
256   9289040
256   9102036
256   8852764
256   9234424
256   9548312
256   9512960
256   8670552
256   8807080
256   8930520
256   9541608
256   8962648
256   9285008
256   9368716
256   9292044
256   9077488
256   9752176
256   8768276
256   9091672
256   9289584
256   9097840
256   9255576
256   8601516
256   9516436
256   9542856
256   9236136
256   9513904
256   9308620
256   9247964
256   9856756
256   9260140
256   9307108
256   9739512
256   9626352
256   9381028
256   9366908
256   9333636
256   9496500
256   9090476
256   9147352
256   9202364
256   9154648
256   8979104
256   9412128
256   9695140
256   8904996
256   9394084
256   9348228
256   9570980
256   9297968
256   9184288
256   9424512
256   9148232
256   9327016
256   8939072
256   9081972
256   9425372
256   9396928
256   9126632
256   9303428
256   9109280
256   9315924
256   9790080
256   9455140
256   9692112
256   9371708
256   9199108
256   8920572
256   9336000
256   8569536
256   9873176
256   9017992
256   8905400
256   9577388
256   9204328
256   8480848
256   9625912
256   9516676
256   9478856
256   9313872
256   9470996
256   9288828
256   9142936
256   9302440
256   9484712
256   8819684
256   9730476
256   9184108
256   9314068
256   8913044
256   8843500
256   9318952
256   9380368
256   10123424
256   8917032
256   9227300
256   8901960
256   9274148
256   9663104
256   9853112
256   9110172
256   9417560
256   9640204
256   9706380
256   9120556
256   9104520
256   8903728
256   9393144
256   9209036
256   8889140
256   9053732
256   9404400
256   9292896
256   9340848
256   9388544
256   9289032
256   9360204
256   9188408
256   9003120
256   9144960
256   8648140
256   9281296
256   8913872
256   8913208
256   9052068
256   9553144
256   9074272
256   9341512
256   9179396
256   8740792
256   8884264
256   9930904
256   10052972
256   9264868
256   9383744
256   9475840
256   9284656
256   9474980
256   9560960
256   8987740
256   8746916
256   8996464
256   9171920
256   9381828
256   9506920
256   8852008
256   9427448
256   9248520
256   9220684
256   8902104
256   8947948
256   9020936
256   8815576
256   9482884
256   9617912
256   9500772
256   9012804
256   9385896
256   9522468
256   10155872
256   9415836
256   8804756
256   9489544
256   9006280
256   9892844
256   9115580
256   9707752
256   9661220
256   9650616
256   9452180
256   9468336
256   8795656
256   9354220
256   9429956
256   8553404
256   9002840
256   9416908
256   8546660
256   9535796
256   9158848
256   9191136
256   9336476
256   8890572
256   9864028
256   8944868
256   9217376
256   9066384
256   9154740
256   9461132
256   9377664
256   9482756
256   8863944
256   9067008
256   9167332
256   9180216
256   9193940
256   9074348
256   9648840
256   9146748
256   9726968
256   9809300
256   8849340
256   9272256
256   9443452
256   9230652
256   9102752
256   9269904
256   9187596
256   9538280
256   8936392
256   9207868
256   9673212
256   9293112
256   9251732
256   9822848
256   9171296
256   8930728
256   9448860
256   9089904
256   9420176
256   9585908
256   9239088
256   9049048
256   9213692
256   9140448
256   9830372
256   9985088
256   9470848
256   8729252
256   9379144
256   9267084
256   9106700
256   9333332
256   9362328
256   9779828
256   9718496
256   9095080
256   8829780
256   9140732
256   9554384
256   9412780
256   8635596
256   9011928
256   9558064
256   9043604
256   9020168
256   8649924
256   9626608
256   9391064
256   9100372
256   8824544
256   9121988
256   8777820
256   9406132
256   9256992
256   8946500
256   9239428
256   9283056
256   9129352
256   9494048
256   9279996
256   9159760
256   9124172
256   9366496
256   9248604
256   9055992
256   9366000
256   9334748
256   8770484
256   9020424
256   9319748
256   9682540
256   9632956
256   9181320
256   9259212
256   9934912
256   9357776
256   9089776
256   8903872
256   9503380
256   8782604
256   9193424
256   9422292
256   8917096
256   9625556
256   8907944
256   9260876
256   9211452
256   9534472
256   9212196
256   9419556
256   8893268
256   9341080
256   9490088
256   9631268
256   9272968
256   9557400
256   9259028
256   9282572
256   9755400
256   9251416
256   9202836
256   9697040
256   8988164
256   9342696
256   9632572
256   8904712
256   9005508
256   9281212
256   8787528
256   9468408
256   9422216
256   8932860
256   9420140
256   9378436
256   9506836
256   8978196
256   9361500
256   9437280
256   9337960
256   8673708
256   9115036
256   9550768
256   9469312
256   9191048
256   9303964
256   8979956
256   8996172
256   9470468
256   9474880
256   8658328
256   9016768
256   8862368
256   8678108
256   9338872
256   9532172
256   9400088
256   9374856
256   9462664
256   8361344
256   9278024
256   9201960
256   9546892
256   9199644
256   8949436
256   9641028
256   8844844
256   8671084
256   8851244
256   9039412
256   9547568
256   8900004
256   9968016
256   9147560
256   9282496
256   9104972
256   9051760
256   9345388
256   9046528
256   8993024
256   9358380
256   8981704
256   9277656
256   8681212
256   9611684
256   8998896
256   9121828
256   9831316
256   8823152
256   9893364
256   9209416
256   9420456
256   8658752
256   9034152
256   9408404
256   9212920
256   9203632
256   9339360
256   9245600
256   9309996
256   9107548
256   8779336
256   9757608
256   8602484
256   9150012
256   8850472
256   9016680
256   8941424
256   9200124
256   9910468
256   9028876
256   9117872
256   9146624
256   8976196
256   9342552
256   9381996
256   9325448
256   8583692
256   9025548
256   9276220
256   9386988
256   9420548
256   9838940
256   9200784
256   9382252
256   9233640
256   9378116
256   9560052
256   8802768
256   9210556
256   9152456
256   9372128
256   9344572
256   9718868
256   8675912
256   9274764
256   9376732
256   9219768
256   9654632
256   9174204
256   9326480
256   9125340
256   8620832
256   9885340
256   9224956
256   9277776
256   9947168
256   9003000
256   8875328
256   9361512
256   9428820
256   9358164
256   9253568
256   9144068
256   9407764
256   8985748
256   9263604
256   9121028
256   9837708
256   8871572
256   9277796
256   8736672
256   9052776
256   8780028
256   9009132
256   8991352
256   9291060
256   9282128
256   9916028
256   8588008
256   9461528
256   9254352
256   9051176
256   9291896
256   9261500
256   9182760
256   9153696
256   9031892
256   9172508
256   9222568
256   9353084
256   8841008
256   8690416
256   8572004
256   9506176
256   9013344
256   9044724
256   9160220
256   9250220
256   8909828
256   9451948
256   8864324
256   8988616
256   8613416
256   9624572
256   9807992
256   9143156
256   9049972
256   8846252
256   9112408
256   9262352
256   9268612
256   9045452
256   9202604
256   9290408
256   9336720
256   9965488
256   9791372
256   9371612
256   9031180
256   8890944
256   9391900
256   9409888
256   8954776
256   8640152
256   8732816
256   9190880
256   8917500
256   9347196
256   9558268
256   9180896
256   9236212
256   10212356
256   9978768
256   8705092
256   10406328
256   9271416
256   9763884
256   8741264
256   9091144
256   9258272
256   9490260
256   9268496
256   9569736
256   8675880
256   9154268
256   9181028
256   9170180
256   9145456
256   9422640
256   9040736
256   9039524
256   9027636
256   9037036
256   9467124
256   8609436
256   9590860
256   9688928
256   9125944
256   8946056
256   9382624
256   8916620
256   9599528
256   9229532
256   9429672
256   8455076
256   8937060
256   9438164
256   9171256
256   9120916
256   9575104
256   9087584
256   9205760
256   9208740
256   8918560
256   9627272
256   9776432
256   9481884
256   8921520
256   9160596
256   9221876
256   8750408
256   9387368
256   9229376
256   9458308
256   9515596
256   9413684
256   8790236
256   9090780
256   8624768
256   11037224
256   10355916
256   10923960
256   11279944
256   11798492
256   11117592
256   10951608
256   11157408
256   11157204
256   10807248
256   11431148
256   10806148
256   11071980
256   11568012
256   11220576
256   11091012
256   11043108
256   10984236
256   11642140

