8   607644
256   15938172
256   15890984
256   15918208
248   15417764
256   15909564
256   15896300
256   15935604
256   15892036
256   15948596
256   15940896
256   15927596
256   16015576
256   15911456
256   15927080
256   15891816
256   15956684
256   15920096
256   15922984
256   15891936
256   16044784
256   16222484
256   15931480
256   15870696
256   15932612
256   15924816
256   15923128
256   16177804
256   14539172
256   12414888
256   14560256
256   11695264
256   12170440
256   14306380
256   12797144
256   13728148
256   12427096
256   13832860
256   11398656
256   12525980
256   12649960
256   13937712
256   13220776
256   12979528
256   12900364
256   12686164
256   12503192
256   13415900
256   14617976
256   13722480
256   12593332
256   13009688
256   12395540
256   11434840
256   12383504
256   12617916
256   12873348
256   13914900
256   12765628
256   13523540
256   12277756
256   14623772
256   11611464
256   13107952
256   13219628
256   13858992
256   12740384
256   13814904
256   12139936
256   12751516
256   10402160
256   13348684
256   13414108
256   12977768
256   12437108
256   12899272
256   10939368
256   12183436
256   11135708
256   12057960
256   14346248
256   12856736
256   12876536
256   13503948
256   12390776
256   12944292
256   11758248
256   13249724
256   13005416
256   12922680
256   12052996
256   13287120
256   13585648
256   12633740
256   12332128
256   14178084
256   12773008
256   13098848
256   13818236
256   12184636
256   11397824
256   12703436
256   12863908
256   12579508
256   12741812
256   13256444
256   14368900
256   13883780
256   13466468
256   12927524
256   13848500
256   12540036
256   11646868
256   12146128
256   12814356
256   12944356
256   13253976
256   11478152
256   12714412
256   11772956
256   12477892
256   12831680
256   12850208
256   13236020
256   13188656
256   12510268
256   13042684
256   12933596
256   13056216
256   12870276
256   14418480
256   13193156
256   13607636
256   12614032
256   12649176
256   12597880
256   12315332
256   12953432
256   12424044
256   13317760
256   13433092
256   13382088
256   12616772
256   12215224
256   14056480
256   13225296
256   13852652
256   13585540
256   13336600
256   13608512
256   13463940
256   12748132
256   13054016
256   12330492
256   13125728
256   13287668
256   12535672
256   14247564
256   12936448
256   11946848
256   12483208
256   13124264
256   13224272
256   12687448
256   12735816
256   14155084
256   14383972
256   12867008
256   12063092
256   13176492
256   13537920
256   14733356
256   13193600
256   12304616
256   13331996
256   11481784
256   12016840
256   12602412
256   12638208
256   12068416
256   13106620
256   16506968
256   13481932
256   13093640
256   12272960
256   11999620
256   11631224
256   12876072
256   14220624
256   13451464
256   13591568
256   14457036
256   11792524
256   13696224
256   12302136
256   16199576
256   12709188
256   13125928
256   12903588
256   12156276
256   11421004
256   11502876
256   11933116
256   13112216
256   14357448
256   14344580
256   12437732
256   13411132
256   13931708
256   12273252
256   13298916
256   12087340
256   12863668
256   12716852
256   14826212
256   13257656
256   12483416
256   12011488
256   12755296
256   11831276
256   13743816
256   13279864
256   13659188
256   12661636
256   12847888
256   12690796
256   12085688
256   13791060
256   14172168
256   14137196
256   14276572
256   13902268
256   13314184
256   13211988
256   12468120
256   12516392
256   11033968
256   12747116
256   13984968
256   12278184
256   12522056
256   11395136
256   12655596
256   11782524
256   12249852
256   13443336
256   13050316
256   13782444
256   13002660
256   12424504
256   13016372
256   12699860
256   12435420
256   12764148
256   14712576
256   13789156
256   13445324
256   12028044
256   11321464
256   12801560
256   11437216
256   13400332
256   12022976
256   13006576
256   13655880
256   12364488
256   13558168
256   12375120
256   13257124
256   12530484
256   12988028
256   13254956
256   13832260
256   12861484
256   13109056
256   12486724
256   12801780
256   11205588
256   13917024
256   14261452
256   13847908
256   13579636
256   12395116
256   12878824
256   12439404
256   12167120
256   13720900
256   13319028
256   13209432
256   12818012
256   14620932
256   12739792
256   13438700
256   12072888
256   14182680
256   12735884
256   14077568
256   14230264
256   12181284
256   13861816
256   12820576
256   11164220
256   13411264
256   12900884
256   13896460
256   13547056
256   12942692
256   12409760
256   13016024
256   12662464
256   11398864
256   14137552
256   14071024
256   12579008
256   14246136
256   13028048
256   13071768
256   12820356
256   13511180
256   12295884
256   13343700
256   12398668
256   12272316
256   12633392
256   13264752
256   11569192
256   14440280
256   13753112
256   12278916
256   12137456
256   12889152
256   12373284
256   14166868
256   12136376
256   13154976
256   13625160
256   13759240
256   14548100
256   13493136
256   12307516
256   12557412
256   12979452
256   13242828
256   12576804
256   13213208
256   13490288
256   14445196
256   12838912
256   12888848
256   13067116
256   12439496
256   13466336
256   12898428
256   14340480
256   13460652
256   12681876
256   12274236
256   13009184
256   11744028
256   12790228
256   13057852
256   12778372
256   12528208
256   13131968
256   12116672
256   12988592
256   12099612
256   14172436
256   12880660
256   13510432
256   12187052
256   12862524
256   12674712
256   13530932
256   13680492
256   12694732
256   14287680
256   13049568
256   13069616
256   12174828
256   12712732
256   13770684
256   10898572
256   12102864
256   13137016
256   12411392
256   14860404
256   11950436
256   12564620
256   12178704
256   10961296
256   12549216
256   13636960
256   13908628
256   12739340
256   12971848
256   13213148
256   12427532
256   12998676
256   12819356
256   13346376
256   12687284
256   12490268
256   13292440
256   12464228
256   12634072
256   13525028
256   11886128
256   13887424
256   13733192
256   13125712
256   13813556
256   14256208
256   12445792
256   12838328
256   12383128
256   14621588
256   14731888
256   13679836
256   14681980
256   12193112
256   12737120
256   13112520
256   10852020
256   13276468
256   12840868
256   13467524
256   11790908
256   12122672
256   14536944
256   12226236
256   12959980
256   12083532
256   13476148
256   14092188
256   14419084
256   12948084
256   12575512
256   12236940
256   14870580
256   12943768
256   12739292
256   13004672
256   12238304
256   12430492
256   12849948
256   11774240
256   12494504
256   12388292
256   14395140
256   13058808
256   13301476
256   12687804
256   13162340
256   12889988
256   14200552
256   12482836
256   13391860
256   13200052
256   12488704
256   14003616
256   11597496
256   13161996
256   12421876
256   12543172
256   12728332
256   12760592
256   11818540
256   13251912
256   13419980
256   12748504
256   13105404
256   12487800
256   12701660
256   13039136
256   14353464
256   12779764
256   13547068
256   12377600
256   14058916
256   13416064
256   10969292
256   12921092
256   12920876
256   11555224
256   14041580
256   13249840
256   12446364
256   11483952
256   12240616
256   13187108
256   12854388
256   13090992
256   13958760
256   14168660
256   13673140
256   14514612
256   12567840
256   13990616
256   14298872
256   13742504
256   13083040
256   13809288
256   13041668
256   13183156
256   10764516
256   14028964
256   13161036
256   12626116
256   14075216
256   13110892
256   13278940
256   12327548
256   12466352
256   11606680
256   14340048
256   11917652
256   12902316
256   12189080
256   12571920
256   12229956
256   12349352
256   13432428
256   12784072
256   13289908
256   14705472
256   13078412
256   11401628
256   11542916
256   12313672
256   12082156
256   12933264
256   13044776
256   13524616
256   12681084
256   14670164
256   11738788
256   12802204
256   12616700
256   13886700
256   13423896
256   12440760
256   13837688
256   12805108
256   12097192
256   11526124
256   13296380
256   12774608
256   12976604
256   13648820
256   13598656
256   12982156
256   12389908
256   13027064
256   12318712
256   12948332
256   13235264
256   13250056
256   14864776
256   12252456
256   13078324
256   12102296
256   12955400
256   13018292
256   13199480
256   13744520
256   12730888
256   13018600
256   12935200
256   11882856
256   12714136
256   14203472
256   12661932
256   12898456
256   13134204
256   12837328
256   11980136
256   13512308
256   13523812
256   13287772
256   12557012
256   14858116
256   14726784
256   12873936
256   12602524
256   12187776
256   12518632
256   12180492
256   12982304
256   13868528
256   12793020
256   12810644
256   13200300
256   12727200
256   11896440
256   12490580
256   13531048
256   13833128
256   12480924
256   13825564
256   13536180
256   14445044
256   13832572
256   12154068
256   13108888
256   13128888
256   12197172
256   12741648
256   13164016
256   12903000
256   12118740
256   13881528
256   12854536
256   13573396
256   14404876
256   13820552
256   14629356
256   13753160
256   14195176
256   11475924
256   13002188
256   13328468
256   12249628
256   14187164
256   13616980
256   12286840
256   12020784
256   11762596
256   11002244
256   12794804
256   13466936
256   13765664
256   12568472
256   12212180
256   12064860
256   12701572
256   12692828
256   13745468
256   13403268
256   12076352
256   13698300
256   13502412
256   12911668
256   14428952
256   12213468
256   13635564
256   13083812
256   11803568
256   13567732
256   12718188
256   12585480
256   11481640
256   12547596
256   12637212
256   14127720
256   12282228
256   14222304
256   13805176
256   12818580
256   13294972
256   11875620
256   14739044
256   12869148
256   13187956
256   13010072
256   12739364
256   12577712
256   12816504
256   11917904
256   12895256
256   12989160
256   14095748
256   12269856
256   12982200
256   11085344
256   12460848
256   13536576
256   13124872
256   12191556
256   12650336
256   14039820
256   14001244
256   12725804
256   12677908
256   13764076
256   12468860
256   13230760
256   12389376
256   13489572
256   12670404
256   11760272
256   12638388
256   11709644
256   13016604
256   12627860
256   12838488
256   13515948
256   12462516
256   13789576
256   12209796
256   12822320
256   12643232
256   14002032
256   14404512
256   14438748
256   13131856
256   13101344
256   13973388
256   12057188
256   12694756
256   13601180
256   12785340
256   12954464
256   12255676
256   12824248
256   12550208
256   12266112
256   13384860
256   14691396
256   13559208
256   12737364
256   14336096
256   13702436
256   13236568
256   12553992
256   12085332
256   12045232
256   13309216
256   12492052
256   12815888
256   13039452
256   12595268
256   12022776
256   12428360
256   13390400
256   13032968
256   13605140
256   13121268
256   14013408
256   12701644
256   12567356
256   13336392
256   13112332
256   13904908
256   13543748
256   13902620
256   12382644
256   12514648
256   12239004
256   12374176
256   12474892
256   12813840
256   12446780
256   12042992
256   11389476
256   13040784
256   12844816
256   11554832
256   11997468
256   12624828
256   13145576
256   13630556
256   12954632
256   13349580
256   12788644
256   11807448
256   12778412
256   12412004
256   13591148
256   13031100
256   12813088
256   12297808
256   13244804
256   11838376
256   12323612
256   12022048
256   13888608
256   13366408
256   12430644
256   11829688
256   13114424
256   13758328
256   12812212
256   13024788
256   12387368
256   14597436
256   14097192
256   14006436
256   12470228
256   13766720
256   11940704
256   12203680
256   11330656
256   13817284
256   12673048
256   12314344
256   13006552
256   12557468
256   12454020
256   12334088
256   11859284
256   14058480
256   13479572
256   13996996
256   12992704
256   14079452
256   16391376
256   13867216
256   13004984
256   12070760
256   12539356
256   13143320
256   12213036
256   14152760
256   12256208
256   12849412
256   11930452
256   11889608
256   12666152
256   13480708
256   13131324
256   13595588
256   13236296
256   12980276
256   12641644
256   12033680
256   15497376
256   14814464
256   13138936
256   12998004
256   12579060
256   12681452
256   12979288
256   13808840
256   11729520
256   9692776
256   12539632
256   12407504
256   12397012
256   11951676
256   12261944
256   13402968
256   12545480
256   13720816
256   14571228
256   14611520
256   13006800
256   11699852
256   13166408
256   12806652
256   12804560
256   12960756
256   11789920
256   12266980
256   12948180
256   11596300
256   12783184
256   12453216
256   12577460
256   13097036
256   12421304
256   16263200
256   13098388
256   12614440
256   14134400
256   13374096
256   12162808
256   14479076
256   12995348
256   13348288
256   12741528
256   12285624
256   11765432
256   12972432
256   11581060
256   13794936
256   12253600
256   12667952
256   12231492
256   12994292
256   13595028
256   13404540
256   14439332
256   12376592
256   14612576
256   13551000
256   14076792
256   13254224
256   13754624
256   13040544
256   10657448
256   12834064
256   12872624
256   13652848
256   13399756
256   13397552
256   13169888
256   13823252
256   12815324
256   12323660
256   13389884
256   13438688
256   12231768
256   13633492
256   14136952
256   12295272
256   12639844
256   12193052
256   13318348
256   13362728
256   12271520
256   13645920
256   12806652
256   12605900
256   10378592
256   13123888
256   11978984
256   12760132
256   13098304
256   13496512
256   13369932
256   12923316
256   13876936
256   12541356
256   13383760
256   12326536
256   12501428
256   14392444
256   13303684
256   12991980
256   12740384
256   12738984
256   13269268
256   12877812
256   11871196
256   13124300
256   11632688
256   12479856
256   13455704
256   12817076
256   13892856
256   13072388
256   13008988
256   13448436
256   13811212
256   12830540
256   14485728
256   12943436
256   14148344
256   14260844
256   13171056
256   13373280
256   12617656
256   10984528
256   12698400
256   11472588
256   12811020
256   12694624
256   12517516
256   13292928
256   12832988
256   12494856
256   13225892
256   12658760
256   12777424
256   12483372
256   14710692
256   13992932
256   14050048
256   12302628
256   14245876
256   12586212
256   12845488
256   12487228
256   12016104
256   11081080
256   12053284
256   11416072
256   12605872
256   13198068
256   12237652
256   12218944
256   13909892
256   12583172
256   13703172
256   12903844
256   12994248
256   12596064
256   12676696
256   13276880
256   14324644
256   14210800
256   13318096
256   12591236
256   12343764
256   12004716
256   12413360
256   12319028
256   12544204
256   12553032
256   12726340
256   12755816
256   12274076
256   12151088
256   12654704
256   13403540
256   13796608
256   13206412
256   13149024
256   12584872
256   14270668
256   13057732
256   11955808
256   12203376
256   13473640
256   13173060
256   12577224
256   12943784
256   12538516
256   12976712
256   12249980
256   12121944
256   12723664
256   13505304
256   13492432
256   12168024
256   13937560
256   12602704
256   13168544
256   13063000
256   13970260
256   14004788
256   16674360
256   11940876
256   12272632
256   12318248
256   11387280
256   11526348
256   13350788
256   12893740
256   14470168
256   14385952
256   13020524
256   11672408
256   12619656
256   12707612
256   13150892
256   14339592
256   14352716
256   14324556
256   13360492
256   13617760
256   12649624
256   12516192
256   12335244
256   12593148
256   13021868
256   13220356
256   12168112
256   13121672
256   14230788
256   12080448
256   13619412
256   13369468
256   13383904
256   12374008
256   14461032
256   12026232
256   12877380
256   14201732
256   12403172
256   14720964
256   13171052
256   12416020
256   13245936
256   12485352
256   13612660
256   12354692
256   12301708
256   13520708
256   12836784
256   13487048
256   12054480
256   11854348
256   11012972
256   13163552
256   12055492
256   13512492
256   13769108
256   13160364
256   12032896
256   10921872
256   12868616
256   13433120
256   10539980
256   13747284
256   13849784
256   11666092
256   12033304
256   11449412
256   13535108
256   12916900
256   12499516
256   13658076
256   14289400
256   14053004
256   12070220
256   12705172
256   14176676
256   12490604
256   13780268
256   13827096
256   16311560
256   14711460
256   12899996
256   11087580
256   12032136
256   11927108
256   11862396
256   12530132
256   12822588
256   12504304
256   12749640
256   12579164
256   12886280
256   12194236
256   12948944
256   12467628
256   14111884
256   14430708
256   12565576
256   12812952
256   12112932
256   14526940
256   11534828
256   12423128
256   12825308
256   13997404
256   12752096
256   13061064
256   12157280
256   12738252
256   13838264
256   12758544
256   12485440
256   14110920
256   13091984
256   12279804
256   12661412
256   12794664
256   13437168
256   11631968
256   11873516
256   12747528
256   13945108
256   14197864
256   13905244
256   12540720
256   12569792
256   12900796
256   13174180
256   12680936
256   13501052
256   13137512
256   12175956
256   13192236
256   12143696
256   13583232
256   12773784
256   13043300
256   14571820
256   13133888
256   14270780
256   14406288
256   12561148
256   13330764
256   12242284
256   12802260
256   11635048
256   12245828
256   11478820
256   12355072
256   12362560
256   11766592
256   12060120
256   13055224
256   12981132
256   12329868
256   13971344
256   12931156
256   12472644
256   12509540
256   12999124
256   12737984
256   14654860
256   12916804
256   12587780
256   12415844
256   13350316
256   12278068
256   12628408
256   12689424
256   13495672
256   13037532
256   13181804
256   13357832
256   10852004
256   13166304
256   12854576
256   13394848
256   13046232
256   13491324
256   14446092
256   12722900
256   13003896
256   13010404
256   14188112
256   11243044
256   12449380
256   12467516
256   13435088
256   12424980
256   13283592
256   12064868
256   12917904
256   12128776
256   12746244
256   13315840
256   14333724
256   13084740
256   12636080
256   14658264
256   12260400
256   13334572
256   13027592
256   13719440
256   13958128
256   11234392
256   13260400
256   12125496
256   12434360
256   13493916
256   12389424
256   13562712
256   13741800
256   11544644
256   12681572
256   11541424
256   13345652
256   12376176
256   14157908
256   13449776
256   14959876
256   13884900
256   14369212
256   13469496
256   12868644
256   12177280
256   12184312
256   12983496
256   12939008
256   12376180
256   12531964
256   10561940
256   13115756
256   11765116
256   12687412
256   13000332
256   12919604
256   14224868
256   13014312
256   12787872
256   14327648
256   12453596
256   12749544
256   14009756
256   14327868
256   12709816
256   12817828
256   13696356
256   12467212
256   12154216
256   11039400
256   13087016
256   14087640
256   12576096
256   13484548
256   11644844
256   13197956
256   11893628
256   11777304
256   12893772
256   14351164
256   13842208
256   13981880
256   13992440
256   12601848
256   13411540
256   12060164
256   11047460
256   13983216
256   12323576
256   13454724
256   13494668
256   12186648
256   12824484
256   13089292
256   11431240
256   13218604
256   14296988
256   13065664
256   12662512
256   13216028
256   13776964
256   12019792
256   12743812
256   13635316
256   12770804
256   12427196
256   12968808
256   13293412
256   11485724
256   12511140
256   12547288
256   12709400
256   12186256
256   13059968
256   13757468
256   11921172
256   12195676
256   12664068
256   12409188
256   14162808
256   12671872
256   13341580
256   12821184
256   13642292
256   12451996
256   11903436
256   12566340
256   12577208
256   12914208
256   13617884
256   12748252
256   12480060
256   13236924
256   12233568
256   14022860
256   11114508
256   12951804
256   12534344
256   12621072
256   13119888
256   12367628
256   13032712
256   11980552
256   13186140
256   14291468
256   12905044
256   12669560
256   12706936
256   13541268
256   12548224
256   12408204
256   11694236
256   13550228
256   13005552
256   13574816
256   12764268
256   13598572
256   12399752
256   13329696
256   11110440
256   12445316
256   13463704
256   12753876
256   14203680
256   14644364
256   13106924
256   12164496
256   12984264
256   11515348
256   13651200
256   12808120
256   12449172
256   12521336
256   13136612
256   12889412
256   11162268
256   12150308
256   13282872
256   13986888
256   14025248
256   12883532
256   13827220
256   13197500
256   13443048
256   14379688
256   14640656
256   12100616
256   13581248
256   13359476
256   13684688
256   11107064
256   12033204
256   10605212
256   13599528
256   12630712
256   13843820
256   12403756
256   13029480
256   12895968
256   14758264
256   12670252
256   12684268
256   12682428
256   13479284
256   13288688
256   13884600
256   13109364
256   11304504
256   11170288
256   12082384
256   13150960
256   14009708
256   13444980
256   13296096
256   13095764
256   13657180
256   12350516
256   13838008
256   12903356
256   13748872
256   13504556
256   12907612
256   12870644
256   12411048
256   13379256
256   12021940
256   13486012
256   12802060
256   12877672
256   12736704
256   12343628
256   11526008
256   11928844
256   11234884
256   13085348
256   12958604
256   14043128
256   13510856
256   11700392
256   13086128
256   12858644
256   12614240
256   13926176
256   14503712
256   14792640
256   12521632
256   13494908
256   13274704
256   12230144
256   12383860
256   12341296
256   14312000
256   12548560
256   14010072
256   12503932
256   11130836
256   12821780
256   13027672
256   12220004
256   12894120
256   13968116
256   13410176
256   12699288
256   13931680
256   13243488
256   12688220
256   12274692
256   15084316
256   13573440
256   11661588
256   11989428
256   13599132
256   13096960
256   11636848
256   13491544
256   13232848
256   12815364
256   12567172
256   13166408
256   12671676
256   12389268
256   12510624
256   12986128
256   14446644
256   13773836
256   12911952
256   12657900
256   11867072
256   13160596
256   13059924
256   12397820
256   12253008
256   12585832
256   12074868
256   11388712
256   10711576
256   13071584
256   13130332
256   11572828
256   12182408
256   13532772
256   13579436
256   13688348
256   14243892
256   12776596
256   13142192
256   10781032
256   13146892
256   14792020
256   13262844
256   11596392
256   13446440
256   12627632
256   12260044
256   11978232
256   12665672
256   13241304
256   12467908
256   13535696
256   12556708
256   12442652
256   12505184
256   12890088
256   12749192
256   12572084
256   12971228
256   14545688
256   13493308
256   13447792
256   13976900
256   12601288
256   11924420
256   13057072
256   12083728
256   11947712
256   13099796
256   12690272
256   12467708
256   12781872
256   15925692
256   12189860
256   13523380
256   14330024
256   13398388
256   13675088
256   11669016
256   12373396
256   12252624
256   12801232
256   13927500
256   12719376
256   13346976
256   12692560
256   13003644
256   12413072
256   13762436
256   13129520
256   13575196
256   13259780
256   13743928
256   13023012
256   12553056
256   12573980
256   11813680
256   11981368
256   13503556
256   13260928
256   12859764
256   14336360
256   12794420
256   11233912
256   12892724
256   12059408
256   12918940
256   12488812
256   13033252
256   13550948
256   14210100
256   12273056
256   12759340
256   12668144
256   12205460
256   13577492
256   14089496
256   14651068
256   12773452
256   13454612
256   13212892
256   12777916
256   10710936
256   12773576
256   12754676
256   12508356
256   13269044
256   12448168
256   12407416
256   11954808
256   10820716
256   11143988
256   14277476
256   14140908
256   12955368
256   13667168
256   13094240
256   13848628
256   12382276
256   11082236
256   11977712
256   13308180
256   12820464
256   12766420
256   13559380
256   12277796
256   12427456
256   11286112
256   13223424
256   13327140
256   12883700
256   12067104
256   12698484
256   12308776
256   13883420
256   9999420
256   14445764
256   13962032
256   12844632
256   12928068
256   14166444
256   13084476
256   12588216
256   12869704
256   12843852
256   13411644
256   14078648
256   12050180
256   11918220
256   11306884
256   12772292
256   13256444
256   12452784
256   13486792
256   13076740
256   13873276
256   12430524
256   12308560
256   12485652
256   12254016
256   13056988
256   12784248
256   13518744
256   14920192
256   13766476
256   13782872
256   11731752
256   12937556
256   12329048
256   12975120
256   12732520
256   13009256
256   12692868
256   14119804
256   11892880
256   11156764
256   12443372
256   12648732
256   12648972
256   12574892
256   14892076
256   14713000
256   13287956
256   13468036
256   12488876
256   14290756
256   13872456
256   12374228
256   13720336
256   13485540
256   12293928
256   12432752
256   11924628
256   11305664
256   12990000
256   12558632
256   13106492
256   12955724
256   11410480
256   13470808
256   12644040
256   13243052
256   12807208
256   13817956
256   13153620
256   14449728
256   11307580
256   13323752
256   13492464
256   12070600
256   12168348
256   13547840
256   14266496
256   12378332
256   13331260
256   12293900
256   12720500
256   10513188
256   12769752
256   13552824
256   13778240
256   12733096
256   14323296
256   12224888
256   14085708
256   12636256
256   12543236
256   12263232
256   13032008
256   12697584
256   12775196
256   12388780
256   11445908
256   12341724
256   10865184
256   13339992
256   13856328
256   13597536
256   13086788
256   12824144
256   12766372
256   12973328
256   12615920
256   13414940
256   13487244
256   13029748
256   13186584
256   11994692
256   13395580
256   11911980
256   13007704
256   12505956
256   12526140
256   13474568
256   13016004
256   13919760
256   12583452
256   13093976
256   12089616
256   12311244
256   13192068
256   12845884
256   13954352
256   12901896
256   12907628
256   14568472
256   12508456
256   13151108
256   12483488
256   12907924
256   12639296
256   12627324
256   13084940
256   12982460
256   10990468
256   12502944
256   14124824
256   12888920
256   12622688
256   13552044
256   12229940
256   13218600
256   12589752
256   12208724
256   13531100
256   14291000
256   14815516
256   13163668
256   13488956
256   13037956
256   12010280
256   13292276
256   11622224
256   11763836
256   13103540
256   13388440
256   12688968
256   12945076
256   11795156
256   13001996
256   11510476
256   13615532
256   13834380
256   13572172
256   12464288
256   12153972
256   12887632
256   13004096
256   12415736
256   13208760
256   13473548
256   12132556
256   12742128
256   11602296
256   12223632
256   13012424
256   11854504
256   12623368
256   12793140
256   12878560
256   12590636
256   13714264
256   12570772
256   12773868
256   12744840
256   12401720
256   12957884
256   13357380
256   12746348
256   12846608
256   12682476
256   12881888
256   13380272
256   11443508
256   13516472
256   13642264
256   12905184
256   12681232
256   14621700
256   14011548
256   12075648
256   11683792
256   12287320
256   12364724
256   14136884
256   12958272
256   12409848
256   14403188
256   12772648
256   11618656
256   13370732
256   12207480
256   14039848
256   12503680
256   12344004
256   12441008
256   12382268
256   13442828
256   13293384
256   12766664
256   13451020
256   14829452
256   14536340
256   14491084
256   12409440
256   12080760
256   12460048
256   13761016
256   14698672
256   11441116
256   14147376
256   13015800
256   13293604
256   12263852
256   12906892
256   12275804
256   12434368
256   12489608
256   12860492
256   12442060
256   12945096
256   10761628
256   13027264
256   12566416
256   13498232
256   12845596
256   13362152
256   13033816
256   12703936
256   12834656
256   12870848
256   12705624
256   13449928
256   12532324
256   12868744
256   11484360
256   12591720
256   11011960
256   12156352
256   12767292
256   13128804
256   13363576
256   13681036
256   14651904
256   11974008
256   12385264
256   12883068
256   14211108
256   13581376
256   12820856
256   14256564
256   13561316
256   11434772
256   12434592
256   12772032
256   12517240
256   12820336
256   12790192
256   13770088
256   11829212
256   13507048
256   13075060
256   13319888
256   14385628
256   13216668
256   12701188
256   13454844
256   13109280
256   13364112
256   12804652
256   13657228
256   12624148
256   12581404
256   13339876
256   13690900
256   11658188
256   13269696
256   12956984
256   13048296
256   12050284
256   12227404
256   12033244
256   13109948
256   13395908
256   12483812
256   13357336
256   13207072
256   12394956
256   12967696
256   14161344
256   14221408
256   13745140
256   12833200
256   13261168
256   12662956
256   12585880
256   11741296
256   13302536
256   12150252
256   13353988
256   12569508
256   13210968
256   13016728
256   11641640
256   12976352
256   12100776
256   13971024
256   14756172
256   13240028
256   13067316
256   12667244
256   12963004
256   12537408
256   13517716
256   13141044
256   13421656
256   11345076
256   12280080
256   12346436
256   12062464
256   10684396
256   13079128
256   12547568
256   11968592
256   14385664
256   11910016
256   14859896
256   11590432
256   12536840
256   13529900
256   14681020
256   12093196
256   13342624
256   12286420
256   12988980
256   12310492
256   11877696
256   11210652
256   12167012
256   13173260
256   12696392
256   11876392
256   12575400
256   12457688
256   13266976
256   11169832
256   13319116
256   13055460
256   12961808
256   14151236
256   14077184
256   13403164
256   12498924
256   13756412
256   12324228
256   12587516
256   12758108
256   13795120
256   13873824
256   11573572
256   12503900
256   12012564
256   12652132
256   11633572
256   13209972
256   13331056
256   14015756
256   12822148
256   14253228
256   12864016
256   12370052
256   11291168
256   13759184
256   12956928
256   12677352
256   13139540
256   13100888
256   13419236
256   11892560
256   12827240
256   12358580
256   13966348
256   13009152
256   11456320
256   12360380
256   14416532
256   12943808
256   13692104
256   14012384
256   13333792
256   13315508
256   13998032
256   13684784
256   12600468
256   12616920
256   12646116
256   12477128
256   12428328
256   12723048
256   12531536
256   12948676
256   13416456
256   11961492
256   11610996
256   12623400
256   12769056
256   13529280
256   12411524
256   13307864
256   13384064
256   12369364
256   13086160
256   11604312
256   13780452
256   12800716
256   12265820
256   13119924
256   11232916
256   11058636
256   10925800
256   11916784
256   12725468
256   13022244
256   13057292
256   12072988
256   12418592
256   12474264
256   13300872
256   12452880
256   13039836
256   12529048
256   12665964
256   13794540
256   13302964
256   12399244
256   12591376
256   12046344
256   12475656
256   12758376
256   12419340
256   12806852
256   13179480
256   12715056
256   11031520
256   12210028
256   12362840
256   12483144
256   13071124
256   12935128
256   12890344
256   12958896
256   13325596
256   12565356
256   13433932
256   13721204
256   13433544
256   13089352
256   12727472
256   13465080
256   13461436
256   12752916
256   12196512
256   12895828
256   14448184
256   12343048
256   13729272
256   13078448
256   12076116
256   12753816
256   13159812
256   12928068
256   12621836
256   14456728
256   14073680
256   13876604
256   13827548
256   12973744
256   12230048
256   12706100
256   12563524
256   12424448
256   14465040
256   12969376
256   13240724
256   11881360
256   11383752
256   13329324
256   11660556
256   13986312
256   13282984
256   12838552
256   12143168
256   14408800
256   12356780
256   13163380
256   13556152
256   13311296
256   13702104
256   14302452
256   12894252
256   12614776
256   12829956
256   12763932
256   12996892
256   12131868
256   12926692
256   12642768
256   13057420
256   12809284
256   12839360
256   12409588
256   13219836
256   14281400
256   13409420
256   13162912
256   13093932
256   13163096
256   12033008
256   12705644
256   12600720
256   14173088
256   12715176
256   13615960
256   12674480
256   12171548
256   12401440
256   14300500
256   13452476
256   13728124
256   14686888
256   13254712
256   13955856
256   13754932
256   12947236
256   12945488
256   13442016
256   11660940
256   13057660
256   12770540
256   13710620
256   11925980
256   12706136
256   12026284
256   12201036
256   12890956
256   14876004
256   13321820
256   13259292
256   13084716
256   12996520
256   13320668
256   12741400
256   13558348
256   13205884
256   13869004
256   13813448
256   12956272
256   12186664
256   12597276
256   11743872
256   12628416
256   12269596
256   12705556
256   12998148
256   14057752
256   12828332
256   12197916
256   11896068
256   12276880
256   14182280
256   13273160
256   12701044
256   13729272
256   14111136
256   12490212
256   14102124
256   12304424
256   14247112
256   13619716
256   13959712
256   12893632
256   11849264
256   12427324
256   12144436
256   12430064
256   13006428
256   13091048
256   13864528
256   12629184
256   12795288
256   12313676
256   14202888
256   13400196
256   11558484
256   12304384
256   14741708
256   14751900
256   12919032
256   12676744
256   13893196
256   13138048
256   13165404
256   13229024
256   13606008
256   13232344
256   13973532
256   13224292
256   14076396
256   13160416
256   13411392
256   13515664
256   13531120
256   13749740
256   13439400
256   13936784
256   12643456
256   12778708
256   13442732
256   12447848
256   13396120
256   13810548
256   13737376
256   13759944
256   13151552
256   12076060
256   13998536
256   12526068
256   13820212
256   12952672
256   12474904
256   12366824
256   13279024
256   13398248
256   12592440
256   13686512
256   13369180
256   13409728
256   13025748
256   13504600
256   12996984
256   13728488
256   13493680
256   13570860
256   12965888
256   12566836
256   13931032
256   13757980
256   13551300
256   12374004
256   13495568
256   13330080
256   14009216
256   13383312
256   13508172
256   12932868
256   13613032
256   12788716
256   12937032
256   13981472
256   12511020
256   14071280
256   13349020
256   13237284
256   13420944
256   13722008
256   13524168
256   13822808
256   13488992
256   13840560
256   13551772
256   13400528
256   13091108
256   12768520
256   13501832
256   13576244
256   13289616
256   13203984
256   13894328
256   12500680
256   13629336
256   13486520
256   13984788
256   13403620
256   12598432
256   12907224
256   12927836
256   13411996
256   13344944
256   13700560
256   13862052
256   12679468
256   12941916
256   12897488
256   14116020
256   12869936
256   13189648
256   11976612
256   14684096
256   13107632
256   13097824
256   13725332
256   12098932
256   12904252
256   13385044
256   13355912
256   13387820
256   12792464
256   13425476
256   13221684
256   13830308
256   12931668
256   13889268
256   13649792
256   12624168
256   14134800
256   13360072
256   13574112
256   13475204
256   13210976
256   14105088
256   13191324
256   13205076
256   13768324
256   13622804
256   13731924
256   13407876
256   13061664
256   13550136
256   13094756
256   13105340
256   13606808
256   13399344
256   13547516
256   13237360
256   13929252
256   13962616
256   13399188
256   13984248
256   13196996
256   12561936
256   12911612
256   13803068
256   13602668
256   12194728
256   13128852
256   13219156
256   13063656
256   13252916
256   13621700
256   11268776
256   13709476
256   13415268
256   13749396
256   13200868
256   13214476
256   12790128
256   12569048
256   13265920
256   13449436
256   13389188
256   13547772
256   13592336
256   13397412
256   13367468
256   13030876
256   14147260
256   13442988
256   13507184
256   13734700
256   13130272
256   13530540
256   13223472
256   13054540
256   13212264
256   13563536
256   13055104
256   13750644
256   13618032
256   13366184
256   12643628
256   13961560
256   12398192
256   13713188
256   13868576
256   13014676
256   13105268
256   12412024
256   13847692
256   13133992
256   13632284
256   12468284
256   13287388
256   13163688
256   13853528
256   13171688
256   13902024
256   14123724
256   13488936
256   13810756
256   12818904
256   13326036
256   13799260
256   13858404
256   13349368
256   13880176
256   13426032
256   13638248
256   13474072
256   13132928
256   12662768
256   13649356
256   12952232
256   13369492
256   13573124
256   12290812
256   13467220
256   13659976
256   14072672
256   13340452
256   13490312
256   13429096
256   11793920
256   13448748
256   13832892
256   13145572
256   13496456
256   13377604
256   13297940
256   13600108
256   13140376
256   13685472
256   14049848
256   13801980
256   12236128
256   14147808
256   13480912
256   13582396
256   13318268
256   13067212
256   13296104
256   13485936
256   13510552
256   12821028
256   13474224
256   13859064
256   13912088
256   12958596
256   13886816
256   13417456
256   14049328
256   12852772
256   13307312
256   13438484
256   12787292
256   13721832
256   13844984
256   13296488
256   13192124
256   13699268
256   13178336
256   13745868
256   13639544
256   13727468
256   13006940
256   14330840
256   12825016
256   13152876
256   13850032
256   12624080
256   13514196
256   12811352
256   13150256
256   13053488
256   12561524
256   11671808
256   13917756
256   12837392
256   13811024
256   13785784
256   13296060
256   12582548
256   13078192
256   13379280
256   12889864
256   13308876
256   13357264
256   13560652
256   13414628
256   13662332
256   13535012
256   13519652
256   12771260
256   13589680
256   13485160
256   13492236
256   12138248
256   13495396
256   13211372
256   12912308
256   13443356
256   12925388
256   13584428
256   13747612
256   13814012
256   12807548
256   13763652
256   13423640
256   13046088
256   13587036
256   13016852
256   13435800
256   12920392
256   13465264
256   12633516
256   13708352
256   13168896
256   14206752
256   12637716
256   13976540
256   13528112
256   13584292
256   13574296
256   12639148
256   12712260
256   12728076
256   14150980
256   12583020
256   14069844
256   12863688
256   12973956
256   13255304
256   13620308
256   12928044
256   13715464
256   13109252
256   12796228
256   13463304
256   12671664
256   13402260
256   13036188
256   13821524
256   13869408
256   13564436
256   13214636
256   13619128
256   13661888
256   12679328
256   13258176
256   13567816
256   13183668
256   13234212
256   13453704
256   12502692
256   13598088
256   13140332
256   13198228
256   13126980
256   13326500
256   13259372
256   12651748
256   13456180
256   13430804
256   14262504
256   12263208
256   13842028
256   14089788
256   13229104
256   13364572
256   13385936
256   13319824
256   13491156
256   13260260
256   13604856
256   13647444
256   12804776
256   12983120
256   13484472
256   12884800
256   12601852
256   13475748
256   13481212
256   13670408
256   13055532
256   13750372
256   13500100
256   13710896
256   13804684
256   12643124
256   13931220
256   13785512
256   13613312
256   13722248
256   13614712
256   13436312
256   13538500
256   13709460
256   13833584
256   12816004
256   13373328
256   13467584
256   12956988
256   13203260
256   13034124
256   13542824
256   13259468
256   13318548
256   13324124
256   14061640
256   13307896
256   13831252
256   12686280
256   13789604
256   13075200
256   13354592
256   13382032
256   13487792
256   13816120
256   12892872
256   13677100
256   13757404
256   13754668
256   13509640
256   13358132
256   13061756
256   13563632
256   13106068
256   13272188
256   13529272
256   13315536
256   13611152
256   13388576
256   13343280
256   13839348
256   13371700
256   13393900
256   13339824
256   12907504
256   14121984
256   13392172
256   13256940
256   13129472
256   13111828
256   12803820
256   13171876
256   12665932
256   13793064
256   13346432
256   13276820
256   13054280
256   13625376
256   13646120
256   13470776
256   13846628
256   13339772
256   14174020
256   13289128
256   14031884
256   12906928
256   12768132
256   12908028
256   12777876
256   13326244
256   13471756
256   13562216
256   11830532
256   13193560
256   12874428
256   13410616
256   12941428
256   13777728
256   12098768
256   12370600
256   12585112
256   13724552
256   12863608
256   13369712
256   13495556
256   13441284
256   13543852
256   13168684
256   13890544
256   12858256
256   14047096
256   13060060
256   13296820
256   12835984
256   13000192
256   13463484
256   12229236
256   13708964
256   13389512
256   13180360
256   13261576
256   14090496
256   11708392
256   14033668
256   13422128
256   13016596
256   13454184
256   13185036
256   13396072
256   13160096
256   13465792
256   13858248
256   13765204
256   13120396
256   13831576
256   13792164
256   13570812
256   13171304
256   13064804
256   13818272
256   11289296
256   13222116
256   13831572
256   13342372
256   13346208
256   13417756
256   12956448
256   13463572
256   12730068
256   13459288
256   12383356
256   12441836
256   13962568
256   12500948
256   13732564
256   13898760
256   13761856
256   12562360
256   13575020
256   13587376
256   13266816
256   13356632
256   14019264
256   12861180
256   13792124
256   12912696
256   12945096
256   13470600
256   13587880
256   13161748
256   12330660
256   13632092
256   13304256
256   13786584
256   13494752
256   13572424
256   12824764
256   12299940
256   13337108
256   13357640
256   12984032
256   13306308
256   13537828
256   12740484
256   13462836
256   12995836
256   12956300
256   13299064
256   13387784
256   13584952
256   13070144
256   13651280
256   12957412
256   12963416
256   13412440
256   13362460
256   12538116
256   13333600
256   13161408
256   13598084
256   13260016
256   13371204
256   12710288
256   12995180
256   13241112
256   12788072
256   13308268
256   12975532
256   14023728
256   14082364
256   13949364
256   13199264
256   13630660
256   12715024
256   13381024
256   13668224
256   13280408
256   13632988
256   13024728
256   13356520
256   12411900
256   13914312
256   13074032
256   13875732
256   12080568
256   12954684
256   12784832
256   12750804
256   13698764
256   13531648
256   13481364
256   13300536
256   13253648
256   12707552
256   13873440
256   12846312
256   13359204
256   13284084
256   13516476
256   12878140
256   13405444
256   12927636
256   13730156
256   13411668
256   13441152
256   13400876
256   13161572
256   13716208
256   13190428
256   14006392
256   13552132
256   13017264
256   13653032
256   13256200
256   13217196
256   13696784
256   13812656
256   13659192
256   13578932
256   12992396
256   13337664
256   12676332
256   14016956
256   13237932
256   12747860
256   13386384
256   13205020
256   13991712
256   13419664
256   14072592
256   13556500
256   13443464
256   13465384
256   13878404
256   13369016
256   13016180
256   13298292
256   12406856
256   12916116
256   13334316
256   13311828
256   13318184
256   13765908
256   13163624
256   13484688
256   13061076
256   13501132
256   13187088
256   13692780
256   12803952
256   12672428
256   13091452
256   12888536
256   12992772
256   13648676
256   13603868
256   13663176
256   13932448
256   13875860
256   13674288
256   12732332
256   13681716
256   13128384
256   12422972
256   13117920
256   13281948
256   13724132
256   12428652
256   13353940
256   13785816
256   13923384
256   12387572
256   13749904
256   12142348
256   13346804
256   13120856
256   13154428
256   13422508
256   12777400
256   13288232
256   13470996
256   13258084
256   13223896
256   13523708
256   13032028
256   13455904
256   13503120
256   13911164
256   13084024
256   12709356
256   12894088
256   12760508
256   13864428
256   13739200
256   13127472
256   13500476
256   13877472
256   11333048
256   13510836
256   13208960
256   13419584
256   13687796
256   13262316
256   12420976
256   13050584
256   12882476
256   12703828
256   13259976
256   13407120
256   13956844
256   13746764
256   13792300
256   13014780
256   13550004
256   14033664
256   9161160

