8   674788
256   16385296
256   16323180
256   16297052
248   15881392
256   16402388
256   16471540
256   16479488
256   16206260
256   16346032
256   16420196
256   16594744
256   16631068
256   16477312
256   16420284
256   16359288
256   16416456
256   16690348
256   16616608
256   16586580
256   16407496
256   16407612
256   16882304
256   16559196
256   16319392
256   16561168
256   16717644
256   16715308
256   16622584
256   14542824
256   14902756
256   13937480
256   11333092
256   13366900
256   11546792
256   13425496
256   13289544
256   12966628
256   12981532
256   14096072
256   14188212
256   14342172
256   15339984
256   14832172
256   12196352
256   13175900
256   12880384
256   13989200
256   14702408
256   13388584
256   13727516
256   14342764
256   14459996
256   13600620
256   14519204
256   13950152
256   12969844
256   12878652
256   13417052
256   13607428
256   12742748
256   13697592
256   13795460
256   13137824
256   14930348
256   13870052
256   13994172
256   14076764
256   14062240
256   13608248
256   13307624
256   13435436
256   14309672
256   12753584
256   13086608
256   13224956
256   13574200
256   13796316
256   13506568
256   14581080
256   13115860
256   14114940
256   14395276
256   14417064
256   12251608
256   13624536
256   13671936
256   12643140
256   13333076
256   13385080
256   14897164
256   15081452
256   14795708
256   14799104
256   14557964
256   14747156
256   12533348
256   12823744
256   12781916
256   14884172
256   12842192
256   13590976
256   14766836
256   14794660
256   12969236
256   14862228
256   14941288
256   13348188
256   14815152
256   13002648
256   13200072
256   14273420
256   14817372
256   14509012
256   14253532
256   14469940
256   13660652
256   13850868
256   14548952
256   14686200
256   13800308
256   14054040
256   12654316
256   14196696
256   14127328
256   13417992
256   14552056
256   13090056
256   14988460
256   14350676
256   14618048
256   14940908
256   13309116
256   12610236
256   13347112
256   12951072
256   13331700
256   11998496
256   12983164
256   14439980
256   14558064
256   13662900
256   12598840
256   15053816
256   14466660
256   14578056
256   13001692
256   12473264
256   13079080
256   13764072
256   14259528
256   13692064
256   13146280
256   12954584
256   13527968
256   14499152
256   13705264
256   15129552
256   13651144
256   12283060
256   13543940
256   14164068
256   16017876
256   14341436
256   14154556
256   13792668
256   15124684
256   15374604
256   13109708
256   15102972
256   13486260
256   13723824
256   13176572
256   13474596
256   13176792
256   12170720
256   14176692
256   14157672
256   14497076
256   14380368
256   14835304
256   14287576
256   14231500
256   13663184
256   14934820
256   12678200
256   12844096
256   12907844
256   13650752
256   13235068
256   13137664
256   14095376
256   13520012
256   14751676
256   15186992
256   13070852
256   13136316
256   14082080
256   13340516
256   12738188
256   14075072
256   13688524
256   14027380
256   14020024
256   12144368
256   13323972
256   12354696
256   13644940
256   13741816
256   14124232
256   14756844
256   13045308
256   13653980
256   14342996
256   13360140
256   14234164
256   14257648
256   13271940
256   13355492
256   14728144
256   14658524
256   14215824
256   14480948
256   14167708
256   14249684
256   13192132
256   14216584
256   13648852
256   13312924
256   12581816
256   12947188
256   15011096
256   14585232
256   14729268
256   14371532
256   14583384
256   14784708
256   13404420
256   13565040
256   12828652
256   13704912
256   13014764
256   12023632
256   12623208
256   14936272
256   14534424
256   13283792
256   14555548
256   15060984
256   12754360
256   13659876
256   13417432
256   13820132
256   12931720
256   13140400
256   14445132
256   12996616
256   14130188
256   14621664
256   14841856
256   14559832
256   14578472
256   14472164
256   13205496
256   13219356
256   13046072
256   13956248
256   13128584
256   13391548
256   12277348
256   14114880
256   14327736
256   14506712
256   14781188
256   14947508
256   13638180
256   13925388
256   13074068
256   12553096
256   13428520
256   13093948
256   11610184
256   13187424
256   14433948
256   15444812
256   14422504
256   13269188
256   13749800
256   12898732
256   13002992
256   12871880
256   13228416
256   14510384
256   13556364
256   13234372
256   13024336
256   14699648
256   14798872
256   13960144
256   12912988
256   12522216
256   13172540
256   13060908
256   13868332
256   12665192
256   14022752
256   13877256
256   14598172
256   15174776
256   14246348
256   14561100
256   14279320
256   14760672
256   14417400
256   13479816
256   12772160
256   12215560
256   13029396
256   12974208
256   14453188
256   13862864
256   14700232
256   14632520
256   15000184
256   14125132
256   15107224
256   15214736
256   13831032
256   12892032
256   12999464
256   12930984
256   13528076
256   13324212
256   14602012
256   13673248
256   13781220
256   14388308
256   14560928
256   14219204
256   13185056
256   13652760
256   12819828
256   13556932
256   12955560
256   13340124
256   12712584
256   13502188
256   14758412
256   14545352
256   13105952
256   13209584
256   14611416
256   13665452
256   13993504
256   13965060
256   12736996
256   13600196
256   13383592
256   13178808
256   13065300
256   13788192
256   14459004
256   12728776
256   14005376
256   13973616
256   12941196
256   12958600
256   14263640
256   13306372
256   12717012
256   13009836
256   13685212
256   12449544
256   13294724
256   12935632
256   13477180
256   14172440
256   14357612
256   13635700
256   13524564
256   13071308
256   13688412
256   13752644
256   13213068
256   12599476
256   14486284
256   13233952
256   14257616
256   15536676
256   14168312
256   13583412
256   13630520
256   13089844
256   12242180
256   13983440
256   12436336
256   12877388
256   14611124
256   14573920
256   14284452
256   14875152
256   14635608
256   14881256
256   15120912
256   13537800
256   14042764
256   12562552
256   12938612
256   13920940
256   12087308
256   11976852
256   14293332
256   14673560
256   14548560
256   14218928
256   14798744
256   15102156
256   12144740
256   12934160
256   13784492
256   11963408
256   13479084
256   12414436
256   13600604
256   14283688
256   13977600
256   14287696
256   14368896
256   14118788
256   14147376
256   13039884
256   13092680
256   13487208
256   13089980
256   12432660
256   13588632
256   12856280
256   13668184
256   13384400
256   13972308
256   14866620
256   14955960
256   14454564
256   12991408
256   13200388
256   12690988
256   12754432
256   13150736
256   12913868
256   14527700
256   14300784
256   14465584
256   14940592
256   13652240
256   14062952
256   13459920
256   13215448
256   12978220
256   13164824
256   13713424
256   13708416
256   12878712
256   13036564
256   14521356
256   14366640
256   15143204
256   13943248
256   12430960
256   13297424
256   13045568
256   13062960
256   13717468
256   12525900
256   14536684
256   13674736
256   13294356
256   14636176
256   14845404
256   14964004
256   13555688
256   14336488
256   13663156
256   13733644
256   13336040
256   13820916
256   13733028
256   13463704
256   14385036
256   13273364
256   13223416
256   13785196
256   14946620
256   12233896
256   15112204
256   14156788
256   13633884
256   12297988
256   12002716
256   13357416
256   13216912
256   12907456
256   14071932
256   13243896
256   13411052
256   14175208
256   13046924
256   14598548
256   12758772
256   13801844
256   13191220
256   13026968
256   14231592
256   12919172
256   12862988
256   13300744
256   14984592
256   13184176
256   14349380
256   13231604
256   14470208
256   15058248
256   13029640
256   13376784
256   12792132
256   13714216
256   12182856
256   13148296
256   14039552
256   12880724
256   14639416
256   14505596
256   14812592
256   13300640
256   13805820
256   13151112
256   12911624
256   12685956
256   13428028
256   13247564
256   12722644
256   12520108
256   14403216
256   14226400
256   13900804
256   14103280
256   13974580
256   12894136
256   13889184
256   12880608
256   12773816
256   12868544
256   13052820
256   13048644
256   13591888
256   15041636
256   15076940
256   14958160
256   13868368
256   14905368
256   13962592
256   13006092
256   12146916
256   12474756
256   13217708
256   12792540
256   11888568
256   14516008
256   13256508
256   14553608
256   14782336
256   14731360
256   12878580
256   14990344
256   13296988
256   14128008
256   13271992
256   12363916
256   12993860
256   12789760
256   14016664
256   14415652
256   14752640
256   14628064
256   15001476
256   15154496
256   14747844
256   12347024
256   13602244
256   13449712
256   14610916
256   13470804
256   14334268
256   14965792
256   15638736
256   14065588
256   14309624
256   13315324
256   13367284
256   14415444
256   13916916
256   11508672
256   13287936
256   13914804
256   13202908
256   13398248
256   14027812
256   14045088
256   13705940
256   13685828
256   12498532
256   14895148
256   14783316
256   13805656
256   12827432
256   13126820
256   13649352
256   14493172
256   13444868
256   14311864
256   14180800
256   13287432
256   14155788
256   13812464
256   14202912
256   14824720
256   13011984
256   14252716
256   14584728
256   12852608
256   13880844
256   14372704
256   14120476
256   14273336
256   14202124
256   14293432
256   14928544
256   13338992
256   13901316
256   12908624
256   12798620
256   13635496
256   13921348
256   11817976
256   13898572
256   13524952
256   14449660
256   13771508
256   13953372
256   13475612
256   15276804
256   14370536
256   12639300
256   12557844
256   12570804
256   14378564
256   13359344
256   14559380
256   14312520
256   14467500
256   13777920
256   14872096
256   14472476
256   14261088
256   13065208
256   13651848
256   14608520
256   12805152
256   12866364
256   13617168
256   13880304
256   14017360
256   14743464
256   14804188
256   13303320
256   14871904
256   13267700
256   13050908
256   13352228
256   12805560
256   13348328
256   13518516
256   13334992
256   12974064
256   14489668
256   14678412
256   15008360
256   12890264
256   14505060
256   13436144
256   13745660
256   13110308
256   14436564
256   13088972
256   12463252
256   14037128
256   12680764
256   14903880
256   14679256
256   14601620
256   14777064
256   14337940
256   12014320
256   14001752
256   14107496
256   12143852
256   14889156
256   13681124
256   12331560
256   14896092
256   14180840
256   14249140
256   14649316
256   13975280
256   12988476
256   13054856
256   13839328
256   13059788
256   13461732
256   13448712
256   14038216
256   14217028
256   14235748
256   14184460
256   14075552
256   13905120
256   13256764
256   12937124
256   13338368
256   13847184
256   12191020
256   14075844
256   14833312
256   13585016
256   14274920
256   14518344
256   14660296
256   14588180
256   13881272
256   14565404
256   14701744
256   13641736
256   12590232
256   14302056
256   12673804
256   13721844
256   14421840
256   14211012
256   14933408
256   14824480
256   13941452
256   14987476
256   12433720
256   13232728
256   12934028
256   13384768
256   14494132
256   13966816
256   13233936
256   13463852
256   13717952
256   13370192
256   14620348
256   13263504
256   14300236
256   13388592
256   13709608
256   13740716
256   14579508
256   13393536
256   14613404
256   14013684
256   13983324
256   13744784
256   14351360
256   14873840
256   14128512
256   15408688
256   14039416
256   13118092
256   12981620
256   13185736
256   12904392
256   12578792
256   12200268
256   14591328
256   14401924
256   14040860
256   14685040
256   15184108
256   14324760
256   13544980
256   12594296
256   13496852
256   12741092
256   12755276
256   14295372
256   12642352
256   12551356
256   14083704
256   13000268
256   14454668
256   15085768
256   14767724
256   14247940
256   13771124
256   13506484
256   12866832
256   13646968
256   12229044
256   13461152
256   13182632
256   13717324
256   13781416
256   14379264
256   14552836
256   14606332
256   14332700
256   12796412
256   13188584
256   13610904
256   13036484
256   13453156
256   12720744
256   14559644
256   14344468
256   13850716
256   14864220
256   13934204
256   14592408
256   13114048
256   13683064
256   12605552
256   12024196
256   13556108
256   13052048
256   13284828
256   13558276
256   14353612
256   15157328
256   14103196
256   14329884
256   14290704
256   11564636
256   13622220
256   12490048
256   13003516
256   13257856
256   14636852
256   14347376
256   14084984
256   14634972
256   14898308
256   13132692
256   14503316
256   14491584
256   12717004
256   12529240
256   12957256
256   12538392
256   14663244
256   14637112
256   13523124
256   14594656
256   13575760
256   14360588
256   14692388
256   13773528
256   14578300
256   11872676
256   12931680
256   12822796
256   13098052
256   14620472
256   13676720
256   13212748
256   13723644
256   15064468
256   15018456
256   13400332
256   13437348
256   14242660
256   12870188
256   14065052
256   13661880
256   13557748
256   13349224
256   15390084
256   14423740
256   14847240
256   13425264
256   13911852
256   13342124
256   12928008
256   13421816
256   13906432
256   13047728
256   13200372
256   14437680
256   12825488
256   13577496
256   13962572
256   14419228
256   12495060
256   13157192
256   13726344
256   14936372
256   14127892
256   12899448
256   13295320
256   13077728
256   14536700
256   14324848
256   13244628
256   13138400
256   13873536
256   14646200
256   13311080
256   14734732
256   14467328
256   14380108
256   13234208
256   13165104
256   14730000
256   14739128
256   12646476
256   13069636
256   14402452
256   13370140
256   14089872
256   14414740
256   14562944
256   13639416
256   13542168
256   13309284
256   14312672
256   13566784
256   13001932
256   12277284
256   14634864
256   14106964
256   13483892
256   13760992
256   14527320
256   13380576
256   12925004
256   13124900
256   13977328
256   12762948
256   13298836
256   12999776
256   13345672
256   12950336
256   13505460
256   14640984
256   14648244
256   14449520
256   13105216
256   12523944
256   12919936
256   14064332
256   13472532
256   13415796
256   13923336
256   11287560
256   14375976
256   14490516
256   13458572
256   14127316
256   14808344
256   13894504
256   12841520
256   12244024
256   14112676
256   12385912
256   13403916
256   12865652
256   14323672
256   13823356
256   15263208
256   13667120
256   14626016
256   14740532
256   14426776
256   12452012
256   12839532
256   14342584
256   12794816
256   12358044
256   12685100
256   15146796
256   14248916
256   14349956
256   14419696
256   12955720
256   13856780
256   14409160
256   13870152
256   11886048
256   12825040
256   12970112
256   14526944
256   14010128
256   13549196
256   15243460
256   14642736
256   12927916
256   14814880
256   14085100
256   14035132
256   12652632
256   14292764
256   13141784
256   13569096
256   13325300
256   15099484
256   14706100
256   14276132
256   15081756
256   14222880
256   13236836
256   14867096
256   12919128
256   12979124
256   12609120
256   13968400
256   14190288
256   12994680
256   12518248
256   14117164
256   14898292
256   13925584
256   14004712
256   14524388
256   12927176
256   14036416
256   13051384
256   12973340
256   12488156
256   14181732
256   13608248
256   12481980
256   14500560
256   14438836
256   14651484
256   12641068
256   14659012
256   14023904
256   13785480
256   13593048
256   13548088
256   13237892
256   12901020
256   14267804
256   14672200
256   13474456
256   13626580
256   14340064
256   14218252
256   15838324
256   14244360
256   12475764
256   12735792
256   13254880
256   13138248
256   14877764
256   14018428
256   12365992
256   13911020
256   13506916
256   14356956
256   13256044
256   13843364
256   14598040
256   14073636
256   13461152
256   13304428
256   13804696
256   14358924
256   13226128
256   12696800
256   13003920
256   14906312
256   14874736
256   14341656
256   14514188
256   14209792
256   13247032
256   13669508
256   12378756
256   13088936
256   12249840
256   13774928
256   14391708
256   13293388
256   14520256
256   13894924
256   14136108
256   13412804
256   13755716
256   13478944
256   12907824
256   13068408
256   15156068
256   13145248
256   12168388
256   13398684
256   14627404
256   13170348
256   15101980
256   14675916
256   12938976
256   14415808
256   12766152
256   14652524
256   12208864
256   13413352
256   12637692
256   14323972
256   14414628
256   14844400
256   14327364
256   14274032
256   13079552
256   14690404
256   12769808
256   12923912
256   11184856
256   12843712
256   14796300
256   13340952
256   13995044
256   14548820
256   15372744
256   14766388
256   14294860
256   14171180
256   14688652
256   13389360
256   13664712
256   13013140
256   12887560
256   14692948
256   14499892
256   12088156
256   14053484
256   14505656
256   13659056
256   12607412
256   15119112
256   14443088
256   13694124
256   13414424
256   14127024
256   12286616
256   13819940
256   13704824
256   13607232
256   14243736
256   14909028
256   13013276
256   12827448
256   14806108
256   13317372
256   11246676
256   14244784
256   12145480
256   14153688
256   13730120
256   13339664
256   13940384
256   14843816
256   14815636
256   14413180
256   13391944
256   13360792
256   11573352
256   13857320
256   12846620
256   13311216
256   13882364
256   14588304
256   13419516
256   13020224
256   14253640
256   14311200
256   14805772
256   14369892
256   14370664
256   12917568
256   13723852
256   12398980
256   14235596
256   12311868
256   12763432
256   13900824
256   14331128
256   14396604
256   14457720
256   14260268
256   14029316
256   14929756
256   13746744
256   12828868
256   13940348
256   12815332
256   14057020
256   12766580
256   12660768
256   14652420
256   13143424
256   15018104
256   14748892
256   14516644
256   14067544
256   13052400
256   12619604
256   12869924
256   13329356
256   13546428
256   13674668
256   13250936
256   12656460
256   14194112
256   14222756
256   14584524
256   14560660
256   13144368
256   13153116
256   13544420
256   13728972
256   13633768
256   12703876
256   13067192
256   14664092
256   13374232
256   13650608
256   13230960
256   14402532
256   14733024
256   12934460
256   13936908
256   12240328
256   11520632
256   12506728
256   14315020
256   12282156
256   12850196
256   14495428
256   14876728
256   14938316
256   15133924
256   13263092
256   13189424
256   13685664
256   13049268
256   13440056
256   12334908
256   14733572
256   14193800
256   14190300
256   15061900
256   15418012
256   14556360
256   14499228
256   13984960
256   12841592
256   13367432
256   13168824
256   14510272
256   13683312
256   13210012
256   13139720
256   14438420
256   14656392
256   14373656
256   14334968
256   15899708
256   13427832
256   12912648
256   13210536
256   13091300
256   12148540
256   13469400
256   14796180
256   13459412
256   14162276
256   14143916
256   14683912
256   14209296
256   14404208
256   12444424
256   13037172
256   13586164
256   13305812
256   12715020
256   14350416
256   13468236
256   15236388
256   13336440
256   13993192
256   14142224
256   14056460
256   13395192
256   14047320
256   12750508
256   13705644
256   12788952
256   14189156
256   14419952
256   13684268
256   14151164
256   14364568
256   14454872
256   13035352
256   14287344
256   13746568
256   13671908
256   12465460
256   14088200
256   14045428
256   13337944
256   14087016
256   13030280
256   13607476
256   14509548
256   14883096
256   14897344
256   14568032
256   14429756
256   15064124
256   14118124
256   13008984
256   13182752
256   13650448
256   14753220
256   14380100
256   13720952
256   13330236
256   14404852
256   13867244
256   14470044
256   12928208
256   13219548
256   13614880
256   13402976
256   12936732
256   13418048
256   12463128
256   12869332
256   14426208
256   12551800
256   12670360
256   14601068
256   13588112
256   13702512
256   12624304
256   14475280
256   12411204
256   12676692
256   14833976
256   14149936
256   14668264
256   13877744
256   13494620
256   13475960
256   15055320
256   14222980
256   14044256
256   13998456
256   13602840
256   12807460
256   13744480
256   12941300
256   14731632
256   14912148
256   13484560
256   14137976
256   14560212
256   14638144
256   13064084
256   13432196
256   13047744
256   13324304
256   13457432
256   13934312
256   14677816
256   14139276
256   14465568
256   14059284
256   14550288
256   14758116
256   14616408
256   13557064
256   12773108
256   12494216
256   14419024
256   12711224
256   12547240
256   13257128
256   13352064
256   13590504
256   14525740
256   14917872
256   14797492
256   14532792
256   12795828
256   13006952
256   13358880
256   13463520
256   13299016
256   13172024
256   14851368
256   14867216
256   12780840
256   13811304
256   15442932
256   13360408
256   13353856
256   12475784
256   12821504
256   13344728
256   12654336
256   12950828
256   13039588
256   13828808
256   14805192
256   14733716
256   14711444
256   13958836
256   14097976
256   13949568
256   13706096
256   11864164
256   12470728
256   13902068
256   13497184
256   14166368
256   14265188
256   15532404
256   14576460
256   14223828
256   14185220
256   14360804
256   13286252
256   12473876
256   12821896
256   13735360
256   13529476
256   12488076
256   14900588
256   13991720
256   13202532
256   14826436
256   14544068
256   15565808
256   13816628
256   12719588
256   13520492
256   13071512
256   13054916
256   13629824
256   13174840
256   14771892
256   12903636
256   13535320
256   14160020
256   14640036
256   14244640
256   13198028
256   13045552
256   14238328
256   13590980
256   13877260
256   13005704
256   13374000
256   14841348
256   13490532
256   13028972
256   12767708
256   14365052
256   14189420
256   13607312
256   13043780
256   14338264
256   14177652
256   12958028
256   13314036
256   12366636
256   12903276
256   14318188
256   14376020
256   13133672
256   14703152
256   14602596
256   13166236
256   14692876
256   13877932
256   13738648
256   14014792
256   13316052
256   12355396
256   14169752
256   14508960
256   13137496
256   14037356
256   15152292
256   14156104
256   13958916
256   12545380
256   14040040
256   13023352
256   12245060
256   12915300
256   13283244
256   12627828
256   14846688
256   13930772
256   14839064
256   14480056
256   14615984
256   13864252
256   13275088
256   13111296
256   13055348
256   14232256
256   14673796
256   14270316
256   12356384
256   14453756
256   14465988
256   14328752
256   14853644
256   14158800
256   12652428
256   14342620
256   12830004
256   13837680
256   12463864
256   13414592
256   14519144
256   12966792
256   13767364
256   14548516
256   14752332
256   14446040
256   13674700
256   13920576
256   13008796
256   12574240
256   12792020
256   13994904
256   13499936
256   14503108
256   14792684
256   14175212
256   12863620
256   13967748
256   14120308
256   12637656
256   12817976
256   13438732
256   13133852
256   12791736
256   12797328
256   14284936
256   14115980
256   13053092
256   14809204
256   15231000
256   14441088
256   13420436
256   13447056
256   12994184
256   12356936
256   12566612
256   13648152
256   12739792
256   13491032
256   14458292
256   14625584
256   14227596
256   14181508
256   14118028
256   12614720
256   13442416
256   13691780
256   12056988
256   12746476
256   13802456
256   14515860
256   14244684
256   14744320
256   14040864
256   14036764
256   14745592
256   13165472
256   13069836
256   12353304
256   13366128
256   13496004
256   13737984
256   12775176
256   13625596
256   14346756
256   13135368
256   13716900
256   13502148
256   13056448
256   14446964
256   13663512
256   13505088
256   12543348
256   13162920
256   14242308
256   14698676
256   13368360
256   14418504
256   14731556
256   13138772
256   14092112
256   14650100
256   13677468
256   13946444
256   12972932
256   13636328
256   13850516
256   13081196
256   14037668
256   13744632
256   13697448
256   14728828
256   14621404
256   13343908
256   14910536
256   14600476
256   13751864
256   12776220
256   13402812
256   13346496
256   13924164
256   14455088
256   12530084
256   13564276
256   13069824
256   14213836
256   14590096
256   14668356
256   14882712
256   13657116
256   12711360
256   13715696
256   14733740
256   13031612
256   12753744
256   13004252
256   13022576
256   12626296
256   13919624
256   13278684
256   14353616
256   12950708
256   14066384
256   14133968
256   13199092
256   13817396
256   13433740
256   14174608
256   12482124
256   11800388
256   14953196
256   14428632
256   14020616
256   13568300
256   13007268
256   13140248
256   14488684
256   13037640
256   13822232
256   13071244
256   12497752
256   13310632
256   14175376
256   13741196
256   13767180
256   15202608
256   14146128
256   13224416
256   12759120
256   13411748
256   13054788
256   12763896
256   14752536
256   12980352
256   14022620
256   12820196
256   14843152
256   12869688
256   13146984
256   15132112
256   12515840
256   13078868
256   12580096
256   13847120
256   12898740
256   13759128
256   13522388
256   14728960
256   14571080
256   14493088
256   13551504
256   14842364
256   14921180
256   13206404
256   13652804
256   12482684
256   13011268
256   13523372
256   15210612
256   13156640
256   14699656
256   13903984
256   14506088
256   13636040
256   13683996
256   13275812
256   12591424
256   14564424
256   12703512
256   12527260
256   13460808
256   14725020
256   14156736
256   14198216
256   14310776
256   14701540
256   14940556
256   14339828
256   14611600
256   14212628
256   12854332
256   14835684
256   13461756
256   14184544
256   13242168
256   14025768
256   14377668
256   14536812
256   14860400
256   13563592
256   13066680
256   13643160
256   13711180
256   14000868
256   14874764
256   12930920
256   14506988
256   13180324
256   14823948
256   13420744
256   13058672
256   14464072
256   13132004
256   13319524
256   13640756
256   13624904
256   13759832
256   12961932
256   12562784
256   13061096
256   14085680
256   13924132
256   12601280
256   14602804
256   13463472
256   12923664
256   14604076
256   12988108
256   12848120
256   14975984
256   12958528
256   13600972
256   13200136
256   14460432
256   14134596
256   14431380
256   12426048
256   12966500
256   14574880
256   14715956
256   14129988
256   12926012
256   12799936
256   13143016
256   13354904
256   13413860
256   12998372
256   14183880
256   14487564
256   14523608
256   14309804
256   15204008
256   13713836
256   14158780
256   13278524
256   13055424
256   12518400
256   13308936
256   12824064
256   14331156
256   13164480
256   14225604
256   13087212
256   14692852
256   14642064
256   14317812
256   14095096
256   12911452
256   13424540
256   13282912
256   12575212
256   13304012
256   13359936
256   15301044
256   13281792
256   14246780
256   13588436
256   14351068
256   13241132
256   13197540
256   13522788
256   12469888
256   13177704
256   14414832
256   12840452
256   12651656
256   14069076
256   14054812
256   14918488
256   14588192
256   14062296
256   12969832
256   11262148
256   14312096
256   13573416
256   12839592
256   13305560
256   14698944
256   13995424
256   14356924
256   15119100
256   14712460
256   13640460
256   13627108
256   13403468
256   13551648
256   13693432
256   12938444
256   14316220
256   12985696
256   13132628
256   13428748
256   14750040
256   13655872
256   13717840
256   13062540
256   14811016
256   13939884
256   13201700
256   12030300
256   13025340
256   13961724
256   14386980
256   12936084
256   13153012
256   14224276
256   14910248
256   14779284
256   14328464
256   14548204
256   13288516
256   12956764
256   14603640
256   12601800
256   14247932
256   13627700
256   13941868
256   14532380
256   14010540
256   14493008
256   13050424
256   12333088
256   12457784
256   12992184
256   13441148
256   13280344
256   12528428
256   14589844
256   13566856
256   14288272
256   13005812
256   14998944
256   14109748
256   14479996
256   13849612
256   13040780
256   13947504
256   13290280
256   12894852
256   12551028
256   13493548
256   13961440
256   13523748
256   13313140
256   14141256
256   13411120
256   13620540
256   14260156
256   13569124
256   12955376
256   14158304
256   14105892
256   14653956
256   13314276
256   13944592
256   13940148
256   12912072
256   12757508
256   14740812
256   16545248
256   14713408
256   12759920
256   13515876
256   14269292
256   13912536
256   14439604
256   13215672
256   12928436
256   14405420
256   14019168
256   12698952
256   13979604
256   14053440
256   13470780
256   12727308
256   13415872
256   14487752
256   12626592
256   12783188
256   12153788
256   15011640
256   13213232
256   12706940
256   14624228
256   14857272
256   14627052
256   12698904
256   13701572
256   13092728
256   14734512
256   12826756
256   13954352
256   13551052
256   13500540
256   14180864
256   15005316
256   14598040
256   14994508
256   14967068
256   13479372
256   13333444
256   13073988
256   12604980
256   13454944
256   12891300
256   14123708
256   13714072
256   14016732
256   14381472
256   15501596
256   13464612
256   13723896
256   14062544
256   12399136
256   12929968
256   12890748
256   13344052
256   12686012
256   14073008
256   14228480
256   14946264
256   13248120
256   14204152
256   15136448
256   14641752
256   13951736
256   13614312
256   12281604
256   14457440
256   14688132
256   12967436
256   15087060
256   13613304
256   14142708
256   14326520
256   14738372
256   14292496
256   14327020
256   12943468
256   12895388
256   14256812
256   12754632
256   14525380
256   12912012
256   14867984
256   12859092
256   14742012
256   14815324
256   12677752
256   14400872
256   12700780
256   11269868
256   12695932
256   13727952
256   14552416
256   14087604
256   14731668
256   13491224
256   14108024
256   14401980
256   13761072
256   14209344
256   14679408
256   12137464
256   13713088
256   12473532
256   13609004
256   14357436
256   14557492
256   12920168
256   14761676
256   14285540
256   12834732
256   12843312
256   14520620
256   12926136
256   12691316
256   14753856
256   13813912
256   13426320
256   13864964
256   13536360
256   12798072
256   13956684
256   14151728
256   14976120
256   14654124
256   14824508
256   14142704
256   12043908
256   13763340
256   12903968
256   14376084
256   13049656
256   13114820
256   14490576
256   14463936
256   12081596
256   12994116
256   14534848
256   15480304
256   13697912
256   13655608
256   13475620
256   13158168
256   12769048
256   13647916
256   13127616
256   13262912
256   12889452
256   14315456
256   14272792
256   14379880
256   14007804
256   13471748
256   12938356
256   14510384
256   12902864
256   13993040
256   13414124
256   12333852
256   13531472
256   12968748
256   12581128
256   14408536
256   14389452
256   13537896
256   12844724
256   13220340
256   12890732
256   14048808
256   13151708
256   12386476
256   13996656
256   14707036
256   14430868
256   14380288
256   13392656
256   14737996
256   14718504
256   14233260
256   12128700
256   13781544
256   12249516
256   12759828
256   13303732
256   12880244
256   14680492
256   15165504
256   14819176
256   14599528
256   14907324
256   14924772
256   13026432
256   12802916
256   12630980
256   13327824
256   12387608
256   12914572
256   13416136
256   14856468
256   14236172
256   13361472
256   13458248
256   15204720
256   13486244
256   14076832
256   12965792
256   12848840
256   11890512
256   13653820
256   13596892
256   13740028
256   14287740
256   14293892
256   14697844
256   14143584
256   13513684
256   14059460
256   13059196
256   13415388
256   12628460
256   13338040
256   13748992
256   14523680
256   12905860
256   14187068
256   14918432
256   14231016
256   14885548
256   14849728
256   14213644
256   13319076
256   11264992
256   13183448
256   13120948
256   13300652
256   14005648
256   13261848
256   14347796
256   12882372
256   13065304
256   14640920
256   13502740
256   11563032
256   13271444
256   12905964
256   13288532
256   13333256
256   13395752
256   12978188
256   13990528
256   13602988
256   12673416
256   14295044
256   14614020
256   13049464
256   13955184
256   12419216
256   14308680
256   13748904
256   13544608
256   13446432
256   12863196
256   14550040
256   15086652
256   14038416
256   13977128
256   14197896
256   14512604
256   12948160
256   14098580
256   12738808
256   14344988
256   14133556
256   12447356
256   14130448
256   13160444
256   14789820
256   12976228
256   14436416
256   14661540
256   14816548
256   12747436
256   13855956
256   13795752
256   11986196
256   14556384
256   13738000
256   13034528
256   14623132
256   14324560
256   12905828
256   13256828
256   14500472
256   14798724
256   13126312
256   13173908
256   13094828
256   13549460
256   13495276
256   12428428
256   14661944
256   14039252
256   14050452
256   14680116
256   13764848
256   15211788
256   13134572
256   13815372
256   13469184
256   13585708
256   13749912
256   12306792
256   14441588
256   13508952
256   14574668
256   14204660
256   14269984
256   15454868
256   13411796
256   13750632
256   12503412
256   13009476
256   14426988
256   13979112
256   11746216
256   12721188
256   14605172
256   14862808
256   14144272
256   14215464
256   14734196
256   14738384
256   13497192
256   11679924
256   12414356
256   12869720
256   12370828
256   13631744
256   14673504
256   12817736
256   14754876
256   14257200
256   14955776
256   14861108
256   13509752
256   12062168
256   12597236
256   12421832
256   12814860
256   13777476
256   13733392
256   13380628
256   15147760
256   14364880
256   14562924
256   14345068
256   14279364
256   12584992
256   12789956
256   12917044
256   12819544
256   13161248
256   13424120
256   13028324
256   13849120
256   14295588
256   14090220
256   14738844
256   13778224
256   14881440
256   13888216
256   12114468
256   12886028
256   14115004
256   13922388
256   14136644
256   12881728
256   14279228
256   13320000
256   13471056
256   13792532
256   14803592
256   13421356
256   13622000
256   13007676
256   13839972
256   13257140
256   13954960
256   14387688
256   14596308
256   13328408
256   12973516
256   14902144
256   14627492
256   14318168
256   14263316
256   14396032
256   12864536
256   12504756
256   14498008
256   12984884
256   13555752
256   13003128
256   14608072
256   12628692
256   13225612
256   14595220
256   12850420
256   13866196
256   13829712
256   13450356
256   13307192
256   13206500
256   13856604
256   12808988
256   14820544
256   14537828
256   13323720
256   14510048
256   14040164
256   15195972
256   13908560
256   13678452
256   12947004
256   12708124
256   14209408
256   12595276
256   13190512
256   12492484
256   13745200
256   15246584
256   12943400
256   14888492
256   14777448
256   14084612
256   14124716
256   12946976
256   13369464
256   13614064
256   11317632
256   13948192
256   14577572
256   13766376
256   12577820
256   14483160
256   14308792
256   12462580
256   13930184
256   13572004
256   13979176
256   13991568
256   13857908
256   12974052
256   14877500
256   14367408
256   14303936
256   13177728
256   15229144
256   14550876
256   12873696
256   14271824
256   13103688
256   12910772
256   12556288
256   13249868
256   12921428
256   11987872
256   12832584
256   14629612
256   15129760
256   14631196
256   13900812
256   12980852
256   13804152
256   14056788
256   12710084
256   12801896
256   14729124
256   12634292
256   15310660
256   14496612
256   14422248
256   13973536
256   14745548
256   13078656
256   13124676
256   12788380
256   13881788
256   12634360
256   13219124
256   14000636
256   15537932
256   12815480
256   13642488
256   14784740
256   14375396
256   14432636
256   12986240
256   14080336
256   12755472
256   12673848
256   12362788
256   12711796
256   13328580
256   14332100
256   14590740
256   13897364
256   14640752
256   14967256
256   14154984
256   13024844
256   13668312
256   12459456
256   12752408
256   14259784
256   13661180
256   13933100
256   13544000
256   13116812
256   14193860
256   14843464
256   14558548
256   14490972
256   12974016
256   12788748
256   13494116
256   13178504
256   13976068
256   13246788
256   14098288
256   13459920
256   14224408
256   13314456
256   14168000
256   12988668
256   13527000
256   12667516
256   13879612
256   13570396
256   14131592
256   13178608
256   13123968
256   14417968
256   14633620
256   13287032
256   14463992
256   14645296
256   14008348
256   12492232
256   13040016
256   13515304
256   13698396
256   13808808
256   13174648
256   13092416
256   13122548
256   14084732
256   13852572
256   14246808
256   13481208
256   14526168
256   14567208
256   14012840
256   13406700
256   13798536
256   14165692
256   12404436
256   13736004
256   14486408
256   13672204
256   14200776
256   13425168
256   14853384
256   14396244
256   13387880
256   13978676
256   12948284
256   13376232
256   13997552
256   13324072
256   13487300
256   12661996
256   14823240
256   13572252
256   12651612
256   14424048
256   14890704
256   14473580
256   13107772
256   14159876
256   13687220
256   13274216
256   13039288
256   12589576
256   13441412
256   14009508
256   15122192
256   14761080
256   14046312
256   14745092
256   13743748
256   13276692
256   12853264
256   13995624
256   12574832
256   12896612
256   13352636
256   14337844
256   14388928
256   15101628
256   14523176
256   15110208
256   14174660
256   14237392
256   13059088
256   13239128
256   12881028
256   13910632
256   13148184
256   14240684
256   14573576
256   14102400
256   14606628
256   14016632
256   14020840
256   13101272
256   13721120
256   13424892
256   13574632
256   13190704
256   11435856
256   14269944
256   14036248
256   14259424
256   13445772
256   15178180
256   13984492
256   15065636
256   13719672
256   12699528
256   13535808
256   12687492
256   13853688
256   13686324
256   14690920
256   14002600
256   14772764
256   14383376
256   13861108
256   13457204
256   12421808
256   13113304
256   11990928
256   13496676
256   12960492
256   14335652
256   13157588
256   14216072
256   13662276
256   14784816
256   14792516
256   14165652
256   14286128
256   13248564
256   12509756
256   12425756
256   13181584
256   13480612
256   14137416
256   14207900
256   14768276
256   14609360
256   14044400
256   13968188
256   15108412
256   14488324
256   12545104
256   12732556
256   13620336
256   14091032
256   12525600
256   14277344
256   13006060
256   14048660
256   14809444
256   13493648
256   14291852
256   12837680
256   14217108
256   13064528
256   12664744
256   13893412
256   12733564
256   13503468
256   14694052
256   15148076
256   13898692
256   13909572
256   14325820
256   13990036
256   13609608
256   13944688
256   13060144
256   14523416
256   12760288
256   14362132
256   12929172
256   12945404
256   15067356
256   14568980
256   13003112
256   12621908
256   13382368
256   14541488
256   14381736
256   14165612
256   13269544
256   14497972
256   12880872
256   14669936
256   14376436
256   14647480
256   13126364
256   14790284
256   13459976
256   14258372
256   14276732
256   13370876
256   12411224
256   13090164
256   14347980
256   14677532
256   11361932
256   14350356
256   13805216
256   14030060
256   12769256
256   14739976
256   13642396
256   13753644
256   13964656
256   14385820
256   13037472
256   12116472
256   13685304
256   12006988
256   12936556
256   12521148
256   12674872
256   14648832
256   15395952
256   15628280
256   12235416
256   13092416
256   12795540
256   12754828
256   12041540
256   13402892
256   12671388
256   12608504
256   14484984
256   14436616
256   14928820
256   13559016
256   13220608
256   13623096
256   13153136
256   12294932
256   13480816
256   13264328
256   12594996
256   12208516
256   15280176
256   13938308
256   13725700
256   14612168
256   12366880
256   13315168
256   14070296
256   13026616
256   13856864
256   12606424
256   14406648
256   13536652
256   12877220
256   15277204
256   14491068
256   15114836
256   14449300
256   14166844
256   13425332
256   13686152
256   12615464
256   14149116
256   12569696
256   12814104
256   12616516
256   14125988
256   15647036
256   14686160
256   15581784
256   14203164
256   14184052
256   13365840
256   13396588
256   12963436
256   12924652
256   12702376
256   14075496
256   13005472
256   14873360
256   15060212
256   14182472
256   13862984
256   14057012
256   15045468
256   13265608
256   12923016
256   12782844
256   12974372
256   13347812
256   13816848
256   13625564
256   14672516
256   12955228
256   13911940
256   14388108
256   14286532
256   14471032
256   13916480
256   13051576
256   13573844
256   12656268
256   14427492
256   13607324
256   14064652
256   14908676
256   12361800
256   14835720
256   14235076
256   14870244
256   12666720
256   13332344
256   13112616
256   12938584
256   14467292
256   13328480
256   13374244
256   12961880
256   14409840
256   13812092
256   14224228
256   13238980
256   14251284
256   12695536
256   13711392
256   14245236
256   13818504
256   13458800
256   12873332
256   12990512
256   14294252
256   13368404
256   13398916
256   14118660
256   13483896
256   13529832
256   14381152
256   13439932
256   12500404
256   12694008
256   14527948
256   13502484
256   13242616
256   14512968
256   13716312
256   13280744
256   13270192
256   14704396
256   13843856
256   12905596
256   15017260
256   12434636
256   14019052
256   13789928
256   13240924
256   12547104
256   14182280
256   14023716
256   14095896
256   14795604
256   14290328
256   14665432
256   12971712
256   13389632
256   14490400
256   13134896
256   12731160
256   14901296
256   13039312
256   13547812
256   12749932
256   14208444
256   14867300
256   14696176
256   14518568
256   14097852
256   9698528
256   9297028
256   8890920

