12   879444
51   3300840
256   13213640
256   16754332
256   12611136
193   11490668
256   12891952
256   14314516
256   16594044
256   15526864
256   15481004
256   16666636
256   16766696
256   14715044
256   16305276
256   16686616
256   16912688
256   16192708
256   13508924
256   13637416
256   12544224
256   14181316
256   13245772
256   14829612
256   12993964
256   14857240
256   13514088
256   15677648
256   15628888
256   13003912
256   13212608
256   13215540
256   13667352
256   13006972
256   13962416
256   13727056
256   13696276
256   13483864
256   13976256
256   13176968
256   13503644
256   13284972
256   13679912
256   13693932
256   13714564
256   13594092
256   13188448
256   13166004
256   13337928
256   13935712
256   13878044
256   13897388
256   13738132
256   14065524
256   13584476
256   13921784
256   14603072
256   13239296
256   13852072
256   12711412
256   13898192
256   13082188
256   13070184
256   13444500
256   13705512
256   13610480
256   13124400
256   13183860
256   13174044
256   13396228
256   13307508
256   12904876
256   13587032
256   13303672
256   13190288
256   13756668
256   13495504
256   13473040
256   13081804
256   13433940
256   12982936
256   13836068
256   13718160
256   13800724
256   13628776
256   13115436
256   14147824
256   12945276
256   13079336
256   14335128
256   13646844
256   13149764
256   12774240
256   13393924
256   13612760
256   12975912
256   14167724
256   13643112
256   13457672
256   12987960
256   13803308
256   13503708
256   13279624
256   13856600
256   13434072
256   13557488
256   13698460
256   13666564
256   13553540
256   12668308
256   13610572
256   13931168
256   13979588
256   13831616
256   13125612
256   13550896
256   12865260
256   13631792
256   13656348
256   14332344
256   13617692
256   13809764
256   13237636
256   13243972
256   13604204
256   13480840
256   13571592
256   13234924
256   13596412
256   13235644
256   13064404
256   13544796
256   13693604
256   13502208
256   13315116
256   13698476
256   13216384
256   13513632
256   13241572
256   12744796
256   13241204
256   13193548
256   13786640
256   13572760
256   14045948
256   13519524
256   13238528
256   13138336
256   12975340
256   14122800
256   14653108
256   13731600
256   14077308
256   13132564
256   13355360
256   12663304
256   13884424
256   13816424
256   14154808
256   12955040
256   13155400
256   13583652
256   13146100
256   13880048
256   13284900
256   13855232
256   13357780
256   12830540
256   13266740
256   13129840
256   13813936
256   14121780
256   13551684
256   13383580
256   12906352
256   13159032
256   13825056
256   13981168
256   13793488
256   13580472
256   12752348
256   12659844
256   13277632
256   13839528
256   14105372
256   13706788
256   13236828
256   13869324
256   13291856
256   13844492
256   12776972
256   14143804
256   13116440
256   13281116
256   13573888
256   12903688
256   14586596
256   13847148
256   12919048
256   12737512
256   12839328
256   13620248
256   13171228
256   12957788
256   13927060
256   12749456
256   13710144
256   13050532
256   14050108
256   13205292
256   13560068
256   13709480
256   12761596
256   13622248
256   13597836
256   13859452
256   13181600
256   13581076
256   13892484
256   12822788
256   13556264
256   12937360
256   13975900
256   13571116
256   14054852
256   13466588
256   13053560
256   13499644
256   13392624
256   14049872
256   12946600
256   14103204
256   13349800
256   12631836
256   13457104
256   13056624
256   13967324
256   12841820
256   14347360
256   13848044
256   13041132
256   13185508
256   13182384
256   12923712
256   13490248
256   13897708
256   13784388
256   13183292
256   13369088
256   13131400
256   13407860
256   13290656
256   13699016
256   13142624
256   13454096
256   13129096
256   12311856
256   13420480
256   13450632
256   13765728
256   13706736
256   12647080
256   13418472
256   13029184
256   13501164
256   13227028
256   13982592
256   12991000
256   14099816
256   12509092
256   12891604
256   13660616
256   13563824
256   14050648
256   12971352
256   13747220
256   13010344
256   13528564
256   13392944
256   12024272
256   13682628
256   12482296
256   14103700
256   13401100
256   13717316
256   13403460
256   13704248
256   13343860
256   13063100
256   13906552
256   13491396
256   13563860
256   13001004
256   13064964
256   12975136
256   12690308
256   13752452
256   13262208
256   13736264
256   12695924
256   13601624
256   12835080
256   12952756
256   13494976
256   14254904
256   13193120
256   13140308
256   14073360
256   12870692
256   13728168
256   12647184
256   13367332
256   13318196
256   14546676
256   13370396
256   13915812
256   13848548
256   12567764
256   13709160
256   12728272
256   13722268
256   13036968
256   13941044
256   13200396
256   13476444
256   14180168
256   12958276
256   13192872
256   13525616
256   14412084
256   13859748
256   14306320
256   13637040
256   13499764
256   13950060
256   13357164
256   12584020
256   13546628
256   13113624
256   13632736
256   13653188
256   13785212
256   13425704
256   13941912
256   13316664
256   13378148
256   13470216
256   12510332
256   13894052
256   12886632
256   13478416
256   10507244
256   13999240
256   13634680
256   14371160
256   13284280
256   14148116
256   13532236
256   13512880
256   13194380
256   13573988
256   13308624
256   13164920
256   13031460
256   13564360
256   12906860
256   13416356
256   13820248
256   13277452
256   13170880
256   13052376
256   13318428
256   12573496
256   13082344
256   13210412
256   13828204
256   12706188
256   13316240
256   13350656
256   13951852
256   13298468
256   13555800
256   13693572
256   12812556
256   13464052
256   12891488
256   12503156
256   13280368
256   13008140
256   13964220
256   12729836
256   14080612
256   13868664
256   13239728
256   14002936
256   13474352
256   14014464
256   12868976
256   13773212
256   13280868
256   14014528
256   13835068
256   13061888
256   13842028
256   13217176
256   14050580
256   13170696
256   12363124
256   13366516
256   13441544
256   13801332
256   13093372
256   13312052
256   13571236
256   13744668
256   13853240
256   13563480
256   13489232
256   12701544
256   14310660
256   12826840
256   13688120
256   13014724
256   12830848
256   13660452
256   13734264
256   14174544
256   13007968
256   12040848
256   13003628
256   13381368
256   12906644
256   13403216
256   13542948
256   13759304
256   14912572
256   13618724
256   13471292
256   13131188
256   13936620
256   13622536
256   12615052
256   13230364
256   13532600
256   12716636
256   13447260
256   13137256
256   13652524
256   14162336
256   13840544
256   12752984
256   11465552
256   13068492
256   13457432
256   13672660
256   12929060
256   13450372
256   13508072
256   13504272
256   13320548
256   12794184
256   13775204
256   13680256
256   13733920
256   13849896
256   13085168
256   13486680
256   12786976
256   13974828
256   13575120
256   12724232
256   13298648
256   13229076
256   13577948
256   12927948
256   13865164
256   12879964
256   14085676
256   14205944
256   13880496
256   13454000
256   13211552
256   14054812
256   13356808
256   13592468
256   13192540
256   13046968
256   13619848
256   13272612
256   13607504
256   13566864
256   13332560
256   12684124
256   13663216
256   13302544
256   13232312
256   13698700
256   12394984
256   13830780
256   13009148
256   13090228
256   13157724
256   13246140
256   13523036
256   13198260
256   13792576
256   13116656
256   13654304
256   13583172
256   12886816
256   13397700
256   13133244
256   13956928
256   13662604
256   13461816
256   12914620
256   13321012
256   12947952
256   13159160
256   13987788
256   13666972
256   12717408
256   14103944
256   12756584
256   13586132
256   12949184
256   13919828
256   12498428
256   12615316
256   13486576
256   13324252
256   12872240
256   12817976
256   13818728
256   13278704
256   13192416
256   13541064
256   12839820
256   12744640
256   12448400
256   13505408
256   12771208
256   13190532
256   13567388
256   13432176
256   13402004
256   14088032
256   13920248
256   12743564
256   12972144
256   13263552
256   12514524
256   14198328
256   13198312
256   13595012
256   12848688
256   13403004
256   13723076
256   12772196
256   13753500
256   12573996
256   13004236
256   13376004
256   12796664
256   13438048
256   12476404
256   13630240
256   12873412
256   12839308
256   13674320
256   12949996
256   13908728
256   12363280
256   13990304
256   12911008
256   13975028
256   13743408
256   13374524
256   13190348
256   13575564
256   13616888
256   12939428
256   12977028
256   13532964
256   13006584
256   13467940
256   12821696
256   14229248
256   13095364
256   13646956
256   13387132
256   12697080
256   14279140
256   13874624
256   12462824
256   13397644
256   13254204
256   14000100
256   13569764
256   13475744
256   14028444
256   13476208
256   13775184
256   13752620
256   13614464
256   12684076
256   13865300
256   13384248
256   13675688
256   12577812
256   12649028
256   13071704
256   13928016
256   12754212
256   13735212
256   13794432
256   12939328
256   13616672
256   12713716
256   14093480
256   12697944
256   12696004
256   13188548
256   12986168
256   13434232
256   13210596
256   13478980
256   13624304
256   13254420
256   13495688
256   14011696
256   12540452
256   13540780
256   12703148
256   13965152
256   13321340
256   13414004
256   13692920
256   13829744
256   14051328
256   13671104
256   12579124
256   13676856
256   13041052
256   14052980
256   13371664
256   14040948
256   12814948
256   13774916
256   12544252
256   13509324
256   13622720
256   12839220
256   13241512
256   13568312
256   13791088
256   13896820
256   12728784
256   13224712
256   13713320
256   13707648
256   13955224
256   13708352
256   13308956
256   14099116
256   12779592
256   13519344
256   13470892
256   13194752
256   13446304
256   13619888
256   13408432
256   13878792
256   13782928
256   13104972
256   13847996
256   12654132
256   12915444
256   13802916
256   13685576
256   13477264
256   13427900
256   13596244
256   13316460
256   13278224
256   13139724
256   13737220
256   13903004
256   13595296
256   13578264
256   13052180
256   13203496
256   12929216
256   13352704
256   13049876
256   13684432
256   12709044
256   13675568
256   13330688
256   12973084
256   13076572
256   12980808
256   13591360
256   14013992
256   13703092
256   13406528
256   13961600
256   14040880
256   13551592
256   12417052
256   12908548
256   13918480
256   12598752
256   13569924
256   13122836
256   13717092
256   12406440
256   14126020
256   13349796
256   13355004
256   13894208
256   13330308
256   13583932
256   12840248
256   13839028
256   13829544
256   13752904
256   13318368
256   13393172
256   12792848
256   14031884
256   13802628
256   13606752
256   14088680
256   13894428
256   14256096
256   13595484
256   13728816
256   13400484
256   13074832
256   13729996
256   12531936
256   13858580
256   13531736
256   13845664
256   13388952
256   13656616
256   12947852
256   12708344
256   13110680
256   13323476
256   13658112
256   12822576
256   13133424
256   12993340
256   13643712
256   13896388
256   14065036
256   13306056
256   14026184
256   13799800
256   12385948
256   12811016
256   13110156
256   13643848
256   12883916
256   12945108
256   13330224
256   14026240
256   13243232
256   13631492
256   13881748
256   12963336
256   13046976
256   13482440
256   13865952
256   13679260
256   14015872
256   13147268
256   13522188
256   13437400
256   13532132
256   13808912
256   13191872
256   14108348
256   13614360
256   13686572
256   13551372
256   13736624
256   12771900
256   13747396
256   13152220
256   13091664
256   12968436
256   13157868
256   13950948
256   13106528
256   13651756
256   13069604
256   14196360
256   13592236
256   14130428
256   13412468
256   13450488
256   13850860
256   13263360
256   13404248
256   13523200
256   14084924
256   13303660
256   14033444
256   13395156
256   13933500
256   13093576
256   13476392
256   14018952
256   12803648
256   13871036
256   12798456
256   13534180
256   8864488
256   13907580
256   13480444
256   13731264
256   14201952
256   13188232
256   13174860
256   13234924
256   13655280
256   13011308
256   14001544
256   12749888
256   13194768
256   13118840
256   13013072
256   13605708
256   13141352
256   13290768
256   14024560
256   14284592
256   12564484
256   14074448
256   13584168
256   13857488
256   14034192
256   12767768
256   13368196
256   13342156
256   14547268
256   13288128
256   13848980
256   13823452
256   13945860
256   13079828
256   13656232
256   13322804
256   13317724
256   13638996
256   13688076
256   13952256
256   13974812
256   13468696
256   13617792
256   13760796
256   13054260
256   14043412
256   13554656
256   13425608
256   13863672
256   12845308
256   14070948
256   13624844
256   13949328
256   13084612
256   13476292
256   13645332
256   12637508
256   13651388
256   13455948
256   13689208
256   12904672
256   13837328
256   12905556
256   13375424
256   13462144
256   13461188
256   12568324
256   13614832
256   13103636
256   12768816
256   13452584
256   13005452
256   13355080
256   13927256
256   13554040
256   12908436
256   13619280
256   13945936
256   13726372
256   12948124
256   13753976
256   13312872
256   13263072
256   13476324
256   13257848
256   13431092
256   12348428
256   13566216
256   13180272
256   13508692
256   12864616
256   13683412
256   12407260
256   13686196
256   13993112
256   13214104
256   13433512
256   13750088
256   14138436
256   13471008
256   13825548
256   13473276
256   13963416
256   12435512
256   13858220
256   13534956
256   13992736
256   13135396
256   12319940
256   13494036
256   13653976
256   13723044
256   13584536
256   13761820
256   13222984
256   14124508
256   12761488
256   13002184
256   13509676
256   12693604
256   14158688
256   13517320
256   13071860
256   13405744
256   13474052
256   12702684
256   13522904
256   12877320
256   13747748
256   13616608
256   14517756
256   13691316
256   13303908
256   13242660
256   13654852
256   13545924
256   12909220
256   13597480
256   13605768
256   14182640
256   12836524
256   13582328
256   13140816
256   12580756
256   11993584
256   13550636
256   14199312
256   13008616
256   13582476
256   12655308
256   13899804
256   13998544
256   13863204
256   13329800
256   13255740
256   13269504
256   13286864
256   12805832
256   12601856
256   13446092
256   13756296
256   14064088
256   13500884
256   13562556
256   12616932
256   14081196
256   13509864
256   13485592
256   12976956
256   13086984
256   13395748
256   12601980
256   13536784
256   13216684
256   13944896
256   12992584
256   13903744
256   12763152
256   14105856
256   12408128
256   12810452
256   13323640
256   13079180
256   13346604
256   13189332
256   13682400
256   13929020
256   14127608
256   12737036
256   13581240
256   12832660
256   13745172
256   13448628
256   13373984
256   13798988
256   13135272
256   13797892
256   12841128
256   13848668
256   13176412
256   13236424
256   13487948
256   13655056
256   13478668
256   13022460
256   14307436
256   12652428
256   13673848
256   13624872
256   12754736
256   13866320
256   12625488
256   13726616
256   13466068
256   13387044
256   13239424
256   13428940
256   13009868
256   13138592
256   13014008
256   12597252
256   13709816
256   12978564
256   13424076
256   12602260
256   14270300
256   13761268
256   13573552
256   13009432
256   13968128
256   13196028
256   13055220
256   13468288
256   13964588
256   13507860
256   12772676
256   13503724
256   13716204
256   13682400
256   13483384
256   13020272
256   13877416
256   12769564
256   12959788
256   12831864
256   13647332
256   13061564
256   13842428
256   12729096
256   13312960
256   13557320
256   12966864
256   13823572
256   13012988
256   13791004
256   12975684
256   13671716
256   12857788
256   13356060
256   14133640
256   13340464
256   13696784
256   13361940
256   13539776
256   13818432
256   13544596
256   14088096
256   12982960
256   13457344
256   13519076
256   13340840
256   13180880
256   13364608
256   12977796
256   13702884
256   12538344
256   13196436
256   13691140
256   12729076
256   13775300
256   13473660
256   13199172
256   13998908
256   14133752
256   12709068
256   13775464
256   14214100
256   14179748
256   13318444
256   13674716
256   13847320
256   13061836
256   13670384
256   13183804
256   13795192
256   12945824
256   13731720
256   13384932
256   13054228
256   13341160
256   13888384
256   13843388
256   13564884
256   13920988
256   12615528
256   13111000
256   13309360
256   13327196
256   13919632
256   12695396
256   13501096
256   13080076
256   13886800
256   12886384
256   13386784
256   13708132
256   14145676
256   13075116
256   12813856
256   13453616
256   12850496
256   13714436
256   13909644
256   13657936
256   13089840
256   13189472
256   14248500
256   13431644
256   13770524
256   13764732
256   13145208
256   13086988
256   13122092
256   13110324
256   13312856
256   13901172
256   13858056
256   13855420
256   13348508
256   13473800
256   13543272
256   13828436
256   13592292
256   13479856
256   13082260
256   13639268
256   13282500
256   13884836
256   12454468
256   13610080
256   13174864
256   13418624
256   14127820
256   13172812
256   13389188
256   12469668
256   13498224
256   13555004
256   13923912
256   12697944
256   13723684
256   13031652
256   14119820
256   13447360
256   13941784
256   13355196
256   13506588
256   14081928
256   13894232
256   13489048
256   13301824
256   13394456
256   14118788
256   13001608
256   13817992
256   13913084
256   13885524
256   13503504
256   13690728
256   13328284
256   13014068
256   14225260
256   12825872
256   13414428
256   14167744
256   13261476
256   12895592
256   13976572
256   13950608
256   13784152
256   13294496
256   12642844
256   13055932
256   13048552
256   13652208
256   12984596
256   13589912
256   12988628
256   13248648
256   13781896
256   13632272
256   13505196
256   13526140
256   13452520
256   13710508
256   13948272
256   13662508
256   13111276
256   13153200
256   13783656
256   12337672
256   13423256
256   13725724
256   13311320
256   13572108
256   13747876
256   13163748
256   13963476
256   13612760
256   13582340
256   13846444
256   13263148
256   13945284
256   12162020
256   13676336
256   13533080
256   14034360
256   12982320
256   13238628
256   13694820
256   12987276
256   13961020
256   14076432
256   13532892
256   13420500
256   13237920
256   13900976
256   13591248
256   13770296
256   14077412
256   13702408
256   12767460
256   13509196
256   12723076
256   13643344
256   13424504
256   13854868
256   12704028
256   12957044
256   14060832
256   13029732
256   13394204
256   13541296
256   13804264
256   12176128
256   13797348
256   12739460
256   13564228
256   13137908
256   12696088
256   13816768
256   13854596
256   13449208
256   13987476
256   13435820
256   12783676
256   13292648
256   13625852
256   13693476
256   13625516
256   13406012
256   13025836
256   12798740
256   13527556
256   13443524
256   13465920
256   12746960
256   13556980
256   13461092
256   13668900
256   12937276
256   13229932
256   13279096
256   13484952
256   13034912
256   13584404
256   13123112
256   14127208
256   13443008
256   13007316
256   13911076
256   12904296
256   13051144
256   13341812
256   12911368
256   13398636
256   13705808
256   13592772
256   12930320
256   13896512
256   13047548
256   13251032
256   12279704
256   13292348
256   13216340
256   13557176
256   12964948
256   13625764
256   13478196
256   13066012
256   13710688
256   13818868
256   14218484
256   13362196
256   13473452
256   13038212
256   13453612
256   14269796
256   13369144
256   13652804
256   12908768
256   14027264
256   12790688
256   13538280
256   13067444
256   12760828
256   13366448
256   13465364
256   13577468
256   13129356
256   13703684
256   13601644
256   13787844
256   13592084
256   13156424
256   13251764
256   13098768
256   13655812
256   12670748
256   13043336
256   12963108
256   13680448
256   12851500
256   14088752
256   12907344
256   13400272
256   13512328
256   12726528
256   12901828
256   13611728
256   13749516
256   12742180
256   13921232
256   13836768
256   14163684
256   13019692
256   13670132
256   12972592
256   13020588
256   13005068
256   13283200
256   13647020
256   12640628
256   13829044
256   13409044
256   13713468
256   13039620
256   13259252
256   13190220
256   13690800
256   13506984
256   13350280
256   14001776
256   13662004
256   14196228
256   13062800
256   13503976
256   13136200
256   13076640
256   13807620
256   13482264
256   14113636
256   13122880
256   13199388
256   12978368
256   13999844
256   13192616
256   12645168
256   14117332
256   13740760
256   13950052
256   13029604
256   13681440
256   13469784
256   13209484
256   12817436
256   13045804
256   13220536
256   12365952
256   13757572
256   13147884
256   13549708
256   12772468
256   13351196
256   14137616
256   13497628
256   13225152
256   13908852
256   12615268
256   12495648
256   13321420
256   13407272
256   13458484
256   12851500
256   14093040
256   13426452
256   13978192
256   13830828
256   13689376
256   12716232
256   13680192
256   13665840
256   13358108
256   13716400
256   13262832
256   13485788
256   12802440
256   13890024
256   12755364
256   12643556
256   13263092
256   13248892
256   13434448
256   13874240
256   13823296
256   13279900
256   13698052
256   12979596
256   13177904
256   13587504
256   12640516
256   13455320
256   13321888
256   13770716
256   12674140
256   13949464
256   12637444
256   13991060
256   13428716
256   12837932
256   13800972
256   13536724
256   13288736
256   13389724
256   13996336
256   13581148
256   13803472
256   12875972
256   12935436
256   13012356
256   13659152
256   13885548
256   12919180
256   12895672
256   13130152
256   13464448
256   13493348
256   13921340
256   12848196
256   12261184
256   13865800
256   12807208
256   13649464
256   13247272
256   13911760
256   13268580
256   13661352
256   12943420
256   13759956
256   13734604
256   14061020
256   13847856
256   12622952
256   13952936
256   13142448
256   13378796
256   13850984
256   13637280
256   12881984
256   12598136
256   13389684
256   13200308
256   13209824
256   12954408
256   13711412
256   13900952
256   13644868
256   12905220
256   10655832
256   13367088
256   12944352
256   13513588
256   13449500
256   12803956
256   13172472
256   13642244
256   13398060
256   13424268
256   13249212
256   13287544
256   13734088
256   12954544
256   13826572
256   12660176
256   13894272
256   13546024
256   13838568
256   13788636
256   14047984
256   13083972
256   12900488
256   13533616
256   13439580
256   13666504
256   12737708
256   13572264
256   13495348
256   12176932
256   13580416
256   12885476
256   13348568
256   12481888
256   13774132
256   13022228
256   14131292
256   14075392
256   13047440
256   13231940
256   12899760
256   13336928
256   13197992
256   13224020
256   13399692
256   14300376
256   13221256
256   13026948
256   13498812
256   13104244
256   14095600
256   13293300
256   13781988
256   12525440
256   14383944
256   13827700
256   13596316
256   12958256
256   12686240
256   13225604
256   13061804
256   13577772
256   13289240
256   13610624
256   13474848
256   14081372
256   13174012
256   13645988
256   13886680
256   13370660
256   13805316
256   12397432
256   13891672
256   13300160
256   13354964
256   13418048
256   13821148
256   13701052
256   13388096
256   13229028
256   13020828
256   14217340
256   13728724
256   14002408
256   13815664
256   13632284
256   12229148
256   13414488
256   13908452
256   13385204
256   13387236
256   13920912
256   14267320
256   12607284
256   13605484
256   14057320
256   13782584
256   13721764
256   12995004
256   13379992
256   13801216
256   13585280
256   13758088
256   13719844
256   12474672
256   14008808
256   12950132
256   13802124
256   13021600
256   12502560
256   13693540
256   12985524
256   13302248
256   13637028
256   13548628
256   13260148
256   13584756
256   13039136
256   13705404
256   13390456
256   12974032
256   14125120
256   12967096
256   13396036
256   13849404
256   13919932
256   13748360
256   13890904
256   13459304
256   14176848
256   13039900
256   11715168
256   13484708
256   13167888
256   12995284
256   14182676
256   13873060
256   12894776
256   13361048
256   13649940
256   12931620
256   13248812
256   12763632
256   13420752
256   13703100
256   13870704
256   13231260
256   13699060
256   13349588
256   13536964
256   13964052
256   12675992
256   13197336
256   13030348
256   13785528
256   13374624
256   13934880
256   13003212
256   13983824
256   13645900
256   12503864
256   13841004
256   11200172
256   13023560
256   13088544
256   14034168
256   12695432
256   13334436
256   12701484
256   13904860
256   13099428
256   13359992
256   13158896
256   12512112
256   13751608
256   13789144
256   13916592
256   12675632
256   13721944
256   13640364
256   13365272
256   13940700
256   13080680
256   13399360
256   13026880
256   13825936
256   13084380
256   13949256
256   13744224
256   12746188
256   13002420
256   12707404
256   13819792
256   13588720
256   13825488
256   13617180
256   13997748
256   13931940
256   13397304
256   13317176
256   13461560
256   13853712
256   13187460
256   13904588
256   13439252
256   13980020
256   12680756
256   13609456
256   13379656
256   13439540
256   13486380
256   13377964
256   13608664
256   12871624
256   14110756
256   13708048
256   14233020
256   13054128
256   13563144
256   13300804
256   13860548
256   13346776
256   12558684
256   13850100
256   13081808
256   14021552
256   13302844
256   13868964
256   13159300
256   13431768
256   13723028
256   13712880
256   14106484
256   13895912
256   13404628
256   12689204
256   13541548
256   13987584
256   13599744
256   13680252
256   12642408
256   12849688
256   13812968
256   14142772
256   12574036
256   13533468
256   13285304
256   14023696
256   12345572
256   14278100
256   13229008
256   12465792
256   13770204
256   13440736
256   14086184
256   12734368
256   13371264
256   12264528
256   13480160
256   13981000
256   14169724
256   12870812
256   12632932
256   13105192
256   13750896
256   13293536
256   13183044
256   13263448
256   13135476
256   13661764
256   13370952
256   13633648
256   13876992
256   12945160
256   13620324
256   13245164
256   13042420
256   12935728
256   13804816
256   13195072
256   14356664
256   13723632
256   13112120
256   13800100
256   13035608
256   13328400
256   13022508
256   13831964
256   13315936
256   13970400
256   13979180
256   12781500
256   12877224
256   12513736
256   13450108
256   13675520
256   14085800
256   12733720
256   13908224
256   12718480
256   14262348
256   13593004
256   13006180
256   13236140
256   12818432
256   13624740
256   14064156
256   13320360
256   12999184
256   14212912
256   12592316
256   13830280
256   12772412
256   14171908
256   13735440
256   13853872
256   13862932
256   13598664
256   13482556
256   13187284
256   13990596
256   12559852
256   13965576
256   13174776
256   12658244
256   13204984
256   13267104
256   13855096
256   13339580
256   13822504
256   13589000
256   13923012
256   13387456
256   13655712
256   13262052
256   13749556
256   13455224
256   13606576
256   14212112
256   13184940
256   13939904
256   13014432
256   14016024
256   12922868
256   13668500
256   13828348
256   13167228
256   13736564
256   12517008
256   13804304
256   13075252
256   14505228
256   13025292
256   12253836
256   14011356
256   13837876
256   13629768
256   13559784
256   13753824
256   13101732
256   13560372
256   13134196
256   13970820
256   13618644
256   13910784
256   13859500
256   12679272
256   13861836
256   12472780
256   13844076
256   13482152
256   14425408
256   13089992
256   14009040
256   12765212
256   13168324
256   13151712
256   13014804
256   13466012
256   13251808
256   13105104
256   13423688
256   14011880
256   13578376
256   14077532
256   12832556
256   13889608
256   13169092
256   12690912
256   13188596
256   13041884
256   13458844
256   13461124
256   13516316
256   12670292
256   13760564
256   13554712
256   13666936
256   12891276
256   13096768
256   13387564
256   12471468
256   14018328
256   13440312
256   13477112
256   12561488
256   13673436
256   12978356
256   12836216
256   12939332
256   13051132
256   13397628
256   13882620
256   13171976
256   13793892
256   13569652
256   12598388
256   13604908
256   12990128
256   12792072
256   13835284
256   13629944
256   13976248
256   13064916
256   13592716
256   13046908
256   14300324
256   14187452
256   13774908
256   13771728
256   12959272
256   13582772
256   13240264
256   13990104
256   13216552
256   13511568
256   13533436
256   13345500
256   13545756
256   12571364
256   13116040
256   13747456
256   14123608
256   13061152
256   13147788
256   13094500
256   13738704
256   13370960
256   12530884
256   13387760
256   13629148
256   13487680
256   14081112
256   13637556
256   14029764
256   13276576
256   14330556
256   13549272
256   12890004
256   13061828
256   13690080
256   13288712
256   13388688
256   13569816
256   13371132
256   13732332
256   13822768
256   13222480
256   13527252
256   13910632
256   13192444
256   13648212
256   13405600
256   13601248
256   13233736
256   13660940
256   12940512
256   13704076
256   13496560
256   12886044
256   12947208
256   13135088
256   13643532
256   13792184
256   13950184
256   13785884
256   13782480
256   13144844
256   13874124
256   13773120
256   13787532
256   12928412
256   13581284
256   13983852
256   12876312
256   13230648
256   13552924
256   13834692
256   13308504
256   13908884
256   13222880
256   13835512
256   13534304
256   12881168
256   13533256
256   12947140
256   13274012
256   13753484
256   13622964
256   12695632
256   13763144
256   12969232
256   13681352
256   13939900
256   13602792
256   12940044
256   13267132
256   13468204
256   12936608
256   13920836
256   13385428
256   14079408
256   13367716
256   13543900
256   13700212
256   14042600
256   13544972
256   13392852
256   12871272
256   12842016
256   13270404
256   13121572
256   13647308
256   12558232
256   14319864
256   13654172
256   14063168
256   13933644
256   12449184
256   14095408
256   13751636
256   13841532
256   13346740
256   13705256
256   13946112
256   14049104
256   13539976
256   13926048
256   12614828
256   13444832
256   12625440
256   13995264
256   13542120
256   13035836
256   13141156
256   13896588
256   14343492
256   13555660
256   14334224
256   13483484
256   13506228
256   12925748
256   13175088
256   13212128
256   13237556
256   13984956
256   13579848
256   13680244
256   12809404
256   13617188
256   13126664
256   13372832
256   12818192
256   13746124
256   12952716
256   12826276
256   13163348
256   13931856
256   13884888
256   12954468
256   13741576
256   13115172
256   13911824
256   12637612
256   13433248
256   13822116
256   13629716
256   13923936
256   12503336
256   13462776
256   13042836
256   13782056
256   12603972
256   13812656
256   12976812
256   13984004
256   13553220
256   13455076
256   13320268
256   12931040
256   13404776
256   13650052
256   13763276
256   12884368
256   14053096
256   12883276
256   14033928
256   12828108
256   13055060
256   13664640
256   12810448
256   13628480
256   14081084
256   12944916
256   13441596
256   13533112
256   12710928
256   13760108
256   12953680
256   12845616
256   14202556
256   12539116
256   14071896
256   13436908
256   14259332
256   13518612
256   13875324
256   13706948
256   13135452
256   12980920
256   12384072
256   13441036
256   13343076
256   13554716
256   13345720
256   14201568
256   13144112
256   13377600
256   13663908
256   12981784
256   13984360
256   13093124
256   13524852
256   13312352
256   13911464
256   13496472
256   13657720
256   13546760
256   14005612
256   12353300
256   12786612
256   13431184
256   13060544
256   13621020
256   13587136
256   13944552
256   13530192
256   13697544
256   13922380
256   12764252
256   13338900
256   12843692
256   13241784
256   13122152
256   13750384
256   12683004
256   14131248
256   12963164
256   14234456
256   13041100
256   13230372
256   13637524
256   13560204
256   13217728
256   13030640
256   13308240
256   12728656
256   13733744
256   14002396
256   13853852
256   13465456
256   13769468
256   13483488
256   12987340
256   13493460
256   14040212
256   14054100
256   13347516
256   13499772
256   13064516
256   13665548
256   12604356
256   13894920
256   13424868
256   13483612
256   13650396
256   13623392
256   14240444
256   12948956
256   13993796
256   12943716
256   13688664
256   13904100
256   13391296
256   13124932
256   13562892
256   14022768
256   13285612
256   12523764
256   13792404
256   12966952
256   13758072
256   13593724
256   13265096
256   13049272
256   13663604
256   13430232
256   13086152
256   13951796
256   12896432
256   13307436
256   13814076
256   13602884
256   13002756
256   13612084
256   14019892
256   13585120
256   13900464
256   14035728
256   14104720
256   13692112
256   13484784
256   13364416
256   13392912
256   12985784
256   13768264
256   13454420
256   13813360
256   13079532
256   12542828
256   13673832
256   12985060
256   13723420
256   13685812
256   13786812
256   12782668
256   13812428
256   13387804
256   14030284
256   14016292
256   13579588
256   13231464
256   13241464
256   13736668
256   13079636
256   13986400
256   13268904
256   13943800
256   12967092
256   14182344
256   13700064
256   12783520
256   12753052
256   13340604
256   13781736
256   13475824
256   14102404
256   13343096
256   13181724
256   13594048
256   13874464
256   13812016
256   14035292
256   13321368
256   12804884
256   13148068
256   13520992
256   13550512
256   13496968
256   13802808
256   12464360
256   13854872
256   12413808
256   13190872
256   13575336
256   12687988
256   13399380
256   13938868
256   13011868
256   13194756
256   14053136
256   13298616
256   13713640
256   13395600
256   13190236
256   13500956
256   13644876
256   13800132
256   12490492
256   13638064
256   13364424
256   13429884
256   13359368
256   13897484
256   13916316
256   13291864
256   13344764
256   12761952
256   14079428
256   13774596
256   14050844
256   13593620
256   13704812
256   12613176
256   13582716
256   12675484
256   13474788
256   13690224
256   14017272
256   13646552
256   13809488
256   14119108
256   13461816
256   13857696
256   13908692
256   13324384
256   13752972
256   13739524
256   14159212
256   12982108
256   13896704
256   13776256
256   13672016
256   13558172
256   14022396
256   12877108
256   12729256
256   13724908
256   13370360
256   13649592
256   13129656
256   13827296
256   12950596
256   13882856
256   13467332
256   13257680
256   12295832
256   12549956
256   13563968
256   12578476
256   13988304
256   13266348
256   13833376
256   14066812
256   13488376
256   12819112
256   14353760
256   13100800
256   12952852
256   12657192
256   13001464
256   13336936
256   13238088
256   13734324
256   13738076
256   13888996
256   12613584
256   13728268
256   13483064
256   12801312
256   13785324
256   13210184
256   13726740
256   13808180
256   13642564
256   12571640
256   13990484
256   13402588
256   13253012
256   13460652
256   12759356
256   13464948
256   12831656
256   13322336
256   12623472
256   13712820
256   13630684
256   13237968
256   13007716
256   13585668
256   13393552
256   13524124
256   13819968
256   13380080
256   13842552
256   13116828
256   13846344
256   13785888
256   13480456
256   12811892
256   12615432
256   13760492
256   13183236
256   13530756
256   12993724
256   14225380
256   13136492
256   13502096
256   12804812
256   13293752
256   13697800
256   13753136
256   13590748
256   13346520
256   13992680
256   12690644
256   13748556
256   13769920
256   13729820
256   13596576
256   13519752
256   13602832
256   13463316
256   13655552
256   13560048
256   13758036
256   13764088
256   14046132
256   13980600
256   14216192
256   12900704
256   13152528
256   13295240
256   12643228
256   13240224
256   12793196
256   13476588
256   13097272
256   13346832
256   13341784
256   13316880
256   13219252
256   13294024
256   13833432
256   12671480
256   13501312
256   13718248
256   14002828
256   13177648
256   13844364
256   13669896
256   13654640
256   13119876
256   13681420
256   13023440
256   13513408
256   13894752
256   13639244
256   13828624
256   13037928
256   13648092
256   13523656
256   13587416
256   13641060
256   12673240
256   12818096
256   12849576
256   13845504
256   12878284
256   13761796
256   13225740
256   13904304
256   13083680
256   14051424
256   13320920
256   13961296
256   13934228
256   12615016
256   13707876
256   13944148
256   13511948
256   12923032
256   13803108
256   13369308
256   13364520
256   13475468
256   13215344
256   12698068
256   13334476
256   13064680
256   13428616
256   13392252
256   13138592
256   13717560
256   13650960
256   13268680
256   12818596
256   13670376
256   13077064
256   13451384
256   13531956
256   13299832
256   13979004
256   12989364
256   13728796
256   13622544
256   13831804
256   13221076
256   13319636
256   13968296
256   12732888
256   13866320
256   13393640
256   13520956
256   13476880
256   13804056
256   13640492
256   13029364
256   13616996
256   12852176
256   13831160
256   13886312
256   13286148
256   13381104
256   13299936
256   13018860
256   14139604
256   13464596
256   13231532
256   13198392
256   13030176
256   13277072
256   13252996
256   13357164
256   13041332
256   13328388
256   13763628
256   13791824
256   13085732
256   13552884
256   13501240
256   12344784
256   12319544
256   13017984
256   13513288
256   13171136
256   13316580
256   12881604
256   13874932
256   13666552
256   14168260
256   13673376
256   14255076
256   13680668
256   13428016
256   13139368
256   12838664
256   14001808
256   13216980
256   13448684
256   13364620
256   12340152
256   13082096
256   12915016
256   13139784
256   13669548
256   13728836
256   13620264
256   14268480
256   12950460
256   13788304
256   13279408
256   13326412
256   13989924
256   13410976
256   13951284
256   12453704
256   13399648
256   12919704
256   14073964
256   12899484
256   13231736
256   12654584
256   12806796
256   13613896
256   13618316
256   13932744
256   12338664
256   14263616
256   13982804
256   12579996
256   13245608
256   12620800
256   13329520
256   13906000
256   13629364
256   12866792
256   13671328
256   13047136
256   14338408
256   14100808
256   14296792
256   12925812
256   13223356
256   13774768
256   13207340
256   13745508
256   14080816
256   13596708
256   13762824
256   13616380
256   13866268
256   12851884
256   13895912
256   13053128
256   13630428
256   13720816
256   13730944
256   13756156
256   13847876
256   13718920
256   13298784
256   14040664
256   12534572
256   13568120
256   13060392
256   13368800
256   12793996
256   13909352
256   13943576
256   13637992
256   12728488
256   12790220
256   12976096
256   12870060
256   13865032
256   13282176
256   13401332
256   13578720
256   13725068
256   13312192
256   13557416
256   13347912
256   13488060
256   13364632
256   13515056
256   13645608
256   13436800
256   13597216
256   13316428
256   13897920
256   12772320
256   14136684
256   12454168
256   13294952
256   13131056
256   12846116
256   13539112
256   13390992
256   14033556
256   13466208
256   13818464
256   12963452
256   13865304
256   13371716
256   12832944
256   13138380
256   12816416
256   13359416
256   13294896
256   13735892
256   12537440
256   14051884
256   13671592
256   13756540
256   13371904
256   12937380
256   13609988
256   12964536
256   13297060
256   13544576
256   13649212
256   13436776
256   14374696
256   12746056
256   13257736
256   13525928
256   13397860
256   13231520
256   13903068
256   13608376
256   12836540
256   14198752
256   12981944
256   13361912
256   13190780
256   13065984
256   13581392
256   12872480
256   13040768
256   13542268
256   13915676
256   13841196
256   13767316
256   13337672
256   12947288
256   13093596
256   12845212
256   13660956
256   13696376
256   13402700
256   12586120
256   13664912
256   13284156
256   14182540
256   13575804
256   12956512
256   13726140
256   13206724
256   13011504
256   13804032
256   13922248
256   13251776
256   13176456
256   14016480
256   13087944
256   12884452
256   13054076
256   13806188
256   13359364
256   13295232
256   13186260
256   13509916
256   12707832
256   13628360
256   13455928
256   13740564
256   13640044
256   13314344
256   13182052
256   13175064
256   13262424
256   13313768
256   13731552
256   13667176
256   13329972
256   13286460
256   13793412
256   13117136
256   13723824
256   13083536
256   13550808
256   13641224
256   13464176
256   13768452
256   13856096
256   13336768
256   13445084
256   13291380
256   13229276
256   13863352
256   13825320
256   13935088
256   13891304
256   13151428
256   12524732
256   13551348
256   12979700
256   13926892
256   13007696
256   14122284
256   12692864
256   13527020
256   13198052
256   12523768
256   13346888
256   13606548
256   13986656
256   13363476
256   13453612
256   13758848
256   13945948
256   13330676
256   13841964
256   13637904
256   13086120
256   13604660
256   13908468
256   13640456
256   12719608
256   13666576
256   13670496
256   13569460
256   12928292
256   12879756
256   14153260
256   13294836
256   13408076
256   13811456
256   13325880
256   13759816
256   13854692
256   13344064
256   12070664
256   13813052
256   13144440
256   13118788
256   12934484
256   13036312
256   13230292
256   13271188
256   13890800
256   13514364
256   13566568
256   13399260
256   13249624
256   13540552
256   13977492
256   13359984
256   13717852
256   12321324
256   13500012
256   13878160
256   12899168
256   12789336
256   13540192
256   13372176
256   13652388
256   13457320
256   12798452
256   13786728
256   13379412
256   14154892
256   14346556
256   12759756
256   13825192
256   12848944
256   13625768
256   14157992
256   13860016
256   13016840
256   13926568
256   14141456
256   14179256
256   13996296
256   12647828
256   13466540
256   13479980
256   13499128
256   13575428
256   13354512
256   12454164
256   13753980
256   12283608
256   13264384
256   13673600
256   13016256
256   13393468
256   13210676
256   13292264
256   12929708
256   13334036
256   13375868
256   14007204
256   13774316
256   14199720
256   13275656
256   13253788
256   13464572
256   13131868
256   13646148
256   13319976
256   13891804
256   13851992
256   14037196
256   12715040
256   13834936
256   13165360
256   12668704
256   13858396
256   12725912
256   13608944
256   12842676
256   13909868
256   13003904
256   13005416
256   13277196

