8   591948
256   15939604
256   15950628
256   15925000
248   15398172
256   15943136
256   15889684
256   15916824
256   15937472
256   15896272
256   15839920
256   15919216
256   15866204
256   15858912
256   15921108
256   15915148
256   15914864
256   15974400
256   15915488
256   15888064
256   15919948
256   15756692
256   15884756
256   15913324
256   15872296
256   15903728
256   15916452
256   15868244
256   15746520
256   14186304
256   13685608
256   12699096
256   12166080
256   14180068
256   12269760
256   13288080
256   12169376
256   12250776
256   13369344
256   12745548
256   13243364
256   12557576
256   12648840
256   12775936
256   12569068
256   11635736
256   13647700
256   15297268
256   14788660
256   13934060
256   13787372
256   12824540
256   13222628
256   12651244
256   12541888
256   12381020
256   13088692
256   13814276
256   13245956
256   13210512
256   12902888
256   13085196
256   13071060
256   14048576
256   13479036
256   12785452
256   12035672
256   13846372
256   13521584
256   13886324
256   14655352
256   14578340
256   12690308
256   12876888
256   12931000
256   12474180
256   12350276
256   13224464
256   12069424
256   11649856
256   13195104
256   12966844
256   13119012
256   13023016
256   13201996
256   13444400
256   13754300
256   12594992
256   13329688
256   13800992
256   14203240
256   14099184
256   13838188
256   14708944
256   12772812
256   12036200
256   12081816
256   11780820
256   13088708
256   12466104
256   12968256
256   12986436
256   12103028
256   13206508
256   12644184
256   12488712
256   12154196
256   12596280
256   13310400
256   14199532
256   12861072
256   12768608
256   13081260
256   12609308
256   13641140
256   12003092
256   12538196
256   13694452
256   12971800
256   13601112
256   12995832
256   13270144
256   12652520
256   11990496
256   13571488
256   12102548
256   13033732
256   13199108
256   13820980
256   13912132
256   12764252
256   13614984
256   12588076
256   14801432
256   13133692
256   12047152
256   12596812
256   12876364
256   13942988
256   12625368
256   12433852
256   13740532
256   12449328
256   13884372
256   13407060
256   12540160
256   13447896
256   13558640
256   13747128
256   13874196
256   12808168
256   14413312
256   12445328
256   13717940
256   12887012
256   11437560
256   11931896
256   12225732
256   12148776
256   12791784
256   12377020
256   13122860
256   12718984
256   13561936
256   12403360
256   12359572
256   12537820
256   13050088
256   12809104
256   14183156
256   13082004
256   12983852
256   14592480
256   14953264
256   13273944
256   12186980
256   12391860
256   12725148
256   13049116
256   12629752
256   12360684
256   12010484
256   12177596
256   12556012
256   12591836
256   15847204
256   13115332
256   12439008
256   13076200
256   13178840
256   13408436
256   13269844
256   13532736
256   14089000
256   13483800
256   13912456
256   13169300
256   13305656
256   12691516
256   12044208
256   12203720
256   13782328
256   12290596
256   13533280
256   12646884
256   11943552
256   12842308
256   12393608
256   13088332
256   12538660
256   12064024
256   13730040
256   12412560
256   13426096
256   12934628
256   12399624
256   14054300
256   13006296
256   11390528
256   12616656
256   13271736
256   13064144
256   12885256
256   12601612
256   12522808
256   13392608
256   12700868
256   11611320
256   13009536
256   13523900
256   13634184
256   12270836
256   12992780
256   13857976
256   12531872
256   13098784
256   11990616
256   12771484
256   12913480
256   12676696
256   12664276
256   12687216
256   13932324
256   12799900
256   12844844
256   13076400
256   14442196
256   12970824
256   13422676
256   13037280
256   12975668
256   11831788
256   13688656
256   13312084
256   12606832
256   12234680
256   14486224
256   13678588
256   12209584
256   14121360
256   12612544
256   12035576
256   12838568
256   12461176
256   12092680
256   11544680
256   13555076
256   13660856
256   13909620
256   13104552
256   13155104
256   13246076
256   12543856
256   12768280
256   13272904
256   13435280
256   14018796
256   12884780
256   13613328
256   14414248
256   13335924
256   12609548
256   12351384
256   13766612
256   13294980
256   12113300
256   12140440
256   14541352
256   12713880
256   12771564
256   13611928
256   13541040
256   12883864
256   12315476
256   13749620
256   14447792
256   12176068
256   13790112
256   14049412
256   12061960
256   12695092
256   12242872
256   11676508
256   12540108
256   13300248
256   13175960
256   12887932
256   12901152
256   12227996
256   14262444
256   12287180
256   11907472
256   13208652
256   14541856
256   13981920
256   12097980
256   12596620
256   12686716
256   13914540
256   14354244
256   12389152
256   13333008
256   12675044
256   13007392
256   12946388
256   12545712
256   12153596
256   12909564
256   12713392
256   14019776
256   12597044
256   11493100
256   12283848
256   13239316
256   12478872
256   13709648
256   12392060
256   14218868
256   13760712
256   12888220
256   13725084
256   14459912
256   11113556
256   13157792
256   12215876
256   12713048
256   12260928
256   13210732
256   13322180
256   13246056
256   13793592
256   14018972
256   12171148
256   12249580
256   11956956
256   12692940
256   12478476
256   13019508
256   12640612
256   12367836
256   13800596
256   14630308
256   12603160
256   13173292
256   13274544
256   13066120
256   13312612
256   12064112
256   12970608
256   12504236
256   12231772
256   12014892
256   13432912
256   13521988
256   12741080
256   13123512
256   13032524
256   13989128
256   12713680
256   12985912
256   14365684
256   13728036
256   12346948
256   12611200
256   13098532
256   13122896
256   13335480
256   12445272
256   13288604
256   12396468
256   12998160
256   13106224
256   11969892
256   13115652
256   14152784
256   13583960
256   13305808
256   13352852
256   12423924
256   13612780
256   12443452
256   13524568
256   13968140
256   13389700
256   12144364
256   13895492
256   12442496
256   13500932
256   13129696
256   12928700
256   12148428
256   13216348
256   12051556
256   13295632
256   13920708
256   12929008
256   13574872
256   13125184
256   14312436
256   14758256
256   12877108
256   12019824
256   14695940
256   12421432
256   11864320
256   12250716
256   13170564
256   13917888
256   12409448
256   13269132
256   12715632
256   14469780
256   12259520
256   13087732
256   13577628
256   12212448
256   14284336
256   13402984
256   11799032
256   14182224
256   14023244
256   14234524
256   12829032
256   14248524
256   12923320
256   13238476
256   12129448
256   12240948
256   12823512
256   12516080
256   12372268
256   12815144
256   13033548
256   12603516
256   12856212
256   12409572
256   14481920
256   12381012
256   12832788
256   12233844
256   12991104
256   13247032
256   14262064
256   11547060
256   14442972
256   12888540
256   11610616
256   12058976
256   13235664
256   11850452
256   12691636
256   13009180
256   12179472
256   12951664
256   12936088
256   13637208
256   13138600
256   13908612
256   13578980
256   14377048
256   12959860
256   13582224
256   12856836
256   13664924
256   13298376
256   12203668
256   13967200
256   12827776
256   13362588
256   13637108
256   12261764
256   12909012
256   12843192
256   13226752
256   12133028
256   12539204
256   12491260
256   12653152
256   14173016
256   14166488
256   13128416
256   12602176
256   13365104
256   13082856
256   13647148
256   11665488
256   11283588
256   13434084
256   12700692
256   13342560
256   12997648
256   12544648
256   13819884
256   12061072
256   13220204
256   12730248
256   11805620
256   12208264
256   12799464
256   13432600
256   13622468
256   13856788
256   13271328
256   13439136
256   12159696
256   14145260
256   12699212
256   12218400
256   11694452
256   11692828
256   12230252
256   12616420
256   12560948
256   12228860
256   13388752
256   12145012
256   12252384
256   12720288
256   12428212
256   14109968
256   13749248
256   13924972
256   14399324
256   14201384
256   14061344
256   12922644
256   13267148
256   12488716
256   12556844
256   12611052
256   12443576
256   10898416
256   12731360
256   11891188
256   12532348
256   13386444
256   12347312
256   13083836
256   13139852
256   12632080
256   13554680
256   13977260
256   13999212
256   12730024
256   12374684
256   14020260
256   13289268
256   13532548
256   12607132
256   13311248
256   12769448
256   11901884
256   12638788
256   13119680
256   13730008
256   13558440
256   12175132
256   12956648
256   12680720
256   14482916
256   12082768
256   13062788
256   13517292
256   13790328
256   14523184
256   14229908
256   13705596
256   13736356
256   13878696
256   13447240
256   13268968
256   12885108
256   13321168
256   11464924
256   13098128
256   12242556
256   13005264
256   12118276
256   13877532
256   12472128
256   13078108
256   12561864
256   13426924
256   11732172
256   12742072
256   14403764
256   13911460
256   14278876
256   14119208
256   10894052
256   12896444
256   13421248
256   12630244
256   13347752
256   12508652
256   13029580
256   13707948
256   12503976
256   11976240
256   12022688
256   14261068
256   12424224
256   13908672
256   14061892
256   13320696
256   13167076
256   12450756
256   13987968
256   14545052
256   12701196
256   12180304
256   13056212
256   13219896
256   13377992
256   13586572
256   12232864
256   13054292
256   13565296
256   13206408
256   13337544
256   12182280
256   15010104
256   14189724
256   13493468
256   12310628
256   13387356
256   13665988
256   12747252
256   13744516
256   14150348
256   12986580
256   12558004
256   12762360
256   11445164
256   12855044
256   12476660
256   12803488
256   12536996
256   12609320
256   13726156
256   14026728
256   11994856
256   13547956
256   14299896
256   12920684
256   12384400
256   13606704
256   12425308
256   11705504
256   12832144
256   12855040
256   12724488
256   13855356
256   12966552
256   13353536
256   13118612
256   12194824
256   12194252
256   13261392
256   12735992
256   12701676
256   14330448
256   13477236
256   12742408
256   13324640
256   13464172
256   12728240
256   14426996
256   13182712
256   13136508
256   13143548
256   12403640
256   12929904
256   12573576
256   12160404
256   13094356
256   12386496
256   12363520
256   13172368
256   11861456
256   13770640
256   13654124
256   12042528
256   12145596
256   14811352
256   13195028
256   14594500
256   14020812
256   13714448
256   12866680
256   13239572
256   11521104
256   12788772
256   12021728
256   12362932
256   12700412
256   13134276
256   12839076
256   13810116
256   12815732
256   12732268
256   12814792
256   13254208
256   12421004
256   13091012
256   12556152
256   12643348
256   13846500
256   13689484
256   12651440
256   13488912
256   13260224
256   12739880
256   12003576
256   11744276
256   12383668
256   12506824
256   11684176
256   13730056
256   13276648
256   13147524
256   12967692
256   13661248
256   12268100
256   12350200
256   12795916
256   13080868
256   13267792
256   11692128
256   12700880
256   12701628
256   13655496
256   12815540
256   13310376
256   12920764
256   13190608
256   12356620
256   13070916
256   12798820
256   12442768
256   13297092
256   12832164
256   13784140
256   13655108
256   13059564
256   13970548
256   12166904
256   12664936
256   12956048
256   13485232
256   13082732
256   14421776
256   12755908
256   12540332
256   12283568
256   12396540
256   12576196
256   13543252
256   13045816
256   12693268
256   13042404
256   13041100
256   11997344
256   12077500
256   12033564
256   13614824
256   12937264
256   12324620
256   14438020
256   12958924
256   14152588
256   12766876
256   12416932
256   13883344
256   12444932
256   12847568
256   12378880
256   11713196
256   13180068
256   12874456
256   14500324
256   13365040
256   12735688
256   12219172
256   13526256
256   14134324
256   13199500
256   12144476
256   13351076
256   13709976
256   13634664
256   13289968
256   12094364
256   13817640
256   12663380
256   12151600
256   13144204
256   11818924
256   12074528
256   12453792
256   13657496
256   13149220
256   14136184
256   13732768
256   13611568
256   12826864
256   13621716
256   14283440
256   12688468
256   12806140
256   11875224
256   13159248
256   12783444
256   14231100
256   12896972
256   13323424
256   12785184
256   12455816
256   12628112
256   12624096
256   13064248
256   13031688
256   12979780
256   12966572
256   14136456
256   12976944
256   13858792
256   14506408
256   14735644
256   12052976
256   12357608
256   11697716
256   13406260
256   13531832
256   12851360
256   12605840
256   13336144
256   13616104
256   12356872
256   12432164
256   13581100
256   13326952
256   13284380
256   12102956
256   12298472
256   12581532
256   12826312
256   14418612
256   13453692
256   14413688
256   13349608
256   13198544
256   13320584
256   14226156
256   14123044
256   13137972
256   11651564
256   11534364
256   13834144
256   13051756
256   12779416
256   12627636
256   13651624
256   13336204
256   12509072
256   12203596
256   13010132
256   12749284
256   13501084
256   14277560
256   14342316
256   13030232
256   12927380
256   12096444
256   13671776
256   12125972
256   13995164
256   12371952
256   12237332
256   12346956
256   12829584
256   13290972
256   13558396
256   12093008
256   13068644
256   13508064
256   13219000
256   12851036
256   13530920
256   12044472
256   12392156
256   13972104
256   13783396
256   14549864
256   14181108
256   13802304
256   13652176
256   12806208
256   13937100
256   13092800
256   12514680
256   13266332
256   12506952
256   11459000
256   13206400
256   12770452
256   13108532
256   13756064
256   12938308
256   13137416
256   14189092
256   12595336
256   13508124
256   12179912
256   12590620
256   12125148
256   14263736
256   12976296
256   12204328
256   12981284
256   13346804
256   13019808
256   12853864
256   12785724
256   13561896
256   12657256
256   13544728
256   13028400
256   14126108
256   14256140
256   13934540
256   14473788
256   14062400
256   13185336
256   14129912
256   11551364
256   13216240
256   11908156
256   13347772
256   12929620
256   13339288
256   12752044
256   12897796
256   12634600
256   12848240
256   12162900
256   13926784
256   13798360
256   12768752
256   14401652
256   14179272
256   14147128
256   13916204
256   13300624
256   13826648
256   13566424
256   13283088
256   13263580
256   12783556
256   11702840
256   12653280
256   12884160
256   12715064
256   13602716
256   13897172
256   12785472
256   12599692
256   13238316
256   13590340
256   14257748
256   13535768
256   12822704
256   13461316
256   13875128
256   12817544
256   13576640
256   14217132
256   13697236
256   11978260
256   12144344
256   13747488
256   14249764
256   11948648
256   12232360
256   13796824
256   12814400
256   13065612
256   13447732
256   13146236
256   14342088
256   12638748
256   12358196
256   14256356
256   15118620
256   12496520
256   13171388
256   13570892
256   12484196
256   13121152
256   13228556
256   13373580
256   12866336
256   13610856
256   14056792
256   11522912
256   12815048
256   14173636
256   13202364
256   11952936
256   12654352
256   12834956
256   14085008
256   14137708
256   12935364
256   12979076
256   13973660
256   13177684
256   12597024
256   12946776
256   12720516
256   13112756
256   13822616
256   13477040
256   11875252
256   11859492
256   13481436
256   12628244
256   12661256
256   12860888
256   14256844
256   12737272
256   12001428
256   13046788
256   13800992
256   14124936
256   12944292
256   13806940
256   13753608
256   12122796
256   11931896
256   13145420
256   13627228
256   13427152
256   12570868
256   12416040
256   13818584
256   13018692
256   12796504
256   13149992
256   13971468
256   10912560
256   12937128
256   14124140
256   14222908
256   13843364
256   13093268
256   14432508
256   11809772
256   13381672
256   12421036
256   12999020
256   13694504
256   13409152
256   13259076
256   14088916
256   11847520
256   14169028
256   13186424
256   12501480
256   12962188
256   12288948
256   14090168
256   13316240
256   12347288
256   12894708
256   14022960
256   14624096
256   12536396
256   13350388
256   13314200
256   12836116
256   11888164
256   11489332
256   12304680
256   12741768
256   12740468
256   13269000
256   13768904
256   13182948
256   12462224
256   13054100
256   12346552
256   13484164
256   13527060
256   13820088
256   12575160
256   14471284
256   13314408
256   13234828
256   12544540
256   13056388
256   10910428
256   13048820
256   12365060
256   12859256
256   13242368
256   12282744
256   12100172
256   12198688
256   12963860
256   12975092
256   12980856
256   13674024
256   13952180
256   13229632
256   12931100
256   13811724
256   14153000
256   12757496
256   13323816
256   12526324
256   13843372
256   13949696
256   11948856
256   12863384
256   11918164
256   12860884
256   13309648
256   12458788
256   12548908
256   13202064
256   12904732
256   12477968
256   13291052
256   13952196
256   13528568
256   13168540
256   14090612
256   12897380
256   13996260
256   11990976
256   13288004
256   12381536
256   13032804
256   13532960
256   14243284
256   12215924
256   11853688
256   13599860
256   13300860
256   13185676
256   11445716
256   12580288
256   13254852
256   13562636
256   12165592
256   13649896
256   13549816
256   14663172
256   13152980
256   12597212
256   12972028
256   12100800
256   13324120
256   13377640
256   12389880
256   12902128
256   13690176
256   12685808
256   13237692
256   12839436
256   12418936
256   12529264
256   14087364
256   12347228
256   13343788
256   13934172
256   12717584
256   13340016
256   12960652
256   14253888
256   12715700
256   12554132
256   14172852
256   12806636
256   12659756
256   13187376
256   13055608
256   11979928
256   12726144
256   12691608
256   13576688
256   14200276
256   12054964
256   13219012
256   14641792
256   13055732
256   12416476
256   13766056
256   12328772
256   12840052
256   13239044
256   13321048
256   13523656
256   11977324
256   12651664
256   13404640
256   12930928
256   11578336
256   12604832
256   11541816
256   12393092
256   13549360
256   12639956
256   14615432
256   13145032
256   12834860
256   13935892
256   14420528
256   13296828
256   13898384
256   13273900
256   11264616
256   12484528
256   13118576
256   12297624
256   13315320
256   13255964
256   12246644
256   13976564
256   12317544
256   11583644
256   12825688
256   12823168
256   12553800
256   13687096
256   12951576
256   13547796
256   12550484
256   14331352
256   12709148
256   14253236
256   11704952
256   12187036
256   12937656
256   12074748
256   11976380
256   12569052
256   13578640
256   12991000
256   13330936
256   12935216
256   12876504
256   14055520
256   12100256
256   13844928
256   13510660
256   12221936
256   12356904
256   13453724
256   13561644
256   13440608
256   12737524
256   13470132
256   11932368
256   11868140
256   13706736
256   11860012
256   12496032
256   11311520
256   14069304
256   12008252
256   14009696
256   12764268
256   13232636
256   12839988
256   13816356
256   13534860
256   12585792
256   14693288
256   12440956
256   13828620
256   12849376
256   11772376
256   12898808
256   13117660
256   12797632
256   12804292
256   11865224
256   12968876
256   12870528
256   13580392
256   13784232
256   12413280
256   13443200
256   12816624
256   13421532
256   13151188
256   14110992
256   14032604
256   13174068
256   12421648
256   14996272
256   11761960
256   11895268
256   12364452
256   13080044
256   12029468
256   12980152
256   12563260
256   13606140
256   11748628
256   13592812
256   12779376
256   13053956
256   12962008
256   12656508
256   14478060
256   14036064
256   12426192
256   12793932
256   13892808
256   12375960
256   12763216
256   12845472
256   12363632
256   11456624
256   12061064
256   13095800
256   12992588
256   13443028
256   13755812
256   12423756
256   13419688
256   12445964
256   12446260
256   12637592
256   14341484
256   11551696
256   12664508
256   14294628
256   14339856
256   14275724
256   13197632
256   12209512
256   12793732
256   12157680
256   11501032
256   12835936
256   12098444
256   12893376
256   12914656
256   14009504
256   13297692
256   13731912
256   13152848
256   12227792
256   13766420
256   12497344
256   13852364
256   12850560
256   12470832
256   13293484
256   14238872
256   14464168
256   12627692
256   13654832
256   13265284
256   12518112
256   12271304
256   13418276
256   13275808
256   11184372
256   12084804
256   12505024
256   13482944
256   11880312
256   14667092
256   13045200
256   12222808
256   13834956
256   12370264
256   13804832
256   13107500
256   11886772
256   12110852
256   14218972
256   12345676
256   14222872
256   12340836
256   13341804
256   11958784
256   11803900
256   13653736
256   12885536
256   11527700
256   13523404
256   12016492
256   13594896
256   13027152
256   13075400
256   13024228
256   14201352
256   12375996
256   12661460
256   12397128
256   12123756
256   11247912
256   12621872
256   13126428
256   13688212
256   13487968
256   12217564
256   12802744
256   12360636
256   12935880
256   14085632
256   13275048
256   12495492
256   12927564
256   13401220
256   13971748
256   14180624
256   15058748
256   12602856
256   13981660
256   11910428
256   12554536
256   13235196
256   11971156
256   11562064
256   13463828
256   12532576
256   13434044
256   12385516
256   13256748
256   13055340
256   13004244
256   12351192
256   12876240
256   13861104
256   12418120
256   12813728
256   12144148
256   14201532
256   14100864
256   12394088
256   12696888
256   13958956
256   12388632
256   12887656
256   12102844
256   14211676
256   11253184
256   12242408
256   13531952
256   13180184
256   12621496
256   13440640
256   12324824
256   13217964
256   12582596
256   13037656
256   12626264
256   14634020
256   12437800
256   11529392
256   13233296
256   14532412
256   12431908
256   12402260
256   12444768
256   12563448
256   13356384
256   11839568
256   12631160
256   12615916
256   12524868
256   13958992
256   13627764
256   13198108
256   14574768
256   13612864
256   14456724
256   13575088
256   13446504
256   13343244
256   12762328
256   13093188
256   12031508
256   12650152
256   13514256
256   12938540
256   11910328
256   12884096
256   12832120
256   13184016
256   12652544
256   12969560
256   12094144
256   12944548
256   14035952
256   14307748
256   13813492
256   13083420
256   12427296
256   14185720
256   13600912
256   12942872
256   14088660
256   12952808
256   12533012
256   12637124
256   13308244
256   12736000
256   13159656
256   12253840
256   13095236
256   13213076
256   11692592
256   13329284
256   14053540
256   14121468
256   13438876
256   13140556
256   13036092
256   12990028
256   13612348
256   13295592
256   13536576
256   12669008
256   12356400
256   13910616
256   12664216
256   12039852
256   13426228
256   13351748
256   12589240
256   12076732
256   13520272
256   13337776
256   13762616
256   13914888
256   13285644
256   13451680
256   12529140
256   12577388
256   13980260
256   13024832
256   13110716
256   12452696
256   13567484
256   12644244
256   12431192
256   12263568
256   13875976
256   11876704
256   11887624
256   12740332
256   13223804
256   13253084
256   12859816
256   12497108
256   12252892
256   14210700
256   12047528
256   12562460
256   12890896
256   12451256
256   12199140
256   12592608
256   12502960
256   12903004
256   12270776
256   12912072
256   14121120
256   12044292
256   12072760
256   13151488
256   12576800
256   12679188
256   12402080
256   13703912
256   14271816
256   13386092
256   12753288
256   13629356
256   13350576
256   13796804
256   12863812
256   13342036
256   10538224
256   12159096
256   12422736
256   12584072
256   12904472
256   12544892
256   11699344
256   12870384
256   13852108
256   11892368
256   13276288
256   12439264
256   12932992
256   12807624
256   13917076
256   14809368
256   12477164
256   14114476
256   14332032
256   12662772
256   12433956
256   12721256
256   11962112
256   13043712
256   12147336
256   13305772
256   13495632
256   13418744
256   13395596
256   13870728
256   13082776
256   13858100
256   13104612
256   12643240
256   13172940
256   13423432
256   12602132
256   13495552
256   15143172
256   13549368
256   13446436
256   13881956
256   12886588
256   14155804
256   12448848
256   12107408
256   12401400
256   12813868
256   12611068
256   13505940
256   12799784
256   13776712
256   13089764
256   14329804
256   12803976
256   12798060
256   12588196
256   13994196
256   12926256
256   12863824
256   14493816
256   13073020
256   12617860
256   13029808
256   12463748
256   11263928
256   12237916
256   12642672
256   13768224
256   12172244
256   12833392
256   12783332
256   14554988
256   13258456
256   12655204
256   13884624
256   13443172
256   12724428
256   13680352
256   13308176
256   12713920
256   12411796
256   11126124
256   13222480
256   12338964
256   13409196
256   12957384
256   12471212
256   13718864
256   13926500
256   12911176
256   12684728
256   12271644
256   13051536
256   13321484
256   13739484
256   13807668
256   13351052
256   13714424
256   13864952
256   13908312
256   12557764
256   12089464
256   12125364
256   12262844
256   12408204
256   13580256
256   13111792
256   13178696
256   12632664
256   13040824
256   12393012
256   12489536
256   12664540
256   12554876
256   13452944
256   11956744
256   13504164
256   11979088
256   14146476
256   12596996
256   13989972
256   12853940
256   11987804
256   11759648
256   12135060
256   11730208
256   11772728
256   12858980
256   12705924
256   12171152
256   12824264
256   12436752
256   13233796
256   14086724
256   13705452
256   13501256
256   12822976
256   12632552
256   12451172
256   13719252
256   12752440
256   12566956
256   13309816
256   12879124
256   12605180
256   13180696
256   12186964
256   11936688
256   12496424
256   12815340
256   11514800
256   13085052
256   12834304
256   12336236
256   13622196
256   14424220
256   13926380
256   13812116
256   12784376
256   14103792
256   12939624
256   12533304
256   12476232
256   13864900
256   13247364
256   13107004
256   12408820
256   12524044
256   12765916
256   13515560
256   13052196
256   12681236
256   12630616
256   12923912
256   13792316
256   12450916
256   12856340
256   12906780
256   14659468
256   13645112
256   14032804
256   11638292
256   14138948
256   12997452
256   12614052
256   13276452
256   13716356
256   14280892
256   13496956
256   12238984
256   12860296
256   12442792
256   12496684
256   12236328
256   12727572
256   13475984
256   12838884
256   13961672
256   13424772
256   13421840
256   12547040
256   14249048
256   12115428
256   12994368
256   12450460
256   12722464
256   12754552
256   12502204
256   12550292
256   13387348
256   12512384
256   13375640
256   13333768
256   13464528
256   12074288
256   12934868
256   13105820
256   12776364
256   12451744
256   12111184
256   14538188
256   13849836
256   13633536
256   12730952
256   13485316
256   12132692
256   13469948
256   12293196
256   12196620
256   13081128
256   13979272
256   13157952
256   13928848
256   13437640
256   12958336
256   14095816
256   13844212
256   12645808
256   13288260
256   12782660
256   13446768
256   12112104
256   12721496
256   12890172
256   12816664
256   13436624
256   13227624
256   13310180
256   13685940
256   13612888
256   11322300
256   13877412
256   12245196
256   12495440
256   13349096
256   13190292
256   13359716
256   12580596
256   14249584
256   13765420
256   12498324
256   12222468
256   12424020
256   12159044
256   13547564
256   12127552
256   11780668
256   13761824
256   12934036
256   11979916
256   13634496
256   13119116
256   12682004
256   16146616
256   12386804
256   11502100
256   13393660
256   13239360
256   13314052
256   12735196
256   13023076
256   13239548
256   14174688
256   14367604
256   10999400
256   12516328
256   13214852
256   12159608
256   12936724
256   12352492
256   12534636
256   12935256
256   14490228
256   13261604
256   12399108
256   12133480
256   12459872
256   13341220
256   13089000
256   12590136
256   12029088
256   14190188
256   12776820
256   13796496
256   13880084
256   12731308
256   12570628
256   12263024
256   12639820
256   13465744
256   12620524
256   12824652
256   13444484
256   13691304
256   12637704
256   13976628
256   12273908
256   13430020
256   14300748
256   11958524
256   12717192
256   12041996
256   13991088
256   14266984
256   13962988
256   12506996
256   12640552
256   13468540
256   14260184
256   11695608
256   11917404
256   13644288
256   11972936
256   11986192
256   14292372
256   13572240
256   13281852
256   13259812
256   12382876
256   14047516
256   13598492
256   12901076
256   13954980
256   14356736
256   12840680
256   12854064
256   12385188
256   13671872
256   11930952
256   13067536
256   12672972
256   12772064
256   13471324
256   12679000
256   12452072
256   12874956
256   14062296
256   11842204
256   13216224
256   14045764
256   13744424
256   14334776
256   13588208
256   14131336
256   12323304
256   13172496
256   12186292
256   11904840
256   11347012
256   13887020
256   13108312
256   13501588
256   13065124
256   14343976
256   13724384
256   12843316
256   11906688
256   14227932
256   12032012
256   12871788
256   12552824
256   13686580
256   12323164
256   13756640
256   14386808
256   13729880
256   12836500
256   12164632
256   12726496
256   11310176
256   13357360
256   10462860
256   13437440
256   13135524
256   12501696
256   12820832
256   12663668
256   12014040
256   14034244
256   12776832
256   12264764
256   13532200
256   12492468
256   13998492
256   13516176
256   12568708
256   12831884
256   13943936
256   12745216
256   11570480
256   12759728
256   13828896
256   12464340
256   13191780
256   13659692
256   12851568
256   13424472
256   14068768
256   12778596
256   14362544
256   13613420
256   12702620
256   13455084
256   14482348
256   13738208
256   12217208
256   12406528
256   14114736
256   12042524
256   13213496
256   12255744
256   13877608
256   12211092
256   12964504
256   13766364
256   12227540
256   12897936
256   12017540
256   12155712
256   14273640
256   12677252
256   13618932
256   14082788
256   14698384
256   12282416
256   14267720
256   12730312
256   12102560
256   13495332
256   13266912
256   12286464
256   13448284
256   13107240
256   12699180
256   13856448
256   11676336
256   12464168
256   13144720
256   12170560
256   14465772
256   12456200
256   12710352
256   14600488
256   13212948
256   13352288
256   12471460
256   13167664
256   11791808
256   12459508
256   13083440
256   12243596
256   10868160
256   11744692
256   14277576
256   12835976
256   13058860
256   12936324
256   12389316
256   11641940
256   13558664
256   12575096
256   14133356
256   13081808
256   13465268
256   13732428
256   13597196
256   13233840
256   13459012
256   12846060
256   11948800
256   13040616
256   13308948
256   13225196
256   11423292
256   12569040
256   13572060
256   13586496
256   13657020
256   12663256
256   12729928
256   13738552
256   12669036
256   14160440
256   11489292
256   12851908
256   14218004
256   12801132
256   14144120
256   12771712
256   13030872
256   13163984
256   13190300
256   13717972
256   13450128
256   12647952
256   12921668
256   12251480
256   12539532
256   12267624
256   13445892
256   13619832
256   12439260
256   12117416
256   13346888
256   12773604
256   12854348
256   12288668
256   13251780
256   13850008
256   13080720
256   11650132
256   12532484
256   12917780
256   12152248
256   13948748
256   12262164
256   12550216
256   11588128
256   14244176
256   12440632
256   12578800
256   11953892
256   14450068
256   14140404
256   12415032
256   12446772
256   13498640
256   13684960
256   12820024
256   12742400
256   13009676
256   13262188
256   11215404
256   11928116
256   13196216
256   12336288
256   13004832
256   12877280
256   14149408
256   13267380
256   12303716
256   12636328
256   13851704
256   13773412
256   12388160
256   13792992
256   12824324
256   12837232
256   13912188
256   13273756
256   14622376
256   12815392
256   12291980
256   12828020
256   11272664
256   12813008
256   11641316
256   11895356
256   14173544
256   12829292
256   11938072
256   13020676
256   13424896
256   12873164
256   14005004
256   12907708
256   13782816
256   12462180
256   14014820
256   14260240
256   14748564
256   12910208
256   13328076
256   12931892
256   13102108
256   11998172
256   12912072
256   13443308
256   14321480
256   12408548
256   13375700
256   12943864
256   12129512
256   12384544
256   12701260
256   13327040
256   13272980
256   12544120
256   14207904
256   13735472
256   12868308
256   12373408
256   13176048
256   13556492
256   13298520
256   13171168
256   13136728
256   12726464
256   12187280
256   13159908
256   14014308
256   11935088
256   12557976
256   13017540
256   12984028
256   13215540
256   12137916
256   12612604
256   14608284
256   14099372
256   14000060
256   13513320
256   12785804
256   13146444
256   13268976
256   12837264
256   13077812
256   13097824
256   12877960
256   13851388
256   13361460
256   12746080
256   13192844
256   12814336
256   11658024
256   13825524
256   13816936
256   13586628
256   13671908
256   13808088
256   12943204
256   13300708
256   11269276
256   12394524
256   13065964
256   12553492
256   11349616
256   12532600
256   13206256
256   13196908
256   12605112
256   13376660
256   12215644
256   13098012
256   13266508
256   12328788
256   13032492
256   12765012
256   12697764
256   14089280
256   13919036
256   12535056
256   14046576
256   13246156
256   13728988
256   11143596
256   12482984
256   13064024
256   10832532
256   10522156
256   12835792
256   13846672
256   13331912
256   12664476
256   12619056
256   14383412
256   12718528
256   13678820
256   13561620
256   12570464
256   12556772
256   14316324
256   13339964
256   12373176
256   12746388
256   13064672
256   12790640
256   12120976
256   11508316
256   12212408
256   12174388
256   12703860
256   12143648
256   12955444
256   13108304
256   14381704
256   13942036
256   14121436
256   12921792
256   12663528
256   13152400
256   12896068
256   13823660
256   11715776
256   12698144
256   13555196
256   13018264
256   13451172
256   12183500
256   12428648
256   12372508
256   13075360
256   12691836
256   12687924
256   12884056
256   12280168
256   14200460
256   13328308
256   13766816
256   13812432
256   13795364
256   14016168
256   13672316
256   12364008
256   14177360
256   12540692
256   12209408
256   10900776
256   13092380
256   13414656
256   12964752
256   12454484
256   12801028
256   13410264
256   13229184
256   12327120
256   13448220
256   12565768
256   12914664
256   13260400
256   13719156
256   13962856
256   14909480
256   12314424
256   12987024
256   13065392
256   11809240
256   12610184
256   14141688
256   12127596
256   12264740
256   12903308
256   14108240
256   12761784
256   12991996
256   12421072
256   13676564
256   14064656
256   12038888
256   12569648
256   12458852
256   13554500
256   13678124
256   12236012
256   12796572
256   13001992
256   13099980
256   12105744
256   12852204
256   12891528
256   13118768
256   12869972
256   12107524
256   12325864
256   14426540
256   12992552
256   14450304
256   14423044
256   14377248
256   12611800
256   12877284
256   12596484
256   14012620
256   12986560
256   11840284
256   12097520
256   12276812
256   12188516
256   12826428
256   13269144
256   13800964
256   12480172
256   11248352
256   12400496
256   12590200
256   12523976
256   12514972
256   12830852
256   14125292
256   14901400
256   13618468
256   14095060
256   12334784
256   12015192
256   14241524
256   11835160
256   13040304
256   8990404
256   13513444
256   13296488
256   13510740
256   13473160
256   13392848
256   12163052
256   12231784
256   12195924
256   12367524
256   12361556
256   12392936
256   12756300
256   13395484
256   13260188
256   13332576
256   12680788
256   13962520
256   13782432
256   11422904
256   13938320
256   12428500
256   12278508
256   11819228
256   12598276
256   14104592
256   13049148
256   12171280
256   13568836
256   13733036
256   12132732
256   12618292
256   13535868
256   12533128
256   13612832
256   11942304
256   14160036
256   14326840
256   12958136
256   14258376
256   13515920
256   14102096
256   12887344
256   11868480
256   12625560
256   13053536
256   10742480
256   12016156
256   13407476
256   11995500
256   12937172
256   13235576
256   14891924
256   13524552
256   12712308
256   12494280
256   12490312
256   13045984
256   14143192
256   13956368
256   13426868
256   12915140
256   13690472
256   14239432
256   12705332
256   12855736
256   12005640
256   12648892
256   11251888
256   12575920
256   12402448
256   14053660
256   12872968
256   12713400
256   14057388
256   13809872
256   12736536
256   13828992
256   12836960
256   14374900
256   12796512
256   11886812
256   13182644
256   13262164
256   13762000
256   12741076
256   12318536
256   12485256
256   12650836
256   11164548
256   13139040
256   13150264
256   13170736
256   12516104
256   14173576
256   14075732
256   12779468
256   13483020
256   14252752
256   12916620
256   12587400
256   11971556
256   13440560
256   11744624
256   13097988
256   13274700
256   12011364
256   14061280
256   12986324
256   13276116
256   13778660
256   12845192
256   12653332
256   12665900
256   13604140
256   12056724
256   13474336
256   13287332
256   12699192
256   12438660
256   14573996
256   12447372
256   13762080
256   12565252
256   12438184
256   13794908
256   13531612
256   12380040
256   12433532
256   14507156
256   12932596
256   12610028
256   13048008
256   14076024
256   13678708
256   12166220
256   13776664
256   12884424
256   12039116
256   13963084
256   13779392
256   12382380
256   14003064
256   12445544
256   13537356
256   12525472
256   14552384
256   12651636
256   13252244
256   11632624
256   13367956
256   12345912
256   13711624
256   13862120
256   12557512
256   14758524
256   12785556
256   12326348
256   12706456
256   12824176
256   12645120
256   13388048
256   11773424
256   13499008
256   12191696
256   12659776
256   12345244
256   13016800
256   12178892
256   12135396
256   12882980
256   12849264
256   13466168
256   13555712
256   13970256
256   14188164
256   14076284
256   12146936
256   13676704
256   12303492
256   12737992
256   13833060
256   12486592
256   13262720
256   12614316
256   13846440
256   14132408
256   12849720
256   12685828
256   12826036
256   13131424
256   12443532
256   12444468
256   13207692
256   12517492
256   12105320
256   12963512
256   14004400
256   13877220
256   12730356
256   13708596
256   14004616
256   13175440
256   12827504
256   13102560
256   12697232
256   13210372
256   11684924
256   12992648
256   13140596
256   13613468
256   13305920
256   13769236
256   12121152
256   13267596
256   13637108
256   14022836
256   14303768
256   14308000
256   12557244
256   13344048
256   13647352
256   14367240
256   12694160
256   13517084
256   12973228
256   12158308
256   13161400
256   12517924
256   12627068
256   11891164
256   13287224
256   13795304
256   13259416
256   12544332
256   14301448
256   13241068
256   13043568
256   12259812
256   13955120
256   12430848
256   11618420
256   14788620
256   12217788
256   13298376
256   13697096
256   12020724
256   12721748
256   12546728
256   11790296
256   14113024
256   12093712
256   12000840
256   12893640
256   13863440
256   14016780
256   14573904
256   13554308
256   13723844
256   12632928
256   13529728
256   13525900
256   14066820
256   12289484
256   12177668
256   13405980
256   12679196
256   12336388
256   12752272
256   12650940
256   13399024
256   12281600
256   12167560
256   12833264
256   12498272
256   14082508
256   12652648
256   13081584
256   13172628
256   13334452
256   12138660
256   14154820
256   12577600
256   12471288
256   12910184
256   13078920
256   11615832
256   11546428
256   12529116
256   12382844
256   13197560
256   12815880
256   13318392
256   13558500
256   13777340
256   13691504
256   13123516
256   12700140
256   12534840
256   12936164
256   14136708
256   13985600
256   13164444
256   12505364
256   12594028
256   12709936
256   11934516
256   12338776
256   13518996
256   12452872
256   12343668
256   13296776
256   13704176
256   13198216
256   12566448
256   13933300
256   11693568
256   12616912
256   12980652
256   11500016
256   12829204
256   12738748
256   12297836
256   14367556
256   12971316
256   13917256
256   12764656
256   12784476
256   13113928
256   11836888
256   14297408
256   13809156
256   13237060
256   10983552
256   13976140
256   14004628
256   11536548
256   12495632
256   12665920
256   13230988
256   12563864
256   13153988
256   13728372
256   13398996
256   12957780
256   11563280
256   13315376
256   13764656
256   12358652
256   12037728
256   13540456
256   13741148
256   12000416
256   13694812
256   13076296
256   13167728
256   12208976
256   12594664
256   14112312
256   14504692
256   13306320
256   13091892
256   14055680
256   13896284
256   13033388
256   12098032
256   12567320
256   11378240
256   12881136
256   11813656
256   13926004
256   12471172
256   13673708
256   12737224
256   12474564
256   13034436
256   12412684
256   13419624
256   13964312
256   12957320
256   11446788
256   12781404
256   13153652
256   13539272
256   13506252
256   14119704
256   12538008
256   12281732
256   11124744
256   12705968
256   11719000
256   12415640
256   12838844
256   13282884
256   12283776
256   13777792
256   14040320
256   13823144
256   12340448
256   12342124
256   13024860
256   14225524
256   13015208
256   14624848
256   14077372
256   13831460
256   12859080
256   11819272
256   12898212
256   13219484
256   12422536
256   13025096
256   13033868
256   11873028
256   12894632
256   12608644
256   13029736
256   13927792
256   12452812
256   12907328
256   12972120
256   13275792
256   12789548
256   13366972
256   12653152
256   11779736
256   13843604
256   13942348
256   12903708
256   14102484
256   12435020
256   13431620
256   12180292
256   12180396
256   12551616
256   12876032
256   12357712
256   12888800
256   11348100
256   13285476
256   14584728
256   12767880
256   13039232
256   13478408
256   13256648
256   14720952
256   12721612
256   12437428
256   13460928
256   10792172
256   12851884
256   12700388
256   12853496
256   12762632
256   12460640
256   12587068
256   12055500
256   12745644
256   12955060
256   12284856
256   12200240
256   12464068
256   13881848
256   12793972
256   13490924
256   13415940
256   14149488
256   13420784
256   13425528
256   12688760
256   12450076
256   12743236
256   11246576
256   13497720
256   11998344
256   13533948
256   13303688
256   13303784
256   13958056
256   13019880
256   11823804
256   12272300
256   13507936
256   12535340
256   12622104
256   13807256
256   14646416
256   13894980
256   12509844
256   12802508
256   12720952
256   13542276
256   11902432
256   12394896
256   12847196
256   13607884
256   12763244
256   12983220
256   14123000
256   12028856
256   13558908
256   14241672
256   14244148
256   13241144
256   13410700
256   13695832
256   13920888
256   13298756
256   13898672
256   13622056
256   12687976
256   13253412
256   13697804
256   12913712
256   12458128
256   14281656
256   12876412
256   12594348
256   12727192
256   13313428
256   13806800
256   13136844
256   13175688
256   13855164
256   12778684
256   13601188
256   12412336
256   14601484
256   14553064
256   14132660
256   11599000
256   13763060
256   12049772
256   13814960
256   13539836
256   12968604
256   13221256
256   11985852
256   12943084
256   11820820
256   12609696
256   12863492
256   13617020
256   14187572
256   14423672
256   12471068
256   12822516
256   14150028
256   13651980
256   13809692
256   11882312
256   11301132
256   12685576
256   12595732
256   12798980
256   12682492
256   12637772
256   12623024
256   13826696
256   9237780
256   9540620
256   8585812

