8   654560
256   16136880
256   16153764
256   16152984
248   15645884
256   16209372
256   16179264
256   16159968
256   16216036
256   16188940
256   16132380
256   16101908
256   16141688
256   16102112
256   16141812
256   16150536
256   16168056
256   16165884
256   16180104
256   16169224
256   16163404
256   16152660
256   16098964
256   16132804
256   16097144
256   16214612
256   16162920
256   16134856
256   14355796
256   10410748
256   11294768
256   11389852
256   10990456
256   10980464
256   10838784
256   12888812
256   13881252
256   13267916
256   12402176
256   13618036
256   13709688
256   14103748
256   12482252
256   14321632
256   12946656
256   13784764
256   14157420
256   14643048
256   13483396
256   13127616
256   12074420
256   11622760
256   12275448
256   11357184
256   14551956
256   13140396
256   13705416
256   12721116
256   13362040
256   13434328
256   12971720
256   14657856
256   14071004
256   14375644
256   15928248
256   13402280
256   12327696
256   13116460
256   13609568
256   13234308
256   12031528
256   13776600
256   12742232
256   13649476
256   13010136
256   12492392
256   12454660
256   12630968
256   12678992
256   13535532
256   13716704
256   14607968
256   14262312
256   12880560
256   12758372
256   12943640
256   12458816
256   13084000
256   13082460
256   13503276
256   14306608
256   13005780
256   14767148
256   12810268
256   12064272
256   12695612
256   13878212
256   13198776
256   13021396
256   12420040
256   12784196
256   12867056
256   12173944
256   12693672
256   14613212
256   12557808
256   13306580
256   14113664
256   13742564
256   13012736
256   13852380
256   13233212
256   13444832
256   12715916
256   14320492
256   12884728
256   13710088
256   13049392
256   14088352
256   13221132
256   12703824
256   12511388
256   11726176
256   14178900
256   12694992
256   13359020
256   13591784
256   14271176
256   14234212
256   12973168
256   13664624
256   12865172
256   13347060
256   12005964
256   12610308
256   13901416
256   12589692
256   12696228
256   12730448
256   13432988
256   13406736
256   14158052
256   12523016
256   13780600
256   14180368
256   14156020
256   14605872
256   13588748
256   13720600
256   13624036
256   13928200
256   12129560
256   12597968
256   13574388
256   14071788
256   13790748
256   12749428
256   13303288
256   13320404
256   12910072
256   12559160
256   13193340
256   13861688
256   13884112
256   13200964
256   14726248
256   13934428
256   13869968
256   12796476
256   12546272
256   11853444
256   12502308
256   12509184
256   13155772
256   13440916
256   12885812
256   13484616
256   12596356
256   14137004
256   12817040
256   14198008
256   13159700
256   12901592
256   13486524
256   12594240
256   12855472
256   13115800
256   13282744
256   12859336
256   12520236
256   13044316
256   13657236
256   12116188
256   13477876
256   12749856
256   13361676
256   11962364
256   12561504
256   14671060
256   14057748
256   14966556
256   13724672
256   13627048
256   12565172
256   12470348
256   12657844
256   12372516
256   13922260
256   12899692
256   13019696
256   12997228
256   12978432
256   12275140
256   13050736
256   13900360
256   14134792
256   14031440
256   13791132
256   14110904
256   13869412
256   12322316
256   13085072
256   12649928
256   12610032
256   13071340
256   12412152
256   12549992
256   13610680
256   13608544
256   12449812
256   12511188
256   14370168
256   13673784
256   13544368
256   13781512
256   13981228
256   12801604
256   13615024
256   13910480
256   12119404
256   12984388
256   12541836
256   12317180
256   12472928
256   13359044
256   13472684
256   13481476
256   12233368
256   13062912
256   14782480
256   13186916
256   14618908
256   12835404
256   13768028
256   14391532
256   12500160
256   12697944
256   13501684
256   13535936
256   13503448
256   12579028
256   13248788
256   12254884
256   12144588
256   13826868
256   13112436
256   12924208
256   13671640
256   13359172
256   13866628
256   14334168
256   12746612
256   13037480
256   12110084
256   13243092
256   13447972
256   12432652
256   13296848
256   13771528
256   13629720
256   13283744
256   12714096
256   12807500
256   12683340
256   13962896
256   14315200
256   13058276
256   13227676
256   13148460
256   12369008
256   11910140
256   12217548
256   13545220
256   14129620
256   13840460
256   12149640
256   14270624
256   12998300
256   14294448
256   12804592
256   14020112
256   14004308
256   14676836
256   12955964
256   12559308
256   14100704
256   13269472
256   12341312
256   13472716
256   12501024
256   12600784
256   11782536
256   12660284
256   13345168
256   13683928
256   13494236
256   14486048
256   12846216
256   14224836
256   13957224
256   12668616
256   14594824
256   13654888
256   14341592
256   12555740
256   12049016
256   11904996
256   13930080
256   13059420
256   12887312
256   12442804
256   13357036
256   13660560
256   13051396
256   12549504
256   13492252
256   14061108
256   12490548
256   12895172
256   14790336
256   13701200
256   12091480
256   12620132
256   12754704
256   13634064
256   12289864
256   12182056
256   13944096
256   12738256
256   10721384
256   13423092
256   14225404
256   13382472
256   14664512
256   12860012
256   12775916
256   13378204
256   12829724
256   13042788
256   13860592
256   14159404
256   13160112
256   13221100
256   13550268
256   13722272
256   13122296
256   12921080
256   13426852
256   13858976
256   11937876
256   12189044
256   13263788
256   13708812
256   14337016
256   12533948
256   14306372
256   13154728
256   14149096
256   11485696
256   12683848
256   14416020
256   11192252
256   12872776
256   14163676
256   12809428
256   13904308
256   14091616
256   14165748
256   14355000
256   12329916
256   14459512
256   13591324
256   13366120
256   12641212
256   12472528
256   13079452
256   12496104
256   12858892
256   13353516
256   13390256
256   12970016
256   12554868
256   14490784
256   13989528
256   12887076
256   12800876
256   13500636
256   13880788
256   13966280
256   13174816
256   14136524
256   13223016
256   13677504
256   14217908
256   13250896
256   12751928
256   12576524
256   13586424
256   12824544
256   12537208
256   13237540
256   13464292
256   13273840
256   14881344
256   14038188
256   14227308
256   13662200
256   12643560
256   12010328
256   12628488
256   12422952
256   12718056
256   12694584
256   13425968
256   13405264
256   12183348
256   13567832
256   12807008
256   13902308
256   14177124
256   12602948
256   13950412
256   13654860
256   13423620
256   13204436
256   13444284
256   12884668
256   12647208
256   12628376
256   12825048
256   12669060
256   12652972
256   12260000
256   13499508
256   12507996
256   14167324
256   14176752
256   12396464
256   14520876
256   14066020
256   13348480
256   12682984
256   12525504
256   13947512
256   11444328
256   12637720
256   12348636
256   13445368
256   14101856
256   13722608
256   12606400
256   12860104
256   11572368
256   14341432
256   12915692
256   13539208
256   12904388
256   13090828
256   13401108
256   14448760
256   13730100
256   13374644
256   12442476
256   13068108
256   13609776
256   13221304
256   13888276
256   12096632
256   13170204
256   13573444
256   13469252
256   12984156
256   13307408
256   12074512
256   14706924
256   12915944
256   13133948
256   12329400
256   13244140
256   13724712
256   13121120
256   12603216
256   10823800
256   12347876
256   14219688
256   13154868
256   14522864
256   13793788
256   14255108
256   14238548
256   13665248
256   13389788
256   12890132
256   11424664
256   13477840
256   13202948
256   12365468
256   13469568
256   13998700
256   12445140
256   14159308
256   13232924
256   13621844
256   14735972
256   12424872
256   12962188
256   14116156
256   14662976
256   14484360
256   12890232
256   13126576
256   12268084
256   13448916
256   12295452
256   12302764
256   14030340
256   13311008
256   12549308
256   13654680
256   13510944
256   13423468
256   13149304
256   12128200
256   12186080
256   14370600
256   14214116
256   12337056
256   13981024
256   12309988
256   13952700
256   14214328
256   14029844
256   13729664
256   12887372
256   13251056
256   14058164
256   14369736
256   12787904
256   12738028
256   13471780
256   13704504
256   16182552
256   14826960
256   13742180
256   13911384
256   12932952
256   13909516
256   14173092
256   14014436
256   12476464
256   13221972
256   12318428
256   13434972
256   13225244
256   13888192
256   14472756
256   12851896
256   13240000
256   13565196
256   14982144
256   12217596
256   12966876
256   13383976
256   13189912
256   12760556
256   13114088
256   14000144
256   12909152
256   12630632
256   13736464
256   13941592
256   12949092
256   13495600
256   14290540
256   12725132
256   15244924
256   14228588
256   13184408
256   13854608
256   12990776
256   12702020
256   13349276
256   12024092
256   12604668
256   12163808
256   13645476
256   12027468
256   13452116
256   13008560
256   13986720
256   14685840
256   13520808
256   14178040
256   14476676
256   13071036
256   12789532
256   12971460
256   13074680
256   13359412
256   13201260
256   13790220
256   12429508
256   13086984
256   11996052
256   13680652
256   14742900
256   13910164
256   12621048
256   12949872
256   12715176
256   13411320
256   12513788
256   12410308
256   12710896
256   12153624
256   12388052
256   14685220
256   12959772
256   12815120
256   12104536
256   12682872
256   12852376
256   14485548
256   13904304
256   14718720
256   13940836
256   13992460
256   14438152
256   12716208
256   12879104
256   11418264
256   12419268
256   12352076
256   12898856
256   13288148
256   13313784
256   12851520
256   12913824
256   12231040
256   14365532
256   13603564
256   12768300
256   13777076
256   13551968
256   12310772
256   12932112
256   12835744
256   12712896
256   13693684
256   13631128
256   12013848
256   13871976
256   14451452
256   12844108
256   12709060
256   13101528
256   12758360
256   12440288
256   13387216
256   14139664
256   14105608
256   13542960
256   12479404
256   13348284
256   13653824
256   12871296
256   12362664
256   13405720
256   13534252
256   12191728
256   12710944
256   12968680
256   12724296
256   12626268
256   13527884
256   14184072
256   13768724
256   12184508
256   13062388
256   14597332
256   11424908
256   13116960
256   12890760
256   13784240
256   12668764
256   13702368
256   13744600
256   13219336
256   13067320
256   13347468
256   12834696
256   12490916
256   14290784
256   14536456
256   12561604
256   12654340
256   13410216
256   12708484
256   12790076
256   12933228
256   12256344
256   12015776
256   13708456
256   12611024
256   11461848
256   12523984
256   12800524
256   13294924
256   13377228
256   12578804
256   12875140
256   12801520
256   13126124
256   12530836
256   12327840
256   12050980
256   12703188
256   13038428
256   13587476
256   12230180
256   13517504
256   13452728
256   13442468
256   13881500
256   13613068
256   12637880
256   13071332
256   14303964
256   13001384
256   14298820
256   15014776
256   13438748
256   13296912
256   13039764
256   13435000
256   12682028
256   11789412
256   12625276
256   12533648
256   11591884
256   10995544
256   14621644
256   14113356
256   14385492
256   12982092
256   13829692
256   13488700
256   14623840
256   12425188
256   10826256
256   12701156
256   11650336
256   13141360
256   12841356
256   12938492
256   13726872
256   12569768
256   14123384
256   12751320
256   13773120
256   13449576
256   13943460
256   13386572
256   12944492
256   12140356
256   14537144
256   13269752
256   13832684
256   13311116
256   13210144
256   13096008
256   12709944
256   14062408
256   12548912
256   12222768
256   12363412
256   12896996
256   14165400
256   13335256
256   12038128
256   12715088
256   14147576
256   13531200
256   12563236
256   12921744
256   12911248
256   12799312
256   12498756
256   12461228
256   13392368
256   13365900
256   12893416
256   12619532
256   12462368
256   12355132
256   12967112
256   12502052
256   12608892
256   13017556
256   12783984
256   12855012
256   13163780
256   13598704
256   13151892
256   13505296
256   13589300
256   12988412
256   13341340
256   12938632
256   12876856
256   14126224
256   12152888
256   13408868
256   14450340
256   14360376
256   14208384
256   14329912
256   13760472
256   13460688
256   13012764
256   13075140
256   13172068
256   12124892
256   12303208
256   12941764
256   13188912
256   14356204
256   13695780
256   12582944
256   13796828
256   14042140
256   14263096
256   12779172
256   14768308
256   13919436
256   12725104
256   13153368
256   12839048
256   12765712
256   13817028
256   12675376
256   12764084
256   14138436
256   12774772
256   12189160
256   12964964
256   14095028
256   13112612
256   14785488
256   12615540
256   14236908
256   14481852
256   14519340
256   14010324
256   11489616
256   12771104
256   13220344
256   13382772
256   12695092
256   13415244
256   12715328
256   12993176
256   14286216
256   13626544
256   12853832
256   14482844
256   12790728
256   12959420
256   14086204
256   12396460
256   13047332
256   12820356
256   12868812
256   13052412
256   13381624
256   12045476
256   13948604
256   12805388
256   12250836
256   11632984
256   14258040
256   13484948
256   13219656
256   14042996
256   14659140
256   13630292
256   13787104
256   12664800
256   13413612
256   13317600
256   13736292
256   12544060
256   12145628
256   12606360
256   12983780
256   12995044
256   13862844
256   13809172
256   14330008
256   14214436
256   12494444
256   14253684
256   12706956
256   14612132
256   11694356
256   13607160
256   14741560
256   12713876
256   12986696
256   13315528
256   13853692
256   12841764
256   12936512
256   14930212
256   14171312
256   12821960
256   12646664
256   14258904
256   13422056
256   13830052
256   13842912
256   14025596
256   12994540
256   14251104
256   11578988
256   13923328
256   13989568
256   13016600
256   11342244
256   13427344
256   14134256
256   14380356
256   13651664
256   13256912
256   14283892
256   12774556
256   13575856
256   13715532
256   12503348
256   11448256
256   12984884
256   12744128
256   13427100
256   13632872
256   13074544
256   13482844
256   13667424
256   14108116
256   12772720
256   13489492
256   14261820
256   13253684
256   14268100
256   13923152
256   13834548
256   12933612
256   12934864
256   12867740
256   12435132
256   12964240
256   13074856
256   12969556
256   12690232
256   12507884
256   13892536
256   14400208
256   14126544
256   13539856
256   12338380
256   13349076
256   12706852
256   12466748
256   13250976
256   13659972
256   13053552
256   12245468
256   12596984
256   12790940
256   12626864
256   14300384
256   14001872
256   13288376
256   13525368
256   14179744
256   13560424
256   12732068
256   12891560
256   14058608
256   14290164
256   12888752
256   12943592
256   12756624
256   11594536
256   13866824
256   13019600
256   12761800
256   14360792
256   12938336
256   11159348
256   14337504
256   13736208
256   12579712
256   13550120
256   14616984
256   12842128
256   13314244
256   12617284
256   13694040
256   13874836
256   12671312
256   13418320
256   12964856
256   13187184
256   14526716
256   12391692
256   13966436
256   12894632
256   13141176
256   13668856
256   14106584
256   12924608
256   12909664
256   12654916
256   13626180
256   12646764
256   14276260
256   12371984
256   12526084
256   12014320
256   12509548
256   14014736
256   13887416
256   12574436
256   13441544
256   13307272
256   14672308
256   13555648
256   14195824
256   13501564
256   14885404
256   12638260
256   13640740
256   13087984
256   11950892
256   12123488
256   12494352
256   13383464
256   13256860
256   12434580
256   14025216
256   13963220
256   13293888
256   13482296
256   14342112
256   14131716
256   12381100
256   14282168
256   13597996
256   12898900
256   12306492
256   12569952
256   13719196
256   13552044
256   12161204
256   12418584
256   12213284
256   13843224
256   13117040
256   12858744
256   14332836
256   12915392
256   14541744
256   12598376
256   13933256
256   14472532
256   14607984
256   12818032
256   13501984
256   13048880
256   12863908
256   11544324
256   13265020
256   12950288
256   12962692
256   13011676
256   13768004
256   14032152
256   13979968
256   13556860
256   14664116
256   12934336
256   14219260
256   13508904
256   13508712
256   14017828
256   13322792
256   13212668
256   13160080
256   13757660
256   13042628
256   14097328
256   12480336
256   12251636
256   13870876
256   12869744
256   14286384
256   13927740
256   13978320
256   14061608
256   13259696
256   12565292
256   11888680
256   12506968
256   14014792
256   12588884
256   12325068
256   13908808
256   13781424
256   12520164
256   14646132
256   13694236
256   14176676
256   12922044
256   12990656
256   12657796
256   14164880
256   11339656
256   12159320
256   14088440
256   14047440
256   13903124
256   13388436
256   13835748
256   13992904
256   12800352
256   13323260
256   14057540
256   13689152
256   12244420
256   14799620
256   14263076
256   13146512
256   14731816
256   12146044
256   12774564
256   12534104
256   13126116
256   13102016
256   11862656
256   11787180
256   12136016
256   13197836
256   13944000
256   12780740
256   14384208
256   14520648
256   13327508
256   12605236
256   15021900
256   13387016
256   11878228
256   11262024
256   12702012
256   13321612
256   12515952
256   12758244
256   13818716
256   12848824
256   13126468
256   14051096
256   13490800
256   12437828
256   13037652
256   13428520
256   14631968
256   14306948
256   14614212
256   12622824
256   14163472
256   11815812
256   13923448
256   13392304
256   12915904
256   12516220
256   13064848
256   13367264
256   12519016
256   13897028
256   13744064
256   14148656
256   13844448
256   14668012
256   12413160
256   14579708
256   13324692
256   14429428
256   12543220
256   12743884
256   13333188
256   12963564
256   12598440
256   14120544
256   12242532
256   14153772
256   12849772
256   12181352
256   12800484
256   14075656
256   12906284
256   13147248
256   13357644
256   14038548
256   12932488
256   12414080
256   13869032
256   13379228
256   13283564
256   13425144
256   13759328
256   12499792
256   13390556
256   14307428
256   14505780
256   12642524
256   14471468
256   14173336
256   13721008
256   14154368
256   13345328
256   13486848
256   12809028
256   13102160
256   13111180
256   12410312
256   13976440
256   13512040
256   13430264
256   12093616
256   14639224
256   12842416
256   13913344
256   14454432
256   13679364
256   12509912
256   12782488
256   13986184
256   12850764
256   13644916
256   12602148
256   12168284
256   12456936
256   12804492
256   13696508
256   13210984
256   12067228
256   12585084
256   12827236
256   14108868
256   14025016
256   14665828
256   13235068
256   13408616
256   13531820
256   12658328
256   13138232
256   12819808
256   13008556
256   11824476
256   13447192
256   14004764
256   13835968
256   13908728
256   14238988
256   13698156
256   14534488
256   12814988
256   14341068
256   14212500
256   14331428
256   13583564
256   13015972
256   13371436
256   12136860
256   12961948
256   13624616
256   13054880
256   12113528
256   12554688
256   12338632
256   12691988
256   12830012
256   14405196
256   13164496
256   12970656
256   12464280
256   13545840
256   12940088
256   11742596
256   11751488
256   12521584
256   13040880
256   12441860
256   12848972
256   13135740
256   13029944
256   13238700
256   12564624
256   14155940
256   13841848
256   12548928
256   13428896
256   12854572
256   14308080
256   12571568
256   13245368
256   12250744
256   13538876
256   12280040
256   13473660
256   13734148
256   12560900
256   13062820
256   12509772
256   13032620
256   14416520
256   13800396
256   14599024
256   13123928
256   13683444
256   14053116
256   13853064
256   12420564
256   14094252
256   12985264
256   12719520
256   12686900
256   13085536
256   12453244
256   12841932
256   12846192
256   13473924
256   14019752
256   14511008
256   14222016
256   12986788
256   12503808
256   14224560
256   12505920
256   12651604
256   13163120
256   12809332
256   12826268
256   12762388
256   12500376
256   14535584
256   12055808
256   13224008
256   14147416
256   13733940
256   12889096
256   14200700
256   12110476
256   14639568
256   14726056
256   14269224
256   12891968
256   12847484
256   12710216
256   13435292
256   12874784
256   12966272
256   13986544
256   11613872
256   12748748
256   14096648
256   13260540
256   14128308
256   13223372
256   13691640
256   12520404
256   12804076
256   14297016
256   12879092
256   12755028
256   13413844
256   13121940
256   13033460
256   12940536
256   12434704
256   11491332
256   12801616
256   13164436
256   12959312
256   13070884
256   12001864
256   14300248
256   14124336
256   14006592
256   14863056
256   13471120
256   13073688
256   12706116
256   12780024
256   12711036
256   12703580
256   12261864
256   11786180
256   12506724
256   12289892
256   13688124
256   14189196
256   13145340
256   13236956
256   14035412
256   13649348
256   13722612
256   13199284
256   13144360
256   12397816
256   12393712
256   12650264
256   13489244
256   14019232
256   14066800
256   13276528
256   12945364
256   13037608
256   12855584
256   14468396
256   13505656
256   12950856
256   14492800
256   13433124
256   13944688
256   13506276
256   13538912
256   12719428
256   12967212
256   13577524
256   11166228
256   12550772
256   11873052
256   13835372
256   14398768
256   12666272
256   13593808
256   14280772
256   14587796
256   13100368
256   12677080
256   13347016
256   12908056
256   11844780
256   11752548
256   13633096
256   13173204
256   13016676
256   12448704
256   12747488
256   13593400
256   14993696
256   13966336
256   13086852
256   12302636
256   14040916
256   12910180
256   13836400
256   14539920
256   13229520
256   12320240
256   12570016
256   16251012
256   13792848
256   12863636
256   12669100
256   13871404
256   12307380
256   13874068
256   13058044
256   13420116
256   12988212
256   14150724
256   14618476
256   14518624
256   12868592
256   13683116
256   12735300
256   12921888
256   14328752
256   11758708
256   12858532
256   13450804
256   13746008
256   13411124
256   12739912
256   12416140
256   13884176
256   13623152
256   12188040
256   14626300
256   12610908
256   12956048
256   13450328
256   13194004
256   12165164
256   13819580
256   13176332
256   12901092
256   12607960
256   12636464
256   12340848
256   12748364
256   13427172
256   13946944
256   12826932
256   13022968
256   12776200
256   14361384
256   14134396
256   13302148
256   12726204
256   13443816
256   12478440
256   10826084
256   12644080
256   13061592
256   12624136
256   13169120
256   14023552
256   14652088
256   12911024
256   13106864
256   13533476
256   13011616
256   12766780
256   13216348
256   12327132
256   13933144
256   12785256
256   13256592
256   13506120
256   13615472
256   13211240
256   12872384
256   13995496
256   12937656
256   13188112
256   12113760
256   12260416
256   13880360
256   14059212
256   14284156
256   13923848
256   14483644
256   13877732
256   12694256
256   13290984
256   13472880
256   13208868
256   12124376
256   13818288
256   13184144
256   13082832
256   12443436
256   12890472
256   14516136
256   13887972
256   12638812
256   12565664
256   13982764
256   12793216
256   12932328
256   13522524
256   12516088
256   13478684
256   13880768
256   13879576
256   14501060
256   12425812
256   12563944
256   13200436
256   12127244
256   14880040
256   14036552
256   12576444
256   14075988
256   13726952
256   13890400
256   12646340
256   12425548
256   12619112
256   12723528
256   11913724
256   12555256
256   12825808
256   12430584
256   13298684
256   13088824
256   14566308
256   14154524
256   13531164
256   13512164
256   14120772
256   13917912
256   12750424
256   13072092
256   13187288
256   13384328
256   12515980
256   12898540
256   14074472
256   14067532
256   12248024
256   13470776
256   13080660
256   13768356
256   14159756
256   13609340
256   14392588
256   13313144
256   14264588
256   14223808
256   13899904
256   12316700
256   12940020
256   12623192
256   12532264
256   13752804
256   12253724
256   13654004
256   12648404
256   13736212
256   13810648
256   13694788
256   13345668
256   14146704
256   14603140
256   14394156
256   13471984
256   12246340
256   12358924
256   12462972
256   12980300
256   13009756
256   13178372
256   13719632
256   12230292
256   12909288
256   12675584
256   12689396
256   13054476
256   12680664
256   13406224
256   12361096
256   14655664
256   13926144
256   12829956
256   12842352
256   13759184
256   14049460
256   12576204
256   13364152
256   12958504
256   12422528
256   12692576
256   12222176
256   12709992
256   13941204
256   13540616
256   14430440
256   12699628
256   12300280
256   14139900
256   13921692
256   12772188
256   11930660
256   11700232
256   10759196
256   12170852
256   12873652
256   12877632
256   13694392
256   13773104
256   13274124
256   12455412
256   14182428
256   12906052
256   12082268
256   12561292
256   14019928
256   12982468
256   13260068
256   12370128
256   12538016
256   13021548
256   12018040
256   13156312
256   12679804
256   12342752
256   12828004
256   12655016
256   14114696
256   14237836
256   12622784
256   13523940
256   12964380
256   13348244
256   12858760
256   13229328
256   11771020
256   12636800
256   13218028
256   14430524
256   13139036
256   13326544
256   12551408
256   13809912
256   13804408
256   13236748
256   13512648
256   12189800
256   12329500
256   14085812
256   13134368
256   14642340
256   10964108
256   13520832
256   14235152
256   13224592
256   12357644
256   13203880
256   12994896
256   12576012
256   12925592
256   13125752
256   14603124
256   13535280
256   13595628
256   13168320
256   14033236
256   14036852
256   13056692
256   13126084
256   12217440
256   12519988
256   11431864
256   12878676
256   13563532
256   12401404
256   13044084
256   13251624
256   13824096
256   13255532
256   12777852
256   13932048
256   13850932
256   13889544
256   13259500
256   12342292
256   14232452
256   12299652
256   12866148
256   13382760
256   13684976
256   12513204
256   13493804
256   13380432
256   12325252
256   12987828
256   12358808
256   12220448
256   14290152
256   14596432
256   13564788
256   12783528
256   14579896
256   14501236
256   13118164
256   13384360
256   12614036
256   12509416
256   11980704
256   12555896
256   12243400
256   13079508
256   13379328
256   12682408
256   13892416
256   12720776
256   14028680
256   13889236
256   13927420
256   13966688
256   13658176
256   12565020
256   13114052
256   13742424
256   12787640
256   13710996
256   12793652
256   13471888
256   12411704
256   13105964
256   14473316
256   12874072
256   12483168
256   13529648
256   14116928
256   13814096
256   13308884
256   14570736
256   12906696
256   13471984
256   13220596
256   12890480
256   12825720
256   11646268
256   12743384
256   12745056
256   12701088
256   13218500
256   14201888
256   13703144
256   13577236
256   13103708
256   14057160
256   13983976
256   14222512
256   11132076
256   12020176
256   12886648
256   13196720
256   12498768
256   14045756
256   13011032
256   13534960
256   12641104
256   12628716
256   12847152
256   13228044
256   12690296
256   14114104
256   12783192
256   14448476
256   14190252
256   12311272
256   13329268
256   12341080
256   12289768
256   12854072
256   13161628
256   12924328
256   13325484
256   12264652
256   13358160
256   12288688
256   14123564
256   13952128
256   14602196
256   13181272
256   14253376
256   14239248
256   13277172
256   12549948
256   12261520
256   12973048
256   12218928
256   13468224
256   12895004
256   13266480
256   12773384
256   13602328
256   13624388
256   13321120
256   14694460
256   12462648
256   14036384
256   13762340
256   14352728
256   13593828
256   12856844
256   13774340
256   12845064
256   12734548
256   13185272
256   13418304
256   12936640
256   12661788
256   13886580
256   12418632
256   12891272
256   14632584
256   13343688
256   14218576
256   13985568
256   14874476
256   12920576
256   12983492
256   12539292
256   12377328
256   12258440
256   12720404
256   13355156
256   13293192
256   13019360
256   12675660
256   13726040
256   12829360
256   12654432
256   13511508
256   14692452
256   13294968
256   12734692
256   13186360
256   12851172
256   12979016
256   12908424
256   13852476
256   13084656
256   14485304
256   12668372
256   11880264
256   13271452
256   12423644
256   14394008
256   12308384
256   12836564
256   13396888
256   14071536
256   12023628
256   12369552
256   12842888
256   12314764
256   11282036
256   12880744
256   12769324
256   12149572
256   13822664
256   13147520
256   13131880
256   13318348
256   13691348
256   13966752
256   13956636
256   13655880
256   13275076
256   13688000
256   12683672
256   12561368
256   13322160
256   13480472
256   13564996
256   12607416
256   14227820
256   13084416
256   14085152
256   11832944
256   13630468
256   13724500
256   12648148
256   13177404
256   14488480
256   12932124
256   14344780
256   12902416
256   12753864
256   13806956
256   12477716
256   10319596
256   12746476
256   12959920
256   12966524
256   13536656
256   14043812
256   14135664
256   13606408
256   13589656
256   14622688
256   14032780
256   13068740
256   12409552
256   12152700
256   12762380
256   12352028
256   13506804
256   12818576
256   13948284
256   12591628
256   12545668
256   14013784
256   12732964
256   13326104
256   13131776
256   14175120
256   13254432
256   12224268
256   12624404
256   14758128
256   14069964
256   12856928
256   13073088
256   13566760
256   12383636
256   12582200
256   12378076
256   13267092
256   12267832
256   13237920
256   12845496
256   12875740
256   14530680
256   14023712
256   14759508
256   14161136
256   13394236
256   12591020
256   12362896
256   14928948
256   12114124
256   13064532
256   12621080
256   13622548
256   12730052
256   12964316
256   12978048
256   12945136
256   14569928
256   14380100
256   13147880
256   12045148
256   13771624
256   13168208
256   13930128
256   12295880
256   13616364
256   11969944
256   13701520
256   11709800
256   11883268
256   12110720
256   13506444
256   14134268
256   12425176
256   14288112
256   14462948
256   12883356
256   13795000
256   12413064
256   14591724
256   13438288
256   12127220
256   12733252
256   12843308
256   13823956
256   13505972
256   12484776
256   13057676
256   13268388
256   12148780
256   14623128
256   14724660
256   13200932
256   13243332
256   12269540
256   14046888
256   14266384
256   13515632
256   13076952
256   12506760
256   12769264
256   12721508
256   13551476
256   12747128
256   13697136
256   12357700
256   12875744
256   13378968
256   14267968
256   12595540
256   13374716
256   12850508
256   13434924
256   13082856
256   12875036
256   13790700
256   12794172
256   12897024
256   12484388
256   13185764
256   12549912
256   13320972
256   14336352
256   12157164
256   12792832
256   13709296
256   14436440
256   13065772
256   13231736
256   13264496
256   14125264
256   12844624
256   13102968
256   12179180
256   14234920
256   12813296
256   13068808
256   12778176
256   13425256
256   13183752
256   12478716
256   14030500
256   13565240
256   14326564
256   14498480
256   13993164
256   14607948
256   13695672
256   13039492
256   13988512
256   13034704
256   12361716
256   13041560
256   12160676
256   12614232
256   12657152
256   12573392
256   14186212
256   13958576
256   13288572
256   12956248
256   14019892
256   13244144
256   14897856
256   13318724
256   14311344
256   13121840
256   14008644
256   12307476
256   13778780
256   14062020
256   13145636
256   12781480
256   13359688
256   12389212
256   12517720
256   12676912
256   12632532
256   13145100
256   13525716
256   12935888
256   13926704
256   13717608
256   14052488
256   12651404
256   12376116
256   13041044
256   12786232
256   14020096
256   12414536
256   12501284
256   12957304
256   12735872
256   13385260
256   13672372
256   14593096
256   12749648
256   14480668
256   13317624
256   12063280
256   13408996
256   11412924
256   12560436
256   13491020
256   14172980
256   12808128
256   12562264
256   13241200
256   11883020
256   13134028
256   12999800
256   14106920
256   12870528
256   13614484
256   14177376
256   14592724
256   14118032
256   13486468
256   13388000
256   13485308
256   13721796
256   12235844
256   12457748
256   13591308
256   12577996
256   13573516
256   12943728
256   14305748
256   13724588
256   14146060
256   13175776
256   13535656
256   13226368
256   13588008
256   12591268
256   12459820
256   11519620
256   12048436
256   14012368
256   12773152
256   13105824
256   12152416
256   13237528
256   12591816
256   14260192
256   11897328
256   12691360
256   12822816
256   12817300
256   11946448
256   14377600
256   13741244
256   13543584
256   13351952
256   13068456
256   14347732
256   12001756
256   13005464
256   12490392
256   12737660
256   12253144
256   13371440
256   14205600
256   14466136
256   13616984
256   13038416
256   12690716
256   14693464
256   14069220
256   12485920
256   12935944
256   12639788
256   12445380
256   12751368
256   12478184
256   13889276
256   13498844
256   13113760
256   12734896
256   13086268
256   13496176
256   12982076
256   14835092
256   13507740
256   12601236
256   13264512
256   13415924
256   12688404
256   13086716
256   13058552
256   13157288
256   12024704
256   13111124
256   12300060
256   13308056
256   12876160
256   13848056
256   11877320
256   13154760
256   13780720
256   14178072
256   12689712
256   12622556
256   12992996
256   12558812
256   12827792
256   12264104
256   11128532
256   14296644
256   13000856
256   12561588
256   14370752
256   12705300
256   14149228
256   13544492
256   12694460
256   12344340
256   13782500
256   12803388
256   12785376
256   12511508
256   13329416
256   13371152
256   13202032
256   12374680
256   13205420
256   12870568
256   12804220
256   12925612
256   13021080
256   12958700
256   14103656
256   13087924
256   12922276
256   13877732
256   12422460
256   14379876
256   13689392
256   12651660
256   12370208
256   12063108
256   13238236
256   12969280
256   13105376
256   11763724
256   12885228
256   13053464
256   12740052
256   14467256
256   13501060
256   14578672
256   13005484
256   14714496
256   12927812
256   13302436
256   11369356
256   12426828
256   13996960
256   13103048
256   12691712
256   12532572
256   13072356
256   12490788
256   13002524
256   13969236
256   14309560
256   12318716
256   12411644
256   12961100
256   14308896
256   14134684
256   14092928
256   13243160
256   13797876
256   11830952
256   12382644
256   12522904
256   12800344
256   12697464
256   12128244
256   13075196
256   13705620
256   14572576
256   12098140
256   14326988
256   13543140
256   12990748
256   12625400
256   12402804
256   14087312
256   12664752
256   12954392
256   12736312
256   13041532
256   12578684
256   13833180
256   13525568
256   13887840
256   12832624
256   13926176
256   13476264
256   14487012
256   12444896
256   12596268
256   13623692
256   13530260
256   14051012
256   12192936
256   12459016
256   14023128
256   11707564
256   12807552
256   12636052
256   12786784
256   12825712
256   13967860
256   12251480
256   13944120
256   14619040
256   14290664
256   12951988
256   14452360
256   12436968
256   13517024
256   13166848
256   10793304
256   12858860
256   12986748
256   13187708
256   13304640
256   13486336
256   13711924
256   12462000
256   14022548
256   12271364
256   12867644
256   12526800
256   14181072
256   14185436
256   12824976
256   13676672
256   12032376
256   13923188
256   12333896
256   12545688
256   12600592
256   12730744
256   13890068
256   11081892
256   12851732
256   14213360
256   12729252
256   13857596
256   12847612
256   13904620
256   12683076
256   14839848
256   12627312
256   12394168
256   12640608
256   12195492
256   12641412
256   13103856
256   13886448
256   13125576
256   13712992
256   13185508
256   13722912
256   13445176
256   12692692
256   14227584
256   14715048
256   12230176
256   14035256
256   13029596
256   13148852
256   14068984
256   13526212
256   12573824
256   13565080
256   12281096
256   13081588
256   13869476
256   12016008
256   12179220
256   13060300
256   13994548
256   13727032
256   13839056
256   13445188
256   14308284
256   13146380
256   12352152
256   12728624
256   11856808
256   13008564
256   13357672
256   12260000
256   13662008
256   12925868
256   14103516
256   12528844
256   13828188
256   14029800
256   13157828
256   13140988
256   13191548
256   12444736
256   13050712
256   14230212
256   14124864
256   14133820
256   13855576
256   13673600
256   12527484
256   13276244
256   13061728
256   12854348
256   14342140
256   13016076
256   14201996
256   14205168
256   13013432
256   14385112
256   13150196
256   13527800
256   14402640
256   11000888
256   13364120
256   13888860
256   12664424
256   11472044
256   14074716
256   12321492
256   12839288
256   13189220
256   14145216
256   13632488
256   13920840
256   14067712
256   13555912
256   13759920
256   13306608
256   12901688
256   12829508
256   12348396
256   12748320
256   11972828
256   14250344
256   13232084
256   12510220
256   12893316
256   13588864
256   14282668
256   12094188
256   14948352
256   14126560
256   13523372
256   14406908
256   14444428
256   11882348
256   13416972
256   13512432
256   12757220
256   14091772
256   11934348
256   11486956
256   14009740
256   13614192
256   13084904
256   13403176
256   13148488
256   14759448
256   12305588
256   13880632
256   14430152
256   14124908
256   12751336
256   12504624
256   12962420
256   12769416
256   14104632
256   12801240
256   12512088
256   13481856
256   12785944
256   14615252
256   12603080
256   12027448
256   14231632
256   13253372
256   14050204
256   13285452
256   13096832
256   12432316
256   12890264
256   12422892
256   11370892
256   13688624
256   12766780
256   11941964
256   14161668
256   13820660
256   14182776
256   13241596
256   13554324
256   13673220
256   13379348
256   12665468
256   13306316
256   12800156
256   12810700
256   12228896
256   13995636
256   12674920
256   14006096
256   12298956
256   13236160
256   12546264
256   12635544
256   14400848
256   13812092
256   13425528
256   13594964
256   13947612
256   13906000
256   14120988
256   13954716
256   13127656
256   13436212
256   13286564
256   12713648
256   14285400
256   13072456
256   13313596
256   12612672
256   13211408
256   13495228
256   14177996
256   14488996
256   13921952
256   12869752
256   14300720
256   13274036
256   12950936
256   13044556
256   14340452
256   12967652
256   11516428
256   12168704
256   12633244
256   13726180
256   13957648
256   13697952
256   12213632
256   12467336
256   12683988
256   13377876
256   12804876
256   12937772
256   14090192
256   14566708
256   12779796
256   12470692
256   12684052
256   12909112
256   12826676
256   12731104
256   12641312
256   13028344
256   12565064
256   14512472
256   13498604
256   13911288
256   13910344
256   13538772
256   13719832
256   14620384
256   12126052
256   13311900
256   12639200
256   13156944
256   12628952
256   12624572
256   13137612
256   13855392
256   12247120
256   13615532
256   14266888
256   13032860
256   12844300
256   12604812
256   14385656
256   13407572
256   12526072
256   14093832
256   14324572
256   12954100
256   12816840
256   12909120
256   13012976
256   13073416
256   13211568
256   12372140
256   12222200
256   12223024
256   14174432
256   12940076
256   14188216
256   12667576
256   14513932
256   14421092
256   12362568
256   12578480
256   12509976
256   12963020
256   12433940
256   12255748
256   13588916
256   14571576
256   13085720
256   13831976
256   12851228
256   13388320
256   12059960
256   12502748
256   14693116
256   14469652
256   14510256
256   13347744
256   13772800
256   13443424
256   13073032
256   12876728
256   12782016
256   12646800
256   12180952
256   12908256
256   12846056
256   11914696
256   13243748
256   13981220
256   13781396
256   14237816
256   14378232
256   14904428
256   15046260
256   13845076
256   13341964
256   12182048
256   13293936
256   13628896
256   12541792
256   13705780
256   13460244
256   13795100
256   12860716
256   14316980
256   14392484
256   12479836
256   14235060
256   14033208
256   12605448
256   12567208
256   12703604
256   12581384
256   13636132
256   13011400
256   13604416
256   12890548
256   13079028
256   12655348
256   12482224
256   13985492
256   13278140
256   12303184
256   13105736
256   14777352
256   14133988
256   13981104
256   14760120
256   12767336
256   13572504
256   12719480
256   11883560
256   12643584
256   12264316
256   12521348
256   13885060
256   12738936
256   12861812
256   12638752
256   13690664
256   13608892
256   13512464
256   13457648
256   12522464
256   13633988
256   12774388
256   12987364
256   13009408
256   13252764
256   12502720
256   12509508
256   12675324
256   12599748
256   13589832
256   12075260
256   13165848
256   12263552
256   12888684
256   12946304
256   14176712
256   15995184
256   14327140
256   14055684
256   12646220
256   12506024
256   12041256
256   12970844
256   10675468
256   12223356
256   13034928
256   13486612
256   13212216
256   14398152
256   13770592
256   14041924
256   13735564
256   12864272
256   14408216
256   14495036
256   14387988
256   12734364
256   12891492
256   12364524
256   12132404
256   12808532
256   13741408
256   13176272
256   12690976
256   12654692
256   13024344
256   13188420
256   13550520
256   11948716
256   13773692
256   13732780
256   13641000
256   13843124
256   13517032
256   13652372
256   14089092
256   12576808
256   12862712
256   12805424
256   12004112
256   12474568
256   14128136
256   13999452
256   12547264
256   13952652
256   13738292
256   14382004
256   13698300
256   12071464
256   14247384
256   12880388
256   12684932
256   12102312
256   12626764
256   12286328
256   14301572
256   13465480
256   14272080
256   12141900
256   14346424
256   13715836
256   14441724
256   12791352
256   13843152
256   13729356
256   13393412
256   14033324
256   13258332
256   12932504
256   12625024
256   13542144
256   12237692
256   12440652
256   12024704
256   12966844
256   13028248
256   13114332
256   13929432
256   13920196
256   13607780
256   14229868
256   14199244
256   13612660
256   12688672
256   12016924
256   11765588
256   11508168
256   12199008
256   13064464
256   12325704
256   14693264
256   14004792
256   14209964
256   12370104
256   13346352
256   13620412
256   14306632
256   12624200
256   13511064
256   13803408
256   12683176
256   13599044
256   13205644
256   13787848
256   13523140
256   13305432
256   12520052
256   13390968
256   13050136
256   13677472
256   12398332
256   12922636
256   12700500
256   14406656
256   13005820
256   14295820
256   14756272
256   13447296
256   14185328
256   13304984
256   13933800
256   12760352
256   11993020
256   14118256
256   13355332
256   13325172
256   14229040
256   13378764
256   13852668
256   13962232
256   14180248
256   13911828
256   12683248
256   12345892
256   13492792
256   12609880
256   12402632
256   13192584
256   12457236
256   15743024
256   16212388
256   16426680
256   16617484
256   16484100
256   16208260
256   16300976

